# ivector-extractor-sum-accs --parallel=true "ivector-extractor-acc-stats --num-threads=4 telugu_exp/nnet3_cleaned_1d/extractor/7.ie 'ark,s,cs:apply-cmvn-online --config=telugu_exp/nnet3_cleaned_1d/extractor/online_cmvn.conf --spk2utt=ark:telugu_data/train_cleaned_sp_hires/split30/13/spk2utt telugu_exp/nnet3_cleaned_1d/extractor/global_cmvn.stats scp:telugu_data/train_cleaned_sp_hires/split30/13/feats.scp ark:- | splice-feats --left-context=3 --right-context=3 ark:- ark:- | transform-feats telugu_exp/nnet3_cleaned_1d/extractor/final.mat ark:- ark:- | subsample-feats --n=2 ark:- ark:- |' 'ark,s,cs:gunzip -c telugu_exp/nnet3_cleaned_1d/extractor/post.13.gz|' -|" "ivector-extractor-acc-stats --num-threads=4 telugu_exp/nnet3_cleaned_1d/extractor/7.ie 'ark,s,cs:apply-cmvn-online --config=telugu_exp/nnet3_cleaned_1d/extractor/online_cmvn.conf --spk2utt=ark:telugu_data/train_cleaned_sp_hires/split30/14/spk2utt telugu_exp/nnet3_cleaned_1d/extractor/global_cmvn.stats scp:telugu_data/train_cleaned_sp_hires/split30/14/feats.scp ark:- | splice-feats --left-context=3 --right-context=3 ark:- ark:- | transform-feats telugu_exp/nnet3_cleaned_1d/extractor/final.mat ark:- ark:- | subsample-feats --n=2 ark:- ark:- |' 'ark,s,cs:gunzip -c telugu_exp/nnet3_cleaned_1d/extractor/post.14.gz|' -|" telugu_exp/nnet3_cleaned_1d/extractor/acc.7.7 
# Started at Tue Jun 14 22:15:27 UTC 2022
#
ivector-extractor-sum-accs --parallel=true "ivector-extractor-acc-stats --num-threads=4 telugu_exp/nnet3_cleaned_1d/extractor/7.ie 'ark,s,cs:apply-cmvn-online --config=telugu_exp/nnet3_cleaned_1d/extractor/online_cmvn.conf --spk2utt=ark:telugu_data/train_cleaned_sp_hires/split30/13/spk2utt telugu_exp/nnet3_cleaned_1d/extractor/global_cmvn.stats scp:telugu_data/train_cleaned_sp_hires/split30/13/feats.scp ark:- | splice-feats --left-context=3 --right-context=3 ark:- ark:- | transform-feats telugu_exp/nnet3_cleaned_1d/extractor/final.mat ark:- ark:- | subsample-feats --n=2 ark:- ark:- |' 'ark,s,cs:gunzip -c telugu_exp/nnet3_cleaned_1d/extractor/post.13.gz|' -|" "ivector-extractor-acc-stats --num-threads=4 telugu_exp/nnet3_cleaned_1d/extractor/7.ie 'ark,s,cs:apply-cmvn-online --config=telugu_exp/nnet3_cleaned_1d/extractor/online_cmvn.conf --spk2utt=ark:telugu_data/train_cleaned_sp_hires/split30/14/spk2utt telugu_exp/nnet3_cleaned_1d/extractor/global_cmvn.stats scp:telugu_data/train_cleaned_sp_hires/split30/14/feats.scp ark:- | splice-feats --left-context=3 --right-context=3 ark:- ark:- | transform-feats telugu_exp/nnet3_cleaned_1d/extractor/final.mat ark:- ark:- | subsample-feats --n=2 ark:- ark:- |' 'ark,s,cs:gunzip -c telugu_exp/nnet3_cleaned_1d/extractor/post.14.gz|' -|" telugu_exp/nnet3_cleaned_1d/extractor/acc.7.7 
ivector-extractor-acc-stats --num-threads=4 telugu_exp/nnet3_cleaned_1d/extractor/7.ie 'ark,s,cs:apply-cmvn-online --config=telugu_exp/nnet3_cleaned_1d/extractor/online_cmvn.conf --spk2utt=ark:telugu_data/train_cleaned_sp_hires/split30/14/spk2utt telugu_exp/nnet3_cleaned_1d/extractor/global_cmvn.stats scp:telugu_data/train_cleaned_sp_hires/split30/14/feats.scp ark:- | splice-feats --left-context=3 --right-context=3 ark:- ark:- | transform-feats telugu_exp/nnet3_cleaned_1d/extractor/final.mat ark:- ark:- | subsample-feats --n=2 ark:- ark:- |' 'ark,s,cs:gunzip -c telugu_exp/nnet3_cleaned_1d/extractor/post.14.gz|' - 
ivector-extractor-acc-stats --num-threads=4 telugu_exp/nnet3_cleaned_1d/extractor/7.ie 'ark,s,cs:apply-cmvn-online --config=telugu_exp/nnet3_cleaned_1d/extractor/online_cmvn.conf --spk2utt=ark:telugu_data/train_cleaned_sp_hires/split30/13/spk2utt telugu_exp/nnet3_cleaned_1d/extractor/global_cmvn.stats scp:telugu_data/train_cleaned_sp_hires/split30/13/feats.scp ark:- | splice-feats --left-context=3 --right-context=3 ark:- ark:- | transform-feats telugu_exp/nnet3_cleaned_1d/extractor/final.mat ark:- ark:- | subsample-feats --n=2 ark:- ark:- |' 'ark,s,cs:gunzip -c telugu_exp/nnet3_cleaned_1d/extractor/post.13.gz|' - 
transform-feats telugu_exp/nnet3_cleaned_1d/extractor/final.mat ark:- ark:- 
subsample-feats --n=2 ark:- ark:- 
apply-cmvn-online --config=telugu_exp/nnet3_cleaned_1d/extractor/online_cmvn.conf --spk2utt=ark:telugu_data/train_cleaned_sp_hires/split30/14/spk2utt telugu_exp/nnet3_cleaned_1d/extractor/global_cmvn.stats scp:telugu_data/train_cleaned_sp_hires/split30/14/feats.scp ark:- 
splice-feats --left-context=3 --right-context=3 ark:- ark:- 
apply-cmvn-online --config=telugu_exp/nnet3_cleaned_1d/extractor/online_cmvn.conf --spk2utt=ark:telugu_data/train_cleaned_sp_hires/split30/13/spk2utt telugu_exp/nnet3_cleaned_1d/extractor/global_cmvn.stats scp:telugu_data/train_cleaned_sp_hires/split30/13/feats.scp ark:- 
transform-feats telugu_exp/nnet3_cleaned_1d/extractor/final.mat ark:- ark:- 
subsample-feats --n=2 ark:- ark:- 
splice-feats --left-context=3 --right-context=3 ark:- ark:- 
LOG (ivector-extractor-acc-stats[5.5.1009~1-e4940]:ComputeDerivedVars():ivector-extractor.cc:183) Computing derived variables for iVector extractor
LOG (ivector-extractor-acc-stats[5.5.1009~1-e4940]:ComputeDerivedVars():ivector-extractor.cc:183) Computing derived variables for iVector extractor
LOG (ivector-extractor-acc-stats[5.5.1009~1-e4940]:ComputeDerivedVars():ivector-extractor.cc:204) Done.
LOG (ivector-extractor-acc-stats[5.5.1009~1-e4940]:ComputeDerivedVars():ivector-extractor.cc:204) Done.
LOG (apply-cmvn-online[5.5.1009~1-e4940]:main():apply-cmvn-online.cc:133) Applied online CMVN to 4332 files, or 779922 frames.
LOG (transform-feats[5.5.1009~1-e4940]:main():transform-feats.cc:158) Overall average [pseudo-]logdet is -127.761 over 779922 frames.
LOG (transform-feats[5.5.1009~1-e4940]:main():transform-feats.cc:161) Applied transform to 4332 utterances; 0 had errors.
LOG (subsample-feats[5.5.1009~1-e4940]:main():subsample-feats.cc:115) Processed 4332 feature matrices; 0 with errors.
LOG (subsample-feats[5.5.1009~1-e4940]:main():subsample-feats.cc:117) Processed 779922 input frames and 390983 output frames.
LOG (ivector-extractor-acc-stats[5.5.1009~1-e4940]:main():ivector-extractor-acc-stats.cc:151) Done 4332 files, 0 with errors.  Total frames 390983
LOG (apply-cmvn-online[5.5.1009~1-e4940]:main():apply-cmvn-online.cc:133) Applied online CMVN to 4331 files, or 1985574 frames.
LOG (transform-feats[5.5.1009~1-e4940]:main():transform-feats.cc:158) Overall average [pseudo-]logdet is -127.761 over 1.98557e+06 frames.
LOG (transform-feats[5.5.1009~1-e4940]:main():transform-feats.cc:161) Applied transform to 4331 utterances; 0 had errors.
LOG (subsample-feats[5.5.1009~1-e4940]:main():subsample-feats.cc:115) Processed 4331 feature matrices; 0 with errors.
LOG (subsample-feats[5.5.1009~1-e4940]:main():subsample-feats.cc:117) Processed 1985574 input frames and 993770 output frames.
LOG (ivector-extractor-acc-stats[5.5.1009~1-e4940]:main():ivector-extractor-acc-stats.cc:151) Done 4331 files, 0 with errors.  Total frames 993770
LOG (ivector-extractor-acc-stats[5.5.1009~1-e4940]:main():ivector-extractor-acc-stats.cc:159) Wrote stats to -
LOG (ivector-extractor-acc-stats[5.5.1009~1-e4940]:main():ivector-extractor-acc-stats.cc:159) Wrote stats to -
LOG (ivector-extractor-sum-accs[5.5.1009~1-e4940]:main():ivector-extractor-sum-accs.cc:83) Wrote summed stats to telugu_exp/nnet3_cleaned_1d/extractor/acc.7.7
# Accounting: time=431 threads=1
# Ended (code 0) at Tue Jun 14 22:22:39 UTC 2022, elapsed time 431 seconds
