# gmm-acc-stats-ali telugu_exp/tri1/10.mdl "ark,s,cs:apply-cmvn  --utt2spk=ark:telugu_data/train/split8/5/utt2spk scp:telugu_data/train/split8/5/cmvn.scp scp:telugu_data/train/split8/5/feats.scp ark:- | add-deltas  ark:- ark:- |" "ark,s,cs:gunzip -c telugu_exp/tri1/ali.5.gz|" telugu_exp/tri1/10.5.acc 
# Started at Mon Jun 13 18:24:16 UTC 2022
#
gmm-acc-stats-ali telugu_exp/tri1/10.mdl 'ark,s,cs:apply-cmvn  --utt2spk=ark:telugu_data/train/split8/5/utt2spk scp:telugu_data/train/split8/5/cmvn.scp scp:telugu_data/train/split8/5/feats.scp ark:- | add-deltas  ark:- ark:- |' 'ark,s,cs:gunzip -c telugu_exp/tri1/ali.5.gz|' telugu_exp/tri1/10.5.acc 
apply-cmvn --utt2spk=ark:telugu_data/train/split8/5/utt2spk scp:telugu_data/train/split8/5/cmvn.scp scp:telugu_data/train/split8/5/feats.scp ark:- 
add-deltas ark:- ark:- 
LOG (gmm-acc-stats-ali[5.5.1009~1-e4940]:main():gmm-acc-stats-ali.cc:105) Processed 50 utterances; for utterance TE0523-TE0524_2-B.100 avg. like is -100.979 over 249 frames.
LOG (gmm-acc-stats-ali[5.5.1009~1-e4940]:main():gmm-acc-stats-ali.cc:105) Processed 100 utterances; for utterance TE0525-TE0526_1-A.306 avg. like is -98.3964 over 134 frames.
LOG (gmm-acc-stats-ali[5.5.1009~1-e4940]:main():gmm-acc-stats-ali.cc:105) Processed 150 utterances; for utterance TE0525-TE0527_2-A.060 avg. like is -94.5539 over 89 frames.
LOG (gmm-acc-stats-ali[5.5.1009~1-e4940]:main():gmm-acc-stats-ali.cc:105) Processed 200 utterances; for utterance TE0526-TE0528_2-A.111 avg. like is -89.1662 over 74 frames.
LOG (gmm-acc-stats-ali[5.5.1009~1-e4940]:main():gmm-acc-stats-ali.cc:105) Processed 250 utterances; for utterance TE0527-TE0528_2-B.115 avg. like is -88.7127 over 138 frames.
LOG (gmm-acc-stats-ali[5.5.1009~1-e4940]:main():gmm-acc-stats-ali.cc:105) Processed 300 utterances; for utterance TE0530-TE0532_1-A.192 avg. like is -98.6327 over 157 frames.
LOG (gmm-acc-stats-ali[5.5.1009~1-e4940]:main():gmm-acc-stats-ali.cc:105) Processed 350 utterances; for utterance TE0533-TE0534_1-A.055 avg. like is -109.604 over 192 frames.
LOG (gmm-acc-stats-ali[5.5.1009~1-e4940]:main():gmm-acc-stats-ali.cc:105) Processed 400 utterances; for utterance TE0533-TE0535_2-B.016 avg. like is -98.51 over 219 frames.
LOG (gmm-acc-stats-ali[5.5.1009~1-e4940]:main():gmm-acc-stats-ali.cc:105) Processed 450 utterances; for utterance TE0534-TE0536_2-A.151 avg. like is -101.316 over 235 frames.
LOG (gmm-acc-stats-ali[5.5.1009~1-e4940]:main():gmm-acc-stats-ali.cc:105) Processed 500 utterances; for utterance TE0535-TE0536_2-B.066 avg. like is -99.2357 over 81 frames.
LOG (gmm-acc-stats-ali[5.5.1009~1-e4940]:main():gmm-acc-stats-ali.cc:105) Processed 550 utterances; for utterance TE0537-TE0538_2-B.167 avg. like is -96.8264 over 56 frames.
LOG (gmm-acc-stats-ali[5.5.1009~1-e4940]:main():gmm-acc-stats-ali.cc:105) Processed 600 utterances; for utterance TE0537-TE0539_2-B.229 avg. like is -92.5936 over 102 frames.
LOG (gmm-acc-stats-ali[5.5.1009~1-e4940]:main():gmm-acc-stats-ali.cc:105) Processed 650 utterances; for utterance TE0539-TE0540_1-B.106 avg. like is -100.591 over 177 frames.
LOG (gmm-acc-stats-ali[5.5.1009~1-e4940]:main():gmm-acc-stats-ali.cc:105) Processed 700 utterances; for utterance TE0541-TE0542_1-A.107 avg. like is -93.7816 over 123 frames.
LOG (gmm-acc-stats-ali[5.5.1009~1-e4940]:main():gmm-acc-stats-ali.cc:105) Processed 750 utterances; for utterance TE0541-TE0543_1-B.028 avg. like is -93.8822 over 160 frames.
LOG (gmm-acc-stats-ali[5.5.1009~1-e4940]:main():gmm-acc-stats-ali.cc:105) Processed 800 utterances; for utterance TE0542-TE0544_2-A.298 avg. like is -100.063 over 288 frames.
LOG (gmm-acc-stats-ali[5.5.1009~1-e4940]:main():gmm-acc-stats-ali.cc:105) Processed 850 utterances; for utterance TE0543-TE0544_2-B.300 avg. like is -100.882 over 136 frames.
LOG (gmm-acc-stats-ali[5.5.1009~1-e4940]:main():gmm-acc-stats-ali.cc:105) Processed 900 utterances; for utterance TE0545-TE0547_2-A.037 avg. like is -103.172 over 178 frames.
LOG (gmm-acc-stats-ali[5.5.1009~1-e4940]:main():gmm-acc-stats-ali.cc:105) Processed 950 utterances; for utterance TE0545-TE0547_2-A.323 avg. like is -103.885 over 333 frames.
LOG (gmm-acc-stats-ali[5.5.1009~1-e4940]:main():gmm-acc-stats-ali.cc:105) Processed 1000 utterances; for utterance TE0546-TE0548_1-B.163 avg. like is -102.564 over 184 frames.
LOG (gmm-acc-stats-ali[5.5.1009~1-e4940]:main():gmm-acc-stats-ali.cc:105) Processed 1050 utterances; for utterance TE0547-TE0548_1-B.051 avg. like is -101.257 over 343 frames.
LOG (gmm-acc-stats-ali[5.5.1009~1-e4940]:main():gmm-acc-stats-ali.cc:105) Processed 1100 utterances; for utterance TE0547-TE0548_2-A.192 avg. like is -100.457 over 98 frames.
LOG (gmm-acc-stats-ali[5.5.1009~1-e4940]:main():gmm-acc-stats-ali.cc:105) Processed 1150 utterances; for utterance TE0549-TE0550_1-A.215 avg. like is -97.7225 over 285 frames.
LOG (gmm-acc-stats-ali[5.5.1009~1-e4940]:main():gmm-acc-stats-ali.cc:105) Processed 1200 utterances; for utterance TE0549-TE0550_2-A.155 avg. like is -97.3034 over 77 frames.
LOG (gmm-acc-stats-ali[5.5.1009~1-e4940]:main():gmm-acc-stats-ali.cc:105) Processed 1250 utterances; for utterance TE0549-TE0550_2-B.382 avg. like is -99.9964 over 116 frames.
LOG (gmm-acc-stats-ali[5.5.1009~1-e4940]:main():gmm-acc-stats-ali.cc:105) Processed 1300 utterances; for utterance TE0549-TE0551_2-B.053 avg. like is -100.12 over 118 frames.
LOG (gmm-acc-stats-ali[5.5.1009~1-e4940]:main():gmm-acc-stats-ali.cc:105) Processed 1350 utterances; for utterance TE0550-TE0552_1-B.049 avg. like is -107.032 over 261 frames.
LOG (gmm-acc-stats-ali[5.5.1009~1-e4940]:main():gmm-acc-stats-ali.cc:105) Processed 1400 utterances; for utterance TE0550-TE0552_2-A.357 avg. like is -91.4057 over 112 frames.
LOG (gmm-acc-stats-ali[5.5.1009~1-e4940]:main():gmm-acc-stats-ali.cc:105) Processed 1450 utterances; for utterance TE0551-TE0552_1-A.194 avg. like is -100.884 over 451 frames.
LOG (gmm-acc-stats-ali[5.5.1009~1-e4940]:main():gmm-acc-stats-ali.cc:105) Processed 1500 utterances; for utterance TE0551-TE0552_2-B.245 avg. like is -111.351 over 148 frames.
LOG (gmm-acc-stats-ali[5.5.1009~1-e4940]:main():gmm-acc-stats-ali.cc:105) Processed 1550 utterances; for utterance TE0553-TE0555_2-B.048 avg. like is -96.0286 over 78 frames.
LOG (gmm-acc-stats-ali[5.5.1009~1-e4940]:main():gmm-acc-stats-ali.cc:105) Processed 1600 utterances; for utterance TE0554-TE0556_2-B.035 avg. like is -101.017 over 269 frames.
LOG (gmm-acc-stats-ali[5.5.1009~1-e4940]:main():gmm-acc-stats-ali.cc:105) Processed 1650 utterances; for utterance TE0557-TE0558_2-A.201 avg. like is -84.9759 over 98 frames.
LOG (gmm-acc-stats-ali[5.5.1009~1-e4940]:main():gmm-acc-stats-ali.cc:105) Processed 1700 utterances; for utterance TE0557-TE0559_1-B.247 avg. like is -100.948 over 232 frames.
LOG (gmm-acc-stats-ali[5.5.1009~1-e4940]:main():gmm-acc-stats-ali.cc:105) Processed 1750 utterances; for utterance TE0558-TE0560_2-A.224 avg. like is -96.2828 over 179 frames.
LOG (gmm-acc-stats-ali[5.5.1009~1-e4940]:main():gmm-acc-stats-ali.cc:105) Processed 1800 utterances; for utterance TE0559-TE0560_2-A.140 avg. like is -101.091 over 743 frames.
LOG (gmm-acc-stats-ali[5.5.1009~1-e4940]:main():gmm-acc-stats-ali.cc:105) Processed 1850 utterances; for utterance TE0561-TE0563_2-A.055 avg. like is -96.7369 over 174 frames.
LOG (gmm-acc-stats-ali[5.5.1009~1-e4940]:main():gmm-acc-stats-ali.cc:105) Processed 1900 utterances; for utterance TE0562-TE0564_2-B.270 avg. like is -105.479 over 207 frames.
LOG (gmm-acc-stats-ali[5.5.1009~1-e4940]:main():gmm-acc-stats-ali.cc:105) Processed 1950 utterances; for utterance TE0565-TE0566_2-A.141 avg. like is -102.188 over 49 frames.
LOG (gmm-acc-stats-ali[5.5.1009~1-e4940]:main():gmm-acc-stats-ali.cc:105) Processed 2000 utterances; for utterance TE0565-TE0567_2-B.367 avg. like is -95.8043 over 74 frames.
LOG (gmm-acc-stats-ali[5.5.1009~1-e4940]:main():gmm-acc-stats-ali.cc:105) Processed 2050 utterances; for utterance TE0566-TE0568_2-B.358 avg. like is -103.094 over 99 frames.
LOG (gmm-acc-stats-ali[5.5.1009~1-e4940]:main():gmm-acc-stats-ali.cc:105) Processed 2100 utterances; for utterance TE0569-TE0570_1-A.199 avg. like is -102.209 over 78 frames.
LOG (gmm-acc-stats-ali[5.5.1009~1-e4940]:main():gmm-acc-stats-ali.cc:105) Processed 2150 utterances; for utterance TE0569-TE0571_1-A.074 avg. like is -94.5149 over 75 frames.
LOG (gmm-acc-stats-ali[5.5.1009~1-e4940]:main():gmm-acc-stats-ali.cc:105) Processed 2200 utterances; for utterance TE0569-TE0571_2-B.020 avg. like is -95.5236 over 89 frames.
LOG (gmm-acc-stats-ali[5.5.1009~1-e4940]:main():gmm-acc-stats-ali.cc:105) Processed 2250 utterances; for utterance TE0570-TE0572_1-A.163 avg. like is -101.156 over 59 frames.
LOG (gmm-acc-stats-ali[5.5.1009~1-e4940]:main():gmm-acc-stats-ali.cc:105) Processed 2300 utterances; for utterance TE0571-TE0572_1-A.277 avg. like is -99.468 over 188 frames.
LOG (gmm-acc-stats-ali[5.5.1009~1-e4940]:main():gmm-acc-stats-ali.cc:105) Processed 2350 utterances; for utterance TE0571-TE0572_2-B.250 avg. like is -95.328 over 141 frames.
LOG (gmm-acc-stats-ali[5.5.1009~1-e4940]:main():gmm-acc-stats-ali.cc:105) Processed 2400 utterances; for utterance TE0573-TE0574_2-B.111 avg. like is -101.578 over 516 frames.
LOG (gmm-acc-stats-ali[5.5.1009~1-e4940]:main():gmm-acc-stats-ali.cc:105) Processed 2450 utterances; for utterance TE0574-TE0576_1-A.260 avg. like is -99.3358 over 193 frames.
LOG (gmm-acc-stats-ali[5.5.1009~1-e4940]:main():gmm-acc-stats-ali.cc:105) Processed 2500 utterances; for utterance TE0574-TE0576_2-A.331 avg. like is -91.6585 over 86 frames.
LOG (gmm-acc-stats-ali[5.5.1009~1-e4940]:main():gmm-acc-stats-ali.cc:105) Processed 2550 utterances; for utterance TE0574-TE0576_2-B.132 avg. like is -94.5804 over 91 frames.
LOG (gmm-acc-stats-ali[5.5.1009~1-e4940]:main():gmm-acc-stats-ali.cc:105) Processed 2600 utterances; for utterance TE0575-TE0576_2-B.264 avg. like is -102.347 over 184 frames.
LOG (gmm-acc-stats-ali[5.5.1009~1-e4940]:main():gmm-acc-stats-ali.cc:105) Processed 2650 utterances; for utterance TE0577-TE0578_1-B.296 avg. like is -96.4021 over 243 frames.
LOG (gmm-acc-stats-ali[5.5.1009~1-e4940]:main():gmm-acc-stats-ali.cc:105) Processed 2700 utterances; for utterance TE0577-TE0579_1-A.104 avg. like is -95.1696 over 89 frames.
LOG (gmm-acc-stats-ali[5.5.1009~1-e4940]:main():gmm-acc-stats-ali.cc:105) Processed 2750 utterances; for utterance TE0577-TE0579_2-B.048 avg. like is -88.8015 over 99 frames.
LOG (gmm-acc-stats-ali[5.5.1009~1-e4940]:main():gmm-acc-stats-ali.cc:105) Processed 2800 utterances; for utterance TE0578-TE0580_1-A.039 avg. like is -88.6619 over 110 frames.
LOG (gmm-acc-stats-ali[5.5.1009~1-e4940]:main():gmm-acc-stats-ali.cc:105) Processed 2850 utterances; for utterance TE0578-TE0580_2-B.260 avg. like is -102.957 over 224 frames.
LOG (gmm-acc-stats-ali[5.5.1009~1-e4940]:main():gmm-acc-stats-ali.cc:105) Processed 2900 utterances; for utterance TE0579-TE0580_2-B.245 avg. like is -100.067 over 141 frames.
LOG (gmm-acc-stats-ali[5.5.1009~1-e4940]:main():gmm-acc-stats-ali.cc:105) Processed 2950 utterances; for utterance TE0581-TE0582_1-B.101 avg. like is -91.2109 over 73 frames.
LOG (gmm-acc-stats-ali[5.5.1009~1-e4940]:main():gmm-acc-stats-ali.cc:105) Processed 3000 utterances; for utterance TE0581-TE0583_1-A.008 avg. like is -92.2643 over 81 frames.
LOG (gmm-acc-stats-ali[5.5.1009~1-e4940]:main():gmm-acc-stats-ali.cc:105) Processed 3050 utterances; for utterance TE0581-TE0583_2-A.306 avg. like is -104.028 over 46 frames.
LOG (gmm-acc-stats-ali[5.5.1009~1-e4940]:main():gmm-acc-stats-ali.cc:105) Processed 3100 utterances; for utterance TE0582-TE0584_2-B.217 avg. like is -100.188 over 76 frames.
LOG (gmm-acc-stats-ali[5.5.1009~1-e4940]:main():gmm-acc-stats-ali.cc:105) Processed 3150 utterances; for utterance TE0585-TE0586_2-A.052 avg. like is -88.6346 over 78 frames.
LOG (gmm-acc-stats-ali[5.5.1009~1-e4940]:main():gmm-acc-stats-ali.cc:105) Processed 3200 utterances; for utterance TE0585-TE0587_2-A.074 avg. like is -99.2577 over 103 frames.
LOG (gmm-acc-stats-ali[5.5.1009~1-e4940]:main():gmm-acc-stats-ali.cc:105) Processed 3250 utterances; for utterance TE0586-TE0588_1-A.320 avg. like is -96.0195 over 201 frames.
LOG (gmm-acc-stats-ali[5.5.1009~1-e4940]:main():gmm-acc-stats-ali.cc:105) Processed 3300 utterances; for utterance TE0587-TE0588_2-A.250 avg. like is -91.2168 over 119 frames.
LOG (gmm-acc-stats-ali[5.5.1009~1-e4940]:main():gmm-acc-stats-ali.cc:105) Processed 3350 utterances; for utterance TE0589-TE0590_1-B.291 avg. like is -93.0119 over 73 frames.
LOG (gmm-acc-stats-ali[5.5.1009~1-e4940]:main():gmm-acc-stats-ali.cc:105) Processed 3400 utterances; for utterance TE0589-TE0590_2-B.172 avg. like is -92.5711 over 104 frames.
LOG (gmm-acc-stats-ali[5.5.1009~1-e4940]:main():gmm-acc-stats-ali.cc:105) Processed 3450 utterances; for utterance TE0589-TE0591_2-B.012 avg. like is -96.6172 over 139 frames.
LOG (gmm-acc-stats-ali[5.5.1009~1-e4940]:main():gmm-acc-stats-ali.cc:105) Processed 3500 utterances; for utterance TE0590-TE0592_1-A.195 avg. like is -99.2377 over 356 frames.
LOG (gmm-acc-stats-ali[5.5.1009~1-e4940]:main():gmm-acc-stats-ali.cc:105) Processed 3550 utterances; for utterance TE0590-TE0592_2-B.162 avg. like is -97.1382 over 230 frames.
LOG (gmm-acc-stats-ali[5.5.1009~1-e4940]:main():gmm-acc-stats-ali.cc:105) Processed 3600 utterances; for utterance TE0591-TE0592_2-A.289 avg. like is -98.0192 over 233 frames.
LOG (gmm-acc-stats-ali[5.5.1009~1-e4940]:main():gmm-acc-stats-ali.cc:105) Processed 3650 utterances; for utterance TE0593-TE0594_2-A.245 avg. like is -97.4268 over 138 frames.
LOG (gmm-acc-stats-ali[5.5.1009~1-e4940]:main():gmm-acc-stats-ali.cc:105) Processed 3700 utterances; for utterance TE0593-TE0595_1-B.150 avg. like is -97.7559 over 71 frames.
LOG (gmm-acc-stats-ali[5.5.1009~1-e4940]:main():gmm-acc-stats-ali.cc:105) Processed 3750 utterances; for utterance TE0594-TE0596_1-B.116 avg. like is -97.0743 over 108 frames.
LOG (gmm-acc-stats-ali[5.5.1009~1-e4940]:main():gmm-acc-stats-ali.cc:105) Processed 3800 utterances; for utterance TE0595-TE0596_1-B.238 avg. like is -101.121 over 343 frames.
LOG (gmm-acc-stats-ali[5.5.1009~1-e4940]:main():gmm-acc-stats-ali.cc:105) Processed 3850 utterances; for utterance TE0601-TE0602_2-A.091 avg. like is -90.3937 over 71 frames.
LOG (gmm-acc-stats-ali[5.5.1009~1-e4940]:main():gmm-acc-stats-ali.cc:105) Processed 3900 utterances; for utterance TE0601-TE0602_2-B.418 avg. like is -101.719 over 196 frames.
LOG (gmm-acc-stats-ali[5.5.1009~1-e4940]:main():gmm-acc-stats-ali.cc:105) Processed 3950 utterances; for utterance TE0601-TE0603_2-A.184 avg. like is -96.2088 over 254 frames.
LOG (gmm-acc-stats-ali[5.5.1009~1-e4940]:main():gmm-acc-stats-ali.cc:105) Processed 4000 utterances; for utterance TE0603-TE0604_2-A.056 avg. like is -91.1886 over 71 frames.
LOG (gmm-acc-stats-ali[5.5.1009~1-e4940]:main():gmm-acc-stats-ali.cc:105) Processed 4050 utterances; for utterance TE0605-TE0606_1-B.209 avg. like is -91.5954 over 102 frames.
LOG (gmm-acc-stats-ali[5.5.1009~1-e4940]:main():gmm-acc-stats-ali.cc:105) Processed 4100 utterances; for utterance TE0605-TE0606_2-B.202 avg. like is -104.66 over 114 frames.
LOG (gmm-acc-stats-ali[5.5.1009~1-e4940]:main():gmm-acc-stats-ali.cc:105) Processed 4150 utterances; for utterance TE0605-TE0607_1-A.305 avg. like is -97.1747 over 142 frames.
LOG (gmm-acc-stats-ali[5.5.1009~1-e4940]:main():gmm-acc-stats-ali.cc:105) Processed 4200 utterances; for utterance TE0605-TE0607_2-B.035 avg. like is -94.7146 over 73 frames.
LOG (gmm-acc-stats-ali[5.5.1009~1-e4940]:main():gmm-acc-stats-ali.cc:105) Processed 4250 utterances; for utterance TE0606-TE0608_1-B.008 avg. like is -97.9162 over 68 frames.
LOG (gmm-acc-stats-ali[5.5.1009~1-e4940]:main():gmm-acc-stats-ali.cc:105) Processed 4300 utterances; for utterance TE0606-TE0608_2-B.005 avg. like is -101.91 over 117 frames.
LOG (gmm-acc-stats-ali[5.5.1009~1-e4940]:main():gmm-acc-stats-ali.cc:105) Processed 4350 utterances; for utterance TE0607-TE0608_1-B.099 avg. like is -92.6878 over 86 frames.
LOG (gmm-acc-stats-ali[5.5.1009~1-e4940]:main():gmm-acc-stats-ali.cc:105) Processed 4400 utterances; for utterance TE0609-TE0610_1-A.179 avg. like is -97.8749 over 131 frames.
LOG (gmm-acc-stats-ali[5.5.1009~1-e4940]:main():gmm-acc-stats-ali.cc:105) Processed 4450 utterances; for utterance TE0609-TE0610_2-A.109 avg. like is -93.8906 over 46 frames.
LOG (gmm-acc-stats-ali[5.5.1009~1-e4940]:main():gmm-acc-stats-ali.cc:105) Processed 4500 utterances; for utterance TE0609-TE0611_1-A.282 avg. like is -86.0124 over 78 frames.
LOG (gmm-acc-stats-ali[5.5.1009~1-e4940]:main():gmm-acc-stats-ali.cc:105) Processed 4550 utterances; for utterance TE0609-TE0611_2-B.181 avg. like is -105.6 over 476 frames.
WARNING (gmm-acc-stats-ali[5.5.1009~1-e4940]:main():gmm-acc-stats-ali.cc:79) No alignment for utterance TE0609-TE0611_2-B.202
LOG (gmm-acc-stats-ali[5.5.1009~1-e4940]:main():gmm-acc-stats-ali.cc:105) Processed 4600 utterances; for utterance TE0613-TE0615_1-A.062 avg. like is -96.9836 over 71 frames.
LOG (gmm-acc-stats-ali[5.5.1009~1-e4940]:main():gmm-acc-stats-ali.cc:105) Processed 4650 utterances; for utterance TE0613-TE0615_2-B.101 avg. like is -105.131 over 172 frames.
LOG (gmm-acc-stats-ali[5.5.1009~1-e4940]:main():gmm-acc-stats-ali.cc:105) Processed 4700 utterances; for utterance TE0614-TE0616_2-B.067 avg. like is -103.265 over 201 frames.
LOG (gmm-acc-stats-ali[5.5.1009~1-e4940]:main():gmm-acc-stats-ali.cc:105) Processed 4750 utterances; for utterance TE0615-TE0616_1-A.153 avg. like is -102.615 over 579 frames.
LOG (gmm-acc-stats-ali[5.5.1009~1-e4940]:main():gmm-acc-stats-ali.cc:105) Processed 4800 utterances; for utterance TE0615-TE0616_1-B.228 avg. like is -96.7862 over 204 frames.
LOG (gmm-acc-stats-ali[5.5.1009~1-e4940]:main():gmm-acc-stats-ali.cc:105) Processed 4850 utterances; for utterance TE0615-TE0616_2-B.290 avg. like is -90.1279 over 88 frames.
LOG (gmm-acc-stats-ali[5.5.1009~1-e4940]:main():gmm-acc-stats-ali.cc:105) Processed 4900 utterances; for utterance TE0617-TE0618_1-A.478 avg. like is -95.1634 over 82 frames.
LOG (gmm-acc-stats-ali[5.5.1009~1-e4940]:main():gmm-acc-stats-ali.cc:105) Processed 4950 utterances; for utterance TE0617-TE0618_2-B.182 avg. like is -90.5126 over 81 frames.
LOG (gmm-acc-stats-ali[5.5.1009~1-e4940]:main():gmm-acc-stats-ali.cc:105) Processed 5000 utterances; for utterance TE0617-TE0619_1-A.477 avg. like is -94.1036 over 77 frames.
LOG (gmm-acc-stats-ali[5.5.1009~1-e4940]:main():gmm-acc-stats-ali.cc:105) Processed 5050 utterances; for utterance TE0617-TE0619_2-B.236 avg. like is -104.727 over 253 frames.
LOG (gmm-acc-stats-ali[5.5.1009~1-e4940]:main():gmm-acc-stats-ali.cc:105) Processed 5100 utterances; for utterance TE0618-TE0620_2-B.275 avg. like is -94.8938 over 48 frames.
LOG (gmm-acc-stats-ali[5.5.1009~1-e4940]:main():gmm-acc-stats-ali.cc:105) Processed 5150 utterances; for utterance TE0619-TE0620_2-B.076 avg. like is -95.788 over 181 frames.
LOG (gmm-acc-stats-ali[5.5.1009~1-e4940]:main():gmm-acc-stats-ali.cc:105) Processed 5200 utterances; for utterance TE0622-TE0624_1-A.130 avg. like is -101.889 over 141 frames.
LOG (gmm-acc-stats-ali[5.5.1009~1-e4940]:main():gmm-acc-stats-ali.cc:105) Processed 5250 utterances; for utterance TE0622-TE0624_2-B.146 avg. like is -98.0367 over 171 frames.
LOG (gmm-acc-stats-ali[5.5.1009~1-e4940]:main():gmm-acc-stats-ali.cc:105) Processed 5300 utterances; for utterance TE0623-TE0624_2-B.455 avg. like is -100.37 over 147 frames.
LOG (gmm-acc-stats-ali[5.5.1009~1-e4940]:main():gmm-acc-stats-ali.cc:105) Processed 5350 utterances; for utterance TE0677-TE0678_2-B.288 avg. like is -98.1599 over 218 frames.
LOG (gmm-acc-stats-ali[5.5.1009~1-e4940]:main():gmm-acc-stats-ali.cc:105) Processed 5400 utterances; for utterance TE0678-TE0680_1-A.321 avg. like is -98.8784 over 75 frames.
LOG (gmm-acc-stats-ali[5.5.1009~1-e4940]:main():gmm-acc-stats-ali.cc:105) Processed 5450 utterances; for utterance TE0679-TE0680_1-A.118 avg. like is -96.747 over 74 frames.
LOG (apply-cmvn[5.5.1009~1-e4940]:main():apply-cmvn.cc:162) Applied cepstral mean normalization to 5494 utterances, errors on 0
LOG (gmm-acc-stats-ali[5.5.1009~1-e4940]:main():gmm-acc-stats-ali.cc:112) Done 5493 files, 1 with errors.
LOG (gmm-acc-stats-ali[5.5.1009~1-e4940]:main():gmm-acc-stats-ali.cc:115) Overall avg like per frame (Gaussian only) = -98.5337 over 893874 frames.
LOG (gmm-acc-stats-ali[5.5.1009~1-e4940]:main():gmm-acc-stats-ali.cc:123) Written accs.
# Accounting: time=6 threads=1
# Ended (code 0) at Mon Jun 13 18:24:22 UTC 2022, elapsed time 6 seconds
