# lattice-align-phones --replace-output-symbols=true telugu_exp/chain_cleaned_1d/tri3_cleaned_train_cleaned_sp_lats/final.mdl "ark:gunzip -c telugu_exp/chain_cleaned_1d/tri3_cleaned_train_cleaned_sp_lats/lat.12.gz |" ark:- | chain-get-supervision --lattice-input=true --frame-subsampling-factor=3 --right-tolerance=5 --left-tolerance=5 --convert-to-pdfs=false telugu_exp/chain_cleaned_1d/tdnn1d_sp/tree telugu_exp/chain_cleaned_1d/tdnn1d_sp/0.trans_mdl ark:- ark:- | nnet3-chain-get-egs --online-ivectors=scp:telugu_exp/nnet3_cleaned_1d/ivectors_train_cleaned_sp_hires/ivector_online.scp --online-ivector-period=10 --srand=$[12+0] --left-context=29 --right-context=29 --num-frames=150,110,100 --frame-subsampling-factor=3 --compress=true --num-frames-overlap=0 --transition-model=telugu_exp/chain_cleaned_1d/tdnn1d_sp/0.trans_mdl "ark,s,cs:utils/filter_scp.pl --exclude telugu_exp/chain_cleaned_1d/tdnn1d_sp/egs/valid_uttlist telugu_data/train_cleaned_sp_hires/split100/12/feats.scp | apply-cmvn-online --config=conf/online_cmvn.conf --spk2utt=ark:telugu_data/train_cleaned_sp_hires/split100/12/spk2utt telugu_exp/chain_cleaned_1d/tdnn1d_sp/egs/global_cmvn.stats scp:- ark:- |" ark,s,cs:- ark:- | nnet3-chain-copy-egs --random=true --srand=$[12+0] ark:- ark:telugu_exp/chain_cleaned_1d/tdnn1d_sp/egs/cegs_orig.12.1.ark ark:telugu_exp/chain_cleaned_1d/tdnn1d_sp/egs/cegs_orig.12.2.ark ark:telugu_exp/chain_cleaned_1d/tdnn1d_sp/egs/cegs_orig.12.3.ark ark:telugu_exp/chain_cleaned_1d/tdnn1d_sp/egs/cegs_orig.12.4.ark ark:telugu_exp/chain_cleaned_1d/tdnn1d_sp/egs/cegs_orig.12.5.ark ark:telugu_exp/chain_cleaned_1d/tdnn1d_sp/egs/cegs_orig.12.6.ark ark:telugu_exp/chain_cleaned_1d/tdnn1d_sp/egs/cegs_orig.12.7.ark ark:telugu_exp/chain_cleaned_1d/tdnn1d_sp/egs/cegs_orig.12.8.ark ark:telugu_exp/chain_cleaned_1d/tdnn1d_sp/egs/cegs_orig.12.9.ark 
# Started at Wed Jun 15 01:45:52 UTC 2022
#
chain-get-supervision --lattice-input=true --frame-subsampling-factor=3 --right-tolerance=5 --left-tolerance=5 --convert-to-pdfs=false telugu_exp/chain_cleaned_1d/tdnn1d_sp/tree telugu_exp/chain_cleaned_1d/tdnn1d_sp/0.trans_mdl ark:- ark:- 
nnet3-chain-get-egs --online-ivectors=scp:telugu_exp/nnet3_cleaned_1d/ivectors_train_cleaned_sp_hires/ivector_online.scp --online-ivector-period=10 --srand=12 --left-context=29 --right-context=29 --num-frames=150,110,100 --frame-subsampling-factor=3 --compress=true --num-frames-overlap=0 --transition-model=telugu_exp/chain_cleaned_1d/tdnn1d_sp/0.trans_mdl 'ark,s,cs:utils/filter_scp.pl --exclude telugu_exp/chain_cleaned_1d/tdnn1d_sp/egs/valid_uttlist telugu_data/train_cleaned_sp_hires/split100/12/feats.scp | apply-cmvn-online --config=conf/online_cmvn.conf --spk2utt=ark:telugu_data/train_cleaned_sp_hires/split100/12/spk2utt telugu_exp/chain_cleaned_1d/tdnn1d_sp/egs/global_cmvn.stats scp:- ark:- |' ark,s,cs:- ark:- 
LOG (nnet3-chain-get-egs[5.5.1009~1-e4940]:ComputeDerived():nnet-example-utils.cc:346) Rounding up --num-frames=150,110,100 to multiples of --frame-subsampling-factor=3, to: 150,111,102
lattice-align-phones --replace-output-symbols=true telugu_exp/chain_cleaned_1d/tri3_cleaned_train_cleaned_sp_lats/final.mdl 'ark:gunzip -c telugu_exp/chain_cleaned_1d/tri3_cleaned_train_cleaned_sp_lats/lat.12.gz |' ark:- 
nnet3-chain-copy-egs --random=true --srand=12 ark:- ark:telugu_exp/chain_cleaned_1d/tdnn1d_sp/egs/cegs_orig.12.1.ark ark:telugu_exp/chain_cleaned_1d/tdnn1d_sp/egs/cegs_orig.12.2.ark ark:telugu_exp/chain_cleaned_1d/tdnn1d_sp/egs/cegs_orig.12.3.ark ark:telugu_exp/chain_cleaned_1d/tdnn1d_sp/egs/cegs_orig.12.4.ark ark:telugu_exp/chain_cleaned_1d/tdnn1d_sp/egs/cegs_orig.12.5.ark ark:telugu_exp/chain_cleaned_1d/tdnn1d_sp/egs/cegs_orig.12.6.ark ark:telugu_exp/chain_cleaned_1d/tdnn1d_sp/egs/cegs_orig.12.7.ark ark:telugu_exp/chain_cleaned_1d/tdnn1d_sp/egs/cegs_orig.12.8.ark ark:telugu_exp/chain_cleaned_1d/tdnn1d_sp/egs/cegs_orig.12.9.ark 
apply-cmvn-online --config=conf/online_cmvn.conf --spk2utt=ark:telugu_data/train_cleaned_sp_hires/split100/12/spk2utt telugu_exp/chain_cleaned_1d/tdnn1d_sp/egs/global_cmvn.stats scp:- ark:- 
WARNING (nnet3-chain-get-egs[5.5.1009~1-e4940]:main():nnet3-chain-get-egs.cc:393) No pdf-level posterior for key 002200353-1
WARNING (nnet3-chain-get-egs[5.5.1009~1-e4940]:main():nnet3-chain-get-egs.cc:393) No pdf-level posterior for key 002210234-2
WARNING (nnet3-chain-get-egs[5.5.1009~1-e4940]:main():nnet3-chain-get-egs.cc:393) No pdf-level posterior for key 002210407-1
WARNING (nnet3-chain-get-egs[5.5.1009~1-e4940]:main():nnet3-chain-get-egs.cc:393) No pdf-level posterior for key 002220186-1
WARNING (nnet3-chain-get-egs[5.5.1009~1-e4940]:main():nnet3-chain-get-egs.cc:393) No pdf-level posterior for key 002230166-1
WARNING (apply-cmvn-online[5.5.1009~1-e4940]:main():apply-cmvn-online.cc:84) No features for utterance 002230286-1
LOG (lattice-align-phones[5.5.1009~1-e4940]:main():lattice-align-phones.cc:105) Successfully aligned 1208 lattices; 0 had errors.
WARNING (nnet3-chain-get-egs[5.5.1009~1-e4940]:ProcessFile():nnet3-chain-get-egs.cc:134) Not producing egs for utterance TE0013-TE0014_1-B.118-1 because it is too short: 93 frames.
WARNING (nnet3-chain-get-egs[5.5.1009~1-e4940]:ProcessFile():nnet3-chain-get-egs.cc:134) Not producing egs for utterance TE0013-TE0014_1-B.336-1 because it is too short: 69 frames.
WARNING (nnet3-chain-get-egs[5.5.1009~1-e4940]:ProcessFile():nnet3-chain-get-egs.cc:134) Not producing egs for utterance TE0013-TE0014_2-A.051-1 because it is too short: 93 frames.
WARNING (nnet3-chain-get-egs[5.5.1009~1-e4940]:ProcessFile():nnet3-chain-get-egs.cc:134) Not producing egs for utterance TE0013-TE0014_2-A.061-1 because it is too short: 73 frames.
WARNING (nnet3-chain-get-egs[5.5.1009~1-e4940]:ProcessFile():nnet3-chain-get-egs.cc:134) Not producing egs for utterance TE0013-TE0014_2-A.063-1 because it is too short: 71 frames.
WARNING (nnet3-chain-get-egs[5.5.1009~1-e4940]:ProcessFile():nnet3-chain-get-egs.cc:134) Not producing egs for utterance TE0013-TE0014_2-A.079-1 because it is too short: 67 frames.
WARNING (nnet3-chain-get-egs[5.5.1009~1-e4940]:ProcessFile():nnet3-chain-get-egs.cc:134) Not producing egs for utterance TE0013-TE0014_2-A.095-1 because it is too short: 65 frames.
WARNING (nnet3-chain-get-egs[5.5.1009~1-e4940]:ProcessFile():nnet3-chain-get-egs.cc:134) Not producing egs for utterance TE0013-TE0014_2-A.102-1 because it is too short: 72 frames.
WARNING (nnet3-chain-get-egs[5.5.1009~1-e4940]:ProcessFile():nnet3-chain-get-egs.cc:134) Not producing egs for utterance TE0013-TE0014_2-A.104-1 because it is too short: 70 frames.
WARNING (nnet3-chain-get-egs[5.5.1009~1-e4940]:ProcessFile():nnet3-chain-get-egs.cc:134) Not producing egs for utterance TE0013-TE0014_2-A.106-1 because it is too short: 94 frames.
WARNING (nnet3-chain-get-egs[5.5.1009~1-e4940]:ProcessFile():nnet3-chain-get-egs.cc:134) Not producing egs for utterance TE0013-TE0014_2-A.120-1 because it is too short: 84 frames.
WARNING (nnet3-chain-get-egs[5.5.1009~1-e4940]:ProcessFile():nnet3-chain-get-egs.cc:134) Not producing egs for utterance TE0013-TE0014_2-A.161-1 because it is too short: 66 frames.
WARNING (nnet3-chain-get-egs[5.5.1009~1-e4940]:ProcessFile():nnet3-chain-get-egs.cc:134) Not producing egs for utterance TE0013-TE0014_2-A.237-1 because it is too short: 93 frames.
WARNING (nnet3-chain-get-egs[5.5.1009~1-e4940]:ProcessFile():nnet3-chain-get-egs.cc:134) Not producing egs for utterance TE0013-TE0014_2-A.240-1 because it is too short: 87 frames.
WARNING (nnet3-chain-get-egs[5.5.1009~1-e4940]:ProcessFile():nnet3-chain-get-egs.cc:134) Not producing egs for utterance TE0013-TE0014_2-A.278-1 because it is too short: 91 frames.
WARNING (nnet3-chain-get-egs[5.5.1009~1-e4940]:ProcessFile():nnet3-chain-get-egs.cc:134) Not producing egs for utterance TE0013-TE0014_2-A.290-1 because it is too short: 81 frames.
WARNING (nnet3-chain-get-egs[5.5.1009~1-e4940]:ProcessFile():nnet3-chain-get-egs.cc:134) Not producing egs for utterance TE0013-TE0014_2-A.296-1 because it is too short: 89 frames.
WARNING (nnet3-chain-get-egs[5.5.1009~1-e4940]:ProcessFile():nnet3-chain-get-egs.cc:134) Not producing egs for utterance TE0013-TE0014_2-A.302-1 because it is too short: 83 frames.
WARNING (nnet3-chain-get-egs[5.5.1009~1-e4940]:ProcessFile():nnet3-chain-get-egs.cc:134) Not producing egs for utterance TE0013-TE0014_2-A.308-1 because it is too short: 91 frames.
WARNING (nnet3-chain-get-egs[5.5.1009~1-e4940]:ProcessFile():nnet3-chain-get-egs.cc:134) Not producing egs for utterance TE0013-TE0014_2-A.345-1 because it is too short: 83 frames.
WARNING (nnet3-chain-get-egs[5.5.1009~1-e4940]:ProcessFile():nnet3-chain-get-egs.cc:134) Not producing egs for utterance TE0013-TE0014_2-A.355-1 because it is too short: 81 frames.
WARNING (nnet3-chain-get-egs[5.5.1009~1-e4940]:ProcessFile():nnet3-chain-get-egs.cc:134) Not producing egs for utterance TE0013-TE0014_2-A.361-1 because it is too short: 82 frames.
WARNING (nnet3-chain-get-egs[5.5.1009~1-e4940]:ProcessFile():nnet3-chain-get-egs.cc:134) Not producing egs for utterance TE0013-TE0014_2-A.370-1 because it is too short: 68 frames.
LOG (chain-get-supervision[5.5.1009~1-e4940]:main():chain-get-supervision.cc:150) Generated chain supervision information for 1208 utterances, errors on 0
WARNING (nnet3-chain-get-egs[5.5.1009~1-e4940]:ProcessFile():nnet3-chain-get-egs.cc:134) Not producing egs for utterance TE0013-TE0014_2-A.418-1 because it is too short: 63 frames.
WARNING (nnet3-chain-get-egs[5.5.1009~1-e4940]:ProcessFile():nnet3-chain-get-egs.cc:134) Not producing egs for utterance TE0013-TE0014_2-A.420-1 because it is too short: 63 frames.
WARNING (nnet3-chain-get-egs[5.5.1009~1-e4940]:ProcessFile():nnet3-chain-get-egs.cc:134) Not producing egs for utterance TE0013-TE0014_2-A.434-1 because it is too short: 77 frames.
WARNING (nnet3-chain-get-egs[5.5.1009~1-e4940]:ProcessFile():nnet3-chain-get-egs.cc:134) Not producing egs for utterance TE0013-TE0014_2-B.104-1 because it is too short: 68 frames.
WARNING (nnet3-chain-get-egs[5.5.1009~1-e4940]:ProcessFile():nnet3-chain-get-egs.cc:134) Not producing egs for utterance TE0013-TE0014_2-B.131-1 because it is too short: 59 frames.
WARNING (nnet3-chain-get-egs[5.5.1009~1-e4940]:ProcessFile():nnet3-chain-get-egs.cc:134) Not producing egs for utterance TE0013-TE0014_2-B.148-1 because it is too short: 58 frames.
WARNING (nnet3-chain-get-egs[5.5.1009~1-e4940]:ProcessFile():nnet3-chain-get-egs.cc:134) Not producing egs for utterance TE0013-TE0014_2-B.326-1 because it is too short: 62 frames.
WARNING (nnet3-chain-get-egs[5.5.1009~1-e4940]:ProcessFile():nnet3-chain-get-egs.cc:134) Not producing egs for utterance TE0013-TE0015_1-A.004-1 because it is too short: 98 frames.
WARNING (nnet3-chain-get-egs[5.5.1009~1-e4940]:ProcessFile():nnet3-chain-get-egs.cc:134) Not producing egs for utterance TE0013-TE0015_1-A.008-1 because it is too short: 88 frames.
WARNING (nnet3-chain-get-egs[5.5.1009~1-e4940]:ProcessFile():nnet3-chain-get-egs.cc:134) Not producing egs for utterance TE0013-TE0015_1-A.247-1 because it is too short: 63 frames.
LOG (apply-cmvn-online[5.5.1009~1-e4940]:main():apply-cmvn-online.cc:133) Applied online CMVN to 1212 files, or 540427 frames.
WARNING (nnet3-chain-get-egs[5.5.1009~1-e4940]:ProcessFile():nnet3-chain-get-egs.cc:134) Not producing egs for utterance TE0013-TE0015_1-B.026-1 because it is too short: 93 frames.
WARNING (nnet3-chain-get-egs[5.5.1009~1-e4940]:ProcessFile():nnet3-chain-get-egs.cc:134) Not producing egs for utterance TE0013-TE0015_1-B.034-1 because it is too short: 87 frames.
WARNING (nnet3-chain-get-egs[5.5.1009~1-e4940]:main():nnet3-chain-get-egs.cc:442) 40 utterances had errors and could not be processed.
LOG (nnet3-chain-get-egs[5.5.1009~1-e4940]:~UtteranceSplitter():nnet-example-utils.cc:372) Split 1207 utts, with total length 538795 frames (1.49665 hours assuming 100 frames per second) into 4035 chunks.
LOG (nnet3-chain-get-egs[5.5.1009~1-e4940]:~UtteranceSplitter():nnet-example-utils.cc:382) Average chunk length was 134.628 frames; overlap between adjacent chunks was 1.63699% of input length; length of output was 100.822% of input length (minus overlap = 99.1847%).
LOG (nnet3-chain-get-egs[5.5.1009~1-e4940]:~UtteranceSplitter():nnet-example-utils.cc:398) Output frames are distributed among chunk-sizes as follows: 102 = 16.64%, 111 = 10.22%, 150 = 73.15%
LOG (nnet3-chain-copy-egs[5.5.1009~1-e4940]:main():nnet3-chain-copy-egs.cc:395) Read 4035 neural-network training examples, wrote 4035
# Accounting: time=24 threads=1
# Ended (code 0) at Wed Jun 15 01:46:16 UTC 2022, elapsed time 24 seconds
