# lattice-align-phones --replace-output-symbols=true telugu_exp/chain_cleaned_1d/tri3_cleaned_train_cleaned_sp_lats/final.mdl "ark:gunzip -c telugu_exp/chain_cleaned_1d/tri3_cleaned_train_cleaned_sp_lats/lat.31.gz |" ark:- | chain-get-supervision --lattice-input=true --frame-subsampling-factor=3 --right-tolerance=5 --left-tolerance=5 --convert-to-pdfs=false telugu_exp/chain_cleaned_1d/tdnn1d_sp/tree telugu_exp/chain_cleaned_1d/tdnn1d_sp/0.trans_mdl ark:- ark:- | nnet3-chain-get-egs --online-ivectors=scp:telugu_exp/nnet3_cleaned_1d/ivectors_train_cleaned_sp_hires/ivector_online.scp --online-ivector-period=10 --srand=$[31+0] --left-context=29 --right-context=29 --num-frames=150,110,100 --frame-subsampling-factor=3 --compress=true --num-frames-overlap=0 --transition-model=telugu_exp/chain_cleaned_1d/tdnn1d_sp/0.trans_mdl "ark,s,cs:utils/filter_scp.pl --exclude telugu_exp/chain_cleaned_1d/tdnn1d_sp/egs/valid_uttlist telugu_data/train_cleaned_sp_hires/split100/31/feats.scp | apply-cmvn-online --config=conf/online_cmvn.conf --spk2utt=ark:telugu_data/train_cleaned_sp_hires/split100/31/spk2utt telugu_exp/chain_cleaned_1d/tdnn1d_sp/egs/global_cmvn.stats scp:- ark:- |" ark,s,cs:- ark:- | nnet3-chain-copy-egs --random=true --srand=$[31+0] ark:- ark:telugu_exp/chain_cleaned_1d/tdnn1d_sp/egs/cegs_orig.31.1.ark ark:telugu_exp/chain_cleaned_1d/tdnn1d_sp/egs/cegs_orig.31.2.ark ark:telugu_exp/chain_cleaned_1d/tdnn1d_sp/egs/cegs_orig.31.3.ark ark:telugu_exp/chain_cleaned_1d/tdnn1d_sp/egs/cegs_orig.31.4.ark ark:telugu_exp/chain_cleaned_1d/tdnn1d_sp/egs/cegs_orig.31.5.ark ark:telugu_exp/chain_cleaned_1d/tdnn1d_sp/egs/cegs_orig.31.6.ark ark:telugu_exp/chain_cleaned_1d/tdnn1d_sp/egs/cegs_orig.31.7.ark ark:telugu_exp/chain_cleaned_1d/tdnn1d_sp/egs/cegs_orig.31.8.ark ark:telugu_exp/chain_cleaned_1d/tdnn1d_sp/egs/cegs_orig.31.9.ark 
# Started at Wed Jun 15 01:46:20 UTC 2022
#
lattice-align-phones --replace-output-symbols=true telugu_exp/chain_cleaned_1d/tri3_cleaned_train_cleaned_sp_lats/final.mdl 'ark:gunzip -c telugu_exp/chain_cleaned_1d/tri3_cleaned_train_cleaned_sp_lats/lat.31.gz |' ark:- 
chain-get-supervision --lattice-input=true --frame-subsampling-factor=3 --right-tolerance=5 --left-tolerance=5 --convert-to-pdfs=false telugu_exp/chain_cleaned_1d/tdnn1d_sp/tree telugu_exp/chain_cleaned_1d/tdnn1d_sp/0.trans_mdl ark:- ark:- 
nnet3-chain-copy-egs --random=true --srand=31 ark:- ark:telugu_exp/chain_cleaned_1d/tdnn1d_sp/egs/cegs_orig.31.1.ark ark:telugu_exp/chain_cleaned_1d/tdnn1d_sp/egs/cegs_orig.31.2.ark ark:telugu_exp/chain_cleaned_1d/tdnn1d_sp/egs/cegs_orig.31.3.ark ark:telugu_exp/chain_cleaned_1d/tdnn1d_sp/egs/cegs_orig.31.4.ark ark:telugu_exp/chain_cleaned_1d/tdnn1d_sp/egs/cegs_orig.31.5.ark ark:telugu_exp/chain_cleaned_1d/tdnn1d_sp/egs/cegs_orig.31.6.ark ark:telugu_exp/chain_cleaned_1d/tdnn1d_sp/egs/cegs_orig.31.7.ark ark:telugu_exp/chain_cleaned_1d/tdnn1d_sp/egs/cegs_orig.31.8.ark ark:telugu_exp/chain_cleaned_1d/tdnn1d_sp/egs/cegs_orig.31.9.ark 
nnet3-chain-get-egs --online-ivectors=scp:telugu_exp/nnet3_cleaned_1d/ivectors_train_cleaned_sp_hires/ivector_online.scp --online-ivector-period=10 --srand=31 --left-context=29 --right-context=29 --num-frames=150,110,100 --frame-subsampling-factor=3 --compress=true --num-frames-overlap=0 --transition-model=telugu_exp/chain_cleaned_1d/tdnn1d_sp/0.trans_mdl 'ark,s,cs:utils/filter_scp.pl --exclude telugu_exp/chain_cleaned_1d/tdnn1d_sp/egs/valid_uttlist telugu_data/train_cleaned_sp_hires/split100/31/feats.scp | apply-cmvn-online --config=conf/online_cmvn.conf --spk2utt=ark:telugu_data/train_cleaned_sp_hires/split100/31/spk2utt telugu_exp/chain_cleaned_1d/tdnn1d_sp/egs/global_cmvn.stats scp:- ark:- |' ark,s,cs:- ark:- 
LOG (nnet3-chain-get-egs[5.5.1009~1-e4940]:ComputeDerived():nnet-example-utils.cc:346) Rounding up --num-frames=150,110,100 to multiples of --frame-subsampling-factor=3, to: 150,111,102
apply-cmvn-online --config=conf/online_cmvn.conf --spk2utt=ark:telugu_data/train_cleaned_sp_hires/split100/31/spk2utt telugu_exp/chain_cleaned_1d/tdnn1d_sp/egs/global_cmvn.stats scp:- ark:- 
WARNING (nnet3-chain-get-egs[5.5.1009~1-e4940]:ProcessFile():nnet3-chain-get-egs.cc:134) Not producing egs for utterance TE2398-TE2400_1-A.164-1 because it is too short: 78 frames.
WARNING (nnet3-chain-get-egs[5.5.1009~1-e4940]:ProcessFile():nnet3-chain-get-egs.cc:134) Not producing egs for utterance TE2398-TE2400_1-A.183-1 because it is too short: 71 frames.
WARNING (nnet3-chain-get-egs[5.5.1009~1-e4940]:ProcessFile():nnet3-chain-get-egs.cc:134) Not producing egs for utterance TE2398-TE2400_1-A.257-1 because it is too short: 79 frames.
WARNING (nnet3-chain-get-egs[5.5.1009~1-e4940]:ProcessFile():nnet3-chain-get-egs.cc:134) Not producing egs for utterance TE2398-TE2400_1-A.282-1 because it is too short: 86 frames.
WARNING (nnet3-chain-get-egs[5.5.1009~1-e4940]:ProcessFile():nnet3-chain-get-egs.cc:134) Not producing egs for utterance TE2398-TE2400_1-A.341-1 because it is too short: 73 frames.
WARNING (nnet3-chain-get-egs[5.5.1009~1-e4940]:ProcessFile():nnet3-chain-get-egs.cc:134) Not producing egs for utterance TE2398-TE2400_1-A.381-1 because it is too short: 58 frames.
WARNING (nnet3-chain-get-egs[5.5.1009~1-e4940]:ProcessFile():nnet3-chain-get-egs.cc:134) Not producing egs for utterance TE2398-TE2400_1-B.146-1 because it is too short: 73 frames.
WARNING (nnet3-chain-get-egs[5.5.1009~1-e4940]:ProcessFile():nnet3-chain-get-egs.cc:134) Not producing egs for utterance TE2398-TE2400_1-B.179-1 because it is too short: 72 frames.
WARNING (nnet3-chain-get-egs[5.5.1009~1-e4940]:ProcessFile():nnet3-chain-get-egs.cc:134) Not producing egs for utterance TE2398-TE2400_1-B.241-1 because it is too short: 63 frames.
WARNING (nnet3-chain-get-egs[5.5.1009~1-e4940]:ProcessFile():nnet3-chain-get-egs.cc:134) Not producing egs for utterance TE2398-TE2400_1-B.265-1 because it is too short: 81 frames.
WARNING (nnet3-chain-get-egs[5.5.1009~1-e4940]:ProcessFile():nnet3-chain-get-egs.cc:134) Not producing egs for utterance TE2398-TE2400_1-B.327-1 because it is too short: 61 frames.
WARNING (nnet3-chain-get-egs[5.5.1009~1-e4940]:ProcessFile():nnet3-chain-get-egs.cc:134) Not producing egs for utterance TE2398-TE2400_1-B.344-1 because it is too short: 81 frames.
WARNING (nnet3-chain-get-egs[5.5.1009~1-e4940]:ProcessFile():nnet3-chain-get-egs.cc:134) Not producing egs for utterance TE2398-TE2400_2-A.098-1 because it is too short: 94 frames.
WARNING (nnet3-chain-get-egs[5.5.1009~1-e4940]:ProcessFile():nnet3-chain-get-egs.cc:134) Not producing egs for utterance TE2398-TE2400_2-A.102-1 because it is too short: 68 frames.
WARNING (nnet3-chain-get-egs[5.5.1009~1-e4940]:ProcessFile():nnet3-chain-get-egs.cc:134) Not producing egs for utterance TE2398-TE2400_2-A.335-1 because it is too short: 72 frames.
WARNING (nnet3-chain-get-egs[5.5.1009~1-e4940]:ProcessFile():nnet3-chain-get-egs.cc:134) Not producing egs for utterance TE2398-TE2400_2-B.041-1 because it is too short: 71 frames.
WARNING (nnet3-chain-get-egs[5.5.1009~1-e4940]:ProcessFile():nnet3-chain-get-egs.cc:134) Not producing egs for utterance TE2398-TE2400_2-B.232-1 because it is too short: 62 frames.
WARNING (nnet3-chain-get-egs[5.5.1009~1-e4940]:ProcessFile():nnet3-chain-get-egs.cc:134) Not producing egs for utterance TE2398-TE2400_2-B.240-1 because it is too short: 67 frames.
WARNING (nnet3-chain-get-egs[5.5.1009~1-e4940]:ProcessFile():nnet3-chain-get-egs.cc:134) Not producing egs for utterance TE2401-TE2402_2-A.037-1 because it is too short: 87 frames.
WARNING (nnet3-chain-get-egs[5.5.1009~1-e4940]:ProcessFile():nnet3-chain-get-egs.cc:134) Not producing egs for utterance TE2401-TE2402_2-A.114-1 because it is too short: 101 frames.
WARNING (nnet3-chain-get-egs[5.5.1009~1-e4940]:ProcessFile():nnet3-chain-get-egs.cc:134) Not producing egs for utterance TE2401-TE2402_2-B.070-1 because it is too short: 93 frames.
WARNING (nnet3-chain-get-egs[5.5.1009~1-e4940]:ProcessFile():nnet3-chain-get-egs.cc:134) Not producing egs for utterance TE2401-TE2402_2-B.100-1 because it is too short: 99 frames.
WARNING (nnet3-chain-get-egs[5.5.1009~1-e4940]:ProcessFile():nnet3-chain-get-egs.cc:134) Not producing egs for utterance TE2401-TE2403_1-A.069-1 because it is too short: 97 frames.
WARNING (nnet3-chain-get-egs[5.5.1009~1-e4940]:ProcessFile():nnet3-chain-get-egs.cc:134) Not producing egs for utterance TE2401-TE2403_1-A.134-1 because it is too short: 89 frames.
WARNING (nnet3-chain-get-egs[5.5.1009~1-e4940]:ProcessFile():nnet3-chain-get-egs.cc:134) Not producing egs for utterance TE2401-TE2403_1-A.206-1 because it is too short: 75 frames.
WARNING (nnet3-chain-get-egs[5.5.1009~1-e4940]:ProcessFile():nnet3-chain-get-egs.cc:134) Not producing egs for utterance TE2401-TE2403_1-A.256-1 because it is too short: 81 frames.
WARNING (nnet3-chain-get-egs[5.5.1009~1-e4940]:ProcessFile():nnet3-chain-get-egs.cc:134) Not producing egs for utterance TE2401-TE2403_1-B.070-1 because it is too short: 96 frames.
WARNING (nnet3-chain-get-egs[5.5.1009~1-e4940]:ProcessFile():nnet3-chain-get-egs.cc:134) Not producing egs for utterance TE2401-TE2403_1-B.078-1 because it is too short: 64 frames.
WARNING (nnet3-chain-get-egs[5.5.1009~1-e4940]:ProcessFile():nnet3-chain-get-egs.cc:134) Not producing egs for utterance TE2401-TE2403_1-B.145-1 because it is too short: 88 frames.
WARNING (nnet3-chain-get-egs[5.5.1009~1-e4940]:ProcessFile():nnet3-chain-get-egs.cc:134) Not producing egs for utterance TE2401-TE2403_1-B.157-1 because it is too short: 73 frames.
WARNING (nnet3-chain-get-egs[5.5.1009~1-e4940]:ProcessFile():nnet3-chain-get-egs.cc:134) Not producing egs for utterance TE2401-TE2403_2-A.067-1 because it is too short: 87 frames.
WARNING (nnet3-chain-get-egs[5.5.1009~1-e4940]:ProcessFile():nnet3-chain-get-egs.cc:134) Not producing egs for utterance TE2401-TE2403_2-A.076-1 because it is too short: 89 frames.
WARNING (nnet3-chain-get-egs[5.5.1009~1-e4940]:ProcessFile():nnet3-chain-get-egs.cc:134) Not producing egs for utterance TE2401-TE2403_2-B.021-1 because it is too short: 57 frames.
WARNING (nnet3-chain-get-egs[5.5.1009~1-e4940]:ProcessFile():nnet3-chain-get-egs.cc:134) Not producing egs for utterance TE2401-TE2403_2-B.081-1 because it is too short: 73 frames.
WARNING (nnet3-chain-get-egs[5.5.1009~1-e4940]:ProcessFile():nnet3-chain-get-egs.cc:134) Not producing egs for utterance TE2401-TE2403_2-B.136-1 because it is too short: 78 frames.
WARNING (nnet3-chain-get-egs[5.5.1009~1-e4940]:ProcessFile():nnet3-chain-get-egs.cc:134) Not producing egs for utterance TE2402-TE2404_1-A.262-1 because it is too short: 74 frames.
WARNING (nnet3-chain-get-egs[5.5.1009~1-e4940]:ProcessFile():nnet3-chain-get-egs.cc:134) Not producing egs for utterance TE2402-TE2404_1-B.004-1 because it is too short: 93 frames.
WARNING (nnet3-chain-get-egs[5.5.1009~1-e4940]:ProcessFile():nnet3-chain-get-egs.cc:134) Not producing egs for utterance TE2402-TE2404_1-B.031-1 because it is too short: 78 frames.
WARNING (nnet3-chain-get-egs[5.5.1009~1-e4940]:ProcessFile():nnet3-chain-get-egs.cc:134) Not producing egs for utterance TE2402-TE2404_1-B.156-1 because it is too short: 82 frames.
WARNING (nnet3-chain-get-egs[5.5.1009~1-e4940]:ProcessFile():nnet3-chain-get-egs.cc:134) Not producing egs for utterance TE2402-TE2404_1-B.239-1 because it is too short: 82 frames.
WARNING (nnet3-chain-get-egs[5.5.1009~1-e4940]:ProcessFile():nnet3-chain-get-egs.cc:134) Not producing egs for utterance TE2402-TE2404_2-A.033-1 because it is too short: 79 frames.
WARNING (nnet3-chain-get-egs[5.5.1009~1-e4940]:ProcessFile():nnet3-chain-get-egs.cc:134) Not producing egs for utterance TE2402-TE2404_2-A.034-1 because it is too short: 78 frames.
WARNING (nnet3-chain-get-egs[5.5.1009~1-e4940]:ProcessFile():nnet3-chain-get-egs.cc:134) Not producing egs for utterance TE2402-TE2404_2-A.061-1 because it is too short: 89 frames.
WARNING (nnet3-chain-get-egs[5.5.1009~1-e4940]:ProcessFile():nnet3-chain-get-egs.cc:134) Not producing egs for utterance TE2402-TE2404_2-A.092-1 because it is too short: 78 frames.
WARNING (nnet3-chain-get-egs[5.5.1009~1-e4940]:ProcessFile():nnet3-chain-get-egs.cc:134) Not producing egs for utterance TE2402-TE2404_2-A.187-1 because it is too short: 91 frames.
WARNING (nnet3-chain-get-egs[5.5.1009~1-e4940]:ProcessFile():nnet3-chain-get-egs.cc:134) Not producing egs for utterance TE2402-TE2404_2-A.193-1 because it is too short: 101 frames.
WARNING (nnet3-chain-get-egs[5.5.1009~1-e4940]:ProcessFile():nnet3-chain-get-egs.cc:134) Not producing egs for utterance TE2402-TE2404_2-A.213-1 because it is too short: 78 frames.
WARNING (nnet3-chain-get-egs[5.5.1009~1-e4940]:ProcessFile():nnet3-chain-get-egs.cc:134) Not producing egs for utterance TE2402-TE2404_2-B.102-1 because it is too short: 87 frames.
WARNING (nnet3-chain-get-egs[5.5.1009~1-e4940]:ProcessFile():nnet3-chain-get-egs.cc:134) Not producing egs for utterance TE2403-TE2404_1-A.003-1 because it is too short: 81 frames.
WARNING (nnet3-chain-get-egs[5.5.1009~1-e4940]:ProcessFile():nnet3-chain-get-egs.cc:134) Not producing egs for utterance TE2403-TE2404_1-A.066-1 because it is too short: 78 frames.
WARNING (nnet3-chain-get-egs[5.5.1009~1-e4940]:ProcessFile():nnet3-chain-get-egs.cc:134) Not producing egs for utterance TE2403-TE2404_1-A.095-1 because it is too short: 59 frames.
WARNING (nnet3-chain-get-egs[5.5.1009~1-e4940]:ProcessFile():nnet3-chain-get-egs.cc:134) Not producing egs for utterance TE2403-TE2404_1-A.114-1 because it is too short: 87 frames.
WARNING (nnet3-chain-get-egs[5.5.1009~1-e4940]:ProcessFile():nnet3-chain-get-egs.cc:134) Not producing egs for utterance TE2403-TE2404_1-A.175-1 because it is too short: 91 frames.
WARNING (nnet3-chain-get-egs[5.5.1009~1-e4940]:ProcessFile():nnet3-chain-get-egs.cc:134) Not producing egs for utterance TE2403-TE2404_1-A.197-1 because it is too short: 57 frames.
WARNING (nnet3-chain-get-egs[5.5.1009~1-e4940]:ProcessFile():nnet3-chain-get-egs.cc:134) Not producing egs for utterance TE2403-TE2404_1-A.231-1 because it is too short: 81 frames.
WARNING (nnet3-chain-get-egs[5.5.1009~1-e4940]:ProcessFile():nnet3-chain-get-egs.cc:134) Not producing egs for utterance TE2403-TE2404_1-A.261-1 because it is too short: 73 frames.
WARNING (nnet3-chain-get-egs[5.5.1009~1-e4940]:ProcessFile():nnet3-chain-get-egs.cc:134) Not producing egs for utterance TE2403-TE2404_1-A.270-1 because it is too short: 92 frames.
WARNING (nnet3-chain-get-egs[5.5.1009~1-e4940]:ProcessFile():nnet3-chain-get-egs.cc:134) Not producing egs for utterance TE2403-TE2404_1-A.311-1 because it is too short: 97 frames.
WARNING (nnet3-chain-get-egs[5.5.1009~1-e4940]:ProcessFile():nnet3-chain-get-egs.cc:134) Not producing egs for utterance TE2403-TE2404_1-A.349-1 because it is too short: 68 frames.
WARNING (nnet3-chain-get-egs[5.5.1009~1-e4940]:ProcessFile():nnet3-chain-get-egs.cc:134) Not producing egs for utterance TE2403-TE2404_1-B.175-1 because it is too short: 68 frames.
WARNING (nnet3-chain-get-egs[5.5.1009~1-e4940]:ProcessFile():nnet3-chain-get-egs.cc:134) Not producing egs for utterance TE2403-TE2404_1-B.207-1 because it is too short: 97 frames.
WARNING (nnet3-chain-get-egs[5.5.1009~1-e4940]:ProcessFile():nnet3-chain-get-egs.cc:134) Not producing egs for utterance TE2403-TE2404_1-B.212-1 because it is too short: 71 frames.
WARNING (nnet3-chain-get-egs[5.5.1009~1-e4940]:ProcessFile():nnet3-chain-get-egs.cc:134) Not producing egs for utterance TE2403-TE2404_1-B.240-1 because it is too short: 94 frames.
WARNING (nnet3-chain-get-egs[5.5.1009~1-e4940]:ProcessFile():nnet3-chain-get-egs.cc:134) Not producing egs for utterance TE2403-TE2404_1-B.276-1 because it is too short: 84 frames.
WARNING (nnet3-chain-get-egs[5.5.1009~1-e4940]:ProcessFile():nnet3-chain-get-egs.cc:134) Not producing egs for utterance TE2403-TE2404_1-B.286-1 because it is too short: 86 frames.
WARNING (nnet3-chain-get-egs[5.5.1009~1-e4940]:ProcessFile():nnet3-chain-get-egs.cc:134) Not producing egs for utterance TE2403-TE2404_1-B.348-1 because it is too short: 82 frames.
WARNING (nnet3-chain-get-egs[5.5.1009~1-e4940]:ProcessFile():nnet3-chain-get-egs.cc:134) Not producing egs for utterance TE2403-TE2404_2-A.031-1 because it is too short: 101 frames.
WARNING (nnet3-chain-get-egs[5.5.1009~1-e4940]:ProcessFile():nnet3-chain-get-egs.cc:134) Not producing egs for utterance TE2403-TE2404_2-A.068-1 because it is too short: 68 frames.
WARNING (nnet3-chain-get-egs[5.5.1009~1-e4940]:ProcessFile():nnet3-chain-get-egs.cc:134) Not producing egs for utterance TE2403-TE2404_2-A.072-1 because it is too short: 77 frames.
WARNING (nnet3-chain-get-egs[5.5.1009~1-e4940]:ProcessFile():nnet3-chain-get-egs.cc:134) Not producing egs for utterance TE2403-TE2404_2-A.102-1 because it is too short: 71 frames.
WARNING (nnet3-chain-get-egs[5.5.1009~1-e4940]:ProcessFile():nnet3-chain-get-egs.cc:134) Not producing egs for utterance TE2403-TE2404_2-A.126-1 because it is too short: 77 frames.
WARNING (nnet3-chain-get-egs[5.5.1009~1-e4940]:ProcessFile():nnet3-chain-get-egs.cc:134) Not producing egs for utterance TE2403-TE2404_2-A.135-1 because it is too short: 79 frames.
WARNING (nnet3-chain-get-egs[5.5.1009~1-e4940]:ProcessFile():nnet3-chain-get-egs.cc:134) Not producing egs for utterance TE2403-TE2404_2-A.231-1 because it is too short: 67 frames.
WARNING (nnet3-chain-get-egs[5.5.1009~1-e4940]:ProcessFile():nnet3-chain-get-egs.cc:134) Not producing egs for utterance TE2403-TE2404_2-A.261-1 because it is too short: 69 frames.
WARNING (nnet3-chain-get-egs[5.5.1009~1-e4940]:ProcessFile():nnet3-chain-get-egs.cc:134) Not producing egs for utterance TE2403-TE2404_2-A.270-1 because it is too short: 87 frames.
WARNING (nnet3-chain-get-egs[5.5.1009~1-e4940]:ProcessFile():nnet3-chain-get-egs.cc:134) Not producing egs for utterance TE2403-TE2404_2-A.321-1 because it is too short: 73 frames.
WARNING (nnet3-chain-get-egs[5.5.1009~1-e4940]:ProcessFile():nnet3-chain-get-egs.cc:134) Not producing egs for utterance TE2403-TE2404_2-A.343-1 because it is too short: 82 frames.
WARNING (nnet3-chain-get-egs[5.5.1009~1-e4940]:ProcessFile():nnet3-chain-get-egs.cc:134) Not producing egs for utterance TE2403-TE2404_2-A.347-1 because it is too short: 101 frames.
WARNING (nnet3-chain-get-egs[5.5.1009~1-e4940]:ProcessFile():nnet3-chain-get-egs.cc:134) Not producing egs for utterance TE2403-TE2404_2-B.283-1 because it is too short: 77 frames.
WARNING (nnet3-chain-get-egs[5.5.1009~1-e4940]:ProcessFile():nnet3-chain-get-egs.cc:134) Not producing egs for utterance TE2405-TE2406_2-A.007-1 because it is too short: 87 frames.
WARNING (nnet3-chain-get-egs[5.5.1009~1-e4940]:ProcessFile():nnet3-chain-get-egs.cc:134) Not producing egs for utterance TE2405-TE2406_2-A.039-1 because it is too short: 79 frames.
WARNING (nnet3-chain-get-egs[5.5.1009~1-e4940]:ProcessFile():nnet3-chain-get-egs.cc:134) Not producing egs for utterance TE2405-TE2406_2-A.191-1 because it is too short: 101 frames.
WARNING (nnet3-chain-get-egs[5.5.1009~1-e4940]:ProcessFile():nnet3-chain-get-egs.cc:134) Not producing egs for utterance TE2405-TE2406_2-A.212-1 because it is too short: 71 frames.
WARNING (nnet3-chain-get-egs[5.5.1009~1-e4940]:ProcessFile():nnet3-chain-get-egs.cc:134) Not producing egs for utterance TE2405-TE2406_2-A.297-1 because it is too short: 67 frames.
WARNING (nnet3-chain-get-egs[5.5.1009~1-e4940]:ProcessFile():nnet3-chain-get-egs.cc:134) Not producing egs for utterance TE2405-TE2406_2-A.307-1 because it is too short: 60 frames.
WARNING (nnet3-chain-get-egs[5.5.1009~1-e4940]:ProcessFile():nnet3-chain-get-egs.cc:134) Not producing egs for utterance TE2405-TE2406_2-B.029-1 because it is too short: 69 frames.
WARNING (nnet3-chain-get-egs[5.5.1009~1-e4940]:ProcessFile():nnet3-chain-get-egs.cc:134) Not producing egs for utterance TE2405-TE2406_2-B.302-1 because it is too short: 72 frames.
WARNING (nnet3-chain-get-egs[5.5.1009~1-e4940]:ProcessFile():nnet3-chain-get-egs.cc:134) Not producing egs for utterance TE2405-TE2406_2-B.313-1 because it is too short: 87 frames.
WARNING (nnet3-chain-get-egs[5.5.1009~1-e4940]:ProcessFile():nnet3-chain-get-egs.cc:134) Not producing egs for utterance TE2405-TE2407_1-A.081-1 because it is too short: 74 frames.
WARNING (nnet3-chain-get-egs[5.5.1009~1-e4940]:ProcessFile():nnet3-chain-get-egs.cc:134) Not producing egs for utterance TE2405-TE2407_1-A.129-1 because it is too short: 88 frames.
WARNING (nnet3-chain-get-egs[5.5.1009~1-e4940]:ProcessFile():nnet3-chain-get-egs.cc:134) Not producing egs for utterance TE2405-TE2407_1-A.139-1 because it is too short: 82 frames.
WARNING (nnet3-chain-get-egs[5.5.1009~1-e4940]:ProcessFile():nnet3-chain-get-egs.cc:134) Not producing egs for utterance TE2405-TE2407_1-A.190-1 because it is too short: 87 frames.
WARNING (nnet3-chain-get-egs[5.5.1009~1-e4940]:ProcessFile():nnet3-chain-get-egs.cc:134) Not producing egs for utterance TE2405-TE2407_1-A.224-1 because it is too short: 96 frames.
WARNING (nnet3-chain-get-egs[5.5.1009~1-e4940]:ProcessFile():nnet3-chain-get-egs.cc:134) Not producing egs for utterance TE2406-TE2408_1-A.101-1 because it is too short: 98 frames.
WARNING (nnet3-chain-get-egs[5.5.1009~1-e4940]:ProcessFile():nnet3-chain-get-egs.cc:134) Not producing egs for utterance TE2406-TE2408_1-A.118-1 because it is too short: 58 frames.
WARNING (nnet3-chain-get-egs[5.5.1009~1-e4940]:ProcessFile():nnet3-chain-get-egs.cc:134) Not producing egs for utterance TE2406-TE2408_1-A.124-1 because it is too short: 73 frames.
WARNING (nnet3-chain-get-egs[5.5.1009~1-e4940]:ProcessFile():nnet3-chain-get-egs.cc:134) Not producing egs for utterance TE2406-TE2408_1-A.127-1 because it is too short: 72 frames.
WARNING (nnet3-chain-get-egs[5.5.1009~1-e4940]:ProcessFile():nnet3-chain-get-egs.cc:134) Not producing egs for utterance TE2406-TE2408_1-A.189-1 because it is too short: 79 frames.
WARNING (nnet3-chain-get-egs[5.5.1009~1-e4940]:main():nnet3-chain-get-egs.cc:393) No pdf-level posterior for key TE2406-TE2408_1-A.218-1
WARNING (nnet3-chain-get-egs[5.5.1009~1-e4940]:ProcessFile():nnet3-chain-get-egs.cc:134) Not producing egs for utterance TE2406-TE2408_1-A.237-1 because it is too short: 98 frames.
WARNING (nnet3-chain-get-egs[5.5.1009~1-e4940]:ProcessFile():nnet3-chain-get-egs.cc:134) Not producing egs for utterance TE2406-TE2408_1-A.269-1 because it is too short: 73 frames.
WARNING (nnet3-chain-get-egs[5.5.1009~1-e4940]:ProcessFile():nnet3-chain-get-egs.cc:134) Not producing egs for utterance TE2406-TE2408_1-B.033-1 because it is too short: 54 frames.
WARNING (nnet3-chain-get-egs[5.5.1009~1-e4940]:ProcessFile():nnet3-chain-get-egs.cc:134) Not producing egs for utterance TE2406-TE2408_1-B.080-1 because it is too short: 101 frames.
WARNING (nnet3-chain-get-egs[5.5.1009~1-e4940]:ProcessFile():nnet3-chain-get-egs.cc:134) Not producing egs for utterance TE2406-TE2408_1-B.083-1 because it is too short: 93 frames.
WARNING (nnet3-chain-get-egs[5.5.1009~1-e4940]:ProcessFile():nnet3-chain-get-egs.cc:134) Not producing egs for utterance TE2406-TE2408_1-B.148-1 because it is too short: 77 frames.
WARNING (nnet3-chain-get-egs[5.5.1009~1-e4940]:ProcessFile():nnet3-chain-get-egs.cc:134) Not producing egs for utterance TE2406-TE2408_1-B.201-1 because it is too short: 93 frames.
WARNING (nnet3-chain-get-egs[5.5.1009~1-e4940]:ProcessFile():nnet3-chain-get-egs.cc:134) Not producing egs for utterance TE2406-TE2408_1-B.270-1 because it is too short: 99 frames.
WARNING (nnet3-chain-get-egs[5.5.1009~1-e4940]:ProcessFile():nnet3-chain-get-egs.cc:134) Not producing egs for utterance TE2406-TE2408_2-A.046-1 because it is too short: 92 frames.
WARNING (nnet3-chain-get-egs[5.5.1009~1-e4940]:ProcessFile():nnet3-chain-get-egs.cc:134) Not producing egs for utterance TE2406-TE2408_2-A.069-1 because it is too short: 96 frames.
WARNING (nnet3-chain-get-egs[5.5.1009~1-e4940]:ProcessFile():nnet3-chain-get-egs.cc:134) Not producing egs for utterance TE2406-TE2408_2-A.085-1 because it is too short: 99 frames.
WARNING (nnet3-chain-get-egs[5.5.1009~1-e4940]:ProcessFile():nnet3-chain-get-egs.cc:134) Not producing egs for utterance TE2406-TE2408_2-A.113-1 because it is too short: 89 frames.
WARNING (nnet3-chain-get-egs[5.5.1009~1-e4940]:ProcessFile():nnet3-chain-get-egs.cc:134) Not producing egs for utterance TE2406-TE2408_2-A.191-1 because it is too short: 89 frames.
WARNING (nnet3-chain-get-egs[5.5.1009~1-e4940]:ProcessFile():nnet3-chain-get-egs.cc:134) Not producing egs for utterance TE2406-TE2408_2-B.041-1 because it is too short: 82 frames.
WARNING (nnet3-chain-get-egs[5.5.1009~1-e4940]:ProcessFile():nnet3-chain-get-egs.cc:134) Not producing egs for utterance TE2406-TE2408_2-B.046-1 because it is too short: 89 frames.
WARNING (nnet3-chain-get-egs[5.5.1009~1-e4940]:ProcessFile():nnet3-chain-get-egs.cc:134) Not producing egs for utterance TE2406-TE2408_2-B.056-1 because it is too short: 77 frames.
WARNING (nnet3-chain-get-egs[5.5.1009~1-e4940]:ProcessFile():nnet3-chain-get-egs.cc:134) Not producing egs for utterance TE2406-TE2408_2-B.212-1 because it is too short: 57 frames.
WARNING (nnet3-chain-get-egs[5.5.1009~1-e4940]:ProcessFile():nnet3-chain-get-egs.cc:134) Not producing egs for utterance TE2407-TE2408_1-B.101-1 because it is too short: 64 frames.
WARNING (nnet3-chain-get-egs[5.5.1009~1-e4940]:ProcessFile():nnet3-chain-get-egs.cc:134) Not producing egs for utterance TE2407-TE2408_1-B.144-1 because it is too short: 99 frames.
WARNING (nnet3-chain-get-egs[5.5.1009~1-e4940]:ProcessFile():nnet3-chain-get-egs.cc:134) Not producing egs for utterance TE2407-TE2408_1-B.211-1 because it is too short: 64 frames.
WARNING (nnet3-chain-get-egs[5.5.1009~1-e4940]:ProcessFile():nnet3-chain-get-egs.cc:134) Not producing egs for utterance TE2407-TE2408_1-B.217-1 because it is too short: 54 frames.
WARNING (nnet3-chain-get-egs[5.5.1009~1-e4940]:ProcessFile():nnet3-chain-get-egs.cc:134) Not producing egs for utterance TE2407-TE2408_1-B.228-1 because it is too short: 87 frames.
WARNING (nnet3-chain-get-egs[5.5.1009~1-e4940]:ProcessFile():nnet3-chain-get-egs.cc:134) Not producing egs for utterance TE2407-TE2408_1-B.242-1 because it is too short: 71 frames.
WARNING (nnet3-chain-get-egs[5.5.1009~1-e4940]:ProcessFile():nnet3-chain-get-egs.cc:134) Not producing egs for utterance TE2407-TE2408_1-B.260-1 because it is too short: 64 frames.
WARNING (nnet3-chain-get-egs[5.5.1009~1-e4940]:ProcessFile():nnet3-chain-get-egs.cc:134) Not producing egs for utterance TE2407-TE2408_2-A.180-1 because it is too short: 73 frames.
WARNING (nnet3-chain-get-egs[5.5.1009~1-e4940]:ProcessFile():nnet3-chain-get-egs.cc:134) Not producing egs for utterance TE2407-TE2408_2-A.220-1 because it is too short: 99 frames.
WARNING (nnet3-chain-get-egs[5.5.1009~1-e4940]:ProcessFile():nnet3-chain-get-egs.cc:134) Not producing egs for utterance TE2407-TE2408_2-A.226-1 because it is too short: 73 frames.
WARNING (nnet3-chain-get-egs[5.5.1009~1-e4940]:ProcessFile():nnet3-chain-get-egs.cc:134) Not producing egs for utterance TE2407-TE2408_2-B.080-1 because it is too short: 81 frames.
WARNING (nnet3-chain-get-egs[5.5.1009~1-e4940]:ProcessFile():nnet3-chain-get-egs.cc:134) Not producing egs for utterance TE2407-TE2408_2-B.165-1 because it is too short: 96 frames.
WARNING (nnet3-chain-get-egs[5.5.1009~1-e4940]:ProcessFile():nnet3-chain-get-egs.cc:134) Not producing egs for utterance TE4005-TE4006_1-A.122-1 because it is too short: 87 frames.
WARNING (nnet3-chain-get-egs[5.5.1009~1-e4940]:ProcessFile():nnet3-chain-get-egs.cc:134) Not producing egs for utterance TE4005-TE4006_1-B.037-1 because it is too short: 95 frames.
WARNING (nnet3-chain-get-egs[5.5.1009~1-e4940]:ProcessFile():nnet3-chain-get-egs.cc:134) Not producing egs for utterance TE4005-TE4006_1-B.068-1 because it is too short: 63 frames.
WARNING (nnet3-chain-get-egs[5.5.1009~1-e4940]:ProcessFile():nnet3-chain-get-egs.cc:134) Not producing egs for utterance TE4005-TE4006_1-B.134-1 because it is too short: 68 frames.
WARNING (nnet3-chain-get-egs[5.5.1009~1-e4940]:ProcessFile():nnet3-chain-get-egs.cc:134) Not producing egs for utterance TE4005-TE4006_1-B.208-1 because it is too short: 66 frames.
WARNING (nnet3-chain-get-egs[5.5.1009~1-e4940]:ProcessFile():nnet3-chain-get-egs.cc:134) Not producing egs for utterance TE4005-TE4006_2-A.026-1 because it is too short: 68 frames.
WARNING (nnet3-chain-get-egs[5.5.1009~1-e4940]:ProcessFile():nnet3-chain-get-egs.cc:134) Not producing egs for utterance TE4005-TE4006_2-B.049-1 because it is too short: 71 frames.
WARNING (nnet3-chain-get-egs[5.5.1009~1-e4940]:ProcessFile():nnet3-chain-get-egs.cc:134) Not producing egs for utterance TE4005-TE4006_2-B.175-1 because it is too short: 66 frames.
WARNING (nnet3-chain-get-egs[5.5.1009~1-e4940]:ProcessFile():nnet3-chain-get-egs.cc:134) Not producing egs for utterance TE4005-TE4006_2-B.232-1 because it is too short: 81 frames.
WARNING (nnet3-chain-get-egs[5.5.1009~1-e4940]:ProcessFile():nnet3-chain-get-egs.cc:134) Not producing egs for utterance TE4005-TE4007_1-A.055-1 because it is too short: 99 frames.
WARNING (nnet3-chain-get-egs[5.5.1009~1-e4940]:ProcessFile():nnet3-chain-get-egs.cc:134) Not producing egs for utterance TE4005-TE4007_1-A.186-1 because it is too short: 87 frames.
WARNING (nnet3-chain-get-egs[5.5.1009~1-e4940]:ProcessFile():nnet3-chain-get-egs.cc:134) Not producing egs for utterance TE4005-TE4007_1-B.006-1 because it is too short: 73 frames.
WARNING (nnet3-chain-get-egs[5.5.1009~1-e4940]:ProcessFile():nnet3-chain-get-egs.cc:134) Not producing egs for utterance TE4005-TE4007_1-B.019-1 because it is too short: 68 frames.
WARNING (nnet3-chain-get-egs[5.5.1009~1-e4940]:ProcessFile():nnet3-chain-get-egs.cc:134) Not producing egs for utterance TE4005-TE4007_1-B.033-1 because it is too short: 76 frames.
WARNING (nnet3-chain-get-egs[5.5.1009~1-e4940]:ProcessFile():nnet3-chain-get-egs.cc:134) Not producing egs for utterance TE4005-TE4007_1-B.093-1 because it is too short: 84 frames.
WARNING (nnet3-chain-get-egs[5.5.1009~1-e4940]:ProcessFile():nnet3-chain-get-egs.cc:134) Not producing egs for utterance TE4005-TE4007_1-B.097-1 because it is too short: 92 frames.
WARNING (nnet3-chain-get-egs[5.5.1009~1-e4940]:ProcessFile():nnet3-chain-get-egs.cc:134) Not producing egs for utterance TE4005-TE4007_1-B.103-1 because it is too short: 84 frames.
WARNING (nnet3-chain-get-egs[5.5.1009~1-e4940]:ProcessFile():nnet3-chain-get-egs.cc:134) Not producing egs for utterance TE4005-TE4007_1-B.148-1 because it is too short: 51 frames.
WARNING (nnet3-chain-get-egs[5.5.1009~1-e4940]:ProcessFile():nnet3-chain-get-egs.cc:134) Not producing egs for utterance TE4005-TE4007_1-B.222-1 because it is too short: 88 frames.
WARNING (nnet3-chain-get-egs[5.5.1009~1-e4940]:ProcessFile():nnet3-chain-get-egs.cc:134) Not producing egs for utterance TE4005-TE4007_1-B.243-1 because it is too short: 73 frames.
WARNING (nnet3-chain-get-egs[5.5.1009~1-e4940]:ProcessFile():nnet3-chain-get-egs.cc:134) Not producing egs for utterance TE4005-TE4007_1-B.245-1 because it is too short: 73 frames.
WARNING (nnet3-chain-get-egs[5.5.1009~1-e4940]:ProcessFile():nnet3-chain-get-egs.cc:134) Not producing egs for utterance TE4005-TE4007_1-B.249-1 because it is too short: 88 frames.
WARNING (nnet3-chain-get-egs[5.5.1009~1-e4940]:ProcessFile():nnet3-chain-get-egs.cc:134) Not producing egs for utterance TE4005-TE4007_1-B.290-1 because it is too short: 72 frames.
WARNING (nnet3-chain-get-egs[5.5.1009~1-e4940]:ProcessFile():nnet3-chain-get-egs.cc:134) Not producing egs for utterance TE4005-TE4007_1-B.292-1 because it is too short: 67 frames.
WARNING (nnet3-chain-get-egs[5.5.1009~1-e4940]:ProcessFile():nnet3-chain-get-egs.cc:134) Not producing egs for utterance TE4005-TE4007_1-B.296-1 because it is too short: 86 frames.
WARNING (nnet3-chain-get-egs[5.5.1009~1-e4940]:ProcessFile():nnet3-chain-get-egs.cc:134) Not producing egs for utterance TE4005-TE4007_1-B.315-1 because it is too short: 83 frames.
WARNING (nnet3-chain-get-egs[5.5.1009~1-e4940]:ProcessFile():nnet3-chain-get-egs.cc:134) Not producing egs for utterance TE4005-TE4007_1-B.349-1 because it is too short: 61 frames.
WARNING (nnet3-chain-get-egs[5.5.1009~1-e4940]:ProcessFile():nnet3-chain-get-egs.cc:134) Not producing egs for utterance TE4005-TE4007_2-B.024-1 because it is too short: 98 frames.
WARNING (nnet3-chain-get-egs[5.5.1009~1-e4940]:ProcessFile():nnet3-chain-get-egs.cc:134) Not producing egs for utterance TE4005-TE4007_2-B.028-1 because it is too short: 83 frames.
WARNING (nnet3-chain-get-egs[5.5.1009~1-e4940]:ProcessFile():nnet3-chain-get-egs.cc:134) Not producing egs for utterance TE4005-TE4007_2-B.034-1 because it is too short: 79 frames.
WARNING (nnet3-chain-get-egs[5.5.1009~1-e4940]:ProcessFile():nnet3-chain-get-egs.cc:134) Not producing egs for utterance TE4005-TE4007_2-B.058-1 because it is too short: 87 frames.
WARNING (nnet3-chain-get-egs[5.5.1009~1-e4940]:ProcessFile():nnet3-chain-get-egs.cc:134) Not producing egs for utterance TE4005-TE4007_2-B.108-1 because it is too short: 84 frames.
WARNING (nnet3-chain-get-egs[5.5.1009~1-e4940]:ProcessFile():nnet3-chain-get-egs.cc:134) Not producing egs for utterance TE4005-TE4007_2-B.148-1 because it is too short: 73 frames.
WARNING (nnet3-chain-get-egs[5.5.1009~1-e4940]:ProcessFile():nnet3-chain-get-egs.cc:134) Not producing egs for utterance TE4005-TE4007_2-B.165-1 because it is too short: 79 frames.
WARNING (nnet3-chain-get-egs[5.5.1009~1-e4940]:ProcessFile():nnet3-chain-get-egs.cc:134) Not producing egs for utterance TE4005-TE4007_2-B.190-1 because it is too short: 84 frames.
WARNING (nnet3-chain-get-egs[5.5.1009~1-e4940]:ProcessFile():nnet3-chain-get-egs.cc:134) Not producing egs for utterance TE4005-TE4007_2-B.194-1 because it is too short: 53 frames.
WARNING (nnet3-chain-get-egs[5.5.1009~1-e4940]:ProcessFile():nnet3-chain-get-egs.cc:134) Not producing egs for utterance TE4006-TE4008_1-A.145-1 because it is too short: 62 frames.
WARNING (nnet3-chain-get-egs[5.5.1009~1-e4940]:ProcessFile():nnet3-chain-get-egs.cc:134) Not producing egs for utterance TE4006-TE4008_1-A.261-1 because it is too short: 91 frames.
WARNING (nnet3-chain-get-egs[5.5.1009~1-e4940]:ProcessFile():nnet3-chain-get-egs.cc:134) Not producing egs for utterance TE4006-TE4008_1-A.346-1 because it is too short: 92 frames.
WARNING (nnet3-chain-get-egs[5.5.1009~1-e4940]:ProcessFile():nnet3-chain-get-egs.cc:134) Not producing egs for utterance TE4006-TE4008_1-B.036-1 because it is too short: 62 frames.
WARNING (nnet3-chain-get-egs[5.5.1009~1-e4940]:ProcessFile():nnet3-chain-get-egs.cc:134) Not producing egs for utterance TE4006-TE4008_1-B.209-1 because it is too short: 92 frames.
WARNING (nnet3-chain-get-egs[5.5.1009~1-e4940]:ProcessFile():nnet3-chain-get-egs.cc:134) Not producing egs for utterance TE4006-TE4008_2-A.074-1 because it is too short: 100 frames.
WARNING (nnet3-chain-get-egs[5.5.1009~1-e4940]:ProcessFile():nnet3-chain-get-egs.cc:134) Not producing egs for utterance TE4006-TE4008_2-A.262-1 because it is too short: 50 frames.
WARNING (nnet3-chain-get-egs[5.5.1009~1-e4940]:ProcessFile():nnet3-chain-get-egs.cc:134) Not producing egs for utterance TE4006-TE4008_2-A.306-1 because it is too short: 72 frames.
WARNING (nnet3-chain-get-egs[5.5.1009~1-e4940]:ProcessFile():nnet3-chain-get-egs.cc:134) Not producing egs for utterance TE4006-TE4008_2-B.013-1 because it is too short: 93 frames.
WARNING (nnet3-chain-get-egs[5.5.1009~1-e4940]:ProcessFile():nnet3-chain-get-egs.cc:134) Not producing egs for utterance TE4006-TE4008_2-B.080-1 because it is too short: 71 frames.
WARNING (nnet3-chain-get-egs[5.5.1009~1-e4940]:ProcessFile():nnet3-chain-get-egs.cc:134) Not producing egs for utterance TE4006-TE4008_2-B.233-1 because it is too short: 87 frames.
WARNING (nnet3-chain-get-egs[5.5.1009~1-e4940]:ProcessFile():nnet3-chain-get-egs.cc:134) Not producing egs for utterance TE4006-TE4008_2-B.282-1 because it is too short: 70 frames.
WARNING (nnet3-chain-get-egs[5.5.1009~1-e4940]:ProcessFile():nnet3-chain-get-egs.cc:134) Not producing egs for utterance TE4007-TE4008_1-A.047-1 because it is too short: 58 frames.
WARNING (nnet3-chain-get-egs[5.5.1009~1-e4940]:ProcessFile():nnet3-chain-get-egs.cc:134) Not producing egs for utterance TE4007-TE4008_1-A.229-1 because it is too short: 88 frames.
WARNING (nnet3-chain-get-egs[5.5.1009~1-e4940]:ProcessFile():nnet3-chain-get-egs.cc:134) Not producing egs for utterance TE4007-TE4008_1-A.251-1 because it is too short: 52 frames.
WARNING (nnet3-chain-get-egs[5.5.1009~1-e4940]:ProcessFile():nnet3-chain-get-egs.cc:134) Not producing egs for utterance TE4007-TE4008_1-A.263-1 because it is too short: 52 frames.
WARNING (nnet3-chain-get-egs[5.5.1009~1-e4940]:ProcessFile():nnet3-chain-get-egs.cc:134) Not producing egs for utterance TE4007-TE4008_1-A.265-1 because it is too short: 98 frames.
WARNING (nnet3-chain-get-egs[5.5.1009~1-e4940]:ProcessFile():nnet3-chain-get-egs.cc:134) Not producing egs for utterance TE4007-TE4008_1-B.011-1 because it is too short: 84 frames.
WARNING (nnet3-chain-get-egs[5.5.1009~1-e4940]:ProcessFile():nnet3-chain-get-egs.cc:134) Not producing egs for utterance TE4007-TE4008_1-B.048-1 because it is too short: 71 frames.
WARNING (nnet3-chain-get-egs[5.5.1009~1-e4940]:ProcessFile():nnet3-chain-get-egs.cc:134) Not producing egs for utterance TE4007-TE4008_1-B.152-1 because it is too short: 94 frames.
WARNING (nnet3-chain-get-egs[5.5.1009~1-e4940]:ProcessFile():nnet3-chain-get-egs.cc:134) Not producing egs for utterance TE4007-TE4008_1-B.191-1 because it is too short: 73 frames.
WARNING (nnet3-chain-get-egs[5.5.1009~1-e4940]:ProcessFile():nnet3-chain-get-egs.cc:134) Not producing egs for utterance TE4007-TE4008_1-B.212-1 because it is too short: 76 frames.
WARNING (nnet3-chain-get-egs[5.5.1009~1-e4940]:ProcessFile():nnet3-chain-get-egs.cc:134) Not producing egs for utterance TE4007-TE4008_1-B.262-1 because it is too short: 68 frames.
WARNING (nnet3-chain-get-egs[5.5.1009~1-e4940]:ProcessFile():nnet3-chain-get-egs.cc:134) Not producing egs for utterance TE4007-TE4008_1-B.264-1 because it is too short: 83 frames.
WARNING (nnet3-chain-get-egs[5.5.1009~1-e4940]:ProcessFile():nnet3-chain-get-egs.cc:134) Not producing egs for utterance TE4007-TE4008_1-B.306-1 because it is too short: 69 frames.
WARNING (nnet3-chain-get-egs[5.5.1009~1-e4940]:ProcessFile():nnet3-chain-get-egs.cc:134) Not producing egs for utterance TE4007-TE4008_2-A.076-1 because it is too short: 64 frames.
WARNING (nnet3-chain-get-egs[5.5.1009~1-e4940]:ProcessFile():nnet3-chain-get-egs.cc:134) Not producing egs for utterance TE4007-TE4008_2-A.142-1 because it is too short: 92 frames.
WARNING (nnet3-chain-get-egs[5.5.1009~1-e4940]:ProcessFile():nnet3-chain-get-egs.cc:134) Not producing egs for utterance TE4007-TE4008_2-A.233-1 because it is too short: 98 frames.
WARNING (nnet3-chain-get-egs[5.5.1009~1-e4940]:ProcessFile():nnet3-chain-get-egs.cc:134) Not producing egs for utterance TE4007-TE4008_2-A.287-1 because it is too short: 76 frames.
WARNING (nnet3-chain-get-egs[5.5.1009~1-e4940]:ProcessFile():nnet3-chain-get-egs.cc:134) Not producing egs for utterance TE4007-TE4008_2-B.185-1 because it is too short: 79 frames.
WARNING (nnet3-chain-get-egs[5.5.1009~1-e4940]:ProcessFile():nnet3-chain-get-egs.cc:134) Not producing egs for utterance TE4007-TE4008_2-B.233-1 because it is too short: 74 frames.
WARNING (nnet3-chain-get-egs[5.5.1009~1-e4940]:ProcessFile():nnet3-chain-get-egs.cc:134) Not producing egs for utterance TE4009-TE4010_1-A.036-1 because it is too short: 52 frames.
WARNING (nnet3-chain-get-egs[5.5.1009~1-e4940]:ProcessFile():nnet3-chain-get-egs.cc:134) Not producing egs for utterance TE4009-TE4010_1-A.219-1 because it is too short: 76 frames.
WARNING (nnet3-chain-get-egs[5.5.1009~1-e4940]:ProcessFile():nnet3-chain-get-egs.cc:134) Not producing egs for utterance TE4009-TE4010_1-A.252-1 because it is too short: 87 frames.
WARNING (nnet3-chain-get-egs[5.5.1009~1-e4940]:ProcessFile():nnet3-chain-get-egs.cc:134) Not producing egs for utterance TE4009-TE4010_1-B.051-1 because it is too short: 82 frames.
WARNING (nnet3-chain-get-egs[5.5.1009~1-e4940]:ProcessFile():nnet3-chain-get-egs.cc:134) Not producing egs for utterance TE4009-TE4010_1-B.092-1 because it is too short: 71 frames.
WARNING (nnet3-chain-get-egs[5.5.1009~1-e4940]:ProcessFile():nnet3-chain-get-egs.cc:134) Not producing egs for utterance TE4009-TE4010_2-A.158-1 because it is too short: 53 frames.
WARNING (nnet3-chain-get-egs[5.5.1009~1-e4940]:ProcessFile():nnet3-chain-get-egs.cc:134) Not producing egs for utterance TE4009-TE4010_2-A.191-1 because it is too short: 52 frames.
WARNING (nnet3-chain-get-egs[5.5.1009~1-e4940]:ProcessFile():nnet3-chain-get-egs.cc:134) Not producing egs for utterance TE4009-TE4010_2-A.202-1 because it is too short: 93 frames.
WARNING (nnet3-chain-get-egs[5.5.1009~1-e4940]:ProcessFile():nnet3-chain-get-egs.cc:134) Not producing egs for utterance TE4009-TE4010_2-A.235-1 because it is too short: 75 frames.
WARNING (nnet3-chain-get-egs[5.5.1009~1-e4940]:ProcessFile():nnet3-chain-get-egs.cc:134) Not producing egs for utterance TE4009-TE4010_2-A.237-1 because it is too short: 93 frames.
WARNING (nnet3-chain-get-egs[5.5.1009~1-e4940]:ProcessFile():nnet3-chain-get-egs.cc:134) Not producing egs for utterance TE4009-TE4010_2-B.237-1 because it is too short: 61 frames.
WARNING (nnet3-chain-get-egs[5.5.1009~1-e4940]:ProcessFile():nnet3-chain-get-egs.cc:134) Not producing egs for utterance TE4009-TE4010_2-B.260-1 because it is too short: 92 frames.
WARNING (nnet3-chain-get-egs[5.5.1009~1-e4940]:ProcessFile():nnet3-chain-get-egs.cc:134) Not producing egs for utterance TE4009-TE4011_1-A.114-1 because it is too short: 76 frames.
WARNING (nnet3-chain-get-egs[5.5.1009~1-e4940]:ProcessFile():nnet3-chain-get-egs.cc:134) Not producing egs for utterance TE4009-TE4011_1-B.124-1 because it is too short: 71 frames.
WARNING (nnet3-chain-get-egs[5.5.1009~1-e4940]:ProcessFile():nnet3-chain-get-egs.cc:134) Not producing egs for utterance TE4009-TE4011_1-B.227-1 because it is too short: 95 frames.
WARNING (nnet3-chain-get-egs[5.5.1009~1-e4940]:ProcessFile():nnet3-chain-get-egs.cc:134) Not producing egs for utterance TE4009-TE4011_2-A.173-1 because it is too short: 75 frames.
WARNING (nnet3-chain-get-egs[5.5.1009~1-e4940]:ProcessFile():nnet3-chain-get-egs.cc:134) Not producing egs for utterance TE4009-TE4011_2-A.232-1 because it is too short: 79 frames.
WARNING (nnet3-chain-get-egs[5.5.1009~1-e4940]:ProcessFile():nnet3-chain-get-egs.cc:134) Not producing egs for utterance TE4009-TE4011_2-A.260-1 because it is too short: 80 frames.
WARNING (nnet3-chain-get-egs[5.5.1009~1-e4940]:ProcessFile():nnet3-chain-get-egs.cc:134) Not producing egs for utterance TE4009-TE4011_2-A.264-1 because it is too short: 83 frames.
WARNING (nnet3-chain-get-egs[5.5.1009~1-e4940]:ProcessFile():nnet3-chain-get-egs.cc:134) Not producing egs for utterance TE4009-TE4011_2-A.296-1 because it is too short: 68 frames.
WARNING (nnet3-chain-get-egs[5.5.1009~1-e4940]:ProcessFile():nnet3-chain-get-egs.cc:134) Not producing egs for utterance TE4009-TE4011_2-A.310-1 because it is too short: 67 frames.
WARNING (nnet3-chain-get-egs[5.5.1009~1-e4940]:ProcessFile():nnet3-chain-get-egs.cc:134) Not producing egs for utterance TE4009-TE4011_2-B.035-1 because it is too short: 82 frames.
WARNING (nnet3-chain-get-egs[5.5.1009~1-e4940]:ProcessFile():nnet3-chain-get-egs.cc:134) Not producing egs for utterance TE4009-TE4011_2-B.054-1 because it is too short: 77 frames.
WARNING (nnet3-chain-get-egs[5.5.1009~1-e4940]:ProcessFile():nnet3-chain-get-egs.cc:134) Not producing egs for utterance TE4009-TE4011_2-B.058-1 because it is too short: 61 frames.
WARNING (nnet3-chain-get-egs[5.5.1009~1-e4940]:ProcessFile():nnet3-chain-get-egs.cc:134) Not producing egs for utterance TE4009-TE4011_2-B.060-1 because it is too short: 59 frames.
WARNING (nnet3-chain-get-egs[5.5.1009~1-e4940]:ProcessFile():nnet3-chain-get-egs.cc:134) Not producing egs for utterance TE4009-TE4011_2-B.062-1 because it is too short: 54 frames.
WARNING (nnet3-chain-get-egs[5.5.1009~1-e4940]:ProcessFile():nnet3-chain-get-egs.cc:134) Not producing egs for utterance TE4009-TE4011_2-B.157-1 because it is too short: 74 frames.
WARNING (nnet3-chain-get-egs[5.5.1009~1-e4940]:ProcessFile():nnet3-chain-get-egs.cc:134) Not producing egs for utterance TE4009-TE4011_2-B.368-1 because it is too short: 56 frames.
WARNING (nnet3-chain-get-egs[5.5.1009~1-e4940]:ProcessFile():nnet3-chain-get-egs.cc:134) Not producing egs for utterance TE4010-TE4012_1-A.066-1 because it is too short: 88 frames.
WARNING (nnet3-chain-get-egs[5.5.1009~1-e4940]:ProcessFile():nnet3-chain-get-egs.cc:134) Not producing egs for utterance TE4010-TE4012_1-A.082-1 because it is too short: 67 frames.
WARNING (nnet3-chain-get-egs[5.5.1009~1-e4940]:ProcessFile():nnet3-chain-get-egs.cc:134) Not producing egs for utterance TE4010-TE4012_1-A.123-1 because it is too short: 54 frames.
WARNING (nnet3-chain-get-egs[5.5.1009~1-e4940]:ProcessFile():nnet3-chain-get-egs.cc:134) Not producing egs for utterance TE4010-TE4012_1-A.184-1 because it is too short: 98 frames.
WARNING (nnet3-chain-get-egs[5.5.1009~1-e4940]:ProcessFile():nnet3-chain-get-egs.cc:134) Not producing egs for utterance TE4010-TE4012_1-A.220-1 because it is too short: 91 frames.
WARNING (nnet3-chain-get-egs[5.5.1009~1-e4940]:ProcessFile():nnet3-chain-get-egs.cc:134) Not producing egs for utterance TE4010-TE4012_1-A.228-1 because it is too short: 81 frames.
WARNING (nnet3-chain-get-egs[5.5.1009~1-e4940]:ProcessFile():nnet3-chain-get-egs.cc:134) Not producing egs for utterance TE4010-TE4012_1-A.254-1 because it is too short: 64 frames.
WARNING (nnet3-chain-get-egs[5.5.1009~1-e4940]:ProcessFile():nnet3-chain-get-egs.cc:134) Not producing egs for utterance TE4010-TE4012_1-A.271-1 because it is too short: 82 frames.
WARNING (nnet3-chain-get-egs[5.5.1009~1-e4940]:ProcessFile():nnet3-chain-get-egs.cc:134) Not producing egs for utterance TE4010-TE4012_1-A.312-1 because it is too short: 82 frames.
WARNING (nnet3-chain-get-egs[5.5.1009~1-e4940]:ProcessFile():nnet3-chain-get-egs.cc:134) Not producing egs for utterance TE4010-TE4012_1-A.340-1 because it is too short: 79 frames.
WARNING (nnet3-chain-get-egs[5.5.1009~1-e4940]:ProcessFile():nnet3-chain-get-egs.cc:134) Not producing egs for utterance TE4010-TE4012_1-A.358-1 because it is too short: 73 frames.
WARNING (nnet3-chain-get-egs[5.5.1009~1-e4940]:ProcessFile():nnet3-chain-get-egs.cc:134) Not producing egs for utterance TE4010-TE4012_1-B.063-1 because it is too short: 76 frames.
WARNING (nnet3-chain-get-egs[5.5.1009~1-e4940]:ProcessFile():nnet3-chain-get-egs.cc:134) Not producing egs for utterance TE4010-TE4012_1-B.086-1 because it is too short: 52 frames.
WARNING (nnet3-chain-get-egs[5.5.1009~1-e4940]:ProcessFile():nnet3-chain-get-egs.cc:134) Not producing egs for utterance TE4010-TE4012_1-B.118-1 because it is too short: 57 frames.
WARNING (nnet3-chain-get-egs[5.5.1009~1-e4940]:ProcessFile():nnet3-chain-get-egs.cc:134) Not producing egs for utterance TE4010-TE4012_1-B.164-1 because it is too short: 82 frames.
WARNING (nnet3-chain-get-egs[5.5.1009~1-e4940]:ProcessFile():nnet3-chain-get-egs.cc:134) Not producing egs for utterance TE4010-TE4012_1-B.178-1 because it is too short: 67 frames.
WARNING (nnet3-chain-get-egs[5.5.1009~1-e4940]:ProcessFile():nnet3-chain-get-egs.cc:134) Not producing egs for utterance TE4010-TE4012_1-B.202-1 because it is too short: 57 frames.
WARNING (nnet3-chain-get-egs[5.5.1009~1-e4940]:ProcessFile():nnet3-chain-get-egs.cc:134) Not producing egs for utterance TE4010-TE4012_1-B.255-1 because it is too short: 61 frames.
WARNING (nnet3-chain-get-egs[5.5.1009~1-e4940]:ProcessFile():nnet3-chain-get-egs.cc:134) Not producing egs for utterance TE4010-TE4012_1-B.290-1 because it is too short: 101 frames.
WARNING (nnet3-chain-get-egs[5.5.1009~1-e4940]:ProcessFile():nnet3-chain-get-egs.cc:134) Not producing egs for utterance TE4010-TE4012_1-B.317-1 because it is too short: 86 frames.
WARNING (nnet3-chain-get-egs[5.5.1009~1-e4940]:ProcessFile():nnet3-chain-get-egs.cc:134) Not producing egs for utterance TE4010-TE4012_1-B.359-1 because it is too short: 93 frames.
WARNING (nnet3-chain-get-egs[5.5.1009~1-e4940]:ProcessFile():nnet3-chain-get-egs.cc:134) Not producing egs for utterance TE4010-TE4012_1-B.383-1 because it is too short: 88 frames.
WARNING (nnet3-chain-get-egs[5.5.1009~1-e4940]:ProcessFile():nnet3-chain-get-egs.cc:134) Not producing egs for utterance TE4010-TE4012_2-A.132-1 because it is too short: 91 frames.
WARNING (nnet3-chain-get-egs[5.5.1009~1-e4940]:ProcessFile():nnet3-chain-get-egs.cc:134) Not producing egs for utterance TE4010-TE4012_2-A.171-1 because it is too short: 89 frames.
WARNING (nnet3-chain-get-egs[5.5.1009~1-e4940]:ProcessFile():nnet3-chain-get-egs.cc:134) Not producing egs for utterance TE4010-TE4012_2-A.244-1 because it is too short: 72 frames.
WARNING (nnet3-chain-get-egs[5.5.1009~1-e4940]:ProcessFile():nnet3-chain-get-egs.cc:134) Not producing egs for utterance TE4010-TE4012_2-A.253-1 because it is too short: 73 frames.
WARNING (nnet3-chain-get-egs[5.5.1009~1-e4940]:ProcessFile():nnet3-chain-get-egs.cc:134) Not producing egs for utterance TE4010-TE4012_2-A.284-1 because it is too short: 87 frames.
WARNING (nnet3-chain-get-egs[5.5.1009~1-e4940]:ProcessFile():nnet3-chain-get-egs.cc:134) Not producing egs for utterance TE4010-TE4012_2-A.287-1 because it is too short: 92 frames.
WARNING (nnet3-chain-get-egs[5.5.1009~1-e4940]:ProcessFile():nnet3-chain-get-egs.cc:134) Not producing egs for utterance TE4010-TE4012_2-A.321-1 because it is too short: 73 frames.
WARNING (nnet3-chain-get-egs[5.5.1009~1-e4940]:ProcessFile():nnet3-chain-get-egs.cc:134) Not producing egs for utterance TE4010-TE4012_2-A.333-1 because it is too short: 56 frames.
WARNING (nnet3-chain-get-egs[5.5.1009~1-e4940]:ProcessFile():nnet3-chain-get-egs.cc:134) Not producing egs for utterance TE4010-TE4012_2-A.350-1 because it is too short: 79 frames.
WARNING (nnet3-chain-get-egs[5.5.1009~1-e4940]:ProcessFile():nnet3-chain-get-egs.cc:134) Not producing egs for utterance TE4010-TE4012_2-B.032-1 because it is too short: 67 frames.
WARNING (nnet3-chain-get-egs[5.5.1009~1-e4940]:ProcessFile():nnet3-chain-get-egs.cc:134) Not producing egs for utterance TE4010-TE4012_2-B.034-1 because it is too short: 67 frames.
WARNING (nnet3-chain-get-egs[5.5.1009~1-e4940]:ProcessFile():nnet3-chain-get-egs.cc:134) Not producing egs for utterance TE4010-TE4012_2-B.139-1 because it is too short: 94 frames.
WARNING (nnet3-chain-get-egs[5.5.1009~1-e4940]:ProcessFile():nnet3-chain-get-egs.cc:134) Not producing egs for utterance TE4010-TE4012_2-B.141-1 because it is too short: 63 frames.
WARNING (nnet3-chain-get-egs[5.5.1009~1-e4940]:ProcessFile():nnet3-chain-get-egs.cc:134) Not producing egs for utterance TE4010-TE4012_2-B.244-1 because it is too short: 66 frames.
WARNING (nnet3-chain-get-egs[5.5.1009~1-e4940]:ProcessFile():nnet3-chain-get-egs.cc:134) Not producing egs for utterance TE4010-TE4012_2-B.292-1 because it is too short: 77 frames.
WARNING (nnet3-chain-get-egs[5.5.1009~1-e4940]:ProcessFile():nnet3-chain-get-egs.cc:134) Not producing egs for utterance TE4011-TE4012_1-A.188-1 because it is too short: 66 frames.
WARNING (nnet3-chain-get-egs[5.5.1009~1-e4940]:ProcessFile():nnet3-chain-get-egs.cc:134) Not producing egs for utterance TE4011-TE4012_1-A.197-1 because it is too short: 74 frames.
WARNING (nnet3-chain-get-egs[5.5.1009~1-e4940]:ProcessFile():nnet3-chain-get-egs.cc:134) Not producing egs for utterance TE4011-TE4012_1-A.222-1 because it is too short: 74 frames.
WARNING (nnet3-chain-get-egs[5.5.1009~1-e4940]:ProcessFile():nnet3-chain-get-egs.cc:134) Not producing egs for utterance TE4011-TE4012_1-A.243-1 because it is too short: 68 frames.
WARNING (nnet3-chain-get-egs[5.5.1009~1-e4940]:ProcessFile():nnet3-chain-get-egs.cc:134) Not producing egs for utterance TE4011-TE4012_1-B.092-1 because it is too short: 89 frames.
WARNING (nnet3-chain-get-egs[5.5.1009~1-e4940]:ProcessFile():nnet3-chain-get-egs.cc:134) Not producing egs for utterance TE4011-TE4012_2-A.146-1 because it is too short: 95 frames.
WARNING (nnet3-chain-get-egs[5.5.1009~1-e4940]:ProcessFile():nnet3-chain-get-egs.cc:134) Not producing egs for utterance TE4013-TE4014_1-A.061-1 because it is too short: 72 frames.
WARNING (nnet3-chain-get-egs[5.5.1009~1-e4940]:ProcessFile():nnet3-chain-get-egs.cc:134) Not producing egs for utterance TE4013-TE4014_1-A.075-1 because it is too short: 54 frames.
WARNING (nnet3-chain-get-egs[5.5.1009~1-e4940]:ProcessFile():nnet3-chain-get-egs.cc:134) Not producing egs for utterance TE4013-TE4014_1-A.100-1 because it is too short: 71 frames.
WARNING (nnet3-chain-get-egs[5.5.1009~1-e4940]:ProcessFile():nnet3-chain-get-egs.cc:134) Not producing egs for utterance TE4013-TE4014_1-A.109-1 because it is too short: 57 frames.
WARNING (nnet3-chain-get-egs[5.5.1009~1-e4940]:ProcessFile():nnet3-chain-get-egs.cc:134) Not producing egs for utterance TE4013-TE4014_1-A.126-1 because it is too short: 88 frames.
WARNING (nnet3-chain-get-egs[5.5.1009~1-e4940]:ProcessFile():nnet3-chain-get-egs.cc:134) Not producing egs for utterance TE4013-TE4014_1-A.167-1 because it is too short: 73 frames.
WARNING (nnet3-chain-get-egs[5.5.1009~1-e4940]:ProcessFile():nnet3-chain-get-egs.cc:134) Not producing egs for utterance TE4013-TE4014_1-A.175-1 because it is too short: 82 frames.
WARNING (nnet3-chain-get-egs[5.5.1009~1-e4940]:ProcessFile():nnet3-chain-get-egs.cc:134) Not producing egs for utterance TE4013-TE4014_1-A.197-1 because it is too short: 81 frames.
WARNING (nnet3-chain-get-egs[5.5.1009~1-e4940]:ProcessFile():nnet3-chain-get-egs.cc:134) Not producing egs for utterance TE4013-TE4014_1-A.286-1 because it is too short: 99 frames.
WARNING (nnet3-chain-get-egs[5.5.1009~1-e4940]:ProcessFile():nnet3-chain-get-egs.cc:134) Not producing egs for utterance TE4013-TE4014_1-A.359-1 because it is too short: 92 frames.
WARNING (nnet3-chain-get-egs[5.5.1009~1-e4940]:ProcessFile():nnet3-chain-get-egs.cc:134) Not producing egs for utterance TE4013-TE4014_1-B.172-1 because it is too short: 74 frames.
WARNING (nnet3-chain-get-egs[5.5.1009~1-e4940]:ProcessFile():nnet3-chain-get-egs.cc:134) Not producing egs for utterance TE4013-TE4014_2-A.034-1 because it is too short: 98 frames.
WARNING (nnet3-chain-get-egs[5.5.1009~1-e4940]:ProcessFile():nnet3-chain-get-egs.cc:134) Not producing egs for utterance TE4013-TE4014_2-A.122-1 because it is too short: 92 frames.
WARNING (nnet3-chain-get-egs[5.5.1009~1-e4940]:ProcessFile():nnet3-chain-get-egs.cc:134) Not producing egs for utterance TE4013-TE4014_2-A.201-1 because it is too short: 84 frames.
WARNING (nnet3-chain-get-egs[5.5.1009~1-e4940]:ProcessFile():nnet3-chain-get-egs.cc:134) Not producing egs for utterance TE4013-TE4014_2-A.217-1 because it is too short: 72 frames.
WARNING (nnet3-chain-get-egs[5.5.1009~1-e4940]:ProcessFile():nnet3-chain-get-egs.cc:134) Not producing egs for utterance TE4013-TE4014_2-A.250-1 because it is too short: 90 frames.
WARNING (nnet3-chain-get-egs[5.5.1009~1-e4940]:ProcessFile():nnet3-chain-get-egs.cc:134) Not producing egs for utterance TE4013-TE4014_2-A.272-1 because it is too short: 77 frames.
WARNING (nnet3-chain-get-egs[5.5.1009~1-e4940]:ProcessFile():nnet3-chain-get-egs.cc:134) Not producing egs for utterance TE4013-TE4014_2-A.276-1 because it is too short: 79 frames.
WARNING (nnet3-chain-get-egs[5.5.1009~1-e4940]:ProcessFile():nnet3-chain-get-egs.cc:134) Not producing egs for utterance TE4013-TE4014_2-A.302-1 because it is too short: 81 frames.
WARNING (nnet3-chain-get-egs[5.5.1009~1-e4940]:ProcessFile():nnet3-chain-get-egs.cc:134) Not producing egs for utterance TE4013-TE4014_2-A.400-1 because it is too short: 88 frames.
WARNING (nnet3-chain-get-egs[5.5.1009~1-e4940]:ProcessFile():nnet3-chain-get-egs.cc:134) Not producing egs for utterance TE4013-TE4014_2-B.108-1 because it is too short: 59 frames.
WARNING (nnet3-chain-get-egs[5.5.1009~1-e4940]:ProcessFile():nnet3-chain-get-egs.cc:134) Not producing egs for utterance TE4013-TE4015_1-A.080-1 because it is too short: 89 frames.
WARNING (nnet3-chain-get-egs[5.5.1009~1-e4940]:ProcessFile():nnet3-chain-get-egs.cc:134) Not producing egs for utterance TE4013-TE4015_1-A.161-1 because it is too short: 72 frames.
WARNING (nnet3-chain-get-egs[5.5.1009~1-e4940]:ProcessFile():nnet3-chain-get-egs.cc:134) Not producing egs for utterance TE4013-TE4015_1-A.207-1 because it is too short: 89 frames.
WARNING (nnet3-chain-get-egs[5.5.1009~1-e4940]:ProcessFile():nnet3-chain-get-egs.cc:134) Not producing egs for utterance TE4013-TE4015_1-A.228-1 because it is too short: 94 frames.
WARNING (nnet3-chain-get-egs[5.5.1009~1-e4940]:ProcessFile():nnet3-chain-get-egs.cc:134) Not producing egs for utterance TE4013-TE4015_1-A.235-1 because it is too short: 65 frames.
WARNING (nnet3-chain-get-egs[5.5.1009~1-e4940]:ProcessFile():nnet3-chain-get-egs.cc:134) Not producing egs for utterance TE4013-TE4015_1-A.292-1 because it is too short: 89 frames.
WARNING (nnet3-chain-get-egs[5.5.1009~1-e4940]:ProcessFile():nnet3-chain-get-egs.cc:134) Not producing egs for utterance TE4013-TE4015_1-B.049-1 because it is too short: 92 frames.
WARNING (nnet3-chain-get-egs[5.5.1009~1-e4940]:ProcessFile():nnet3-chain-get-egs.cc:134) Not producing egs for utterance TE4013-TE4015_1-B.073-1 because it is too short: 72 frames.
WARNING (nnet3-chain-get-egs[5.5.1009~1-e4940]:ProcessFile():nnet3-chain-get-egs.cc:134) Not producing egs for utterance TE4013-TE4015_1-B.088-1 because it is too short: 57 frames.
WARNING (nnet3-chain-get-egs[5.5.1009~1-e4940]:ProcessFile():nnet3-chain-get-egs.cc:134) Not producing egs for utterance TE4013-TE4015_1-B.090-1 because it is too short: 58 frames.
WARNING (nnet3-chain-get-egs[5.5.1009~1-e4940]:ProcessFile():nnet3-chain-get-egs.cc:134) Not producing egs for utterance TE4013-TE4015_1-B.092-1 because it is too short: 51 frames.
WARNING (nnet3-chain-get-egs[5.5.1009~1-e4940]:ProcessFile():nnet3-chain-get-egs.cc:134) Not producing egs for utterance TE4013-TE4015_1-B.129-1 because it is too short: 71 frames.
WARNING (nnet3-chain-get-egs[5.5.1009~1-e4940]:ProcessFile():nnet3-chain-get-egs.cc:134) Not producing egs for utterance TE4013-TE4015_1-B.165-1 because it is too short: 76 frames.
WARNING (nnet3-chain-get-egs[5.5.1009~1-e4940]:ProcessFile():nnet3-chain-get-egs.cc:134) Not producing egs for utterance TE4013-TE4015_2-A.008-1 because it is too short: 74 frames.
WARNING (nnet3-chain-get-egs[5.5.1009~1-e4940]:ProcessFile():nnet3-chain-get-egs.cc:134) Not producing egs for utterance TE4013-TE4015_2-A.040-1 because it is too short: 72 frames.
WARNING (nnet3-chain-get-egs[5.5.1009~1-e4940]:ProcessFile():nnet3-chain-get-egs.cc:134) Not producing egs for utterance TE4013-TE4015_2-A.052-1 because it is too short: 69 frames.
WARNING (nnet3-chain-get-egs[5.5.1009~1-e4940]:ProcessFile():nnet3-chain-get-egs.cc:134) Not producing egs for utterance TE4013-TE4015_2-A.066-1 because it is too short: 81 frames.
WARNING (nnet3-chain-get-egs[5.5.1009~1-e4940]:ProcessFile():nnet3-chain-get-egs.cc:134) Not producing egs for utterance TE4013-TE4015_2-A.076-1 because it is too short: 88 frames.
WARNING (nnet3-chain-get-egs[5.5.1009~1-e4940]:ProcessFile():nnet3-chain-get-egs.cc:134) Not producing egs for utterance TE4013-TE4015_2-A.085-1 because it is too short: 69 frames.
WARNING (nnet3-chain-get-egs[5.5.1009~1-e4940]:ProcessFile():nnet3-chain-get-egs.cc:134) Not producing egs for utterance TE4013-TE4015_2-A.091-1 because it is too short: 98 frames.
WARNING (nnet3-chain-get-egs[5.5.1009~1-e4940]:ProcessFile():nnet3-chain-get-egs.cc:134) Not producing egs for utterance TE4013-TE4015_2-A.151-1 because it is too short: 80 frames.
WARNING (nnet3-chain-get-egs[5.5.1009~1-e4940]:ProcessFile():nnet3-chain-get-egs.cc:134) Not producing egs for utterance TE4013-TE4015_2-B.086-1 because it is too short: 56 frames.
WARNING (nnet3-chain-get-egs[5.5.1009~1-e4940]:ProcessFile():nnet3-chain-get-egs.cc:134) Not producing egs for utterance TE4013-TE4015_2-B.120-1 because it is too short: 80 frames.
WARNING (nnet3-chain-get-egs[5.5.1009~1-e4940]:ProcessFile():nnet3-chain-get-egs.cc:134) Not producing egs for utterance TE4013-TE4015_2-B.122-1 because it is too short: 76 frames.
WARNING (nnet3-chain-get-egs[5.5.1009~1-e4940]:ProcessFile():nnet3-chain-get-egs.cc:134) Not producing egs for utterance TE4014-TE4016_1-A.061-1 because it is too short: 83 frames.
WARNING (nnet3-chain-get-egs[5.5.1009~1-e4940]:ProcessFile():nnet3-chain-get-egs.cc:134) Not producing egs for utterance TE4014-TE4016_1-A.159-1 because it is too short: 59 frames.
WARNING (nnet3-chain-get-egs[5.5.1009~1-e4940]:ProcessFile():nnet3-chain-get-egs.cc:134) Not producing egs for utterance TE4014-TE4016_1-A.198-1 because it is too short: 94 frames.
WARNING (nnet3-chain-get-egs[5.5.1009~1-e4940]:ProcessFile():nnet3-chain-get-egs.cc:134) Not producing egs for utterance TE4014-TE4016_1-B.088-1 because it is too short: 87 frames.
WARNING (nnet3-chain-get-egs[5.5.1009~1-e4940]:ProcessFile():nnet3-chain-get-egs.cc:134) Not producing egs for utterance TE4014-TE4016_2-A.009-1 because it is too short: 57 frames.
WARNING (nnet3-chain-get-egs[5.5.1009~1-e4940]:ProcessFile():nnet3-chain-get-egs.cc:134) Not producing egs for utterance TE4014-TE4016_2-A.121-1 because it is too short: 67 frames.
WARNING (nnet3-chain-get-egs[5.5.1009~1-e4940]:ProcessFile():nnet3-chain-get-egs.cc:134) Not producing egs for utterance TE4014-TE4016_2-A.270-1 because it is too short: 99 frames.
WARNING (nnet3-chain-get-egs[5.5.1009~1-e4940]:ProcessFile():nnet3-chain-get-egs.cc:134) Not producing egs for utterance TE4015-TE4016_1-A.083-1 because it is too short: 87 frames.
WARNING (nnet3-chain-get-egs[5.5.1009~1-e4940]:ProcessFile():nnet3-chain-get-egs.cc:134) Not producing egs for utterance TE4015-TE4016_1-A.204-1 because it is too short: 82 frames.
WARNING (nnet3-chain-get-egs[5.5.1009~1-e4940]:ProcessFile():nnet3-chain-get-egs.cc:134) Not producing egs for utterance TE4015-TE4016_1-B.155-1 because it is too short: 98 frames.
WARNING (nnet3-chain-get-egs[5.5.1009~1-e4940]:ProcessFile():nnet3-chain-get-egs.cc:134) Not producing egs for utterance TE4015-TE4016_1-B.171-1 because it is too short: 75 frames.
WARNING (nnet3-chain-get-egs[5.5.1009~1-e4940]:ProcessFile():nnet3-chain-get-egs.cc:134) Not producing egs for utterance TE4015-TE4016_1-B.180-1 because it is too short: 93 frames.
WARNING (nnet3-chain-get-egs[5.5.1009~1-e4940]:ProcessFile():nnet3-chain-get-egs.cc:134) Not producing egs for utterance TE4015-TE4016_2-A.139-1 because it is too short: 92 frames.
WARNING (nnet3-chain-get-egs[5.5.1009~1-e4940]:ProcessFile():nnet3-chain-get-egs.cc:134) Not producing egs for utterance TE4015-TE4016_2-B.054-1 because it is too short: 62 frames.
WARNING (nnet3-chain-get-egs[5.5.1009~1-e4940]:ProcessFile():nnet3-chain-get-egs.cc:134) Not producing egs for utterance TE4015-TE4016_2-B.084-1 because it is too short: 58 frames.
WARNING (nnet3-chain-get-egs[5.5.1009~1-e4940]:ProcessFile():nnet3-chain-get-egs.cc:134) Not producing egs for utterance TE4015-TE4016_2-B.148-1 because it is too short: 72 frames.
WARNING (nnet3-chain-get-egs[5.5.1009~1-e4940]:ProcessFile():nnet3-chain-get-egs.cc:134) Not producing egs for utterance TE4015-TE4016_2-B.199-1 because it is too short: 67 frames.
WARNING (nnet3-chain-get-egs[5.5.1009~1-e4940]:ProcessFile():nnet3-chain-get-egs.cc:134) Not producing egs for utterance TE4015-TE4016_2-B.232-1 because it is too short: 63 frames.
WARNING (nnet3-chain-get-egs[5.5.1009~1-e4940]:ProcessFile():nnet3-chain-get-egs.cc:134) Not producing egs for utterance TE4015-TE4016_2-B.269-1 because it is too short: 82 frames.
WARNING (nnet3-chain-get-egs[5.5.1009~1-e4940]:ProcessFile():nnet3-chain-get-egs.cc:134) Not producing egs for utterance TE4015-TE4016_2-B.273-1 because it is too short: 74 frames.
WARNING (nnet3-chain-get-egs[5.5.1009~1-e4940]:ProcessFile():nnet3-chain-get-egs.cc:134) Not producing egs for utterance TE4017-TE4018_1-A.062-1 because it is too short: 97 frames.
WARNING (nnet3-chain-get-egs[5.5.1009~1-e4940]:ProcessFile():nnet3-chain-get-egs.cc:134) Not producing egs for utterance TE4017-TE4018_1-A.081-1 because it is too short: 81 frames.
WARNING (nnet3-chain-get-egs[5.5.1009~1-e4940]:ProcessFile():nnet3-chain-get-egs.cc:134) Not producing egs for utterance TE4017-TE4018_1-A.128-1 because it is too short: 73 frames.
WARNING (nnet3-chain-get-egs[5.5.1009~1-e4940]:ProcessFile():nnet3-chain-get-egs.cc:134) Not producing egs for utterance TE4017-TE4018_1-A.133-1 because it is too short: 93 frames.
WARNING (nnet3-chain-get-egs[5.5.1009~1-e4940]:ProcessFile():nnet3-chain-get-egs.cc:134) Not producing egs for utterance TE4017-TE4018_1-A.138-1 because it is too short: 78 frames.
WARNING (nnet3-chain-get-egs[5.5.1009~1-e4940]:ProcessFile():nnet3-chain-get-egs.cc:134) Not producing egs for utterance TE4017-TE4018_1-A.144-1 because it is too short: 78 frames.
WARNING (nnet3-chain-get-egs[5.5.1009~1-e4940]:ProcessFile():nnet3-chain-get-egs.cc:134) Not producing egs for utterance TE4017-TE4018_1-A.297-1 because it is too short: 58 frames.
WARNING (nnet3-chain-get-egs[5.5.1009~1-e4940]:ProcessFile():nnet3-chain-get-egs.cc:134) Not producing egs for utterance TE4017-TE4018_1-B.057-1 because it is too short: 64 frames.
WARNING (nnet3-chain-get-egs[5.5.1009~1-e4940]:ProcessFile():nnet3-chain-get-egs.cc:134) Not producing egs for utterance TE4017-TE4018_1-B.080-1 because it is too short: 66 frames.
WARNING (nnet3-chain-get-egs[5.5.1009~1-e4940]:ProcessFile():nnet3-chain-get-egs.cc:134) Not producing egs for utterance TE4017-TE4018_1-B.144-1 because it is too short: 91 frames.
WARNING (nnet3-chain-get-egs[5.5.1009~1-e4940]:ProcessFile():nnet3-chain-get-egs.cc:134) Not producing egs for utterance TE4017-TE4018_2-A.015-1 because it is too short: 64 frames.
WARNING (nnet3-chain-get-egs[5.5.1009~1-e4940]:ProcessFile():nnet3-chain-get-egs.cc:134) Not producing egs for utterance TE4017-TE4018_2-A.270-1 because it is too short: 68 frames.
WARNING (nnet3-chain-get-egs[5.5.1009~1-e4940]:ProcessFile():nnet3-chain-get-egs.cc:134) Not producing egs for utterance TE4017-TE4018_2-A.301-1 because it is too short: 98 frames.
WARNING (nnet3-chain-get-egs[5.5.1009~1-e4940]:ProcessFile():nnet3-chain-get-egs.cc:134) Not producing egs for utterance TE4017-TE4018_2-A.322-1 because it is too short: 74 frames.
WARNING (nnet3-chain-get-egs[5.5.1009~1-e4940]:ProcessFile():nnet3-chain-get-egs.cc:134) Not producing egs for utterance TE4017-TE4018_2-A.324-1 because it is too short: 87 frames.
WARNING (nnet3-chain-get-egs[5.5.1009~1-e4940]:ProcessFile():nnet3-chain-get-egs.cc:134) Not producing egs for utterance TE4017-TE4018_2-B.004-1 because it is too short: 71 frames.
WARNING (nnet3-chain-get-egs[5.5.1009~1-e4940]:ProcessFile():nnet3-chain-get-egs.cc:134) Not producing egs for utterance TE4017-TE4018_2-B.026-1 because it is too short: 76 frames.
WARNING (nnet3-chain-get-egs[5.5.1009~1-e4940]:ProcessFile():nnet3-chain-get-egs.cc:134) Not producing egs for utterance TE4017-TE4018_2-B.235-1 because it is too short: 62 frames.
WARNING (nnet3-chain-get-egs[5.5.1009~1-e4940]:ProcessFile():nnet3-chain-get-egs.cc:134) Not producing egs for utterance TE4017-TE4018_2-B.265-1 because it is too short: 52 frames.
WARNING (nnet3-chain-get-egs[5.5.1009~1-e4940]:ProcessFile():nnet3-chain-get-egs.cc:134) Not producing egs for utterance TE4017-TE4019_1-A.220-1 because it is too short: 93 frames.
WARNING (nnet3-chain-get-egs[5.5.1009~1-e4940]:ProcessFile():nnet3-chain-get-egs.cc:134) Not producing egs for utterance TE4017-TE4019_1-A.263-1 because it is too short: 76 frames.
WARNING (nnet3-chain-get-egs[5.5.1009~1-e4940]:ProcessFile():nnet3-chain-get-egs.cc:134) Not producing egs for utterance TE4017-TE4019_1-A.278-1 because it is too short: 84 frames.
WARNING (nnet3-chain-get-egs[5.5.1009~1-e4940]:ProcessFile():nnet3-chain-get-egs.cc:134) Not producing egs for utterance TE4017-TE4019_1-A.319-1 because it is too short: 78 frames.
WARNING (nnet3-chain-get-egs[5.5.1009~1-e4940]:ProcessFile():nnet3-chain-get-egs.cc:134) Not producing egs for utterance TE4017-TE4019_1-A.374-1 because it is too short: 96 frames.
WARNING (nnet3-chain-get-egs[5.5.1009~1-e4940]:ProcessFile():nnet3-chain-get-egs.cc:134) Not producing egs for utterance TE4017-TE4019_1-A.378-1 because it is too short: 97 frames.
WARNING (nnet3-chain-get-egs[5.5.1009~1-e4940]:ProcessFile():nnet3-chain-get-egs.cc:134) Not producing egs for utterance TE4017-TE4019_1-A.408-1 because it is too short: 67 frames.
WARNING (nnet3-chain-get-egs[5.5.1009~1-e4940]:ProcessFile():nnet3-chain-get-egs.cc:134) Not producing egs for utterance TE4017-TE4019_1-A.410-1 because it is too short: 63 frames.
LOG (lattice-align-phones[5.5.1009~1-e4940]:main():lattice-align-phones.cc:105) Successfully aligned 1230 lattices; 0 had errors.
WARNING (nnet3-chain-get-egs[5.5.1009~1-e4940]:ProcessFile():nnet3-chain-get-egs.cc:134) Not producing egs for utterance TE4017-TE4019_1-B.186-1 because it is too short: 57 frames.
WARNING (nnet3-chain-get-egs[5.5.1009~1-e4940]:ProcessFile():nnet3-chain-get-egs.cc:134) Not producing egs for utterance TE4017-TE4019_1-B.196-1 because it is too short: 77 frames.
WARNING (nnet3-chain-get-egs[5.5.1009~1-e4940]:ProcessFile():nnet3-chain-get-egs.cc:134) Not producing egs for utterance TE4017-TE4019_1-B.405-1 because it is too short: 101 frames.
WARNING (nnet3-chain-get-egs[5.5.1009~1-e4940]:ProcessFile():nnet3-chain-get-egs.cc:134) Not producing egs for utterance TE4017-TE4019_2-A.057-1 because it is too short: 91 frames.
WARNING (nnet3-chain-get-egs[5.5.1009~1-e4940]:ProcessFile():nnet3-chain-get-egs.cc:134) Not producing egs for utterance TE4017-TE4019_2-A.103-1 because it is too short: 83 frames.
WARNING (nnet3-chain-get-egs[5.5.1009~1-e4940]:ProcessFile():nnet3-chain-get-egs.cc:134) Not producing egs for utterance TE4017-TE4019_2-A.214-1 because it is too short: 72 frames.
WARNING (nnet3-chain-get-egs[5.5.1009~1-e4940]:ProcessFile():nnet3-chain-get-egs.cc:134) Not producing egs for utterance TE4017-TE4019_2-A.220-1 because it is too short: 97 frames.
WARNING (nnet3-chain-get-egs[5.5.1009~1-e4940]:ProcessFile():nnet3-chain-get-egs.cc:134) Not producing egs for utterance TE4017-TE4019_2-A.315-1 because it is too short: 78 frames.
WARNING (nnet3-chain-get-egs[5.5.1009~1-e4940]:ProcessFile():nnet3-chain-get-egs.cc:134) Not producing egs for utterance TE4017-TE4019_2-B.071-1 because it is too short: 53 frames.
WARNING (nnet3-chain-get-egs[5.5.1009~1-e4940]:ProcessFile():nnet3-chain-get-egs.cc:134) Not producing egs for utterance TE4017-TE4019_2-B.170-1 because it is too short: 62 frames.
WARNING (nnet3-chain-get-egs[5.5.1009~1-e4940]:ProcessFile():nnet3-chain-get-egs.cc:134) Not producing egs for utterance TE4017-TE4019_2-B.187-1 because it is too short: 90 frames.
WARNING (nnet3-chain-get-egs[5.5.1009~1-e4940]:ProcessFile():nnet3-chain-get-egs.cc:134) Not producing egs for utterance TE4017-TE4019_2-B.194-1 because it is too short: 74 frames.
LOG (chain-get-supervision[5.5.1009~1-e4940]:main():chain-get-supervision.cc:150) Generated chain supervision information for 1230 utterances, errors on 0
LOG (apply-cmvn-online[5.5.1009~1-e4940]:main():apply-cmvn-online.cc:133) Applied online CMVN to 1231 files, or 218654 frames.
WARNING (nnet3-chain-get-egs[5.5.1009~1-e4940]:ProcessFile():nnet3-chain-get-egs.cc:134) Not producing egs for utterance TE4018-TE4020_1-A.068-1 because it is too short: 101 frames.
WARNING (nnet3-chain-get-egs[5.5.1009~1-e4940]:main():nnet3-chain-get-egs.cc:442) 371 utterances had errors and could not be processed.
LOG (nnet3-chain-get-egs[5.5.1009~1-e4940]:~UtteranceSplitter():nnet-example-utils.cc:372) Split 1230 utts, with total length 218369 frames (0.606581 hours assuming 100 frames per second) into 1586 chunks.
LOG (nnet3-chain-get-egs[5.5.1009~1-e4940]:~UtteranceSplitter():nnet-example-utils.cc:382) Average chunk length was 121.436 frames; overlap between adjacent chunks was 3.11171% of input length; length of output was 88.198% of input length (minus overlap = 85.0863%).
LOG (nnet3-chain-get-egs[5.5.1009~1-e4940]:~UtteranceSplitter():nnet-example-utils.cc:398) Output frames are distributed among chunk-sizes as follows: 102 = 34.11%, 111 = 21.27%, 150 = 44.63%
LOG (nnet3-chain-copy-egs[5.5.1009~1-e4940]:main():nnet3-chain-copy-egs.cc:395) Read 1586 neural-network training examples, wrote 1586
# Accounting: time=11 threads=1
# Ended (code 0) at Wed Jun 15 01:46:32 UTC 2022, elapsed time 11 seconds
