# lattice-align-phones --replace-output-symbols=true telugu_exp/chain_cleaned_1d/tri3_cleaned_train_cleaned_sp_lats/final.mdl "ark:gunzip -c telugu_exp/chain_cleaned_1d/tri3_cleaned_train_cleaned_sp_lats/lat.52.gz |" ark:- | chain-get-supervision --lattice-input=true --frame-subsampling-factor=3 --right-tolerance=5 --left-tolerance=5 --convert-to-pdfs=false telugu_exp/chain_cleaned_1d/tdnn1d_sp/tree telugu_exp/chain_cleaned_1d/tdnn1d_sp/0.trans_mdl ark:- ark:- | nnet3-chain-get-egs --online-ivectors=scp:telugu_exp/nnet3_cleaned_1d/ivectors_train_cleaned_sp_hires/ivector_online.scp --online-ivector-period=10 --srand=$[52+0] --left-context=29 --right-context=29 --num-frames=150,110,100 --frame-subsampling-factor=3 --compress=true --num-frames-overlap=0 --transition-model=telugu_exp/chain_cleaned_1d/tdnn1d_sp/0.trans_mdl "ark,s,cs:utils/filter_scp.pl --exclude telugu_exp/chain_cleaned_1d/tdnn1d_sp/egs/valid_uttlist telugu_data/train_cleaned_sp_hires/split100/52/feats.scp | apply-cmvn-online --config=conf/online_cmvn.conf --spk2utt=ark:telugu_data/train_cleaned_sp_hires/split100/52/spk2utt telugu_exp/chain_cleaned_1d/tdnn1d_sp/egs/global_cmvn.stats scp:- ark:- |" ark,s,cs:- ark:- | nnet3-chain-copy-egs --random=true --srand=$[52+0] ark:- ark:telugu_exp/chain_cleaned_1d/tdnn1d_sp/egs/cegs_orig.52.1.ark ark:telugu_exp/chain_cleaned_1d/tdnn1d_sp/egs/cegs_orig.52.2.ark ark:telugu_exp/chain_cleaned_1d/tdnn1d_sp/egs/cegs_orig.52.3.ark ark:telugu_exp/chain_cleaned_1d/tdnn1d_sp/egs/cegs_orig.52.4.ark ark:telugu_exp/chain_cleaned_1d/tdnn1d_sp/egs/cegs_orig.52.5.ark ark:telugu_exp/chain_cleaned_1d/tdnn1d_sp/egs/cegs_orig.52.6.ark ark:telugu_exp/chain_cleaned_1d/tdnn1d_sp/egs/cegs_orig.52.7.ark ark:telugu_exp/chain_cleaned_1d/tdnn1d_sp/egs/cegs_orig.52.8.ark ark:telugu_exp/chain_cleaned_1d/tdnn1d_sp/egs/cegs_orig.52.9.ark 
# Started at Wed Jun 15 01:46:49 UTC 2022
#
lattice-align-phones --replace-output-symbols=true telugu_exp/chain_cleaned_1d/tri3_cleaned_train_cleaned_sp_lats/final.mdl 'ark:gunzip -c telugu_exp/chain_cleaned_1d/tri3_cleaned_train_cleaned_sp_lats/lat.52.gz |' ark:- 
chain-get-supervision --lattice-input=true --frame-subsampling-factor=3 --right-tolerance=5 --left-tolerance=5 --convert-to-pdfs=false telugu_exp/chain_cleaned_1d/tdnn1d_sp/tree telugu_exp/chain_cleaned_1d/tdnn1d_sp/0.trans_mdl ark:- ark:- 
nnet3-chain-copy-egs --random=true --srand=52 ark:- ark:telugu_exp/chain_cleaned_1d/tdnn1d_sp/egs/cegs_orig.52.1.ark ark:telugu_exp/chain_cleaned_1d/tdnn1d_sp/egs/cegs_orig.52.2.ark ark:telugu_exp/chain_cleaned_1d/tdnn1d_sp/egs/cegs_orig.52.3.ark ark:telugu_exp/chain_cleaned_1d/tdnn1d_sp/egs/cegs_orig.52.4.ark ark:telugu_exp/chain_cleaned_1d/tdnn1d_sp/egs/cegs_orig.52.5.ark ark:telugu_exp/chain_cleaned_1d/tdnn1d_sp/egs/cegs_orig.52.6.ark ark:telugu_exp/chain_cleaned_1d/tdnn1d_sp/egs/cegs_orig.52.7.ark ark:telugu_exp/chain_cleaned_1d/tdnn1d_sp/egs/cegs_orig.52.8.ark ark:telugu_exp/chain_cleaned_1d/tdnn1d_sp/egs/cegs_orig.52.9.ark 
nnet3-chain-get-egs --online-ivectors=scp:telugu_exp/nnet3_cleaned_1d/ivectors_train_cleaned_sp_hires/ivector_online.scp --online-ivector-period=10 --srand=52 --left-context=29 --right-context=29 --num-frames=150,110,100 --frame-subsampling-factor=3 --compress=true --num-frames-overlap=0 --transition-model=telugu_exp/chain_cleaned_1d/tdnn1d_sp/0.trans_mdl 'ark,s,cs:utils/filter_scp.pl --exclude telugu_exp/chain_cleaned_1d/tdnn1d_sp/egs/valid_uttlist telugu_data/train_cleaned_sp_hires/split100/52/feats.scp | apply-cmvn-online --config=conf/online_cmvn.conf --spk2utt=ark:telugu_data/train_cleaned_sp_hires/split100/52/spk2utt telugu_exp/chain_cleaned_1d/tdnn1d_sp/egs/global_cmvn.stats scp:- ark:- |' ark,s,cs:- ark:- 
LOG (nnet3-chain-get-egs[5.5.1009~1-e4940]:ComputeDerived():nnet-example-utils.cc:346) Rounding up --num-frames=150,110,100 to multiples of --frame-subsampling-factor=3, to: 150,111,102
apply-cmvn-online --config=conf/online_cmvn.conf --spk2utt=ark:telugu_data/train_cleaned_sp_hires/split100/52/spk2utt telugu_exp/chain_cleaned_1d/tdnn1d_sp/egs/global_cmvn.stats scp:- ark:- 
WARNING (nnet3-chain-get-egs[5.5.1009~1-e4940]:ProcessFile():nnet3-chain-get-egs.cc:134) Not producing egs for utterance sp0.9-TE0535-TE0536_1-B.102-1 because it is too short: 87 frames.
WARNING (nnet3-chain-get-egs[5.5.1009~1-e4940]:ProcessFile():nnet3-chain-get-egs.cc:134) Not producing egs for utterance sp0.9-TE0535-TE0536_1-B.118-1 because it is too short: 62 frames.
WARNING (nnet3-chain-get-egs[5.5.1009~1-e4940]:ProcessFile():nnet3-chain-get-egs.cc:134) Not producing egs for utterance sp0.9-TE0535-TE0536_2-A.028-1 because it is too short: 56 frames.
WARNING (nnet3-chain-get-egs[5.5.1009~1-e4940]:ProcessFile():nnet3-chain-get-egs.cc:134) Not producing egs for utterance sp0.9-TE0535-TE0536_2-A.030-1 because it is too short: 69 frames.
WARNING (nnet3-chain-get-egs[5.5.1009~1-e4940]:ProcessFile():nnet3-chain-get-egs.cc:134) Not producing egs for utterance sp0.9-TE0535-TE0536_2-A.032-1 because it is too short: 97 frames.
WARNING (nnet3-chain-get-egs[5.5.1009~1-e4940]:ProcessFile():nnet3-chain-get-egs.cc:134) Not producing egs for utterance sp0.9-TE0535-TE0536_2-A.043-1 because it is too short: 63 frames.
WARNING (nnet3-chain-get-egs[5.5.1009~1-e4940]:ProcessFile():nnet3-chain-get-egs.cc:134) Not producing egs for utterance sp0.9-TE0535-TE0536_2-A.062-1 because it is too short: 60 frames.
WARNING (nnet3-chain-get-egs[5.5.1009~1-e4940]:ProcessFile():nnet3-chain-get-egs.cc:134) Not producing egs for utterance sp0.9-TE0535-TE0536_2-A.079-1 because it is too short: 65 frames.
WARNING (nnet3-chain-get-egs[5.5.1009~1-e4940]:ProcessFile():nnet3-chain-get-egs.cc:134) Not producing egs for utterance sp0.9-TE0535-TE0536_2-A.086-1 because it is too short: 66 frames.
WARNING (nnet3-chain-get-egs[5.5.1009~1-e4940]:ProcessFile():nnet3-chain-get-egs.cc:134) Not producing egs for utterance sp0.9-TE0535-TE0536_2-A.094-1 because it is too short: 67 frames.
WARNING (nnet3-chain-get-egs[5.5.1009~1-e4940]:ProcessFile():nnet3-chain-get-egs.cc:134) Not producing egs for utterance sp0.9-TE0535-TE0536_2-A.107-1 because it is too short: 74 frames.
WARNING (nnet3-chain-get-egs[5.5.1009~1-e4940]:ProcessFile():nnet3-chain-get-egs.cc:134) Not producing egs for utterance sp0.9-TE0535-TE0536_2-A.208-1 because it is too short: 95 frames.
WARNING (nnet3-chain-get-egs[5.5.1009~1-e4940]:ProcessFile():nnet3-chain-get-egs.cc:134) Not producing egs for utterance sp0.9-TE0535-TE0536_2-A.220-1 because it is too short: 100 frames.
WARNING (nnet3-chain-get-egs[5.5.1009~1-e4940]:ProcessFile():nnet3-chain-get-egs.cc:134) Not producing egs for utterance sp0.9-TE0535-TE0536_2-A.223-1 because it is too short: 81 frames.
WARNING (nnet3-chain-get-egs[5.5.1009~1-e4940]:ProcessFile():nnet3-chain-get-egs.cc:134) Not producing egs for utterance sp0.9-TE0535-TE0536_2-A.229-1 because it is too short: 76 frames.
WARNING (nnet3-chain-get-egs[5.5.1009~1-e4940]:ProcessFile():nnet3-chain-get-egs.cc:134) Not producing egs for utterance sp0.9-TE0535-TE0536_2-B.066-1 because it is too short: 90 frames.
WARNING (nnet3-chain-get-egs[5.5.1009~1-e4940]:ProcessFile():nnet3-chain-get-egs.cc:134) Not producing egs for utterance sp0.9-TE0535-TE0536_2-B.081-1 because it is too short: 80 frames.
WARNING (nnet3-chain-get-egs[5.5.1009~1-e4940]:ProcessFile():nnet3-chain-get-egs.cc:134) Not producing egs for utterance sp0.9-TE0535-TE0536_2-B.085-1 because it is too short: 94 frames.
WARNING (nnet3-chain-get-egs[5.5.1009~1-e4940]:ProcessFile():nnet3-chain-get-egs.cc:134) Not producing egs for utterance sp0.9-TE0535-TE0536_2-B.089-1 because it is too short: 95 frames.
WARNING (nnet3-chain-get-egs[5.5.1009~1-e4940]:ProcessFile():nnet3-chain-get-egs.cc:134) Not producing egs for utterance sp0.9-TE0535-TE0536_2-B.139-1 because it is too short: 80 frames.
WARNING (nnet3-chain-get-egs[5.5.1009~1-e4940]:ProcessFile():nnet3-chain-get-egs.cc:134) Not producing egs for utterance sp0.9-TE0535-TE0536_2-B.165-1 because it is too short: 95 frames.
WARNING (nnet3-chain-get-egs[5.5.1009~1-e4940]:ProcessFile():nnet3-chain-get-egs.cc:134) Not producing egs for utterance sp0.9-TE0535-TE0536_2-B.183-1 because it is too short: 90 frames.
WARNING (nnet3-chain-get-egs[5.5.1009~1-e4940]:ProcessFile():nnet3-chain-get-egs.cc:134) Not producing egs for utterance sp0.9-TE0535-TE0536_2-B.257-1 because it is too short: 81 frames.
WARNING (nnet3-chain-get-egs[5.5.1009~1-e4940]:ProcessFile():nnet3-chain-get-egs.cc:134) Not producing egs for utterance sp0.9-TE0535-TE0536_2-B.270-1 because it is too short: 70 frames.
WARNING (nnet3-chain-get-egs[5.5.1009~1-e4940]:ProcessFile():nnet3-chain-get-egs.cc:134) Not producing egs for utterance sp0.9-TE0535-TE0536_2-B.280-1 because it is too short: 97 frames.
WARNING (nnet3-chain-get-egs[5.5.1009~1-e4940]:ProcessFile():nnet3-chain-get-egs.cc:134) Not producing egs for utterance sp0.9-TE0535-TE0536_2-B.350-1 because it is too short: 81 frames.
WARNING (nnet3-chain-get-egs[5.5.1009~1-e4940]:ProcessFile():nnet3-chain-get-egs.cc:134) Not producing egs for utterance sp0.9-TE0537-TE0538_1-A.092-1 because it is too short: 90 frames.
WARNING (nnet3-chain-get-egs[5.5.1009~1-e4940]:ProcessFile():nnet3-chain-get-egs.cc:134) Not producing egs for utterance sp0.9-TE0537-TE0538_1-A.177-1 because it is too short: 73 frames.
WARNING (nnet3-chain-get-egs[5.5.1009~1-e4940]:ProcessFile():nnet3-chain-get-egs.cc:134) Not producing egs for utterance sp0.9-TE0537-TE0538_1-A.261-1 because it is too short: 92 frames.
WARNING (nnet3-chain-get-egs[5.5.1009~1-e4940]:ProcessFile():nnet3-chain-get-egs.cc:134) Not producing egs for utterance sp0.9-TE0537-TE0538_1-A.304-1 because it is too short: 95 frames.
WARNING (nnet3-chain-get-egs[5.5.1009~1-e4940]:ProcessFile():nnet3-chain-get-egs.cc:134) Not producing egs for utterance sp0.9-TE0537-TE0538_1-B.038-1 because it is too short: 73 frames.
WARNING (nnet3-chain-get-egs[5.5.1009~1-e4940]:ProcessFile():nnet3-chain-get-egs.cc:134) Not producing egs for utterance sp0.9-TE0537-TE0538_1-B.100-1 because it is too short: 92 frames.
WARNING (nnet3-chain-get-egs[5.5.1009~1-e4940]:ProcessFile():nnet3-chain-get-egs.cc:134) Not producing egs for utterance sp0.9-TE0537-TE0538_1-B.233-1 because it is too short: 97 frames.
WARNING (nnet3-chain-get-egs[5.5.1009~1-e4940]:ProcessFile():nnet3-chain-get-egs.cc:134) Not producing egs for utterance sp0.9-TE0537-TE0538_1-B.269-1 because it is too short: 88 frames.
WARNING (nnet3-chain-get-egs[5.5.1009~1-e4940]:ProcessFile():nnet3-chain-get-egs.cc:134) Not producing egs for utterance sp0.9-TE0537-TE0538_1-B.279-1 because it is too short: 76 frames.
WARNING (nnet3-chain-get-egs[5.5.1009~1-e4940]:ProcessFile():nnet3-chain-get-egs.cc:134) Not producing egs for utterance sp0.9-TE0537-TE0538_1-B.285-1 because it is too short: 79 frames.
WARNING (nnet3-chain-get-egs[5.5.1009~1-e4940]:ProcessFile():nnet3-chain-get-egs.cc:134) Not producing egs for utterance sp0.9-TE0537-TE0538_1-B.293-1 because it is too short: 84 frames.
WARNING (nnet3-chain-get-egs[5.5.1009~1-e4940]:ProcessFile():nnet3-chain-get-egs.cc:134) Not producing egs for utterance sp0.9-TE0537-TE0538_2-B.167-1 because it is too short: 62 frames.
WARNING (nnet3-chain-get-egs[5.5.1009~1-e4940]:ProcessFile():nnet3-chain-get-egs.cc:134) Not producing egs for utterance sp0.9-TE0537-TE0538_2-B.184-1 because it is too short: 76 frames.
WARNING (nnet3-chain-get-egs[5.5.1009~1-e4940]:ProcessFile():nnet3-chain-get-egs.cc:134) Not producing egs for utterance sp0.9-TE0537-TE0539_1-A.066-1 because it is too short: 66 frames.
WARNING (nnet3-chain-get-egs[5.5.1009~1-e4940]:ProcessFile():nnet3-chain-get-egs.cc:134) Not producing egs for utterance sp0.9-TE0537-TE0539_1-A.167-1 because it is too short: 97 frames.
WARNING (nnet3-chain-get-egs[5.5.1009~1-e4940]:ProcessFile():nnet3-chain-get-egs.cc:134) Not producing egs for utterance sp0.9-TE0537-TE0539_1-A.248-1 because it is too short: 99 frames.
WARNING (nnet3-chain-get-egs[5.5.1009~1-e4940]:ProcessFile():nnet3-chain-get-egs.cc:134) Not producing egs for utterance sp0.9-TE0537-TE0539_1-A.266-1 because it is too short: 95 frames.
WARNING (nnet3-chain-get-egs[5.5.1009~1-e4940]:ProcessFile():nnet3-chain-get-egs.cc:134) Not producing egs for utterance sp0.9-TE0537-TE0539_1-A.303-1 because it is too short: 67 frames.
WARNING (nnet3-chain-get-egs[5.5.1009~1-e4940]:ProcessFile():nnet3-chain-get-egs.cc:134) Not producing egs for utterance sp0.9-TE0537-TE0539_1-A.426-1 because it is too short: 99 frames.
WARNING (nnet3-chain-get-egs[5.5.1009~1-e4940]:ProcessFile():nnet3-chain-get-egs.cc:134) Not producing egs for utterance sp0.9-TE0537-TE0539_1-B.037-1 because it is too short: 80 frames.
WARNING (nnet3-chain-get-egs[5.5.1009~1-e4940]:ProcessFile():nnet3-chain-get-egs.cc:134) Not producing egs for utterance sp0.9-TE0537-TE0539_1-B.138-1 because it is too short: 69 frames.
WARNING (nnet3-chain-get-egs[5.5.1009~1-e4940]:ProcessFile():nnet3-chain-get-egs.cc:134) Not producing egs for utterance sp0.9-TE0537-TE0539_1-B.179-1 because it is too short: 97 frames.
WARNING (nnet3-chain-get-egs[5.5.1009~1-e4940]:ProcessFile():nnet3-chain-get-egs.cc:134) Not producing egs for utterance sp0.9-TE0537-TE0539_1-B.196-1 because it is too short: 88 frames.
WARNING (nnet3-chain-get-egs[5.5.1009~1-e4940]:ProcessFile():nnet3-chain-get-egs.cc:134) Not producing egs for utterance sp0.9-TE0537-TE0539_1-B.217-1 because it is too short: 79 frames.
WARNING (nnet3-chain-get-egs[5.5.1009~1-e4940]:ProcessFile():nnet3-chain-get-egs.cc:134) Not producing egs for utterance sp0.9-TE0537-TE0539_2-A.151-1 because it is too short: 90 frames.
WARNING (nnet3-chain-get-egs[5.5.1009~1-e4940]:ProcessFile():nnet3-chain-get-egs.cc:134) Not producing egs for utterance sp0.9-TE0537-TE0539_2-A.308-1 because it is too short: 98 frames.
WARNING (nnet3-chain-get-egs[5.5.1009~1-e4940]:ProcessFile():nnet3-chain-get-egs.cc:134) Not producing egs for utterance sp0.9-TE0537-TE0539_2-B.009-1 because it is too short: 63 frames.
WARNING (nnet3-chain-get-egs[5.5.1009~1-e4940]:ProcessFile():nnet3-chain-get-egs.cc:134) Not producing egs for utterance sp0.9-TE0537-TE0539_2-B.041-1 because it is too short: 101 frames.
WARNING (nnet3-chain-get-egs[5.5.1009~1-e4940]:ProcessFile():nnet3-chain-get-egs.cc:134) Not producing egs for utterance sp0.9-TE0537-TE0539_2-B.290-1 because it is too short: 73 frames.
WARNING (nnet3-chain-get-egs[5.5.1009~1-e4940]:ProcessFile():nnet3-chain-get-egs.cc:134) Not producing egs for utterance sp0.9-TE0538-TE0540_1-A.194-1 because it is too short: 85 frames.
WARNING (nnet3-chain-get-egs[5.5.1009~1-e4940]:ProcessFile():nnet3-chain-get-egs.cc:134) Not producing egs for utterance sp0.9-TE0538-TE0540_1-A.214-1 because it is too short: 94 frames.
WARNING (nnet3-chain-get-egs[5.5.1009~1-e4940]:ProcessFile():nnet3-chain-get-egs.cc:134) Not producing egs for utterance sp0.9-TE0538-TE0540_1-A.228-1 because it is too short: 85 frames.
WARNING (nnet3-chain-get-egs[5.5.1009~1-e4940]:ProcessFile():nnet3-chain-get-egs.cc:134) Not producing egs for utterance sp0.9-TE0538-TE0540_1-A.241-1 because it is too short: 99 frames.
WARNING (nnet3-chain-get-egs[5.5.1009~1-e4940]:ProcessFile():nnet3-chain-get-egs.cc:134) Not producing egs for utterance sp0.9-TE0538-TE0540_1-B.070-1 because it is too short: 95 frames.
WARNING (nnet3-chain-get-egs[5.5.1009~1-e4940]:ProcessFile():nnet3-chain-get-egs.cc:134) Not producing egs for utterance sp0.9-TE0538-TE0540_1-B.108-1 because it is too short: 101 frames.
WARNING (nnet3-chain-get-egs[5.5.1009~1-e4940]:ProcessFile():nnet3-chain-get-egs.cc:134) Not producing egs for utterance sp0.9-TE0538-TE0540_1-B.122-1 because it is too short: 76 frames.
WARNING (nnet3-chain-get-egs[5.5.1009~1-e4940]:ProcessFile():nnet3-chain-get-egs.cc:134) Not producing egs for utterance sp0.9-TE0538-TE0540_1-B.148-1 because it is too short: 66 frames.
WARNING (nnet3-chain-get-egs[5.5.1009~1-e4940]:ProcessFile():nnet3-chain-get-egs.cc:134) Not producing egs for utterance sp0.9-TE0538-TE0540_1-B.239-1 because it is too short: 71 frames.
WARNING (nnet3-chain-get-egs[5.5.1009~1-e4940]:ProcessFile():nnet3-chain-get-egs.cc:134) Not producing egs for utterance sp0.9-TE0538-TE0540_1-B.269-1 because it is too short: 97 frames.
WARNING (nnet3-chain-get-egs[5.5.1009~1-e4940]:ProcessFile():nnet3-chain-get-egs.cc:134) Not producing egs for utterance sp0.9-TE0538-TE0540_2-B.023-1 because it is too short: 86 frames.
WARNING (nnet3-chain-get-egs[5.5.1009~1-e4940]:ProcessFile():nnet3-chain-get-egs.cc:134) Not producing egs for utterance sp0.9-TE0538-TE0540_2-B.029-1 because it is too short: 63 frames.
WARNING (nnet3-chain-get-egs[5.5.1009~1-e4940]:ProcessFile():nnet3-chain-get-egs.cc:134) Not producing egs for utterance sp0.9-TE0538-TE0540_2-B.073-1 because it is too short: 90 frames.
WARNING (nnet3-chain-get-egs[5.5.1009~1-e4940]:ProcessFile():nnet3-chain-get-egs.cc:134) Not producing egs for utterance sp0.9-TE0538-TE0540_2-B.077-1 because it is too short: 97 frames.
WARNING (nnet3-chain-get-egs[5.5.1009~1-e4940]:ProcessFile():nnet3-chain-get-egs.cc:134) Not producing egs for utterance sp0.9-TE0538-TE0540_2-B.165-1 because it is too short: 69 frames.
WARNING (nnet3-chain-get-egs[5.5.1009~1-e4940]:ProcessFile():nnet3-chain-get-egs.cc:134) Not producing egs for utterance sp0.9-TE0538-TE0540_2-B.171-1 because it is too short: 77 frames.
WARNING (nnet3-chain-get-egs[5.5.1009~1-e4940]:ProcessFile():nnet3-chain-get-egs.cc:134) Not producing egs for utterance sp0.9-TE0538-TE0540_2-B.189-1 because it is too short: 82 frames.
WARNING (nnet3-chain-get-egs[5.5.1009~1-e4940]:ProcessFile():nnet3-chain-get-egs.cc:134) Not producing egs for utterance sp0.9-TE0539-TE0540_1-A.012-1 because it is too short: 74 frames.
WARNING (nnet3-chain-get-egs[5.5.1009~1-e4940]:ProcessFile():nnet3-chain-get-egs.cc:134) Not producing egs for utterance sp0.9-TE0539-TE0540_1-A.157-1 because it is too short: 89 frames.
WARNING (nnet3-chain-get-egs[5.5.1009~1-e4940]:ProcessFile():nnet3-chain-get-egs.cc:134) Not producing egs for utterance sp0.9-TE0539-TE0540_1-B.108-1 because it is too short: 92 frames.
WARNING (nnet3-chain-get-egs[5.5.1009~1-e4940]:ProcessFile():nnet3-chain-get-egs.cc:134) Not producing egs for utterance sp0.9-TE0539-TE0540_1-B.139-1 because it is too short: 98 frames.
WARNING (nnet3-chain-get-egs[5.5.1009~1-e4940]:ProcessFile():nnet3-chain-get-egs.cc:134) Not producing egs for utterance sp0.9-TE0539-TE0540_1-B.156-1 because it is too short: 87 frames.
WARNING (nnet3-chain-get-egs[5.5.1009~1-e4940]:ProcessFile():nnet3-chain-get-egs.cc:134) Not producing egs for utterance sp0.9-TE0539-TE0540_1-B.166-1 because it is too short: 82 frames.
WARNING (nnet3-chain-get-egs[5.5.1009~1-e4940]:ProcessFile():nnet3-chain-get-egs.cc:134) Not producing egs for utterance sp0.9-TE0539-TE0540_1-B.195-1 because it is too short: 82 frames.
WARNING (nnet3-chain-get-egs[5.5.1009~1-e4940]:ProcessFile():nnet3-chain-get-egs.cc:134) Not producing egs for utterance sp0.9-TE0539-TE0540_1-B.240-1 because it is too short: 66 frames.
WARNING (nnet3-chain-get-egs[5.5.1009~1-e4940]:ProcessFile():nnet3-chain-get-egs.cc:134) Not producing egs for utterance sp0.9-TE0539-TE0540_1-B.305-1 because it is too short: 99 frames.
WARNING (nnet3-chain-get-egs[5.5.1009~1-e4940]:ProcessFile():nnet3-chain-get-egs.cc:134) Not producing egs for utterance sp0.9-TE0539-TE0540_1-B.311-1 because it is too short: 71 frames.
WARNING (nnet3-chain-get-egs[5.5.1009~1-e4940]:ProcessFile():nnet3-chain-get-egs.cc:134) Not producing egs for utterance sp0.9-TE0539-TE0540_1-B.325-1 because it is too short: 97 frames.
WARNING (nnet3-chain-get-egs[5.5.1009~1-e4940]:ProcessFile():nnet3-chain-get-egs.cc:134) Not producing egs for utterance sp0.9-TE0539-TE0540_1-B.411-1 because it is too short: 82 frames.
WARNING (nnet3-chain-get-egs[5.5.1009~1-e4940]:ProcessFile():nnet3-chain-get-egs.cc:134) Not producing egs for utterance sp0.9-TE0539-TE0540_2-A.022-1 because it is too short: 65 frames.
WARNING (nnet3-chain-get-egs[5.5.1009~1-e4940]:ProcessFile():nnet3-chain-get-egs.cc:134) Not producing egs for utterance sp0.9-TE0539-TE0540_2-B.082-1 because it is too short: 91 frames.
WARNING (nnet3-chain-get-egs[5.5.1009~1-e4940]:ProcessFile():nnet3-chain-get-egs.cc:134) Not producing egs for utterance sp0.9-TE0539-TE0540_2-B.146-1 because it is too short: 91 frames.
WARNING (nnet3-chain-get-egs[5.5.1009~1-e4940]:ProcessFile():nnet3-chain-get-egs.cc:134) Not producing egs for utterance sp0.9-TE0539-TE0540_2-B.231-1 because it is too short: 87 frames.
WARNING (nnet3-chain-get-egs[5.5.1009~1-e4940]:ProcessFile():nnet3-chain-get-egs.cc:134) Not producing egs for utterance sp0.9-TE0539-TE0540_2-B.295-1 because it is too short: 69 frames.
WARNING (nnet3-chain-get-egs[5.5.1009~1-e4940]:ProcessFile():nnet3-chain-get-egs.cc:134) Not producing egs for utterance sp0.9-TE0539-TE0540_2-B.356-1 because it is too short: 74 frames.
WARNING (nnet3-chain-get-egs[5.5.1009~1-e4940]:ProcessFile():nnet3-chain-get-egs.cc:134) Not producing egs for utterance sp0.9-TE0539-TE0540_2-B.381-1 because it is too short: 67 frames.
WARNING (nnet3-chain-get-egs[5.5.1009~1-e4940]:ProcessFile():nnet3-chain-get-egs.cc:134) Not producing egs for utterance sp0.9-TE0539-TE0540_2-B.449-1 because it is too short: 101 frames.
WARNING (nnet3-chain-get-egs[5.5.1009~1-e4940]:ProcessFile():nnet3-chain-get-egs.cc:134) Not producing egs for utterance sp0.9-TE0539-TE0540_2-B.464-1 because it is too short: 101 frames.
WARNING (nnet3-chain-get-egs[5.5.1009~1-e4940]:ProcessFile():nnet3-chain-get-egs.cc:134) Not producing egs for utterance sp0.9-TE0539-TE0540_2-B.479-1 because it is too short: 99 frames.
WARNING (nnet3-chain-get-egs[5.5.1009~1-e4940]:ProcessFile():nnet3-chain-get-egs.cc:134) Not producing egs for utterance sp0.9-TE0539-TE0540_2-B.518-1 because it is too short: 101 frames.
WARNING (nnet3-chain-get-egs[5.5.1009~1-e4940]:ProcessFile():nnet3-chain-get-egs.cc:134) Not producing egs for utterance sp0.9-TE0541-TE0542_1-A.312-1 because it is too short: 67 frames.
WARNING (nnet3-chain-get-egs[5.5.1009~1-e4940]:ProcessFile():nnet3-chain-get-egs.cc:134) Not producing egs for utterance sp0.9-TE0541-TE0542_1-B.126-1 because it is too short: 87 frames.
WARNING (nnet3-chain-get-egs[5.5.1009~1-e4940]:ProcessFile():nnet3-chain-get-egs.cc:134) Not producing egs for utterance sp0.9-TE0541-TE0542_2-A.082-1 because it is too short: 101 frames.
WARNING (nnet3-chain-get-egs[5.5.1009~1-e4940]:ProcessFile():nnet3-chain-get-egs.cc:134) Not producing egs for utterance sp0.9-TE0541-TE0542_2-A.103-1 because it is too short: 92 frames.
WARNING (nnet3-chain-get-egs[5.5.1009~1-e4940]:ProcessFile():nnet3-chain-get-egs.cc:134) Not producing egs for utterance sp0.9-TE0541-TE0542_2-A.129-1 because it is too short: 87 frames.
WARNING (nnet3-chain-get-egs[5.5.1009~1-e4940]:ProcessFile():nnet3-chain-get-egs.cc:134) Not producing egs for utterance sp0.9-TE0541-TE0542_2-A.140-1 because it is too short: 87 frames.
WARNING (nnet3-chain-get-egs[5.5.1009~1-e4940]:ProcessFile():nnet3-chain-get-egs.cc:134) Not producing egs for utterance sp0.9-TE0541-TE0542_2-A.156-1 because it is too short: 95 frames.
WARNING (nnet3-chain-get-egs[5.5.1009~1-e4940]:ProcessFile():nnet3-chain-get-egs.cc:134) Not producing egs for utterance sp0.9-TE0541-TE0542_2-A.160-1 because it is too short: 94 frames.
WARNING (nnet3-chain-get-egs[5.5.1009~1-e4940]:ProcessFile():nnet3-chain-get-egs.cc:134) Not producing egs for utterance sp0.9-TE0541-TE0542_2-A.164-1 because it is too short: 76 frames.
WARNING (nnet3-chain-get-egs[5.5.1009~1-e4940]:ProcessFile():nnet3-chain-get-egs.cc:134) Not producing egs for utterance sp0.9-TE0541-TE0542_2-A.181-1 because it is too short: 94 frames.
WARNING (nnet3-chain-get-egs[5.5.1009~1-e4940]:ProcessFile():nnet3-chain-get-egs.cc:134) Not producing egs for utterance sp0.9-TE0541-TE0542_2-A.188-1 because it is too short: 65 frames.
WARNING (nnet3-chain-get-egs[5.5.1009~1-e4940]:ProcessFile():nnet3-chain-get-egs.cc:134) Not producing egs for utterance sp0.9-TE0541-TE0542_2-A.194-1 because it is too short: 91 frames.
WARNING (nnet3-chain-get-egs[5.5.1009~1-e4940]:ProcessFile():nnet3-chain-get-egs.cc:134) Not producing egs for utterance sp0.9-TE0541-TE0542_2-B.379-1 because it is too short: 82 frames.
WARNING (nnet3-chain-get-egs[5.5.1009~1-e4940]:ProcessFile():nnet3-chain-get-egs.cc:134) Not producing egs for utterance sp0.9-TE0541-TE0543_1-A.113-1 because it is too short: 97 frames.
WARNING (nnet3-chain-get-egs[5.5.1009~1-e4940]:ProcessFile():nnet3-chain-get-egs.cc:134) Not producing egs for utterance sp0.9-TE0541-TE0543_1-A.143-1 because it is too short: 85 frames.
WARNING (nnet3-chain-get-egs[5.5.1009~1-e4940]:ProcessFile():nnet3-chain-get-egs.cc:134) Not producing egs for utterance sp0.9-TE0541-TE0543_1-B.139-1 because it is too short: 87 frames.
WARNING (nnet3-chain-get-egs[5.5.1009~1-e4940]:ProcessFile():nnet3-chain-get-egs.cc:134) Not producing egs for utterance sp0.9-TE0541-TE0543_2-A.145-1 because it is too short: 87 frames.
WARNING (nnet3-chain-get-egs[5.5.1009~1-e4940]:ProcessFile():nnet3-chain-get-egs.cc:134) Not producing egs for utterance sp0.9-TE0541-TE0543_2-A.230-1 because it is too short: 87 frames.
WARNING (nnet3-chain-get-egs[5.5.1009~1-e4940]:ProcessFile():nnet3-chain-get-egs.cc:134) Not producing egs for utterance sp0.9-TE0541-TE0543_2-A.232-1 because it is too short: 84 frames.
WARNING (nnet3-chain-get-egs[5.5.1009~1-e4940]:ProcessFile():nnet3-chain-get-egs.cc:134) Not producing egs for utterance sp0.9-TE0541-TE0543_2-A.262-1 because it is too short: 79 frames.
WARNING (nnet3-chain-get-egs[5.5.1009~1-e4940]:ProcessFile():nnet3-chain-get-egs.cc:134) Not producing egs for utterance sp0.9-TE0541-TE0543_2-B.023-1 because it is too short: 87 frames.
WARNING (nnet3-chain-get-egs[5.5.1009~1-e4940]:ProcessFile():nnet3-chain-get-egs.cc:134) Not producing egs for utterance sp0.9-TE0541-TE0543_2-B.142-1 because it is too short: 86 frames.
WARNING (nnet3-chain-get-egs[5.5.1009~1-e4940]:ProcessFile():nnet3-chain-get-egs.cc:134) Not producing egs for utterance sp0.9-TE0542-TE0544_1-A.072-1 because it is too short: 82 frames.
WARNING (nnet3-chain-get-egs[5.5.1009~1-e4940]:ProcessFile():nnet3-chain-get-egs.cc:134) Not producing egs for utterance sp0.9-TE0542-TE0544_1-A.161-1 because it is too short: 99 frames.
WARNING (nnet3-chain-get-egs[5.5.1009~1-e4940]:ProcessFile():nnet3-chain-get-egs.cc:134) Not producing egs for utterance sp0.9-TE0542-TE0544_1-B.005-1 because it is too short: 69 frames.
WARNING (nnet3-chain-get-egs[5.5.1009~1-e4940]:ProcessFile():nnet3-chain-get-egs.cc:134) Not producing egs for utterance sp0.9-TE0542-TE0544_1-B.159-1 because it is too short: 101 frames.
WARNING (nnet3-chain-get-egs[5.5.1009~1-e4940]:ProcessFile():nnet3-chain-get-egs.cc:134) Not producing egs for utterance sp0.9-TE0542-TE0544_1-B.190-1 because it is too short: 88 frames.
WARNING (nnet3-chain-get-egs[5.5.1009~1-e4940]:ProcessFile():nnet3-chain-get-egs.cc:134) Not producing egs for utterance sp0.9-TE0542-TE0544_1-B.215-1 because it is too short: 94 frames.
WARNING (nnet3-chain-get-egs[5.5.1009~1-e4940]:ProcessFile():nnet3-chain-get-egs.cc:134) Not producing egs for utterance sp0.9-TE0542-TE0544_1-B.275-1 because it is too short: 101 frames.
WARNING (nnet3-chain-get-egs[5.5.1009~1-e4940]:ProcessFile():nnet3-chain-get-egs.cc:134) Not producing egs for utterance sp0.9-TE0542-TE0544_2-A.063-1 because it is too short: 97 frames.
WARNING (nnet3-chain-get-egs[5.5.1009~1-e4940]:ProcessFile():nnet3-chain-get-egs.cc:134) Not producing egs for utterance sp0.9-TE0542-TE0544_2-A.242-1 because it is too short: 86 frames.
WARNING (nnet3-chain-get-egs[5.5.1009~1-e4940]:ProcessFile():nnet3-chain-get-egs.cc:134) Not producing egs for utterance sp0.9-TE0542-TE0544_2-B.044-1 because it is too short: 90 frames.
WARNING (nnet3-chain-get-egs[5.5.1009~1-e4940]:ProcessFile():nnet3-chain-get-egs.cc:134) Not producing egs for utterance sp0.9-TE0542-TE0544_2-B.068-1 because it is too short: 65 frames.
WARNING (nnet3-chain-get-egs[5.5.1009~1-e4940]:ProcessFile():nnet3-chain-get-egs.cc:134) Not producing egs for utterance sp0.9-TE0542-TE0544_2-B.070-1 because it is too short: 88 frames.
WARNING (nnet3-chain-get-egs[5.5.1009~1-e4940]:ProcessFile():nnet3-chain-get-egs.cc:134) Not producing egs for utterance sp0.9-TE0542-TE0544_2-B.074-1 because it is too short: 88 frames.
WARNING (nnet3-chain-get-egs[5.5.1009~1-e4940]:ProcessFile():nnet3-chain-get-egs.cc:134) Not producing egs for utterance sp0.9-TE0542-TE0544_2-B.086-1 because it is too short: 79 frames.
WARNING (nnet3-chain-get-egs[5.5.1009~1-e4940]:ProcessFile():nnet3-chain-get-egs.cc:134) Not producing egs for utterance sp0.9-TE0542-TE0544_2-B.101-1 because it is too short: 76 frames.
WARNING (nnet3-chain-get-egs[5.5.1009~1-e4940]:ProcessFile():nnet3-chain-get-egs.cc:134) Not producing egs for utterance sp0.9-TE0542-TE0544_2-B.109-1 because it is too short: 82 frames.
WARNING (nnet3-chain-get-egs[5.5.1009~1-e4940]:ProcessFile():nnet3-chain-get-egs.cc:134) Not producing egs for utterance sp0.9-TE0542-TE0544_2-B.148-1 because it is too short: 95 frames.
WARNING (nnet3-chain-get-egs[5.5.1009~1-e4940]:ProcessFile():nnet3-chain-get-egs.cc:134) Not producing egs for utterance sp0.9-TE0542-TE0544_2-B.187-1 because it is too short: 86 frames.
WARNING (nnet3-chain-get-egs[5.5.1009~1-e4940]:ProcessFile():nnet3-chain-get-egs.cc:134) Not producing egs for utterance sp0.9-TE0542-TE0544_2-B.277-1 because it is too short: 87 frames.
WARNING (nnet3-chain-get-egs[5.5.1009~1-e4940]:ProcessFile():nnet3-chain-get-egs.cc:134) Not producing egs for utterance sp0.9-TE0543-TE0544_1-B.169-1 because it is too short: 76 frames.
WARNING (nnet3-chain-get-egs[5.5.1009~1-e4940]:ProcessFile():nnet3-chain-get-egs.cc:134) Not producing egs for utterance sp0.9-TE0543-TE0544_1-B.173-1 because it is too short: 72 frames.
WARNING (nnet3-chain-get-egs[5.5.1009~1-e4940]:ProcessFile():nnet3-chain-get-egs.cc:134) Not producing egs for utterance sp0.9-TE0543-TE0544_2-B.015-1 because it is too short: 85 frames.
WARNING (nnet3-chain-get-egs[5.5.1009~1-e4940]:ProcessFile():nnet3-chain-get-egs.cc:134) Not producing egs for utterance sp0.9-TE0543-TE0544_2-B.075-1 because it is too short: 99 frames.
WARNING (nnet3-chain-get-egs[5.5.1009~1-e4940]:ProcessFile():nnet3-chain-get-egs.cc:134) Not producing egs for utterance sp0.9-TE0543-TE0544_2-B.092-1 because it is too short: 98 frames.
WARNING (nnet3-chain-get-egs[5.5.1009~1-e4940]:ProcessFile():nnet3-chain-get-egs.cc:134) Not producing egs for utterance sp0.9-TE0543-TE0544_2-B.096-1 because it is too short: 99 frames.
WARNING (nnet3-chain-get-egs[5.5.1009~1-e4940]:ProcessFile():nnet3-chain-get-egs.cc:134) Not producing egs for utterance sp0.9-TE0543-TE0544_2-B.104-1 because it is too short: 97 frames.
WARNING (nnet3-chain-get-egs[5.5.1009~1-e4940]:ProcessFile():nnet3-chain-get-egs.cc:134) Not producing egs for utterance sp0.9-TE0543-TE0544_2-B.178-1 because it is too short: 73 frames.
WARNING (nnet3-chain-get-egs[5.5.1009~1-e4940]:ProcessFile():nnet3-chain-get-egs.cc:134) Not producing egs for utterance sp0.9-TE0543-TE0544_2-B.203-1 because it is too short: 79 frames.
WARNING (nnet3-chain-get-egs[5.5.1009~1-e4940]:ProcessFile():nnet3-chain-get-egs.cc:134) Not producing egs for utterance sp0.9-TE0543-TE0544_2-B.225-1 because it is too short: 62 frames.
WARNING (nnet3-chain-get-egs[5.5.1009~1-e4940]:ProcessFile():nnet3-chain-get-egs.cc:134) Not producing egs for utterance sp0.9-TE0545-TE0546_1-A.171-1 because it is too short: 101 frames.
WARNING (nnet3-chain-get-egs[5.5.1009~1-e4940]:ProcessFile():nnet3-chain-get-egs.cc:134) Not producing egs for utterance sp0.9-TE0545-TE0546_1-A.324-1 because it is too short: 98 frames.
WARNING (nnet3-chain-get-egs[5.5.1009~1-e4940]:ProcessFile():nnet3-chain-get-egs.cc:134) Not producing egs for utterance sp0.9-TE0545-TE0546_1-A.328-1 because it is too short: 71 frames.
WARNING (nnet3-chain-get-egs[5.5.1009~1-e4940]:ProcessFile():nnet3-chain-get-egs.cc:134) Not producing egs for utterance sp0.9-TE0545-TE0546_1-B.077-1 because it is too short: 92 frames.
WARNING (nnet3-chain-get-egs[5.5.1009~1-e4940]:ProcessFile():nnet3-chain-get-egs.cc:134) Not producing egs for utterance sp0.9-TE0545-TE0546_1-B.204-1 because it is too short: 60 frames.
WARNING (nnet3-chain-get-egs[5.5.1009~1-e4940]:ProcessFile():nnet3-chain-get-egs.cc:134) Not producing egs for utterance sp0.9-TE0545-TE0546_1-B.218-1 because it is too short: 69 frames.
WARNING (nnet3-chain-get-egs[5.5.1009~1-e4940]:ProcessFile():nnet3-chain-get-egs.cc:134) Not producing egs for utterance sp0.9-TE0545-TE0546_1-B.416-1 because it is too short: 97 frames.
WARNING (nnet3-chain-get-egs[5.5.1009~1-e4940]:ProcessFile():nnet3-chain-get-egs.cc:134) Not producing egs for utterance sp0.9-TE0545-TE0546_2-A.309-1 because it is too short: 95 frames.
WARNING (nnet3-chain-get-egs[5.5.1009~1-e4940]:ProcessFile():nnet3-chain-get-egs.cc:134) Not producing egs for utterance sp0.9-TE0545-TE0547_1-A.098-1 because it is too short: 79 frames.
WARNING (nnet3-chain-get-egs[5.5.1009~1-e4940]:ProcessFile():nnet3-chain-get-egs.cc:134) Not producing egs for utterance sp0.9-TE0545-TE0547_1-A.102-1 because it is too short: 97 frames.
WARNING (nnet3-chain-get-egs[5.5.1009~1-e4940]:ProcessFile():nnet3-chain-get-egs.cc:134) Not producing egs for utterance sp0.9-TE0545-TE0547_2-A.147-1 because it is too short: 65 frames.
WARNING (nnet3-chain-get-egs[5.5.1009~1-e4940]:ProcessFile():nnet3-chain-get-egs.cc:134) Not producing egs for utterance sp0.9-TE0545-TE0547_2-A.203-1 because it is too short: 95 frames.
WARNING (nnet3-chain-get-egs[5.5.1009~1-e4940]:ProcessFile():nnet3-chain-get-egs.cc:134) Not producing egs for utterance sp0.9-TE0545-TE0547_2-B.026-1 because it is too short: 98 frames.
WARNING (nnet3-chain-get-egs[5.5.1009~1-e4940]:ProcessFile():nnet3-chain-get-egs.cc:134) Not producing egs for utterance sp0.9-TE0545-TE0547_2-B.030-1 because it is too short: 98 frames.
WARNING (nnet3-chain-get-egs[5.5.1009~1-e4940]:ProcessFile():nnet3-chain-get-egs.cc:134) Not producing egs for utterance sp0.9-TE0545-TE0547_2-B.060-1 because it is too short: 90 frames.
WARNING (nnet3-chain-get-egs[5.5.1009~1-e4940]:ProcessFile():nnet3-chain-get-egs.cc:134) Not producing egs for utterance sp0.9-TE0545-TE0547_2-B.062-1 because it is too short: 83 frames.
WARNING (nnet3-chain-get-egs[5.5.1009~1-e4940]:ProcessFile():nnet3-chain-get-egs.cc:134) Not producing egs for utterance sp0.9-TE0545-TE0547_2-B.067-1 because it is too short: 63 frames.
WARNING (nnet3-chain-get-egs[5.5.1009~1-e4940]:ProcessFile():nnet3-chain-get-egs.cc:134) Not producing egs for utterance sp0.9-TE0545-TE0547_2-B.087-1 because it is too short: 67 frames.
WARNING (nnet3-chain-get-egs[5.5.1009~1-e4940]:ProcessFile():nnet3-chain-get-egs.cc:134) Not producing egs for utterance sp0.9-TE0545-TE0547_2-B.091-1 because it is too short: 61 frames.
WARNING (nnet3-chain-get-egs[5.5.1009~1-e4940]:ProcessFile():nnet3-chain-get-egs.cc:134) Not producing egs for utterance sp0.9-TE0545-TE0547_2-B.099-1 because it is too short: 73 frames.
WARNING (nnet3-chain-get-egs[5.5.1009~1-e4940]:ProcessFile():nnet3-chain-get-egs.cc:134) Not producing egs for utterance sp0.9-TE0545-TE0547_2-B.140-1 because it is too short: 70 frames.
WARNING (nnet3-chain-get-egs[5.5.1009~1-e4940]:ProcessFile():nnet3-chain-get-egs.cc:134) Not producing egs for utterance sp0.9-TE0545-TE0547_2-B.144-1 because it is too short: 65 frames.
WARNING (nnet3-chain-get-egs[5.5.1009~1-e4940]:ProcessFile():nnet3-chain-get-egs.cc:134) Not producing egs for utterance sp0.9-TE0545-TE0547_2-B.154-1 because it is too short: 73 frames.
WARNING (nnet3-chain-get-egs[5.5.1009~1-e4940]:ProcessFile():nnet3-chain-get-egs.cc:134) Not producing egs for utterance sp0.9-TE0545-TE0547_2-B.168-1 because it is too short: 66 frames.
WARNING (nnet3-chain-get-egs[5.5.1009~1-e4940]:ProcessFile():nnet3-chain-get-egs.cc:134) Not producing egs for utterance sp0.9-TE0545-TE0547_2-B.215-1 because it is too short: 91 frames.
WARNING (nnet3-chain-get-egs[5.5.1009~1-e4940]:ProcessFile():nnet3-chain-get-egs.cc:134) Not producing egs for utterance sp0.9-TE0545-TE0547_2-B.250-1 because it is too short: 95 frames.
WARNING (nnet3-chain-get-egs[5.5.1009~1-e4940]:ProcessFile():nnet3-chain-get-egs.cc:134) Not producing egs for utterance sp0.9-TE0545-TE0547_2-B.264-1 because it is too short: 90 frames.
WARNING (nnet3-chain-get-egs[5.5.1009~1-e4940]:ProcessFile():nnet3-chain-get-egs.cc:134) Not producing egs for utterance sp0.9-TE0545-TE0547_2-B.276-1 because it is too short: 88 frames.
WARNING (nnet3-chain-get-egs[5.5.1009~1-e4940]:ProcessFile():nnet3-chain-get-egs.cc:134) Not producing egs for utterance sp0.9-TE0546-TE0548_1-B.249-1 because it is too short: 89 frames.
WARNING (nnet3-chain-get-egs[5.5.1009~1-e4940]:ProcessFile():nnet3-chain-get-egs.cc:134) Not producing egs for utterance sp0.9-TE0546-TE0548_1-B.255-1 because it is too short: 84 frames.
WARNING (nnet3-chain-get-egs[5.5.1009~1-e4940]:ProcessFile():nnet3-chain-get-egs.cc:134) Not producing egs for utterance sp0.9-TE0546-TE0548_1-B.289-1 because it is too short: 65 frames.
WARNING (nnet3-chain-get-egs[5.5.1009~1-e4940]:ProcessFile():nnet3-chain-get-egs.cc:134) Not producing egs for utterance sp0.9-TE0546-TE0548_1-B.347-1 because it is too short: 95 frames.
WARNING (nnet3-chain-get-egs[5.5.1009~1-e4940]:ProcessFile():nnet3-chain-get-egs.cc:134) Not producing egs for utterance sp0.9-TE0546-TE0548_1-B.385-1 because it is too short: 82 frames.
WARNING (nnet3-chain-get-egs[5.5.1009~1-e4940]:ProcessFile():nnet3-chain-get-egs.cc:134) Not producing egs for utterance sp0.9-TE0546-TE0548_2-A.029-1 because it is too short: 70 frames.
WARNING (nnet3-chain-get-egs[5.5.1009~1-e4940]:ProcessFile():nnet3-chain-get-egs.cc:134) Not producing egs for utterance sp0.9-TE0546-TE0548_2-A.186-1 because it is too short: 91 frames.
WARNING (nnet3-chain-get-egs[5.5.1009~1-e4940]:ProcessFile():nnet3-chain-get-egs.cc:134) Not producing egs for utterance sp0.9-TE0546-TE0548_2-B.209-1 because it is too short: 77 frames.
WARNING (nnet3-chain-get-egs[5.5.1009~1-e4940]:ProcessFile():nnet3-chain-get-egs.cc:134) Not producing egs for utterance sp0.9-TE0547-TE0548_2-A.037-1 because it is too short: 87 frames.
WARNING (nnet3-chain-get-egs[5.5.1009~1-e4940]:ProcessFile():nnet3-chain-get-egs.cc:134) Not producing egs for utterance sp0.9-TE0547-TE0548_2-A.220-1 because it is too short: 80 frames.
WARNING (nnet3-chain-get-egs[5.5.1009~1-e4940]:ProcessFile():nnet3-chain-get-egs.cc:134) Not producing egs for utterance sp0.9-TE0547-TE0548_2-B.121-1 because it is too short: 88 frames.
WARNING (nnet3-chain-get-egs[5.5.1009~1-e4940]:ProcessFile():nnet3-chain-get-egs.cc:134) Not producing egs for utterance sp0.9-TE0547-TE0548_2-B.197-1 because it is too short: 88 frames.
WARNING (nnet3-chain-get-egs[5.5.1009~1-e4940]:ProcessFile():nnet3-chain-get-egs.cc:134) Not producing egs for utterance sp0.9-TE0549-TE0550_1-A.047-1 because it is too short: 99 frames.
WARNING (nnet3-chain-get-egs[5.5.1009~1-e4940]:ProcessFile():nnet3-chain-get-egs.cc:134) Not producing egs for utterance sp0.9-TE0549-TE0550_1-A.058-1 because it is too short: 70 frames.
WARNING (nnet3-chain-get-egs[5.5.1009~1-e4940]:ProcessFile():nnet3-chain-get-egs.cc:134) Not producing egs for utterance sp0.9-TE0549-TE0550_1-A.085-1 because it is too short: 99 frames.
WARNING (nnet3-chain-get-egs[5.5.1009~1-e4940]:ProcessFile():nnet3-chain-get-egs.cc:134) Not producing egs for utterance sp0.9-TE0549-TE0550_1-A.098-1 because it is too short: 63 frames.
WARNING (nnet3-chain-get-egs[5.5.1009~1-e4940]:ProcessFile():nnet3-chain-get-egs.cc:134) Not producing egs for utterance sp0.9-TE0549-TE0550_1-A.129-1 because it is too short: 58 frames.
WARNING (nnet3-chain-get-egs[5.5.1009~1-e4940]:ProcessFile():nnet3-chain-get-egs.cc:134) Not producing egs for utterance sp0.9-TE0549-TE0550_1-A.192-1 because it is too short: 81 frames.
WARNING (nnet3-chain-get-egs[5.5.1009~1-e4940]:main():nnet3-chain-get-egs.cc:393) No pdf-level posterior for key sp0.9-TE0549-TE0550_1-A.215-1
WARNING (nnet3-chain-get-egs[5.5.1009~1-e4940]:ProcessFile():nnet3-chain-get-egs.cc:134) Not producing egs for utterance sp0.9-TE0549-TE0550_1-A.237-1 because it is too short: 76 frames.
WARNING (nnet3-chain-get-egs[5.5.1009~1-e4940]:ProcessFile():nnet3-chain-get-egs.cc:134) Not producing egs for utterance sp0.9-TE0549-TE0550_1-A.268-1 because it is too short: 81 frames.
WARNING (nnet3-chain-get-egs[5.5.1009~1-e4940]:ProcessFile():nnet3-chain-get-egs.cc:134) Not producing egs for utterance sp0.9-TE0549-TE0550_1-A.272-1 because it is too short: 71 frames.
WARNING (nnet3-chain-get-egs[5.5.1009~1-e4940]:ProcessFile():nnet3-chain-get-egs.cc:134) Not producing egs for utterance sp0.9-TE0549-TE0550_1-A.300-1 because it is too short: 84 frames.
WARNING (nnet3-chain-get-egs[5.5.1009~1-e4940]:ProcessFile():nnet3-chain-get-egs.cc:134) Not producing egs for utterance sp0.9-TE0549-TE0550_1-B.022-1 because it is too short: 101 frames.
WARNING (nnet3-chain-get-egs[5.5.1009~1-e4940]:ProcessFile():nnet3-chain-get-egs.cc:134) Not producing egs for utterance sp0.9-TE0549-TE0550_1-B.026-1 because it is too short: 95 frames.
WARNING (nnet3-chain-get-egs[5.5.1009~1-e4940]:ProcessFile():nnet3-chain-get-egs.cc:134) Not producing egs for utterance sp0.9-TE0549-TE0550_1-B.061-1 because it is too short: 76 frames.
WARNING (nnet3-chain-get-egs[5.5.1009~1-e4940]:ProcessFile():nnet3-chain-get-egs.cc:134) Not producing egs for utterance sp0.9-TE0549-TE0550_1-B.079-1 because it is too short: 79 frames.
WARNING (nnet3-chain-get-egs[5.5.1009~1-e4940]:ProcessFile():nnet3-chain-get-egs.cc:134) Not producing egs for utterance sp0.9-TE0549-TE0550_1-B.093-1 because it is too short: 79 frames.
WARNING (nnet3-chain-get-egs[5.5.1009~1-e4940]:ProcessFile():nnet3-chain-get-egs.cc:134) Not producing egs for utterance sp0.9-TE0549-TE0550_1-B.105-1 because it is too short: 73 frames.
WARNING (nnet3-chain-get-egs[5.5.1009~1-e4940]:ProcessFile():nnet3-chain-get-egs.cc:134) Not producing egs for utterance sp0.9-TE0549-TE0550_1-B.135-1 because it is too short: 76 frames.
WARNING (nnet3-chain-get-egs[5.5.1009~1-e4940]:ProcessFile():nnet3-chain-get-egs.cc:134) Not producing egs for utterance sp0.9-TE0549-TE0550_1-B.161-1 because it is too short: 69 frames.
WARNING (nnet3-chain-get-egs[5.5.1009~1-e4940]:ProcessFile():nnet3-chain-get-egs.cc:134) Not producing egs for utterance sp0.9-TE0549-TE0550_1-B.199-1 because it is too short: 72 frames.
WARNING (nnet3-chain-get-egs[5.5.1009~1-e4940]:ProcessFile():nnet3-chain-get-egs.cc:134) Not producing egs for utterance sp0.9-TE0549-TE0550_1-B.214-1 because it is too short: 56 frames.
WARNING (nnet3-chain-get-egs[5.5.1009~1-e4940]:ProcessFile():nnet3-chain-get-egs.cc:134) Not producing egs for utterance sp0.9-TE0549-TE0550_1-B.273-1 because it is too short: 71 frames.
WARNING (nnet3-chain-get-egs[5.5.1009~1-e4940]:ProcessFile():nnet3-chain-get-egs.cc:134) Not producing egs for utterance sp0.9-TE0549-TE0550_1-B.333-1 because it is too short: 91 frames.
WARNING (nnet3-chain-get-egs[5.5.1009~1-e4940]:ProcessFile():nnet3-chain-get-egs.cc:134) Not producing egs for utterance sp0.9-TE0549-TE0550_1-B.337-1 because it is too short: 65 frames.
WARNING (nnet3-chain-get-egs[5.5.1009~1-e4940]:ProcessFile():nnet3-chain-get-egs.cc:134) Not producing egs for utterance sp0.9-TE0549-TE0550_1-B.352-1 because it is too short: 80 frames.
WARNING (nnet3-chain-get-egs[5.5.1009~1-e4940]:ProcessFile():nnet3-chain-get-egs.cc:134) Not producing egs for utterance sp0.9-TE0549-TE0550_1-B.354-1 because it is too short: 77 frames.
WARNING (nnet3-chain-get-egs[5.5.1009~1-e4940]:ProcessFile():nnet3-chain-get-egs.cc:134) Not producing egs for utterance sp0.9-TE0549-TE0550_2-A.031-1 because it is too short: 58 frames.
WARNING (nnet3-chain-get-egs[5.5.1009~1-e4940]:ProcessFile():nnet3-chain-get-egs.cc:134) Not producing egs for utterance sp0.9-TE0549-TE0550_2-A.077-1 because it is too short: 84 frames.
WARNING (nnet3-chain-get-egs[5.5.1009~1-e4940]:ProcessFile():nnet3-chain-get-egs.cc:134) Not producing egs for utterance sp0.9-TE0549-TE0550_2-A.087-1 because it is too short: 65 frames.
WARNING (nnet3-chain-get-egs[5.5.1009~1-e4940]:ProcessFile():nnet3-chain-get-egs.cc:134) Not producing egs for utterance sp0.9-TE0549-TE0550_2-A.144-1 because it is too short: 91 frames.
WARNING (nnet3-chain-get-egs[5.5.1009~1-e4940]:ProcessFile():nnet3-chain-get-egs.cc:134) Not producing egs for utterance sp0.9-TE0549-TE0550_2-A.153-1 because it is too short: 87 frames.
WARNING (nnet3-chain-get-egs[5.5.1009~1-e4940]:ProcessFile():nnet3-chain-get-egs.cc:134) Not producing egs for utterance sp0.9-TE0549-TE0550_2-A.155-1 because it is too short: 85 frames.
WARNING (nnet3-chain-get-egs[5.5.1009~1-e4940]:ProcessFile():nnet3-chain-get-egs.cc:134) Not producing egs for utterance sp0.9-TE0549-TE0550_2-A.157-1 because it is too short: 74 frames.
WARNING (nnet3-chain-get-egs[5.5.1009~1-e4940]:ProcessFile():nnet3-chain-get-egs.cc:134) Not producing egs for utterance sp0.9-TE0549-TE0550_2-A.163-1 because it is too short: 82 frames.
WARNING (nnet3-chain-get-egs[5.5.1009~1-e4940]:ProcessFile():nnet3-chain-get-egs.cc:134) Not producing egs for utterance sp0.9-TE0549-TE0550_2-A.167-1 because it is too short: 90 frames.
WARNING (nnet3-chain-get-egs[5.5.1009~1-e4940]:ProcessFile():nnet3-chain-get-egs.cc:134) Not producing egs for utterance sp0.9-TE0549-TE0550_2-A.171-1 because it is too short: 75 frames.
WARNING (nnet3-chain-get-egs[5.5.1009~1-e4940]:ProcessFile():nnet3-chain-get-egs.cc:134) Not producing egs for utterance sp0.9-TE0549-TE0550_2-A.212-1 because it is too short: 88 frames.
WARNING (nnet3-chain-get-egs[5.5.1009~1-e4940]:ProcessFile():nnet3-chain-get-egs.cc:134) Not producing egs for utterance sp0.9-TE0549-TE0550_2-A.214-1 because it is too short: 84 frames.
WARNING (nnet3-chain-get-egs[5.5.1009~1-e4940]:ProcessFile():nnet3-chain-get-egs.cc:134) Not producing egs for utterance sp0.9-TE0549-TE0550_2-A.218-1 because it is too short: 74 frames.
WARNING (nnet3-chain-get-egs[5.5.1009~1-e4940]:ProcessFile():nnet3-chain-get-egs.cc:134) Not producing egs for utterance sp0.9-TE0549-TE0550_2-A.241-1 because it is too short: 79 frames.
WARNING (nnet3-chain-get-egs[5.5.1009~1-e4940]:ProcessFile():nnet3-chain-get-egs.cc:134) Not producing egs for utterance sp0.9-TE0549-TE0550_2-A.255-1 because it is too short: 92 frames.
WARNING (nnet3-chain-get-egs[5.5.1009~1-e4940]:ProcessFile():nnet3-chain-get-egs.cc:134) Not producing egs for utterance sp0.9-TE0549-TE0550_2-B.039-1 because it is too short: 92 frames.
WARNING (nnet3-chain-get-egs[5.5.1009~1-e4940]:ProcessFile():nnet3-chain-get-egs.cc:134) Not producing egs for utterance sp0.9-TE0549-TE0550_2-B.067-1 because it is too short: 81 frames.
WARNING (nnet3-chain-get-egs[5.5.1009~1-e4940]:ProcessFile():nnet3-chain-get-egs.cc:134) Not producing egs for utterance sp0.9-TE0549-TE0550_2-B.126-1 because it is too short: 76 frames.
WARNING (nnet3-chain-get-egs[5.5.1009~1-e4940]:ProcessFile():nnet3-chain-get-egs.cc:134) Not producing egs for utterance sp0.9-TE0549-TE0550_2-B.150-1 because it is too short: 76 frames.
WARNING (nnet3-chain-get-egs[5.5.1009~1-e4940]:ProcessFile():nnet3-chain-get-egs.cc:134) Not producing egs for utterance sp0.9-TE0549-TE0550_2-B.156-1 because it is too short: 85 frames.
WARNING (nnet3-chain-get-egs[5.5.1009~1-e4940]:ProcessFile():nnet3-chain-get-egs.cc:134) Not producing egs for utterance sp0.9-TE0549-TE0550_2-B.221-1 because it is too short: 82 frames.
WARNING (nnet3-chain-get-egs[5.5.1009~1-e4940]:ProcessFile():nnet3-chain-get-egs.cc:134) Not producing egs for utterance sp0.9-TE0549-TE0550_2-B.244-1 because it is too short: 81 frames.
WARNING (nnet3-chain-get-egs[5.5.1009~1-e4940]:ProcessFile():nnet3-chain-get-egs.cc:134) Not producing egs for utterance sp0.9-TE0549-TE0550_2-B.252-1 because it is too short: 70 frames.
WARNING (nnet3-chain-get-egs[5.5.1009~1-e4940]:ProcessFile():nnet3-chain-get-egs.cc:134) Not producing egs for utterance sp0.9-TE0549-TE0550_2-B.258-1 because it is too short: 88 frames.
WARNING (nnet3-chain-get-egs[5.5.1009~1-e4940]:ProcessFile():nnet3-chain-get-egs.cc:134) Not producing egs for utterance sp0.9-TE0549-TE0550_2-B.264-1 because it is too short: 58 frames.
WARNING (nnet3-chain-get-egs[5.5.1009~1-e4940]:ProcessFile():nnet3-chain-get-egs.cc:134) Not producing egs for utterance sp0.9-TE0549-TE0550_2-B.293-1 because it is too short: 86 frames.
WARNING (nnet3-chain-get-egs[5.5.1009~1-e4940]:ProcessFile():nnet3-chain-get-egs.cc:134) Not producing egs for utterance sp0.9-TE0549-TE0550_2-B.304-1 because it is too short: 67 frames.
WARNING (nnet3-chain-get-egs[5.5.1009~1-e4940]:ProcessFile():nnet3-chain-get-egs.cc:134) Not producing egs for utterance sp0.9-TE0549-TE0550_2-B.318-1 because it is too short: 77 frames.
WARNING (nnet3-chain-get-egs[5.5.1009~1-e4940]:ProcessFile():nnet3-chain-get-egs.cc:134) Not producing egs for utterance sp0.9-TE0549-TE0550_2-B.483-1 because it is too short: 100 frames.
WARNING (nnet3-chain-get-egs[5.5.1009~1-e4940]:ProcessFile():nnet3-chain-get-egs.cc:134) Not producing egs for utterance sp0.9-TE0549-TE0550_2-B.490-1 because it is too short: 84 frames.
WARNING (nnet3-chain-get-egs[5.5.1009~1-e4940]:ProcessFile():nnet3-chain-get-egs.cc:134) Not producing egs for utterance sp0.9-TE0549-TE0550_2-B.498-1 because it is too short: 59 frames.
WARNING (nnet3-chain-get-egs[5.5.1009~1-e4940]:ProcessFile():nnet3-chain-get-egs.cc:134) Not producing egs for utterance sp0.9-TE0549-TE0550_2-B.521-1 because it is too short: 73 frames.
WARNING (nnet3-chain-get-egs[5.5.1009~1-e4940]:ProcessFile():nnet3-chain-get-egs.cc:134) Not producing egs for utterance sp0.9-TE0549-TE0550_2-B.529-1 because it is too short: 81 frames.
WARNING (apply-cmvn-online[5.5.1009~1-e4940]:main():apply-cmvn-online.cc:84) No features for utterance sp0.9-TE0549-TE0551_1-A.290-1
WARNING (apply-cmvn-online[5.5.1009~1-e4940]:main():apply-cmvn-online.cc:84) No features for utterance sp0.9-TE0549-TE0551_1-B.014-1
WARNING (nnet3-chain-get-egs[5.5.1009~1-e4940]:ProcessFile():nnet3-chain-get-egs.cc:134) Not producing egs for utterance sp0.9-TE0549-TE0551_2-A.020-1 because it is too short: 100 frames.
WARNING (nnet3-chain-get-egs[5.5.1009~1-e4940]:ProcessFile():nnet3-chain-get-egs.cc:134) Not producing egs for utterance sp0.9-TE0549-TE0551_2-A.035-1 because it is too short: 76 frames.
WARNING (nnet3-chain-get-egs[5.5.1009~1-e4940]:ProcessFile():nnet3-chain-get-egs.cc:134) Not producing egs for utterance sp0.9-TE0549-TE0551_2-A.128-1 because it is too short: 99 frames.
WARNING (nnet3-chain-get-egs[5.5.1009~1-e4940]:ProcessFile():nnet3-chain-get-egs.cc:134) Not producing egs for utterance sp0.9-TE0549-TE0551_2-A.137-1 because it is too short: 63 frames.
WARNING (nnet3-chain-get-egs[5.5.1009~1-e4940]:ProcessFile():nnet3-chain-get-egs.cc:134) Not producing egs for utterance sp0.9-TE0549-TE0551_2-A.167-1 because it is too short: 66 frames.
WARNING (nnet3-chain-get-egs[5.5.1009~1-e4940]:ProcessFile():nnet3-chain-get-egs.cc:134) Not producing egs for utterance sp0.9-TE0549-TE0551_2-A.205-1 because it is too short: 73 frames.
WARNING (nnet3-chain-get-egs[5.5.1009~1-e4940]:ProcessFile():nnet3-chain-get-egs.cc:134) Not producing egs for utterance sp0.9-TE0549-TE0551_2-A.258-1 because it is too short: 98 frames.
WARNING (nnet3-chain-get-egs[5.5.1009~1-e4940]:ProcessFile():nnet3-chain-get-egs.cc:134) Not producing egs for utterance sp0.9-TE0549-TE0551_2-A.260-1 because it is too short: 74 frames.
WARNING (nnet3-chain-get-egs[5.5.1009~1-e4940]:ProcessFile():nnet3-chain-get-egs.cc:134) Not producing egs for utterance sp0.9-TE0549-TE0551_2-B.177-1 because it is too short: 66 frames.
WARNING (nnet3-chain-get-egs[5.5.1009~1-e4940]:ProcessFile():nnet3-chain-get-egs.cc:134) Not producing egs for utterance sp0.9-TE0549-TE0551_2-B.183-1 because it is too short: 62 frames.
WARNING (nnet3-chain-get-egs[5.5.1009~1-e4940]:ProcessFile():nnet3-chain-get-egs.cc:134) Not producing egs for utterance sp0.9-TE0549-TE0551_2-B.238-1 because it is too short: 62 frames.
WARNING (nnet3-chain-get-egs[5.5.1009~1-e4940]:ProcessFile():nnet3-chain-get-egs.cc:134) Not producing egs for utterance sp0.9-TE0549-TE0551_2-B.278-1 because it is too short: 84 frames.
WARNING (nnet3-chain-get-egs[5.5.1009~1-e4940]:ProcessFile():nnet3-chain-get-egs.cc:134) Not producing egs for utterance sp0.9-TE0549-TE0551_2-B.311-1 because it is too short: 65 frames.
WARNING (nnet3-chain-get-egs[5.5.1009~1-e4940]:ProcessFile():nnet3-chain-get-egs.cc:134) Not producing egs for utterance sp0.9-TE0549-TE0551_2-B.366-1 because it is too short: 88 frames.
WARNING (nnet3-chain-get-egs[5.5.1009~1-e4940]:ProcessFile():nnet3-chain-get-egs.cc:134) Not producing egs for utterance sp0.9-TE0549-TE0551_2-B.371-1 because it is too short: 82 frames.
WARNING (nnet3-chain-get-egs[5.5.1009~1-e4940]:ProcessFile():nnet3-chain-get-egs.cc:134) Not producing egs for utterance sp0.9-TE0549-TE0551_2-B.381-1 because it is too short: 80 frames.
WARNING (nnet3-chain-get-egs[5.5.1009~1-e4940]:ProcessFile():nnet3-chain-get-egs.cc:134) Not producing egs for utterance sp0.9-TE0550-TE0552_1-A.010-1 because it is too short: 69 frames.
WARNING (nnet3-chain-get-egs[5.5.1009~1-e4940]:ProcessFile():nnet3-chain-get-egs.cc:134) Not producing egs for utterance sp0.9-TE0550-TE0552_1-A.063-1 because it is too short: 79 frames.
WARNING (nnet3-chain-get-egs[5.5.1009~1-e4940]:ProcessFile():nnet3-chain-get-egs.cc:134) Not producing egs for utterance sp0.9-TE0550-TE0552_1-A.071-1 because it is too short: 76 frames.
WARNING (nnet3-chain-get-egs[5.5.1009~1-e4940]:ProcessFile():nnet3-chain-get-egs.cc:134) Not producing egs for utterance sp0.9-TE0550-TE0552_1-A.128-1 because it is too short: 101 frames.
WARNING (nnet3-chain-get-egs[5.5.1009~1-e4940]:ProcessFile():nnet3-chain-get-egs.cc:134) Not producing egs for utterance sp0.9-TE0550-TE0552_1-A.132-1 because it is too short: 98 frames.
WARNING (nnet3-chain-get-egs[5.5.1009~1-e4940]:ProcessFile():nnet3-chain-get-egs.cc:134) Not producing egs for utterance sp0.9-TE0550-TE0552_1-A.140-1 because it is too short: 73 frames.
WARNING (nnet3-chain-get-egs[5.5.1009~1-e4940]:ProcessFile():nnet3-chain-get-egs.cc:134) Not producing egs for utterance sp0.9-TE0550-TE0552_1-A.165-1 because it is too short: 65 frames.
WARNING (nnet3-chain-get-egs[5.5.1009~1-e4940]:ProcessFile():nnet3-chain-get-egs.cc:134) Not producing egs for utterance sp0.9-TE0550-TE0552_1-A.167-1 because it is too short: 82 frames.
WARNING (nnet3-chain-get-egs[5.5.1009~1-e4940]:ProcessFile():nnet3-chain-get-egs.cc:134) Not producing egs for utterance sp0.9-TE0550-TE0552_1-A.169-1 because it is too short: 58 frames.
WARNING (nnet3-chain-get-egs[5.5.1009~1-e4940]:ProcessFile():nnet3-chain-get-egs.cc:134) Not producing egs for utterance sp0.9-TE0550-TE0552_1-A.173-1 because it is too short: 70 frames.
WARNING (nnet3-chain-get-egs[5.5.1009~1-e4940]:ProcessFile():nnet3-chain-get-egs.cc:134) Not producing egs for utterance sp0.9-TE0550-TE0552_1-A.192-1 because it is too short: 73 frames.
WARNING (nnet3-chain-get-egs[5.5.1009~1-e4940]:ProcessFile():nnet3-chain-get-egs.cc:134) Not producing egs for utterance sp0.9-TE0550-TE0552_1-A.212-1 because it is too short: 71 frames.
WARNING (nnet3-chain-get-egs[5.5.1009~1-e4940]:ProcessFile():nnet3-chain-get-egs.cc:134) Not producing egs for utterance sp0.9-TE0550-TE0552_1-B.020-1 because it is too short: 73 frames.
WARNING (nnet3-chain-get-egs[5.5.1009~1-e4940]:ProcessFile():nnet3-chain-get-egs.cc:134) Not producing egs for utterance sp0.9-TE0550-TE0552_1-B.022-1 because it is too short: 62 frames.
WARNING (nnet3-chain-get-egs[5.5.1009~1-e4940]:ProcessFile():nnet3-chain-get-egs.cc:134) Not producing egs for utterance sp0.9-TE0550-TE0552_1-B.041-1 because it is too short: 86 frames.
WARNING (nnet3-chain-get-egs[5.5.1009~1-e4940]:ProcessFile():nnet3-chain-get-egs.cc:134) Not producing egs for utterance sp0.9-TE0550-TE0552_1-B.080-1 because it is too short: 95 frames.
WARNING (nnet3-chain-get-egs[5.5.1009~1-e4940]:ProcessFile():nnet3-chain-get-egs.cc:134) Not producing egs for utterance sp0.9-TE0550-TE0552_1-B.109-1 because it is too short: 87 frames.
WARNING (nnet3-chain-get-egs[5.5.1009~1-e4940]:ProcessFile():nnet3-chain-get-egs.cc:134) Not producing egs for utterance sp0.9-TE0550-TE0552_1-B.111-1 because it is too short: 77 frames.
WARNING (nnet3-chain-get-egs[5.5.1009~1-e4940]:ProcessFile():nnet3-chain-get-egs.cc:134) Not producing egs for utterance sp0.9-TE0550-TE0552_1-B.129-1 because it is too short: 87 frames.
WARNING (nnet3-chain-get-egs[5.5.1009~1-e4940]:ProcessFile():nnet3-chain-get-egs.cc:134) Not producing egs for utterance sp0.9-TE0550-TE0552_1-B.194-1 because it is too short: 91 frames.
WARNING (nnet3-chain-get-egs[5.5.1009~1-e4940]:ProcessFile():nnet3-chain-get-egs.cc:134) Not producing egs for utterance sp0.9-TE0550-TE0552_1-B.216-1 because it is too short: 82 frames.
WARNING (nnet3-chain-get-egs[5.5.1009~1-e4940]:ProcessFile():nnet3-chain-get-egs.cc:134) Not producing egs for utterance sp0.9-TE0550-TE0552_1-B.232-1 because it is too short: 95 frames.
WARNING (nnet3-chain-get-egs[5.5.1009~1-e4940]:ProcessFile():nnet3-chain-get-egs.cc:134) Not producing egs for utterance sp0.9-TE0550-TE0552_2-A.018-1 because it is too short: 73 frames.
WARNING (nnet3-chain-get-egs[5.5.1009~1-e4940]:ProcessFile():nnet3-chain-get-egs.cc:134) Not producing egs for utterance sp0.9-TE0550-TE0552_2-A.031-1 because it is too short: 69 frames.
WARNING (nnet3-chain-get-egs[5.5.1009~1-e4940]:ProcessFile():nnet3-chain-get-egs.cc:134) Not producing egs for utterance sp0.9-TE0550-TE0552_2-A.088-1 because it is too short: 69 frames.
WARNING (nnet3-chain-get-egs[5.5.1009~1-e4940]:ProcessFile():nnet3-chain-get-egs.cc:134) Not producing egs for utterance sp0.9-TE0550-TE0552_2-A.115-1 because it is too short: 71 frames.
WARNING (nnet3-chain-get-egs[5.5.1009~1-e4940]:ProcessFile():nnet3-chain-get-egs.cc:134) Not producing egs for utterance sp0.9-TE0550-TE0552_2-A.130-1 because it is too short: 66 frames.
WARNING (nnet3-chain-get-egs[5.5.1009~1-e4940]:ProcessFile():nnet3-chain-get-egs.cc:134) Not producing egs for utterance sp0.9-TE0550-TE0552_2-A.156-1 because it is too short: 80 frames.
WARNING (nnet3-chain-get-egs[5.5.1009~1-e4940]:ProcessFile():nnet3-chain-get-egs.cc:134) Not producing egs for utterance sp0.9-TE0550-TE0552_2-A.179-1 because it is too short: 82 frames.
WARNING (nnet3-chain-get-egs[5.5.1009~1-e4940]:ProcessFile():nnet3-chain-get-egs.cc:134) Not producing egs for utterance sp0.9-TE0550-TE0552_2-A.235-1 because it is too short: 76 frames.
WARNING (nnet3-chain-get-egs[5.5.1009~1-e4940]:ProcessFile():nnet3-chain-get-egs.cc:134) Not producing egs for utterance sp0.9-TE0550-TE0552_2-A.239-1 because it is too short: 90 frames.
WARNING (nnet3-chain-get-egs[5.5.1009~1-e4940]:ProcessFile():nnet3-chain-get-egs.cc:134) Not producing egs for utterance sp0.9-TE0550-TE0552_2-A.256-1 because it is too short: 87 frames.
WARNING (nnet3-chain-get-egs[5.5.1009~1-e4940]:ProcessFile():nnet3-chain-get-egs.cc:134) Not producing egs for utterance sp0.9-TE0550-TE0552_2-A.327-1 because it is too short: 74 frames.
WARNING (nnet3-chain-get-egs[5.5.1009~1-e4940]:ProcessFile():nnet3-chain-get-egs.cc:134) Not producing egs for utterance sp0.9-TE0550-TE0552_2-A.385-1 because it is too short: 58 frames.
WARNING (nnet3-chain-get-egs[5.5.1009~1-e4940]:ProcessFile():nnet3-chain-get-egs.cc:134) Not producing egs for utterance sp0.9-TE0550-TE0552_2-A.463-1 because it is too short: 90 frames.
WARNING (nnet3-chain-get-egs[5.5.1009~1-e4940]:ProcessFile():nnet3-chain-get-egs.cc:134) Not producing egs for utterance sp0.9-TE0550-TE0552_2-A.485-1 because it is too short: 66 frames.
WARNING (nnet3-chain-get-egs[5.5.1009~1-e4940]:ProcessFile():nnet3-chain-get-egs.cc:134) Not producing egs for utterance sp0.9-TE0550-TE0552_2-A.509-1 because it is too short: 80 frames.
WARNING (nnet3-chain-get-egs[5.5.1009~1-e4940]:ProcessFile():nnet3-chain-get-egs.cc:134) Not producing egs for utterance sp0.9-TE0550-TE0552_2-B.025-1 because it is too short: 60 frames.
WARNING (nnet3-chain-get-egs[5.5.1009~1-e4940]:ProcessFile():nnet3-chain-get-egs.cc:134) Not producing egs for utterance sp0.9-TE0550-TE0552_2-B.036-1 because it is too short: 62 frames.
WARNING (nnet3-chain-get-egs[5.5.1009~1-e4940]:ProcessFile():nnet3-chain-get-egs.cc:134) Not producing egs for utterance sp0.9-TE0550-TE0552_2-B.053-1 because it is too short: 98 frames.
WARNING (nnet3-chain-get-egs[5.5.1009~1-e4940]:ProcessFile():nnet3-chain-get-egs.cc:134) Not producing egs for utterance sp0.9-TE0550-TE0552_2-B.059-1 because it is too short: 73 frames.
WARNING (nnet3-chain-get-egs[5.5.1009~1-e4940]:ProcessFile():nnet3-chain-get-egs.cc:134) Not producing egs for utterance sp0.9-TE0550-TE0552_2-B.107-1 because it is too short: 67 frames.
WARNING (nnet3-chain-get-egs[5.5.1009~1-e4940]:ProcessFile():nnet3-chain-get-egs.cc:134) Not producing egs for utterance sp0.9-TE0550-TE0552_2-B.111-1 because it is too short: 77 frames.
WARNING (nnet3-chain-get-egs[5.5.1009~1-e4940]:ProcessFile():nnet3-chain-get-egs.cc:134) Not producing egs for utterance sp0.9-TE0550-TE0552_2-B.113-1 because it is too short: 90 frames.
WARNING (nnet3-chain-get-egs[5.5.1009~1-e4940]:ProcessFile():nnet3-chain-get-egs.cc:134) Not producing egs for utterance sp0.9-TE0550-TE0552_2-B.119-1 because it is too short: 70 frames.
WARNING (nnet3-chain-get-egs[5.5.1009~1-e4940]:ProcessFile():nnet3-chain-get-egs.cc:134) Not producing egs for utterance sp0.9-TE0550-TE0552_2-B.126-1 because it is too short: 97 frames.
WARNING (nnet3-chain-get-egs[5.5.1009~1-e4940]:ProcessFile():nnet3-chain-get-egs.cc:134) Not producing egs for utterance sp0.9-TE0550-TE0552_2-B.139-1 because it is too short: 70 frames.
WARNING (nnet3-chain-get-egs[5.5.1009~1-e4940]:ProcessFile():nnet3-chain-get-egs.cc:134) Not producing egs for utterance sp0.9-TE0550-TE0552_2-B.173-1 because it is too short: 56 frames.
WARNING (nnet3-chain-get-egs[5.5.1009~1-e4940]:ProcessFile():nnet3-chain-get-egs.cc:134) Not producing egs for utterance sp0.9-TE0550-TE0552_2-B.214-1 because it is too short: 97 frames.
WARNING (nnet3-chain-get-egs[5.5.1009~1-e4940]:ProcessFile():nnet3-chain-get-egs.cc:134) Not producing egs for utterance sp0.9-TE0550-TE0552_2-B.220-1 because it is too short: 88 frames.
WARNING (apply-cmvn-online[5.5.1009~1-e4940]:main():apply-cmvn-online.cc:84) No features for utterance sp0.9-TE0551-TE0552_1-A.126-1
WARNING (nnet3-chain-get-egs[5.5.1009~1-e4940]:ProcessFile():nnet3-chain-get-egs.cc:134) Not producing egs for utterance sp0.9-TE0551-TE0552_1-A.116-1 because it is too short: 101 frames.
WARNING (nnet3-chain-get-egs[5.5.1009~1-e4940]:ProcessFile():nnet3-chain-get-egs.cc:134) Not producing egs for utterance sp0.9-TE0551-TE0552_1-A.172-1 because it is too short: 99 frames.
WARNING (nnet3-chain-get-egs[5.5.1009~1-e4940]:ProcessFile():nnet3-chain-get-egs.cc:134) Not producing egs for utterance sp0.9-TE0551-TE0552_1-A.210-1 because it is too short: 77 frames.
WARNING (nnet3-chain-get-egs[5.5.1009~1-e4940]:ProcessFile():nnet3-chain-get-egs.cc:134) Not producing egs for utterance sp0.9-TE0551-TE0552_1-A.261-1 because it is too short: 71 frames.
WARNING (nnet3-chain-get-egs[5.5.1009~1-e4940]:ProcessFile():nnet3-chain-get-egs.cc:134) Not producing egs for utterance sp0.9-TE0551-TE0552_1-B.017-1 because it is too short: 90 frames.
WARNING (nnet3-chain-get-egs[5.5.1009~1-e4940]:ProcessFile():nnet3-chain-get-egs.cc:134) Not producing egs for utterance sp0.9-TE0551-TE0552_1-B.021-1 because it is too short: 84 frames.
WARNING (nnet3-chain-get-egs[5.5.1009~1-e4940]:ProcessFile():nnet3-chain-get-egs.cc:134) Not producing egs for utterance sp0.9-TE0551-TE0552_1-B.029-1 because it is too short: 76 frames.
WARNING (nnet3-chain-get-egs[5.5.1009~1-e4940]:ProcessFile():nnet3-chain-get-egs.cc:134) Not producing egs for utterance sp0.9-TE0551-TE0552_1-B.037-1 because it is too short: 79 frames.
WARNING (nnet3-chain-get-egs[5.5.1009~1-e4940]:ProcessFile():nnet3-chain-get-egs.cc:134) Not producing egs for utterance sp0.9-TE0551-TE0552_1-B.052-1 because it is too short: 87 frames.
WARNING (nnet3-chain-get-egs[5.5.1009~1-e4940]:ProcessFile():nnet3-chain-get-egs.cc:134) Not producing egs for utterance sp0.9-TE0551-TE0552_1-B.078-1 because it is too short: 79 frames.
WARNING (nnet3-chain-get-egs[5.5.1009~1-e4940]:ProcessFile():nnet3-chain-get-egs.cc:134) Not producing egs for utterance sp0.9-TE0551-TE0552_1-B.159-1 because it is too short: 73 frames.
WARNING (nnet3-chain-get-egs[5.5.1009~1-e4940]:ProcessFile():nnet3-chain-get-egs.cc:134) Not producing egs for utterance sp0.9-TE0551-TE0552_2-A.011-1 because it is too short: 79 frames.
WARNING (nnet3-chain-get-egs[5.5.1009~1-e4940]:ProcessFile():nnet3-chain-get-egs.cc:134) Not producing egs for utterance sp0.9-TE0551-TE0552_2-A.015-1 because it is too short: 63 frames.
WARNING (nnet3-chain-get-egs[5.5.1009~1-e4940]:ProcessFile():nnet3-chain-get-egs.cc:134) Not producing egs for utterance sp0.9-TE0551-TE0552_2-A.019-1 because it is too short: 66 frames.
WARNING (nnet3-chain-get-egs[5.5.1009~1-e4940]:ProcessFile():nnet3-chain-get-egs.cc:134) Not producing egs for utterance sp0.9-TE0551-TE0552_2-A.024-1 because it is too short: 74 frames.
WARNING (nnet3-chain-get-egs[5.5.1009~1-e4940]:ProcessFile():nnet3-chain-get-egs.cc:134) Not producing egs for utterance sp0.9-TE0551-TE0552_2-A.034-1 because it is too short: 60 frames.
WARNING (nnet3-chain-get-egs[5.5.1009~1-e4940]:ProcessFile():nnet3-chain-get-egs.cc:134) Not producing egs for utterance sp0.9-TE0551-TE0552_2-A.058-1 because it is too short: 62 frames.
WARNING (nnet3-chain-get-egs[5.5.1009~1-e4940]:ProcessFile():nnet3-chain-get-egs.cc:134) Not producing egs for utterance sp0.9-TE0551-TE0552_2-A.060-1 because it is too short: 62 frames.
WARNING (nnet3-chain-get-egs[5.5.1009~1-e4940]:ProcessFile():nnet3-chain-get-egs.cc:134) Not producing egs for utterance sp0.9-TE0551-TE0552_2-A.094-1 because it is too short: 101 frames.
WARNING (nnet3-chain-get-egs[5.5.1009~1-e4940]:ProcessFile():nnet3-chain-get-egs.cc:134) Not producing egs for utterance sp0.9-TE0551-TE0552_2-A.104-1 because it is too short: 79 frames.
WARNING (nnet3-chain-get-egs[5.5.1009~1-e4940]:ProcessFile():nnet3-chain-get-egs.cc:134) Not producing egs for utterance sp0.9-TE0551-TE0552_2-A.106-1 because it is too short: 63 frames.
WARNING (nnet3-chain-get-egs[5.5.1009~1-e4940]:ProcessFile():nnet3-chain-get-egs.cc:134) Not producing egs for utterance sp0.9-TE0551-TE0552_2-A.115-1 because it is too short: 91 frames.
WARNING (nnet3-chain-get-egs[5.5.1009~1-e4940]:ProcessFile():nnet3-chain-get-egs.cc:134) Not producing egs for utterance sp0.9-TE0551-TE0552_2-B.162-1 because it is too short: 84 frames.
WARNING (nnet3-chain-get-egs[5.5.1009~1-e4940]:ProcessFile():nnet3-chain-get-egs.cc:134) Not producing egs for utterance sp0.9-TE0553-TE0554_1-B.185-1 because it is too short: 84 frames.
WARNING (nnet3-chain-get-egs[5.5.1009~1-e4940]:ProcessFile():nnet3-chain-get-egs.cc:134) Not producing egs for utterance sp0.9-TE0553-TE0554_1-B.193-1 because it is too short: 87 frames.
WARNING (nnet3-chain-get-egs[5.5.1009~1-e4940]:ProcessFile():nnet3-chain-get-egs.cc:134) Not producing egs for utterance sp0.9-TE0553-TE0554_2-A.042-1 because it is too short: 80 frames.
WARNING (nnet3-chain-get-egs[5.5.1009~1-e4940]:ProcessFile():nnet3-chain-get-egs.cc:134) Not producing egs for utterance sp0.9-TE0553-TE0554_2-A.230-1 because it is too short: 87 frames.
WARNING (nnet3-chain-get-egs[5.5.1009~1-e4940]:ProcessFile():nnet3-chain-get-egs.cc:134) Not producing egs for utterance sp0.9-TE0553-TE0554_2-B.137-1 because it is too short: 98 frames.
WARNING (nnet3-chain-get-egs[5.5.1009~1-e4940]:ProcessFile():nnet3-chain-get-egs.cc:134) Not producing egs for utterance sp0.9-TE0553-TE0554_2-B.195-1 because it is too short: 95 frames.
WARNING (nnet3-chain-get-egs[5.5.1009~1-e4940]:ProcessFile():nnet3-chain-get-egs.cc:134) Not producing egs for utterance sp0.9-TE0553-TE0555_1-B.020-1 because it is too short: 79 frames.
WARNING (nnet3-chain-get-egs[5.5.1009~1-e4940]:ProcessFile():nnet3-chain-get-egs.cc:134) Not producing egs for utterance sp0.9-TE0553-TE0555_2-A.045-1 because it is too short: 78 frames.
WARNING (nnet3-chain-get-egs[5.5.1009~1-e4940]:ProcessFile():nnet3-chain-get-egs.cc:134) Not producing egs for utterance sp0.9-TE0553-TE0555_2-B.048-1 because it is too short: 87 frames.
WARNING (nnet3-chain-get-egs[5.5.1009~1-e4940]:ProcessFile():nnet3-chain-get-egs.cc:134) Not producing egs for utterance sp0.9-TE0553-TE0555_2-B.089-1 because it is too short: 76 frames.
WARNING (nnet3-chain-get-egs[5.5.1009~1-e4940]:ProcessFile():nnet3-chain-get-egs.cc:134) Not producing egs for utterance sp0.9-TE0553-TE0555_2-B.137-1 because it is too short: 59 frames.
WARNING (nnet3-chain-get-egs[5.5.1009~1-e4940]:ProcessFile():nnet3-chain-get-egs.cc:134) Not producing egs for utterance sp0.9-TE0554-TE0556_1-A.031-1 because it is too short: 66 frames.
WARNING (nnet3-chain-get-egs[5.5.1009~1-e4940]:ProcessFile():nnet3-chain-get-egs.cc:134) Not producing egs for utterance sp0.9-TE0554-TE0556_1-A.135-1 because it is too short: 80 frames.
WARNING (nnet3-chain-get-egs[5.5.1009~1-e4940]:ProcessFile():nnet3-chain-get-egs.cc:134) Not producing egs for utterance sp0.9-TE0554-TE0556_1-A.219-1 because it is too short: 92 frames.
WARNING (nnet3-chain-get-egs[5.5.1009~1-e4940]:ProcessFile():nnet3-chain-get-egs.cc:134) Not producing egs for utterance sp0.9-TE0554-TE0556_1-A.242-1 because it is too short: 86 frames.
WARNING (nnet3-chain-get-egs[5.5.1009~1-e4940]:ProcessFile():nnet3-chain-get-egs.cc:134) Not producing egs for utterance sp0.9-TE0554-TE0556_1-A.255-1 because it is too short: 60 frames.
WARNING (nnet3-chain-get-egs[5.5.1009~1-e4940]:ProcessFile():nnet3-chain-get-egs.cc:134) Not producing egs for utterance sp0.9-TE0554-TE0556_1-A.339-1 because it is too short: 70 frames.
WARNING (nnet3-chain-get-egs[5.5.1009~1-e4940]:ProcessFile():nnet3-chain-get-egs.cc:134) Not producing egs for utterance sp0.9-TE0554-TE0556_1-A.362-1 because it is too short: 91 frames.
WARNING (nnet3-chain-get-egs[5.5.1009~1-e4940]:ProcessFile():nnet3-chain-get-egs.cc:134) Not producing egs for utterance sp0.9-TE0554-TE0556_1-B.020-1 because it is too short: 76 frames.
WARNING (nnet3-chain-get-egs[5.5.1009~1-e4940]:ProcessFile():nnet3-chain-get-egs.cc:134) Not producing egs for utterance sp0.9-TE0554-TE0556_1-B.057-1 because it is too short: 65 frames.
WARNING (nnet3-chain-get-egs[5.5.1009~1-e4940]:ProcessFile():nnet3-chain-get-egs.cc:134) Not producing egs for utterance sp0.9-TE0554-TE0556_1-B.107-1 because it is too short: 81 frames.
WARNING (nnet3-chain-get-egs[5.5.1009~1-e4940]:ProcessFile():nnet3-chain-get-egs.cc:134) Not producing egs for utterance sp0.9-TE0554-TE0556_1-B.225-1 because it is too short: 65 frames.
WARNING (nnet3-chain-get-egs[5.5.1009~1-e4940]:ProcessFile():nnet3-chain-get-egs.cc:134) Not producing egs for utterance sp0.9-TE0554-TE0556_1-B.256-1 because it is too short: 79 frames.
WARNING (nnet3-chain-get-egs[5.5.1009~1-e4940]:ProcessFile():nnet3-chain-get-egs.cc:134) Not producing egs for utterance sp0.9-TE0554-TE0556_1-B.266-1 because it is too short: 59 frames.
WARNING (nnet3-chain-get-egs[5.5.1009~1-e4940]:ProcessFile():nnet3-chain-get-egs.cc:134) Not producing egs for utterance sp0.9-TE0554-TE0556_1-B.373-1 because it is too short: 101 frames.
WARNING (nnet3-chain-get-egs[5.5.1009~1-e4940]:ProcessFile():nnet3-chain-get-egs.cc:134) Not producing egs for utterance sp0.9-TE0554-TE0556_2-A.028-1 because it is too short: 76 frames.
WARNING (nnet3-chain-get-egs[5.5.1009~1-e4940]:ProcessFile():nnet3-chain-get-egs.cc:134) Not producing egs for utterance sp0.9-TE0554-TE0556_2-A.093-1 because it is too short: 99 frames.
WARNING (nnet3-chain-get-egs[5.5.1009~1-e4940]:ProcessFile():nnet3-chain-get-egs.cc:134) Not producing egs for utterance sp0.9-TE0554-TE0556_2-A.109-1 because it is too short: 71 frames.
WARNING (nnet3-chain-get-egs[5.5.1009~1-e4940]:ProcessFile():nnet3-chain-get-egs.cc:134) Not producing egs for utterance sp0.9-TE0554-TE0556_2-A.187-1 because it is too short: 79 frames.
WARNING (nnet3-chain-get-egs[5.5.1009~1-e4940]:ProcessFile():nnet3-chain-get-egs.cc:134) Not producing egs for utterance sp0.9-TE0554-TE0556_2-A.234-1 because it is too short: 66 frames.
WARNING (nnet3-chain-get-egs[5.5.1009~1-e4940]:ProcessFile():nnet3-chain-get-egs.cc:134) Not producing egs for utterance sp0.9-TE0554-TE0556_2-B.046-1 because it is too short: 84 frames.
WARNING (nnet3-chain-get-egs[5.5.1009~1-e4940]:ProcessFile():nnet3-chain-get-egs.cc:134) Not producing egs for utterance sp0.9-TE0554-TE0556_2-B.239-1 because it is too short: 91 frames.
WARNING (nnet3-chain-get-egs[5.5.1009~1-e4940]:ProcessFile():nnet3-chain-get-egs.cc:134) Not producing egs for utterance sp0.9-TE0555-TE0556_1-A.006-1 because it is too short: 77 frames.
WARNING (nnet3-chain-get-egs[5.5.1009~1-e4940]:ProcessFile():nnet3-chain-get-egs.cc:134) Not producing egs for utterance sp0.9-TE0555-TE0556_1-A.021-1 because it is too short: 71 frames.
WARNING (nnet3-chain-get-egs[5.5.1009~1-e4940]:ProcessFile():nnet3-chain-get-egs.cc:134) Not producing egs for utterance sp0.9-TE0555-TE0556_1-A.098-1 because it is too short: 90 frames.
WARNING (nnet3-chain-get-egs[5.5.1009~1-e4940]:ProcessFile():nnet3-chain-get-egs.cc:134) Not producing egs for utterance sp0.9-TE0555-TE0556_1-A.223-1 because it is too short: 77 frames.
WARNING (nnet3-chain-get-egs[5.5.1009~1-e4940]:ProcessFile():nnet3-chain-get-egs.cc:134) Not producing egs for utterance sp0.9-TE0555-TE0556_1-B.195-1 because it is too short: 63 frames.
WARNING (nnet3-chain-get-egs[5.5.1009~1-e4940]:ProcessFile():nnet3-chain-get-egs.cc:134) Not producing egs for utterance sp0.9-TE0555-TE0556_1-B.211-1 because it is too short: 79 frames.
WARNING (nnet3-chain-get-egs[5.5.1009~1-e4940]:ProcessFile():nnet3-chain-get-egs.cc:134) Not producing egs for utterance sp0.9-TE0555-TE0556_2-A.211-1 because it is too short: 99 frames.
WARNING (nnet3-chain-get-egs[5.5.1009~1-e4940]:ProcessFile():nnet3-chain-get-egs.cc:134) Not producing egs for utterance sp0.9-TE0555-TE0556_2-A.217-1 because it is too short: 88 frames.
WARNING (nnet3-chain-get-egs[5.5.1009~1-e4940]:ProcessFile():nnet3-chain-get-egs.cc:134) Not producing egs for utterance sp0.9-TE0555-TE0556_2-B.389-1 because it is too short: 62 frames.
WARNING (nnet3-chain-get-egs[5.5.1009~1-e4940]:ProcessFile():nnet3-chain-get-egs.cc:134) Not producing egs for utterance sp0.9-TE0557-TE0558_1-A.447-1 because it is too short: 91 frames.
WARNING (nnet3-chain-get-egs[5.5.1009~1-e4940]:ProcessFile():nnet3-chain-get-egs.cc:134) Not producing egs for utterance sp0.9-TE0557-TE0558_1-B.032-1 because it is too short: 66 frames.
WARNING (nnet3-chain-get-egs[5.5.1009~1-e4940]:ProcessFile():nnet3-chain-get-egs.cc:134) Not producing egs for utterance sp0.9-TE0557-TE0558_1-B.071-1 because it is too short: 81 frames.
WARNING (nnet3-chain-get-egs[5.5.1009~1-e4940]:ProcessFile():nnet3-chain-get-egs.cc:134) Not producing egs for utterance sp0.9-TE0557-TE0558_2-A.116-1 because it is too short: 76 frames.
WARNING (nnet3-chain-get-egs[5.5.1009~1-e4940]:ProcessFile():nnet3-chain-get-egs.cc:134) Not producing egs for utterance sp0.9-TE0557-TE0558_2-A.168-1 because it is too short: 84 frames.
WARNING (nnet3-chain-get-egs[5.5.1009~1-e4940]:ProcessFile():nnet3-chain-get-egs.cc:134) Not producing egs for utterance sp0.9-TE0557-TE0558_2-A.216-1 because it is too short: 92 frames.
WARNING (nnet3-chain-get-egs[5.5.1009~1-e4940]:ProcessFile():nnet3-chain-get-egs.cc:134) Not producing egs for utterance sp0.9-TE0557-TE0558_2-A.256-1 because it is too short: 92 frames.
WARNING (nnet3-chain-get-egs[5.5.1009~1-e4940]:ProcessFile():nnet3-chain-get-egs.cc:134) Not producing egs for utterance sp0.9-TE0557-TE0558_2-B.067-1 because it is too short: 97 frames.
WARNING (nnet3-chain-get-egs[5.5.1009~1-e4940]:ProcessFile():nnet3-chain-get-egs.cc:134) Not producing egs for utterance sp0.9-TE0557-TE0558_2-B.230-1 because it is too short: 84 frames.
WARNING (nnet3-chain-get-egs[5.5.1009~1-e4940]:ProcessFile():nnet3-chain-get-egs.cc:134) Not producing egs for utterance sp0.9-TE0557-TE0558_2-B.239-1 because it is too short: 101 frames.
WARNING (nnet3-chain-get-egs[5.5.1009~1-e4940]:ProcessFile():nnet3-chain-get-egs.cc:134) Not producing egs for utterance sp0.9-TE0557-TE0558_2-B.360-1 because it is too short: 86 frames.
WARNING (nnet3-chain-get-egs[5.5.1009~1-e4940]:ProcessFile():nnet3-chain-get-egs.cc:134) Not producing egs for utterance sp0.9-TE0557-TE0559_1-A.030-1 because it is too short: 66 frames.
WARNING (nnet3-chain-get-egs[5.5.1009~1-e4940]:ProcessFile():nnet3-chain-get-egs.cc:134) Not producing egs for utterance sp0.9-TE0557-TE0559_1-B.086-1 because it is too short: 98 frames.
WARNING (nnet3-chain-get-egs[5.5.1009~1-e4940]:ProcessFile():nnet3-chain-get-egs.cc:134) Not producing egs for utterance sp0.9-TE0557-TE0559_1-B.297-1 because it is too short: 85 frames.
LOG (lattice-align-phones[5.5.1009~1-e4940]:main():lattice-align-phones.cc:105) Successfully aligned 1254 lattices; 0 had errors.
WARNING (nnet3-chain-get-egs[5.5.1009~1-e4940]:ProcessFile():nnet3-chain-get-egs.cc:134) Not producing egs for utterance sp0.9-TE0558-TE0560_1-A.224-1 because it is too short: 84 frames.
WARNING (nnet3-chain-get-egs[5.5.1009~1-e4940]:ProcessFile():nnet3-chain-get-egs.cc:134) Not producing egs for utterance sp0.9-TE0558-TE0560_1-A.235-1 because it is too short: 94 frames.
WARNING (nnet3-chain-get-egs[5.5.1009~1-e4940]:ProcessFile():nnet3-chain-get-egs.cc:134) Not producing egs for utterance sp0.9-TE0558-TE0560_1-B.176-1 because it is too short: 82 frames.
LOG (chain-get-supervision[5.5.1009~1-e4940]:main():chain-get-supervision.cc:150) Generated chain supervision information for 1254 utterances, errors on 0
WARNING (nnet3-chain-get-egs[5.5.1009~1-e4940]:ProcessFile():nnet3-chain-get-egs.cc:134) Not producing egs for utterance sp0.9-TE0558-TE0560_2-A.015-1 because it is too short: 79 frames.
LOG (apply-cmvn-online[5.5.1009~1-e4940]:main():apply-cmvn-online.cc:133) Applied online CMVN to 1252 files, or 231992 frames.
WARNING (nnet3-chain-get-egs[5.5.1009~1-e4940]:main():nnet3-chain-get-egs.cc:442) 393 utterances had errors and could not be processed.
LOG (nnet3-chain-get-egs[5.5.1009~1-e4940]:~UtteranceSplitter():nnet-example-utils.cc:372) Split 1251 utts, with total length 231734 frames (0.643706 hours assuming 100 frames per second) into 1657 chunks.
LOG (nnet3-chain-get-egs[5.5.1009~1-e4940]:~UtteranceSplitter():nnet-example-utils.cc:382) Average chunk length was 122.026 frames; overlap between adjacent chunks was 2.86751% of input length; length of output was 87.2539% of input length (minus overlap = 84.3864%).
LOG (nnet3-chain-get-egs[5.5.1009~1-e4940]:~UtteranceSplitter():nnet-example-utils.cc:398) Output frames are distributed among chunk-sizes as follows: 102 = 32.69%, 111 = 21.46%, 150 = 45.85%
LOG (nnet3-chain-copy-egs[5.5.1009~1-e4940]:main():nnet3-chain-copy-egs.cc:395) Read 1657 neural-network training examples, wrote 1657
# Accounting: time=11 threads=1
# Ended (code 0) at Wed Jun 15 01:47:00 UTC 2022, elapsed time 11 seconds
