# nnet3-chain-train --use-gpu=wait --apply-deriv-weights=False --l2-regularize=0.0 --leaky-hmm-coefficient=0.1 --read-cache=telugu_exp/chain_cleaned_1d/tdnn1d_sp/cache.6 --xent-regularize=0.1 --print-interval=10 --momentum=0.0 --max-param-change=2.0 --backstitch-training-scale=0.0 --backstitch-training-interval=1 --l2-regularize-factor=0.16666666666666666 --optimization.memory-compression-level=2 --srand=6 "nnet3-am-copy --raw=true --learning-rate=0.0010664564148468653 --scale=1.0 telugu_exp/chain_cleaned_1d/tdnn1d_sp/6.mdl - |nnet3-copy --edits='set-dropout-proportion name=* proportion=0.0' - - |" telugu_exp/chain_cleaned_1d/tdnn1d_sp/den.fst "ark,bg:nnet3-chain-copy-egs                          --frame-shift=1                         ark:telugu_exp/chain_cleaned_1d/tdnn1d_sp/egs/cegs.1.ark ark:- |                         nnet3-chain-shuffle-egs --buffer-size=5000                         --srand=6 ark:- ark:- | nnet3-chain-merge-egs                         --minibatch-size=64 ark:- ark:- |" telugu_exp/chain_cleaned_1d/tdnn1d_sp/7.4.raw 
# Started at Wed Jun 15 04:10:58 UTC 2022
#
nnet3-chain-train --use-gpu=wait --apply-deriv-weights=False --l2-regularize=0.0 --leaky-hmm-coefficient=0.1 --read-cache=telugu_exp/chain_cleaned_1d/tdnn1d_sp/cache.6 --xent-regularize=0.1 --print-interval=10 --momentum=0.0 --max-param-change=2.0 --backstitch-training-scale=0.0 --backstitch-training-interval=1 --l2-regularize-factor=0.16666666666666666 --optimization.memory-compression-level=2 --srand=6 "nnet3-am-copy --raw=true --learning-rate=0.0010664564148468653 --scale=1.0 telugu_exp/chain_cleaned_1d/tdnn1d_sp/6.mdl - |nnet3-copy --edits='set-dropout-proportion name=* proportion=0.0' - - |" telugu_exp/chain_cleaned_1d/tdnn1d_sp/den.fst 'ark,bg:nnet3-chain-copy-egs                          --frame-shift=1                         ark:telugu_exp/chain_cleaned_1d/tdnn1d_sp/egs/cegs.1.ark ark:- |                         nnet3-chain-shuffle-egs --buffer-size=5000                         --srand=6 ark:- ark:- | nnet3-chain-merge-egs                         --minibatch-size=64 ark:- ark:- |' telugu_exp/chain_cleaned_1d/tdnn1d_sp/7.4.raw 
WARNING (nnet3-chain-train[5.5.1009~1-e4940]:SelectGpuId():cu-device.cc:221) Will try again indefinitely every 5 seconds to get a GPU.
WARNING (nnet3-chain-train[5.5.1009~1-e4940]:SelectGpuId():cu-device.cc:229) Waited 1695 seconds before creating CUDA context
LOG (nnet3-chain-train[5.5.1009~1-e4940]:SelectGpuId():cu-device.cc:238) CUDA setup operating under Compute Exclusive Mode.
LOG (nnet3-chain-train[5.5.1009~1-e4940]:FinalizeActiveGpu():cu-device.cc:338) The active GPU is [0]: Tesla K80	free:11313M, used:127M, total:11441M, free/total:0.988856 version 3.7
nnet3-copy '--edits=set-dropout-proportion name=* proportion=0.0' - - 
nnet3-am-copy --raw=true --learning-rate=0.0010664564148468653 --scale=1.0 telugu_exp/chain_cleaned_1d/tdnn1d_sp/6.mdl - 
LOG (nnet3-am-copy[5.5.1009~1-e4940]:main():nnet3-am-copy.cc:153) Copied neural net from telugu_exp/chain_cleaned_1d/tdnn1d_sp/6.mdl to raw format as -
LOG (nnet3-copy[5.5.1009~1-e4940]:ReadEditConfig():nnet-utils.cc:1413) Set dropout proportions for 13 components.
LOG (nnet3-copy[5.5.1009~1-e4940]:main():nnet3-copy.cc:123) Copied raw neural net from - to -
LOG (nnet3-chain-train[5.5.1009~1-e4940]:NnetChainTrainer():nnet-chain-training.cc:51) Read computation cache from telugu_exp/chain_cleaned_1d/tdnn1d_sp/cache.6
nnet3-chain-copy-egs --frame-shift=1 ark:telugu_exp/chain_cleaned_1d/tdnn1d_sp/egs/cegs.1.ark ark:- 
nnet3-chain-merge-egs --minibatch-size=64 ark:- ark:- 
nnet3-chain-shuffle-egs --buffer-size=5000 --srand=6 ark:- ark:- 
LOG (nnet3-chain-train[5.5.1009~1-e4940]:ComputeChainObjfAndDerivE2e():chain-training.cc:162) Numerator objf: 1.60709
LOG (nnet3-chain-train[5.5.1009~1-e4940]:ComputeChainObjfAndDerivE2e():chain-training.cc:162) Numerator objf: 1.57871
LOG (nnet3-chain-train[5.5.1009~1-e4940]:ComputeChainObjfAndDerivE2e():chain-training.cc:162) Numerator objf: 1.61754
LOG (nnet3-chain-train[5.5.1009~1-e4940]:ComputeChainObjfAndDerivE2e():chain-training.cc:162) Numerator objf: 1.66309
LOG (nnet3-chain-train[5.5.1009~1-e4940]:ComputeChainObjfAndDerivE2e():chain-training.cc:162) Numerator objf: 1.56775
LOG (nnet3-chain-train[5.5.1009~1-e4940]:ComputeChainObjfAndDerivE2e():chain-training.cc:162) Numerator objf: 1.62101
LOG (nnet3-chain-train[5.5.1009~1-e4940]:ComputeChainObjfAndDerivE2e():chain-training.cc:162) Numerator objf: 1.48219
LOG (nnet3-chain-train[5.5.1009~1-e4940]:ComputeChainObjfAndDerivE2e():chain-training.cc:162) Numerator objf: 1.54352
LOG (nnet3-chain-train[5.5.1009~1-e4940]:ComputeChainObjfAndDerivE2e():chain-training.cc:162) Numerator objf: 1.53289
LOG (nnet3-chain-train[5.5.1009~1-e4940]:ComputeChainObjfAndDerivE2e():chain-training.cc:162) Numerator objf: 1.55532
LOG (nnet3-chain-train[5.5.1009~1-e4940]:ComputeChainObjfAndDerivE2e():chain-training.cc:162) Numerator objf: 1.57657
LOG (nnet3-chain-train[5.5.1009~1-e4940]:PrintStatsForThisPhase():nnet-training.cc:278) Average objective function for 'output-xent' for minibatches 0-9 is -1.50092 over 29120 frames.
LOG (nnet3-chain-train[5.5.1009~1-e4940]:PrintStatsForThisPhase():nnet-training.cc:278) Average objective function for 'output' for minibatches 0-9 is -0.0734044 over 29120 frames.
LOG (nnet3-chain-train[5.5.1009~1-e4940]:ComputeChainObjfAndDerivE2e():chain-training.cc:162) Numerator objf: 1.61081
LOG (nnet3-chain-train[5.5.1009~1-e4940]:ComputeChainObjfAndDerivE2e():chain-training.cc:162) Numerator objf: 1.59598
LOG (nnet3-chain-train[5.5.1009~1-e4940]:ComputeChainObjfAndDerivE2e():chain-training.cc:162) Numerator objf: 1.53375
LOG (nnet3-chain-train[5.5.1009~1-e4940]:ComputeChainObjfAndDerivE2e():chain-training.cc:162) Numerator objf: 1.45279
LOG (nnet3-chain-train[5.5.1009~1-e4940]:ComputeChainObjfAndDerivE2e():chain-training.cc:162) Numerator objf: 1.54041
LOG (nnet3-chain-train[5.5.1009~1-e4940]:ComputeChainObjfAndDerivE2e():chain-training.cc:162) Numerator objf: 1.59035
LOG (nnet3-chain-train[5.5.1009~1-e4940]:ComputeChainObjfAndDerivE2e():chain-training.cc:162) Numerator objf: 1.5487
LOG (nnet3-chain-train[5.5.1009~1-e4940]:ComputeChainObjfAndDerivE2e():chain-training.cc:162) Numerator objf: 1.49326
LOG (nnet3-chain-train[5.5.1009~1-e4940]:ComputeChainObjfAndDerivE2e():chain-training.cc:162) Numerator objf: 1.55405
LOG (nnet3-chain-train[5.5.1009~1-e4940]:ComputeChainObjfAndDerivE2e():chain-training.cc:162) Numerator objf: 1.59988
LOG (nnet3-chain-train[5.5.1009~1-e4940]:PrintStatsForThisPhase():nnet-training.cc:278) Average objective function for 'output-xent' for minibatches 10-19 is -1.5287 over 28096 frames.
LOG (nnet3-chain-train[5.5.1009~1-e4940]:PrintStatsForThisPhase():nnet-training.cc:278) Average objective function for 'output' for minibatches 10-19 is -0.0754088 over 28096 frames.
LOG (nnet3-chain-train[5.5.1009~1-e4940]:ComputeChainObjfAndDerivE2e():chain-training.cc:162) Numerator objf: 1.574
LOG (nnet3-chain-train[5.5.1009~1-e4940]:ComputeChainObjfAndDerivE2e():chain-training.cc:162) Numerator objf: 1.57439
LOG (nnet3-chain-train[5.5.1009~1-e4940]:ComputeChainObjfAndDerivE2e():chain-training.cc:162) Numerator objf: 1.51196
LOG (nnet3-chain-train[5.5.1009~1-e4940]:ComputeChainObjfAndDerivE2e():chain-training.cc:162) Numerator objf: 1.47775
LOG (nnet3-chain-train[5.5.1009~1-e4940]:ComputeChainObjfAndDerivE2e():chain-training.cc:162) Numerator objf: 1.50047
LOG (nnet3-chain-train[5.5.1009~1-e4940]:ComputeChainObjfAndDerivE2e():chain-training.cc:162) Numerator objf: 1.51339
LOG (nnet3-chain-train[5.5.1009~1-e4940]:ComputeChainObjfAndDerivE2e():chain-training.cc:162) Numerator objf: 1.45617
LOG (nnet3-chain-train[5.5.1009~1-e4940]:ComputeChainObjfAndDerivE2e():chain-training.cc:162) Numerator objf: 1.57109
LOG (nnet3-chain-train[5.5.1009~1-e4940]:ComputeChainObjfAndDerivE2e():chain-training.cc:162) Numerator objf: 1.47013
LOG (nnet3-chain-train[5.5.1009~1-e4940]:ComputeChainObjfAndDerivE2e():chain-training.cc:162) Numerator objf: 1.4457
LOG (nnet3-chain-train[5.5.1009~1-e4940]:PrintStatsForThisPhase():nnet-training.cc:278) Average objective function for 'output-xent' for minibatches 20-29 is -1.5724 over 28288 frames.
LOG (nnet3-chain-train[5.5.1009~1-e4940]:PrintStatsForThisPhase():nnet-training.cc:278) Average objective function for 'output' for minibatches 20-29 is -0.0796925 over 28288 frames.
LOG (nnet3-chain-train[5.5.1009~1-e4940]:ComputeChainObjfAndDerivE2e():chain-training.cc:162) Numerator objf: 1.45455
LOG (nnet3-chain-train[5.5.1009~1-e4940]:ComputeChainObjfAndDerivE2e():chain-training.cc:162) Numerator objf: 1.49062
LOG (nnet3-chain-train[5.5.1009~1-e4940]:ComputeChainObjfAndDerivE2e():chain-training.cc:162) Numerator objf: 1.51554
LOG (nnet3-chain-train[5.5.1009~1-e4940]:ComputeChainObjfAndDerivE2e():chain-training.cc:162) Numerator objf: 1.5166
LOG (nnet3-chain-train[5.5.1009~1-e4940]:ComputeChainObjfAndDerivE2e():chain-training.cc:162) Numerator objf: 1.53841
LOG (nnet3-chain-train[5.5.1009~1-e4940]:ComputeChainObjfAndDerivE2e():chain-training.cc:162) Numerator objf: 1.46967
LOG (nnet3-chain-train[5.5.1009~1-e4940]:ComputeChainObjfAndDerivE2e():chain-training.cc:162) Numerator objf: 1.414
LOG (nnet3-chain-train[5.5.1009~1-e4940]:ComputeChainObjfAndDerivE2e():chain-training.cc:162) Numerator objf: 1.35381
LOG (nnet3-chain-train[5.5.1009~1-e4940]:ComputeChainObjfAndDerivE2e():chain-training.cc:162) Numerator objf: 1.40059
LOG (nnet3-chain-train[5.5.1009~1-e4940]:ComputeChainObjfAndDerivE2e():chain-training.cc:162) Numerator objf: 1.45576
LOG (nnet3-chain-train[5.5.1009~1-e4940]:PrintStatsForThisPhase():nnet-training.cc:278) Average objective function for 'output-xent' for minibatches 30-39 is -1.64835 over 28096 frames.
LOG (nnet3-chain-train[5.5.1009~1-e4940]:PrintStatsForThisPhase():nnet-training.cc:278) Average objective function for 'output' for minibatches 30-39 is -0.0847971 over 28096 frames.
LOG (nnet3-chain-train[5.5.1009~1-e4940]:ComputeChainObjfAndDerivE2e():chain-training.cc:162) Numerator objf: 1.40342
LOG (nnet3-chain-train[5.5.1009~1-e4940]:ComputeChainObjfAndDerivE2e():chain-training.cc:162) Numerator objf: 1.38526
LOG (nnet3-chain-train[5.5.1009~1-e4940]:ComputeChainObjfAndDerivE2e():chain-training.cc:162) Numerator objf: 1.39992
LOG (nnet3-chain-train[5.5.1009~1-e4940]:ComputeChainObjfAndDerivE2e():chain-training.cc:162) Numerator objf: 1.51314
LOG (nnet3-chain-train[5.5.1009~1-e4940]:ComputeChainObjfAndDerivE2e():chain-training.cc:162) Numerator objf: 1.43594
LOG (nnet3-chain-train[5.5.1009~1-e4940]:ComputeChainObjfAndDerivE2e():chain-training.cc:162) Numerator objf: 1.51111
LOG (nnet3-chain-train[5.5.1009~1-e4940]:ComputeChainObjfAndDerivE2e():chain-training.cc:162) Numerator objf: 1.54587
LOG (nnet3-chain-train[5.5.1009~1-e4940]:ComputeChainObjfAndDerivE2e():chain-training.cc:162) Numerator objf: 1.49579
LOG (nnet3-chain-train[5.5.1009~1-e4940]:ComputeChainObjfAndDerivE2e():chain-training.cc:162) Numerator objf: 1.49535
LOG (nnet3-chain-train[5.5.1009~1-e4940]:ComputeChainObjfAndDerivE2e():chain-training.cc:162) Numerator objf: 1.43402
LOG (nnet3-chain-train[5.5.1009~1-e4940]:PrintStatsForThisPhase():nnet-training.cc:278) Average objective function for 'output-xent' for minibatches 40-49 is -1.60763 over 28288 frames.
LOG (nnet3-chain-train[5.5.1009~1-e4940]:PrintStatsForThisPhase():nnet-training.cc:278) Average objective function for 'output' for minibatches 40-49 is -0.0792695 over 28288 frames.
LOG (nnet3-chain-train[5.5.1009~1-e4940]:ComputeChainObjfAndDerivE2e():chain-training.cc:162) Numerator objf: 1.48668
LOG (nnet3-chain-train[5.5.1009~1-e4940]:ComputeChainObjfAndDerivE2e():chain-training.cc:162) Numerator objf: 1.45711
LOG (nnet3-chain-train[5.5.1009~1-e4940]:ComputeChainObjfAndDerivE2e():chain-training.cc:162) Numerator objf: 1.42641
LOG (nnet3-chain-train[5.5.1009~1-e4940]:ComputeChainObjfAndDerivE2e():chain-training.cc:162) Numerator objf: 1.35604
LOG (nnet3-chain-train[5.5.1009~1-e4940]:ComputeChainObjfAndDerivE2e():chain-training.cc:162) Numerator objf: 1.53721
LOG (nnet3-chain-train[5.5.1009~1-e4940]:ComputeChainObjfAndDerivE2e():chain-training.cc:162) Numerator objf: 1.43763
LOG (nnet3-chain-train[5.5.1009~1-e4940]:ComputeChainObjfAndDerivE2e():chain-training.cc:162) Numerator objf: 1.41665
LOG (nnet3-chain-train[5.5.1009~1-e4940]:ComputeChainObjfAndDerivE2e():chain-training.cc:162) Numerator objf: 1.50551
LOG (nnet3-chain-train[5.5.1009~1-e4940]:ComputeChainObjfAndDerivE2e():chain-training.cc:162) Numerator objf: 1.41411
LOG (nnet3-chain-train[5.5.1009~1-e4940]:ComputeChainObjfAndDerivE2e():chain-training.cc:162) Numerator objf: 1.44702
LOG (nnet3-chain-train[5.5.1009~1-e4940]:PrintStatsForThisPhase():nnet-training.cc:278) Average objective function for 'output-xent' for minibatches 50-59 is -1.65405 over 28096 frames.
LOG (nnet3-chain-train[5.5.1009~1-e4940]:PrintStatsForThisPhase():nnet-training.cc:278) Average objective function for 'output' for minibatches 50-59 is -0.0818358 over 28096 frames.
LOG (nnet3-chain-train[5.5.1009~1-e4940]:ComputeChainObjfAndDerivE2e():chain-training.cc:162) Numerator objf: 1.46424
LOG (nnet3-chain-train[5.5.1009~1-e4940]:ComputeChainObjfAndDerivE2e():chain-training.cc:162) Numerator objf: 1.4894
LOG (nnet3-chain-train[5.5.1009~1-e4940]:ComputeChainObjfAndDerivE2e():chain-training.cc:162) Numerator objf: 1.5783
LOG (nnet3-chain-train[5.5.1009~1-e4940]:ComputeChainObjfAndDerivE2e():chain-training.cc:162) Numerator objf: 1.47167
LOG (nnet3-chain-train[5.5.1009~1-e4940]:ComputeChainObjfAndDerivE2e():chain-training.cc:162) Numerator objf: 1.45148
LOG (nnet3-chain-train[5.5.1009~1-e4940]:ComputeChainObjfAndDerivE2e():chain-training.cc:162) Numerator objf: 1.53334
LOG (nnet3-chain-train[5.5.1009~1-e4940]:ComputeChainObjfAndDerivE2e():chain-training.cc:162) Numerator objf: 1.54372
LOG (nnet3-chain-train[5.5.1009~1-e4940]:ComputeChainObjfAndDerivE2e():chain-training.cc:162) Numerator objf: 1.42168
LOG (nnet3-chain-train[5.5.1009~1-e4940]:ComputeChainObjfAndDerivE2e():chain-training.cc:162) Numerator objf: 1.48418
LOG (nnet3-chain-train[5.5.1009~1-e4940]:ComputeChainObjfAndDerivE2e():chain-training.cc:162) Numerator objf: 1.44066
LOG (nnet3-chain-train[5.5.1009~1-e4940]:PrintStatsForThisPhase():nnet-training.cc:278) Average objective function for 'output-xent' for minibatches 60-69 is -1.60793 over 28288 frames.
LOG (nnet3-chain-train[5.5.1009~1-e4940]:PrintStatsForThisPhase():nnet-training.cc:278) Average objective function for 'output' for minibatches 60-69 is -0.0768614 over 28288 frames.
LOG (nnet3-chain-train[5.5.1009~1-e4940]:ComputeChainObjfAndDerivE2e():chain-training.cc:162) Numerator objf: 1.4818
LOG (nnet3-chain-train[5.5.1009~1-e4940]:ComputeChainObjfAndDerivE2e():chain-training.cc:162) Numerator objf: 1.42135
LOG (nnet3-chain-train[5.5.1009~1-e4940]:ComputeChainObjfAndDerivE2e():chain-training.cc:162) Numerator objf: 1.40689
LOG (nnet3-chain-train[5.5.1009~1-e4940]:ComputeChainObjfAndDerivE2e():chain-training.cc:162) Numerator objf: 1.44144
LOG (nnet3-chain-train[5.5.1009~1-e4940]:ComputeChainObjfAndDerivE2e():chain-training.cc:162) Numerator objf: 1.61189
LOG (nnet3-chain-train[5.5.1009~1-e4940]:ComputeChainObjfAndDerivE2e():chain-training.cc:162) Numerator objf: 1.489
LOG (nnet3-chain-train[5.5.1009~1-e4940]:ComputeChainObjfAndDerivE2e():chain-training.cc:162) Numerator objf: 1.54256
LOG (nnet3-chain-train[5.5.1009~1-e4940]:ComputeChainObjfAndDerivE2e():chain-training.cc:162) Numerator objf: 1.43747
LOG (nnet3-chain-train[5.5.1009~1-e4940]:ComputeChainObjfAndDerivE2e():chain-training.cc:162) Numerator objf: 1.41549
LOG (nnet3-chain-train[5.5.1009~1-e4940]:ComputeChainObjfAndDerivE2e():chain-training.cc:162) Numerator objf: 1.4078
LOG (nnet3-chain-train[5.5.1009~1-e4940]:PrintStatsForThisPhase():nnet-training.cc:278) Average objective function for 'output-xent' for minibatches 70-79 is -1.60587 over 28096 frames.
LOG (nnet3-chain-train[5.5.1009~1-e4940]:PrintStatsForThisPhase():nnet-training.cc:278) Average objective function for 'output' for minibatches 70-79 is -0.0841966 over 28096 frames.
LOG (nnet3-chain-train[5.5.1009~1-e4940]:ComputeChainObjfAndDerivE2e():chain-training.cc:162) Numerator objf: 1.36904
LOG (nnet3-chain-train[5.5.1009~1-e4940]:ComputeChainObjfAndDerivE2e():chain-training.cc:162) Numerator objf: 1.35923
LOG (nnet3-chain-train[5.5.1009~1-e4940]:ComputeChainObjfAndDerivE2e():chain-training.cc:162) Numerator objf: 1.48226
LOG (nnet3-chain-train[5.5.1009~1-e4940]:ComputeChainObjfAndDerivE2e():chain-training.cc:162) Numerator objf: 1.4895
LOG (nnet3-chain-train[5.5.1009~1-e4940]:ComputeChainObjfAndDerivE2e():chain-training.cc:162) Numerator objf: 1.45326
LOG (nnet3-chain-train[5.5.1009~1-e4940]:ComputeChainObjfAndDerivE2e():chain-training.cc:162) Numerator objf: 1.50723
LOG (nnet3-chain-train[5.5.1009~1-e4940]:ComputeChainObjfAndDerivE2e():chain-training.cc:162) Numerator objf: 1.49193
LOG (nnet3-chain-train[5.5.1009~1-e4940]:ComputeChainObjfAndDerivE2e():chain-training.cc:162) Numerator objf: 1.5168
LOG (nnet3-chain-train[5.5.1009~1-e4940]:ComputeChainObjfAndDerivE2e():chain-training.cc:162) Numerator objf: 1.45467
LOG (nnet3-chain-train[5.5.1009~1-e4940]:ComputeChainObjfAndDerivE2e():chain-training.cc:162) Numerator objf: 1.47934
LOG (nnet3-chain-train[5.5.1009~1-e4940]:PrintStatsForThisPhase():nnet-training.cc:278) Average objective function for 'output-xent' for minibatches 80-89 is -1.68139 over 29120 frames.
LOG (nnet3-chain-train[5.5.1009~1-e4940]:PrintStatsForThisPhase():nnet-training.cc:278) Average objective function for 'output' for minibatches 80-89 is -0.0819061 over 29120 frames.
LOG (nnet3-chain-train[5.5.1009~1-e4940]:ComputeChainObjfAndDerivE2e():chain-training.cc:162) Numerator objf: 1.41695
LOG (nnet3-chain-train[5.5.1009~1-e4940]:ComputeChainObjfAndDerivE2e():chain-training.cc:162) Numerator objf: 1.47136
LOG (nnet3-chain-train[5.5.1009~1-e4940]:ComputeChainObjfAndDerivE2e():chain-training.cc:162) Numerator objf: 1.41748
LOG (nnet3-chain-train[5.5.1009~1-e4940]:ComputeChainObjfAndDerivE2e():chain-training.cc:162) Numerator objf: 1.45524
LOG (nnet3-chain-train[5.5.1009~1-e4940]:ComputeChainObjfAndDerivE2e():chain-training.cc:162) Numerator objf: 1.54841
LOG (nnet3-chain-train[5.5.1009~1-e4940]:ComputeChainObjfAndDerivE2e():chain-training.cc:162) Numerator objf: 1.48679
LOG (nnet3-chain-train[5.5.1009~1-e4940]:ComputeChainObjfAndDerivE2e():chain-training.cc:162) Numerator objf: 1.37642
LOG (nnet3-chain-train[5.5.1009~1-e4940]:ComputeChainObjfAndDerivE2e():chain-training.cc:162) Numerator objf: 1.45586
LOG (nnet3-chain-train[5.5.1009~1-e4940]:ComputeChainObjfAndDerivE2e():chain-training.cc:162) Numerator objf: 1.49507
LOG (nnet3-chain-train[5.5.1009~1-e4940]:ComputeChainObjfAndDerivE2e():chain-training.cc:162) Numerator objf: 1.45841
LOG (nnet3-chain-train[5.5.1009~1-e4940]:PrintStatsForThisPhase():nnet-training.cc:278) Average objective function for 'output-xent' for minibatches 90-99 is -1.61351 over 28288 frames.
LOG (nnet3-chain-train[5.5.1009~1-e4940]:PrintStatsForThisPhase():nnet-training.cc:278) Average objective function for 'output' for minibatches 90-99 is -0.0834819 over 28288 frames.
LOG (nnet3-chain-train[5.5.1009~1-e4940]:ComputeChainObjfAndDerivE2e():chain-training.cc:162) Numerator objf: 1.49764
LOG (nnet3-chain-train[5.5.1009~1-e4940]:ComputeChainObjfAndDerivE2e():chain-training.cc:162) Numerator objf: 1.52997
LOG (nnet3-chain-train[5.5.1009~1-e4940]:ComputeChainObjfAndDerivE2e():chain-training.cc:162) Numerator objf: 1.52678
LOG (nnet3-chain-train[5.5.1009~1-e4940]:ComputeChainObjfAndDerivE2e():chain-training.cc:162) Numerator objf: 1.54736
LOG (nnet3-chain-train[5.5.1009~1-e4940]:ComputeChainObjfAndDerivE2e():chain-training.cc:162) Numerator objf: 1.49425
LOG (nnet3-chain-train[5.5.1009~1-e4940]:ComputeChainObjfAndDerivE2e():chain-training.cc:162) Numerator objf: 1.51736
LOG (nnet3-chain-train[5.5.1009~1-e4940]:ComputeChainObjfAndDerivE2e():chain-training.cc:162) Numerator objf: 1.5586
LOG (nnet3-chain-train[5.5.1009~1-e4940]:ComputeChainObjfAndDerivE2e():chain-training.cc:162) Numerator objf: 1.49972
LOG (nnet3-chain-train[5.5.1009~1-e4940]:ComputeChainObjfAndDerivE2e():chain-training.cc:162) Numerator objf: 1.55384
LOG (nnet3-chain-train[5.5.1009~1-e4940]:ComputeChainObjfAndDerivE2e():chain-training.cc:162) Numerator objf: 1.51622
LOG (nnet3-chain-train[5.5.1009~1-e4940]:PrintStatsForThisPhase():nnet-training.cc:278) Average objective function for 'output-xent' for minibatches 100-109 is -1.59331 over 27264 frames.
LOG (nnet3-chain-train[5.5.1009~1-e4940]:PrintStatsForThisPhase():nnet-training.cc:278) Average objective function for 'output' for minibatches 100-109 is -0.0784501 over 27264 frames.
LOG (nnet3-chain-train[5.5.1009~1-e4940]:ComputeChainObjfAndDerivE2e():chain-training.cc:162) Numerator objf: 1.53379
LOG (nnet3-chain-train[5.5.1009~1-e4940]:ComputeChainObjfAndDerivE2e():chain-training.cc:162) Numerator objf: 1.56037
LOG (nnet3-chain-train[5.5.1009~1-e4940]:ComputeChainObjfAndDerivE2e():chain-training.cc:162) Numerator objf: 1.60222
LOG (nnet3-chain-train[5.5.1009~1-e4940]:ComputeChainObjfAndDerivE2e():chain-training.cc:162) Numerator objf: 1.58669
LOG (nnet3-chain-train[5.5.1009~1-e4940]:ComputeChainObjfAndDerivE2e():chain-training.cc:162) Numerator objf: 1.48348
LOG (nnet3-chain-train[5.5.1009~1-e4940]:ComputeChainObjfAndDerivE2e():chain-training.cc:162) Numerator objf: 1.55465
LOG (nnet3-chain-train[5.5.1009~1-e4940]:ComputeChainObjfAndDerivE2e():chain-training.cc:162) Numerator objf: 1.53545
LOG (nnet3-chain-train[5.5.1009~1-e4940]:ComputeChainObjfAndDerivE2e():chain-training.cc:162) Numerator objf: 1.54474
LOG (nnet3-chain-train[5.5.1009~1-e4940]:ComputeChainObjfAndDerivE2e():chain-training.cc:162) Numerator objf: 1.59992
LOG (nnet3-chain-train[5.5.1009~1-e4940]:ComputeChainObjfAndDerivE2e():chain-training.cc:162) Numerator objf: 1.57944
LOG (nnet3-chain-train[5.5.1009~1-e4940]:PrintStatsForThisPhase():nnet-training.cc:278) Average objective function for 'output-xent' for minibatches 110-119 is -1.59275 over 29120 frames.
LOG (nnet3-chain-train[5.5.1009~1-e4940]:PrintStatsForThisPhase():nnet-training.cc:278) Average objective function for 'output' for minibatches 110-119 is -0.0731584 over 29120 frames.
LOG (nnet3-chain-train[5.5.1009~1-e4940]:ComputeChainObjfAndDerivE2e():chain-training.cc:162) Numerator objf: 1.48927
LOG (nnet3-chain-train[5.5.1009~1-e4940]:ComputeChainObjfAndDerivE2e():chain-training.cc:162) Numerator objf: 1.50957
LOG (nnet3-chain-train[5.5.1009~1-e4940]:ComputeChainObjfAndDerivE2e():chain-training.cc:162) Numerator objf: 1.50826
LOG (nnet3-chain-train[5.5.1009~1-e4940]:ComputeChainObjfAndDerivE2e():chain-training.cc:162) Numerator objf: 1.52478
LOG (nnet3-chain-train[5.5.1009~1-e4940]:ComputeChainObjfAndDerivE2e():chain-training.cc:162) Numerator objf: 1.53974
LOG (nnet3-chain-train[5.5.1009~1-e4940]:ComputeChainObjfAndDerivE2e():chain-training.cc:162) Numerator objf: 1.44231
LOG (nnet3-chain-train[5.5.1009~1-e4940]:ComputeChainObjfAndDerivE2e():chain-training.cc:162) Numerator objf: 1.46248
LOG (nnet3-chain-train[5.5.1009~1-e4940]:ComputeChainObjfAndDerivE2e():chain-training.cc:162) Numerator objf: 1.48608
LOG (nnet3-chain-train[5.5.1009~1-e4940]:ComputeChainObjfAndDerivE2e():chain-training.cc:162) Numerator objf: 1.50354
LOG (nnet3-chain-train[5.5.1009~1-e4940]:ComputeChainObjfAndDerivE2e():chain-training.cc:162) Numerator objf: 1.54499
LOG (nnet3-chain-train[5.5.1009~1-e4940]:PrintStatsForThisPhase():nnet-training.cc:278) Average objective function for 'output-xent' for minibatches 120-129 is -1.63343 over 28096 frames.
LOG (nnet3-chain-train[5.5.1009~1-e4940]:PrintStatsForThisPhase():nnet-training.cc:278) Average objective function for 'output' for minibatches 120-129 is -0.0832855 over 28096 frames.
LOG (nnet3-chain-train[5.5.1009~1-e4940]:ComputeChainObjfAndDerivE2e():chain-training.cc:162) Numerator objf: 1.5432
LOG (nnet3-chain-train[5.5.1009~1-e4940]:ComputeChainObjfAndDerivE2e():chain-training.cc:162) Numerator objf: 1.55796
LOG (nnet3-chain-train[5.5.1009~1-e4940]:ComputeChainObjfAndDerivE2e():chain-training.cc:162) Numerator objf: 1.49594
LOG (nnet3-chain-train[5.5.1009~1-e4940]:ComputeChainObjfAndDerivE2e():chain-training.cc:162) Numerator objf: 1.5694
LOG (nnet3-chain-train[5.5.1009~1-e4940]:ComputeChainObjfAndDerivE2e():chain-training.cc:162) Numerator objf: 1.53377
LOG (nnet3-chain-train[5.5.1009~1-e4940]:ComputeChainObjfAndDerivE2e():chain-training.cc:162) Numerator objf: 1.52823
LOG (nnet3-chain-train[5.5.1009~1-e4940]:ComputeChainObjfAndDerivE2e():chain-training.cc:162) Numerator objf: 1.52505
LOG (nnet3-chain-train[5.5.1009~1-e4940]:ComputeChainObjfAndDerivE2e():chain-training.cc:162) Numerator objf: 1.55518
LOG (nnet3-chain-train[5.5.1009~1-e4940]:ComputeChainObjfAndDerivE2e():chain-training.cc:162) Numerator objf: 1.47917
LOG (nnet3-chain-train[5.5.1009~1-e4940]:ComputeChainObjfAndDerivE2e():chain-training.cc:162) Numerator objf: 1.42546
LOG (nnet3-chain-train[5.5.1009~1-e4940]:PrintStatsForThisPhase():nnet-training.cc:278) Average objective function for 'output-xent' for minibatches 130-139 is -1.59375 over 28288 frames.
LOG (nnet3-chain-train[5.5.1009~1-e4940]:PrintStatsForThisPhase():nnet-training.cc:278) Average objective function for 'output' for minibatches 130-139 is -0.0812 over 28288 frames.
LOG (nnet3-chain-train[5.5.1009~1-e4940]:ComputeChainObjfAndDerivE2e():chain-training.cc:162) Numerator objf: 1.42657
LOG (nnet3-chain-train[5.5.1009~1-e4940]:ComputeChainObjfAndDerivE2e():chain-training.cc:162) Numerator objf: 1.43373
LOG (nnet3-chain-train[5.5.1009~1-e4940]:ComputeChainObjfAndDerivE2e():chain-training.cc:162) Numerator objf: 1.4504
LOG (nnet3-chain-train[5.5.1009~1-e4940]:ComputeChainObjfAndDerivE2e():chain-training.cc:162) Numerator objf: 1.49192
LOG (nnet3-chain-train[5.5.1009~1-e4940]:ComputeChainObjfAndDerivE2e():chain-training.cc:162) Numerator objf: 1.43591
LOG (nnet3-chain-train[5.5.1009~1-e4940]:ComputeChainObjfAndDerivE2e():chain-training.cc:162) Numerator objf: 1.39234
LOG (nnet3-chain-train[5.5.1009~1-e4940]:ComputeChainObjfAndDerivE2e():chain-training.cc:162) Numerator objf: 1.39894
LOG (nnet3-chain-train[5.5.1009~1-e4940]:ComputeChainObjfAndDerivE2e():chain-training.cc:162) Numerator objf: 1.39987
LOG (nnet3-chain-train[5.5.1009~1-e4940]:ComputeChainObjfAndDerivE2e():chain-training.cc:162) Numerator objf: 1.41947
LOG (nnet3-chain-train[5.5.1009~1-e4940]:ComputeChainObjfAndDerivE2e():chain-training.cc:162) Numerator objf: 1.40632
LOG (nnet3-chain-train[5.5.1009~1-e4940]:PrintStatsForThisPhase():nnet-training.cc:278) Average objective function for 'output-xent' for minibatches 140-149 is -1.70009 over 28096 frames.
LOG (nnet3-chain-train[5.5.1009~1-e4940]:PrintStatsForThisPhase():nnet-training.cc:278) Average objective function for 'output' for minibatches 140-149 is -0.0901947 over 28096 frames.
LOG (nnet3-chain-train[5.5.1009~1-e4940]:ComputeChainObjfAndDerivE2e():chain-training.cc:162) Numerator objf: 1.49204
LOG (nnet3-chain-train[5.5.1009~1-e4940]:ComputeChainObjfAndDerivE2e():chain-training.cc:162) Numerator objf: 1.44651
LOG (nnet3-chain-train[5.5.1009~1-e4940]:ComputeChainObjfAndDerivE2e():chain-training.cc:162) Numerator objf: 1.54544
LOG (nnet3-chain-train[5.5.1009~1-e4940]:ComputeChainObjfAndDerivE2e():chain-training.cc:162) Numerator objf: 1.38934
LOG (nnet3-chain-train[5.5.1009~1-e4940]:ComputeChainObjfAndDerivE2e():chain-training.cc:162) Numerator objf: 1.43803
LOG (nnet3-chain-train[5.5.1009~1-e4940]:ComputeChainObjfAndDerivE2e():chain-training.cc:162) Numerator objf: 1.41007
LOG (nnet3-chain-train[5.5.1009~1-e4940]:ComputeChainObjfAndDerivE2e():chain-training.cc:162) Numerator objf: 1.35856
LOG (nnet3-chain-train[5.5.1009~1-e4940]:ComputeChainObjfAndDerivE2e():chain-training.cc:162) Numerator objf: 1.45676
LOG (nnet3-chain-train[5.5.1009~1-e4940]:ComputeChainObjfAndDerivE2e():chain-training.cc:162) Numerator objf: 1.50684
LOG (nnet3-chain-train[5.5.1009~1-e4940]:ComputeChainObjfAndDerivE2e():chain-training.cc:162) Numerator objf: 1.47133
LOG (nnet3-chain-train[5.5.1009~1-e4940]:PrintStatsForThisPhase():nnet-training.cc:278) Average objective function for 'output-xent' for minibatches 150-159 is -1.6786 over 28288 frames.
LOG (nnet3-chain-train[5.5.1009~1-e4940]:PrintStatsForThisPhase():nnet-training.cc:278) Average objective function for 'output' for minibatches 150-159 is -0.0857038 over 28288 frames.
LOG (nnet3-chain-train[5.5.1009~1-e4940]:ComputeChainObjfAndDerivE2e():chain-training.cc:162) Numerator objf: 1.50882
LOG (nnet3-chain-train[5.5.1009~1-e4940]:ComputeChainObjfAndDerivE2e():chain-training.cc:162) Numerator objf: 1.53421
LOG (nnet3-chain-train[5.5.1009~1-e4940]:ComputeChainObjfAndDerivE2e():chain-training.cc:162) Numerator objf: 1.43488
LOG (nnet3-chain-train[5.5.1009~1-e4940]:ComputeChainObjfAndDerivE2e():chain-training.cc:162) Numerator objf: 1.57676
LOG (nnet3-chain-train[5.5.1009~1-e4940]:ComputeChainObjfAndDerivE2e():chain-training.cc:162) Numerator objf: 1.52485
LOG (nnet3-chain-train[5.5.1009~1-e4940]:ComputeChainObjfAndDerivE2e():chain-training.cc:162) Numerator objf: 1.54692
LOG (nnet3-chain-train[5.5.1009~1-e4940]:ComputeChainObjfAndDerivE2e():chain-training.cc:162) Numerator objf: 1.40729
LOG (nnet3-chain-train[5.5.1009~1-e4940]:ComputeChainObjfAndDerivE2e():chain-training.cc:162) Numerator objf: 1.47345
LOG (nnet3-chain-train[5.5.1009~1-e4940]:ComputeChainObjfAndDerivE2e():chain-training.cc:162) Numerator objf: 1.51123
LOG (nnet3-chain-train[5.5.1009~1-e4940]:ComputeChainObjfAndDerivE2e():chain-training.cc:162) Numerator objf: 1.4566
LOG (nnet3-chain-train[5.5.1009~1-e4940]:PrintStatsForThisPhase():nnet-training.cc:278) Average objective function for 'output-xent' for minibatches 160-169 is -1.57297 over 28096 frames.
LOG (nnet3-chain-train[5.5.1009~1-e4940]:PrintStatsForThisPhase():nnet-training.cc:278) Average objective function for 'output' for minibatches 160-169 is -0.0791879 over 28096 frames.
LOG (nnet3-chain-train[5.5.1009~1-e4940]:ComputeChainObjfAndDerivE2e():chain-training.cc:162) Numerator objf: 1.43837
LOG (nnet3-chain-train[5.5.1009~1-e4940]:ComputeChainObjfAndDerivE2e():chain-training.cc:162) Numerator objf: 1.49213
LOG (nnet3-chain-train[5.5.1009~1-e4940]:ComputeChainObjfAndDerivE2e():chain-training.cc:162) Numerator objf: 1.43106
LOG (nnet3-chain-train[5.5.1009~1-e4940]:ComputeChainObjfAndDerivE2e():chain-training.cc:162) Numerator objf: 1.51151
LOG (nnet3-chain-train[5.5.1009~1-e4940]:ComputeChainObjfAndDerivE2e():chain-training.cc:162) Numerator objf: 1.44949
LOG (nnet3-chain-train[5.5.1009~1-e4940]:ComputeChainObjfAndDerivE2e():chain-training.cc:162) Numerator objf: 1.42325
LOG (nnet3-chain-train[5.5.1009~1-e4940]:ComputeChainObjfAndDerivE2e():chain-training.cc:162) Numerator objf: 1.43663
LOG (nnet3-chain-train[5.5.1009~1-e4940]:ComputeChainObjfAndDerivE2e():chain-training.cc:162) Numerator objf: 1.38168
LOG (nnet3-chain-train[5.5.1009~1-e4940]:ComputeChainObjfAndDerivE2e():chain-training.cc:162) Numerator objf: 1.40651
LOG (nnet3-chain-train[5.5.1009~1-e4940]:ComputeChainObjfAndDerivE2e():chain-training.cc:162) Numerator objf: 1.43893
LOG (nnet3-chain-train[5.5.1009~1-e4940]:PrintStatsForThisPhase():nnet-training.cc:278) Average objective function for 'output-xent' for minibatches 170-179 is -1.70694 over 28288 frames.
LOG (nnet3-chain-train[5.5.1009~1-e4940]:PrintStatsForThisPhase():nnet-training.cc:278) Average objective function for 'output' for minibatches 170-179 is -0.0877962 over 28288 frames.
LOG (nnet3-chain-train[5.5.1009~1-e4940]:ComputeChainObjfAndDerivE2e():chain-training.cc:162) Numerator objf: 1.47755
LOG (nnet3-chain-train[5.5.1009~1-e4940]:ComputeChainObjfAndDerivE2e():chain-training.cc:162) Numerator objf: 1.5327
LOG (nnet3-chain-train[5.5.1009~1-e4940]:ComputeChainObjfAndDerivE2e():chain-training.cc:162) Numerator objf: 1.44394
LOG (nnet3-chain-train[5.5.1009~1-e4940]:ComputeChainObjfAndDerivE2e():chain-training.cc:162) Numerator objf: 1.52083
LOG (nnet3-chain-train[5.5.1009~1-e4940]:ComputeChainObjfAndDerivE2e():chain-training.cc:162) Numerator objf: 1.54573
LOG (nnet3-chain-train[5.5.1009~1-e4940]:ComputeChainObjfAndDerivE2e():chain-training.cc:162) Numerator objf: 1.49208
LOG (nnet3-chain-train[5.5.1009~1-e4940]:ComputeChainObjfAndDerivE2e():chain-training.cc:162) Numerator objf: 1.4978
LOG (nnet3-chain-train[5.5.1009~1-e4940]:ComputeChainObjfAndDerivE2e():chain-training.cc:162) Numerator objf: 1.48494
LOG (nnet3-chain-train[5.5.1009~1-e4940]:ComputeChainObjfAndDerivE2e():chain-training.cc:162) Numerator objf: 1.54594
LOG (nnet3-chain-train[5.5.1009~1-e4940]:ComputeChainObjfAndDerivE2e():chain-training.cc:162) Numerator objf: 1.51375
LOG (nnet3-chain-train[5.5.1009~1-e4940]:PrintStatsForThisPhase():nnet-training.cc:278) Average objective function for 'output-xent' for minibatches 180-189 is -1.62539 over 28096 frames.
LOG (nnet3-chain-train[5.5.1009~1-e4940]:PrintStatsForThisPhase():nnet-training.cc:278) Average objective function for 'output' for minibatches 180-189 is -0.0788967 over 28096 frames.
LOG (nnet3-chain-train[5.5.1009~1-e4940]:ComputeChainObjfAndDerivE2e():chain-training.cc:162) Numerator objf: 1.48623
LOG (nnet3-chain-train[5.5.1009~1-e4940]:ComputeChainObjfAndDerivE2e():chain-training.cc:162) Numerator objf: 1.49593
LOG (nnet3-chain-train[5.5.1009~1-e4940]:ComputeChainObjfAndDerivE2e():chain-training.cc:162) Numerator objf: 1.49759
LOG (nnet3-chain-train[5.5.1009~1-e4940]:ComputeChainObjfAndDerivE2e():chain-training.cc:162) Numerator objf: 1.57028
LOG (nnet3-chain-train[5.5.1009~1-e4940]:ComputeChainObjfAndDerivE2e():chain-training.cc:162) Numerator objf: 1.52526
LOG (nnet3-chain-train[5.5.1009~1-e4940]:ComputeChainObjfAndDerivE2e():chain-training.cc:162) Numerator objf: 1.59474
LOG (nnet3-chain-train[5.5.1009~1-e4940]:ComputeChainObjfAndDerivE2e():chain-training.cc:162) Numerator objf: 1.52431
LOG (nnet3-chain-train[5.5.1009~1-e4940]:ComputeChainObjfAndDerivE2e():chain-training.cc:162) Numerator objf: 1.48947
LOG (nnet3-chain-train[5.5.1009~1-e4940]:ComputeChainObjfAndDerivE2e():chain-training.cc:162) Numerator objf: 1.54688
LOG (nnet3-chain-train[5.5.1009~1-e4940]:ComputeChainObjfAndDerivE2e():chain-training.cc:162) Numerator objf: 1.50422
LOG (nnet3-chain-train[5.5.1009~1-e4940]:PrintStatsForThisPhase():nnet-training.cc:278) Average objective function for 'output-xent' for minibatches 190-199 is -1.59768 over 28288 frames.
LOG (nnet3-chain-train[5.5.1009~1-e4940]:PrintStatsForThisPhase():nnet-training.cc:278) Average objective function for 'output' for minibatches 190-199 is -0.0780694 over 28288 frames.
LOG (nnet3-chain-train[5.5.1009~1-e4940]:ComputeChainObjfAndDerivE2e():chain-training.cc:162) Numerator objf: 1.45447
LOG (nnet3-chain-train[5.5.1009~1-e4940]:ComputeChainObjfAndDerivE2e():chain-training.cc:162) Numerator objf: 1.51943
LOG (nnet3-chain-train[5.5.1009~1-e4940]:ComputeChainObjfAndDerivE2e():chain-training.cc:162) Numerator objf: 1.48314
LOG (nnet3-chain-train[5.5.1009~1-e4940]:ComputeChainObjfAndDerivE2e():chain-training.cc:162) Numerator objf: 1.43077
LOG (nnet3-chain-train[5.5.1009~1-e4940]:ComputeChainObjfAndDerivE2e():chain-training.cc:162) Numerator objf: 1.45341
LOG (nnet3-chain-train[5.5.1009~1-e4940]:ComputeChainObjfAndDerivE2e():chain-training.cc:162) Numerator objf: 1.53736
LOG (nnet3-chain-train[5.5.1009~1-e4940]:ComputeChainObjfAndDerivE2e():chain-training.cc:162) Numerator objf: 1.47484
LOG (nnet3-chain-train[5.5.1009~1-e4940]:ComputeChainObjfAndDerivE2e():chain-training.cc:162) Numerator objf: 1.4765
LOG (nnet3-chain-train[5.5.1009~1-e4940]:ComputeChainObjfAndDerivE2e():chain-training.cc:162) Numerator objf: 1.35545
LOG (nnet3-chain-train[5.5.1009~1-e4940]:ComputeChainObjfAndDerivE2e():chain-training.cc:162) Numerator objf: 1.41612
LOG (nnet3-chain-train[5.5.1009~1-e4940]:PrintStatsForThisPhase():nnet-training.cc:278) Average objective function for 'output-xent' for minibatches 200-209 is -1.70481 over 29120 frames.
LOG (nnet3-chain-train[5.5.1009~1-e4940]:PrintStatsForThisPhase():nnet-training.cc:278) Average objective function for 'output' for minibatches 200-209 is -0.083092 over 29120 frames.
LOG (nnet3-chain-train[5.5.1009~1-e4940]:ComputeChainObjfAndDerivE2e():chain-training.cc:162) Numerator objf: 1.41866
LOG (nnet3-chain-train[5.5.1009~1-e4940]:ComputeChainObjfAndDerivE2e():chain-training.cc:162) Numerator objf: 1.30476
LOG (nnet3-chain-train[5.5.1009~1-e4940]:ComputeChainObjfAndDerivE2e():chain-training.cc:162) Numerator objf: 1.33788
LOG (nnet3-chain-train[5.5.1009~1-e4940]:ComputeChainObjfAndDerivE2e():chain-training.cc:162) Numerator objf: 1.37271
LOG (nnet3-chain-train[5.5.1009~1-e4940]:ComputeChainObjfAndDerivE2e():chain-training.cc:162) Numerator objf: 1.38525
LOG (nnet3-chain-train[5.5.1009~1-e4940]:ComputeChainObjfAndDerivE2e():chain-training.cc:162) Numerator objf: 1.46448
LOG (nnet3-chain-train[5.5.1009~1-e4940]:ComputeChainObjfAndDerivE2e():chain-training.cc:162) Numerator objf: 1.52694
LOG (nnet3-chain-train[5.5.1009~1-e4940]:ComputeChainObjfAndDerivE2e():chain-training.cc:162) Numerator objf: 1.49941
LOG (nnet3-chain-train[5.5.1009~1-e4940]:ComputeChainObjfAndDerivE2e():chain-training.cc:162) Numerator objf: 1.46928
LOG (nnet3-chain-train[5.5.1009~1-e4940]:ComputeChainObjfAndDerivE2e():chain-training.cc:162) Numerator objf: 1.48473
LOG (nnet3-chain-train[5.5.1009~1-e4940]:PrintStatsForThisPhase():nnet-training.cc:278) Average objective function for 'output-xent' for minibatches 210-219 is -1.69133 over 27264 frames.
LOG (nnet3-chain-train[5.5.1009~1-e4940]:PrintStatsForThisPhase():nnet-training.cc:278) Average objective function for 'output' for minibatches 210-219 is -0.0915372 over 27264 frames.
LOG (nnet3-chain-train[5.5.1009~1-e4940]:ComputeChainObjfAndDerivE2e():chain-training.cc:162) Numerator objf: 1.4632
LOG (nnet3-chain-train[5.5.1009~1-e4940]:ComputeChainObjfAndDerivE2e():chain-training.cc:162) Numerator objf: 1.46078
LOG (nnet3-chain-train[5.5.1009~1-e4940]:UpdateNnetWithMaxChange():nnet-utils.cc:2205) Per-component max-change active on 4 / 32 Updatable Components. (Smallest factor=0.609623 on tdnn1.affine with max-change=0.75). Global max-change factor was 0.575311 with max-change=2.
LOG (nnet3-chain-train[5.5.1009~1-e4940]:ComputeChainObjfAndDerivE2e():chain-training.cc:162) Numerator objf: 1.50502
LOG (nnet3-chain-train[5.5.1009~1-e4940]:ComputeChainObjfAndDerivE2e():chain-training.cc:162) Numerator objf: 1.45282
LOG (nnet3-chain-train[5.5.1009~1-e4940]:ComputeChainObjfAndDerivE2e():chain-training.cc:162) Numerator objf: 1.5254
LOG (nnet3-chain-train[5.5.1009~1-e4940]:ComputeChainObjfAndDerivE2e():chain-training.cc:162) Numerator objf: 1.54365
LOG (nnet3-chain-train[5.5.1009~1-e4940]:ComputeChainObjfAndDerivE2e():chain-training.cc:162) Numerator objf: 1.50482
LOG (nnet3-chain-train[5.5.1009~1-e4940]:ComputeChainObjfAndDerivE2e():chain-training.cc:162) Numerator objf: 1.53515
LOG (nnet3-chain-train[5.5.1009~1-e4940]:ComputeChainObjfAndDerivE2e():chain-training.cc:162) Numerator objf: 1.54663
LOG (nnet3-chain-train[5.5.1009~1-e4940]:ComputeChainObjfAndDerivE2e():chain-training.cc:162) Numerator objf: 1.53935
LOG (nnet3-chain-train[5.5.1009~1-e4940]:PrintStatsForThisPhase():nnet-training.cc:278) Average objective function for 'output-xent' for minibatches 220-229 is -1.61322 over 29120 frames.
LOG (nnet3-chain-train[5.5.1009~1-e4940]:PrintStatsForThisPhase():nnet-training.cc:278) Average objective function for 'output' for minibatches 220-229 is -0.0809314 over 29120 frames.
LOG (nnet3-chain-train[5.5.1009~1-e4940]:ComputeChainObjfAndDerivE2e():chain-training.cc:162) Numerator objf: 1.47147
LOG (nnet3-chain-train[5.5.1009~1-e4940]:ComputeChainObjfAndDerivE2e():chain-training.cc:162) Numerator objf: 1.49582
LOG (nnet3-chain-train[5.5.1009~1-e4940]:ComputeChainObjfAndDerivE2e():chain-training.cc:162) Numerator objf: 1.52881
LOG (nnet3-chain-train[5.5.1009~1-e4940]:ComputeChainObjfAndDerivE2e():chain-training.cc:162) Numerator objf: 1.57837
LOG (nnet3-chain-train[5.5.1009~1-e4940]:ComputeChainObjfAndDerivE2e():chain-training.cc:162) Numerator objf: 1.46135
LOG (nnet3-chain-train[5.5.1009~1-e4940]:ComputeChainObjfAndDerivE2e():chain-training.cc:162) Numerator objf: 1.5104
LOG (nnet3-chain-train[5.5.1009~1-e4940]:ComputeChainObjfAndDerivE2e():chain-training.cc:162) Numerator objf: 1.46581
LOG (nnet3-chain-train[5.5.1009~1-e4940]:ComputeChainObjfAndDerivE2e():chain-training.cc:162) Numerator objf: 1.50504
LOG (nnet3-chain-train[5.5.1009~1-e4940]:ComputeChainObjfAndDerivE2e():chain-training.cc:162) Numerator objf: 1.57014
LOG (nnet3-chain-train[5.5.1009~1-e4940]:ComputeChainObjfAndDerivE2e():chain-training.cc:162) Numerator objf: 1.55446
LOG (nnet3-chain-train[5.5.1009~1-e4940]:PrintStatsForThisPhase():nnet-training.cc:278) Average objective function for 'output-xent' for minibatches 230-239 is -1.66611 over 28096 frames.
LOG (nnet3-chain-train[5.5.1009~1-e4940]:PrintStatsForThisPhase():nnet-training.cc:278) Average objective function for 'output' for minibatches 230-239 is -0.0825899 over 28096 frames.
LOG (nnet3-chain-train[5.5.1009~1-e4940]:ComputeChainObjfAndDerivE2e():chain-training.cc:162) Numerator objf: 1.54204
LOG (nnet3-chain-train[5.5.1009~1-e4940]:ComputeChainObjfAndDerivE2e():chain-training.cc:162) Numerator objf: 1.60704
LOG (nnet3-chain-train[5.5.1009~1-e4940]:ComputeChainObjfAndDerivE2e():chain-training.cc:162) Numerator objf: 1.46796
LOG (nnet3-chain-train[5.5.1009~1-e4940]:ComputeChainObjfAndDerivE2e():chain-training.cc:162) Numerator objf: 1.5069
LOG (nnet3-chain-train[5.5.1009~1-e4940]:ComputeChainObjfAndDerivE2e():chain-training.cc:162) Numerator objf: 1.48012
LOG (nnet3-chain-train[5.5.1009~1-e4940]:ComputeChainObjfAndDerivE2e():chain-training.cc:162) Numerator objf: 1.49464
LOG (nnet3-chain-train[5.5.1009~1-e4940]:ComputeChainObjfAndDerivE2e():chain-training.cc:162) Numerator objf: 1.4701
LOG (nnet3-chain-train[5.5.1009~1-e4940]:ComputeChainObjfAndDerivE2e():chain-training.cc:162) Numerator objf: 1.46734
LOG (nnet3-chain-train[5.5.1009~1-e4940]:ComputeChainObjfAndDerivE2e():chain-training.cc:162) Numerator objf: 1.46761
LOG (nnet3-chain-train[5.5.1009~1-e4940]:ComputeChainObjfAndDerivE2e():chain-training.cc:162) Numerator objf: 1.54844
LOG (nnet3-chain-train[5.5.1009~1-e4940]:PrintStatsForThisPhase():nnet-training.cc:278) Average objective function for 'output-xent' for minibatches 240-249 is -1.63575 over 28288 frames.
LOG (nnet3-chain-train[5.5.1009~1-e4940]:PrintStatsForThisPhase():nnet-training.cc:278) Average objective function for 'output' for minibatches 240-249 is -0.0886114 over 28288 frames.
LOG (nnet3-chain-train[5.5.1009~1-e4940]:ComputeChainObjfAndDerivE2e():chain-training.cc:162) Numerator objf: 1.45092
LOG (nnet3-chain-train[5.5.1009~1-e4940]:ComputeChainObjfAndDerivE2e():chain-training.cc:162) Numerator objf: 1.44839
LOG (nnet3-chain-train[5.5.1009~1-e4940]:ComputeChainObjfAndDerivE2e():chain-training.cc:162) Numerator objf: 1.49971
LOG (nnet3-chain-train[5.5.1009~1-e4940]:ComputeChainObjfAndDerivE2e():chain-training.cc:162) Numerator objf: 1.45615
LOG (nnet3-chain-train[5.5.1009~1-e4940]:ComputeChainObjfAndDerivE2e():chain-training.cc:162) Numerator objf: 1.45487
LOG (nnet3-chain-train[5.5.1009~1-e4940]:ComputeChainObjfAndDerivE2e():chain-training.cc:162) Numerator objf: 1.48861
LOG (nnet3-chain-train[5.5.1009~1-e4940]:ComputeChainObjfAndDerivE2e():chain-training.cc:162) Numerator objf: 1.49873
LOG (nnet3-chain-train[5.5.1009~1-e4940]:ComputeChainObjfAndDerivE2e():chain-training.cc:162) Numerator objf: 1.41684
LOG (nnet3-chain-train[5.5.1009~1-e4940]:ComputeChainObjfAndDerivE2e():chain-training.cc:162) Numerator objf: 1.47847
LOG (nnet3-chain-train[5.5.1009~1-e4940]:ComputeChainObjfAndDerivE2e():chain-training.cc:162) Numerator objf: 1.50281
LOG (nnet3-chain-train[5.5.1009~1-e4940]:PrintStatsForThisPhase():nnet-training.cc:278) Average objective function for 'output-xent' for minibatches 250-259 is -1.69584 over 28096 frames.
LOG (nnet3-chain-train[5.5.1009~1-e4940]:PrintStatsForThisPhase():nnet-training.cc:278) Average objective function for 'output' for minibatches 250-259 is -0.0874488 over 28096 frames.
LOG (nnet3-chain-train[5.5.1009~1-e4940]:ComputeChainObjfAndDerivE2e():chain-training.cc:162) Numerator objf: 1.54595
LOG (nnet3-chain-train[5.5.1009~1-e4940]:ComputeChainObjfAndDerivE2e():chain-training.cc:162) Numerator objf: 1.53929
LOG (nnet3-chain-train[5.5.1009~1-e4940]:ComputeChainObjfAndDerivE2e():chain-training.cc:162) Numerator objf: 1.4983
LOG (nnet3-chain-train[5.5.1009~1-e4940]:ComputeChainObjfAndDerivE2e():chain-training.cc:162) Numerator objf: 1.48518
LOG (nnet3-chain-train[5.5.1009~1-e4940]:ComputeChainObjfAndDerivE2e():chain-training.cc:162) Numerator objf: 1.47122
LOG (nnet3-chain-train[5.5.1009~1-e4940]:ComputeChainObjfAndDerivE2e():chain-training.cc:162) Numerator objf: 1.50707
LOG (nnet3-chain-train[5.5.1009~1-e4940]:ComputeChainObjfAndDerivE2e():chain-training.cc:162) Numerator objf: 1.45217
LOG (nnet3-chain-train[5.5.1009~1-e4940]:ComputeChainObjfAndDerivE2e():chain-training.cc:162) Numerator objf: 1.48842
LOG (nnet3-chain-train[5.5.1009~1-e4940]:ComputeChainObjfAndDerivE2e():chain-training.cc:162) Numerator objf: 1.53596
LOG (nnet3-chain-train[5.5.1009~1-e4940]:ComputeChainObjfAndDerivE2e():chain-training.cc:162) Numerator objf: 1.42862
LOG (nnet3-chain-train[5.5.1009~1-e4940]:PrintStatsForThisPhase():nnet-training.cc:278) Average objective function for 'output-xent' for minibatches 260-269 is -1.66666 over 29120 frames.
LOG (nnet3-chain-train[5.5.1009~1-e4940]:PrintStatsForThisPhase():nnet-training.cc:278) Average objective function for 'output' for minibatches 260-269 is -0.085602 over 29120 frames.
LOG (nnet3-chain-train[5.5.1009~1-e4940]:ComputeChainObjfAndDerivE2e():chain-training.cc:162) Numerator objf: 1.52654
LOG (nnet3-chain-train[5.5.1009~1-e4940]:ComputeChainObjfAndDerivE2e():chain-training.cc:162) Numerator objf: 1.56473
LOG (nnet3-chain-train[5.5.1009~1-e4940]:ComputeChainObjfAndDerivE2e():chain-training.cc:162) Numerator objf: 1.44286
LOG (nnet3-chain-train[5.5.1009~1-e4940]:UpdateNnetWithMaxChange():nnet-utils.cc:2205) Global max-change factor was 0.960625 with max-change=2.
LOG (nnet3-chain-train[5.5.1009~1-e4940]:ComputeChainObjfAndDerivE2e():chain-training.cc:162) Numerator objf: 1.4288
LOG (nnet3-chain-train[5.5.1009~1-e4940]:ComputeChainObjfAndDerivE2e():chain-training.cc:162) Numerator objf: 1.47784
LOG (nnet3-chain-train[5.5.1009~1-e4940]:ComputeChainObjfAndDerivE2e():chain-training.cc:162) Numerator objf: 1.49432
LOG (nnet3-chain-train[5.5.1009~1-e4940]:ComputeChainObjfAndDerivE2e():chain-training.cc:162) Numerator objf: 1.51632
LOG (nnet3-chain-train[5.5.1009~1-e4940]:ComputeChainObjfAndDerivE2e():chain-training.cc:162) Numerator objf: 1.50411
LOG (nnet3-chain-train[5.5.1009~1-e4940]:ComputeChainObjfAndDerivE2e():chain-training.cc:162) Numerator objf: 1.46591
LOG (nnet3-chain-train[5.5.1009~1-e4940]:ComputeChainObjfAndDerivE2e():chain-training.cc:162) Numerator objf: 1.49405
LOG (nnet3-chain-train[5.5.1009~1-e4940]:PrintStatsForThisPhase():nnet-training.cc:278) Average objective function for 'output-xent' for minibatches 270-279 is -1.72189 over 28288 frames.
LOG (nnet3-chain-train[5.5.1009~1-e4940]:PrintStatsForThisPhase():nnet-training.cc:278) Average objective function for 'output' for minibatches 270-279 is -0.0861731 over 28288 frames.
LOG (nnet3-chain-train[5.5.1009~1-e4940]:ComputeChainObjfAndDerivE2e():chain-training.cc:162) Numerator objf: 1.45706
LOG (nnet3-chain-train[5.5.1009~1-e4940]:ComputeChainObjfAndDerivE2e():chain-training.cc:162) Numerator objf: 1.4806
LOG (nnet3-chain-train[5.5.1009~1-e4940]:ComputeChainObjfAndDerivE2e():chain-training.cc:162) Numerator objf: 1.51395
LOG (nnet3-chain-train[5.5.1009~1-e4940]:ComputeChainObjfAndDerivE2e():chain-training.cc:162) Numerator objf: 1.49348
LOG (nnet3-chain-train[5.5.1009~1-e4940]:ComputeChainObjfAndDerivE2e():chain-training.cc:162) Numerator objf: 1.42139
LOG (nnet3-chain-train[5.5.1009~1-e4940]:ComputeChainObjfAndDerivE2e():chain-training.cc:162) Numerator objf: 1.41538
LOG (nnet3-chain-train[5.5.1009~1-e4940]:ComputeChainObjfAndDerivE2e():chain-training.cc:162) Numerator objf: 1.48045
LOG (nnet3-chain-train[5.5.1009~1-e4940]:ComputeChainObjfAndDerivE2e():chain-training.cc:162) Numerator objf: 1.47825
LOG (nnet3-chain-train[5.5.1009~1-e4940]:ComputeChainObjfAndDerivE2e():chain-training.cc:162) Numerator objf: 1.51174
LOG (nnet3-chain-train[5.5.1009~1-e4940]:ComputeChainObjfAndDerivE2e():chain-training.cc:162) Numerator objf: 1.38334
LOG (nnet3-chain-train[5.5.1009~1-e4940]:PrintStatsForThisPhase():nnet-training.cc:278) Average objective function for 'output-xent' for minibatches 280-289 is -1.65478 over 27264 frames.
LOG (nnet3-chain-train[5.5.1009~1-e4940]:PrintStatsForThisPhase():nnet-training.cc:278) Average objective function for 'output' for minibatches 280-289 is -0.085246 over 27264 frames.
LOG (nnet3-chain-train[5.5.1009~1-e4940]:ComputeChainObjfAndDerivE2e():chain-training.cc:162) Numerator objf: 1.43838
LOG (nnet3-chain-train[5.5.1009~1-e4940]:ComputeChainObjfAndDerivE2e():chain-training.cc:162) Numerator objf: 1.52318
LOG (nnet3-chain-train[5.5.1009~1-e4940]:ComputeChainObjfAndDerivE2e():chain-training.cc:162) Numerator objf: 1.46233
LOG (nnet3-chain-train[5.5.1009~1-e4940]:ComputeChainObjfAndDerivE2e():chain-training.cc:162) Numerator objf: 1.52233
LOG (nnet3-chain-train[5.5.1009~1-e4940]:ComputeChainObjfAndDerivE2e():chain-training.cc:162) Numerator objf: 1.61566
LOG (nnet3-chain-train[5.5.1009~1-e4940]:ComputeChainObjfAndDerivE2e():chain-training.cc:162) Numerator objf: 1.52654
LOG (nnet3-chain-train[5.5.1009~1-e4940]:ComputeChainObjfAndDerivE2e():chain-training.cc:162) Numerator objf: 1.40105
LOG (nnet3-chain-train[5.5.1009~1-e4940]:ComputeChainObjfAndDerivE2e():chain-training.cc:162) Numerator objf: 1.43466
LOG (nnet3-chain-train[5.5.1009~1-e4940]:ComputeChainObjfAndDerivE2e():chain-training.cc:162) Numerator objf: 1.52461
LOG (nnet3-chain-train[5.5.1009~1-e4940]:ComputeChainObjfAndDerivE2e():chain-training.cc:162) Numerator objf: 1.44758
LOG (nnet3-chain-train[5.5.1009~1-e4940]:PrintStatsForThisPhase():nnet-training.cc:278) Average objective function for 'output-xent' for minibatches 290-299 is -1.64251 over 28096 frames.
LOG (nnet3-chain-train[5.5.1009~1-e4940]:PrintStatsForThisPhase():nnet-training.cc:278) Average objective function for 'output' for minibatches 290-299 is -0.0822516 over 28096 frames.
LOG (nnet3-chain-train[5.5.1009~1-e4940]:ComputeChainObjfAndDerivE2e():chain-training.cc:162) Numerator objf: 1.35926
LOG (nnet3-chain-train[5.5.1009~1-e4940]:ComputeChainObjfAndDerivE2e():chain-training.cc:162) Numerator objf: 1.4943
LOG (nnet3-chain-train[5.5.1009~1-e4940]:ComputeChainObjfAndDerivE2e():chain-training.cc:162) Numerator objf: 1.43147
LOG (nnet3-chain-train[5.5.1009~1-e4940]:ComputeChainObjfAndDerivE2e():chain-training.cc:162) Numerator objf: 1.50067
LOG (nnet3-chain-train[5.5.1009~1-e4940]:ComputeChainObjfAndDerivE2e():chain-training.cc:162) Numerator objf: 1.45137
LOG (nnet3-chain-train[5.5.1009~1-e4940]:ComputeChainObjfAndDerivE2e():chain-training.cc:162) Numerator objf: 1.44323
LOG (nnet3-chain-train[5.5.1009~1-e4940]:ComputeChainObjfAndDerivE2e():chain-training.cc:162) Numerator objf: 1.53434
LOG (nnet3-chain-train[5.5.1009~1-e4940]:ComputeChainObjfAndDerivE2e():chain-training.cc:162) Numerator objf: 1.47465
LOG (nnet3-chain-train[5.5.1009~1-e4940]:ComputeChainObjfAndDerivE2e():chain-training.cc:162) Numerator objf: 1.50681
LOG (nnet3-chain-train[5.5.1009~1-e4940]:ComputeChainObjfAndDerivE2e():chain-training.cc:162) Numerator objf: 1.49615
LOG (nnet3-chain-train[5.5.1009~1-e4940]:PrintStatsForThisPhase():nnet-training.cc:278) Average objective function for 'output-xent' for minibatches 300-309 is -1.62869 over 29120 frames.
LOG (nnet3-chain-train[5.5.1009~1-e4940]:PrintStatsForThisPhase():nnet-training.cc:278) Average objective function for 'output' for minibatches 300-309 is -0.0821477 over 29120 frames.
LOG (nnet3-chain-train[5.5.1009~1-e4940]:ComputeChainObjfAndDerivE2e():chain-training.cc:162) Numerator objf: 1.54631
LOG (nnet3-chain-train[5.5.1009~1-e4940]:ComputeChainObjfAndDerivE2e():chain-training.cc:162) Numerator objf: 1.50855
LOG (nnet3-chain-train[5.5.1009~1-e4940]:ComputeChainObjfAndDerivE2e():chain-training.cc:162) Numerator objf: 1.52259
LOG (nnet3-chain-train[5.5.1009~1-e4940]:ComputeChainObjfAndDerivE2e():chain-training.cc:162) Numerator objf: 1.50667
LOG (nnet3-chain-train[5.5.1009~1-e4940]:ComputeChainObjfAndDerivE2e():chain-training.cc:162) Numerator objf: 1.46812
LOG (nnet3-chain-train[5.5.1009~1-e4940]:ComputeChainObjfAndDerivE2e():chain-training.cc:162) Numerator objf: 1.51369
LOG (nnet3-chain-train[5.5.1009~1-e4940]:ComputeChainObjfAndDerivE2e():chain-training.cc:162) Numerator objf: 1.49558
LOG (nnet3-chain-train[5.5.1009~1-e4940]:ComputeChainObjfAndDerivE2e():chain-training.cc:162) Numerator objf: 1.534
LOG (nnet3-chain-train[5.5.1009~1-e4940]:ComputeChainObjfAndDerivE2e():chain-training.cc:162) Numerator objf: 1.5043
LOG (nnet3-chain-train[5.5.1009~1-e4940]:ComputeChainObjfAndDerivE2e():chain-training.cc:162) Numerator objf: 1.47729
LOG (nnet3-chain-train[5.5.1009~1-e4940]:PrintStatsForThisPhase():nnet-training.cc:278) Average objective function for 'output-xent' for minibatches 310-319 is -1.62334 over 27264 frames.
LOG (nnet3-chain-train[5.5.1009~1-e4940]:PrintStatsForThisPhase():nnet-training.cc:278) Average objective function for 'output' for minibatches 310-319 is -0.0844033 over 27264 frames.
LOG (nnet3-chain-train[5.5.1009~1-e4940]:ComputeChainObjfAndDerivE2e():chain-training.cc:162) Numerator objf: 1.5095
LOG (nnet3-chain-train[5.5.1009~1-e4940]:ComputeChainObjfAndDerivE2e():chain-training.cc:162) Numerator objf: 1.50373
LOG (nnet3-chain-train[5.5.1009~1-e4940]:ComputeChainObjfAndDerivE2e():chain-training.cc:162) Numerator objf: 1.51997
LOG (nnet3-chain-train[5.5.1009~1-e4940]:ComputeChainObjfAndDerivE2e():chain-training.cc:162) Numerator objf: 1.57457
LOG (nnet3-chain-train[5.5.1009~1-e4940]:ComputeChainObjfAndDerivE2e():chain-training.cc:162) Numerator objf: 1.49561
LOG (nnet3-chain-train[5.5.1009~1-e4940]:ComputeChainObjfAndDerivE2e():chain-training.cc:162) Numerator objf: 1.46649
LOG (nnet3-chain-train[5.5.1009~1-e4940]:ComputeChainObjfAndDerivE2e():chain-training.cc:162) Numerator objf: 1.57648
LOG (nnet3-chain-train[5.5.1009~1-e4940]:ComputeChainObjfAndDerivE2e():chain-training.cc:162) Numerator objf: 1.49021
LOG (nnet3-chain-train[5.5.1009~1-e4940]:ComputeChainObjfAndDerivE2e():chain-training.cc:162) Numerator objf: 1.46163
LOG (nnet3-chain-train[5.5.1009~1-e4940]:ComputeChainObjfAndDerivE2e():chain-training.cc:162) Numerator objf: 1.5239
LOG (nnet3-chain-train[5.5.1009~1-e4940]:PrintStatsForThisPhase():nnet-training.cc:278) Average objective function for 'output-xent' for minibatches 320-329 is -1.6923 over 29120 frames.
LOG (nnet3-chain-train[5.5.1009~1-e4940]:PrintStatsForThisPhase():nnet-training.cc:278) Average objective function for 'output' for minibatches 320-329 is -0.0820546 over 29120 frames.
LOG (nnet3-chain-train[5.5.1009~1-e4940]:ComputeChainObjfAndDerivE2e():chain-training.cc:162) Numerator objf: 1.52158
LOG (nnet3-chain-train[5.5.1009~1-e4940]:ComputeChainObjfAndDerivE2e():chain-training.cc:162) Numerator objf: 1.60275
LOG (nnet3-chain-train[5.5.1009~1-e4940]:ComputeChainObjfAndDerivE2e():chain-training.cc:162) Numerator objf: 1.58106
LOG (nnet3-chain-train[5.5.1009~1-e4940]:ComputeChainObjfAndDerivE2e():chain-training.cc:162) Numerator objf: 1.54986
LOG (nnet3-chain-train[5.5.1009~1-e4940]:ComputeChainObjfAndDerivE2e():chain-training.cc:162) Numerator objf: 1.44581
LOG (nnet3-chain-train[5.5.1009~1-e4940]:ComputeChainObjfAndDerivE2e():chain-training.cc:162) Numerator objf: 1.56426
LOG (nnet3-chain-train[5.5.1009~1-e4940]:ComputeChainObjfAndDerivE2e():chain-training.cc:162) Numerator objf: 1.58878
LOG (nnet3-chain-train[5.5.1009~1-e4940]:ComputeChainObjfAndDerivE2e():chain-training.cc:162) Numerator objf: 1.52882
LOG (nnet3-chain-train[5.5.1009~1-e4940]:ComputeChainObjfAndDerivE2e():chain-training.cc:162) Numerator objf: 1.48439
LOG (nnet3-chain-train[5.5.1009~1-e4940]:ComputeChainObjfAndDerivE2e():chain-training.cc:162) Numerator objf: 1.51031
LOG (nnet3-chain-train[5.5.1009~1-e4940]:PrintStatsForThisPhase():nnet-training.cc:278) Average objective function for 'output-xent' for minibatches 330-339 is -1.61306 over 27264 frames.
LOG (nnet3-chain-train[5.5.1009~1-e4940]:PrintStatsForThisPhase():nnet-training.cc:278) Average objective function for 'output' for minibatches 330-339 is -0.0836406 over 27264 frames.
LOG (nnet3-chain-train[5.5.1009~1-e4940]:ComputeChainObjfAndDerivE2e():chain-training.cc:162) Numerator objf: 1.431
LOG (nnet3-chain-train[5.5.1009~1-e4940]:ComputeChainObjfAndDerivE2e():chain-training.cc:162) Numerator objf: 1.53512
LOG (nnet3-chain-train[5.5.1009~1-e4940]:ComputeChainObjfAndDerivE2e():chain-training.cc:162) Numerator objf: 1.54525
LOG (nnet3-chain-train[5.5.1009~1-e4940]:ComputeChainObjfAndDerivE2e():chain-training.cc:162) Numerator objf: 1.63734
LOG (nnet3-chain-train[5.5.1009~1-e4940]:ComputeChainObjfAndDerivE2e():chain-training.cc:162) Numerator objf: 1.50386
LOG (nnet3-chain-train[5.5.1009~1-e4940]:ComputeChainObjfAndDerivE2e():chain-training.cc:162) Numerator objf: 1.57244
LOG (nnet3-chain-train[5.5.1009~1-e4940]:ComputeChainObjfAndDerivE2e():chain-training.cc:162) Numerator objf: 1.59932
LOG (nnet3-chain-train[5.5.1009~1-e4940]:ComputeChainObjfAndDerivE2e():chain-training.cc:162) Numerator objf: 1.56537
LOG (nnet3-chain-train[5.5.1009~1-e4940]:ComputeChainObjfAndDerivE2e():chain-training.cc:162) Numerator objf: 1.59242
LOG (nnet3-chain-train[5.5.1009~1-e4940]:ComputeChainObjfAndDerivE2e():chain-training.cc:162) Numerator objf: 1.60685
LOG (nnet3-chain-train[5.5.1009~1-e4940]:PrintStatsForThisPhase():nnet-training.cc:278) Average objective function for 'output-xent' for minibatches 340-349 is -1.58914 over 29120 frames.
LOG (nnet3-chain-train[5.5.1009~1-e4940]:PrintStatsForThisPhase():nnet-training.cc:278) Average objective function for 'output' for minibatches 340-349 is -0.0773372 over 29120 frames.
LOG (nnet3-chain-train[5.5.1009~1-e4940]:ComputeChainObjfAndDerivE2e():chain-training.cc:162) Numerator objf: 1.55741
LOG (nnet3-chain-train[5.5.1009~1-e4940]:ComputeChainObjfAndDerivE2e():chain-training.cc:162) Numerator objf: 1.67211
LOG (nnet3-chain-train[5.5.1009~1-e4940]:ComputeChainObjfAndDerivE2e():chain-training.cc:162) Numerator objf: 1.6106
LOG (nnet3-chain-train[5.5.1009~1-e4940]:ComputeChainObjfAndDerivE2e():chain-training.cc:162) Numerator objf: 1.54931
LOG (nnet3-chain-train[5.5.1009~1-e4940]:ComputeChainObjfAndDerivE2e():chain-training.cc:162) Numerator objf: 1.55184
LOG (nnet3-chain-train[5.5.1009~1-e4940]:ComputeChainObjfAndDerivE2e():chain-training.cc:162) Numerator objf: 1.5183
LOG (nnet3-chain-train[5.5.1009~1-e4940]:ComputeChainObjfAndDerivE2e():chain-training.cc:162) Numerator objf: 1.61735
LOG (nnet3-chain-train[5.5.1009~1-e4940]:ComputeChainObjfAndDerivE2e():chain-training.cc:162) Numerator objf: 1.5252
LOG (nnet3-chain-train[5.5.1009~1-e4940]:ComputeChainObjfAndDerivE2e():chain-training.cc:162) Numerator objf: 1.64316
LOG (nnet3-chain-train[5.5.1009~1-e4940]:ComputeChainObjfAndDerivE2e():chain-training.cc:162) Numerator objf: 1.55771
LOG (nnet3-chain-train[5.5.1009~1-e4940]:PrintStatsForThisPhase():nnet-training.cc:278) Average objective function for 'output-xent' for minibatches 350-359 is -1.56465 over 27264 frames.
LOG (nnet3-chain-train[5.5.1009~1-e4940]:PrintStatsForThisPhase():nnet-training.cc:278) Average objective function for 'output' for minibatches 350-359 is -0.0834846 over 27264 frames.
LOG (nnet3-chain-train[5.5.1009~1-e4940]:ComputeChainObjfAndDerivE2e():chain-training.cc:162) Numerator objf: 1.4672
LOG (nnet3-chain-train[5.5.1009~1-e4940]:ComputeChainObjfAndDerivE2e():chain-training.cc:162) Numerator objf: 1.47714
LOG (nnet3-chain-train[5.5.1009~1-e4940]:ComputeChainObjfAndDerivE2e():chain-training.cc:162) Numerator objf: 1.57517
LOG (nnet3-chain-train[5.5.1009~1-e4940]:ComputeChainObjfAndDerivE2e():chain-training.cc:162) Numerator objf: 1.66251
LOG (nnet3-chain-train[5.5.1009~1-e4940]:ComputeChainObjfAndDerivE2e():chain-training.cc:162) Numerator objf: 1.56835
LOG (nnet3-chain-train[5.5.1009~1-e4940]:ComputeChainObjfAndDerivE2e():chain-training.cc:162) Numerator objf: 1.39676
LOG (nnet3-chain-train[5.5.1009~1-e4940]:ComputeChainObjfAndDerivE2e():chain-training.cc:162) Numerator objf: 1.44101
LOG (nnet3-chain-train[5.5.1009~1-e4940]:ComputeChainObjfAndDerivE2e():chain-training.cc:162) Numerator objf: 1.44074
LOG (nnet3-chain-train[5.5.1009~1-e4940]:ComputeChainObjfAndDerivE2e():chain-training.cc:162) Numerator objf: 1.4018
LOG (nnet3-chain-train[5.5.1009~1-e4940]:ComputeChainObjfAndDerivE2e():chain-training.cc:162) Numerator objf: 1.49475
LOG (nnet3-chain-train[5.5.1009~1-e4940]:PrintStatsForThisPhase():nnet-training.cc:278) Average objective function for 'output-xent' for minibatches 360-369 is -1.68403 over 28096 frames.
LOG (nnet3-chain-train[5.5.1009~1-e4940]:PrintStatsForThisPhase():nnet-training.cc:278) Average objective function for 'output' for minibatches 360-369 is -0.0882437 over 28096 frames.
LOG (nnet3-chain-train[5.5.1009~1-e4940]:ComputeChainObjfAndDerivE2e():chain-training.cc:162) Numerator objf: 1.47954
LOG (nnet3-chain-train[5.5.1009~1-e4940]:ComputeChainObjfAndDerivE2e():chain-training.cc:162) Numerator objf: 1.49289
LOG (nnet3-chain-train[5.5.1009~1-e4940]:ComputeChainObjfAndDerivE2e():chain-training.cc:162) Numerator objf: 1.49816
LOG (nnet3-chain-train[5.5.1009~1-e4940]:ComputeChainObjfAndDerivE2e():chain-training.cc:162) Numerator objf: 1.54352
LOG (nnet3-chain-train[5.5.1009~1-e4940]:ComputeChainObjfAndDerivE2e():chain-training.cc:162) Numerator objf: 1.55075
LOG (nnet3-chain-train[5.5.1009~1-e4940]:ComputeChainObjfAndDerivE2e():chain-training.cc:162) Numerator objf: 1.5637
LOG (nnet3-chain-train[5.5.1009~1-e4940]:ComputeChainObjfAndDerivE2e():chain-training.cc:162) Numerator objf: 1.55186
LOG (nnet3-chain-train[5.5.1009~1-e4940]:ComputeChainObjfAndDerivE2e():chain-training.cc:162) Numerator objf: 1.57289
LOG (nnet3-chain-train[5.5.1009~1-e4940]:ComputeChainObjfAndDerivE2e():chain-training.cc:162) Numerator objf: 1.58074
LOG (nnet3-chain-train[5.5.1009~1-e4940]:ComputeChainObjfAndDerivE2e():chain-training.cc:162) Numerator objf: 1.4143
LOG (nnet3-chain-train[5.5.1009~1-e4940]:PrintStatsForThisPhase():nnet-training.cc:278) Average objective function for 'output-xent' for minibatches 370-379 is -1.59034 over 28288 frames.
LOG (nnet3-chain-train[5.5.1009~1-e4940]:PrintStatsForThisPhase():nnet-training.cc:278) Average objective function for 'output' for minibatches 370-379 is -0.080732 over 28288 frames.
LOG (nnet3-chain-train[5.5.1009~1-e4940]:ComputeChainObjfAndDerivE2e():chain-training.cc:162) Numerator objf: 1.50212
LOG (nnet3-chain-train[5.5.1009~1-e4940]:ComputeChainObjfAndDerivE2e():chain-training.cc:162) Numerator objf: 1.51455
LOG (nnet3-chain-train[5.5.1009~1-e4940]:ComputeChainObjfAndDerivE2e():chain-training.cc:162) Numerator objf: 1.5758
LOG (nnet3-chain-train[5.5.1009~1-e4940]:ComputeChainObjfAndDerivE2e():chain-training.cc:162) Numerator objf: 1.42999
LOG (nnet3-chain-train[5.5.1009~1-e4940]:ComputeChainObjfAndDerivE2e():chain-training.cc:162) Numerator objf: 1.42327
LOG (nnet3-chain-train[5.5.1009~1-e4940]:ComputeChainObjfAndDerivE2e():chain-training.cc:162) Numerator objf: 1.47109
LOG (nnet3-chain-train[5.5.1009~1-e4940]:ComputeChainObjfAndDerivE2e():chain-training.cc:162) Numerator objf: 1.45519
LOG (nnet3-chain-train[5.5.1009~1-e4940]:ComputeChainObjfAndDerivE2e():chain-training.cc:162) Numerator objf: 1.55079
LOG (nnet3-chain-train[5.5.1009~1-e4940]:ComputeChainObjfAndDerivE2e():chain-training.cc:162) Numerator objf: 1.49479
LOG (nnet3-chain-train[5.5.1009~1-e4940]:ComputeChainObjfAndDerivE2e():chain-training.cc:162) Numerator objf: 1.44487
LOG (nnet3-chain-train[5.5.1009~1-e4940]:PrintStatsForThisPhase():nnet-training.cc:278) Average objective function for 'output-xent' for minibatches 380-389 is -1.7332 over 28096 frames.
LOG (nnet3-chain-train[5.5.1009~1-e4940]:PrintStatsForThisPhase():nnet-training.cc:278) Average objective function for 'output' for minibatches 380-389 is -0.0898908 over 28096 frames.
LOG (nnet3-chain-train[5.5.1009~1-e4940]:ComputeChainObjfAndDerivE2e():chain-training.cc:162) Numerator objf: 1.49157
LOG (nnet3-chain-train[5.5.1009~1-e4940]:ComputeChainObjfAndDerivE2e():chain-training.cc:162) Numerator objf: 1.46064
LOG (nnet3-chain-train[5.5.1009~1-e4940]:ComputeChainObjfAndDerivE2e():chain-training.cc:162) Numerator objf: 1.49284
LOG (nnet3-chain-train[5.5.1009~1-e4940]:ComputeChainObjfAndDerivE2e():chain-training.cc:162) Numerator objf: 1.48062
LOG (nnet3-chain-train[5.5.1009~1-e4940]:ComputeChainObjfAndDerivE2e():chain-training.cc:162) Numerator objf: 1.45543
LOG (nnet3-chain-train[5.5.1009~1-e4940]:ComputeChainObjfAndDerivE2e():chain-training.cc:162) Numerator objf: 1.46478
LOG (nnet3-chain-train[5.5.1009~1-e4940]:ComputeChainObjfAndDerivE2e():chain-training.cc:162) Numerator objf: 1.50863
LOG (nnet3-chain-train[5.5.1009~1-e4940]:ComputeChainObjfAndDerivE2e():chain-training.cc:162) Numerator objf: 1.57284
LOG (nnet3-chain-train[5.5.1009~1-e4940]:ComputeChainObjfAndDerivE2e():chain-training.cc:162) Numerator objf: 1.50901
LOG (nnet3-chain-train[5.5.1009~1-e4940]:ComputeChainObjfAndDerivE2e():chain-training.cc:162) Numerator objf: 1.51295
LOG (nnet3-chain-train[5.5.1009~1-e4940]:PrintStatsForThisPhase():nnet-training.cc:278) Average objective function for 'output-xent' for minibatches 390-399 is -1.63456 over 28288 frames.
LOG (nnet3-chain-train[5.5.1009~1-e4940]:PrintStatsForThisPhase():nnet-training.cc:278) Average objective function for 'output' for minibatches 390-399 is -0.0787024 over 28288 frames.
LOG (nnet3-chain-train[5.5.1009~1-e4940]:ComputeChainObjfAndDerivE2e():chain-training.cc:162) Numerator objf: 1.51382
LOG (nnet3-chain-train[5.5.1009~1-e4940]:ComputeChainObjfAndDerivE2e():chain-training.cc:162) Numerator objf: 1.36606
LOG (nnet3-chain-train[5.5.1009~1-e4940]:ComputeChainObjfAndDerivE2e():chain-training.cc:162) Numerator objf: 1.40005
LOG (nnet3-chain-train[5.5.1009~1-e4940]:ComputeChainObjfAndDerivE2e():chain-training.cc:162) Numerator objf: 1.47558
LOG (nnet3-chain-train[5.5.1009~1-e4940]:ComputeChainObjfAndDerivE2e():chain-training.cc:162) Numerator objf: 1.40094
LOG (nnet3-chain-train[5.5.1009~1-e4940]:ComputeChainObjfAndDerivE2e():chain-training.cc:162) Numerator objf: 1.30295
LOG (nnet3-chain-train[5.5.1009~1-e4940]:ComputeChainObjfAndDerivE2e():chain-training.cc:162) Numerator objf: 1.50304
LOG (nnet3-chain-train[5.5.1009~1-e4940]:ComputeChainObjfAndDerivE2e():chain-training.cc:162) Numerator objf: 1.40422
LOG (nnet3-chain-train[5.5.1009~1-e4940]:ComputeChainObjfAndDerivE2e():chain-training.cc:162) Numerator objf: 1.35902
LOG (nnet3-chain-train[5.5.1009~1-e4940]:ComputeChainObjfAndDerivE2e():chain-training.cc:162) Numerator objf: 1.4619
LOG (nnet3-chain-train[5.5.1009~1-e4940]:PrintStatsForThisPhase():nnet-training.cc:278) Average objective function for 'output-xent' for minibatches 400-409 is -1.78238 over 29120 frames.
LOG (nnet3-chain-train[5.5.1009~1-e4940]:PrintStatsForThisPhase():nnet-training.cc:278) Average objective function for 'output' for minibatches 400-409 is -0.0976871 over 29120 frames.
LOG (nnet3-chain-train[5.5.1009~1-e4940]:ComputeChainObjfAndDerivE2e():chain-training.cc:162) Numerator objf: 1.41286
LOG (nnet3-chain-train[5.5.1009~1-e4940]:ComputeChainObjfAndDerivE2e():chain-training.cc:162) Numerator objf: 1.43335
LOG (nnet3-chain-train[5.5.1009~1-e4940]:ComputeChainObjfAndDerivE2e():chain-training.cc:162) Numerator objf: 1.49227
LOG (nnet3-chain-train[5.5.1009~1-e4940]:ComputeChainObjfAndDerivE2e():chain-training.cc:162) Numerator objf: 1.39313
LOG (nnet3-chain-train[5.5.1009~1-e4940]:ComputeChainObjfAndDerivE2e():chain-training.cc:162) Numerator objf: 1.46693
LOG (nnet3-chain-train[5.5.1009~1-e4940]:ComputeChainObjfAndDerivE2e():chain-training.cc:162) Numerator objf: 1.48535
LOG (nnet3-chain-train[5.5.1009~1-e4940]:ComputeChainObjfAndDerivE2e():chain-training.cc:162) Numerator objf: 1.48822
LOG (nnet3-chain-train[5.5.1009~1-e4940]:ComputeChainObjfAndDerivE2e():chain-training.cc:162) Numerator objf: 1.42741
LOG (nnet3-chain-train[5.5.1009~1-e4940]:ComputeChainObjfAndDerivE2e():chain-training.cc:162) Numerator objf: 1.45577
LOG (nnet3-chain-train[5.5.1009~1-e4940]:ComputeChainObjfAndDerivE2e():chain-training.cc:162) Numerator objf: 1.43263
LOG (nnet3-chain-train[5.5.1009~1-e4940]:PrintStatsForThisPhase():nnet-training.cc:278) Average objective function for 'output-xent' for minibatches 410-419 is -1.61023 over 27264 frames.
LOG (nnet3-chain-train[5.5.1009~1-e4940]:PrintStatsForThisPhase():nnet-training.cc:278) Average objective function for 'output' for minibatches 410-419 is -0.0798951 over 27264 frames.
LOG (nnet3-chain-train[5.5.1009~1-e4940]:ComputeChainObjfAndDerivE2e():chain-training.cc:162) Numerator objf: 1.46893
LOG (nnet3-chain-train[5.5.1009~1-e4940]:ComputeChainObjfAndDerivE2e():chain-training.cc:162) Numerator objf: 1.56472
LOG (nnet3-chain-train[5.5.1009~1-e4940]:ComputeChainObjfAndDerivE2e():chain-training.cc:162) Numerator objf: 1.48089
LOG (nnet3-chain-train[5.5.1009~1-e4940]:ComputeChainObjfAndDerivE2e():chain-training.cc:162) Numerator objf: 1.41085
LOG (nnet3-chain-train[5.5.1009~1-e4940]:ComputeChainObjfAndDerivE2e():chain-training.cc:162) Numerator objf: 1.45695
LOG (nnet3-chain-train[5.5.1009~1-e4940]:ComputeChainObjfAndDerivE2e():chain-training.cc:162) Numerator objf: 1.53467
LOG (nnet3-chain-train[5.5.1009~1-e4940]:ComputeChainObjfAndDerivE2e():chain-training.cc:162) Numerator objf: 1.50019
LOG (nnet3-chain-train[5.5.1009~1-e4940]:ComputeChainObjfAndDerivE2e():chain-training.cc:162) Numerator objf: 1.41456
LOG (nnet3-chain-train[5.5.1009~1-e4940]:ComputeChainObjfAndDerivE2e():chain-training.cc:162) Numerator objf: 1.47486
LOG (nnet3-chain-train[5.5.1009~1-e4940]:ComputeChainObjfAndDerivE2e():chain-training.cc:162) Numerator objf: 1.45879
LOG (nnet3-chain-train[5.5.1009~1-e4940]:PrintStatsForThisPhase():nnet-training.cc:278) Average objective function for 'output-xent' for minibatches 420-429 is -1.62256 over 29120 frames.
LOG (nnet3-chain-train[5.5.1009~1-e4940]:PrintStatsForThisPhase():nnet-training.cc:278) Average objective function for 'output' for minibatches 420-429 is -0.0784404 over 29120 frames.
LOG (nnet3-chain-train[5.5.1009~1-e4940]:ComputeChainObjfAndDerivE2e():chain-training.cc:162) Numerator objf: 1.48305
LOG (nnet3-chain-train[5.5.1009~1-e4940]:ComputeChainObjfAndDerivE2e():chain-training.cc:162) Numerator objf: 1.5968
LOG (nnet3-chain-train[5.5.1009~1-e4940]:ComputeChainObjfAndDerivE2e():chain-training.cc:162) Numerator objf: 1.53782
LOG (nnet3-chain-train[5.5.1009~1-e4940]:ComputeChainObjfAndDerivE2e():chain-training.cc:162) Numerator objf: 1.57623
LOG (nnet3-chain-train[5.5.1009~1-e4940]:ComputeChainObjfAndDerivE2e():chain-training.cc:162) Numerator objf: 1.61737
LOG (nnet3-chain-train[5.5.1009~1-e4940]:ComputeChainObjfAndDerivE2e():chain-training.cc:162) Numerator objf: 1.54137
LOG (nnet3-chain-train[5.5.1009~1-e4940]:ComputeChainObjfAndDerivE2e():chain-training.cc:162) Numerator objf: 1.47437
LOG (nnet3-chain-train[5.5.1009~1-e4940]:ComputeChainObjfAndDerivE2e():chain-training.cc:162) Numerator objf: 1.44693
LOG (nnet3-chain-train[5.5.1009~1-e4940]:ComputeChainObjfAndDerivE2e():chain-training.cc:162) Numerator objf: 1.47524
LOG (nnet3-chain-train[5.5.1009~1-e4940]:ComputeChainObjfAndDerivE2e():chain-training.cc:162) Numerator objf: 1.48988
LOG (nnet3-chain-train[5.5.1009~1-e4940]:PrintStatsForThisPhase():nnet-training.cc:278) Average objective function for 'output-xent' for minibatches 430-439 is -1.58227 over 27264 frames.
LOG (nnet3-chain-train[5.5.1009~1-e4940]:PrintStatsForThisPhase():nnet-training.cc:278) Average objective function for 'output' for minibatches 430-439 is -0.0812807 over 27264 frames.
LOG (nnet3-chain-train[5.5.1009~1-e4940]:ComputeChainObjfAndDerivE2e():chain-training.cc:162) Numerator objf: 1.43355
LOG (nnet3-chain-train[5.5.1009~1-e4940]:ComputeChainObjfAndDerivE2e():chain-training.cc:162) Numerator objf: 1.4652
LOG (nnet3-chain-train[5.5.1009~1-e4940]:ComputeChainObjfAndDerivE2e():chain-training.cc:162) Numerator objf: 1.49315
LOG (nnet3-chain-train[5.5.1009~1-e4940]:ComputeChainObjfAndDerivE2e():chain-training.cc:162) Numerator objf: 1.44797
LOG (nnet3-chain-copy-egs[5.5.1009~1-e4940]:main():nnet3-chain-copy-egs.cc:395) Read 33675 neural-network training examples, wrote 33675
LOG (nnet3-chain-train[5.5.1009~1-e4940]:ComputeChainObjfAndDerivE2e():chain-training.cc:162) Numerator objf: 1.43362
LOG (nnet3-chain-train[5.5.1009~1-e4940]:ComputeChainObjfAndDerivE2e():chain-training.cc:162) Numerator objf: 1.44879
LOG (nnet3-chain-train[5.5.1009~1-e4940]:ComputeChainObjfAndDerivE2e():chain-training.cc:162) Numerator objf: 1.44174
LOG (nnet3-chain-train[5.5.1009~1-e4940]:ComputeChainObjfAndDerivE2e():chain-training.cc:162) Numerator objf: 1.52336
LOG (nnet3-chain-train[5.5.1009~1-e4940]:ComputeChainObjfAndDerivE2e():chain-training.cc:162) Numerator objf: 1.55946
LOG (nnet3-chain-train[5.5.1009~1-e4940]:ComputeChainObjfAndDerivE2e():chain-training.cc:162) Numerator objf: 1.49549
LOG (nnet3-chain-train[5.5.1009~1-e4940]:PrintStatsForThisPhase():nnet-training.cc:278) Average objective function for 'output-xent' for minibatches 440-449 is -1.61578 over 28096 frames.
LOG (nnet3-chain-train[5.5.1009~1-e4940]:PrintStatsForThisPhase():nnet-training.cc:278) Average objective function for 'output' for minibatches 440-449 is -0.0860716 over 28096 frames.
LOG (nnet3-chain-train[5.5.1009~1-e4940]:ComputeChainObjfAndDerivE2e():chain-training.cc:162) Numerator objf: 1.5842
LOG (nnet3-chain-train[5.5.1009~1-e4940]:ComputeChainObjfAndDerivE2e():chain-training.cc:162) Numerator objf: 1.46218
LOG (nnet3-chain-train[5.5.1009~1-e4940]:ComputeChainObjfAndDerivE2e():chain-training.cc:162) Numerator objf: 1.44275
LOG (nnet3-chain-train[5.5.1009~1-e4940]:ComputeChainObjfAndDerivE2e():chain-training.cc:162) Numerator objf: 1.46702
LOG (nnet3-chain-train[5.5.1009~1-e4940]:ComputeChainObjfAndDerivE2e():chain-training.cc:162) Numerator objf: 1.45346
LOG (nnet3-chain-train[5.5.1009~1-e4940]:ComputeChainObjfAndDerivE2e():chain-training.cc:162) Numerator objf: 1.48364
LOG (nnet3-chain-train[5.5.1009~1-e4940]:ComputeChainObjfAndDerivE2e():chain-training.cc:162) Numerator objf: 1.39856
LOG (nnet3-chain-train[5.5.1009~1-e4940]:ComputeChainObjfAndDerivE2e():chain-training.cc:162) Numerator objf: 1.49355
LOG (nnet3-chain-train[5.5.1009~1-e4940]:ComputeChainObjfAndDerivE2e():chain-training.cc:162) Numerator objf: 1.55423
LOG (nnet3-chain-train[5.5.1009~1-e4940]:ComputeChainObjfAndDerivE2e():chain-training.cc:162) Numerator objf: 1.40975
LOG (nnet3-chain-train[5.5.1009~1-e4940]:PrintStatsForThisPhase():nnet-training.cc:278) Average objective function for 'output-xent' for minibatches 450-459 is -1.6583 over 28288 frames.
LOG (nnet3-chain-train[5.5.1009~1-e4940]:PrintStatsForThisPhase():nnet-training.cc:278) Average objective function for 'output' for minibatches 450-459 is -0.0802324 over 28288 frames.
LOG (nnet3-chain-train[5.5.1009~1-e4940]:ComputeChainObjfAndDerivE2e():chain-training.cc:162) Numerator objf: 1.40816
LOG (nnet3-chain-train[5.5.1009~1-e4940]:ComputeChainObjfAndDerivE2e():chain-training.cc:162) Numerator objf: 1.53664
LOG (nnet3-chain-train[5.5.1009~1-e4940]:ComputeChainObjfAndDerivE2e():chain-training.cc:162) Numerator objf: 1.45101
LOG (nnet3-chain-train[5.5.1009~1-e4940]:ComputeChainObjfAndDerivE2e():chain-training.cc:162) Numerator objf: 1.45394
LOG (nnet3-chain-train[5.5.1009~1-e4940]:ComputeChainObjfAndDerivE2e():chain-training.cc:162) Numerator objf: 1.53877
LOG (nnet3-chain-train[5.5.1009~1-e4940]:ComputeChainObjfAndDerivE2e():chain-training.cc:162) Numerator objf: 1.51111
LOG (nnet3-chain-train[5.5.1009~1-e4940]:ComputeChainObjfAndDerivE2e():chain-training.cc:162) Numerator objf: 1.57852
LOG (nnet3-chain-train[5.5.1009~1-e4940]:ComputeChainObjfAndDerivE2e():chain-training.cc:162) Numerator objf: 1.50315
LOG (nnet3-chain-train[5.5.1009~1-e4940]:ComputeChainObjfAndDerivE2e():chain-training.cc:162) Numerator objf: 1.55489
LOG (nnet3-chain-train[5.5.1009~1-e4940]:ComputeChainObjfAndDerivE2e():chain-training.cc:162) Numerator objf: 1.55026
LOG (nnet3-chain-train[5.5.1009~1-e4940]:PrintStatsForThisPhase():nnet-training.cc:278) Average objective function for 'output-xent' for minibatches 460-469 is -1.65029 over 29120 frames.
LOG (nnet3-chain-train[5.5.1009~1-e4940]:PrintStatsForThisPhase():nnet-training.cc:278) Average objective function for 'output' for minibatches 460-469 is -0.0800481 over 29120 frames.
LOG (nnet3-chain-train[5.5.1009~1-e4940]:ComputeChainObjfAndDerivE2e():chain-training.cc:162) Numerator objf: 1.57051
LOG (nnet3-chain-train[5.5.1009~1-e4940]:ComputeChainObjfAndDerivE2e():chain-training.cc:162) Numerator objf: 1.48471
LOG (nnet3-chain-train[5.5.1009~1-e4940]:ComputeChainObjfAndDerivE2e():chain-training.cc:162) Numerator objf: 1.41624
LOG (nnet3-chain-train[5.5.1009~1-e4940]:ComputeChainObjfAndDerivE2e():chain-training.cc:162) Numerator objf: 1.46068
LOG (nnet3-chain-train[5.5.1009~1-e4940]:ComputeChainObjfAndDerivE2e():chain-training.cc:162) Numerator objf: 1.49137
LOG (nnet3-chain-train[5.5.1009~1-e4940]:ComputeChainObjfAndDerivE2e():chain-training.cc:162) Numerator objf: 1.44688
LOG (nnet3-chain-train[5.5.1009~1-e4940]:ComputeChainObjfAndDerivE2e():chain-training.cc:162) Numerator objf: 1.50908
LOG (nnet3-chain-train[5.5.1009~1-e4940]:ComputeChainObjfAndDerivE2e():chain-training.cc:162) Numerator objf: 1.55244
LOG (nnet3-chain-train[5.5.1009~1-e4940]:ComputeChainObjfAndDerivE2e():chain-training.cc:162) Numerator objf: 1.51234
LOG (nnet3-chain-train[5.5.1009~1-e4940]:ComputeChainObjfAndDerivE2e():chain-training.cc:162) Numerator objf: 1.46083
LOG (nnet3-chain-train[5.5.1009~1-e4940]:PrintStatsForThisPhase():nnet-training.cc:278) Average objective function for 'output-xent' for minibatches 470-479 is -1.66029 over 27264 frames.
LOG (nnet3-chain-train[5.5.1009~1-e4940]:PrintStatsForThisPhase():nnet-training.cc:278) Average objective function for 'output' for minibatches 470-479 is -0.0835474 over 27264 frames.
LOG (nnet3-chain-train[5.5.1009~1-e4940]:ComputeChainObjfAndDerivE2e():chain-training.cc:162) Numerator objf: 1.45436
LOG (nnet3-chain-train[5.5.1009~1-e4940]:ComputeChainObjfAndDerivE2e():chain-training.cc:162) Numerator objf: 1.46542
LOG (nnet3-chain-train[5.5.1009~1-e4940]:ComputeChainObjfAndDerivE2e():chain-training.cc:162) Numerator objf: 1.48165
LOG (nnet3-chain-train[5.5.1009~1-e4940]:ComputeChainObjfAndDerivE2e():chain-training.cc:162) Numerator objf: 1.42677
LOG (nnet3-chain-train[5.5.1009~1-e4940]:ComputeChainObjfAndDerivE2e():chain-training.cc:162) Numerator objf: 1.57735
LOG (nnet3-chain-train[5.5.1009~1-e4940]:ComputeChainObjfAndDerivE2e():chain-training.cc:162) Numerator objf: 1.52789
LOG (nnet3-chain-train[5.5.1009~1-e4940]:ComputeChainObjfAndDerivE2e():chain-training.cc:162) Numerator objf: 1.46705
LOG (nnet3-chain-train[5.5.1009~1-e4940]:ComputeChainObjfAndDerivE2e():chain-training.cc:162) Numerator objf: 1.53425
LOG (nnet3-chain-train[5.5.1009~1-e4940]:ComputeChainObjfAndDerivE2e():chain-training.cc:162) Numerator objf: 1.54476
LOG (nnet3-chain-train[5.5.1009~1-e4940]:ComputeChainObjfAndDerivE2e():chain-training.cc:162) Numerator objf: 1.48852
LOG (nnet3-chain-train[5.5.1009~1-e4940]:PrintStatsForThisPhase():nnet-training.cc:278) Average objective function for 'output-xent' for minibatches 480-489 is -1.6582 over 29120 frames.
LOG (nnet3-chain-train[5.5.1009~1-e4940]:PrintStatsForThisPhase():nnet-training.cc:278) Average objective function for 'output' for minibatches 480-489 is -0.0795447 over 29120 frames.
LOG (nnet3-chain-train[5.5.1009~1-e4940]:ComputeChainObjfAndDerivE2e():chain-training.cc:162) Numerator objf: 1.52606
LOG (nnet3-chain-train[5.5.1009~1-e4940]:ComputeChainObjfAndDerivE2e():chain-training.cc:162) Numerator objf: 1.57239
LOG (nnet3-chain-train[5.5.1009~1-e4940]:ComputeChainObjfAndDerivE2e():chain-training.cc:162) Numerator objf: 1.47662
LOG (nnet3-chain-train[5.5.1009~1-e4940]:ComputeChainObjfAndDerivE2e():chain-training.cc:162) Numerator objf: 1.45866
LOG (nnet3-chain-train[5.5.1009~1-e4940]:ComputeChainObjfAndDerivE2e():chain-training.cc:162) Numerator objf: 1.38247
LOG (nnet3-chain-train[5.5.1009~1-e4940]:ComputeChainObjfAndDerivE2e():chain-training.cc:162) Numerator objf: 1.3809
LOG (nnet3-chain-train[5.5.1009~1-e4940]:ComputeChainObjfAndDerivE2e():chain-training.cc:162) Numerator objf: 1.43178
LOG (nnet3-chain-train[5.5.1009~1-e4940]:ComputeChainObjfAndDerivE2e():chain-training.cc:162) Numerator objf: 1.53797
LOG (nnet3-chain-train[5.5.1009~1-e4940]:ComputeChainObjfAndDerivE2e():chain-training.cc:162) Numerator objf: 1.45888
LOG (nnet3-chain-train[5.5.1009~1-e4940]:ComputeChainObjfAndDerivE2e():chain-training.cc:162) Numerator objf: 1.49373
LOG (nnet3-chain-train[5.5.1009~1-e4940]:PrintStatsForThisPhase():nnet-training.cc:278) Average objective function for 'output-xent' for minibatches 490-499 is -1.69154 over 28288 frames.
LOG (nnet3-chain-train[5.5.1009~1-e4940]:PrintStatsForThisPhase():nnet-training.cc:278) Average objective function for 'output' for minibatches 490-499 is -0.0910292 over 28288 frames.
LOG (nnet3-chain-train[5.5.1009~1-e4940]:ComputeChainObjfAndDerivE2e():chain-training.cc:162) Numerator objf: 1.47924
LOG (nnet3-chain-train[5.5.1009~1-e4940]:ComputeChainObjfAndDerivE2e():chain-training.cc:162) Numerator objf: 1.51876
LOG (nnet3-chain-train[5.5.1009~1-e4940]:ComputeChainObjfAndDerivE2e():chain-training.cc:162) Numerator objf: 1.52182
LOG (nnet3-chain-train[5.5.1009~1-e4940]:ComputeChainObjfAndDerivE2e():chain-training.cc:162) Numerator objf: 1.55604
LOG (nnet3-chain-train[5.5.1009~1-e4940]:ComputeChainObjfAndDerivE2e():chain-training.cc:162) Numerator objf: 1.53772
LOG (nnet3-chain-train[5.5.1009~1-e4940]:ComputeChainObjfAndDerivE2e():chain-training.cc:162) Numerator objf: 1.49275
LOG (nnet3-chain-train[5.5.1009~1-e4940]:ComputeChainObjfAndDerivE2e():chain-training.cc:162) Numerator objf: 1.43032
LOG (nnet3-chain-train[5.5.1009~1-e4940]:ComputeChainObjfAndDerivE2e():chain-training.cc:162) Numerator objf: 1.44077
LOG (nnet3-chain-train[5.5.1009~1-e4940]:ComputeChainObjfAndDerivE2e():chain-training.cc:162) Numerator objf: 1.481
LOG (nnet3-chain-train[5.5.1009~1-e4940]:ComputeChainObjfAndDerivE2e():chain-training.cc:162) Numerator objf: 1.55689
LOG (nnet3-chain-train[5.5.1009~1-e4940]:PrintStatsForThisPhase():nnet-training.cc:278) Average objective function for 'output-xent' for minibatches 500-509 is -1.63953 over 28096 frames.
LOG (nnet3-chain-train[5.5.1009~1-e4940]:PrintStatsForThisPhase():nnet-training.cc:278) Average objective function for 'output' for minibatches 500-509 is -0.0860328 over 28096 frames.
LOG (nnet3-chain-train[5.5.1009~1-e4940]:ComputeChainObjfAndDerivE2e():chain-training.cc:162) Numerator objf: 1.54583
LOG (nnet3-chain-train[5.5.1009~1-e4940]:ComputeChainObjfAndDerivE2e():chain-training.cc:162) Numerator objf: 1.47817
LOG (nnet3-chain-train[5.5.1009~1-e4940]:ComputeChainObjfAndDerivE2e():chain-training.cc:162) Numerator objf: 1.45273
LOG (nnet3-chain-train[5.5.1009~1-e4940]:ComputeChainObjfAndDerivE2e():chain-training.cc:162) Numerator objf: 1.5459
LOG (nnet3-chain-train[5.5.1009~1-e4940]:ComputeChainObjfAndDerivE2e():chain-training.cc:162) Numerator objf: 1.48949
LOG (nnet3-chain-train[5.5.1009~1-e4940]:ComputeChainObjfAndDerivE2e():chain-training.cc:162) Numerator objf: 1.56245
LOG (nnet3-chain-train[5.5.1009~1-e4940]:ComputeChainObjfAndDerivE2e():chain-training.cc:162) Numerator objf: 1.62976
LOG (nnet3-chain-train[5.5.1009~1-e4940]:ComputeChainObjfAndDerivE2e():chain-training.cc:162) Numerator objf: 1.49189
LOG (nnet3-chain-train[5.5.1009~1-e4940]:ComputeChainObjfAndDerivE2e():chain-training.cc:162) Numerator objf: 1.57461
LOG (nnet3-chain-train[5.5.1009~1-e4940]:ComputeChainObjfAndDerivE2e():chain-training.cc:162) Numerator objf: 1.49502
LOG (nnet3-chain-train[5.5.1009~1-e4940]:PrintStatsForThisPhase():nnet-training.cc:278) Average objective function for 'output-xent' for minibatches 510-519 is -1.57378 over 28288 frames.
LOG (nnet3-chain-train[5.5.1009~1-e4940]:PrintStatsForThisPhase():nnet-training.cc:278) Average objective function for 'output' for minibatches 510-519 is -0.0801159 over 28288 frames.
LOG (nnet3-chain-train[5.5.1009~1-e4940]:ComputeChainObjfAndDerivE2e():chain-training.cc:162) Numerator objf: 1.53696
LOG (nnet3-chain-train[5.5.1009~1-e4940]:ComputeChainObjfAndDerivE2e():chain-training.cc:162) Numerator objf: 1.48528
LOG (nnet3-chain-shuffle-egs[5.5.1009~1-e4940]:main():nnet3-chain-shuffle-egs.cc:104) Shuffled order of 33675 neural-network training examples using a buffer (partial randomization)
LOG (nnet3-chain-merge-egs[5.5.1009~1-e4940]:PrintSpecificStats():nnet-example-utils.cc:1159) Merged specific eg types as follows [format: <eg-size1>={<mb-size1>-><num-minibatches1>,<mbsize2>-><num-minibatches2>.../d=<num-discarded>},<egs-size2>={...},... (note,egs-size == number of input frames including context).
LOG (nnet3-chain-merge-egs[5.5.1009~1-e4940]:PrintSpecificStats():nnet-example-utils.cc:1189) 160={64->129,d=49},169={64->77,d=21},208={64->319,d=5}
LOG (nnet3-chain-merge-egs[5.5.1009~1-e4940]:PrintAggregateStats():nnet-example-utils.cc:1155) Processed 33675 egs of avg. size 190.4 into 525 minibatches, discarding 0.2227% of egs.  Avg minibatch size was 64, #distinct types of egs/minibatches was 3/3
LOG (nnet3-chain-train[5.5.1009~1-e4940]:ComputeChainObjfAndDerivE2e():chain-training.cc:162) Numerator objf: 1.56485
LOG (nnet3-chain-train[5.5.1009~1-e4940]:ComputeChainObjfAndDerivE2e():chain-training.cc:162) Numerator objf: 1.5479
LOG (nnet3-chain-train[5.5.1009~1-e4940]:PrintTotalStats():nnet-training.cc:317) Overall average objective function for 'output' is -0.0828155 over 1.48384e+06 frames.
LOG (nnet3-chain-train[5.5.1009~1-e4940]:PrintTotalStats():nnet-training.cc:324) [this line is to be parsed by a script:] log-prob-per-frame=-0.0828155
LOG (nnet3-chain-train[5.5.1009~1-e4940]:PrintTotalStats():nnet-training.cc:317) Overall average objective function for 'output-xent' is -1.63627 over 1.48384e+06 frames.
LOG (nnet3-chain-train[5.5.1009~1-e4940]:PrintTotalStats():nnet-training.cc:324) [this line is to be parsed by a script:] log-prob-per-frame=-1.63627
LOG (nnet3-chain-train[5.5.1009~1-e4940]:Print():nnet-utils.cc:2311) For tdnn1.affine, per-component max-change was enforced 0.190476 % of the time.
LOG (nnet3-chain-train[5.5.1009~1-e4940]:Print():nnet-utils.cc:2311) For tdnnf2.linear, per-component max-change was enforced 0.190476 % of the time.
LOG (nnet3-chain-train[5.5.1009~1-e4940]:Print():nnet-utils.cc:2311) For prefinal-l, per-component max-change was enforced 0.190476 % of the time.
LOG (nnet3-chain-train[5.5.1009~1-e4940]:Print():nnet-utils.cc:2311) For prefinal-chain.linear, per-component max-change was enforced 0.190476 % of the time.
LOG (nnet3-chain-train[5.5.1009~1-e4940]:Print():nnet-utils.cc:2320) The global max-change was enforced 0.380952 % of the time.
LOG (nnet3-chain-train[5.5.1009~1-e4940]:~CachingOptimizingCompiler():nnet-optimize.cc:710) 0.0299 seconds taken in nnet3 compilation total (breakdown: 0 compilation, 0 optimization, 0 shortcut expansion, 0 checking, 0 computing indexes, 0.0299 misc.) + 0.225 I/O.
LOG (nnet3-chain-train[5.5.1009~1-e4940]:main():nnet3-chain-train.cc:101) Wrote raw model to telugu_exp/chain_cleaned_1d/tdnn1d_sp/7.4.raw
# Accounting: time=2039 threads=1
# Ended (code 0) at Wed Jun 15 04:44:57 UTC 2022, elapsed time 2039 seconds
