# nnet3-chain-train --use-gpu=wait --apply-deriv-weights=False --l2-regularize=0.0 --leaky-hmm-coefficient=0.1 --read-cache=telugu_exp/chain_cleaned_1d/tdnn1d_sp/cache.15 --xent-regularize=0.1 --print-interval=10 --momentum=0.0 --max-param-change=2.0 --backstitch-training-scale=0.0 --backstitch-training-interval=1 --l2-regularize-factor=0.1111111111111111 --optimization.memory-compression-level=2 --srand=15 "nnet3-am-copy --raw=true --learning-rate=0.000626075865496603 --scale=1.0 telugu_exp/chain_cleaned_1d/tdnn1d_sp/15.mdl - |nnet3-copy --edits='set-dropout-proportion name=* proportion=0.4444444444444444' - - |" telugu_exp/chain_cleaned_1d/tdnn1d_sp/den.fst "ark,bg:nnet3-chain-copy-egs                          --frame-shift=0                         ark:telugu_exp/chain_cleaned_1d/tdnn1d_sp/egs/cegs.5.ark ark:- |                         nnet3-chain-shuffle-egs --buffer-size=5000                         --srand=15 ark:- ark:- | nnet3-chain-merge-egs                         --minibatch-size=64 ark:- ark:- |" telugu_exp/chain_cleaned_1d/tdnn1d_sp/16.5.raw 
# Started at Wed Jun 15 10:29:41 UTC 2022
#
nnet3-chain-train --use-gpu=wait --apply-deriv-weights=False --l2-regularize=0.0 --leaky-hmm-coefficient=0.1 --read-cache=telugu_exp/chain_cleaned_1d/tdnn1d_sp/cache.15 --xent-regularize=0.1 --print-interval=10 --momentum=0.0 --max-param-change=2.0 --backstitch-training-scale=0.0 --backstitch-training-interval=1 --l2-regularize-factor=0.1111111111111111 --optimization.memory-compression-level=2 --srand=15 "nnet3-am-copy --raw=true --learning-rate=0.000626075865496603 --scale=1.0 telugu_exp/chain_cleaned_1d/tdnn1d_sp/15.mdl - |nnet3-copy --edits='set-dropout-proportion name=* proportion=0.4444444444444444' - - |" telugu_exp/chain_cleaned_1d/tdnn1d_sp/den.fst 'ark,bg:nnet3-chain-copy-egs                          --frame-shift=0                         ark:telugu_exp/chain_cleaned_1d/tdnn1d_sp/egs/cegs.5.ark ark:- |                         nnet3-chain-shuffle-egs --buffer-size=5000                         --srand=15 ark:- ark:- | nnet3-chain-merge-egs                         --minibatch-size=64 ark:- ark:- |' telugu_exp/chain_cleaned_1d/tdnn1d_sp/16.5.raw 
WARNING (nnet3-chain-train[5.5.1009~1-e4940]:SelectGpuId():cu-device.cc:221) Will try again indefinitely every 5 seconds to get a GPU.
WARNING (nnet3-chain-train[5.5.1009~1-e4940]:SelectGpuId():cu-device.cc:229) Waited 1715 seconds before creating CUDA context
LOG (nnet3-chain-train[5.5.1009~1-e4940]:SelectGpuId():cu-device.cc:238) CUDA setup operating under Compute Exclusive Mode.
LOG (nnet3-chain-train[5.5.1009~1-e4940]:FinalizeActiveGpu():cu-device.cc:338) The active GPU is [0]: Tesla K80	free:11313M, used:127M, total:11441M, free/total:0.988856 version 3.7
nnet3-copy '--edits=set-dropout-proportion name=* proportion=0.4444444444444444' - - 
nnet3-am-copy --raw=true --learning-rate=0.000626075865496603 --scale=1.0 telugu_exp/chain_cleaned_1d/tdnn1d_sp/15.mdl - 
LOG (nnet3-am-copy[5.5.1009~1-e4940]:main():nnet3-am-copy.cc:153) Copied neural net from telugu_exp/chain_cleaned_1d/tdnn1d_sp/15.mdl to raw format as -
LOG (nnet3-copy[5.5.1009~1-e4940]:ReadEditConfig():nnet-utils.cc:1413) Set dropout proportions for 13 components.
LOG (nnet3-copy[5.5.1009~1-e4940]:main():nnet3-copy.cc:123) Copied raw neural net from - to -
LOG (nnet3-chain-train[5.5.1009~1-e4940]:NnetChainTrainer():nnet-chain-training.cc:51) Read computation cache from telugu_exp/chain_cleaned_1d/tdnn1d_sp/cache.15
nnet3-chain-copy-egs --frame-shift=0 ark:telugu_exp/chain_cleaned_1d/tdnn1d_sp/egs/cegs.5.ark ark:- 
nnet3-chain-merge-egs --minibatch-size=64 ark:- ark:- 
nnet3-chain-shuffle-egs --buffer-size=5000 --srand=15 ark:- ark:- 
LOG (nnet3-chain-train[5.5.1009~1-e4940]:ComputeChainObjfAndDerivE2e():chain-training.cc:162) Numerator objf: 1.92128
LOG (nnet3-chain-train[5.5.1009~1-e4940]:ComputeChainObjfAndDerivE2e():chain-training.cc:162) Numerator objf: 1.9747
LOG (nnet3-chain-train[5.5.1009~1-e4940]:ComputeChainObjfAndDerivE2e():chain-training.cc:162) Numerator objf: 2.01729
LOG (nnet3-chain-train[5.5.1009~1-e4940]:ComputeChainObjfAndDerivE2e():chain-training.cc:162) Numerator objf: 1.91024
LOG (nnet3-chain-train[5.5.1009~1-e4940]:ComputeChainObjfAndDerivE2e():chain-training.cc:162) Numerator objf: 1.95431
LOG (nnet3-chain-train[5.5.1009~1-e4940]:ComputeChainObjfAndDerivE2e():chain-training.cc:162) Numerator objf: 2.01469
LOG (nnet3-chain-train[5.5.1009~1-e4940]:ComputeChainObjfAndDerivE2e():chain-training.cc:162) Numerator objf: 1.97711
LOG (nnet3-chain-train[5.5.1009~1-e4940]:ComputeChainObjfAndDerivE2e():chain-training.cc:162) Numerator objf: 1.91375
LOG (nnet3-chain-train[5.5.1009~1-e4940]:ComputeChainObjfAndDerivE2e():chain-training.cc:162) Numerator objf: 1.90986
LOG (nnet3-chain-train[5.5.1009~1-e4940]:ComputeChainObjfAndDerivE2e():chain-training.cc:162) Numerator objf: 1.87669
LOG (nnet3-chain-train[5.5.1009~1-e4940]:ComputeChainObjfAndDerivE2e():chain-training.cc:162) Numerator objf: 2.02984
LOG (nnet3-chain-train[5.5.1009~1-e4940]:PrintStatsForThisPhase():nnet-training.cc:278) Average objective function for 'output-xent' for minibatches 0-9 is -1.25751 over 29120 frames.
LOG (nnet3-chain-train[5.5.1009~1-e4940]:PrintStatsForThisPhase():nnet-training.cc:278) Average objective function for 'output' for minibatches 0-9 is -0.0555779 over 29120 frames.
LOG (nnet3-chain-train[5.5.1009~1-e4940]:ComputeChainObjfAndDerivE2e():chain-training.cc:162) Numerator objf: 1.93512
LOG (nnet3-chain-train[5.5.1009~1-e4940]:ComputeChainObjfAndDerivE2e():chain-training.cc:162) Numerator objf: 1.92312
LOG (nnet3-chain-train[5.5.1009~1-e4940]:ComputeChainObjfAndDerivE2e():chain-training.cc:162) Numerator objf: 2.03682
LOG (nnet3-chain-train[5.5.1009~1-e4940]:ComputeChainObjfAndDerivE2e():chain-training.cc:162) Numerator objf: 1.86486
LOG (nnet3-chain-train[5.5.1009~1-e4940]:ComputeChainObjfAndDerivE2e():chain-training.cc:162) Numerator objf: 1.90349
LOG (nnet3-chain-train[5.5.1009~1-e4940]:ComputeChainObjfAndDerivE2e():chain-training.cc:162) Numerator objf: 1.91233
LOG (nnet3-chain-train[5.5.1009~1-e4940]:ComputeChainObjfAndDerivE2e():chain-training.cc:162) Numerator objf: 1.98149
LOG (nnet3-chain-train[5.5.1009~1-e4940]:ComputeChainObjfAndDerivE2e():chain-training.cc:162) Numerator objf: 1.95554
LOG (nnet3-chain-train[5.5.1009~1-e4940]:ComputeChainObjfAndDerivE2e():chain-training.cc:162) Numerator objf: 1.91123
LOG (nnet3-chain-train[5.5.1009~1-e4940]:ComputeChainObjfAndDerivE2e():chain-training.cc:162) Numerator objf: 1.86207
LOG (nnet3-chain-train[5.5.1009~1-e4940]:PrintStatsForThisPhase():nnet-training.cc:278) Average objective function for 'output-xent' for minibatches 10-19 is -1.3062 over 27264 frames.
LOG (nnet3-chain-train[5.5.1009~1-e4940]:PrintStatsForThisPhase():nnet-training.cc:278) Average objective function for 'output' for minibatches 10-19 is -0.0575799 over 27264 frames.
LOG (nnet3-chain-train[5.5.1009~1-e4940]:ComputeChainObjfAndDerivE2e():chain-training.cc:162) Numerator objf: 1.83616
LOG (nnet3-chain-train[5.5.1009~1-e4940]:ComputeChainObjfAndDerivE2e():chain-training.cc:162) Numerator objf: 1.93918
LOG (nnet3-chain-train[5.5.1009~1-e4940]:ComputeChainObjfAndDerivE2e():chain-training.cc:162) Numerator objf: 1.87957
LOG (nnet3-chain-train[5.5.1009~1-e4940]:ComputeChainObjfAndDerivE2e():chain-training.cc:162) Numerator objf: 1.98665
LOG (nnet3-chain-train[5.5.1009~1-e4940]:ComputeChainObjfAndDerivE2e():chain-training.cc:162) Numerator objf: 1.88972
LOG (nnet3-chain-train[5.5.1009~1-e4940]:ComputeChainObjfAndDerivE2e():chain-training.cc:162) Numerator objf: 2.04601
LOG (nnet3-chain-train[5.5.1009~1-e4940]:ComputeChainObjfAndDerivE2e():chain-training.cc:162) Numerator objf: 1.83989
LOG (nnet3-chain-train[5.5.1009~1-e4940]:ComputeChainObjfAndDerivE2e():chain-training.cc:162) Numerator objf: 1.86514
LOG (nnet3-chain-train[5.5.1009~1-e4940]:ComputeChainObjfAndDerivE2e():chain-training.cc:162) Numerator objf: 2.0843
LOG (nnet3-chain-train[5.5.1009~1-e4940]:ComputeChainObjfAndDerivE2e():chain-training.cc:162) Numerator objf: 1.86551
LOG (nnet3-chain-train[5.5.1009~1-e4940]:PrintStatsForThisPhase():nnet-training.cc:278) Average objective function for 'output-xent' for minibatches 20-29 is -1.28643 over 28096 frames.
LOG (nnet3-chain-train[5.5.1009~1-e4940]:PrintStatsForThisPhase():nnet-training.cc:278) Average objective function for 'output' for minibatches 20-29 is -0.0597427 over 28096 frames.
LOG (nnet3-chain-train[5.5.1009~1-e4940]:ComputeChainObjfAndDerivE2e():chain-training.cc:162) Numerator objf: 1.89131
LOG (nnet3-chain-train[5.5.1009~1-e4940]:ComputeChainObjfAndDerivE2e():chain-training.cc:162) Numerator objf: 2.03885
LOG (nnet3-chain-train[5.5.1009~1-e4940]:ComputeChainObjfAndDerivE2e():chain-training.cc:162) Numerator objf: 1.97165
LOG (nnet3-chain-train[5.5.1009~1-e4940]:ComputeChainObjfAndDerivE2e():chain-training.cc:162) Numerator objf: 2.07373
LOG (nnet3-chain-train[5.5.1009~1-e4940]:ComputeChainObjfAndDerivE2e():chain-training.cc:162) Numerator objf: 1.91046
LOG (nnet3-chain-train[5.5.1009~1-e4940]:ComputeChainObjfAndDerivE2e():chain-training.cc:162) Numerator objf: 1.92671
LOG (nnet3-chain-train[5.5.1009~1-e4940]:ComputeChainObjfAndDerivE2e():chain-training.cc:162) Numerator objf: 1.88022
LOG (nnet3-chain-train[5.5.1009~1-e4940]:ComputeChainObjfAndDerivE2e():chain-training.cc:162) Numerator objf: 2.04221
LOG (nnet3-chain-train[5.5.1009~1-e4940]:ComputeChainObjfAndDerivE2e():chain-training.cc:162) Numerator objf: 2.06437
LOG (nnet3-chain-train[5.5.1009~1-e4940]:ComputeChainObjfAndDerivE2e():chain-training.cc:162) Numerator objf: 1.99656
LOG (nnet3-chain-train[5.5.1009~1-e4940]:PrintStatsForThisPhase():nnet-training.cc:278) Average objective function for 'output-xent' for minibatches 30-39 is -1.26024 over 28288 frames.
LOG (nnet3-chain-train[5.5.1009~1-e4940]:PrintStatsForThisPhase():nnet-training.cc:278) Average objective function for 'output' for minibatches 30-39 is -0.0522886 over 28288 frames.
LOG (nnet3-chain-train[5.5.1009~1-e4940]:ComputeChainObjfAndDerivE2e():chain-training.cc:162) Numerator objf: 1.99801
LOG (nnet3-chain-train[5.5.1009~1-e4940]:ComputeChainObjfAndDerivE2e():chain-training.cc:162) Numerator objf: 1.92132
LOG (nnet3-chain-train[5.5.1009~1-e4940]:ComputeChainObjfAndDerivE2e():chain-training.cc:162) Numerator objf: 2.0494
LOG (nnet3-chain-train[5.5.1009~1-e4940]:ComputeChainObjfAndDerivE2e():chain-training.cc:162) Numerator objf: 1.99117
LOG (nnet3-chain-train[5.5.1009~1-e4940]:ComputeChainObjfAndDerivE2e():chain-training.cc:162) Numerator objf: 1.95331
LOG (nnet3-chain-train[5.5.1009~1-e4940]:ComputeChainObjfAndDerivE2e():chain-training.cc:162) Numerator objf: 2.09573
LOG (nnet3-chain-train[5.5.1009~1-e4940]:ComputeChainObjfAndDerivE2e():chain-training.cc:162) Numerator objf: 1.9641
LOG (nnet3-chain-train[5.5.1009~1-e4940]:ComputeChainObjfAndDerivE2e():chain-training.cc:162) Numerator objf: 2.04025
LOG (nnet3-chain-train[5.5.1009~1-e4940]:ComputeChainObjfAndDerivE2e():chain-training.cc:162) Numerator objf: 1.92728
LOG (nnet3-chain-train[5.5.1009~1-e4940]:ComputeChainObjfAndDerivE2e():chain-training.cc:162) Numerator objf: 1.9815
LOG (nnet3-chain-train[5.5.1009~1-e4940]:PrintStatsForThisPhase():nnet-training.cc:278) Average objective function for 'output-xent' for minibatches 40-49 is -1.28508 over 29120 frames.
LOG (nnet3-chain-train[5.5.1009~1-e4940]:PrintStatsForThisPhase():nnet-training.cc:278) Average objective function for 'output' for minibatches 40-49 is -0.0534521 over 29120 frames.
LOG (nnet3-chain-train[5.5.1009~1-e4940]:ComputeChainObjfAndDerivE2e():chain-training.cc:162) Numerator objf: 2.03748
LOG (nnet3-chain-train[5.5.1009~1-e4940]:ComputeChainObjfAndDerivE2e():chain-training.cc:162) Numerator objf: 1.93571
LOG (nnet3-chain-train[5.5.1009~1-e4940]:ComputeChainObjfAndDerivE2e():chain-training.cc:162) Numerator objf: 2.14291
LOG (nnet3-chain-train[5.5.1009~1-e4940]:ComputeChainObjfAndDerivE2e():chain-training.cc:162) Numerator objf: 1.91471
LOG (nnet3-chain-train[5.5.1009~1-e4940]:ComputeChainObjfAndDerivE2e():chain-training.cc:162) Numerator objf: 1.8902
LOG (nnet3-chain-train[5.5.1009~1-e4940]:ComputeChainObjfAndDerivE2e():chain-training.cc:162) Numerator objf: 1.95967
LOG (nnet3-chain-train[5.5.1009~1-e4940]:ComputeChainObjfAndDerivE2e():chain-training.cc:162) Numerator objf: 1.85785
LOG (nnet3-chain-train[5.5.1009~1-e4940]:ComputeChainObjfAndDerivE2e():chain-training.cc:162) Numerator objf: 2.05403
LOG (nnet3-chain-train[5.5.1009~1-e4940]:ComputeChainObjfAndDerivE2e():chain-training.cc:162) Numerator objf: 1.87368
LOG (nnet3-chain-train[5.5.1009~1-e4940]:ComputeChainObjfAndDerivE2e():chain-training.cc:162) Numerator objf: 2.06779
LOG (nnet3-chain-train[5.5.1009~1-e4940]:PrintStatsForThisPhase():nnet-training.cc:278) Average objective function for 'output-xent' for minibatches 50-59 is -1.3131 over 28288 frames.
LOG (nnet3-chain-train[5.5.1009~1-e4940]:PrintStatsForThisPhase():nnet-training.cc:278) Average objective function for 'output' for minibatches 50-59 is -0.0590228 over 28288 frames.
LOG (nnet3-chain-train[5.5.1009~1-e4940]:ComputeChainObjfAndDerivE2e():chain-training.cc:162) Numerator objf: 1.90219
LOG (nnet3-chain-train[5.5.1009~1-e4940]:ComputeChainObjfAndDerivE2e():chain-training.cc:162) Numerator objf: 1.84767
LOG (nnet3-chain-train[5.5.1009~1-e4940]:ComputeChainObjfAndDerivE2e():chain-training.cc:162) Numerator objf: 2.01845
LOG (nnet3-chain-train[5.5.1009~1-e4940]:ComputeChainObjfAndDerivE2e():chain-training.cc:162) Numerator objf: 1.84164
LOG (nnet3-chain-train[5.5.1009~1-e4940]:ComputeChainObjfAndDerivE2e():chain-training.cc:162) Numerator objf: 1.95027
LOG (nnet3-chain-train[5.5.1009~1-e4940]:ComputeChainObjfAndDerivE2e():chain-training.cc:162) Numerator objf: 1.9592
LOG (nnet3-chain-train[5.5.1009~1-e4940]:ComputeChainObjfAndDerivE2e():chain-training.cc:162) Numerator objf: 1.87198
LOG (nnet3-chain-train[5.5.1009~1-e4940]:ComputeChainObjfAndDerivE2e():chain-training.cc:162) Numerator objf: 2.00909
LOG (nnet3-chain-train[5.5.1009~1-e4940]:ComputeChainObjfAndDerivE2e():chain-training.cc:162) Numerator objf: 1.87243
LOG (nnet3-chain-train[5.5.1009~1-e4940]:ComputeChainObjfAndDerivE2e():chain-training.cc:162) Numerator objf: 1.84905
LOG (nnet3-chain-train[5.5.1009~1-e4940]:PrintStatsForThisPhase():nnet-training.cc:278) Average objective function for 'output-xent' for minibatches 60-69 is -1.3158 over 28096 frames.
LOG (nnet3-chain-train[5.5.1009~1-e4940]:PrintStatsForThisPhase():nnet-training.cc:278) Average objective function for 'output' for minibatches 60-69 is -0.0630529 over 28096 frames.
LOG (nnet3-chain-train[5.5.1009~1-e4940]:ComputeChainObjfAndDerivE2e():chain-training.cc:162) Numerator objf: 1.93629
LOG (nnet3-chain-train[5.5.1009~1-e4940]:ComputeChainObjfAndDerivE2e():chain-training.cc:162) Numerator objf: 1.89783
LOG (nnet3-chain-train[5.5.1009~1-e4940]:ComputeChainObjfAndDerivE2e():chain-training.cc:162) Numerator objf: 2.00513
LOG (nnet3-chain-train[5.5.1009~1-e4940]:ComputeChainObjfAndDerivE2e():chain-training.cc:162) Numerator objf: 1.89187
LOG (nnet3-chain-train[5.5.1009~1-e4940]:ComputeChainObjfAndDerivE2e():chain-training.cc:162) Numerator objf: 1.87978
LOG (nnet3-chain-train[5.5.1009~1-e4940]:ComputeChainObjfAndDerivE2e():chain-training.cc:162) Numerator objf: 1.90214
LOG (nnet3-chain-train[5.5.1009~1-e4940]:ComputeChainObjfAndDerivE2e():chain-training.cc:162) Numerator objf: 1.86135
LOG (nnet3-chain-train[5.5.1009~1-e4940]:ComputeChainObjfAndDerivE2e():chain-training.cc:162) Numerator objf: 1.859
LOG (nnet3-chain-train[5.5.1009~1-e4940]:ComputeChainObjfAndDerivE2e():chain-training.cc:162) Numerator objf: 1.96067
LOG (nnet3-chain-train[5.5.1009~1-e4940]:ComputeChainObjfAndDerivE2e():chain-training.cc:162) Numerator objf: 1.8051
LOG (nnet3-chain-train[5.5.1009~1-e4940]:PrintStatsForThisPhase():nnet-training.cc:278) Average objective function for 'output-xent' for minibatches 70-79 is -1.34576 over 28096 frames.
LOG (nnet3-chain-train[5.5.1009~1-e4940]:PrintStatsForThisPhase():nnet-training.cc:278) Average objective function for 'output' for minibatches 70-79 is -0.0598963 over 28096 frames.
LOG (nnet3-chain-train[5.5.1009~1-e4940]:ComputeChainObjfAndDerivE2e():chain-training.cc:162) Numerator objf: 1.97439
LOG (nnet3-chain-train[5.5.1009~1-e4940]:ComputeChainObjfAndDerivE2e():chain-training.cc:162) Numerator objf: 1.76898
LOG (nnet3-chain-train[5.5.1009~1-e4940]:ComputeChainObjfAndDerivE2e():chain-training.cc:162) Numerator objf: 1.85967
LOG (nnet3-chain-train[5.5.1009~1-e4940]:ComputeChainObjfAndDerivE2e():chain-training.cc:162) Numerator objf: 1.92535
LOG (nnet3-chain-train[5.5.1009~1-e4940]:ComputeChainObjfAndDerivE2e():chain-training.cc:162) Numerator objf: 1.83528
LOG (nnet3-chain-train[5.5.1009~1-e4940]:ComputeChainObjfAndDerivE2e():chain-training.cc:162) Numerator objf: 1.87308
LOG (nnet3-chain-train[5.5.1009~1-e4940]:ComputeChainObjfAndDerivE2e():chain-training.cc:162) Numerator objf: 1.91982
LOG (nnet3-chain-train[5.5.1009~1-e4940]:ComputeChainObjfAndDerivE2e():chain-training.cc:162) Numerator objf: 1.84233
LOG (nnet3-chain-train[5.5.1009~1-e4940]:ComputeChainObjfAndDerivE2e():chain-training.cc:162) Numerator objf: 1.84932
LOG (nnet3-chain-train[5.5.1009~1-e4940]:ComputeChainObjfAndDerivE2e():chain-training.cc:162) Numerator objf: 1.78414
LOG (nnet3-chain-train[5.5.1009~1-e4940]:PrintStatsForThisPhase():nnet-training.cc:278) Average objective function for 'output-xent' for minibatches 80-89 is -1.40569 over 28288 frames.
LOG (nnet3-chain-train[5.5.1009~1-e4940]:PrintStatsForThisPhase():nnet-training.cc:278) Average objective function for 'output' for minibatches 80-89 is -0.0641418 over 28288 frames.
LOG (nnet3-chain-train[5.5.1009~1-e4940]:ComputeChainObjfAndDerivE2e():chain-training.cc:162) Numerator objf: 1.99515
LOG (nnet3-chain-train[5.5.1009~1-e4940]:ComputeChainObjfAndDerivE2e():chain-training.cc:162) Numerator objf: 1.84772
LOG (nnet3-chain-train[5.5.1009~1-e4940]:ComputeChainObjfAndDerivE2e():chain-training.cc:162) Numerator objf: 1.88022
LOG (nnet3-chain-train[5.5.1009~1-e4940]:ComputeChainObjfAndDerivE2e():chain-training.cc:162) Numerator objf: 2.01706
LOG (nnet3-chain-train[5.5.1009~1-e4940]:ComputeChainObjfAndDerivE2e():chain-training.cc:162) Numerator objf: 1.98218
LOG (nnet3-chain-train[5.5.1009~1-e4940]:ComputeChainObjfAndDerivE2e():chain-training.cc:162) Numerator objf: 1.91994
LOG (nnet3-chain-train[5.5.1009~1-e4940]:ComputeChainObjfAndDerivE2e():chain-training.cc:162) Numerator objf: 1.917
LOG (nnet3-chain-train[5.5.1009~1-e4940]:ComputeChainObjfAndDerivE2e():chain-training.cc:162) Numerator objf: 2.02377
LOG (nnet3-chain-train[5.5.1009~1-e4940]:ComputeChainObjfAndDerivE2e():chain-training.cc:162) Numerator objf: 1.91003
LOG (nnet3-chain-train[5.5.1009~1-e4940]:ComputeChainObjfAndDerivE2e():chain-training.cc:162) Numerator objf: 2.01651
LOG (nnet3-chain-train[5.5.1009~1-e4940]:PrintStatsForThisPhase():nnet-training.cc:278) Average objective function for 'output-xent' for minibatches 90-99 is -1.26788 over 28096 frames.
LOG (nnet3-chain-train[5.5.1009~1-e4940]:PrintStatsForThisPhase():nnet-training.cc:278) Average objective function for 'output' for minibatches 90-99 is -0.058142 over 28096 frames.
LOG (nnet3-chain-train[5.5.1009~1-e4940]:ComputeChainObjfAndDerivE2e():chain-training.cc:162) Numerator objf: 1.84694
LOG (nnet3-chain-train[5.5.1009~1-e4940]:ComputeChainObjfAndDerivE2e():chain-training.cc:162) Numerator objf: 2.00448
LOG (nnet3-chain-train[5.5.1009~1-e4940]:ComputeChainObjfAndDerivE2e():chain-training.cc:162) Numerator objf: 1.87568
LOG (nnet3-chain-train[5.5.1009~1-e4940]:ComputeChainObjfAndDerivE2e():chain-training.cc:162) Numerator objf: 1.91113
LOG (nnet3-chain-train[5.5.1009~1-e4940]:ComputeChainObjfAndDerivE2e():chain-training.cc:162) Numerator objf: 1.8334
LOG (nnet3-chain-train[5.5.1009~1-e4940]:ComputeChainObjfAndDerivE2e():chain-training.cc:162) Numerator objf: 1.9373
LOG (nnet3-chain-train[5.5.1009~1-e4940]:ComputeChainObjfAndDerivE2e():chain-training.cc:162) Numerator objf: 1.93615
LOG (nnet3-chain-train[5.5.1009~1-e4940]:ComputeChainObjfAndDerivE2e():chain-training.cc:162) Numerator objf: 1.83783
LOG (nnet3-chain-train[5.5.1009~1-e4940]:ComputeChainObjfAndDerivE2e():chain-training.cc:162) Numerator objf: 1.8709
LOG (nnet3-chain-train[5.5.1009~1-e4940]:ComputeChainObjfAndDerivE2e():chain-training.cc:162) Numerator objf: 1.93884
LOG (nnet3-chain-train[5.5.1009~1-e4940]:PrintStatsForThisPhase():nnet-training.cc:278) Average objective function for 'output-xent' for minibatches 100-109 is -1.35221 over 28288 frames.
LOG (nnet3-chain-train[5.5.1009~1-e4940]:PrintStatsForThisPhase():nnet-training.cc:278) Average objective function for 'output' for minibatches 100-109 is -0.0657887 over 28288 frames.
LOG (nnet3-chain-train[5.5.1009~1-e4940]:ComputeChainObjfAndDerivE2e():chain-training.cc:162) Numerator objf: 1.81866
LOG (nnet3-chain-train[5.5.1009~1-e4940]:ComputeChainObjfAndDerivE2e():chain-training.cc:162) Numerator objf: 1.80097
LOG (nnet3-chain-train[5.5.1009~1-e4940]:ComputeChainObjfAndDerivE2e():chain-training.cc:162) Numerator objf: 1.94379
LOG (nnet3-chain-train[5.5.1009~1-e4940]:ComputeChainObjfAndDerivE2e():chain-training.cc:162) Numerator objf: 2.06363
LOG (nnet3-chain-train[5.5.1009~1-e4940]:ComputeChainObjfAndDerivE2e():chain-training.cc:162) Numerator objf: 1.97322
LOG (nnet3-chain-train[5.5.1009~1-e4940]:ComputeChainObjfAndDerivE2e():chain-training.cc:162) Numerator objf: 1.83979
LOG (nnet3-chain-train[5.5.1009~1-e4940]:ComputeChainObjfAndDerivE2e():chain-training.cc:162) Numerator objf: 1.91696
LOG (nnet3-chain-train[5.5.1009~1-e4940]:ComputeChainObjfAndDerivE2e():chain-training.cc:162) Numerator objf: 1.87255
LOG (nnet3-chain-train[5.5.1009~1-e4940]:ComputeChainObjfAndDerivE2e():chain-training.cc:162) Numerator objf: 1.90302
LOG (nnet3-chain-train[5.5.1009~1-e4940]:ComputeChainObjfAndDerivE2e():chain-training.cc:162) Numerator objf: 1.93042
LOG (nnet3-chain-train[5.5.1009~1-e4940]:PrintStatsForThisPhase():nnet-training.cc:278) Average objective function for 'output-xent' for minibatches 110-119 is -1.3551 over 28096 frames.
LOG (nnet3-chain-train[5.5.1009~1-e4940]:PrintStatsForThisPhase():nnet-training.cc:278) Average objective function for 'output' for minibatches 110-119 is -0.0629497 over 28096 frames.
LOG (nnet3-chain-train[5.5.1009~1-e4940]:ComputeChainObjfAndDerivE2e():chain-training.cc:162) Numerator objf: 2.00222
LOG (nnet3-chain-train[5.5.1009~1-e4940]:ComputeChainObjfAndDerivE2e():chain-training.cc:162) Numerator objf: 1.97961
LOG (nnet3-chain-train[5.5.1009~1-e4940]:ComputeChainObjfAndDerivE2e():chain-training.cc:162) Numerator objf: 1.88794
LOG (nnet3-chain-train[5.5.1009~1-e4940]:ComputeChainObjfAndDerivE2e():chain-training.cc:162) Numerator objf: 1.92013
LOG (nnet3-chain-train[5.5.1009~1-e4940]:ComputeChainObjfAndDerivE2e():chain-training.cc:162) Numerator objf: 1.98631
LOG (nnet3-chain-train[5.5.1009~1-e4940]:ComputeChainObjfAndDerivE2e():chain-training.cc:162) Numerator objf: 1.93488
LOG (nnet3-chain-train[5.5.1009~1-e4940]:ComputeChainObjfAndDerivE2e():chain-training.cc:162) Numerator objf: 2.05906
LOG (nnet3-chain-train[5.5.1009~1-e4940]:ComputeChainObjfAndDerivE2e():chain-training.cc:162) Numerator objf: 1.933
LOG (nnet3-chain-train[5.5.1009~1-e4940]:ComputeChainObjfAndDerivE2e():chain-training.cc:162) Numerator objf: 1.96386
LOG (nnet3-chain-train[5.5.1009~1-e4940]:ComputeChainObjfAndDerivE2e():chain-training.cc:162) Numerator objf: 1.90283
LOG (nnet3-chain-train[5.5.1009~1-e4940]:PrintStatsForThisPhase():nnet-training.cc:278) Average objective function for 'output-xent' for minibatches 120-129 is -1.29703 over 27264 frames.
LOG (nnet3-chain-train[5.5.1009~1-e4940]:PrintStatsForThisPhase():nnet-training.cc:278) Average objective function for 'output' for minibatches 120-129 is -0.0571882 over 27264 frames.
LOG (nnet3-chain-train[5.5.1009~1-e4940]:ComputeChainObjfAndDerivE2e():chain-training.cc:162) Numerator objf: 1.84691
LOG (nnet3-chain-train[5.5.1009~1-e4940]:ComputeChainObjfAndDerivE2e():chain-training.cc:162) Numerator objf: 1.89078
LOG (nnet3-chain-train[5.5.1009~1-e4940]:ComputeChainObjfAndDerivE2e():chain-training.cc:162) Numerator objf: 1.88301
LOG (nnet3-chain-train[5.5.1009~1-e4940]:ComputeChainObjfAndDerivE2e():chain-training.cc:162) Numerator objf: 1.83827
LOG (nnet3-chain-train[5.5.1009~1-e4940]:ComputeChainObjfAndDerivE2e():chain-training.cc:162) Numerator objf: 1.91383
LOG (nnet3-chain-train[5.5.1009~1-e4940]:ComputeChainObjfAndDerivE2e():chain-training.cc:162) Numerator objf: 1.83018
LOG (nnet3-chain-train[5.5.1009~1-e4940]:ComputeChainObjfAndDerivE2e():chain-training.cc:162) Numerator objf: 1.94914
LOG (nnet3-chain-train[5.5.1009~1-e4940]:ComputeChainObjfAndDerivE2e():chain-training.cc:162) Numerator objf: 1.90374
LOG (nnet3-chain-train[5.5.1009~1-e4940]:ComputeChainObjfAndDerivE2e():chain-training.cc:162) Numerator objf: 1.87715
LOG (nnet3-chain-train[5.5.1009~1-e4940]:ComputeChainObjfAndDerivE2e():chain-training.cc:162) Numerator objf: 1.84126
LOG (nnet3-chain-train[5.5.1009~1-e4940]:PrintStatsForThisPhase():nnet-training.cc:278) Average objective function for 'output-xent' for minibatches 130-139 is -1.33335 over 29120 frames.
LOG (nnet3-chain-train[5.5.1009~1-e4940]:PrintStatsForThisPhase():nnet-training.cc:278) Average objective function for 'output' for minibatches 130-139 is -0.0614108 over 29120 frames.
LOG (nnet3-chain-train[5.5.1009~1-e4940]:ComputeChainObjfAndDerivE2e():chain-training.cc:162) Numerator objf: 1.89978
LOG (nnet3-chain-train[5.5.1009~1-e4940]:ComputeChainObjfAndDerivE2e():chain-training.cc:162) Numerator objf: 1.86233
LOG (nnet3-chain-train[5.5.1009~1-e4940]:ComputeChainObjfAndDerivE2e():chain-training.cc:162) Numerator objf: 1.98684
LOG (nnet3-chain-train[5.5.1009~1-e4940]:ComputeChainObjfAndDerivE2e():chain-training.cc:162) Numerator objf: 1.88585
LOG (nnet3-chain-train[5.5.1009~1-e4940]:ComputeChainObjfAndDerivE2e():chain-training.cc:162) Numerator objf: 1.8496
LOG (nnet3-chain-train[5.5.1009~1-e4940]:ComputeChainObjfAndDerivE2e():chain-training.cc:162) Numerator objf: 1.89658
LOG (nnet3-chain-train[5.5.1009~1-e4940]:ComputeChainObjfAndDerivE2e():chain-training.cc:162) Numerator objf: 1.93375
LOG (nnet3-chain-train[5.5.1009~1-e4940]:ComputeChainObjfAndDerivE2e():chain-training.cc:162) Numerator objf: 1.92335
LOG (nnet3-chain-train[5.5.1009~1-e4940]:ComputeChainObjfAndDerivE2e():chain-training.cc:162) Numerator objf: 1.85909
LOG (nnet3-chain-train[5.5.1009~1-e4940]:ComputeChainObjfAndDerivE2e():chain-training.cc:162) Numerator objf: 1.87263
LOG (nnet3-chain-train[5.5.1009~1-e4940]:PrintStatsForThisPhase():nnet-training.cc:278) Average objective function for 'output-xent' for minibatches 140-149 is -1.36628 over 27264 frames.
LOG (nnet3-chain-train[5.5.1009~1-e4940]:PrintStatsForThisPhase():nnet-training.cc:278) Average objective function for 'output' for minibatches 140-149 is -0.063427 over 27264 frames.
LOG (nnet3-chain-train[5.5.1009~1-e4940]:ComputeChainObjfAndDerivE2e():chain-training.cc:162) Numerator objf: 1.8646
LOG (nnet3-chain-train[5.5.1009~1-e4940]:ComputeChainObjfAndDerivE2e():chain-training.cc:162) Numerator objf: 1.94449
LOG (nnet3-chain-train[5.5.1009~1-e4940]:ComputeChainObjfAndDerivE2e():chain-training.cc:162) Numerator objf: 1.85802
LOG (nnet3-chain-train[5.5.1009~1-e4940]:ComputeChainObjfAndDerivE2e():chain-training.cc:162) Numerator objf: 1.92021
LOG (nnet3-chain-train[5.5.1009~1-e4940]:ComputeChainObjfAndDerivE2e():chain-training.cc:162) Numerator objf: 2.04194
LOG (nnet3-chain-train[5.5.1009~1-e4940]:ComputeChainObjfAndDerivE2e():chain-training.cc:162) Numerator objf: 2.00393
LOG (nnet3-chain-train[5.5.1009~1-e4940]:ComputeChainObjfAndDerivE2e():chain-training.cc:162) Numerator objf: 1.90542
LOG (nnet3-chain-train[5.5.1009~1-e4940]:ComputeChainObjfAndDerivE2e():chain-training.cc:162) Numerator objf: 1.82751
LOG (nnet3-chain-train[5.5.1009~1-e4940]:ComputeChainObjfAndDerivE2e():chain-training.cc:162) Numerator objf: 1.93961
LOG (nnet3-chain-train[5.5.1009~1-e4940]:ComputeChainObjfAndDerivE2e():chain-training.cc:162) Numerator objf: 1.84939
LOG (nnet3-chain-train[5.5.1009~1-e4940]:PrintStatsForThisPhase():nnet-training.cc:278) Average objective function for 'output-xent' for minibatches 150-159 is -1.31263 over 28096 frames.
LOG (nnet3-chain-train[5.5.1009~1-e4940]:PrintStatsForThisPhase():nnet-training.cc:278) Average objective function for 'output' for minibatches 150-159 is -0.0648087 over 28096 frames.
LOG (nnet3-chain-train[5.5.1009~1-e4940]:ComputeChainObjfAndDerivE2e():chain-training.cc:162) Numerator objf: 1.97574
LOG (nnet3-chain-train[5.5.1009~1-e4940]:ComputeChainObjfAndDerivE2e():chain-training.cc:162) Numerator objf: 1.87235
LOG (nnet3-chain-train[5.5.1009~1-e4940]:ComputeChainObjfAndDerivE2e():chain-training.cc:162) Numerator objf: 1.88661
LOG (nnet3-chain-train[5.5.1009~1-e4940]:ComputeChainObjfAndDerivE2e():chain-training.cc:162) Numerator objf: 1.97778
LOG (nnet3-chain-train[5.5.1009~1-e4940]:ComputeChainObjfAndDerivE2e():chain-training.cc:162) Numerator objf: 1.87046
LOG (nnet3-chain-train[5.5.1009~1-e4940]:ComputeChainObjfAndDerivE2e():chain-training.cc:162) Numerator objf: 1.87826
LOG (nnet3-chain-train[5.5.1009~1-e4940]:ComputeChainObjfAndDerivE2e():chain-training.cc:162) Numerator objf: 1.94492
LOG (nnet3-chain-train[5.5.1009~1-e4940]:ComputeChainObjfAndDerivE2e():chain-training.cc:162) Numerator objf: 1.92682
LOG (nnet3-chain-train[5.5.1009~1-e4940]:ComputeChainObjfAndDerivE2e():chain-training.cc:162) Numerator objf: 1.89252
LOG (nnet3-chain-train[5.5.1009~1-e4940]:ComputeChainObjfAndDerivE2e():chain-training.cc:162) Numerator objf: 1.92418
LOG (nnet3-chain-train[5.5.1009~1-e4940]:PrintStatsForThisPhase():nnet-training.cc:278) Average objective function for 'output-xent' for minibatches 160-169 is -1.29436 over 28288 frames.
LOG (nnet3-chain-train[5.5.1009~1-e4940]:PrintStatsForThisPhase():nnet-training.cc:278) Average objective function for 'output' for minibatches 160-169 is -0.0587504 over 28288 frames.
LOG (nnet3-chain-train[5.5.1009~1-e4940]:ComputeChainObjfAndDerivE2e():chain-training.cc:162) Numerator objf: 2.02593
LOG (nnet3-chain-train[5.5.1009~1-e4940]:ComputeChainObjfAndDerivE2e():chain-training.cc:162) Numerator objf: 1.9519
LOG (nnet3-chain-train[5.5.1009~1-e4940]:ComputeChainObjfAndDerivE2e():chain-training.cc:162) Numerator objf: 1.87648
LOG (nnet3-chain-train[5.5.1009~1-e4940]:ComputeChainObjfAndDerivE2e():chain-training.cc:162) Numerator objf: 1.99561
LOG (nnet3-chain-train[5.5.1009~1-e4940]:ComputeChainObjfAndDerivE2e():chain-training.cc:162) Numerator objf: 1.96724
LOG (nnet3-chain-train[5.5.1009~1-e4940]:ComputeChainObjfAndDerivE2e():chain-training.cc:162) Numerator objf: 1.91337
LOG (nnet3-chain-train[5.5.1009~1-e4940]:ComputeChainObjfAndDerivE2e():chain-training.cc:162) Numerator objf: 2.00821
LOG (nnet3-chain-train[5.5.1009~1-e4940]:ComputeChainObjfAndDerivE2e():chain-training.cc:162) Numerator objf: 1.94757
LOG (nnet3-chain-train[5.5.1009~1-e4940]:ComputeChainObjfAndDerivE2e():chain-training.cc:162) Numerator objf: 1.88838
LOG (nnet3-chain-train[5.5.1009~1-e4940]:ComputeChainObjfAndDerivE2e():chain-training.cc:162) Numerator objf: 1.8222
LOG (nnet3-chain-train[5.5.1009~1-e4940]:PrintStatsForThisPhase():nnet-training.cc:278) Average objective function for 'output-xent' for minibatches 170-179 is -1.35871 over 28096 frames.
LOG (nnet3-chain-train[5.5.1009~1-e4940]:PrintStatsForThisPhase():nnet-training.cc:278) Average objective function for 'output' for minibatches 170-179 is -0.062205 over 28096 frames.
LOG (nnet3-chain-train[5.5.1009~1-e4940]:ComputeChainObjfAndDerivE2e():chain-training.cc:162) Numerator objf: 1.98495
LOG (nnet3-chain-train[5.5.1009~1-e4940]:ComputeChainObjfAndDerivE2e():chain-training.cc:162) Numerator objf: 1.85865
LOG (nnet3-chain-train[5.5.1009~1-e4940]:ComputeChainObjfAndDerivE2e():chain-training.cc:162) Numerator objf: 1.9023
LOG (nnet3-chain-train[5.5.1009~1-e4940]:ComputeChainObjfAndDerivE2e():chain-training.cc:162) Numerator objf: 1.79982
LOG (nnet3-chain-train[5.5.1009~1-e4940]:ComputeChainObjfAndDerivE2e():chain-training.cc:162) Numerator objf: 1.83005
LOG (nnet3-chain-train[5.5.1009~1-e4940]:ComputeChainObjfAndDerivE2e():chain-training.cc:162) Numerator objf: 1.8786
LOG (nnet3-chain-train[5.5.1009~1-e4940]:ComputeChainObjfAndDerivE2e():chain-training.cc:162) Numerator objf: 1.88754
LOG (nnet3-chain-train[5.5.1009~1-e4940]:ComputeChainObjfAndDerivE2e():chain-training.cc:162) Numerator objf: 1.91735
LOG (nnet3-chain-train[5.5.1009~1-e4940]:ComputeChainObjfAndDerivE2e():chain-training.cc:162) Numerator objf: 1.89753
LOG (nnet3-chain-train[5.5.1009~1-e4940]:ComputeChainObjfAndDerivE2e():chain-training.cc:162) Numerator objf: 2.01472
LOG (nnet3-chain-train[5.5.1009~1-e4940]:PrintStatsForThisPhase():nnet-training.cc:278) Average objective function for 'output-xent' for minibatches 180-189 is -1.31546 over 28288 frames.
LOG (nnet3-chain-train[5.5.1009~1-e4940]:PrintStatsForThisPhase():nnet-training.cc:278) Average objective function for 'output' for minibatches 180-189 is -0.0608952 over 28288 frames.
LOG (nnet3-chain-train[5.5.1009~1-e4940]:ComputeChainObjfAndDerivE2e():chain-training.cc:162) Numerator objf: 1.82469
LOG (nnet3-chain-train[5.5.1009~1-e4940]:ComputeChainObjfAndDerivE2e():chain-training.cc:162) Numerator objf: 1.87435
LOG (nnet3-chain-train[5.5.1009~1-e4940]:ComputeChainObjfAndDerivE2e():chain-training.cc:162) Numerator objf: 1.94417
LOG (nnet3-chain-train[5.5.1009~1-e4940]:ComputeChainObjfAndDerivE2e():chain-training.cc:162) Numerator objf: 1.93119
LOG (nnet3-chain-train[5.5.1009~1-e4940]:ComputeChainObjfAndDerivE2e():chain-training.cc:162) Numerator objf: 1.97857
LOG (nnet3-chain-train[5.5.1009~1-e4940]:ComputeChainObjfAndDerivE2e():chain-training.cc:162) Numerator objf: 1.87494
LOG (nnet3-chain-train[5.5.1009~1-e4940]:ComputeChainObjfAndDerivE2e():chain-training.cc:162) Numerator objf: 1.9187
LOG (nnet3-chain-train[5.5.1009~1-e4940]:ComputeChainObjfAndDerivE2e():chain-training.cc:162) Numerator objf: 1.8884
LOG (nnet3-chain-train[5.5.1009~1-e4940]:ComputeChainObjfAndDerivE2e():chain-training.cc:162) Numerator objf: 1.85365
LOG (nnet3-chain-train[5.5.1009~1-e4940]:ComputeChainObjfAndDerivE2e():chain-training.cc:162) Numerator objf: 1.83601
LOG (nnet3-chain-train[5.5.1009~1-e4940]:PrintStatsForThisPhase():nnet-training.cc:278) Average objective function for 'output-xent' for minibatches 190-199 is -1.36077 over 28096 frames.
LOG (nnet3-chain-train[5.5.1009~1-e4940]:PrintStatsForThisPhase():nnet-training.cc:278) Average objective function for 'output' for minibatches 190-199 is -0.0615769 over 28096 frames.
LOG (nnet3-chain-train[5.5.1009~1-e4940]:ComputeChainObjfAndDerivE2e():chain-training.cc:162) Numerator objf: 1.92443
LOG (nnet3-chain-train[5.5.1009~1-e4940]:ComputeChainObjfAndDerivE2e():chain-training.cc:162) Numerator objf: 1.80178
LOG (nnet3-chain-train[5.5.1009~1-e4940]:ComputeChainObjfAndDerivE2e():chain-training.cc:162) Numerator objf: 1.91881
LOG (nnet3-chain-train[5.5.1009~1-e4940]:ComputeChainObjfAndDerivE2e():chain-training.cc:162) Numerator objf: 1.85019
LOG (nnet3-chain-train[5.5.1009~1-e4940]:ComputeChainObjfAndDerivE2e():chain-training.cc:162) Numerator objf: 1.95129
LOG (nnet3-chain-train[5.5.1009~1-e4940]:ComputeChainObjfAndDerivE2e():chain-training.cc:162) Numerator objf: 1.82785
LOG (nnet3-chain-train[5.5.1009~1-e4940]:ComputeChainObjfAndDerivE2e():chain-training.cc:162) Numerator objf: 1.87978
LOG (nnet3-chain-train[5.5.1009~1-e4940]:ComputeChainObjfAndDerivE2e():chain-training.cc:162) Numerator objf: 1.89344
LOG (nnet3-chain-train[5.5.1009~1-e4940]:ComputeChainObjfAndDerivE2e():chain-training.cc:162) Numerator objf: 1.88839
LOG (nnet3-chain-train[5.5.1009~1-e4940]:ComputeChainObjfAndDerivE2e():chain-training.cc:162) Numerator objf: 1.89303
LOG (nnet3-chain-train[5.5.1009~1-e4940]:PrintStatsForThisPhase():nnet-training.cc:278) Average objective function for 'output-xent' for minibatches 200-209 is -1.36093 over 27264 frames.
LOG (nnet3-chain-train[5.5.1009~1-e4940]:PrintStatsForThisPhase():nnet-training.cc:278) Average objective function for 'output' for minibatches 200-209 is -0.0641024 over 27264 frames.
LOG (nnet3-chain-train[5.5.1009~1-e4940]:ComputeChainObjfAndDerivE2e():chain-training.cc:162) Numerator objf: 1.84575
LOG (nnet3-chain-train[5.5.1009~1-e4940]:ComputeChainObjfAndDerivE2e():chain-training.cc:162) Numerator objf: 1.93242
LOG (nnet3-chain-train[5.5.1009~1-e4940]:ComputeChainObjfAndDerivE2e():chain-training.cc:162) Numerator objf: 1.85436
LOG (nnet3-chain-train[5.5.1009~1-e4940]:ComputeChainObjfAndDerivE2e():chain-training.cc:162) Numerator objf: 1.83128
LOG (nnet3-chain-train[5.5.1009~1-e4940]:ComputeChainObjfAndDerivE2e():chain-training.cc:162) Numerator objf: 1.90434
LOG (nnet3-chain-train[5.5.1009~1-e4940]:ComputeChainObjfAndDerivE2e():chain-training.cc:162) Numerator objf: 1.95716
LOG (nnet3-chain-train[5.5.1009~1-e4940]:ComputeChainObjfAndDerivE2e():chain-training.cc:162) Numerator objf: 1.83076
LOG (nnet3-chain-train[5.5.1009~1-e4940]:ComputeChainObjfAndDerivE2e():chain-training.cc:162) Numerator objf: 1.82589
LOG (nnet3-chain-train[5.5.1009~1-e4940]:ComputeChainObjfAndDerivE2e():chain-training.cc:162) Numerator objf: 1.77801
LOG (nnet3-chain-train[5.5.1009~1-e4940]:ComputeChainObjfAndDerivE2e():chain-training.cc:162) Numerator objf: 1.94333
LOG (nnet3-chain-train[5.5.1009~1-e4940]:PrintStatsForThisPhase():nnet-training.cc:278) Average objective function for 'output-xent' for minibatches 210-219 is -1.36088 over 29120 frames.
LOG (nnet3-chain-train[5.5.1009~1-e4940]:PrintStatsForThisPhase():nnet-training.cc:278) Average objective function for 'output' for minibatches 210-219 is -0.0595602 over 29120 frames.
LOG (nnet3-chain-train[5.5.1009~1-e4940]:ComputeChainObjfAndDerivE2e():chain-training.cc:162) Numerator objf: 1.87179
LOG (nnet3-chain-train[5.5.1009~1-e4940]:ComputeChainObjfAndDerivE2e():chain-training.cc:162) Numerator objf: 1.86228
LOG (nnet3-chain-train[5.5.1009~1-e4940]:ComputeChainObjfAndDerivE2e():chain-training.cc:162) Numerator objf: 1.91107
LOG (nnet3-chain-train[5.5.1009~1-e4940]:ComputeChainObjfAndDerivE2e():chain-training.cc:162) Numerator objf: 1.77482
LOG (nnet3-chain-train[5.5.1009~1-e4940]:ComputeChainObjfAndDerivE2e():chain-training.cc:162) Numerator objf: 1.93889
LOG (nnet3-chain-train[5.5.1009~1-e4940]:ComputeChainObjfAndDerivE2e():chain-training.cc:162) Numerator objf: 1.82836
LOG (nnet3-chain-train[5.5.1009~1-e4940]:ComputeChainObjfAndDerivE2e():chain-training.cc:162) Numerator objf: 1.94746
LOG (nnet3-chain-train[5.5.1009~1-e4940]:ComputeChainObjfAndDerivE2e():chain-training.cc:162) Numerator objf: 1.92048
LOG (nnet3-chain-train[5.5.1009~1-e4940]:ComputeChainObjfAndDerivE2e():chain-training.cc:162) Numerator objf: 2.01996
LOG (nnet3-chain-train[5.5.1009~1-e4940]:ComputeChainObjfAndDerivE2e():chain-training.cc:162) Numerator objf: 1.87477
LOG (nnet3-chain-train[5.5.1009~1-e4940]:PrintStatsForThisPhase():nnet-training.cc:278) Average objective function for 'output-xent' for minibatches 220-229 is -1.31745 over 28096 frames.
LOG (nnet3-chain-train[5.5.1009~1-e4940]:PrintStatsForThisPhase():nnet-training.cc:278) Average objective function for 'output' for minibatches 220-229 is -0.0597079 over 28096 frames.
LOG (nnet3-chain-train[5.5.1009~1-e4940]:ComputeChainObjfAndDerivE2e():chain-training.cc:162) Numerator objf: 1.99248
LOG (nnet3-chain-train[5.5.1009~1-e4940]:ComputeChainObjfAndDerivE2e():chain-training.cc:162) Numerator objf: 1.80395
LOG (nnet3-chain-train[5.5.1009~1-e4940]:ComputeChainObjfAndDerivE2e():chain-training.cc:162) Numerator objf: 1.82372
LOG (nnet3-chain-train[5.5.1009~1-e4940]:ComputeChainObjfAndDerivE2e():chain-training.cc:162) Numerator objf: 1.84455
LOG (nnet3-chain-train[5.5.1009~1-e4940]:ComputeChainObjfAndDerivE2e():chain-training.cc:162) Numerator objf: 1.84803
LOG (nnet3-chain-train[5.5.1009~1-e4940]:ComputeChainObjfAndDerivE2e():chain-training.cc:162) Numerator objf: 1.83844
LOG (nnet3-chain-train[5.5.1009~1-e4940]:ComputeChainObjfAndDerivE2e():chain-training.cc:162) Numerator objf: 1.95596
LOG (nnet3-chain-train[5.5.1009~1-e4940]:ComputeChainObjfAndDerivE2e():chain-training.cc:162) Numerator objf: 1.86591
LOG (nnet3-chain-train[5.5.1009~1-e4940]:ComputeChainObjfAndDerivE2e():chain-training.cc:162) Numerator objf: 1.92564
LOG (nnet3-chain-train[5.5.1009~1-e4940]:ComputeChainObjfAndDerivE2e():chain-training.cc:162) Numerator objf: 1.9156
LOG (nnet3-chain-train[5.5.1009~1-e4940]:PrintStatsForThisPhase():nnet-training.cc:278) Average objective function for 'output-xent' for minibatches 230-239 is -1.3551 over 28288 frames.
LOG (nnet3-chain-train[5.5.1009~1-e4940]:PrintStatsForThisPhase():nnet-training.cc:278) Average objective function for 'output' for minibatches 230-239 is -0.0640036 over 28288 frames.
LOG (nnet3-chain-train[5.5.1009~1-e4940]:ComputeChainObjfAndDerivE2e():chain-training.cc:162) Numerator objf: 2.01165
LOG (nnet3-chain-train[5.5.1009~1-e4940]:ComputeChainObjfAndDerivE2e():chain-training.cc:162) Numerator objf: 1.91793
LOG (nnet3-chain-train[5.5.1009~1-e4940]:ComputeChainObjfAndDerivE2e():chain-training.cc:162) Numerator objf: 1.84353
LOG (nnet3-chain-train[5.5.1009~1-e4940]:ComputeChainObjfAndDerivE2e():chain-training.cc:162) Numerator objf: 2.09466
LOG (nnet3-chain-train[5.5.1009~1-e4940]:ComputeChainObjfAndDerivE2e():chain-training.cc:162) Numerator objf: 1.88728
LOG (nnet3-chain-train[5.5.1009~1-e4940]:ComputeChainObjfAndDerivE2e():chain-training.cc:162) Numerator objf: 1.94955
LOG (nnet3-chain-train[5.5.1009~1-e4940]:ComputeChainObjfAndDerivE2e():chain-training.cc:162) Numerator objf: 1.85786
LOG (nnet3-chain-train[5.5.1009~1-e4940]:ComputeChainObjfAndDerivE2e():chain-training.cc:162) Numerator objf: 1.86929
LOG (nnet3-chain-train[5.5.1009~1-e4940]:ComputeChainObjfAndDerivE2e():chain-training.cc:162) Numerator objf: 1.99805
LOG (nnet3-chain-train[5.5.1009~1-e4940]:ComputeChainObjfAndDerivE2e():chain-training.cc:162) Numerator objf: 1.96758
LOG (nnet3-chain-train[5.5.1009~1-e4940]:PrintStatsForThisPhase():nnet-training.cc:278) Average objective function for 'output-xent' for minibatches 240-249 is -1.34503 over 28096 frames.
LOG (nnet3-chain-train[5.5.1009~1-e4940]:PrintStatsForThisPhase():nnet-training.cc:278) Average objective function for 'output' for minibatches 240-249 is -0.0611232 over 28096 frames.
LOG (nnet3-chain-train[5.5.1009~1-e4940]:ComputeChainObjfAndDerivE2e():chain-training.cc:162) Numerator objf: 1.93823
LOG (nnet3-chain-train[5.5.1009~1-e4940]:ComputeChainObjfAndDerivE2e():chain-training.cc:162) Numerator objf: 1.99814
LOG (nnet3-chain-train[5.5.1009~1-e4940]:ComputeChainObjfAndDerivE2e():chain-training.cc:162) Numerator objf: 1.89987
LOG (nnet3-chain-train[5.5.1009~1-e4940]:ComputeChainObjfAndDerivE2e():chain-training.cc:162) Numerator objf: 2.03213
LOG (nnet3-chain-train[5.5.1009~1-e4940]:ComputeChainObjfAndDerivE2e():chain-training.cc:162) Numerator objf: 1.92751
LOG (nnet3-chain-train[5.5.1009~1-e4940]:ComputeChainObjfAndDerivE2e():chain-training.cc:162) Numerator objf: 1.87644
LOG (nnet3-chain-train[5.5.1009~1-e4940]:ComputeChainObjfAndDerivE2e():chain-training.cc:162) Numerator objf: 1.97498
LOG (nnet3-chain-train[5.5.1009~1-e4940]:ComputeChainObjfAndDerivE2e():chain-training.cc:162) Numerator objf: 1.93203
LOG (nnet3-chain-train[5.5.1009~1-e4940]:ComputeChainObjfAndDerivE2e():chain-training.cc:162) Numerator objf: 1.9498
LOG (nnet3-chain-train[5.5.1009~1-e4940]:ComputeChainObjfAndDerivE2e():chain-training.cc:162) Numerator objf: 1.87828
LOG (nnet3-chain-train[5.5.1009~1-e4940]:PrintStatsForThisPhase():nnet-training.cc:278) Average objective function for 'output-xent' for minibatches 250-259 is -1.30824 over 28288 frames.
LOG (nnet3-chain-train[5.5.1009~1-e4940]:PrintStatsForThisPhase():nnet-training.cc:278) Average objective function for 'output' for minibatches 250-259 is -0.0601634 over 28288 frames.
LOG (nnet3-chain-train[5.5.1009~1-e4940]:ComputeChainObjfAndDerivE2e():chain-training.cc:162) Numerator objf: 1.93423
LOG (nnet3-chain-train[5.5.1009~1-e4940]:ComputeChainObjfAndDerivE2e():chain-training.cc:162) Numerator objf: 1.89502
LOG (nnet3-chain-train[5.5.1009~1-e4940]:ComputeChainObjfAndDerivE2e():chain-training.cc:162) Numerator objf: 1.91265
LOG (nnet3-chain-train[5.5.1009~1-e4940]:ComputeChainObjfAndDerivE2e():chain-training.cc:162) Numerator objf: 1.98824
LOG (nnet3-chain-train[5.5.1009~1-e4940]:ComputeChainObjfAndDerivE2e():chain-training.cc:162) Numerator objf: 1.93549
LOG (nnet3-chain-train[5.5.1009~1-e4940]:ComputeChainObjfAndDerivE2e():chain-training.cc:162) Numerator objf: 1.91617
LOG (nnet3-chain-train[5.5.1009~1-e4940]:ComputeChainObjfAndDerivE2e():chain-training.cc:162) Numerator objf: 1.89566
LOG (nnet3-chain-train[5.5.1009~1-e4940]:ComputeChainObjfAndDerivE2e():chain-training.cc:162) Numerator objf: 1.92103
LOG (nnet3-chain-train[5.5.1009~1-e4940]:ComputeChainObjfAndDerivE2e():chain-training.cc:162) Numerator objf: 1.98927
LOG (nnet3-chain-train[5.5.1009~1-e4940]:ComputeChainObjfAndDerivE2e():chain-training.cc:162) Numerator objf: 1.93839
LOG (nnet3-chain-train[5.5.1009~1-e4940]:PrintStatsForThisPhase():nnet-training.cc:278) Average objective function for 'output-xent' for minibatches 260-269 is -1.33882 over 28096 frames.
LOG (nnet3-chain-train[5.5.1009~1-e4940]:PrintStatsForThisPhase():nnet-training.cc:278) Average objective function for 'output' for minibatches 260-269 is -0.0624202 over 28096 frames.
LOG (nnet3-chain-train[5.5.1009~1-e4940]:ComputeChainObjfAndDerivE2e():chain-training.cc:162) Numerator objf: 1.87155
LOG (nnet3-chain-train[5.5.1009~1-e4940]:ComputeChainObjfAndDerivE2e():chain-training.cc:162) Numerator objf: 2.01381
LOG (nnet3-chain-train[5.5.1009~1-e4940]:ComputeChainObjfAndDerivE2e():chain-training.cc:162) Numerator objf: 1.96934
LOG (nnet3-chain-train[5.5.1009~1-e4940]:ComputeChainObjfAndDerivE2e():chain-training.cc:162) Numerator objf: 1.93422
LOG (nnet3-chain-train[5.5.1009~1-e4940]:ComputeChainObjfAndDerivE2e():chain-training.cc:162) Numerator objf: 1.84787
LOG (nnet3-chain-train[5.5.1009~1-e4940]:ComputeChainObjfAndDerivE2e():chain-training.cc:162) Numerator objf: 1.99314
LOG (nnet3-chain-train[5.5.1009~1-e4940]:ComputeChainObjfAndDerivE2e():chain-training.cc:162) Numerator objf: 1.83841
LOG (nnet3-chain-train[5.5.1009~1-e4940]:ComputeChainObjfAndDerivE2e():chain-training.cc:162) Numerator objf: 1.9684
LOG (nnet3-chain-train[5.5.1009~1-e4940]:ComputeChainObjfAndDerivE2e():chain-training.cc:162) Numerator objf: 1.89941
LOG (nnet3-chain-train[5.5.1009~1-e4940]:ComputeChainObjfAndDerivE2e():chain-training.cc:162) Numerator objf: 1.8778
LOG (nnet3-chain-train[5.5.1009~1-e4940]:PrintStatsForThisPhase():nnet-training.cc:278) Average objective function for 'output-xent' for minibatches 270-279 is -1.34591 over 28288 frames.
LOG (nnet3-chain-train[5.5.1009~1-e4940]:PrintStatsForThisPhase():nnet-training.cc:278) Average objective function for 'output' for minibatches 270-279 is -0.0577765 over 28288 frames.
LOG (nnet3-chain-train[5.5.1009~1-e4940]:ComputeChainObjfAndDerivE2e():chain-training.cc:162) Numerator objf: 1.93536
LOG (nnet3-chain-train[5.5.1009~1-e4940]:ComputeChainObjfAndDerivE2e():chain-training.cc:162) Numerator objf: 1.88627
LOG (nnet3-chain-train[5.5.1009~1-e4940]:ComputeChainObjfAndDerivE2e():chain-training.cc:162) Numerator objf: 1.81357
LOG (nnet3-chain-train[5.5.1009~1-e4940]:ComputeChainObjfAndDerivE2e():chain-training.cc:162) Numerator objf: 1.99765
LOG (nnet3-chain-train[5.5.1009~1-e4940]:ComputeChainObjfAndDerivE2e():chain-training.cc:162) Numerator objf: 1.85807
LOG (nnet3-chain-train[5.5.1009~1-e4940]:ComputeChainObjfAndDerivE2e():chain-training.cc:162) Numerator objf: 1.93839
LOG (nnet3-chain-train[5.5.1009~1-e4940]:ComputeChainObjfAndDerivE2e():chain-training.cc:162) Numerator objf: 1.93505
LOG (nnet3-chain-train[5.5.1009~1-e4940]:ComputeChainObjfAndDerivE2e():chain-training.cc:162) Numerator objf: 1.9267
LOG (nnet3-chain-train[5.5.1009~1-e4940]:ComputeChainObjfAndDerivE2e():chain-training.cc:162) Numerator objf: 1.83843
LOG (nnet3-chain-train[5.5.1009~1-e4940]:ComputeChainObjfAndDerivE2e():chain-training.cc:162) Numerator objf: 1.93999
LOG (nnet3-chain-train[5.5.1009~1-e4940]:PrintStatsForThisPhase():nnet-training.cc:278) Average objective function for 'output-xent' for minibatches 280-289 is -1.3346 over 29120 frames.
LOG (nnet3-chain-train[5.5.1009~1-e4940]:PrintStatsForThisPhase():nnet-training.cc:278) Average objective function for 'output' for minibatches 280-289 is -0.0573139 over 29120 frames.
LOG (nnet3-chain-train[5.5.1009~1-e4940]:ComputeChainObjfAndDerivE2e():chain-training.cc:162) Numerator objf: 1.89153
LOG (nnet3-chain-train[5.5.1009~1-e4940]:ComputeChainObjfAndDerivE2e():chain-training.cc:162) Numerator objf: 1.96714
LOG (nnet3-chain-train[5.5.1009~1-e4940]:ComputeChainObjfAndDerivE2e():chain-training.cc:162) Numerator objf: 1.86478
LOG (nnet3-chain-train[5.5.1009~1-e4940]:ComputeChainObjfAndDerivE2e():chain-training.cc:162) Numerator objf: 1.84729
LOG (nnet3-chain-train[5.5.1009~1-e4940]:ComputeChainObjfAndDerivE2e():chain-training.cc:162) Numerator objf: 1.91621
LOG (nnet3-chain-train[5.5.1009~1-e4940]:ComputeChainObjfAndDerivE2e():chain-training.cc:162) Numerator objf: 1.85631
LOG (nnet3-chain-train[5.5.1009~1-e4940]:ComputeChainObjfAndDerivE2e():chain-training.cc:162) Numerator objf: 1.85568
LOG (nnet3-chain-train[5.5.1009~1-e4940]:ComputeChainObjfAndDerivE2e():chain-training.cc:162) Numerator objf: 1.99602
LOG (nnet3-chain-train[5.5.1009~1-e4940]:ComputeChainObjfAndDerivE2e():chain-training.cc:162) Numerator objf: 1.97322
LOG (nnet3-chain-train[5.5.1009~1-e4940]:ComputeChainObjfAndDerivE2e():chain-training.cc:162) Numerator objf: 1.83815
LOG (nnet3-chain-train[5.5.1009~1-e4940]:PrintStatsForThisPhase():nnet-training.cc:278) Average objective function for 'output-xent' for minibatches 290-299 is -1.3555 over 27264 frames.
LOG (nnet3-chain-train[5.5.1009~1-e4940]:PrintStatsForThisPhase():nnet-training.cc:278) Average objective function for 'output' for minibatches 290-299 is -0.0652139 over 27264 frames.
LOG (nnet3-chain-train[5.5.1009~1-e4940]:ComputeChainObjfAndDerivE2e():chain-training.cc:162) Numerator objf: 1.83973
LOG (nnet3-chain-train[5.5.1009~1-e4940]:ComputeChainObjfAndDerivE2e():chain-training.cc:162) Numerator objf: 1.77111
LOG (nnet3-chain-train[5.5.1009~1-e4940]:ComputeChainObjfAndDerivE2e():chain-training.cc:162) Numerator objf: 1.89259
LOG (nnet3-chain-train[5.5.1009~1-e4940]:ComputeChainObjfAndDerivE2e():chain-training.cc:162) Numerator objf: 1.86522
LOG (nnet3-chain-train[5.5.1009~1-e4940]:ComputeChainObjfAndDerivE2e():chain-training.cc:162) Numerator objf: 2.01648
LOG (nnet3-chain-train[5.5.1009~1-e4940]:ComputeChainObjfAndDerivE2e():chain-training.cc:162) Numerator objf: 1.87731
LOG (nnet3-chain-train[5.5.1009~1-e4940]:ComputeChainObjfAndDerivE2e():chain-training.cc:162) Numerator objf: 1.98326
LOG (nnet3-chain-train[5.5.1009~1-e4940]:ComputeChainObjfAndDerivE2e():chain-training.cc:162) Numerator objf: 1.88818
LOG (nnet3-chain-train[5.5.1009~1-e4940]:ComputeChainObjfAndDerivE2e():chain-training.cc:162) Numerator objf: 1.82313
LOG (nnet3-chain-train[5.5.1009~1-e4940]:ComputeChainObjfAndDerivE2e():chain-training.cc:162) Numerator objf: 1.91817
LOG (nnet3-chain-train[5.5.1009~1-e4940]:PrintStatsForThisPhase():nnet-training.cc:278) Average objective function for 'output-xent' for minibatches 300-309 is -1.34182 over 29120 frames.
LOG (nnet3-chain-train[5.5.1009~1-e4940]:PrintStatsForThisPhase():nnet-training.cc:278) Average objective function for 'output' for minibatches 300-309 is -0.0585318 over 29120 frames.
LOG (nnet3-chain-train[5.5.1009~1-e4940]:ComputeChainObjfAndDerivE2e():chain-training.cc:162) Numerator objf: 1.93267
LOG (nnet3-chain-train[5.5.1009~1-e4940]:ComputeChainObjfAndDerivE2e():chain-training.cc:162) Numerator objf: 1.87162
LOG (nnet3-chain-train[5.5.1009~1-e4940]:ComputeChainObjfAndDerivE2e():chain-training.cc:162) Numerator objf: 1.91043
LOG (nnet3-chain-train[5.5.1009~1-e4940]:ComputeChainObjfAndDerivE2e():chain-training.cc:162) Numerator objf: 1.7644
LOG (nnet3-chain-train[5.5.1009~1-e4940]:ComputeChainObjfAndDerivE2e():chain-training.cc:162) Numerator objf: 1.92247
LOG (nnet3-chain-train[5.5.1009~1-e4940]:ComputeChainObjfAndDerivE2e():chain-training.cc:162) Numerator objf: 1.88801
LOG (nnet3-chain-train[5.5.1009~1-e4940]:ComputeChainObjfAndDerivE2e():chain-training.cc:162) Numerator objf: 1.86557
LOG (nnet3-chain-train[5.5.1009~1-e4940]:ComputeChainObjfAndDerivE2e():chain-training.cc:162) Numerator objf: 1.97864
LOG (nnet3-chain-train[5.5.1009~1-e4940]:ComputeChainObjfAndDerivE2e():chain-training.cc:162) Numerator objf: 1.90384
LOG (nnet3-chain-train[5.5.1009~1-e4940]:ComputeChainObjfAndDerivE2e():chain-training.cc:162) Numerator objf: 1.89152
LOG (nnet3-chain-train[5.5.1009~1-e4940]:PrintStatsForThisPhase():nnet-training.cc:278) Average objective function for 'output-xent' for minibatches 310-319 is -1.34531 over 28096 frames.
LOG (nnet3-chain-train[5.5.1009~1-e4940]:PrintStatsForThisPhase():nnet-training.cc:278) Average objective function for 'output' for minibatches 310-319 is -0.0647742 over 28096 frames.
LOG (nnet3-chain-train[5.5.1009~1-e4940]:ComputeChainObjfAndDerivE2e():chain-training.cc:162) Numerator objf: 2.00517
LOG (nnet3-chain-train[5.5.1009~1-e4940]:ComputeChainObjfAndDerivE2e():chain-training.cc:162) Numerator objf: 1.90222
LOG (nnet3-chain-train[5.5.1009~1-e4940]:ComputeChainObjfAndDerivE2e():chain-training.cc:162) Numerator objf: 2.01899
LOG (nnet3-chain-train[5.5.1009~1-e4940]:ComputeChainObjfAndDerivE2e():chain-training.cc:162) Numerator objf: 1.84087
LOG (nnet3-chain-train[5.5.1009~1-e4940]:ComputeChainObjfAndDerivE2e():chain-training.cc:162) Numerator objf: 1.82636
LOG (nnet3-chain-train[5.5.1009~1-e4940]:ComputeChainObjfAndDerivE2e():chain-training.cc:162) Numerator objf: 1.82767
LOG (nnet3-chain-train[5.5.1009~1-e4940]:ComputeChainObjfAndDerivE2e():chain-training.cc:162) Numerator objf: 1.97634
LOG (nnet3-chain-train[5.5.1009~1-e4940]:ComputeChainObjfAndDerivE2e():chain-training.cc:162) Numerator objf: 2.00126
LOG (nnet3-chain-train[5.5.1009~1-e4940]:ComputeChainObjfAndDerivE2e():chain-training.cc:162) Numerator objf: 1.75124
LOG (nnet3-chain-train[5.5.1009~1-e4940]:ComputeChainObjfAndDerivE2e():chain-training.cc:162) Numerator objf: 1.79439
LOG (nnet3-chain-train[5.5.1009~1-e4940]:PrintStatsForThisPhase():nnet-training.cc:278) Average objective function for 'output-xent' for minibatches 320-329 is -1.42605 over 28288 frames.
LOG (nnet3-chain-train[5.5.1009~1-e4940]:PrintStatsForThisPhase():nnet-training.cc:278) Average objective function for 'output' for minibatches 320-329 is -0.0642819 over 28288 frames.
LOG (nnet3-chain-train[5.5.1009~1-e4940]:ComputeChainObjfAndDerivE2e():chain-training.cc:162) Numerator objf: 1.94204
LOG (nnet3-chain-train[5.5.1009~1-e4940]:ComputeChainObjfAndDerivE2e():chain-training.cc:162) Numerator objf: 1.75223
LOG (nnet3-chain-train[5.5.1009~1-e4940]:ComputeChainObjfAndDerivE2e():chain-training.cc:162) Numerator objf: 1.82796
LOG (nnet3-chain-train[5.5.1009~1-e4940]:ComputeChainObjfAndDerivE2e():chain-training.cc:162) Numerator objf: 1.81572
LOG (nnet3-chain-train[5.5.1009~1-e4940]:ComputeChainObjfAndDerivE2e():chain-training.cc:162) Numerator objf: 1.8116
LOG (nnet3-chain-train[5.5.1009~1-e4940]:ComputeChainObjfAndDerivE2e():chain-training.cc:162) Numerator objf: 1.92179
LOG (nnet3-chain-train[5.5.1009~1-e4940]:ComputeChainObjfAndDerivE2e():chain-training.cc:162) Numerator objf: 1.83771
LOG (nnet3-chain-train[5.5.1009~1-e4940]:ComputeChainObjfAndDerivE2e():chain-training.cc:162) Numerator objf: 1.95685
LOG (nnet3-chain-train[5.5.1009~1-e4940]:ComputeChainObjfAndDerivE2e():chain-training.cc:162) Numerator objf: 1.90373
LOG (nnet3-chain-train[5.5.1009~1-e4940]:ComputeChainObjfAndDerivE2e():chain-training.cc:162) Numerator objf: 1.99841
LOG (nnet3-chain-train[5.5.1009~1-e4940]:PrintStatsForThisPhase():nnet-training.cc:278) Average objective function for 'output-xent' for minibatches 330-339 is -1.37619 over 28288 frames.
LOG (nnet3-chain-train[5.5.1009~1-e4940]:PrintStatsForThisPhase():nnet-training.cc:278) Average objective function for 'output' for minibatches 330-339 is -0.0635022 over 28288 frames.
LOG (nnet3-chain-train[5.5.1009~1-e4940]:ComputeChainObjfAndDerivE2e():chain-training.cc:162) Numerator objf: 1.87642
LOG (nnet3-chain-train[5.5.1009~1-e4940]:ComputeChainObjfAndDerivE2e():chain-training.cc:162) Numerator objf: 1.89691
LOG (nnet3-chain-train[5.5.1009~1-e4940]:ComputeChainObjfAndDerivE2e():chain-training.cc:162) Numerator objf: 1.85199
LOG (nnet3-chain-train[5.5.1009~1-e4940]:ComputeChainObjfAndDerivE2e():chain-training.cc:162) Numerator objf: 2.04239
LOG (nnet3-chain-train[5.5.1009~1-e4940]:ComputeChainObjfAndDerivE2e():chain-training.cc:162) Numerator objf: 1.90751
LOG (nnet3-chain-train[5.5.1009~1-e4940]:ComputeChainObjfAndDerivE2e():chain-training.cc:162) Numerator objf: 2.00558
LOG (nnet3-chain-train[5.5.1009~1-e4940]:ComputeChainObjfAndDerivE2e():chain-training.cc:162) Numerator objf: 1.87886
LOG (nnet3-chain-train[5.5.1009~1-e4940]:ComputeChainObjfAndDerivE2e():chain-training.cc:162) Numerator objf: 1.9927
LOG (nnet3-chain-train[5.5.1009~1-e4940]:ComputeChainObjfAndDerivE2e():chain-training.cc:162) Numerator objf: 2.00792
LOG (nnet3-chain-train[5.5.1009~1-e4940]:ComputeChainObjfAndDerivE2e():chain-training.cc:162) Numerator objf: 1.92757
LOG (nnet3-chain-train[5.5.1009~1-e4940]:PrintStatsForThisPhase():nnet-training.cc:278) Average objective function for 'output-xent' for minibatches 340-349 is -1.31073 over 28096 frames.
LOG (nnet3-chain-train[5.5.1009~1-e4940]:PrintStatsForThisPhase():nnet-training.cc:278) Average objective function for 'output' for minibatches 340-349 is -0.0605906 over 28096 frames.
LOG (nnet3-chain-train[5.5.1009~1-e4940]:ComputeChainObjfAndDerivE2e():chain-training.cc:162) Numerator objf: 2.00915
LOG (nnet3-chain-train[5.5.1009~1-e4940]:ComputeChainObjfAndDerivE2e():chain-training.cc:162) Numerator objf: 1.84685
LOG (nnet3-chain-train[5.5.1009~1-e4940]:ComputeChainObjfAndDerivE2e():chain-training.cc:162) Numerator objf: 1.89839
LOG (nnet3-chain-train[5.5.1009~1-e4940]:ComputeChainObjfAndDerivE2e():chain-training.cc:162) Numerator objf: 1.85836
LOG (nnet3-chain-train[5.5.1009~1-e4940]:ComputeChainObjfAndDerivE2e():chain-training.cc:162) Numerator objf: 1.85562
LOG (nnet3-chain-train[5.5.1009~1-e4940]:ComputeChainObjfAndDerivE2e():chain-training.cc:162) Numerator objf: 1.91244
LOG (nnet3-chain-train[5.5.1009~1-e4940]:ComputeChainObjfAndDerivE2e():chain-training.cc:162) Numerator objf: 1.92334
LOG (nnet3-chain-train[5.5.1009~1-e4940]:ComputeChainObjfAndDerivE2e():chain-training.cc:162) Numerator objf: 1.85955
LOG (nnet3-chain-train[5.5.1009~1-e4940]:ComputeChainObjfAndDerivE2e():chain-training.cc:162) Numerator objf: 1.92783
LOG (nnet3-chain-train[5.5.1009~1-e4940]:ComputeChainObjfAndDerivE2e():chain-training.cc:162) Numerator objf: 1.9094
LOG (nnet3-chain-train[5.5.1009~1-e4940]:PrintStatsForThisPhase():nnet-training.cc:278) Average objective function for 'output-xent' for minibatches 350-359 is -1.39386 over 28288 frames.
LOG (nnet3-chain-train[5.5.1009~1-e4940]:PrintStatsForThisPhase():nnet-training.cc:278) Average objective function for 'output' for minibatches 350-359 is -0.0702337 over 28288 frames.
LOG (nnet3-chain-train[5.5.1009~1-e4940]:ComputeChainObjfAndDerivE2e():chain-training.cc:162) Numerator objf: 1.97791
LOG (nnet3-chain-train[5.5.1009~1-e4940]:ComputeChainObjfAndDerivE2e():chain-training.cc:162) Numerator objf: 1.95344
LOG (nnet3-chain-train[5.5.1009~1-e4940]:ComputeChainObjfAndDerivE2e():chain-training.cc:162) Numerator objf: 1.87761
LOG (nnet3-chain-train[5.5.1009~1-e4940]:ComputeChainObjfAndDerivE2e():chain-training.cc:162) Numerator objf: 2.01836
LOG (nnet3-chain-train[5.5.1009~1-e4940]:ComputeChainObjfAndDerivE2e():chain-training.cc:162) Numerator objf: 1.87301
LOG (nnet3-chain-train[5.5.1009~1-e4940]:ComputeChainObjfAndDerivE2e():chain-training.cc:162) Numerator objf: 1.92483
LOG (nnet3-chain-train[5.5.1009~1-e4940]:ComputeChainObjfAndDerivE2e():chain-training.cc:162) Numerator objf: 1.77245
LOG (nnet3-chain-train[5.5.1009~1-e4940]:ComputeChainObjfAndDerivE2e():chain-training.cc:162) Numerator objf: 1.84633
LOG (nnet3-chain-train[5.5.1009~1-e4940]:ComputeChainObjfAndDerivE2e():chain-training.cc:162) Numerator objf: 1.96957
LOG (nnet3-chain-train[5.5.1009~1-e4940]:ComputeChainObjfAndDerivE2e():chain-training.cc:162) Numerator objf: 1.764
LOG (nnet3-chain-train[5.5.1009~1-e4940]:PrintStatsForThisPhase():nnet-training.cc:278) Average objective function for 'output-xent' for minibatches 360-369 is -1.38053 over 28096 frames.
LOG (nnet3-chain-train[5.5.1009~1-e4940]:PrintStatsForThisPhase():nnet-training.cc:278) Average objective function for 'output' for minibatches 360-369 is -0.0698527 over 28096 frames.
LOG (nnet3-chain-train[5.5.1009~1-e4940]:ComputeChainObjfAndDerivE2e():chain-training.cc:162) Numerator objf: 1.81985
LOG (nnet3-chain-train[5.5.1009~1-e4940]:ComputeChainObjfAndDerivE2e():chain-training.cc:162) Numerator objf: 1.78858
LOG (nnet3-chain-train[5.5.1009~1-e4940]:ComputeChainObjfAndDerivE2e():chain-training.cc:162) Numerator objf: 1.97676
LOG (nnet3-chain-train[5.5.1009~1-e4940]:ComputeChainObjfAndDerivE2e():chain-training.cc:162) Numerator objf: 1.80789
LOG (nnet3-chain-train[5.5.1009~1-e4940]:ComputeChainObjfAndDerivE2e():chain-training.cc:162) Numerator objf: 1.85934
LOG (nnet3-chain-train[5.5.1009~1-e4940]:ComputeChainObjfAndDerivE2e():chain-training.cc:162) Numerator objf: 2.03013
LOG (nnet3-chain-train[5.5.1009~1-e4940]:ComputeChainObjfAndDerivE2e():chain-training.cc:162) Numerator objf: 1.82947
LOG (nnet3-chain-train[5.5.1009~1-e4940]:ComputeChainObjfAndDerivE2e():chain-training.cc:162) Numerator objf: 1.95176
LOG (nnet3-chain-train[5.5.1009~1-e4940]:ComputeChainObjfAndDerivE2e():chain-training.cc:162) Numerator objf: 1.88153
LOG (nnet3-chain-train[5.5.1009~1-e4940]:ComputeChainObjfAndDerivE2e():chain-training.cc:162) Numerator objf: 1.85172
LOG (nnet3-chain-train[5.5.1009~1-e4940]:PrintStatsForThisPhase():nnet-training.cc:278) Average objective function for 'output-xent' for minibatches 370-379 is -1.40246 over 28288 frames.
LOG (nnet3-chain-train[5.5.1009~1-e4940]:PrintStatsForThisPhase():nnet-training.cc:278) Average objective function for 'output' for minibatches 370-379 is -0.0646536 over 28288 frames.
LOG (nnet3-chain-train[5.5.1009~1-e4940]:ComputeChainObjfAndDerivE2e():chain-training.cc:162) Numerator objf: 1.92929
LOG (nnet3-chain-train[5.5.1009~1-e4940]:ComputeChainObjfAndDerivE2e():chain-training.cc:162) Numerator objf: 1.81394
LOG (nnet3-chain-train[5.5.1009~1-e4940]:ComputeChainObjfAndDerivE2e():chain-training.cc:162) Numerator objf: 1.84531
LOG (nnet3-chain-train[5.5.1009~1-e4940]:ComputeChainObjfAndDerivE2e():chain-training.cc:162) Numerator objf: 1.92874
LOG (nnet3-chain-train[5.5.1009~1-e4940]:ComputeChainObjfAndDerivE2e():chain-training.cc:162) Numerator objf: 1.89708
LOG (nnet3-chain-train[5.5.1009~1-e4940]:ComputeChainObjfAndDerivE2e():chain-training.cc:162) Numerator objf: 1.85373
LOG (nnet3-chain-train[5.5.1009~1-e4940]:ComputeChainObjfAndDerivE2e():chain-training.cc:162) Numerator objf: 1.87687
LOG (nnet3-chain-train[5.5.1009~1-e4940]:ComputeChainObjfAndDerivE2e():chain-training.cc:162) Numerator objf: 1.92491
LOG (nnet3-chain-train[5.5.1009~1-e4940]:ComputeChainObjfAndDerivE2e():chain-training.cc:162) Numerator objf: 1.96923
LOG (nnet3-chain-train[5.5.1009~1-e4940]:ComputeChainObjfAndDerivE2e():chain-training.cc:162) Numerator objf: 2.04156
LOG (nnet3-chain-train[5.5.1009~1-e4940]:PrintStatsForThisPhase():nnet-training.cc:278) Average objective function for 'output-xent' for minibatches 380-389 is -1.38453 over 28096 frames.
LOG (nnet3-chain-train[5.5.1009~1-e4940]:PrintStatsForThisPhase():nnet-training.cc:278) Average objective function for 'output' for minibatches 380-389 is -0.0586293 over 28096 frames.
LOG (nnet3-chain-train[5.5.1009~1-e4940]:ComputeChainObjfAndDerivE2e():chain-training.cc:162) Numerator objf: 1.8272
LOG (nnet3-chain-train[5.5.1009~1-e4940]:ComputeChainObjfAndDerivE2e():chain-training.cc:162) Numerator objf: 1.86074
LOG (nnet3-chain-train[5.5.1009~1-e4940]:ComputeChainObjfAndDerivE2e():chain-training.cc:162) Numerator objf: 1.95865
LOG (nnet3-chain-train[5.5.1009~1-e4940]:ComputeChainObjfAndDerivE2e():chain-training.cc:162) Numerator objf: 1.8174
LOG (nnet3-chain-train[5.5.1009~1-e4940]:ComputeChainObjfAndDerivE2e():chain-training.cc:162) Numerator objf: 1.87878
LOG (nnet3-chain-train[5.5.1009~1-e4940]:ComputeChainObjfAndDerivE2e():chain-training.cc:162) Numerator objf: 2.01257
LOG (nnet3-chain-train[5.5.1009~1-e4940]:ComputeChainObjfAndDerivE2e():chain-training.cc:162) Numerator objf: 1.9689
LOG (nnet3-chain-train[5.5.1009~1-e4940]:ComputeChainObjfAndDerivE2e():chain-training.cc:162) Numerator objf: 1.84352
LOG (nnet3-chain-train[5.5.1009~1-e4940]:ComputeChainObjfAndDerivE2e():chain-training.cc:162) Numerator objf: 1.95302
LOG (nnet3-chain-train[5.5.1009~1-e4940]:ComputeChainObjfAndDerivE2e():chain-training.cc:162) Numerator objf: 1.85858
LOG (nnet3-chain-train[5.5.1009~1-e4940]:PrintStatsForThisPhase():nnet-training.cc:278) Average objective function for 'output-xent' for minibatches 390-399 is -1.33646 over 28288 frames.
LOG (nnet3-chain-train[5.5.1009~1-e4940]:PrintStatsForThisPhase():nnet-training.cc:278) Average objective function for 'output' for minibatches 390-399 is -0.0601992 over 28288 frames.
LOG (nnet3-chain-train[5.5.1009~1-e4940]:ComputeChainObjfAndDerivE2e():chain-training.cc:162) Numerator objf: 1.93746
LOG (nnet3-chain-train[5.5.1009~1-e4940]:ComputeChainObjfAndDerivE2e():chain-training.cc:162) Numerator objf: 1.9102
LOG (nnet3-chain-train[5.5.1009~1-e4940]:ComputeChainObjfAndDerivE2e():chain-training.cc:162) Numerator objf: 1.88269
LOG (nnet3-chain-train[5.5.1009~1-e4940]:ComputeChainObjfAndDerivE2e():chain-training.cc:162) Numerator objf: 2.0106
LOG (nnet3-chain-train[5.5.1009~1-e4940]:ComputeChainObjfAndDerivE2e():chain-training.cc:162) Numerator objf: 1.99377
LOG (nnet3-chain-train[5.5.1009~1-e4940]:ComputeChainObjfAndDerivE2e():chain-training.cc:162) Numerator objf: 1.89008
LOG (nnet3-chain-train[5.5.1009~1-e4940]:ComputeChainObjfAndDerivE2e():chain-training.cc:162) Numerator objf: 1.87015
LOG (nnet3-chain-train[5.5.1009~1-e4940]:ComputeChainObjfAndDerivE2e():chain-training.cc:162) Numerator objf: 1.95622
LOG (nnet3-chain-train[5.5.1009~1-e4940]:ComputeChainObjfAndDerivE2e():chain-training.cc:162) Numerator objf: 1.95893
LOG (nnet3-chain-train[5.5.1009~1-e4940]:ComputeChainObjfAndDerivE2e():chain-training.cc:162) Numerator objf: 1.84981
LOG (nnet3-chain-train[5.5.1009~1-e4940]:PrintStatsForThisPhase():nnet-training.cc:278) Average objective function for 'output-xent' for minibatches 400-409 is -1.38906 over 28096 frames.
LOG (nnet3-chain-train[5.5.1009~1-e4940]:PrintStatsForThisPhase():nnet-training.cc:278) Average objective function for 'output' for minibatches 400-409 is -0.0613039 over 28096 frames.
LOG (nnet3-chain-train[5.5.1009~1-e4940]:ComputeChainObjfAndDerivE2e():chain-training.cc:162) Numerator objf: 2.0077
LOG (nnet3-chain-train[5.5.1009~1-e4940]:ComputeChainObjfAndDerivE2e():chain-training.cc:162) Numerator objf: 1.93829
LOG (nnet3-chain-train[5.5.1009~1-e4940]:ComputeChainObjfAndDerivE2e():chain-training.cc:162) Numerator objf: 1.87163
LOG (nnet3-chain-train[5.5.1009~1-e4940]:ComputeChainObjfAndDerivE2e():chain-training.cc:162) Numerator objf: 1.89744
LOG (nnet3-chain-train[5.5.1009~1-e4940]:ComputeChainObjfAndDerivE2e():chain-training.cc:162) Numerator objf: 1.96436
LOG (nnet3-chain-train[5.5.1009~1-e4940]:ComputeChainObjfAndDerivE2e():chain-training.cc:162) Numerator objf: 1.95962
LOG (nnet3-chain-train[5.5.1009~1-e4940]:ComputeChainObjfAndDerivE2e():chain-training.cc:162) Numerator objf: 1.92158
LOG (nnet3-chain-train[5.5.1009~1-e4940]:ComputeChainObjfAndDerivE2e():chain-training.cc:162) Numerator objf: 1.97989
LOG (nnet3-chain-train[5.5.1009~1-e4940]:ComputeChainObjfAndDerivE2e():chain-training.cc:162) Numerator objf: 1.88013
LOG (nnet3-chain-train[5.5.1009~1-e4940]:ComputeChainObjfAndDerivE2e():chain-training.cc:162) Numerator objf: 1.98653
LOG (nnet3-chain-train[5.5.1009~1-e4940]:PrintStatsForThisPhase():nnet-training.cc:278) Average objective function for 'output-xent' for minibatches 410-419 is -1.34688 over 28288 frames.
LOG (nnet3-chain-train[5.5.1009~1-e4940]:PrintStatsForThisPhase():nnet-training.cc:278) Average objective function for 'output' for minibatches 410-419 is -0.0606018 over 28288 frames.
LOG (nnet3-chain-train[5.5.1009~1-e4940]:ComputeChainObjfAndDerivE2e():chain-training.cc:162) Numerator objf: 1.93918
LOG (nnet3-chain-train[5.5.1009~1-e4940]:ComputeChainObjfAndDerivE2e():chain-training.cc:162) Numerator objf: 1.91299
LOG (nnet3-chain-train[5.5.1009~1-e4940]:ComputeChainObjfAndDerivE2e():chain-training.cc:162) Numerator objf: 1.97539
LOG (nnet3-chain-train[5.5.1009~1-e4940]:ComputeChainObjfAndDerivE2e():chain-training.cc:162) Numerator objf: 1.89565
LOG (nnet3-chain-train[5.5.1009~1-e4940]:ComputeChainObjfAndDerivE2e():chain-training.cc:162) Numerator objf: 2.02039
LOG (nnet3-chain-train[5.5.1009~1-e4940]:ComputeChainObjfAndDerivE2e():chain-training.cc:162) Numerator objf: 1.9526
LOG (nnet3-chain-train[5.5.1009~1-e4940]:ComputeChainObjfAndDerivE2e():chain-training.cc:162) Numerator objf: 1.9527
LOG (nnet3-chain-train[5.5.1009~1-e4940]:ComputeChainObjfAndDerivE2e():chain-training.cc:162) Numerator objf: 1.92078
LOG (nnet3-chain-train[5.5.1009~1-e4940]:ComputeChainObjfAndDerivE2e():chain-training.cc:162) Numerator objf: 1.84491
LOG (nnet3-chain-train[5.5.1009~1-e4940]:ComputeChainObjfAndDerivE2e():chain-training.cc:162) Numerator objf: 1.9292
LOG (nnet3-chain-train[5.5.1009~1-e4940]:PrintStatsForThisPhase():nnet-training.cc:278) Average objective function for 'output-xent' for minibatches 420-429 is -1.34086 over 28096 frames.
LOG (nnet3-chain-train[5.5.1009~1-e4940]:PrintStatsForThisPhase():nnet-training.cc:278) Average objective function for 'output' for minibatches 420-429 is -0.0590495 over 28096 frames.
LOG (nnet3-chain-train[5.5.1009~1-e4940]:ComputeChainObjfAndDerivE2e():chain-training.cc:162) Numerator objf: 1.83218
LOG (nnet3-chain-train[5.5.1009~1-e4940]:ComputeChainObjfAndDerivE2e():chain-training.cc:162) Numerator objf: 1.97488
LOG (nnet3-chain-train[5.5.1009~1-e4940]:ComputeChainObjfAndDerivE2e():chain-training.cc:162) Numerator objf: 1.95676
LOG (nnet3-chain-train[5.5.1009~1-e4940]:ComputeChainObjfAndDerivE2e():chain-training.cc:162) Numerator objf: 1.85724
LOG (nnet3-chain-train[5.5.1009~1-e4940]:ComputeChainObjfAndDerivE2e():chain-training.cc:162) Numerator objf: 1.88846
LOG (nnet3-chain-train[5.5.1009~1-e4940]:ComputeChainObjfAndDerivE2e():chain-training.cc:162) Numerator objf: 1.84243
LOG (nnet3-chain-copy-egs[5.5.1009~1-e4940]:main():nnet3-chain-copy-egs.cc:395) Read 33180 neural-network training examples, wrote 33180
LOG (nnet3-chain-train[5.5.1009~1-e4940]:ComputeChainObjfAndDerivE2e():chain-training.cc:162) Numerator objf: 1.90353
LOG (nnet3-chain-train[5.5.1009~1-e4940]:ComputeChainObjfAndDerivE2e():chain-training.cc:162) Numerator objf: 1.86403
LOG (nnet3-chain-train[5.5.1009~1-e4940]:ComputeChainObjfAndDerivE2e():chain-training.cc:162) Numerator objf: 1.84205
LOG (nnet3-chain-train[5.5.1009~1-e4940]:ComputeChainObjfAndDerivE2e():chain-training.cc:162) Numerator objf: 1.88898
LOG (nnet3-chain-train[5.5.1009~1-e4940]:PrintStatsForThisPhase():nnet-training.cc:278) Average objective function for 'output-xent' for minibatches 430-439 is -1.40028 over 28288 frames.
LOG (nnet3-chain-train[5.5.1009~1-e4940]:PrintStatsForThisPhase():nnet-training.cc:278) Average objective function for 'output' for minibatches 430-439 is -0.068311 over 28288 frames.
LOG (nnet3-chain-train[5.5.1009~1-e4940]:ComputeChainObjfAndDerivE2e():chain-training.cc:162) Numerator objf: 1.83124
LOG (nnet3-chain-train[5.5.1009~1-e4940]:ComputeChainObjfAndDerivE2e():chain-training.cc:162) Numerator objf: 1.955
LOG (nnet3-chain-train[5.5.1009~1-e4940]:ComputeChainObjfAndDerivE2e():chain-training.cc:162) Numerator objf: 1.83652
LOG (nnet3-chain-train[5.5.1009~1-e4940]:ComputeChainObjfAndDerivE2e():chain-training.cc:162) Numerator objf: 2.00827
LOG (nnet3-chain-train[5.5.1009~1-e4940]:ComputeChainObjfAndDerivE2e():chain-training.cc:162) Numerator objf: 1.8229
LOG (nnet3-chain-train[5.5.1009~1-e4940]:ComputeChainObjfAndDerivE2e():chain-training.cc:162) Numerator objf: 1.812
LOG (nnet3-chain-train[5.5.1009~1-e4940]:ComputeChainObjfAndDerivE2e():chain-training.cc:162) Numerator objf: 1.93622
LOG (nnet3-chain-train[5.5.1009~1-e4940]:ComputeChainObjfAndDerivE2e():chain-training.cc:162) Numerator objf: 1.87332
LOG (nnet3-chain-train[5.5.1009~1-e4940]:ComputeChainObjfAndDerivE2e():chain-training.cc:162) Numerator objf: 1.9639
LOG (nnet3-chain-train[5.5.1009~1-e4940]:ComputeChainObjfAndDerivE2e():chain-training.cc:162) Numerator objf: 1.79801
LOG (nnet3-chain-train[5.5.1009~1-e4940]:PrintStatsForThisPhase():nnet-training.cc:278) Average objective function for 'output-xent' for minibatches 440-449 is -1.32114 over 27264 frames.
LOG (nnet3-chain-train[5.5.1009~1-e4940]:PrintStatsForThisPhase():nnet-training.cc:278) Average objective function for 'output' for minibatches 440-449 is -0.0638569 over 27264 frames.
LOG (nnet3-chain-train[5.5.1009~1-e4940]:ComputeChainObjfAndDerivE2e():chain-training.cc:162) Numerator objf: 1.85785
LOG (nnet3-chain-train[5.5.1009~1-e4940]:ComputeChainObjfAndDerivE2e():chain-training.cc:162) Numerator objf: 1.82851
LOG (nnet3-chain-train[5.5.1009~1-e4940]:ComputeChainObjfAndDerivE2e():chain-training.cc:162) Numerator objf: 1.84385
LOG (nnet3-chain-train[5.5.1009~1-e4940]:ComputeChainObjfAndDerivE2e():chain-training.cc:162) Numerator objf: 1.79439
LOG (nnet3-chain-train[5.5.1009~1-e4940]:ComputeChainObjfAndDerivE2e():chain-training.cc:162) Numerator objf: 1.89379
LOG (nnet3-chain-train[5.5.1009~1-e4940]:ComputeChainObjfAndDerivE2e():chain-training.cc:162) Numerator objf: 1.85536
LOG (nnet3-chain-train[5.5.1009~1-e4940]:ComputeChainObjfAndDerivE2e():chain-training.cc:162) Numerator objf: 1.8643
LOG (nnet3-chain-train[5.5.1009~1-e4940]:ComputeChainObjfAndDerivE2e():chain-training.cc:162) Numerator objf: 1.83403
LOG (nnet3-chain-train[5.5.1009~1-e4940]:ComputeChainObjfAndDerivE2e():chain-training.cc:162) Numerator objf: 1.85111
LOG (nnet3-chain-train[5.5.1009~1-e4940]:ComputeChainObjfAndDerivE2e():chain-training.cc:162) Numerator objf: 1.83956
LOG (nnet3-chain-train[5.5.1009~1-e4940]:PrintStatsForThisPhase():nnet-training.cc:278) Average objective function for 'output-xent' for minibatches 450-459 is -1.37924 over 28096 frames.
LOG (nnet3-chain-train[5.5.1009~1-e4940]:PrintStatsForThisPhase():nnet-training.cc:278) Average objective function for 'output' for minibatches 450-459 is -0.0635228 over 28096 frames.
LOG (nnet3-chain-train[5.5.1009~1-e4940]:ComputeChainObjfAndDerivE2e():chain-training.cc:162) Numerator objf: 1.79993
LOG (nnet3-chain-train[5.5.1009~1-e4940]:ComputeChainObjfAndDerivE2e():chain-training.cc:162) Numerator objf: 1.89953
LOG (nnet3-chain-train[5.5.1009~1-e4940]:ComputeChainObjfAndDerivE2e():chain-training.cc:162) Numerator objf: 1.94448
LOG (nnet3-chain-train[5.5.1009~1-e4940]:ComputeChainObjfAndDerivE2e():chain-training.cc:162) Numerator objf: 1.85651
LOG (nnet3-chain-train[5.5.1009~1-e4940]:ComputeChainObjfAndDerivE2e():chain-training.cc:162) Numerator objf: 1.85923
LOG (nnet3-chain-train[5.5.1009~1-e4940]:ComputeChainObjfAndDerivE2e():chain-training.cc:162) Numerator objf: 1.80238
LOG (nnet3-chain-train[5.5.1009~1-e4940]:ComputeChainObjfAndDerivE2e():chain-training.cc:162) Numerator objf: 1.95691
LOG (nnet3-chain-train[5.5.1009~1-e4940]:ComputeChainObjfAndDerivE2e():chain-training.cc:162) Numerator objf: 1.8975
LOG (nnet3-chain-train[5.5.1009~1-e4940]:ComputeChainObjfAndDerivE2e():chain-training.cc:162) Numerator objf: 1.86157
LOG (nnet3-chain-train[5.5.1009~1-e4940]:ComputeChainObjfAndDerivE2e():chain-training.cc:162) Numerator objf: 1.85382
LOG (nnet3-chain-train[5.5.1009~1-e4940]:PrintStatsForThisPhase():nnet-training.cc:278) Average objective function for 'output-xent' for minibatches 460-469 is -1.41942 over 29120 frames.
LOG (nnet3-chain-train[5.5.1009~1-e4940]:PrintStatsForThisPhase():nnet-training.cc:278) Average objective function for 'output' for minibatches 460-469 is -0.0609424 over 29120 frames.
LOG (nnet3-chain-train[5.5.1009~1-e4940]:ComputeChainObjfAndDerivE2e():chain-training.cc:162) Numerator objf: 1.94465
LOG (nnet3-chain-train[5.5.1009~1-e4940]:ComputeChainObjfAndDerivE2e():chain-training.cc:162) Numerator objf: 1.92647
LOG (nnet3-chain-train[5.5.1009~1-e4940]:ComputeChainObjfAndDerivE2e():chain-training.cc:162) Numerator objf: 1.8754
LOG (nnet3-chain-train[5.5.1009~1-e4940]:ComputeChainObjfAndDerivE2e():chain-training.cc:162) Numerator objf: 1.89403
LOG (nnet3-chain-train[5.5.1009~1-e4940]:ComputeChainObjfAndDerivE2e():chain-training.cc:162) Numerator objf: 1.81537
LOG (nnet3-chain-train[5.5.1009~1-e4940]:ComputeChainObjfAndDerivE2e():chain-training.cc:162) Numerator objf: 1.98833
LOG (nnet3-chain-train[5.5.1009~1-e4940]:ComputeChainObjfAndDerivE2e():chain-training.cc:162) Numerator objf: 1.8773
LOG (nnet3-chain-train[5.5.1009~1-e4940]:ComputeChainObjfAndDerivE2e():chain-training.cc:162) Numerator objf: 1.91918
LOG (nnet3-chain-train[5.5.1009~1-e4940]:ComputeChainObjfAndDerivE2e():chain-training.cc:162) Numerator objf: 1.84889
LOG (nnet3-chain-train[5.5.1009~1-e4940]:ComputeChainObjfAndDerivE2e():chain-training.cc:162) Numerator objf: 1.78142
LOG (nnet3-chain-train[5.5.1009~1-e4940]:PrintStatsForThisPhase():nnet-training.cc:278) Average objective function for 'output-xent' for minibatches 470-479 is -1.41711 over 28288 frames.
LOG (nnet3-chain-train[5.5.1009~1-e4940]:PrintStatsForThisPhase():nnet-training.cc:278) Average objective function for 'output' for minibatches 470-479 is -0.0636868 over 28288 frames.
LOG (nnet3-chain-train[5.5.1009~1-e4940]:ComputeChainObjfAndDerivE2e():chain-training.cc:162) Numerator objf: 1.91159
LOG (nnet3-chain-train[5.5.1009~1-e4940]:ComputeChainObjfAndDerivE2e():chain-training.cc:162) Numerator objf: 1.85041
LOG (nnet3-chain-train[5.5.1009~1-e4940]:ComputeChainObjfAndDerivE2e():chain-training.cc:162) Numerator objf: 1.90849
LOG (nnet3-chain-train[5.5.1009~1-e4940]:ComputeChainObjfAndDerivE2e():chain-training.cc:162) Numerator objf: 1.94547
LOG (nnet3-chain-train[5.5.1009~1-e4940]:ComputeChainObjfAndDerivE2e():chain-training.cc:162) Numerator objf: 1.82803
LOG (nnet3-chain-train[5.5.1009~1-e4940]:ComputeChainObjfAndDerivE2e():chain-training.cc:162) Numerator objf: 1.93716
LOG (nnet3-chain-train[5.5.1009~1-e4940]:ComputeChainObjfAndDerivE2e():chain-training.cc:162) Numerator objf: 1.85001
LOG (nnet3-chain-train[5.5.1009~1-e4940]:ComputeChainObjfAndDerivE2e():chain-training.cc:162) Numerator objf: 1.94629
LOG (nnet3-chain-train[5.5.1009~1-e4940]:ComputeChainObjfAndDerivE2e():chain-training.cc:162) Numerator objf: 1.99324
LOG (nnet3-chain-train[5.5.1009~1-e4940]:ComputeChainObjfAndDerivE2e():chain-training.cc:162) Numerator objf: 1.86972
LOG (nnet3-chain-train[5.5.1009~1-e4940]:PrintStatsForThisPhase():nnet-training.cc:278) Average objective function for 'output-xent' for minibatches 480-489 is -1.41339 over 28096 frames.
LOG (nnet3-chain-train[5.5.1009~1-e4940]:PrintStatsForThisPhase():nnet-training.cc:278) Average objective function for 'output' for minibatches 480-489 is -0.0668531 over 28096 frames.
LOG (nnet3-chain-train[5.5.1009~1-e4940]:ComputeChainObjfAndDerivE2e():chain-training.cc:162) Numerator objf: 1.8268
LOG (nnet3-chain-train[5.5.1009~1-e4940]:ComputeChainObjfAndDerivE2e():chain-training.cc:162) Numerator objf: 1.9206
LOG (nnet3-chain-train[5.5.1009~1-e4940]:ComputeChainObjfAndDerivE2e():chain-training.cc:162) Numerator objf: 1.82983
LOG (nnet3-chain-train[5.5.1009~1-e4940]:ComputeChainObjfAndDerivE2e():chain-training.cc:162) Numerator objf: 1.92262
LOG (nnet3-chain-train[5.5.1009~1-e4940]:ComputeChainObjfAndDerivE2e():chain-training.cc:162) Numerator objf: 1.85893
LOG (nnet3-chain-train[5.5.1009~1-e4940]:ComputeChainObjfAndDerivE2e():chain-training.cc:162) Numerator objf: 1.89026
LOG (nnet3-chain-train[5.5.1009~1-e4940]:ComputeChainObjfAndDerivE2e():chain-training.cc:162) Numerator objf: 2.01296
LOG (nnet3-chain-train[5.5.1009~1-e4940]:ComputeChainObjfAndDerivE2e():chain-training.cc:162) Numerator objf: 1.89304
LOG (nnet3-chain-train[5.5.1009~1-e4940]:ComputeChainObjfAndDerivE2e():chain-training.cc:162) Numerator objf: 1.85129
LOG (nnet3-chain-train[5.5.1009~1-e4940]:ComputeChainObjfAndDerivE2e():chain-training.cc:162) Numerator objf: 2.01369
LOG (nnet3-chain-train[5.5.1009~1-e4940]:PrintStatsForThisPhase():nnet-training.cc:278) Average objective function for 'output-xent' for minibatches 490-499 is -1.35247 over 29120 frames.
LOG (nnet3-chain-train[5.5.1009~1-e4940]:PrintStatsForThisPhase():nnet-training.cc:278) Average objective function for 'output' for minibatches 490-499 is -0.0596593 over 29120 frames.
LOG (nnet3-chain-train[5.5.1009~1-e4940]:ComputeChainObjfAndDerivE2e():chain-training.cc:162) Numerator objf: 1.90674
LOG (nnet3-chain-train[5.5.1009~1-e4940]:ComputeChainObjfAndDerivE2e():chain-training.cc:162) Numerator objf: 1.94485
LOG (nnet3-chain-train[5.5.1009~1-e4940]:ComputeChainObjfAndDerivE2e():chain-training.cc:162) Numerator objf: 1.92551
LOG (nnet3-chain-train[5.5.1009~1-e4940]:ComputeChainObjfAndDerivE2e():chain-training.cc:162) Numerator objf: 1.81272
LOG (nnet3-chain-train[5.5.1009~1-e4940]:ComputeChainObjfAndDerivE2e():chain-training.cc:162) Numerator objf: 1.79677
LOG (nnet3-chain-train[5.5.1009~1-e4940]:ComputeChainObjfAndDerivE2e():chain-training.cc:162) Numerator objf: 1.94659
LOG (nnet3-chain-train[5.5.1009~1-e4940]:ComputeChainObjfAndDerivE2e():chain-training.cc:162) Numerator objf: 1.76841
LOG (nnet3-chain-train[5.5.1009~1-e4940]:ComputeChainObjfAndDerivE2e():chain-training.cc:162) Numerator objf: 1.95707
LOG (nnet3-chain-train[5.5.1009~1-e4940]:ComputeChainObjfAndDerivE2e():chain-training.cc:162) Numerator objf: 1.85203
LOG (nnet3-chain-train[5.5.1009~1-e4940]:ComputeChainObjfAndDerivE2e():chain-training.cc:162) Numerator objf: 2.00428
LOG (nnet3-chain-train[5.5.1009~1-e4940]:PrintStatsForThisPhase():nnet-training.cc:278) Average objective function for 'output-xent' for minibatches 500-509 is -1.40502 over 28288 frames.
LOG (nnet3-chain-train[5.5.1009~1-e4940]:PrintStatsForThisPhase():nnet-training.cc:278) Average objective function for 'output' for minibatches 500-509 is -0.0630781 over 28288 frames.
LOG (nnet3-chain-train[5.5.1009~1-e4940]:ComputeChainObjfAndDerivE2e():chain-training.cc:162) Numerator objf: 1.89357
LOG (nnet3-chain-train[5.5.1009~1-e4940]:ComputeChainObjfAndDerivE2e():chain-training.cc:162) Numerator objf: 1.86769
LOG (nnet3-chain-train[5.5.1009~1-e4940]:ComputeChainObjfAndDerivE2e():chain-training.cc:162) Numerator objf: 1.90343
LOG (nnet3-chain-train[5.5.1009~1-e4940]:ComputeChainObjfAndDerivE2e():chain-training.cc:162) Numerator objf: 2.00196
LOG (nnet3-chain-shuffle-egs[5.5.1009~1-e4940]:main():nnet3-chain-shuffle-egs.cc:104) Shuffled order of 33180 neural-network training examples using a buffer (partial randomization)
LOG (nnet3-chain-merge-egs[5.5.1009~1-e4940]:PrintSpecificStats():nnet-example-utils.cc:1159) Merged specific eg types as follows [format: <eg-size1>={<mb-size1>-><num-minibatches1>,<mbsize2>-><num-minibatches2>.../d=<num-discarded>},<egs-size2>={...},... (note,egs-size == number of input frames including context).
LOG (nnet3-chain-merge-egs[5.5.1009~1-e4940]:PrintSpecificStats():nnet-example-utils.cc:1189) 160={64->129,d=39},169={64->76,d=10},208={64->312,d=43}
LOG (nnet3-chain-merge-egs[5.5.1009~1-e4940]:PrintAggregateStats():nnet-example-utils.cc:1155) Processed 33180 egs of avg. size 190.3 into 517 minibatches, discarding 0.2773% of egs.  Avg minibatch size was 64, #distinct types of egs/minibatches was 3/3
LOG (nnet3-chain-train[5.5.1009~1-e4940]:ComputeChainObjfAndDerivE2e():chain-training.cc:162) Numerator objf: 1.83465
LOG (nnet3-chain-train[5.5.1009~1-e4940]:ComputeChainObjfAndDerivE2e():chain-training.cc:162) Numerator objf: 1.98037
LOG (nnet3-chain-train[5.5.1009~1-e4940]:PrintTotalStats():nnet-training.cc:317) Overall average objective function for 'output' is -0.0615854 over 1.45907e+06 frames.
LOG (nnet3-chain-train[5.5.1009~1-e4940]:PrintTotalStats():nnet-training.cc:324) [this line is to be parsed by a script:] log-prob-per-frame=-0.0615854
LOG (nnet3-chain-train[5.5.1009~1-e4940]:PrintTotalStats():nnet-training.cc:317) Overall average objective function for 'output-xent' is -1.34714 over 1.45907e+06 frames.
LOG (nnet3-chain-train[5.5.1009~1-e4940]:PrintTotalStats():nnet-training.cc:324) [this line is to be parsed by a script:] log-prob-per-frame=-1.34714
LOG (nnet3-chain-train[5.5.1009~1-e4940]:~CachingOptimizingCompiler():nnet-optimize.cc:710) 0.0297 seconds taken in nnet3 compilation total (breakdown: 0 compilation, 0 optimization, 0 shortcut expansion, 0 checking, 0 computing indexes, 0.0297 misc.) + 0.311 I/O.
LOG (nnet3-chain-train[5.5.1009~1-e4940]:main():nnet3-chain-train.cc:101) Wrote raw model to telugu_exp/chain_cleaned_1d/tdnn1d_sp/16.5.raw
# Accounting: time=2060 threads=1
# Ended (code 0) at Wed Jun 15 11:04:01 UTC 2022, elapsed time 2060 seconds
