# nnet3-chain-train --use-gpu=wait --apply-deriv-weights=False --l2-regularize=0.0 --leaky-hmm-coefficient=0.1 --read-cache=telugu_exp/chain_cleaned_1d/tdnn1d_sp/cache.5 --xent-regularize=0.1 --print-interval=10 --momentum=0.0 --max-param-change=2.0 --backstitch-training-scale=0.0 --backstitch-training-interval=1 --l2-regularize-factor=0.2 --optimization.memory-compression-level=2 --srand=5 "nnet3-am-copy --raw=true --learning-rate=0.0009541706691782371 --scale=1.0 telugu_exp/chain_cleaned_1d/tdnn1d_sp/5.mdl - |nnet3-copy --edits='set-dropout-proportion name=* proportion=0.0' - - |" telugu_exp/chain_cleaned_1d/tdnn1d_sp/den.fst "ark,bg:nnet3-chain-copy-egs                          --frame-shift=1                         ark:telugu_exp/chain_cleaned_1d/tdnn1d_sp/egs/cegs.5.ark ark:- |                         nnet3-chain-shuffle-egs --buffer-size=5000                         --srand=5 ark:- ark:- | nnet3-chain-merge-egs                         --minibatch-size=64 ark:- ark:- |" telugu_exp/chain_cleaned_1d/tdnn1d_sp/6.4.raw 
# Started at Wed Jun 15 03:42:41 UTC 2022
#
nnet3-chain-train --use-gpu=wait --apply-deriv-weights=False --l2-regularize=0.0 --leaky-hmm-coefficient=0.1 --read-cache=telugu_exp/chain_cleaned_1d/tdnn1d_sp/cache.5 --xent-regularize=0.1 --print-interval=10 --momentum=0.0 --max-param-change=2.0 --backstitch-training-scale=0.0 --backstitch-training-interval=1 --l2-regularize-factor=0.2 --optimization.memory-compression-level=2 --srand=5 "nnet3-am-copy --raw=true --learning-rate=0.0009541706691782371 --scale=1.0 telugu_exp/chain_cleaned_1d/tdnn1d_sp/5.mdl - |nnet3-copy --edits='set-dropout-proportion name=* proportion=0.0' - - |" telugu_exp/chain_cleaned_1d/tdnn1d_sp/den.fst 'ark,bg:nnet3-chain-copy-egs                          --frame-shift=1                         ark:telugu_exp/chain_cleaned_1d/tdnn1d_sp/egs/cegs.5.ark ark:- |                         nnet3-chain-shuffle-egs --buffer-size=5000                         --srand=5 ark:- ark:- | nnet3-chain-merge-egs                         --minibatch-size=64 ark:- ark:- |' telugu_exp/chain_cleaned_1d/tdnn1d_sp/6.4.raw 
WARNING (nnet3-chain-train[5.5.1009~1-e4940]:SelectGpuId():cu-device.cc:221) Will try again indefinitely every 5 seconds to get a GPU.
WARNING (nnet3-chain-train[5.5.1009~1-e4940]:SelectGpuId():cu-device.cc:229) Waited 1355 seconds before creating CUDA context
LOG (nnet3-chain-train[5.5.1009~1-e4940]:SelectGpuId():cu-device.cc:238) CUDA setup operating under Compute Exclusive Mode.
LOG (nnet3-chain-train[5.5.1009~1-e4940]:FinalizeActiveGpu():cu-device.cc:338) The active GPU is [0]: Tesla K80	free:11313M, used:127M, total:11441M, free/total:0.988856 version 3.7
nnet3-am-copy --raw=true --learning-rate=0.0009541706691782371 --scale=1.0 telugu_exp/chain_cleaned_1d/tdnn1d_sp/5.mdl - 
nnet3-copy '--edits=set-dropout-proportion name=* proportion=0.0' - - 
LOG (nnet3-am-copy[5.5.1009~1-e4940]:main():nnet3-am-copy.cc:153) Copied neural net from telugu_exp/chain_cleaned_1d/tdnn1d_sp/5.mdl to raw format as -
LOG (nnet3-copy[5.5.1009~1-e4940]:ReadEditConfig():nnet-utils.cc:1413) Set dropout proportions for 13 components.
LOG (nnet3-copy[5.5.1009~1-e4940]:main():nnet3-copy.cc:123) Copied raw neural net from - to -
LOG (nnet3-chain-train[5.5.1009~1-e4940]:NnetChainTrainer():nnet-chain-training.cc:51) Read computation cache from telugu_exp/chain_cleaned_1d/tdnn1d_sp/cache.5
nnet3-chain-copy-egs --frame-shift=1 ark:telugu_exp/chain_cleaned_1d/tdnn1d_sp/egs/cegs.5.ark ark:- 
nnet3-chain-merge-egs --minibatch-size=64 ark:- ark:- 
nnet3-chain-shuffle-egs --buffer-size=5000 --srand=5 ark:- ark:- 
LOG (nnet3-chain-train[5.5.1009~1-e4940]:ComputeChainObjfAndDerivE2e():chain-training.cc:162) Numerator objf: 1.58991
LOG (nnet3-chain-train[5.5.1009~1-e4940]:ComputeChainObjfAndDerivE2e():chain-training.cc:162) Numerator objf: 1.56747
LOG (nnet3-chain-train[5.5.1009~1-e4940]:ComputeChainObjfAndDerivE2e():chain-training.cc:162) Numerator objf: 1.54917
LOG (nnet3-chain-train[5.5.1009~1-e4940]:ComputeChainObjfAndDerivE2e():chain-training.cc:162) Numerator objf: 1.57423
LOG (nnet3-chain-train[5.5.1009~1-e4940]:ComputeChainObjfAndDerivE2e():chain-training.cc:162) Numerator objf: 1.56377
LOG (nnet3-chain-train[5.5.1009~1-e4940]:ComputeChainObjfAndDerivE2e():chain-training.cc:162) Numerator objf: 1.53485
LOG (nnet3-chain-train[5.5.1009~1-e4940]:ComputeChainObjfAndDerivE2e():chain-training.cc:162) Numerator objf: 1.63205
LOG (nnet3-chain-train[5.5.1009~1-e4940]:ComputeChainObjfAndDerivE2e():chain-training.cc:162) Numerator objf: 1.57488
LOG (nnet3-chain-train[5.5.1009~1-e4940]:ComputeChainObjfAndDerivE2e():chain-training.cc:162) Numerator objf: 1.56611
LOG (nnet3-chain-train[5.5.1009~1-e4940]:ComputeChainObjfAndDerivE2e():chain-training.cc:162) Numerator objf: 1.51169
LOG (nnet3-chain-train[5.5.1009~1-e4940]:ComputeChainObjfAndDerivE2e():chain-training.cc:162) Numerator objf: 1.55695
LOG (nnet3-chain-train[5.5.1009~1-e4940]:PrintStatsForThisPhase():nnet-training.cc:278) Average objective function for 'output-xent' for minibatches 0-9 is -1.56682 over 29120 frames.
LOG (nnet3-chain-train[5.5.1009~1-e4940]:PrintStatsForThisPhase():nnet-training.cc:278) Average objective function for 'output' for minibatches 0-9 is -0.0741953 over 29120 frames.
LOG (nnet3-chain-train[5.5.1009~1-e4940]:ComputeChainObjfAndDerivE2e():chain-training.cc:162) Numerator objf: 1.58094
LOG (nnet3-chain-train[5.5.1009~1-e4940]:ComputeChainObjfAndDerivE2e():chain-training.cc:162) Numerator objf: 1.51251
LOG (nnet3-chain-train[5.5.1009~1-e4940]:ComputeChainObjfAndDerivE2e():chain-training.cc:162) Numerator objf: 1.52365
LOG (nnet3-chain-train[5.5.1009~1-e4940]:ComputeChainObjfAndDerivE2e():chain-training.cc:162) Numerator objf: 1.58132
LOG (nnet3-chain-train[5.5.1009~1-e4940]:ComputeChainObjfAndDerivE2e():chain-training.cc:162) Numerator objf: 1.53869
LOG (nnet3-chain-train[5.5.1009~1-e4940]:ComputeChainObjfAndDerivE2e():chain-training.cc:162) Numerator objf: 1.46905
LOG (nnet3-chain-train[5.5.1009~1-e4940]:ComputeChainObjfAndDerivE2e():chain-training.cc:162) Numerator objf: 1.5792
LOG (nnet3-chain-train[5.5.1009~1-e4940]:ComputeChainObjfAndDerivE2e():chain-training.cc:162) Numerator objf: 1.55127
LOG (nnet3-chain-train[5.5.1009~1-e4940]:ComputeChainObjfAndDerivE2e():chain-training.cc:162) Numerator objf: 1.4938
LOG (nnet3-chain-train[5.5.1009~1-e4940]:ComputeChainObjfAndDerivE2e():chain-training.cc:162) Numerator objf: 1.495
LOG (nnet3-chain-train[5.5.1009~1-e4940]:PrintStatsForThisPhase():nnet-training.cc:278) Average objective function for 'output-xent' for minibatches 10-19 is -1.5212 over 27264 frames.
LOG (nnet3-chain-train[5.5.1009~1-e4940]:PrintStatsForThisPhase():nnet-training.cc:278) Average objective function for 'output' for minibatches 10-19 is -0.0710409 over 27264 frames.
LOG (nnet3-chain-train[5.5.1009~1-e4940]:ComputeChainObjfAndDerivE2e():chain-training.cc:162) Numerator objf: 1.46699
LOG (nnet3-chain-train[5.5.1009~1-e4940]:ComputeChainObjfAndDerivE2e():chain-training.cc:162) Numerator objf: 1.44842
LOG (nnet3-chain-train[5.5.1009~1-e4940]:ComputeChainObjfAndDerivE2e():chain-training.cc:162) Numerator objf: 1.45108
LOG (nnet3-chain-train[5.5.1009~1-e4940]:ComputeChainObjfAndDerivE2e():chain-training.cc:162) Numerator objf: 1.44639
LOG (nnet3-chain-train[5.5.1009~1-e4940]:ComputeChainObjfAndDerivE2e():chain-training.cc:162) Numerator objf: 1.49067
LOG (nnet3-chain-train[5.5.1009~1-e4940]:ComputeChainObjfAndDerivE2e():chain-training.cc:162) Numerator objf: 1.4887
LOG (nnet3-chain-train[5.5.1009~1-e4940]:ComputeChainObjfAndDerivE2e():chain-training.cc:162) Numerator objf: 1.54338
LOG (nnet3-chain-train[5.5.1009~1-e4940]:ComputeChainObjfAndDerivE2e():chain-training.cc:162) Numerator objf: 1.47045
LOG (nnet3-chain-train[5.5.1009~1-e4940]:ComputeChainObjfAndDerivE2e():chain-training.cc:162) Numerator objf: 1.50529
LOG (nnet3-chain-train[5.5.1009~1-e4940]:ComputeChainObjfAndDerivE2e():chain-training.cc:162) Numerator objf: 1.49604
LOG (nnet3-chain-train[5.5.1009~1-e4940]:PrintStatsForThisPhase():nnet-training.cc:278) Average objective function for 'output-xent' for minibatches 20-29 is -1.61044 over 28096 frames.
LOG (nnet3-chain-train[5.5.1009~1-e4940]:PrintStatsForThisPhase():nnet-training.cc:278) Average objective function for 'output' for minibatches 20-29 is -0.0785759 over 28096 frames.
LOG (nnet3-chain-train[5.5.1009~1-e4940]:ComputeChainObjfAndDerivE2e():chain-training.cc:162) Numerator objf: 1.47281
LOG (nnet3-chain-train[5.5.1009~1-e4940]:ComputeChainObjfAndDerivE2e():chain-training.cc:162) Numerator objf: 1.47179
LOG (nnet3-chain-train[5.5.1009~1-e4940]:ComputeChainObjfAndDerivE2e():chain-training.cc:162) Numerator objf: 1.49696
LOG (nnet3-chain-train[5.5.1009~1-e4940]:ComputeChainObjfAndDerivE2e():chain-training.cc:162) Numerator objf: 1.46543
LOG (nnet3-chain-train[5.5.1009~1-e4940]:ComputeChainObjfAndDerivE2e():chain-training.cc:162) Numerator objf: 1.4728
LOG (nnet3-chain-train[5.5.1009~1-e4940]:ComputeChainObjfAndDerivE2e():chain-training.cc:162) Numerator objf: 1.42269
LOG (nnet3-chain-train[5.5.1009~1-e4940]:ComputeChainObjfAndDerivE2e():chain-training.cc:162) Numerator objf: 1.44596
LOG (nnet3-chain-train[5.5.1009~1-e4940]:ComputeChainObjfAndDerivE2e():chain-training.cc:162) Numerator objf: 1.49593
LOG (nnet3-chain-train[5.5.1009~1-e4940]:ComputeChainObjfAndDerivE2e():chain-training.cc:162) Numerator objf: 1.50426
LOG (nnet3-chain-train[5.5.1009~1-e4940]:ComputeChainObjfAndDerivE2e():chain-training.cc:162) Numerator objf: 1.50179
LOG (nnet3-chain-train[5.5.1009~1-e4940]:PrintStatsForThisPhase():nnet-training.cc:278) Average objective function for 'output-xent' for minibatches 30-39 is -1.67028 over 28288 frames.
LOG (nnet3-chain-train[5.5.1009~1-e4940]:PrintStatsForThisPhase():nnet-training.cc:278) Average objective function for 'output' for minibatches 30-39 is -0.0790172 over 28288 frames.
LOG (nnet3-chain-train[5.5.1009~1-e4940]:ComputeChainObjfAndDerivE2e():chain-training.cc:162) Numerator objf: 1.48351
LOG (nnet3-chain-train[5.5.1009~1-e4940]:ComputeChainObjfAndDerivE2e():chain-training.cc:162) Numerator objf: 1.47519
LOG (nnet3-chain-train[5.5.1009~1-e4940]:ComputeChainObjfAndDerivE2e():chain-training.cc:162) Numerator objf: 1.48848
LOG (nnet3-chain-train[5.5.1009~1-e4940]:ComputeChainObjfAndDerivE2e():chain-training.cc:162) Numerator objf: 1.51527
LOG (nnet3-chain-train[5.5.1009~1-e4940]:ComputeChainObjfAndDerivE2e():chain-training.cc:162) Numerator objf: 1.5117
LOG (nnet3-chain-train[5.5.1009~1-e4940]:ComputeChainObjfAndDerivE2e():chain-training.cc:162) Numerator objf: 1.49378
LOG (nnet3-chain-train[5.5.1009~1-e4940]:ComputeChainObjfAndDerivE2e():chain-training.cc:162) Numerator objf: 1.45268
LOG (nnet3-chain-train[5.5.1009~1-e4940]:ComputeChainObjfAndDerivE2e():chain-training.cc:162) Numerator objf: 1.50041
LOG (nnet3-chain-train[5.5.1009~1-e4940]:ComputeChainObjfAndDerivE2e():chain-training.cc:162) Numerator objf: 1.49952
LOG (nnet3-chain-train[5.5.1009~1-e4940]:ComputeChainObjfAndDerivE2e():chain-training.cc:162) Numerator objf: 1.4641
LOG (nnet3-chain-train[5.5.1009~1-e4940]:PrintStatsForThisPhase():nnet-training.cc:278) Average objective function for 'output-xent' for minibatches 40-49 is -1.63037 over 28096 frames.
LOG (nnet3-chain-train[5.5.1009~1-e4940]:PrintStatsForThisPhase():nnet-training.cc:278) Average objective function for 'output' for minibatches 40-49 is -0.0771723 over 28096 frames.
LOG (nnet3-chain-train[5.5.1009~1-e4940]:ComputeChainObjfAndDerivE2e():chain-training.cc:162) Numerator objf: 1.48596
LOG (nnet3-chain-train[5.5.1009~1-e4940]:ComputeChainObjfAndDerivE2e():chain-training.cc:162) Numerator objf: 1.48495
LOG (nnet3-chain-train[5.5.1009~1-e4940]:ComputeChainObjfAndDerivE2e():chain-training.cc:162) Numerator objf: 1.47719
LOG (nnet3-chain-train[5.5.1009~1-e4940]:ComputeChainObjfAndDerivE2e():chain-training.cc:162) Numerator objf: 1.53368
LOG (nnet3-chain-train[5.5.1009~1-e4940]:ComputeChainObjfAndDerivE2e():chain-training.cc:162) Numerator objf: 1.52425
LOG (nnet3-chain-train[5.5.1009~1-e4940]:ComputeChainObjfAndDerivE2e():chain-training.cc:162) Numerator objf: 1.45946
LOG (nnet3-chain-train[5.5.1009~1-e4940]:ComputeChainObjfAndDerivE2e():chain-training.cc:162) Numerator objf: 1.44663
LOG (nnet3-chain-train[5.5.1009~1-e4940]:ComputeChainObjfAndDerivE2e():chain-training.cc:162) Numerator objf: 1.48614
LOG (nnet3-chain-train[5.5.1009~1-e4940]:ComputeChainObjfAndDerivE2e():chain-training.cc:162) Numerator objf: 1.52294
LOG (nnet3-chain-train[5.5.1009~1-e4940]:ComputeChainObjfAndDerivE2e():chain-training.cc:162) Numerator objf: 1.45801
LOG (nnet3-chain-train[5.5.1009~1-e4940]:PrintStatsForThisPhase():nnet-training.cc:278) Average objective function for 'output-xent' for minibatches 50-59 is -1.69217 over 28288 frames.
LOG (nnet3-chain-train[5.5.1009~1-e4940]:PrintStatsForThisPhase():nnet-training.cc:278) Average objective function for 'output' for minibatches 50-59 is -0.0812257 over 28288 frames.
LOG (nnet3-chain-train[5.5.1009~1-e4940]:ComputeChainObjfAndDerivE2e():chain-training.cc:162) Numerator objf: 1.44234
LOG (nnet3-chain-train[5.5.1009~1-e4940]:ComputeChainObjfAndDerivE2e():chain-training.cc:162) Numerator objf: 1.42598
LOG (nnet3-chain-train[5.5.1009~1-e4940]:ComputeChainObjfAndDerivE2e():chain-training.cc:162) Numerator objf: 1.36269
LOG (nnet3-chain-train[5.5.1009~1-e4940]:ComputeChainObjfAndDerivE2e():chain-training.cc:162) Numerator objf: 1.4184
LOG (nnet3-chain-train[5.5.1009~1-e4940]:ComputeChainObjfAndDerivE2e():chain-training.cc:162) Numerator objf: 1.4709
LOG (nnet3-chain-train[5.5.1009~1-e4940]:ComputeChainObjfAndDerivE2e():chain-training.cc:162) Numerator objf: 1.502
LOG (nnet3-chain-train[5.5.1009~1-e4940]:ComputeChainObjfAndDerivE2e():chain-training.cc:162) Numerator objf: 1.46102
LOG (nnet3-chain-train[5.5.1009~1-e4940]:ComputeChainObjfAndDerivE2e():chain-training.cc:162) Numerator objf: 1.41012
LOG (nnet3-chain-train[5.5.1009~1-e4940]:ComputeChainObjfAndDerivE2e():chain-training.cc:162) Numerator objf: 1.43426
LOG (nnet3-chain-train[5.5.1009~1-e4940]:ComputeChainObjfAndDerivE2e():chain-training.cc:162) Numerator objf: 1.49667
LOG (nnet3-chain-train[5.5.1009~1-e4940]:PrintStatsForThisPhase():nnet-training.cc:278) Average objective function for 'output-xent' for minibatches 60-69 is -1.71025 over 28096 frames.
LOG (nnet3-chain-train[5.5.1009~1-e4940]:PrintStatsForThisPhase():nnet-training.cc:278) Average objective function for 'output' for minibatches 60-69 is -0.0853631 over 28096 frames.
LOG (nnet3-chain-train[5.5.1009~1-e4940]:ComputeChainObjfAndDerivE2e():chain-training.cc:162) Numerator objf: 1.48742
LOG (nnet3-chain-train[5.5.1009~1-e4940]:ComputeChainObjfAndDerivE2e():chain-training.cc:162) Numerator objf: 1.52074
LOG (nnet3-chain-train[5.5.1009~1-e4940]:ComputeChainObjfAndDerivE2e():chain-training.cc:162) Numerator objf: 1.52289
LOG (nnet3-chain-train[5.5.1009~1-e4940]:ComputeChainObjfAndDerivE2e():chain-training.cc:162) Numerator objf: 1.43211
LOG (nnet3-chain-train[5.5.1009~1-e4940]:ComputeChainObjfAndDerivE2e():chain-training.cc:162) Numerator objf: 1.37
LOG (nnet3-chain-train[5.5.1009~1-e4940]:ComputeChainObjfAndDerivE2e():chain-training.cc:162) Numerator objf: 1.39718
LOG (nnet3-chain-train[5.5.1009~1-e4940]:ComputeChainObjfAndDerivE2e():chain-training.cc:162) Numerator objf: 1.46421
LOG (nnet3-chain-train[5.5.1009~1-e4940]:ComputeChainObjfAndDerivE2e():chain-training.cc:162) Numerator objf: 1.45798
LOG (nnet3-chain-train[5.5.1009~1-e4940]:ComputeChainObjfAndDerivE2e():chain-training.cc:162) Numerator objf: 1.54039
LOG (nnet3-chain-train[5.5.1009~1-e4940]:ComputeChainObjfAndDerivE2e():chain-training.cc:162) Numerator objf: 1.49596
LOG (nnet3-chain-train[5.5.1009~1-e4940]:PrintStatsForThisPhase():nnet-training.cc:278) Average objective function for 'output-xent' for minibatches 70-79 is -1.57539 over 28288 frames.
LOG (nnet3-chain-train[5.5.1009~1-e4940]:PrintStatsForThisPhase():nnet-training.cc:278) Average objective function for 'output' for minibatches 70-79 is -0.0775639 over 28288 frames.
LOG (nnet3-chain-train[5.5.1009~1-e4940]:ComputeChainObjfAndDerivE2e():chain-training.cc:162) Numerator objf: 1.4422
LOG (nnet3-chain-train[5.5.1009~1-e4940]:ComputeChainObjfAndDerivE2e():chain-training.cc:162) Numerator objf: 1.45256
LOG (nnet3-chain-train[5.5.1009~1-e4940]:ComputeChainObjfAndDerivE2e():chain-training.cc:162) Numerator objf: 1.50069
LOG (nnet3-chain-train[5.5.1009~1-e4940]:ComputeChainObjfAndDerivE2e():chain-training.cc:162) Numerator objf: 1.47676
LOG (nnet3-chain-train[5.5.1009~1-e4940]:ComputeChainObjfAndDerivE2e():chain-training.cc:162) Numerator objf: 1.50721
LOG (nnet3-chain-train[5.5.1009~1-e4940]:ComputeChainObjfAndDerivE2e():chain-training.cc:162) Numerator objf: 1.44113
LOG (nnet3-chain-train[5.5.1009~1-e4940]:ComputeChainObjfAndDerivE2e():chain-training.cc:162) Numerator objf: 1.52559
LOG (nnet3-chain-train[5.5.1009~1-e4940]:ComputeChainObjfAndDerivE2e():chain-training.cc:162) Numerator objf: 1.51275
LOG (nnet3-chain-train[5.5.1009~1-e4940]:ComputeChainObjfAndDerivE2e():chain-training.cc:162) Numerator objf: 1.46343
LOG (nnet3-chain-train[5.5.1009~1-e4940]:ComputeChainObjfAndDerivE2e():chain-training.cc:162) Numerator objf: 1.48674
LOG (nnet3-chain-train[5.5.1009~1-e4940]:PrintStatsForThisPhase():nnet-training.cc:278) Average objective function for 'output-xent' for minibatches 80-89 is -1.63878 over 29120 frames.
LOG (nnet3-chain-train[5.5.1009~1-e4940]:PrintStatsForThisPhase():nnet-training.cc:278) Average objective function for 'output' for minibatches 80-89 is -0.0786567 over 29120 frames.
LOG (nnet3-chain-train[5.5.1009~1-e4940]:ComputeChainObjfAndDerivE2e():chain-training.cc:162) Numerator objf: 1.4508
LOG (nnet3-chain-train[5.5.1009~1-e4940]:ComputeChainObjfAndDerivE2e():chain-training.cc:162) Numerator objf: 1.48144
LOG (nnet3-chain-train[5.5.1009~1-e4940]:ComputeChainObjfAndDerivE2e():chain-training.cc:162) Numerator objf: 1.43997
LOG (nnet3-chain-train[5.5.1009~1-e4940]:ComputeChainObjfAndDerivE2e():chain-training.cc:162) Numerator objf: 1.41749
LOG (nnet3-chain-train[5.5.1009~1-e4940]:ComputeChainObjfAndDerivE2e():chain-training.cc:162) Numerator objf: 1.38426
LOG (nnet3-chain-train[5.5.1009~1-e4940]:ComputeChainObjfAndDerivE2e():chain-training.cc:162) Numerator objf: 1.41952
LOG (nnet3-chain-train[5.5.1009~1-e4940]:ComputeChainObjfAndDerivE2e():chain-training.cc:162) Numerator objf: 1.40495
LOG (nnet3-chain-train[5.5.1009~1-e4940]:ComputeChainObjfAndDerivE2e():chain-training.cc:162) Numerator objf: 1.47651
LOG (nnet3-chain-train[5.5.1009~1-e4940]:ComputeChainObjfAndDerivE2e():chain-training.cc:162) Numerator objf: 1.45863
LOG (nnet3-chain-train[5.5.1009~1-e4940]:ComputeChainObjfAndDerivE2e():chain-training.cc:162) Numerator objf: 1.45935
LOG (nnet3-chain-train[5.5.1009~1-e4940]:PrintStatsForThisPhase():nnet-training.cc:278) Average objective function for 'output-xent' for minibatches 90-99 is -1.65203 over 27264 frames.
LOG (nnet3-chain-train[5.5.1009~1-e4940]:PrintStatsForThisPhase():nnet-training.cc:278) Average objective function for 'output' for minibatches 90-99 is -0.0841237 over 27264 frames.
LOG (nnet3-chain-train[5.5.1009~1-e4940]:ComputeChainObjfAndDerivE2e():chain-training.cc:162) Numerator objf: 1.41406
LOG (nnet3-chain-train[5.5.1009~1-e4940]:ComputeChainObjfAndDerivE2e():chain-training.cc:162) Numerator objf: 1.40507
LOG (nnet3-chain-train[5.5.1009~1-e4940]:ComputeChainObjfAndDerivE2e():chain-training.cc:162) Numerator objf: 1.42898
LOG (nnet3-chain-train[5.5.1009~1-e4940]:ComputeChainObjfAndDerivE2e():chain-training.cc:162) Numerator objf: 1.41623
LOG (nnet3-chain-train[5.5.1009~1-e4940]:ComputeChainObjfAndDerivE2e():chain-training.cc:162) Numerator objf: 1.4261
LOG (nnet3-chain-train[5.5.1009~1-e4940]:ComputeChainObjfAndDerivE2e():chain-training.cc:162) Numerator objf: 1.46471
LOG (nnet3-chain-train[5.5.1009~1-e4940]:ComputeChainObjfAndDerivE2e():chain-training.cc:162) Numerator objf: 1.45765
LOG (nnet3-chain-train[5.5.1009~1-e4940]:ComputeChainObjfAndDerivE2e():chain-training.cc:162) Numerator objf: 1.4359
LOG (nnet3-chain-train[5.5.1009~1-e4940]:ComputeChainObjfAndDerivE2e():chain-training.cc:162) Numerator objf: 1.55356
LOG (nnet3-chain-train[5.5.1009~1-e4940]:ComputeChainObjfAndDerivE2e():chain-training.cc:162) Numerator objf: 1.48366
LOG (nnet3-chain-train[5.5.1009~1-e4940]:PrintStatsForThisPhase():nnet-training.cc:278) Average objective function for 'output-xent' for minibatches 100-109 is -1.62847 over 28096 frames.
LOG (nnet3-chain-train[5.5.1009~1-e4940]:PrintStatsForThisPhase():nnet-training.cc:278) Average objective function for 'output' for minibatches 100-109 is -0.0824844 over 28096 frames.
LOG (nnet3-chain-train[5.5.1009~1-e4940]:ComputeChainObjfAndDerivE2e():chain-training.cc:162) Numerator objf: 1.45205
LOG (nnet3-chain-train[5.5.1009~1-e4940]:ComputeChainObjfAndDerivE2e():chain-training.cc:162) Numerator objf: 1.42951
LOG (nnet3-chain-train[5.5.1009~1-e4940]:ComputeChainObjfAndDerivE2e():chain-training.cc:162) Numerator objf: 1.41684
LOG (nnet3-chain-train[5.5.1009~1-e4940]:ComputeChainObjfAndDerivE2e():chain-training.cc:162) Numerator objf: 1.40466
LOG (nnet3-chain-train[5.5.1009~1-e4940]:ComputeChainObjfAndDerivE2e():chain-training.cc:162) Numerator objf: 1.38685
LOG (nnet3-chain-train[5.5.1009~1-e4940]:ComputeChainObjfAndDerivE2e():chain-training.cc:162) Numerator objf: 1.45659
LOG (nnet3-chain-train[5.5.1009~1-e4940]:ComputeChainObjfAndDerivE2e():chain-training.cc:162) Numerator objf: 1.5064
LOG (nnet3-chain-train[5.5.1009~1-e4940]:ComputeChainObjfAndDerivE2e():chain-training.cc:162) Numerator objf: 1.46465
LOG (nnet3-chain-train[5.5.1009~1-e4940]:ComputeChainObjfAndDerivE2e():chain-training.cc:162) Numerator objf: 1.35439
LOG (nnet3-chain-train[5.5.1009~1-e4940]:ComputeChainObjfAndDerivE2e():chain-training.cc:162) Numerator objf: 1.4383
LOG (nnet3-chain-train[5.5.1009~1-e4940]:PrintStatsForThisPhase():nnet-training.cc:278) Average objective function for 'output-xent' for minibatches 110-119 is -1.66273 over 28288 frames.
LOG (nnet3-chain-train[5.5.1009~1-e4940]:PrintStatsForThisPhase():nnet-training.cc:278) Average objective function for 'output' for minibatches 110-119 is -0.0818171 over 28288 frames.
LOG (nnet3-chain-train[5.5.1009~1-e4940]:ComputeChainObjfAndDerivE2e():chain-training.cc:162) Numerator objf: 1.36744
LOG (nnet3-chain-train[5.5.1009~1-e4940]:ComputeChainObjfAndDerivE2e():chain-training.cc:162) Numerator objf: 1.48348
LOG (nnet3-chain-train[5.5.1009~1-e4940]:ComputeChainObjfAndDerivE2e():chain-training.cc:162) Numerator objf: 1.41705
LOG (nnet3-chain-train[5.5.1009~1-e4940]:ComputeChainObjfAndDerivE2e():chain-training.cc:162) Numerator objf: 1.45987
LOG (nnet3-chain-train[5.5.1009~1-e4940]:ComputeChainObjfAndDerivE2e():chain-training.cc:162) Numerator objf: 1.49056
LOG (nnet3-chain-train[5.5.1009~1-e4940]:ComputeChainObjfAndDerivE2e():chain-training.cc:162) Numerator objf: 1.41814
LOG (nnet3-chain-train[5.5.1009~1-e4940]:ComputeChainObjfAndDerivE2e():chain-training.cc:162) Numerator objf: 1.45925
LOG (nnet3-chain-train[5.5.1009~1-e4940]:ComputeChainObjfAndDerivE2e():chain-training.cc:162) Numerator objf: 1.45066
LOG (nnet3-chain-train[5.5.1009~1-e4940]:ComputeChainObjfAndDerivE2e():chain-training.cc:162) Numerator objf: 1.49038
LOG (nnet3-chain-train[5.5.1009~1-e4940]:ComputeChainObjfAndDerivE2e():chain-training.cc:162) Numerator objf: 1.45724
LOG (nnet3-chain-train[5.5.1009~1-e4940]:PrintStatsForThisPhase():nnet-training.cc:278) Average objective function for 'output-xent' for minibatches 120-129 is -1.65194 over 28096 frames.
LOG (nnet3-chain-train[5.5.1009~1-e4940]:PrintStatsForThisPhase():nnet-training.cc:278) Average objective function for 'output' for minibatches 120-129 is -0.0817104 over 28096 frames.
LOG (nnet3-chain-train[5.5.1009~1-e4940]:ComputeChainObjfAndDerivE2e():chain-training.cc:162) Numerator objf: 1.41148
LOG (nnet3-chain-train[5.5.1009~1-e4940]:ComputeChainObjfAndDerivE2e():chain-training.cc:162) Numerator objf: 1.45729
LOG (nnet3-chain-train[5.5.1009~1-e4940]:ComputeChainObjfAndDerivE2e():chain-training.cc:162) Numerator objf: 1.44836
LOG (nnet3-chain-train[5.5.1009~1-e4940]:ComputeChainObjfAndDerivE2e():chain-training.cc:162) Numerator objf: 1.59918
LOG (nnet3-chain-train[5.5.1009~1-e4940]:ComputeChainObjfAndDerivE2e():chain-training.cc:162) Numerator objf: 1.47001
LOG (nnet3-chain-train[5.5.1009~1-e4940]:ComputeChainObjfAndDerivE2e():chain-training.cc:162) Numerator objf: 1.42154
LOG (nnet3-chain-train[5.5.1009~1-e4940]:ComputeChainObjfAndDerivE2e():chain-training.cc:162) Numerator objf: 1.53417
LOG (nnet3-chain-train[5.5.1009~1-e4940]:ComputeChainObjfAndDerivE2e():chain-training.cc:162) Numerator objf: 1.47175
LOG (nnet3-chain-train[5.5.1009~1-e4940]:ComputeChainObjfAndDerivE2e():chain-training.cc:162) Numerator objf: 1.39317
LOG (nnet3-chain-train[5.5.1009~1-e4940]:ComputeChainObjfAndDerivE2e():chain-training.cc:162) Numerator objf: 1.37886
LOG (nnet3-chain-train[5.5.1009~1-e4940]:PrintStatsForThisPhase():nnet-training.cc:278) Average objective function for 'output-xent' for minibatches 130-139 is -1.64199 over 29120 frames.
LOG (nnet3-chain-train[5.5.1009~1-e4940]:PrintStatsForThisPhase():nnet-training.cc:278) Average objective function for 'output' for minibatches 130-139 is -0.0805695 over 29120 frames.
LOG (nnet3-chain-train[5.5.1009~1-e4940]:ComputeChainObjfAndDerivE2e():chain-training.cc:162) Numerator objf: 1.48976
LOG (nnet3-chain-train[5.5.1009~1-e4940]:ComputeChainObjfAndDerivE2e():chain-training.cc:162) Numerator objf: 1.43114
LOG (nnet3-chain-train[5.5.1009~1-e4940]:ComputeChainObjfAndDerivE2e():chain-training.cc:162) Numerator objf: 1.43251
LOG (nnet3-chain-train[5.5.1009~1-e4940]:ComputeChainObjfAndDerivE2e():chain-training.cc:162) Numerator objf: 1.41397
LOG (nnet3-chain-train[5.5.1009~1-e4940]:ComputeChainObjfAndDerivE2e():chain-training.cc:162) Numerator objf: 1.418
LOG (nnet3-chain-train[5.5.1009~1-e4940]:ComputeChainObjfAndDerivE2e():chain-training.cc:162) Numerator objf: 1.38409
LOG (nnet3-chain-train[5.5.1009~1-e4940]:UpdateNnetWithMaxChange():nnet-utils.cc:2205) Per-component max-change active on 1 / 32 Updatable Components. (Smallest factor=0.968557 on tdnn1.affine with max-change=0.75). 
LOG (nnet3-chain-train[5.5.1009~1-e4940]:ComputeChainObjfAndDerivE2e():chain-training.cc:162) Numerator objf: 1.40391
LOG (nnet3-chain-train[5.5.1009~1-e4940]:ComputeChainObjfAndDerivE2e():chain-training.cc:162) Numerator objf: 1.43066
LOG (nnet3-chain-train[5.5.1009~1-e4940]:ComputeChainObjfAndDerivE2e():chain-training.cc:162) Numerator objf: 1.47389
LOG (nnet3-chain-train[5.5.1009~1-e4940]:ComputeChainObjfAndDerivE2e():chain-training.cc:162) Numerator objf: 1.47549
LOG (nnet3-chain-train[5.5.1009~1-e4940]:PrintStatsForThisPhase():nnet-training.cc:278) Average objective function for 'output-xent' for minibatches 140-149 is -1.6993 over 27264 frames.
LOG (nnet3-chain-train[5.5.1009~1-e4940]:PrintStatsForThisPhase():nnet-training.cc:278) Average objective function for 'output' for minibatches 140-149 is -0.0917885 over 27264 frames.
LOG (nnet3-chain-train[5.5.1009~1-e4940]:ComputeChainObjfAndDerivE2e():chain-training.cc:162) Numerator objf: 1.41115
LOG (nnet3-chain-train[5.5.1009~1-e4940]:ComputeChainObjfAndDerivE2e():chain-training.cc:162) Numerator objf: 1.40285
LOG (nnet3-chain-train[5.5.1009~1-e4940]:ComputeChainObjfAndDerivE2e():chain-training.cc:162) Numerator objf: 1.45912
LOG (nnet3-chain-train[5.5.1009~1-e4940]:ComputeChainObjfAndDerivE2e():chain-training.cc:162) Numerator objf: 1.43552
LOG (nnet3-chain-train[5.5.1009~1-e4940]:ComputeChainObjfAndDerivE2e():chain-training.cc:162) Numerator objf: 1.35282
LOG (nnet3-chain-train[5.5.1009~1-e4940]:ComputeChainObjfAndDerivE2e():chain-training.cc:162) Numerator objf: 1.37601
LOG (nnet3-chain-train[5.5.1009~1-e4940]:ComputeChainObjfAndDerivE2e():chain-training.cc:162) Numerator objf: 1.35405
LOG (nnet3-chain-train[5.5.1009~1-e4940]:ComputeChainObjfAndDerivE2e():chain-training.cc:162) Numerator objf: 1.34007
LOG (nnet3-chain-train[5.5.1009~1-e4940]:ComputeChainObjfAndDerivE2e():chain-training.cc:162) Numerator objf: 1.37836
LOG (nnet3-chain-train[5.5.1009~1-e4940]:ComputeChainObjfAndDerivE2e():chain-training.cc:162) Numerator objf: 1.48635
LOG (nnet3-chain-train[5.5.1009~1-e4940]:PrintStatsForThisPhase():nnet-training.cc:278) Average objective function for 'output-xent' for minibatches 150-159 is -1.71689 over 29120 frames.
LOG (nnet3-chain-train[5.5.1009~1-e4940]:PrintStatsForThisPhase():nnet-training.cc:278) Average objective function for 'output' for minibatches 150-159 is -0.0875846 over 29120 frames.
LOG (nnet3-chain-train[5.5.1009~1-e4940]:ComputeChainObjfAndDerivE2e():chain-training.cc:162) Numerator objf: 1.45036
LOG (nnet3-chain-train[5.5.1009~1-e4940]:ComputeChainObjfAndDerivE2e():chain-training.cc:162) Numerator objf: 1.36843
LOG (nnet3-chain-train[5.5.1009~1-e4940]:ComputeChainObjfAndDerivE2e():chain-training.cc:162) Numerator objf: 1.27845
LOG (nnet3-chain-train[5.5.1009~1-e4940]:ComputeChainObjfAndDerivE2e():chain-training.cc:162) Numerator objf: 1.3248
LOG (nnet3-chain-train[5.5.1009~1-e4940]:ComputeChainObjfAndDerivE2e():chain-training.cc:162) Numerator objf: 1.42136
LOG (nnet3-chain-train[5.5.1009~1-e4940]:ComputeChainObjfAndDerivE2e():chain-training.cc:162) Numerator objf: 1.39475
LOG (nnet3-chain-train[5.5.1009~1-e4940]:ComputeChainObjfAndDerivE2e():chain-training.cc:162) Numerator objf: 1.37765
LOG (nnet3-chain-train[5.5.1009~1-e4940]:ComputeChainObjfAndDerivE2e():chain-training.cc:162) Numerator objf: 1.43021
LOG (nnet3-chain-train[5.5.1009~1-e4940]:ComputeChainObjfAndDerivE2e():chain-training.cc:162) Numerator objf: 1.38535
LOG (nnet3-chain-train[5.5.1009~1-e4940]:ComputeChainObjfAndDerivE2e():chain-training.cc:162) Numerator objf: 1.42003
LOG (nnet3-chain-train[5.5.1009~1-e4940]:PrintStatsForThisPhase():nnet-training.cc:278) Average objective function for 'output-xent' for minibatches 160-169 is -1.65585 over 28096 frames.
LOG (nnet3-chain-train[5.5.1009~1-e4940]:PrintStatsForThisPhase():nnet-training.cc:278) Average objective function for 'output' for minibatches 160-169 is -0.0855308 over 28096 frames.
LOG (nnet3-chain-train[5.5.1009~1-e4940]:ComputeChainObjfAndDerivE2e():chain-training.cc:162) Numerator objf: 1.45007
LOG (nnet3-chain-train[5.5.1009~1-e4940]:ComputeChainObjfAndDerivE2e():chain-training.cc:162) Numerator objf: 1.45436
LOG (nnet3-chain-train[5.5.1009~1-e4940]:ComputeChainObjfAndDerivE2e():chain-training.cc:162) Numerator objf: 1.4335
LOG (nnet3-chain-train[5.5.1009~1-e4940]:ComputeChainObjfAndDerivE2e():chain-training.cc:162) Numerator objf: 1.44609
LOG (nnet3-chain-train[5.5.1009~1-e4940]:ComputeChainObjfAndDerivE2e():chain-training.cc:162) Numerator objf: 1.47405
LOG (nnet3-chain-train[5.5.1009~1-e4940]:ComputeChainObjfAndDerivE2e():chain-training.cc:162) Numerator objf: 1.42679
LOG (nnet3-chain-train[5.5.1009~1-e4940]:ComputeChainObjfAndDerivE2e():chain-training.cc:162) Numerator objf: 1.35473
LOG (nnet3-chain-train[5.5.1009~1-e4940]:ComputeChainObjfAndDerivE2e():chain-training.cc:162) Numerator objf: 1.45719
LOG (nnet3-chain-train[5.5.1009~1-e4940]:ComputeChainObjfAndDerivE2e():chain-training.cc:162) Numerator objf: 1.53024
LOG (nnet3-chain-train[5.5.1009~1-e4940]:ComputeChainObjfAndDerivE2e():chain-training.cc:162) Numerator objf: 1.42753
LOG (nnet3-chain-train[5.5.1009~1-e4940]:PrintStatsForThisPhase():nnet-training.cc:278) Average objective function for 'output-xent' for minibatches 170-179 is -1.59853 over 27264 frames.
LOG (nnet3-chain-train[5.5.1009~1-e4940]:PrintStatsForThisPhase():nnet-training.cc:278) Average objective function for 'output' for minibatches 170-179 is -0.0832128 over 27264 frames.
LOG (nnet3-chain-train[5.5.1009~1-e4940]:ComputeChainObjfAndDerivE2e():chain-training.cc:162) Numerator objf: 1.38163
LOG (nnet3-chain-train[5.5.1009~1-e4940]:ComputeChainObjfAndDerivE2e():chain-training.cc:162) Numerator objf: 1.41958
LOG (nnet3-chain-train[5.5.1009~1-e4940]:ComputeChainObjfAndDerivE2e():chain-training.cc:162) Numerator objf: 1.41479
LOG (nnet3-chain-train[5.5.1009~1-e4940]:ComputeChainObjfAndDerivE2e():chain-training.cc:162) Numerator objf: 1.33244
LOG (nnet3-chain-train[5.5.1009~1-e4940]:ComputeChainObjfAndDerivE2e():chain-training.cc:162) Numerator objf: 1.43522
LOG (nnet3-chain-train[5.5.1009~1-e4940]:ComputeChainObjfAndDerivE2e():chain-training.cc:162) Numerator objf: 1.39609
LOG (nnet3-chain-train[5.5.1009~1-e4940]:ComputeChainObjfAndDerivE2e():chain-training.cc:162) Numerator objf: 1.47913
LOG (nnet3-chain-train[5.5.1009~1-e4940]:ComputeChainObjfAndDerivE2e():chain-training.cc:162) Numerator objf: 1.47535
LOG (nnet3-chain-train[5.5.1009~1-e4940]:ComputeChainObjfAndDerivE2e():chain-training.cc:162) Numerator objf: 1.4204
LOG (nnet3-chain-train[5.5.1009~1-e4940]:ComputeChainObjfAndDerivE2e():chain-training.cc:162) Numerator objf: 1.52176
LOG (nnet3-chain-train[5.5.1009~1-e4940]:PrintStatsForThisPhase():nnet-training.cc:278) Average objective function for 'output-xent' for minibatches 180-189 is -1.74907 over 29120 frames.
LOG (nnet3-chain-train[5.5.1009~1-e4940]:PrintStatsForThisPhase():nnet-training.cc:278) Average objective function for 'output' for minibatches 180-189 is -0.0863078 over 29120 frames.
LOG (nnet3-chain-train[5.5.1009~1-e4940]:ComputeChainObjfAndDerivE2e():chain-training.cc:162) Numerator objf: 1.50438
LOG (nnet3-chain-train[5.5.1009~1-e4940]:ComputeChainObjfAndDerivE2e():chain-training.cc:162) Numerator objf: 1.46506
LOG (nnet3-chain-train[5.5.1009~1-e4940]:ComputeChainObjfAndDerivE2e():chain-training.cc:162) Numerator objf: 1.52755
LOG (nnet3-chain-train[5.5.1009~1-e4940]:ComputeChainObjfAndDerivE2e():chain-training.cc:162) Numerator objf: 1.48177
LOG (nnet3-chain-train[5.5.1009~1-e4940]:ComputeChainObjfAndDerivE2e():chain-training.cc:162) Numerator objf: 1.47493
LOG (nnet3-chain-train[5.5.1009~1-e4940]:ComputeChainObjfAndDerivE2e():chain-training.cc:162) Numerator objf: 1.51205
LOG (nnet3-chain-train[5.5.1009~1-e4940]:ComputeChainObjfAndDerivE2e():chain-training.cc:162) Numerator objf: 1.56456
LOG (nnet3-chain-train[5.5.1009~1-e4940]:ComputeChainObjfAndDerivE2e():chain-training.cc:162) Numerator objf: 1.47203
LOG (nnet3-chain-train[5.5.1009~1-e4940]:ComputeChainObjfAndDerivE2e():chain-training.cc:162) Numerator objf: 1.48677
LOG (nnet3-chain-train[5.5.1009~1-e4940]:ComputeChainObjfAndDerivE2e():chain-training.cc:162) Numerator objf: 1.45663
LOG (nnet3-chain-train[5.5.1009~1-e4940]:PrintStatsForThisPhase():nnet-training.cc:278) Average objective function for 'output-xent' for minibatches 190-199 is -1.674 over 28288 frames.
LOG (nnet3-chain-train[5.5.1009~1-e4940]:PrintStatsForThisPhase():nnet-training.cc:278) Average objective function for 'output' for minibatches 190-199 is -0.0790263 over 28288 frames.
LOG (nnet3-chain-train[5.5.1009~1-e4940]:ComputeChainObjfAndDerivE2e():chain-training.cc:162) Numerator objf: 1.529
LOG (nnet3-chain-train[5.5.1009~1-e4940]:ComputeChainObjfAndDerivE2e():chain-training.cc:162) Numerator objf: 1.47661
LOG (nnet3-chain-train[5.5.1009~1-e4940]:ComputeChainObjfAndDerivE2e():chain-training.cc:162) Numerator objf: 1.53133
LOG (nnet3-chain-train[5.5.1009~1-e4940]:ComputeChainObjfAndDerivE2e():chain-training.cc:162) Numerator objf: 1.50095
LOG (nnet3-chain-train[5.5.1009~1-e4940]:ComputeChainObjfAndDerivE2e():chain-training.cc:162) Numerator objf: 1.59043
LOG (nnet3-chain-train[5.5.1009~1-e4940]:ComputeChainObjfAndDerivE2e():chain-training.cc:162) Numerator objf: 1.5411
LOG (nnet3-chain-train[5.5.1009~1-e4940]:ComputeChainObjfAndDerivE2e():chain-training.cc:162) Numerator objf: 1.5465
LOG (nnet3-chain-train[5.5.1009~1-e4940]:ComputeChainObjfAndDerivE2e():chain-training.cc:162) Numerator objf: 1.52479
LOG (nnet3-chain-train[5.5.1009~1-e4940]:ComputeChainObjfAndDerivE2e():chain-training.cc:162) Numerator objf: 1.46829
LOG (nnet3-chain-train[5.5.1009~1-e4940]:ComputeChainObjfAndDerivE2e():chain-training.cc:162) Numerator objf: 1.48813
LOG (nnet3-chain-train[5.5.1009~1-e4940]:PrintStatsForThisPhase():nnet-training.cc:278) Average objective function for 'output-xent' for minibatches 200-209 is -1.64904 over 28096 frames.
LOG (nnet3-chain-train[5.5.1009~1-e4940]:PrintStatsForThisPhase():nnet-training.cc:278) Average objective function for 'output' for minibatches 200-209 is -0.0833167 over 28096 frames.
LOG (nnet3-chain-train[5.5.1009~1-e4940]:ComputeChainObjfAndDerivE2e():chain-training.cc:162) Numerator objf: 1.51377
LOG (nnet3-chain-train[5.5.1009~1-e4940]:ComputeChainObjfAndDerivE2e():chain-training.cc:162) Numerator objf: 1.44058
LOG (nnet3-chain-train[5.5.1009~1-e4940]:ComputeChainObjfAndDerivE2e():chain-training.cc:162) Numerator objf: 1.45068
LOG (nnet3-chain-train[5.5.1009~1-e4940]:ComputeChainObjfAndDerivE2e():chain-training.cc:162) Numerator objf: 1.45703
LOG (nnet3-chain-train[5.5.1009~1-e4940]:ComputeChainObjfAndDerivE2e():chain-training.cc:162) Numerator objf: 1.45086
LOG (nnet3-chain-train[5.5.1009~1-e4940]:ComputeChainObjfAndDerivE2e():chain-training.cc:162) Numerator objf: 1.50106
LOG (nnet3-chain-train[5.5.1009~1-e4940]:ComputeChainObjfAndDerivE2e():chain-training.cc:162) Numerator objf: 1.48128
LOG (nnet3-chain-train[5.5.1009~1-e4940]:ComputeChainObjfAndDerivE2e():chain-training.cc:162) Numerator objf: 1.50954
LOG (nnet3-chain-train[5.5.1009~1-e4940]:ComputeChainObjfAndDerivE2e():chain-training.cc:162) Numerator objf: 1.47658
LOG (nnet3-chain-train[5.5.1009~1-e4940]:ComputeChainObjfAndDerivE2e():chain-training.cc:162) Numerator objf: 1.49423
LOG (nnet3-chain-train[5.5.1009~1-e4940]:PrintStatsForThisPhase():nnet-training.cc:278) Average objective function for 'output-xent' for minibatches 210-219 is -1.6569 over 28288 frames.
LOG (nnet3-chain-train[5.5.1009~1-e4940]:PrintStatsForThisPhase():nnet-training.cc:278) Average objective function for 'output' for minibatches 210-219 is -0.085076 over 28288 frames.
LOG (nnet3-chain-train[5.5.1009~1-e4940]:ComputeChainObjfAndDerivE2e():chain-training.cc:162) Numerator objf: 1.52858
LOG (nnet3-chain-train[5.5.1009~1-e4940]:ComputeChainObjfAndDerivE2e():chain-training.cc:162) Numerator objf: 1.43841
LOG (nnet3-chain-train[5.5.1009~1-e4940]:ComputeChainObjfAndDerivE2e():chain-training.cc:162) Numerator objf: 1.47885
LOG (nnet3-chain-train[5.5.1009~1-e4940]:ComputeChainObjfAndDerivE2e():chain-training.cc:162) Numerator objf: 1.43871
LOG (nnet3-chain-train[5.5.1009~1-e4940]:ComputeChainObjfAndDerivE2e():chain-training.cc:162) Numerator objf: 1.44121
LOG (nnet3-chain-train[5.5.1009~1-e4940]:ComputeChainObjfAndDerivE2e():chain-training.cc:162) Numerator objf: 1.38178
LOG (nnet3-chain-train[5.5.1009~1-e4940]:ComputeChainObjfAndDerivE2e():chain-training.cc:162) Numerator objf: 1.48119
LOG (nnet3-chain-train[5.5.1009~1-e4940]:ComputeChainObjfAndDerivE2e():chain-training.cc:162) Numerator objf: 1.40861
LOG (nnet3-chain-train[5.5.1009~1-e4940]:ComputeChainObjfAndDerivE2e():chain-training.cc:162) Numerator objf: 1.43875
LOG (nnet3-chain-train[5.5.1009~1-e4940]:ComputeChainObjfAndDerivE2e():chain-training.cc:162) Numerator objf: 1.38434
LOG (nnet3-chain-train[5.5.1009~1-e4940]:PrintStatsForThisPhase():nnet-training.cc:278) Average objective function for 'output-xent' for minibatches 220-229 is -1.64154 over 28096 frames.
LOG (nnet3-chain-train[5.5.1009~1-e4940]:PrintStatsForThisPhase():nnet-training.cc:278) Average objective function for 'output' for minibatches 220-229 is -0.0847275 over 28096 frames.
LOG (nnet3-chain-train[5.5.1009~1-e4940]:ComputeChainObjfAndDerivE2e():chain-training.cc:162) Numerator objf: 1.32123
LOG (nnet3-chain-train[5.5.1009~1-e4940]:ComputeChainObjfAndDerivE2e():chain-training.cc:162) Numerator objf: 1.46372
LOG (nnet3-chain-train[5.5.1009~1-e4940]:ComputeChainObjfAndDerivE2e():chain-training.cc:162) Numerator objf: 1.40107
LOG (nnet3-chain-train[5.5.1009~1-e4940]:ComputeChainObjfAndDerivE2e():chain-training.cc:162) Numerator objf: 1.446
LOG (nnet3-chain-train[5.5.1009~1-e4940]:ComputeChainObjfAndDerivE2e():chain-training.cc:162) Numerator objf: 1.41372
LOG (nnet3-chain-train[5.5.1009~1-e4940]:ComputeChainObjfAndDerivE2e():chain-training.cc:162) Numerator objf: 1.44656
LOG (nnet3-chain-train[5.5.1009~1-e4940]:ComputeChainObjfAndDerivE2e():chain-training.cc:162) Numerator objf: 1.44763
LOG (nnet3-chain-train[5.5.1009~1-e4940]:ComputeChainObjfAndDerivE2e():chain-training.cc:162) Numerator objf: 1.43154
LOG (nnet3-chain-train[5.5.1009~1-e4940]:ComputeChainObjfAndDerivE2e():chain-training.cc:162) Numerator objf: 1.44595
LOG (nnet3-chain-train[5.5.1009~1-e4940]:ComputeChainObjfAndDerivE2e():chain-training.cc:162) Numerator objf: 1.41663
LOG (nnet3-chain-train[5.5.1009~1-e4940]:PrintStatsForThisPhase():nnet-training.cc:278) Average objective function for 'output-xent' for minibatches 230-239 is -1.78613 over 28288 frames.
LOG (nnet3-chain-train[5.5.1009~1-e4940]:PrintStatsForThisPhase():nnet-training.cc:278) Average objective function for 'output' for minibatches 230-239 is -0.0891105 over 28288 frames.
LOG (nnet3-chain-train[5.5.1009~1-e4940]:ComputeChainObjfAndDerivE2e():chain-training.cc:162) Numerator objf: 1.47719
LOG (nnet3-chain-train[5.5.1009~1-e4940]:ComputeChainObjfAndDerivE2e():chain-training.cc:162) Numerator objf: 1.46545
LOG (nnet3-chain-train[5.5.1009~1-e4940]:ComputeChainObjfAndDerivE2e():chain-training.cc:162) Numerator objf: 1.48173
LOG (nnet3-chain-train[5.5.1009~1-e4940]:ComputeChainObjfAndDerivE2e():chain-training.cc:162) Numerator objf: 1.46979
LOG (nnet3-chain-train[5.5.1009~1-e4940]:ComputeChainObjfAndDerivE2e():chain-training.cc:162) Numerator objf: 1.45924
LOG (nnet3-chain-train[5.5.1009~1-e4940]:ComputeChainObjfAndDerivE2e():chain-training.cc:162) Numerator objf: 1.4491
LOG (nnet3-chain-train[5.5.1009~1-e4940]:ComputeChainObjfAndDerivE2e():chain-training.cc:162) Numerator objf: 1.48273
LOG (nnet3-chain-train[5.5.1009~1-e4940]:ComputeChainObjfAndDerivE2e():chain-training.cc:162) Numerator objf: 1.48138
LOG (nnet3-chain-train[5.5.1009~1-e4940]:ComputeChainObjfAndDerivE2e():chain-training.cc:162) Numerator objf: 1.49438
LOG (nnet3-chain-train[5.5.1009~1-e4940]:ComputeChainObjfAndDerivE2e():chain-training.cc:162) Numerator objf: 1.52164
LOG (nnet3-chain-train[5.5.1009~1-e4940]:PrintStatsForThisPhase():nnet-training.cc:278) Average objective function for 'output-xent' for minibatches 240-249 is -1.674 over 28096 frames.
LOG (nnet3-chain-train[5.5.1009~1-e4940]:PrintStatsForThisPhase():nnet-training.cc:278) Average objective function for 'output' for minibatches 240-249 is -0.0829554 over 28096 frames.
LOG (nnet3-chain-train[5.5.1009~1-e4940]:ComputeChainObjfAndDerivE2e():chain-training.cc:162) Numerator objf: 1.57649
LOG (nnet3-chain-train[5.5.1009~1-e4940]:ComputeChainObjfAndDerivE2e():chain-training.cc:162) Numerator objf: 1.49024
LOG (nnet3-chain-train[5.5.1009~1-e4940]:ComputeChainObjfAndDerivE2e():chain-training.cc:162) Numerator objf: 1.52428
LOG (nnet3-chain-train[5.5.1009~1-e4940]:ComputeChainObjfAndDerivE2e():chain-training.cc:162) Numerator objf: 1.45374
LOG (nnet3-chain-train[5.5.1009~1-e4940]:ComputeChainObjfAndDerivE2e():chain-training.cc:162) Numerator objf: 1.43914
LOG (nnet3-chain-train[5.5.1009~1-e4940]:ComputeChainObjfAndDerivE2e():chain-training.cc:162) Numerator objf: 1.52316
LOG (nnet3-chain-train[5.5.1009~1-e4940]:ComputeChainObjfAndDerivE2e():chain-training.cc:162) Numerator objf: 1.45335
LOG (nnet3-chain-train[5.5.1009~1-e4940]:ComputeChainObjfAndDerivE2e():chain-training.cc:162) Numerator objf: 1.40165
LOG (nnet3-chain-train[5.5.1009~1-e4940]:ComputeChainObjfAndDerivE2e():chain-training.cc:162) Numerator objf: 1.39708
LOG (nnet3-chain-train[5.5.1009~1-e4940]:ComputeChainObjfAndDerivE2e():chain-training.cc:162) Numerator objf: 1.44508
LOG (nnet3-chain-train[5.5.1009~1-e4940]:PrintStatsForThisPhase():nnet-training.cc:278) Average objective function for 'output-xent' for minibatches 250-259 is -1.67121 over 28096 frames.
LOG (nnet3-chain-train[5.5.1009~1-e4940]:PrintStatsForThisPhase():nnet-training.cc:278) Average objective function for 'output' for minibatches 250-259 is -0.0837375 over 28096 frames.
LOG (nnet3-chain-train[5.5.1009~1-e4940]:ComputeChainObjfAndDerivE2e():chain-training.cc:162) Numerator objf: 1.46224
LOG (nnet3-chain-train[5.5.1009~1-e4940]:ComputeChainObjfAndDerivE2e():chain-training.cc:162) Numerator objf: 1.50996
LOG (nnet3-chain-train[5.5.1009~1-e4940]:ComputeChainObjfAndDerivE2e():chain-training.cc:162) Numerator objf: 1.54044
LOG (nnet3-chain-train[5.5.1009~1-e4940]:ComputeChainObjfAndDerivE2e():chain-training.cc:162) Numerator objf: 1.58887
LOG (nnet3-chain-train[5.5.1009~1-e4940]:ComputeChainObjfAndDerivE2e():chain-training.cc:162) Numerator objf: 1.55548
LOG (nnet3-chain-train[5.5.1009~1-e4940]:ComputeChainObjfAndDerivE2e():chain-training.cc:162) Numerator objf: 1.5683
LOG (nnet3-chain-train[5.5.1009~1-e4940]:ComputeChainObjfAndDerivE2e():chain-training.cc:162) Numerator objf: 1.50985
LOG (nnet3-chain-train[5.5.1009~1-e4940]:ComputeChainObjfAndDerivE2e():chain-training.cc:162) Numerator objf: 1.46923
LOG (nnet3-chain-train[5.5.1009~1-e4940]:ComputeChainObjfAndDerivE2e():chain-training.cc:162) Numerator objf: 1.45084
LOG (nnet3-chain-train[5.5.1009~1-e4940]:ComputeChainObjfAndDerivE2e():chain-training.cc:162) Numerator objf: 1.48272
LOG (nnet3-chain-train[5.5.1009~1-e4940]:PrintStatsForThisPhase():nnet-training.cc:278) Average objective function for 'output-xent' for minibatches 260-269 is -1.64508 over 28288 frames.
LOG (nnet3-chain-train[5.5.1009~1-e4940]:PrintStatsForThisPhase():nnet-training.cc:278) Average objective function for 'output' for minibatches 260-269 is -0.082503 over 28288 frames.
LOG (nnet3-chain-train[5.5.1009~1-e4940]:ComputeChainObjfAndDerivE2e():chain-training.cc:162) Numerator objf: 1.47265
LOG (nnet3-chain-train[5.5.1009~1-e4940]:ComputeChainObjfAndDerivE2e():chain-training.cc:162) Numerator objf: 1.56254
LOG (nnet3-chain-train[5.5.1009~1-e4940]:ComputeChainObjfAndDerivE2e():chain-training.cc:162) Numerator objf: 1.4764
LOG (nnet3-chain-train[5.5.1009~1-e4940]:ComputeChainObjfAndDerivE2e():chain-training.cc:162) Numerator objf: 1.5482
LOG (nnet3-chain-train[5.5.1009~1-e4940]:ComputeChainObjfAndDerivE2e():chain-training.cc:162) Numerator objf: 1.52633
LOG (nnet3-chain-train[5.5.1009~1-e4940]:ComputeChainObjfAndDerivE2e():chain-training.cc:162) Numerator objf: 1.5303
LOG (nnet3-chain-train[5.5.1009~1-e4940]:ComputeChainObjfAndDerivE2e():chain-training.cc:162) Numerator objf: 1.47279
LOG (nnet3-chain-train[5.5.1009~1-e4940]:ComputeChainObjfAndDerivE2e():chain-training.cc:162) Numerator objf: 1.51234
LOG (nnet3-chain-train[5.5.1009~1-e4940]:ComputeChainObjfAndDerivE2e():chain-training.cc:162) Numerator objf: 1.50599
LOG (nnet3-chain-train[5.5.1009~1-e4940]:ComputeChainObjfAndDerivE2e():chain-training.cc:162) Numerator objf: 1.43792
LOG (nnet3-chain-train[5.5.1009~1-e4940]:PrintStatsForThisPhase():nnet-training.cc:278) Average objective function for 'output-xent' for minibatches 270-279 is -1.63373 over 28288 frames.
LOG (nnet3-chain-train[5.5.1009~1-e4940]:PrintStatsForThisPhase():nnet-training.cc:278) Average objective function for 'output' for minibatches 270-279 is -0.0836342 over 28288 frames.
LOG (nnet3-chain-train[5.5.1009~1-e4940]:ComputeChainObjfAndDerivE2e():chain-training.cc:162) Numerator objf: 1.42946
LOG (nnet3-chain-train[5.5.1009~1-e4940]:ComputeChainObjfAndDerivE2e():chain-training.cc:162) Numerator objf: 1.49436
LOG (nnet3-chain-train[5.5.1009~1-e4940]:ComputeChainObjfAndDerivE2e():chain-training.cc:162) Numerator objf: 1.51993
LOG (nnet3-chain-train[5.5.1009~1-e4940]:ComputeChainObjfAndDerivE2e():chain-training.cc:162) Numerator objf: 1.51623
LOG (nnet3-chain-train[5.5.1009~1-e4940]:ComputeChainObjfAndDerivE2e():chain-training.cc:162) Numerator objf: 1.53688
LOG (nnet3-chain-train[5.5.1009~1-e4940]:ComputeChainObjfAndDerivE2e():chain-training.cc:162) Numerator objf: 1.506
LOG (nnet3-chain-train[5.5.1009~1-e4940]:ComputeChainObjfAndDerivE2e():chain-training.cc:162) Numerator objf: 1.53521
LOG (nnet3-chain-train[5.5.1009~1-e4940]:ComputeChainObjfAndDerivE2e():chain-training.cc:162) Numerator objf: 1.52018
LOG (nnet3-chain-train[5.5.1009~1-e4940]:ComputeChainObjfAndDerivE2e():chain-training.cc:162) Numerator objf: 1.53208
LOG (nnet3-chain-train[5.5.1009~1-e4940]:ComputeChainObjfAndDerivE2e():chain-training.cc:162) Numerator objf: 1.59396
LOG (nnet3-chain-train[5.5.1009~1-e4940]:PrintStatsForThisPhase():nnet-training.cc:278) Average objective function for 'output-xent' for minibatches 280-289 is -1.63723 over 28096 frames.
LOG (nnet3-chain-train[5.5.1009~1-e4940]:PrintStatsForThisPhase():nnet-training.cc:278) Average objective function for 'output' for minibatches 280-289 is -0.084055 over 28096 frames.
LOG (nnet3-chain-train[5.5.1009~1-e4940]:ComputeChainObjfAndDerivE2e():chain-training.cc:162) Numerator objf: 1.45229
LOG (nnet3-chain-train[5.5.1009~1-e4940]:ComputeChainObjfAndDerivE2e():chain-training.cc:162) Numerator objf: 1.42404
LOG (nnet3-chain-train[5.5.1009~1-e4940]:ComputeChainObjfAndDerivE2e():chain-training.cc:162) Numerator objf: 1.41761
LOG (nnet3-chain-train[5.5.1009~1-e4940]:ComputeChainObjfAndDerivE2e():chain-training.cc:162) Numerator objf: 1.44436
LOG (nnet3-chain-train[5.5.1009~1-e4940]:ComputeChainObjfAndDerivE2e():chain-training.cc:162) Numerator objf: 1.44788
LOG (nnet3-chain-train[5.5.1009~1-e4940]:ComputeChainObjfAndDerivE2e():chain-training.cc:162) Numerator objf: 1.45071
LOG (nnet3-chain-train[5.5.1009~1-e4940]:ComputeChainObjfAndDerivE2e():chain-training.cc:162) Numerator objf: 1.53197
LOG (nnet3-chain-train[5.5.1009~1-e4940]:ComputeChainObjfAndDerivE2e():chain-training.cc:162) Numerator objf: 1.53393
LOG (nnet3-chain-train[5.5.1009~1-e4940]:ComputeChainObjfAndDerivE2e():chain-training.cc:162) Numerator objf: 1.49803
LOG (nnet3-chain-train[5.5.1009~1-e4940]:ComputeChainObjfAndDerivE2e():chain-training.cc:162) Numerator objf: 1.49749
LOG (nnet3-chain-train[5.5.1009~1-e4940]:PrintStatsForThisPhase():nnet-training.cc:278) Average objective function for 'output-xent' for minibatches 290-299 is -1.66029 over 29120 frames.
LOG (nnet3-chain-train[5.5.1009~1-e4940]:PrintStatsForThisPhase():nnet-training.cc:278) Average objective function for 'output' for minibatches 290-299 is -0.0837395 over 29120 frames.
LOG (nnet3-chain-train[5.5.1009~1-e4940]:ComputeChainObjfAndDerivE2e():chain-training.cc:162) Numerator objf: 1.47187
LOG (nnet3-chain-train[5.5.1009~1-e4940]:ComputeChainObjfAndDerivE2e():chain-training.cc:162) Numerator objf: 1.51645
LOG (nnet3-chain-train[5.5.1009~1-e4940]:ComputeChainObjfAndDerivE2e():chain-training.cc:162) Numerator objf: 1.4476
LOG (nnet3-chain-train[5.5.1009~1-e4940]:ComputeChainObjfAndDerivE2e():chain-training.cc:162) Numerator objf: 1.50965
LOG (nnet3-chain-train[5.5.1009~1-e4940]:ComputeChainObjfAndDerivE2e():chain-training.cc:162) Numerator objf: 1.58269
LOG (nnet3-chain-train[5.5.1009~1-e4940]:ComputeChainObjfAndDerivE2e():chain-training.cc:162) Numerator objf: 1.56877
LOG (nnet3-chain-train[5.5.1009~1-e4940]:ComputeChainObjfAndDerivE2e():chain-training.cc:162) Numerator objf: 1.55623
LOG (nnet3-chain-train[5.5.1009~1-e4940]:ComputeChainObjfAndDerivE2e():chain-training.cc:162) Numerator objf: 1.5734
LOG (nnet3-chain-train[5.5.1009~1-e4940]:ComputeChainObjfAndDerivE2e():chain-training.cc:162) Numerator objf: 1.51835
LOG (nnet3-chain-train[5.5.1009~1-e4940]:ComputeChainObjfAndDerivE2e():chain-training.cc:162) Numerator objf: 1.54571
LOG (nnet3-chain-train[5.5.1009~1-e4940]:PrintStatsForThisPhase():nnet-training.cc:278) Average objective function for 'output-xent' for minibatches 300-309 is -1.60988 over 27264 frames.
LOG (nnet3-chain-train[5.5.1009~1-e4940]:PrintStatsForThisPhase():nnet-training.cc:278) Average objective function for 'output' for minibatches 300-309 is -0.0782025 over 27264 frames.
LOG (nnet3-chain-train[5.5.1009~1-e4940]:ComputeChainObjfAndDerivE2e():chain-training.cc:162) Numerator objf: 1.50656
LOG (nnet3-chain-train[5.5.1009~1-e4940]:ComputeChainObjfAndDerivE2e():chain-training.cc:162) Numerator objf: 1.53494
LOG (nnet3-chain-train[5.5.1009~1-e4940]:ComputeChainObjfAndDerivE2e():chain-training.cc:162) Numerator objf: 1.48213
LOG (nnet3-chain-train[5.5.1009~1-e4940]:ComputeChainObjfAndDerivE2e():chain-training.cc:162) Numerator objf: 1.51894
LOG (nnet3-chain-train[5.5.1009~1-e4940]:ComputeChainObjfAndDerivE2e():chain-training.cc:162) Numerator objf: 1.47822
LOG (nnet3-chain-train[5.5.1009~1-e4940]:ComputeChainObjfAndDerivE2e():chain-training.cc:162) Numerator objf: 1.51297
LOG (nnet3-chain-train[5.5.1009~1-e4940]:ComputeChainObjfAndDerivE2e():chain-training.cc:162) Numerator objf: 1.52337
LOG (nnet3-chain-train[5.5.1009~1-e4940]:ComputeChainObjfAndDerivE2e():chain-training.cc:162) Numerator objf: 1.53416
LOG (nnet3-chain-train[5.5.1009~1-e4940]:ComputeChainObjfAndDerivE2e():chain-training.cc:162) Numerator objf: 1.53042
LOG (nnet3-chain-train[5.5.1009~1-e4940]:ComputeChainObjfAndDerivE2e():chain-training.cc:162) Numerator objf: 1.54268
LOG (nnet3-chain-train[5.5.1009~1-e4940]:PrintStatsForThisPhase():nnet-training.cc:278) Average objective function for 'output-xent' for minibatches 310-319 is -1.6331 over 28288 frames.
LOG (nnet3-chain-train[5.5.1009~1-e4940]:PrintStatsForThisPhase():nnet-training.cc:278) Average objective function for 'output' for minibatches 310-319 is -0.0764122 over 28288 frames.
LOG (nnet3-chain-train[5.5.1009~1-e4940]:ComputeChainObjfAndDerivE2e():chain-training.cc:162) Numerator objf: 1.55372
LOG (nnet3-chain-train[5.5.1009~1-e4940]:ComputeChainObjfAndDerivE2e():chain-training.cc:162) Numerator objf: 1.51948
LOG (nnet3-chain-train[5.5.1009~1-e4940]:ComputeChainObjfAndDerivE2e():chain-training.cc:162) Numerator objf: 1.57067
LOG (nnet3-chain-train[5.5.1009~1-e4940]:ComputeChainObjfAndDerivE2e():chain-training.cc:162) Numerator objf: 1.51519
LOG (nnet3-chain-train[5.5.1009~1-e4940]:ComputeChainObjfAndDerivE2e():chain-training.cc:162) Numerator objf: 1.44009
LOG (nnet3-chain-train[5.5.1009~1-e4940]:ComputeChainObjfAndDerivE2e():chain-training.cc:162) Numerator objf: 1.42543
LOG (nnet3-chain-train[5.5.1009~1-e4940]:ComputeChainObjfAndDerivE2e():chain-training.cc:162) Numerator objf: 1.44411
LOG (nnet3-chain-train[5.5.1009~1-e4940]:ComputeChainObjfAndDerivE2e():chain-training.cc:162) Numerator objf: 1.54773
LOG (nnet3-chain-train[5.5.1009~1-e4940]:ComputeChainObjfAndDerivE2e():chain-training.cc:162) Numerator objf: 1.50493
LOG (nnet3-chain-train[5.5.1009~1-e4940]:ComputeChainObjfAndDerivE2e():chain-training.cc:162) Numerator objf: 1.45438
LOG (nnet3-chain-train[5.5.1009~1-e4940]:PrintStatsForThisPhase():nnet-training.cc:278) Average objective function for 'output-xent' for minibatches 320-329 is -1.63333 over 28096 frames.
LOG (nnet3-chain-train[5.5.1009~1-e4940]:PrintStatsForThisPhase():nnet-training.cc:278) Average objective function for 'output' for minibatches 320-329 is -0.0835919 over 28096 frames.
LOG (nnet3-chain-train[5.5.1009~1-e4940]:ComputeChainObjfAndDerivE2e():chain-training.cc:162) Numerator objf: 1.50599
LOG (nnet3-chain-train[5.5.1009~1-e4940]:ComputeChainObjfAndDerivE2e():chain-training.cc:162) Numerator objf: 1.53821
LOG (nnet3-chain-train[5.5.1009~1-e4940]:ComputeChainObjfAndDerivE2e():chain-training.cc:162) Numerator objf: 1.47536
LOG (nnet3-chain-train[5.5.1009~1-e4940]:ComputeChainObjfAndDerivE2e():chain-training.cc:162) Numerator objf: 1.4977
LOG (nnet3-chain-train[5.5.1009~1-e4940]:ComputeChainObjfAndDerivE2e():chain-training.cc:162) Numerator objf: 1.52336
LOG (nnet3-chain-train[5.5.1009~1-e4940]:ComputeChainObjfAndDerivE2e():chain-training.cc:162) Numerator objf: 1.49608
LOG (nnet3-chain-train[5.5.1009~1-e4940]:ComputeChainObjfAndDerivE2e():chain-training.cc:162) Numerator objf: 1.52593
LOG (nnet3-chain-train[5.5.1009~1-e4940]:ComputeChainObjfAndDerivE2e():chain-training.cc:162) Numerator objf: 1.4897
LOG (nnet3-chain-train[5.5.1009~1-e4940]:ComputeChainObjfAndDerivE2e():chain-training.cc:162) Numerator objf: 1.43648
LOG (nnet3-chain-train[5.5.1009~1-e4940]:ComputeChainObjfAndDerivE2e():chain-training.cc:162) Numerator objf: 1.49474
LOG (nnet3-chain-train[5.5.1009~1-e4940]:PrintStatsForThisPhase():nnet-training.cc:278) Average objective function for 'output-xent' for minibatches 330-339 is -1.65726 over 28096 frames.
LOG (nnet3-chain-train[5.5.1009~1-e4940]:PrintStatsForThisPhase():nnet-training.cc:278) Average objective function for 'output' for minibatches 330-339 is -0.079739 over 28096 frames.
LOG (nnet3-chain-train[5.5.1009~1-e4940]:ComputeChainObjfAndDerivE2e():chain-training.cc:162) Numerator objf: 1.53018
LOG (nnet3-chain-train[5.5.1009~1-e4940]:ComputeChainObjfAndDerivE2e():chain-training.cc:162) Numerator objf: 1.55064
LOG (nnet3-chain-train[5.5.1009~1-e4940]:ComputeChainObjfAndDerivE2e():chain-training.cc:162) Numerator objf: 1.51782
LOG (nnet3-chain-train[5.5.1009~1-e4940]:ComputeChainObjfAndDerivE2e():chain-training.cc:162) Numerator objf: 1.51107
LOG (nnet3-chain-train[5.5.1009~1-e4940]:ComputeChainObjfAndDerivE2e():chain-training.cc:162) Numerator objf: 1.49907
LOG (nnet3-chain-train[5.5.1009~1-e4940]:ComputeChainObjfAndDerivE2e():chain-training.cc:162) Numerator objf: 1.50657
LOG (nnet3-chain-train[5.5.1009~1-e4940]:ComputeChainObjfAndDerivE2e():chain-training.cc:162) Numerator objf: 1.4972
LOG (nnet3-chain-train[5.5.1009~1-e4940]:ComputeChainObjfAndDerivE2e():chain-training.cc:162) Numerator objf: 1.4848
LOG (nnet3-chain-train[5.5.1009~1-e4940]:ComputeChainObjfAndDerivE2e():chain-training.cc:162) Numerator objf: 1.42551
LOG (nnet3-chain-train[5.5.1009~1-e4940]:ComputeChainObjfAndDerivE2e():chain-training.cc:162) Numerator objf: 1.47487
LOG (nnet3-chain-train[5.5.1009~1-e4940]:PrintStatsForThisPhase():nnet-training.cc:278) Average objective function for 'output-xent' for minibatches 340-349 is -1.67344 over 28288 frames.
LOG (nnet3-chain-train[5.5.1009~1-e4940]:PrintStatsForThisPhase():nnet-training.cc:278) Average objective function for 'output' for minibatches 340-349 is -0.0837094 over 28288 frames.
LOG (nnet3-chain-train[5.5.1009~1-e4940]:ComputeChainObjfAndDerivE2e():chain-training.cc:162) Numerator objf: 1.5514
LOG (nnet3-chain-train[5.5.1009~1-e4940]:ComputeChainObjfAndDerivE2e():chain-training.cc:162) Numerator objf: 1.5362
LOG (nnet3-chain-train[5.5.1009~1-e4940]:ComputeChainObjfAndDerivE2e():chain-training.cc:162) Numerator objf: 1.5778
LOG (nnet3-chain-train[5.5.1009~1-e4940]:ComputeChainObjfAndDerivE2e():chain-training.cc:162) Numerator objf: 1.56388
LOG (nnet3-chain-train[5.5.1009~1-e4940]:ComputeChainObjfAndDerivE2e():chain-training.cc:162) Numerator objf: 1.54111
LOG (nnet3-chain-train[5.5.1009~1-e4940]:ComputeChainObjfAndDerivE2e():chain-training.cc:162) Numerator objf: 1.5565
LOG (nnet3-chain-train[5.5.1009~1-e4940]:ComputeChainObjfAndDerivE2e():chain-training.cc:162) Numerator objf: 1.45812
LOG (nnet3-chain-train[5.5.1009~1-e4940]:ComputeChainObjfAndDerivE2e():chain-training.cc:162) Numerator objf: 1.46327
LOG (nnet3-chain-train[5.5.1009~1-e4940]:ComputeChainObjfAndDerivE2e():chain-training.cc:162) Numerator objf: 1.42408
LOG (nnet3-chain-train[5.5.1009~1-e4940]:ComputeChainObjfAndDerivE2e():chain-training.cc:162) Numerator objf: 1.43841
LOG (nnet3-chain-train[5.5.1009~1-e4940]:PrintStatsForThisPhase():nnet-training.cc:278) Average objective function for 'output-xent' for minibatches 350-359 is -1.58498 over 28096 frames.
LOG (nnet3-chain-train[5.5.1009~1-e4940]:PrintStatsForThisPhase():nnet-training.cc:278) Average objective function for 'output' for minibatches 350-359 is -0.0851396 over 28096 frames.
LOG (nnet3-chain-train[5.5.1009~1-e4940]:ComputeChainObjfAndDerivE2e():chain-training.cc:162) Numerator objf: 1.51646
LOG (nnet3-chain-train[5.5.1009~1-e4940]:ComputeChainObjfAndDerivE2e():chain-training.cc:162) Numerator objf: 1.49353
LOG (nnet3-chain-train[5.5.1009~1-e4940]:ComputeChainObjfAndDerivE2e():chain-training.cc:162) Numerator objf: 1.50738
LOG (nnet3-chain-train[5.5.1009~1-e4940]:ComputeChainObjfAndDerivE2e():chain-training.cc:162) Numerator objf: 1.53732
LOG (nnet3-chain-train[5.5.1009~1-e4940]:ComputeChainObjfAndDerivE2e():chain-training.cc:162) Numerator objf: 1.51496
LOG (nnet3-chain-train[5.5.1009~1-e4940]:ComputeChainObjfAndDerivE2e():chain-training.cc:162) Numerator objf: 1.46317
LOG (nnet3-chain-train[5.5.1009~1-e4940]:ComputeChainObjfAndDerivE2e():chain-training.cc:162) Numerator objf: 1.48042
LOG (nnet3-chain-train[5.5.1009~1-e4940]:ComputeChainObjfAndDerivE2e():chain-training.cc:162) Numerator objf: 1.50339
LOG (nnet3-chain-train[5.5.1009~1-e4940]:ComputeChainObjfAndDerivE2e():chain-training.cc:162) Numerator objf: 1.49965
LOG (nnet3-chain-train[5.5.1009~1-e4940]:ComputeChainObjfAndDerivE2e():chain-training.cc:162) Numerator objf: 1.48346
LOG (nnet3-chain-train[5.5.1009~1-e4940]:PrintStatsForThisPhase():nnet-training.cc:278) Average objective function for 'output-xent' for minibatches 360-369 is -1.62184 over 28288 frames.
LOG (nnet3-chain-train[5.5.1009~1-e4940]:PrintStatsForThisPhase():nnet-training.cc:278) Average objective function for 'output' for minibatches 360-369 is -0.0729564 over 28288 frames.
LOG (nnet3-chain-train[5.5.1009~1-e4940]:ComputeChainObjfAndDerivE2e():chain-training.cc:162) Numerator objf: 1.42637
LOG (nnet3-chain-train[5.5.1009~1-e4940]:ComputeChainObjfAndDerivE2e():chain-training.cc:162) Numerator objf: 1.41936
LOG (nnet3-chain-train[5.5.1009~1-e4940]:ComputeChainObjfAndDerivE2e():chain-training.cc:162) Numerator objf: 1.48593
LOG (nnet3-chain-train[5.5.1009~1-e4940]:ComputeChainObjfAndDerivE2e():chain-training.cc:162) Numerator objf: 1.50679
LOG (nnet3-chain-train[5.5.1009~1-e4940]:ComputeChainObjfAndDerivE2e():chain-training.cc:162) Numerator objf: 1.54911
LOG (nnet3-chain-train[5.5.1009~1-e4940]:ComputeChainObjfAndDerivE2e():chain-training.cc:162) Numerator objf: 1.51547
LOG (nnet3-chain-train[5.5.1009~1-e4940]:ComputeChainObjfAndDerivE2e():chain-training.cc:162) Numerator objf: 1.47078
LOG (nnet3-chain-train[5.5.1009~1-e4940]:ComputeChainObjfAndDerivE2e():chain-training.cc:162) Numerator objf: 1.44355
LOG (nnet3-chain-train[5.5.1009~1-e4940]:ComputeChainObjfAndDerivE2e():chain-training.cc:162) Numerator objf: 1.45094
LOG (nnet3-chain-train[5.5.1009~1-e4940]:ComputeChainObjfAndDerivE2e():chain-training.cc:162) Numerator objf: 1.49068
LOG (nnet3-chain-train[5.5.1009~1-e4940]:PrintStatsForThisPhase():nnet-training.cc:278) Average objective function for 'output-xent' for minibatches 370-379 is -1.64665 over 28096 frames.
LOG (nnet3-chain-train[5.5.1009~1-e4940]:PrintStatsForThisPhase():nnet-training.cc:278) Average objective function for 'output' for minibatches 370-379 is -0.0807982 over 28096 frames.
LOG (nnet3-chain-train[5.5.1009~1-e4940]:ComputeChainObjfAndDerivE2e():chain-training.cc:162) Numerator objf: 1.4949
LOG (nnet3-chain-train[5.5.1009~1-e4940]:ComputeChainObjfAndDerivE2e():chain-training.cc:162) Numerator objf: 1.55143
LOG (nnet3-chain-train[5.5.1009~1-e4940]:ComputeChainObjfAndDerivE2e():chain-training.cc:162) Numerator objf: 1.51334
LOG (nnet3-chain-train[5.5.1009~1-e4940]:ComputeChainObjfAndDerivE2e():chain-training.cc:162) Numerator objf: 1.52633
LOG (nnet3-chain-train[5.5.1009~1-e4940]:ComputeChainObjfAndDerivE2e():chain-training.cc:162) Numerator objf: 1.54615
LOG (nnet3-chain-train[5.5.1009~1-e4940]:ComputeChainObjfAndDerivE2e():chain-training.cc:162) Numerator objf: 1.45658
LOG (nnet3-chain-train[5.5.1009~1-e4940]:ComputeChainObjfAndDerivE2e():chain-training.cc:162) Numerator objf: 1.51138
LOG (nnet3-chain-train[5.5.1009~1-e4940]:ComputeChainObjfAndDerivE2e():chain-training.cc:162) Numerator objf: 1.52244
LOG (nnet3-chain-train[5.5.1009~1-e4940]:ComputeChainObjfAndDerivE2e():chain-training.cc:162) Numerator objf: 1.43485
LOG (nnet3-chain-train[5.5.1009~1-e4940]:ComputeChainObjfAndDerivE2e():chain-training.cc:162) Numerator objf: 1.47307
LOG (nnet3-chain-train[5.5.1009~1-e4940]:PrintStatsForThisPhase():nnet-training.cc:278) Average objective function for 'output-xent' for minibatches 380-389 is -1.65116 over 28288 frames.
LOG (nnet3-chain-train[5.5.1009~1-e4940]:PrintStatsForThisPhase():nnet-training.cc:278) Average objective function for 'output' for minibatches 380-389 is -0.0853311 over 28288 frames.
LOG (nnet3-chain-train[5.5.1009~1-e4940]:ComputeChainObjfAndDerivE2e():chain-training.cc:162) Numerator objf: 1.44196
LOG (nnet3-chain-train[5.5.1009~1-e4940]:ComputeChainObjfAndDerivE2e():chain-training.cc:162) Numerator objf: 1.44218
LOG (nnet3-chain-train[5.5.1009~1-e4940]:ComputeChainObjfAndDerivE2e():chain-training.cc:162) Numerator objf: 1.39921
LOG (nnet3-chain-train[5.5.1009~1-e4940]:ComputeChainObjfAndDerivE2e():chain-training.cc:162) Numerator objf: 1.53531
LOG (nnet3-chain-train[5.5.1009~1-e4940]:ComputeChainObjfAndDerivE2e():chain-training.cc:162) Numerator objf: 1.44328
LOG (nnet3-chain-train[5.5.1009~1-e4940]:ComputeChainObjfAndDerivE2e():chain-training.cc:162) Numerator objf: 1.43095
LOG (nnet3-chain-train[5.5.1009~1-e4940]:ComputeChainObjfAndDerivE2e():chain-training.cc:162) Numerator objf: 1.43579
LOG (nnet3-chain-train[5.5.1009~1-e4940]:ComputeChainObjfAndDerivE2e():chain-training.cc:162) Numerator objf: 1.51014
LOG (nnet3-chain-train[5.5.1009~1-e4940]:ComputeChainObjfAndDerivE2e():chain-training.cc:162) Numerator objf: 1.44923
LOG (nnet3-chain-train[5.5.1009~1-e4940]:ComputeChainObjfAndDerivE2e():chain-training.cc:162) Numerator objf: 1.43808
LOG (nnet3-chain-train[5.5.1009~1-e4940]:PrintStatsForThisPhase():nnet-training.cc:278) Average objective function for 'output-xent' for minibatches 390-399 is -1.64138 over 27264 frames.
LOG (nnet3-chain-train[5.5.1009~1-e4940]:PrintStatsForThisPhase():nnet-training.cc:278) Average objective function for 'output' for minibatches 390-399 is -0.0892059 over 27264 frames.
LOG (nnet3-chain-train[5.5.1009~1-e4940]:ComputeChainObjfAndDerivE2e():chain-training.cc:162) Numerator objf: 1.48726
LOG (nnet3-chain-train[5.5.1009~1-e4940]:ComputeChainObjfAndDerivE2e():chain-training.cc:162) Numerator objf: 1.46466
LOG (nnet3-chain-train[5.5.1009~1-e4940]:ComputeChainObjfAndDerivE2e():chain-training.cc:162) Numerator objf: 1.54908
LOG (nnet3-chain-train[5.5.1009~1-e4940]:ComputeChainObjfAndDerivE2e():chain-training.cc:162) Numerator objf: 1.52199
LOG (nnet3-chain-train[5.5.1009~1-e4940]:ComputeChainObjfAndDerivE2e():chain-training.cc:162) Numerator objf: 1.5611
LOG (nnet3-chain-train[5.5.1009~1-e4940]:ComputeChainObjfAndDerivE2e():chain-training.cc:162) Numerator objf: 1.49507
LOG (nnet3-chain-train[5.5.1009~1-e4940]:ComputeChainObjfAndDerivE2e():chain-training.cc:162) Numerator objf: 1.5283
LOG (nnet3-chain-train[5.5.1009~1-e4940]:ComputeChainObjfAndDerivE2e():chain-training.cc:162) Numerator objf: 1.52227
LOG (nnet3-chain-train[5.5.1009~1-e4940]:ComputeChainObjfAndDerivE2e():chain-training.cc:162) Numerator objf: 1.50087
LOG (nnet3-chain-train[5.5.1009~1-e4940]:ComputeChainObjfAndDerivE2e():chain-training.cc:162) Numerator objf: 1.43477
LOG (nnet3-chain-train[5.5.1009~1-e4940]:PrintStatsForThisPhase():nnet-training.cc:278) Average objective function for 'output-xent' for minibatches 400-409 is -1.63125 over 29120 frames.
LOG (nnet3-chain-train[5.5.1009~1-e4940]:PrintStatsForThisPhase():nnet-training.cc:278) Average objective function for 'output' for minibatches 400-409 is -0.0814262 over 29120 frames.
LOG (nnet3-chain-train[5.5.1009~1-e4940]:ComputeChainObjfAndDerivE2e():chain-training.cc:162) Numerator objf: 1.48176
LOG (nnet3-chain-train[5.5.1009~1-e4940]:ComputeChainObjfAndDerivE2e():chain-training.cc:162) Numerator objf: 1.45528
LOG (nnet3-chain-train[5.5.1009~1-e4940]:ComputeChainObjfAndDerivE2e():chain-training.cc:162) Numerator objf: 1.52149
LOG (nnet3-chain-train[5.5.1009~1-e4940]:ComputeChainObjfAndDerivE2e():chain-training.cc:162) Numerator objf: 1.47436
LOG (nnet3-chain-train[5.5.1009~1-e4940]:ComputeChainObjfAndDerivE2e():chain-training.cc:162) Numerator objf: 1.47333
LOG (nnet3-chain-train[5.5.1009~1-e4940]:ComputeChainObjfAndDerivE2e():chain-training.cc:162) Numerator objf: 1.53165
LOG (nnet3-chain-train[5.5.1009~1-e4940]:ComputeChainObjfAndDerivE2e():chain-training.cc:162) Numerator objf: 1.53915
LOG (nnet3-chain-train[5.5.1009~1-e4940]:ComputeChainObjfAndDerivE2e():chain-training.cc:162) Numerator objf: 1.54847
LOG (nnet3-chain-train[5.5.1009~1-e4940]:ComputeChainObjfAndDerivE2e():chain-training.cc:162) Numerator objf: 1.54384
LOG (nnet3-chain-train[5.5.1009~1-e4940]:ComputeChainObjfAndDerivE2e():chain-training.cc:162) Numerator objf: 1.5122
LOG (nnet3-chain-train[5.5.1009~1-e4940]:PrintStatsForThisPhase():nnet-training.cc:278) Average objective function for 'output-xent' for minibatches 410-419 is -1.66231 over 28288 frames.
LOG (nnet3-chain-train[5.5.1009~1-e4940]:PrintStatsForThisPhase():nnet-training.cc:278) Average objective function for 'output' for minibatches 410-419 is -0.0797195 over 28288 frames.
LOG (nnet3-chain-train[5.5.1009~1-e4940]:ComputeChainObjfAndDerivE2e():chain-training.cc:162) Numerator objf: 1.49034
LOG (nnet3-chain-train[5.5.1009~1-e4940]:ComputeChainObjfAndDerivE2e():chain-training.cc:162) Numerator objf: 1.51532
LOG (nnet3-chain-train[5.5.1009~1-e4940]:ComputeChainObjfAndDerivE2e():chain-training.cc:162) Numerator objf: 1.51098
LOG (nnet3-chain-train[5.5.1009~1-e4940]:ComputeChainObjfAndDerivE2e():chain-training.cc:162) Numerator objf: 1.58882
LOG (nnet3-chain-train[5.5.1009~1-e4940]:ComputeChainObjfAndDerivE2e():chain-training.cc:162) Numerator objf: 1.53794
LOG (nnet3-chain-train[5.5.1009~1-e4940]:ComputeChainObjfAndDerivE2e():chain-training.cc:162) Numerator objf: 1.57046
LOG (nnet3-chain-train[5.5.1009~1-e4940]:ComputeChainObjfAndDerivE2e():chain-training.cc:162) Numerator objf: 1.50979
LOG (nnet3-chain-train[5.5.1009~1-e4940]:ComputeChainObjfAndDerivE2e():chain-training.cc:162) Numerator objf: 1.38214
LOG (nnet3-chain-train[5.5.1009~1-e4940]:ComputeChainObjfAndDerivE2e():chain-training.cc:162) Numerator objf: 1.51259
LOG (nnet3-chain-train[5.5.1009~1-e4940]:ComputeChainObjfAndDerivE2e():chain-training.cc:162) Numerator objf: 1.40949
LOG (nnet3-chain-train[5.5.1009~1-e4940]:PrintStatsForThisPhase():nnet-training.cc:278) Average objective function for 'output-xent' for minibatches 420-429 is -1.72474 over 28096 frames.
LOG (nnet3-chain-train[5.5.1009~1-e4940]:PrintStatsForThisPhase():nnet-training.cc:278) Average objective function for 'output' for minibatches 420-429 is -0.0868283 over 28096 frames.
LOG (nnet3-chain-train[5.5.1009~1-e4940]:ComputeChainObjfAndDerivE2e():chain-training.cc:162) Numerator objf: 1.51996
LOG (nnet3-chain-train[5.5.1009~1-e4940]:ComputeChainObjfAndDerivE2e():chain-training.cc:162) Numerator objf: 1.48889
LOG (nnet3-chain-train[5.5.1009~1-e4940]:ComputeChainObjfAndDerivE2e():chain-training.cc:162) Numerator objf: 1.50267
LOG (nnet3-chain-train[5.5.1009~1-e4940]:ComputeChainObjfAndDerivE2e():chain-training.cc:162) Numerator objf: 1.49249
LOG (nnet3-chain-train[5.5.1009~1-e4940]:ComputeChainObjfAndDerivE2e():chain-training.cc:162) Numerator objf: 1.50403
LOG (nnet3-chain-train[5.5.1009~1-e4940]:ComputeChainObjfAndDerivE2e():chain-training.cc:162) Numerator objf: 1.51409
LOG (nnet3-chain-copy-egs[5.5.1009~1-e4940]:main():nnet3-chain-copy-egs.cc:395) Read 33180 neural-network training examples, wrote 33180
LOG (nnet3-chain-train[5.5.1009~1-e4940]:ComputeChainObjfAndDerivE2e():chain-training.cc:162) Numerator objf: 1.45104
LOG (nnet3-chain-train[5.5.1009~1-e4940]:ComputeChainObjfAndDerivE2e():chain-training.cc:162) Numerator objf: 1.42402
LOG (nnet3-chain-train[5.5.1009~1-e4940]:ComputeChainObjfAndDerivE2e():chain-training.cc:162) Numerator objf: 1.42215
LOG (nnet3-chain-train[5.5.1009~1-e4940]:ComputeChainObjfAndDerivE2e():chain-training.cc:162) Numerator objf: 1.37321
LOG (nnet3-chain-train[5.5.1009~1-e4940]:PrintStatsForThisPhase():nnet-training.cc:278) Average objective function for 'output-xent' for minibatches 430-439 is -1.69471 over 29120 frames.
LOG (nnet3-chain-train[5.5.1009~1-e4940]:PrintStatsForThisPhase():nnet-training.cc:278) Average objective function for 'output' for minibatches 430-439 is -0.0840051 over 29120 frames.
LOG (nnet3-chain-train[5.5.1009~1-e4940]:ComputeChainObjfAndDerivE2e():chain-training.cc:162) Numerator objf: 1.48656
LOG (nnet3-chain-train[5.5.1009~1-e4940]:ComputeChainObjfAndDerivE2e():chain-training.cc:162) Numerator objf: 1.42227
LOG (nnet3-chain-train[5.5.1009~1-e4940]:ComputeChainObjfAndDerivE2e():chain-training.cc:162) Numerator objf: 1.43191
LOG (nnet3-chain-train[5.5.1009~1-e4940]:ComputeChainObjfAndDerivE2e():chain-training.cc:162) Numerator objf: 1.37956
LOG (nnet3-chain-train[5.5.1009~1-e4940]:ComputeChainObjfAndDerivE2e():chain-training.cc:162) Numerator objf: 1.3964
LOG (nnet3-chain-train[5.5.1009~1-e4940]:ComputeChainObjfAndDerivE2e():chain-training.cc:162) Numerator objf: 1.43348
LOG (nnet3-chain-train[5.5.1009~1-e4940]:ComputeChainObjfAndDerivE2e():chain-training.cc:162) Numerator objf: 1.46046
LOG (nnet3-chain-train[5.5.1009~1-e4940]:ComputeChainObjfAndDerivE2e():chain-training.cc:162) Numerator objf: 1.49715
LOG (nnet3-chain-train[5.5.1009~1-e4940]:ComputeChainObjfAndDerivE2e():chain-training.cc:162) Numerator objf: 1.45687
LOG (nnet3-chain-train[5.5.1009~1-e4940]:ComputeChainObjfAndDerivE2e():chain-training.cc:162) Numerator objf: 1.48008
LOG (nnet3-chain-train[5.5.1009~1-e4940]:PrintStatsForThisPhase():nnet-training.cc:278) Average objective function for 'output-xent' for minibatches 440-449 is -1.69099 over 27264 frames.
LOG (nnet3-chain-train[5.5.1009~1-e4940]:PrintStatsForThisPhase():nnet-training.cc:278) Average objective function for 'output' for minibatches 440-449 is -0.0898383 over 27264 frames.
LOG (nnet3-chain-train[5.5.1009~1-e4940]:ComputeChainObjfAndDerivE2e():chain-training.cc:162) Numerator objf: 1.47952
LOG (nnet3-chain-train[5.5.1009~1-e4940]:ComputeChainObjfAndDerivE2e():chain-training.cc:162) Numerator objf: 1.4518
LOG (nnet3-chain-train[5.5.1009~1-e4940]:ComputeChainObjfAndDerivE2e():chain-training.cc:162) Numerator objf: 1.42323
LOG (nnet3-chain-train[5.5.1009~1-e4940]:ComputeChainObjfAndDerivE2e():chain-training.cc:162) Numerator objf: 1.45084
LOG (nnet3-chain-train[5.5.1009~1-e4940]:ComputeChainObjfAndDerivE2e():chain-training.cc:162) Numerator objf: 1.51291
LOG (nnet3-chain-train[5.5.1009~1-e4940]:ComputeChainObjfAndDerivE2e():chain-training.cc:162) Numerator objf: 1.56048
LOG (nnet3-chain-train[5.5.1009~1-e4940]:ComputeChainObjfAndDerivE2e():chain-training.cc:162) Numerator objf: 1.53936
LOG (nnet3-chain-train[5.5.1009~1-e4940]:ComputeChainObjfAndDerivE2e():chain-training.cc:162) Numerator objf: 1.44856
LOG (nnet3-chain-train[5.5.1009~1-e4940]:ComputeChainObjfAndDerivE2e():chain-training.cc:162) Numerator objf: 1.57027
LOG (nnet3-chain-train[5.5.1009~1-e4940]:ComputeChainObjfAndDerivE2e():chain-training.cc:162) Numerator objf: 1.46381
LOG (nnet3-chain-train[5.5.1009~1-e4940]:PrintStatsForThisPhase():nnet-training.cc:278) Average objective function for 'output-xent' for minibatches 450-459 is -1.63632 over 28096 frames.
LOG (nnet3-chain-train[5.5.1009~1-e4940]:PrintStatsForThisPhase():nnet-training.cc:278) Average objective function for 'output' for minibatches 450-459 is -0.0807819 over 28096 frames.
LOG (nnet3-chain-train[5.5.1009~1-e4940]:ComputeChainObjfAndDerivE2e():chain-training.cc:162) Numerator objf: 1.50891
LOG (nnet3-chain-train[5.5.1009~1-e4940]:ComputeChainObjfAndDerivE2e():chain-training.cc:162) Numerator objf: 1.49127
LOG (nnet3-chain-train[5.5.1009~1-e4940]:ComputeChainObjfAndDerivE2e():chain-training.cc:162) Numerator objf: 1.55227
LOG (nnet3-chain-train[5.5.1009~1-e4940]:ComputeChainObjfAndDerivE2e():chain-training.cc:162) Numerator objf: 1.4595
LOG (nnet3-chain-train[5.5.1009~1-e4940]:ComputeChainObjfAndDerivE2e():chain-training.cc:162) Numerator objf: 1.52022
LOG (nnet3-chain-train[5.5.1009~1-e4940]:ComputeChainObjfAndDerivE2e():chain-training.cc:162) Numerator objf: 1.51187
LOG (nnet3-chain-train[5.5.1009~1-e4940]:ComputeChainObjfAndDerivE2e():chain-training.cc:162) Numerator objf: 1.35877
LOG (nnet3-chain-train[5.5.1009~1-e4940]:ComputeChainObjfAndDerivE2e():chain-training.cc:162) Numerator objf: 1.38823
LOG (nnet3-chain-train[5.5.1009~1-e4940]:ComputeChainObjfAndDerivE2e():chain-training.cc:162) Numerator objf: 1.43776
LOG (nnet3-chain-train[5.5.1009~1-e4940]:ComputeChainObjfAndDerivE2e():chain-training.cc:162) Numerator objf: 1.41623
LOG (nnet3-chain-train[5.5.1009~1-e4940]:PrintStatsForThisPhase():nnet-training.cc:278) Average objective function for 'output-xent' for minibatches 460-469 is -1.74878 over 28288 frames.
LOG (nnet3-chain-train[5.5.1009~1-e4940]:PrintStatsForThisPhase():nnet-training.cc:278) Average objective function for 'output' for minibatches 460-469 is -0.0913655 over 28288 frames.
LOG (nnet3-chain-train[5.5.1009~1-e4940]:ComputeChainObjfAndDerivE2e():chain-training.cc:162) Numerator objf: 1.45466
LOG (nnet3-chain-train[5.5.1009~1-e4940]:ComputeChainObjfAndDerivE2e():chain-training.cc:162) Numerator objf: 1.39296
LOG (nnet3-chain-train[5.5.1009~1-e4940]:ComputeChainObjfAndDerivE2e():chain-training.cc:162) Numerator objf: 1.43597
LOG (nnet3-chain-train[5.5.1009~1-e4940]:ComputeChainObjfAndDerivE2e():chain-training.cc:162) Numerator objf: 1.46246
LOG (nnet3-chain-train[5.5.1009~1-e4940]:ComputeChainObjfAndDerivE2e():chain-training.cc:162) Numerator objf: 1.47773
LOG (nnet3-chain-train[5.5.1009~1-e4940]:ComputeChainObjfAndDerivE2e():chain-training.cc:162) Numerator objf: 1.5109
LOG (nnet3-chain-train[5.5.1009~1-e4940]:ComputeChainObjfAndDerivE2e():chain-training.cc:162) Numerator objf: 1.42961
LOG (nnet3-chain-train[5.5.1009~1-e4940]:ComputeChainObjfAndDerivE2e():chain-training.cc:162) Numerator objf: 1.46047
LOG (nnet3-chain-train[5.5.1009~1-e4940]:ComputeChainObjfAndDerivE2e():chain-training.cc:162) Numerator objf: 1.46604
LOG (nnet3-chain-train[5.5.1009~1-e4940]:ComputeChainObjfAndDerivE2e():chain-training.cc:162) Numerator objf: 1.55056
LOG (nnet3-chain-train[5.5.1009~1-e4940]:PrintStatsForThisPhase():nnet-training.cc:278) Average objective function for 'output-xent' for minibatches 470-479 is -1.67323 over 29120 frames.
LOG (nnet3-chain-train[5.5.1009~1-e4940]:PrintStatsForThisPhase():nnet-training.cc:278) Average objective function for 'output' for minibatches 470-479 is -0.0821841 over 29120 frames.
LOG (nnet3-chain-train[5.5.1009~1-e4940]:ComputeChainObjfAndDerivE2e():chain-training.cc:162) Numerator objf: 1.54409
LOG (nnet3-chain-train[5.5.1009~1-e4940]:ComputeChainObjfAndDerivE2e():chain-training.cc:162) Numerator objf: 1.48341
LOG (nnet3-chain-train[5.5.1009~1-e4940]:ComputeChainObjfAndDerivE2e():chain-training.cc:162) Numerator objf: 1.50899
LOG (nnet3-chain-train[5.5.1009~1-e4940]:ComputeChainObjfAndDerivE2e():chain-training.cc:162) Numerator objf: 1.49502
LOG (nnet3-chain-train[5.5.1009~1-e4940]:ComputeChainObjfAndDerivE2e():chain-training.cc:162) Numerator objf: 1.53318
LOG (nnet3-chain-train[5.5.1009~1-e4940]:ComputeChainObjfAndDerivE2e():chain-training.cc:162) Numerator objf: 1.40334
LOG (nnet3-chain-train[5.5.1009~1-e4940]:ComputeChainObjfAndDerivE2e():chain-training.cc:162) Numerator objf: 1.51181
LOG (nnet3-chain-train[5.5.1009~1-e4940]:ComputeChainObjfAndDerivE2e():chain-training.cc:162) Numerator objf: 1.54266
LOG (nnet3-chain-train[5.5.1009~1-e4940]:ComputeChainObjfAndDerivE2e():chain-training.cc:162) Numerator objf: 1.52917
LOG (nnet3-chain-train[5.5.1009~1-e4940]:ComputeChainObjfAndDerivE2e():chain-training.cc:162) Numerator objf: 1.55449
LOG (nnet3-chain-train[5.5.1009~1-e4940]:PrintStatsForThisPhase():nnet-training.cc:278) Average objective function for 'output-xent' for minibatches 480-489 is -1.61051 over 27264 frames.
LOG (nnet3-chain-train[5.5.1009~1-e4940]:PrintStatsForThisPhase():nnet-training.cc:278) Average objective function for 'output' for minibatches 480-489 is -0.0842856 over 27264 frames.
LOG (nnet3-chain-train[5.5.1009~1-e4940]:ComputeChainObjfAndDerivE2e():chain-training.cc:162) Numerator objf: 1.5227
LOG (nnet3-chain-train[5.5.1009~1-e4940]:ComputeChainObjfAndDerivE2e():chain-training.cc:162) Numerator objf: 1.47056
LOG (nnet3-chain-train[5.5.1009~1-e4940]:ComputeChainObjfAndDerivE2e():chain-training.cc:162) Numerator objf: 1.49651
LOG (nnet3-chain-train[5.5.1009~1-e4940]:ComputeChainObjfAndDerivE2e():chain-training.cc:162) Numerator objf: 1.42764
LOG (nnet3-chain-train[5.5.1009~1-e4940]:ComputeChainObjfAndDerivE2e():chain-training.cc:162) Numerator objf: 1.46828
LOG (nnet3-chain-train[5.5.1009~1-e4940]:ComputeChainObjfAndDerivE2e():chain-training.cc:162) Numerator objf: 1.55119
LOG (nnet3-chain-train[5.5.1009~1-e4940]:ComputeChainObjfAndDerivE2e():chain-training.cc:162) Numerator objf: 1.47576
LOG (nnet3-chain-train[5.5.1009~1-e4940]:ComputeChainObjfAndDerivE2e():chain-training.cc:162) Numerator objf: 1.48306
LOG (nnet3-chain-train[5.5.1009~1-e4940]:ComputeChainObjfAndDerivE2e():chain-training.cc:162) Numerator objf: 1.45608
LOG (nnet3-chain-train[5.5.1009~1-e4940]:ComputeChainObjfAndDerivE2e():chain-training.cc:162) Numerator objf: 1.49464
LOG (nnet3-chain-train[5.5.1009~1-e4940]:PrintStatsForThisPhase():nnet-training.cc:278) Average objective function for 'output-xent' for minibatches 490-499 is -1.63982 over 29120 frames.
LOG (nnet3-chain-train[5.5.1009~1-e4940]:PrintStatsForThisPhase():nnet-training.cc:278) Average objective function for 'output' for minibatches 490-499 is -0.0834082 over 29120 frames.
LOG (nnet3-chain-train[5.5.1009~1-e4940]:ComputeChainObjfAndDerivE2e():chain-training.cc:162) Numerator objf: 1.49271
LOG (nnet3-chain-train[5.5.1009~1-e4940]:ComputeChainObjfAndDerivE2e():chain-training.cc:162) Numerator objf: 1.50814
LOG (nnet3-chain-train[5.5.1009~1-e4940]:ComputeChainObjfAndDerivE2e():chain-training.cc:162) Numerator objf: 1.50038
LOG (nnet3-chain-train[5.5.1009~1-e4940]:ComputeChainObjfAndDerivE2e():chain-training.cc:162) Numerator objf: 1.41868
LOG (nnet3-chain-train[5.5.1009~1-e4940]:ComputeChainObjfAndDerivE2e():chain-training.cc:162) Numerator objf: 1.38373
LOG (nnet3-chain-train[5.5.1009~1-e4940]:ComputeChainObjfAndDerivE2e():chain-training.cc:162) Numerator objf: 1.37765
LOG (nnet3-chain-train[5.5.1009~1-e4940]:ComputeChainObjfAndDerivE2e():chain-training.cc:162) Numerator objf: 1.43912
LOG (nnet3-chain-train[5.5.1009~1-e4940]:ComputeChainObjfAndDerivE2e():chain-training.cc:162) Numerator objf: 1.4677
LOG (nnet3-chain-train[5.5.1009~1-e4940]:ComputeChainObjfAndDerivE2e():chain-training.cc:162) Numerator objf: 1.39406
LOG (nnet3-chain-train[5.5.1009~1-e4940]:ComputeChainObjfAndDerivE2e():chain-training.cc:162) Numerator objf: 1.38043
LOG (nnet3-chain-train[5.5.1009~1-e4940]:PrintStatsForThisPhase():nnet-training.cc:278) Average objective function for 'output-xent' for minibatches 500-509 is -1.68556 over 28288 frames.
LOG (nnet3-chain-train[5.5.1009~1-e4940]:PrintStatsForThisPhase():nnet-training.cc:278) Average objective function for 'output' for minibatches 500-509 is -0.0892667 over 28288 frames.
LOG (nnet3-chain-train[5.5.1009~1-e4940]:ComputeChainObjfAndDerivE2e():chain-training.cc:162) Numerator objf: 1.41552
LOG (nnet3-chain-train[5.5.1009~1-e4940]:ComputeChainObjfAndDerivE2e():chain-training.cc:162) Numerator objf: 1.43007
LOG (nnet3-chain-train[5.5.1009~1-e4940]:ComputeChainObjfAndDerivE2e():chain-training.cc:162) Numerator objf: 1.40864
LOG (nnet3-chain-train[5.5.1009~1-e4940]:ComputeChainObjfAndDerivE2e():chain-training.cc:162) Numerator objf: 1.48673
LOG (nnet3-chain-shuffle-egs[5.5.1009~1-e4940]:main():nnet3-chain-shuffle-egs.cc:104) Shuffled order of 33180 neural-network training examples using a buffer (partial randomization)
LOG (nnet3-chain-merge-egs[5.5.1009~1-e4940]:PrintSpecificStats():nnet-example-utils.cc:1159) Merged specific eg types as follows [format: <eg-size1>={<mb-size1>-><num-minibatches1>,<mbsize2>-><num-minibatches2>.../d=<num-discarded>},<egs-size2>={...},... (note,egs-size == number of input frames including context).
LOG (nnet3-chain-merge-egs[5.5.1009~1-e4940]:PrintSpecificStats():nnet-example-utils.cc:1189) 160={64->129,d=39},169={64->76,d=10},208={64->312,d=43}
LOG (nnet3-chain-merge-egs[5.5.1009~1-e4940]:PrintAggregateStats():nnet-example-utils.cc:1155) Processed 33180 egs of avg. size 190.3 into 517 minibatches, discarding 0.2773% of egs.  Avg minibatch size was 64, #distinct types of egs/minibatches was 3/3
LOG (nnet3-chain-train[5.5.1009~1-e4940]:ComputeChainObjfAndDerivE2e():chain-training.cc:162) Numerator objf: 1.41026
LOG (nnet3-chain-train[5.5.1009~1-e4940]:ComputeChainObjfAndDerivE2e():chain-training.cc:162) Numerator objf: 1.42161
LOG (nnet3-chain-train[5.5.1009~1-e4940]:PrintTotalStats():nnet-training.cc:317) Overall average objective function for 'output' is -0.082727 over 1.45907e+06 frames.
LOG (nnet3-chain-train[5.5.1009~1-e4940]:PrintTotalStats():nnet-training.cc:324) [this line is to be parsed by a script:] log-prob-per-frame=-0.082727
LOG (nnet3-chain-train[5.5.1009~1-e4940]:PrintTotalStats():nnet-training.cc:317) Overall average objective function for 'output-xent' is -1.65463 over 1.45907e+06 frames.
LOG (nnet3-chain-train[5.5.1009~1-e4940]:PrintTotalStats():nnet-training.cc:324) [this line is to be parsed by a script:] log-prob-per-frame=-1.65463
LOG (nnet3-chain-train[5.5.1009~1-e4940]:Print():nnet-utils.cc:2311) For tdnn1.affine, per-component max-change was enforced 0.193424 % of the time.
LOG (nnet3-chain-train[5.5.1009~1-e4940]:~CachingOptimizingCompiler():nnet-optimize.cc:710) 0.0273 seconds taken in nnet3 compilation total (breakdown: 0 compilation, 0 optimization, 0 shortcut expansion, 0 checking, 0 computing indexes, 0.0273 misc.) + 0.225 I/O.
LOG (nnet3-chain-train[5.5.1009~1-e4940]:main():nnet3-chain-train.cc:101) Wrote raw model to telugu_exp/chain_cleaned_1d/tdnn1d_sp/6.4.raw
# Accounting: time=1694 threads=1
# Ended (code 0) at Wed Jun 15 04:10:55 UTC 2022, elapsed time 1694 seconds
