# gmm-acc-stats-ali telugu_exp/tri3_cleaned/28.mdl "ark,s,cs:apply-cmvn  --utt2spk=ark:telugu_data/train_cleaned/split100/29/utt2spk scp:telugu_data/train_cleaned/split100/29/cmvn.scp scp:telugu_data/train_cleaned/split100/29/feats.scp ark:- | splice-feats  ark:- ark:- | transform-feats telugu_exp/tri3_ali_cleaned/final.mat ark:- ark:- | transform-feats --utt2spk=ark:telugu_data/train_cleaned/split100/29/utt2spk ark:telugu_exp/tri3_cleaned/trans.29 ark:- ark:- |" "ark,s,cs:gunzip -c telugu_exp/tri3_cleaned/ali.29.gz|" telugu_exp/tri3_cleaned/28.29.acc 
# Started at Tue Jun 14 11:01:15 UTC 2022
#
gmm-acc-stats-ali telugu_exp/tri3_cleaned/28.mdl 'ark,s,cs:apply-cmvn  --utt2spk=ark:telugu_data/train_cleaned/split100/29/utt2spk scp:telugu_data/train_cleaned/split100/29/cmvn.scp scp:telugu_data/train_cleaned/split100/29/feats.scp ark:- | splice-feats  ark:- ark:- | transform-feats telugu_exp/tri3_ali_cleaned/final.mat ark:- ark:- | transform-feats --utt2spk=ark:telugu_data/train_cleaned/split100/29/utt2spk ark:telugu_exp/tri3_cleaned/trans.29 ark:- ark:- |' 'ark,s,cs:gunzip -c telugu_exp/tri3_cleaned/ali.29.gz|' telugu_exp/tri3_cleaned/28.29.acc 
transform-feats --utt2spk=ark:telugu_data/train_cleaned/split100/29/utt2spk ark:telugu_exp/tri3_cleaned/trans.29 ark:- ark:- 
transform-feats telugu_exp/tri3_ali_cleaned/final.mat ark:- ark:- 
apply-cmvn --utt2spk=ark:telugu_data/train_cleaned/split100/29/utt2spk scp:telugu_data/train_cleaned/split100/29/cmvn.scp scp:telugu_data/train_cleaned/split100/29/feats.scp ark:- 
splice-feats ark:- ark:- 
WARNING (gmm-acc-stats-ali[5.5.1009~1-e4940]:main():gmm-acc-stats-ali.cc:79) No alignment for utterance 001960483-1
LOG (gmm-acc-stats-ali[5.5.1009~1-e4940]:main():gmm-acc-stats-ali.cc:105) Processed 50 utterances; for utterance 001970309-1 avg. like is -47.9095 over 791 frames.
WARNING (gmm-acc-stats-ali[5.5.1009~1-e4940]:main():gmm-acc-stats-ali.cc:79) No alignment for utterance 001970394-1
WARNING (gmm-acc-stats-ali[5.5.1009~1-e4940]:main():gmm-acc-stats-ali.cc:79) No alignment for utterance 001970394-2
LOG (gmm-acc-stats-ali[5.5.1009~1-e4940]:main():gmm-acc-stats-ali.cc:105) Processed 100 utterances; for utterance 001980006-1 avg. like is -49.7301 over 891 frames.
WARNING (gmm-acc-stats-ali[5.5.1009~1-e4940]:main():gmm-acc-stats-ali.cc:79) No alignment for utterance 001980112-1
WARNING (gmm-acc-stats-ali[5.5.1009~1-e4940]:main():gmm-acc-stats-ali.cc:79) No alignment for utterance 001980115-1
WARNING (gmm-acc-stats-ali[5.5.1009~1-e4940]:main():gmm-acc-stats-ali.cc:79) No alignment for utterance 001980130-1
WARNING (gmm-acc-stats-ali[5.5.1009~1-e4940]:main():gmm-acc-stats-ali.cc:79) No alignment for utterance 001980179-1
LOG (gmm-acc-stats-ali[5.5.1009~1-e4940]:main():gmm-acc-stats-ali.cc:105) Processed 150 utterances; for utterance 001980251-1 avg. like is -53.011 over 638 frames.
WARNING (gmm-acc-stats-ali[5.5.1009~1-e4940]:main():gmm-acc-stats-ali.cc:79) No alignment for utterance 001980404-1
WARNING (gmm-acc-stats-ali[5.5.1009~1-e4940]:main():gmm-acc-stats-ali.cc:79) No alignment for utterance 001980432-2
WARNING (gmm-acc-stats-ali[5.5.1009~1-e4940]:main():gmm-acc-stats-ali.cc:79) No alignment for utterance 001980461-1
LOG (gmm-acc-stats-ali[5.5.1009~1-e4940]:main():gmm-acc-stats-ali.cc:105) Processed 200 utterances; for utterance 001980466-1 avg. like is -48.085 over 916 frames.
WARNING (gmm-acc-stats-ali[5.5.1009~1-e4940]:main():gmm-acc-stats-ali.cc:79) No alignment for utterance 001990236-1
LOG (gmm-acc-stats-ali[5.5.1009~1-e4940]:main():gmm-acc-stats-ali.cc:105) Processed 250 utterances; for utterance 001990251-1 avg. like is -49.7255 over 738 frames.
WARNING (gmm-acc-stats-ali[5.5.1009~1-e4940]:main():gmm-acc-stats-ali.cc:79) No alignment for utterance 001990265-1
WARNING (gmm-acc-stats-ali[5.5.1009~1-e4940]:main():gmm-acc-stats-ali.cc:79) No alignment for utterance 001990267-1
WARNING (gmm-acc-stats-ali[5.5.1009~1-e4940]:main():gmm-acc-stats-ali.cc:79) No alignment for utterance 001990298-2
WARNING (gmm-acc-stats-ali[5.5.1009~1-e4940]:main():gmm-acc-stats-ali.cc:79) No alignment for utterance 001990416-1
WARNING (gmm-acc-stats-ali[5.5.1009~1-e4940]:main():gmm-acc-stats-ali.cc:79) No alignment for utterance 001990430-2
WARNING (gmm-acc-stats-ali[5.5.1009~1-e4940]:main():gmm-acc-stats-ali.cc:79) No alignment for utterance 001990447-1
WARNING (gmm-acc-stats-ali[5.5.1009~1-e4940]:main():gmm-acc-stats-ali.cc:79) No alignment for utterance 001990447-2
WARNING (gmm-acc-stats-ali[5.5.1009~1-e4940]:main():gmm-acc-stats-ali.cc:79) No alignment for utterance 001990463-1
WARNING (gmm-acc-stats-ali[5.5.1009~1-e4940]:main():gmm-acc-stats-ali.cc:79) No alignment for utterance 001990463-2
LOG (gmm-acc-stats-ali[5.5.1009~1-e4940]:main():gmm-acc-stats-ali.cc:105) Processed 300 utterances; for utterance 002000002-1 avg. like is -48.466 over 715 frames.
WARNING (gmm-acc-stats-ali[5.5.1009~1-e4940]:main():gmm-acc-stats-ali.cc:79) No alignment for utterance 002000106-1
WARNING (gmm-acc-stats-ali[5.5.1009~1-e4940]:main():gmm-acc-stats-ali.cc:79) No alignment for utterance 002000106-2
WARNING (gmm-acc-stats-ali[5.5.1009~1-e4940]:main():gmm-acc-stats-ali.cc:79) No alignment for utterance 002000150-1
WARNING (gmm-acc-stats-ali[5.5.1009~1-e4940]:main():gmm-acc-stats-ali.cc:79) No alignment for utterance 002000150-2
WARNING (gmm-acc-stats-ali[5.5.1009~1-e4940]:main():gmm-acc-stats-ali.cc:79) No alignment for utterance 002000248-1
WARNING (gmm-acc-stats-ali[5.5.1009~1-e4940]:main():gmm-acc-stats-ali.cc:79) No alignment for utterance 002000248-2
LOG (gmm-acc-stats-ali[5.5.1009~1-e4940]:main():gmm-acc-stats-ali.cc:105) Processed 350 utterances; for utterance 002000313-1 avg. like is -47.9229 over 387 frames.
WARNING (gmm-acc-stats-ali[5.5.1009~1-e4940]:main():gmm-acc-stats-ali.cc:79) No alignment for utterance 002000324-1
LOG (apply-cmvn[5.5.1009~1-e4940]:main():apply-cmvn.cc:162) Applied cepstral mean normalization to 411 utterances, errors on 0
WARNING (gmm-acc-stats-ali[5.5.1009~1-e4940]:main():gmm-acc-stats-ali.cc:79) No alignment for utterance 002000425-1
LOG (transform-feats[5.5.1009~1-e4940]:main():transform-feats.cc:158) Overall average [pseudo-]logdet is -98.9864 over 271149 frames.
LOG (transform-feats[5.5.1009~1-e4940]:main():transform-feats.cc:161) Applied transform to 411 utterances; 0 had errors.
LOG (transform-feats[5.5.1009~1-e4940]:main():transform-feats.cc:158) Overall average logdet is 2.46649 over 271149 frames.
LOG (transform-feats[5.5.1009~1-e4940]:main():transform-feats.cc:161) Applied transform to 411 utterances; 0 had errors.
LOG (gmm-acc-stats-ali[5.5.1009~1-e4940]:main():gmm-acc-stats-ali.cc:112) Done 383 files, 28 with errors.
LOG (gmm-acc-stats-ali[5.5.1009~1-e4940]:main():gmm-acc-stats-ali.cc:115) Overall avg like per frame (Gaussian only) = -48.8192 over 259184 frames.
LOG (gmm-acc-stats-ali[5.5.1009~1-e4940]:main():gmm-acc-stats-ali.cc:123) Written accs.
# Accounting: time=3 threads=1
# Ended (code 0) at Tue Jun 14 11:01:18 UTC 2022, elapsed time 3 seconds
