# gmm-acc-stats-ali telugu_exp/tri3_cleaned/11.mdl "ark,s,cs:apply-cmvn  --utt2spk=ark:telugu_data/train_cleaned/split100/59/utt2spk scp:telugu_data/train_cleaned/split100/59/cmvn.scp scp:telugu_data/train_cleaned/split100/59/feats.scp ark:- | splice-feats  ark:- ark:- | transform-feats telugu_exp/tri3_ali_cleaned/final.mat ark:- ark:- | transform-feats --utt2spk=ark:telugu_data/train_cleaned/split100/59/utt2spk ark:telugu_exp/tri3_cleaned/trans.59 ark:- ark:- |" "ark,s,cs:gunzip -c telugu_exp/tri3_cleaned/ali.59.gz|" telugu_exp/tri3_cleaned/11.59.acc 
# Started at Tue Jun 14 10:54:18 UTC 2022
#
gmm-acc-stats-ali telugu_exp/tri3_cleaned/11.mdl 'ark,s,cs:apply-cmvn  --utt2spk=ark:telugu_data/train_cleaned/split100/59/utt2spk scp:telugu_data/train_cleaned/split100/59/cmvn.scp scp:telugu_data/train_cleaned/split100/59/feats.scp ark:- | splice-feats  ark:- ark:- | transform-feats telugu_exp/tri3_ali_cleaned/final.mat ark:- ark:- | transform-feats --utt2spk=ark:telugu_data/train_cleaned/split100/59/utt2spk ark:telugu_exp/tri3_cleaned/trans.59 ark:- ark:- |' 'ark,s,cs:gunzip -c telugu_exp/tri3_cleaned/ali.59.gz|' telugu_exp/tri3_cleaned/11.59.acc 
transform-feats --utt2spk=ark:telugu_data/train_cleaned/split100/59/utt2spk ark:telugu_exp/tri3_cleaned/trans.59 ark:- ark:- 
splice-feats ark:- ark:- 
transform-feats telugu_exp/tri3_ali_cleaned/final.mat ark:- ark:- 
apply-cmvn --utt2spk=ark:telugu_data/train_cleaned/split100/59/utt2spk scp:telugu_data/train_cleaned/split100/59/cmvn.scp scp:telugu_data/train_cleaned/split100/59/feats.scp ark:- 
LOG (gmm-acc-stats-ali[5.5.1009~1-e4940]:main():gmm-acc-stats-ali.cc:105) Processed 50 utterances; for utterance TE0566-TE0568_1-A.044-1 avg. like is -41.9177 over 77 frames.
LOG (gmm-acc-stats-ali[5.5.1009~1-e4940]:main():gmm-acc-stats-ali.cc:105) Processed 100 utterances; for utterance TE0567-TE0568_1-A.245-1 avg. like is -50.0974 over 183 frames.
WARNING (gmm-acc-stats-ali[5.5.1009~1-e4940]:main():gmm-acc-stats-ali.cc:79) No alignment for utterance TE0567-TE0568_2-B.334-1
LOG (gmm-acc-stats-ali[5.5.1009~1-e4940]:main():gmm-acc-stats-ali.cc:105) Processed 150 utterances; for utterance TE0569-TE0570_1-A.325-1 avg. like is -48.572 over 150 frames.
LOG (gmm-acc-stats-ali[5.5.1009~1-e4940]:main():gmm-acc-stats-ali.cc:105) Processed 200 utterances; for utterance TE0569-TE0571_1-A.389-1 avg. like is -48.0508 over 125 frames.
LOG (gmm-acc-stats-ali[5.5.1009~1-e4940]:main():gmm-acc-stats-ali.cc:105) Processed 250 utterances; for utterance TE0569-TE0571_2-B.138-1 avg. like is -51.539 over 331 frames.
LOG (gmm-acc-stats-ali[5.5.1009~1-e4940]:main():gmm-acc-stats-ali.cc:105) Processed 300 utterances; for utterance TE0570-TE0572_1-B.057-1 avg. like is -43.0333 over 73 frames.
LOG (gmm-acc-stats-ali[5.5.1009~1-e4940]:main():gmm-acc-stats-ali.cc:105) Processed 350 utterances; for utterance TE0571-TE0572_1-B.063-1 avg. like is -47.8358 over 214 frames.
WARNING (gmm-acc-stats-ali[5.5.1009~1-e4940]:main():gmm-acc-stats-ali.cc:79) No alignment for utterance TE0571-TE0572_2-B.197-1
WARNING (gmm-acc-stats-ali[5.5.1009~1-e4940]:main():gmm-acc-stats-ali.cc:79) No alignment for utterance TE0571-TE0572_2-B.327-1
WARNING (gmm-acc-stats-ali[5.5.1009~1-e4940]:main():gmm-acc-stats-ali.cc:79) No alignment for utterance TE0571-TE0572_2-B.327-2
LOG (gmm-acc-stats-ali[5.5.1009~1-e4940]:main():gmm-acc-stats-ali.cc:105) Processed 400 utterances; for utterance TE0573-TE0574_1-A.312-1 avg. like is -50.4062 over 208 frames.
LOG (apply-cmvn[5.5.1009~1-e4940]:main():apply-cmvn.cc:162) Applied cepstral mean normalization to 434 utterances, errors on 0
LOG (transform-feats[5.5.1009~1-e4940]:main():transform-feats.cc:158) Overall average [pseudo-]logdet is -98.9864 over 63154 frames.
LOG (transform-feats[5.5.1009~1-e4940]:main():transform-feats.cc:161) Applied transform to 434 utterances; 0 had errors.
LOG (transform-feats[5.5.1009~1-e4940]:main():transform-feats.cc:158) Overall average logdet is 0.111085 over 63154 frames.
LOG (transform-feats[5.5.1009~1-e4940]:main():transform-feats.cc:161) Applied transform to 434 utterances; 0 had errors.
LOG (gmm-acc-stats-ali[5.5.1009~1-e4940]:main():gmm-acc-stats-ali.cc:112) Done 430 files, 4 with errors.
LOG (gmm-acc-stats-ali[5.5.1009~1-e4940]:main():gmm-acc-stats-ali.cc:115) Overall avg like per frame (Gaussian only) = -46.5563 over 62052 frames.
LOG (gmm-acc-stats-ali[5.5.1009~1-e4940]:main():gmm-acc-stats-ali.cc:123) Written accs.
# Accounting: time=1 threads=1
# Ended (code 0) at Tue Jun 14 10:54:19 UTC 2022, elapsed time 1 seconds
