# gmm-acc-stats-ali telugu_exp/tri3_cleaned/1.mdl "ark,s,cs:apply-cmvn  --utt2spk=ark:telugu_data/train_cleaned/split100/69/utt2spk scp:telugu_data/train_cleaned/split100/69/cmvn.scp scp:telugu_data/train_cleaned/split100/69/feats.scp ark:- | splice-feats  ark:- ark:- | transform-feats telugu_exp/tri3_ali_cleaned/final.mat ark:- ark:- | transform-feats --utt2spk=ark:telugu_data/train_cleaned/split100/69/utt2spk ark,s,cs:telugu_exp/tri3_ali_cleaned/trans.69 ark:- ark:- |" "ark,s,cs:gunzip -c telugu_exp/tri3_cleaned/ali.69.gz|" telugu_exp/tri3_cleaned/1.69.acc 
# Started at Tue Jun 14 10:49:01 UTC 2022
#
gmm-acc-stats-ali telugu_exp/tri3_cleaned/1.mdl 'ark,s,cs:apply-cmvn  --utt2spk=ark:telugu_data/train_cleaned/split100/69/utt2spk scp:telugu_data/train_cleaned/split100/69/cmvn.scp scp:telugu_data/train_cleaned/split100/69/feats.scp ark:- | splice-feats  ark:- ark:- | transform-feats telugu_exp/tri3_ali_cleaned/final.mat ark:- ark:- | transform-feats --utt2spk=ark:telugu_data/train_cleaned/split100/69/utt2spk ark,s,cs:telugu_exp/tri3_ali_cleaned/trans.69 ark:- ark:- |' 'ark,s,cs:gunzip -c telugu_exp/tri3_cleaned/ali.69.gz|' telugu_exp/tri3_cleaned/1.69.acc 
apply-cmvn --utt2spk=ark:telugu_data/train_cleaned/split100/69/utt2spk scp:telugu_data/train_cleaned/split100/69/cmvn.scp scp:telugu_data/train_cleaned/split100/69/feats.scp ark:- 
splice-feats ark:- ark:- 
transform-feats telugu_exp/tri3_ali_cleaned/final.mat ark:- ark:- 
transform-feats --utt2spk=ark:telugu_data/train_cleaned/split100/69/utt2spk ark,s,cs:telugu_exp/tri3_ali_cleaned/trans.69 ark:- ark:- 
LOG (gmm-acc-stats-ali[5.5.1009~1-e4940]:main():gmm-acc-stats-ali.cc:105) Processed 50 utterances; for utterance TE0695-TE0696_2-B.084-1 avg. like is -53.0376 over 101 frames.
LOG (gmm-acc-stats-ali[5.5.1009~1-e4940]:main():gmm-acc-stats-ali.cc:105) Processed 100 utterances; for utterance TE0697-TE0698_2-A.163-1 avg. like is -45.7996 over 64 frames.
LOG (gmm-acc-stats-ali[5.5.1009~1-e4940]:main():gmm-acc-stats-ali.cc:105) Processed 150 utterances; for utterance TE0697-TE0699_1-B.136-1 avg. like is -51.3029 over 251 frames.
LOG (gmm-acc-stats-ali[5.5.1009~1-e4940]:main():gmm-acc-stats-ali.cc:105) Processed 200 utterances; for utterance TE0697-TE0699_2-B.174-1 avg. like is -50.8827 over 343 frames.
LOG (gmm-acc-stats-ali[5.5.1009~1-e4940]:main():gmm-acc-stats-ali.cc:105) Processed 250 utterances; for utterance TE0698-TE0700_2-A.030-1 avg. like is -48.9063 over 121 frames.
LOG (gmm-acc-stats-ali[5.5.1009~1-e4940]:main():gmm-acc-stats-ali.cc:105) Processed 300 utterances; for utterance TE0699-TE0700_1-A.168-1 avg. like is -53.6121 over 171 frames.
LOG (gmm-acc-stats-ali[5.5.1009~1-e4940]:main():gmm-acc-stats-ali.cc:105) Processed 350 utterances; for utterance TE0699-TE0700_1-B.129-1 avg. like is -46.6136 over 66 frames.
LOG (gmm-acc-stats-ali[5.5.1009~1-e4940]:main():gmm-acc-stats-ali.cc:105) Processed 400 utterances; for utterance TE0699-TE0700_2-A.458-1 avg. like is -52.6739 over 182 frames.
LOG (apply-cmvn[5.5.1009~1-e4940]:main():apply-cmvn.cc:162) Applied cepstral mean normalization to 445 utterances, errors on 0
LOG (transform-feats[5.5.1009~1-e4940]:main():transform-feats.cc:158) Overall average [pseudo-]logdet is -98.9864 over 79104 frames.
LOG (transform-feats[5.5.1009~1-e4940]:main():transform-feats.cc:161) Applied transform to 445 utterances; 0 had errors.
LOG (transform-feats[5.5.1009~1-e4940]:main():transform-feats.cc:158) Overall average logdet is 0.0608749 over 79104 frames.
LOG (transform-feats[5.5.1009~1-e4940]:main():transform-feats.cc:161) Applied transform to 445 utterances; 0 had errors.
LOG (gmm-acc-stats-ali[5.5.1009~1-e4940]:main():gmm-acc-stats-ali.cc:112) Done 445 files, 0 with errors.
LOG (gmm-acc-stats-ali[5.5.1009~1-e4940]:main():gmm-acc-stats-ali.cc:115) Overall avg like per frame (Gaussian only) = -50.7513 over 79104 frames.
LOG (gmm-acc-stats-ali[5.5.1009~1-e4940]:main():gmm-acc-stats-ali.cc:123) Written accs.
# Accounting: time=0 threads=1
# Ended (code 0) at Tue Jun 14 10:49:01 UTC 2022, elapsed time 0 seconds
