# gmm-acc-stats-ali telugu_exp/tri3_cleaned/32.mdl "ark,s,cs:apply-cmvn  --utt2spk=ark:telugu_data/train_cleaned/split100/50/utt2spk scp:telugu_data/train_cleaned/split100/50/cmvn.scp scp:telugu_data/train_cleaned/split100/50/feats.scp ark:- | splice-feats  ark:- ark:- | transform-feats telugu_exp/tri3_ali_cleaned/final.mat ark:- ark:- | transform-feats --utt2spk=ark:telugu_data/train_cleaned/split100/50/utt2spk ark:telugu_exp/tri3_cleaned/trans.50 ark:- ark:- |" "ark,s,cs:gunzip -c telugu_exp/tri3_cleaned/ali.50.gz|" telugu_exp/tri3_cleaned/32.50.acc 
# Started at Tue Jun 14 11:03:29 UTC 2022
#
gmm-acc-stats-ali telugu_exp/tri3_cleaned/32.mdl 'ark,s,cs:apply-cmvn  --utt2spk=ark:telugu_data/train_cleaned/split100/50/utt2spk scp:telugu_data/train_cleaned/split100/50/cmvn.scp scp:telugu_data/train_cleaned/split100/50/feats.scp ark:- | splice-feats  ark:- ark:- | transform-feats telugu_exp/tri3_ali_cleaned/final.mat ark:- ark:- | transform-feats --utt2spk=ark:telugu_data/train_cleaned/split100/50/utt2spk ark:telugu_exp/tri3_cleaned/trans.50 ark:- ark:- |' 'ark,s,cs:gunzip -c telugu_exp/tri3_cleaned/ali.50.gz|' telugu_exp/tri3_cleaned/32.50.acc 
transform-feats telugu_exp/tri3_ali_cleaned/final.mat ark:- ark:- 
splice-feats ark:- ark:- 
apply-cmvn --utt2spk=ark:telugu_data/train_cleaned/split100/50/utt2spk scp:telugu_data/train_cleaned/split100/50/cmvn.scp scp:telugu_data/train_cleaned/split100/50/feats.scp ark:- 
transform-feats --utt2spk=ark:telugu_data/train_cleaned/split100/50/utt2spk ark:telugu_exp/tri3_cleaned/trans.50 ark:- ark:- 
LOG (gmm-acc-stats-ali[5.5.1009~1-e4940]:main():gmm-acc-stats-ali.cc:105) Processed 50 utterances; for utterance TE0483-TE0484_1-A.026-1 avg. like is -46.2074 over 406 frames.
LOG (gmm-acc-stats-ali[5.5.1009~1-e4940]:main():gmm-acc-stats-ali.cc:105) Processed 100 utterances; for utterance TE0485-TE0486_1-A.228-1 avg. like is -36.5291 over 113 frames.
LOG (gmm-acc-stats-ali[5.5.1009~1-e4940]:main():gmm-acc-stats-ali.cc:105) Processed 150 utterances; for utterance TE0485-TE0487_2-A.182-1 avg. like is -34.8059 over 142 frames.
LOG (gmm-acc-stats-ali[5.5.1009~1-e4940]:main():gmm-acc-stats-ali.cc:105) Processed 200 utterances; for utterance TE0486-TE0488_2-B.017-1 avg. like is -43.9254 over 79 frames.
LOG (gmm-acc-stats-ali[5.5.1009~1-e4940]:main():gmm-acc-stats-ali.cc:105) Processed 250 utterances; for utterance TE0487-TE0488_2-A.234-1 avg. like is -44.6131 over 302 frames.
LOG (gmm-acc-stats-ali[5.5.1009~1-e4940]:main():gmm-acc-stats-ali.cc:105) Processed 300 utterances; for utterance TE0489-TE0490_1-A.143-1 avg. like is -47.9623 over 77 frames.
WARNING (gmm-acc-stats-ali[5.5.1009~1-e4940]:main():gmm-acc-stats-ali.cc:79) No alignment for utterance TE0489-TE0491_2-B.260-1
WARNING (gmm-acc-stats-ali[5.5.1009~1-e4940]:main():gmm-acc-stats-ali.cc:79) No alignment for utterance TE0489-TE0491_2-B.260-2
LOG (gmm-acc-stats-ali[5.5.1009~1-e4940]:main():gmm-acc-stats-ali.cc:105) Processed 350 utterances; for utterance TE0490-TE0492_1-A.210-1 avg. like is -44.1092 over 225 frames.
LOG (gmm-acc-stats-ali[5.5.1009~1-e4940]:main():gmm-acc-stats-ali.cc:105) Processed 400 utterances; for utterance TE0493-TE0494_1-A.134-1 avg. like is -43.9616 over 324 frames.
LOG (apply-cmvn[5.5.1009~1-e4940]:main():apply-cmvn.cc:162) Applied cepstral mean normalization to 425 utterances, errors on 0
LOG (transform-feats[5.5.1009~1-e4940]:main():transform-feats.cc:158) Overall average [pseudo-]logdet is -98.9864 over 69707 frames.
LOG (transform-feats[5.5.1009~1-e4940]:main():transform-feats.cc:161) Applied transform to 425 utterances; 0 had errors.
LOG (transform-feats[5.5.1009~1-e4940]:main():transform-feats.cc:158) Overall average logdet is 0.222813 over 69707 frames.
LOG (transform-feats[5.5.1009~1-e4940]:main():transform-feats.cc:161) Applied transform to 425 utterances; 0 had errors.
LOG (gmm-acc-stats-ali[5.5.1009~1-e4940]:main():gmm-acc-stats-ali.cc:112) Done 423 files, 2 with errors.
LOG (gmm-acc-stats-ali[5.5.1009~1-e4940]:main():gmm-acc-stats-ali.cc:115) Overall avg like per frame (Gaussian only) = -44.4834 over 69277 frames.
LOG (gmm-acc-stats-ali[5.5.1009~1-e4940]:main():gmm-acc-stats-ali.cc:123) Written accs.
# Accounting: time=1 threads=1
# Ended (code 0) at Tue Jun 14 11:03:30 UTC 2022, elapsed time 1 seconds
