# gmm-acc-stats-ali telugu_exp/tri3_cleaned/27.mdl "ark,s,cs:apply-cmvn  --utt2spk=ark:telugu_data/train_cleaned/split100/96/utt2spk scp:telugu_data/train_cleaned/split100/96/cmvn.scp scp:telugu_data/train_cleaned/split100/96/feats.scp ark:- | splice-feats  ark:- ark:- | transform-feats telugu_exp/tri3_ali_cleaned/final.mat ark:- ark:- | transform-feats --utt2spk=ark:telugu_data/train_cleaned/split100/96/utt2spk ark:telugu_exp/tri3_cleaned/trans.96 ark:- ark:- |" "ark,s,cs:gunzip -c telugu_exp/tri3_cleaned/ali.96.gz|" telugu_exp/tri3_cleaned/27.96.acc 
# Started at Tue Jun 14 11:01:00 UTC 2022
#
gmm-acc-stats-ali telugu_exp/tri3_cleaned/27.mdl 'ark,s,cs:apply-cmvn  --utt2spk=ark:telugu_data/train_cleaned/split100/96/utt2spk scp:telugu_data/train_cleaned/split100/96/cmvn.scp scp:telugu_data/train_cleaned/split100/96/feats.scp ark:- | splice-feats  ark:- ark:- | transform-feats telugu_exp/tri3_ali_cleaned/final.mat ark:- ark:- | transform-feats --utt2spk=ark:telugu_data/train_cleaned/split100/96/utt2spk ark:telugu_exp/tri3_cleaned/trans.96 ark:- ark:- |' 'ark,s,cs:gunzip -c telugu_exp/tri3_cleaned/ali.96.gz|' telugu_exp/tri3_cleaned/27.96.acc 
apply-cmvn --utt2spk=ark:telugu_data/train_cleaned/split100/96/utt2spk scp:telugu_data/train_cleaned/split100/96/cmvn.scp scp:telugu_data/train_cleaned/split100/96/feats.scp ark:- 
transform-feats telugu_exp/tri3_ali_cleaned/final.mat ark:- ark:- 
splice-feats ark:- ark:- 
transform-feats --utt2spk=ark:telugu_data/train_cleaned/split100/96/utt2spk ark:telugu_exp/tri3_cleaned/trans.96 ark:- ark:- 
LOG (gmm-acc-stats-ali[5.5.1009~1-e4940]:main():gmm-acc-stats-ali.cc:105) Processed 50 utterances; for utterance tef_05181_01526465622-1 avg. like is -43.6121 over 344 frames.
LOG (gmm-acc-stats-ali[5.5.1009~1-e4940]:main():gmm-acc-stats-ali.cc:105) Processed 100 utterances; for utterance tef_05484_01413183986-1 avg. like is -45.8691 over 296 frames.
WARNING (gmm-acc-stats-ali[5.5.1009~1-e4940]:main():gmm-acc-stats-ali.cc:79) No alignment for utterance tef_05484_01441614684-1
LOG (gmm-acc-stats-ali[5.5.1009~1-e4940]:main():gmm-acc-stats-ali.cc:105) Processed 150 utterances; for utterance tef_05691_00532528637-1 avg. like is -43.3245 over 482 frames.
WARNING (gmm-acc-stats-ali[5.5.1009~1-e4940]:main():gmm-acc-stats-ali.cc:79) No alignment for utterance tef_05691_01210906423-1
LOG (gmm-acc-stats-ali[5.5.1009~1-e4940]:main():gmm-acc-stats-ali.cc:105) Processed 200 utterances; for utterance tef_05691_01222318820-1 avg. like is -43.1169 over 364 frames.
WARNING (gmm-acc-stats-ali[5.5.1009~1-e4940]:main():gmm-acc-stats-ali.cc:79) No alignment for utterance tef_05691_02086211222-1
LOG (gmm-acc-stats-ali[5.5.1009~1-e4940]:main():gmm-acc-stats-ali.cc:105) Processed 250 utterances; for utterance tef_05705_00099927136-1 avg. like is -44.3656 over 370 frames.
WARNING (gmm-acc-stats-ali[5.5.1009~1-e4940]:main():gmm-acc-stats-ali.cc:79) No alignment for utterance tef_05705_01145709143-1
WARNING (gmm-acc-stats-ali[5.5.1009~1-e4940]:main():gmm-acc-stats-ali.cc:79) No alignment for utterance tef_05705_01311186783-2
WARNING (gmm-acc-stats-ali[5.5.1009~1-e4940]:main():gmm-acc-stats-ali.cc:79) No alignment for utterance tef_05705_01399415008-1
LOG (gmm-acc-stats-ali[5.5.1009~1-e4940]:main():gmm-acc-stats-ali.cc:105) Processed 300 utterances; for utterance tef_05705_01414941382-1 avg. like is -44.9344 over 322 frames.
WARNING (gmm-acc-stats-ali[5.5.1009~1-e4940]:main():gmm-acc-stats-ali.cc:79) No alignment for utterance tef_05994_00380963214-1
LOG (gmm-acc-stats-ali[5.5.1009~1-e4940]:main():gmm-acc-stats-ali.cc:105) Processed 350 utterances; for utterance tef_05994_00705025699-1 avg. like is -42.4598 over 278 frames.
LOG (gmm-acc-stats-ali[5.5.1009~1-e4940]:main():gmm-acc-stats-ali.cc:105) Processed 400 utterances; for utterance tef_05994_01531511915-1 avg. like is -44.4378 over 342 frames.
LOG (gmm-acc-stats-ali[5.5.1009~1-e4940]:main():gmm-acc-stats-ali.cc:105) Processed 450 utterances; for utterance tef_06008_00552201778-1 avg. like is -44.1353 over 415 frames.
WARNING (gmm-acc-stats-ali[5.5.1009~1-e4940]:main():gmm-acc-stats-ali.cc:79) No alignment for utterance tef_06566_00308875287-1
LOG (gmm-acc-stats-ali[5.5.1009~1-e4940]:main():gmm-acc-stats-ali.cc:105) Processed 500 utterances; for utterance tef_06566_00552455941-1 avg. like is -45.8712 over 373 frames.
LOG (apply-cmvn[5.5.1009~1-e4940]:main():apply-cmvn.cc:162) Applied cepstral mean normalization to 546 utterances, errors on 0
LOG (transform-feats[5.5.1009~1-e4940]:main():transform-feats.cc:158) Overall average [pseudo-]logdet is -98.9864 over 198346 frames.
LOG (transform-feats[5.5.1009~1-e4940]:main():transform-feats.cc:161) Applied transform to 546 utterances; 0 had errors.
LOG (transform-feats[5.5.1009~1-e4940]:main():transform-feats.cc:158) Overall average logdet is -2.70485 over 198346 frames.
LOG (transform-feats[5.5.1009~1-e4940]:main():transform-feats.cc:161) Applied transform to 546 utterances; 0 had errors.
LOG (gmm-acc-stats-ali[5.5.1009~1-e4940]:main():gmm-acc-stats-ali.cc:112) Done 538 files, 8 with errors.
LOG (gmm-acc-stats-ali[5.5.1009~1-e4940]:main():gmm-acc-stats-ali.cc:115) Overall avg like per frame (Gaussian only) = -43.9134 over 196857 frames.
LOG (gmm-acc-stats-ali[5.5.1009~1-e4940]:main():gmm-acc-stats-ali.cc:123) Written accs.
# Accounting: time=2 threads=1
# Ended (code 0) at Tue Jun 14 11:01:02 UTC 2022, elapsed time 2 seconds
