# gmm-acc-stats-ali telugu_exp/tri3_cleaned/31.mdl "ark,s,cs:apply-cmvn  --utt2spk=ark:telugu_data/train_cleaned/split100/45/utt2spk scp:telugu_data/train_cleaned/split100/45/cmvn.scp scp:telugu_data/train_cleaned/split100/45/feats.scp ark:- | splice-feats  ark:- ark:- | transform-feats telugu_exp/tri3_ali_cleaned/final.mat ark:- ark:- | transform-feats --utt2spk=ark:telugu_data/train_cleaned/split100/45/utt2spk ark:telugu_exp/tri3_cleaned/trans.45 ark:- ark:- |" "ark,s,cs:gunzip -c telugu_exp/tri3_cleaned/ali.45.gz|" telugu_exp/tri3_cleaned/31.45.acc 
# Started at Tue Jun 14 11:03:06 UTC 2022
#
gmm-acc-stats-ali telugu_exp/tri3_cleaned/31.mdl 'ark,s,cs:apply-cmvn  --utt2spk=ark:telugu_data/train_cleaned/split100/45/utt2spk scp:telugu_data/train_cleaned/split100/45/cmvn.scp scp:telugu_data/train_cleaned/split100/45/feats.scp ark:- | splice-feats  ark:- ark:- | transform-feats telugu_exp/tri3_ali_cleaned/final.mat ark:- ark:- | transform-feats --utt2spk=ark:telugu_data/train_cleaned/split100/45/utt2spk ark:telugu_exp/tri3_cleaned/trans.45 ark:- ark:- |' 'ark,s,cs:gunzip -c telugu_exp/tri3_cleaned/ali.45.gz|' telugu_exp/tri3_cleaned/31.45.acc 
transform-feats --utt2spk=ark:telugu_data/train_cleaned/split100/45/utt2spk ark:telugu_exp/tri3_cleaned/trans.45 ark:- ark:- 
apply-cmvn --utt2spk=ark:telugu_data/train_cleaned/split100/45/utt2spk scp:telugu_data/train_cleaned/split100/45/cmvn.scp scp:telugu_data/train_cleaned/split100/45/feats.scp ark:- 
transform-feats telugu_exp/tri3_ali_cleaned/final.mat ark:- ark:- 
splice-feats ark:- ark:- 
WARNING (gmm-acc-stats-ali[5.5.1009~1-e4940]:main():gmm-acc-stats-ali.cc:79) No alignment for utterance TE0442-TE0444_2-B.140-1
LOG (gmm-acc-stats-ali[5.5.1009~1-e4940]:main():gmm-acc-stats-ali.cc:105) Processed 50 utterances; for utterance TE0442-TE0444_2-B.278-1 avg. like is -50.5006 over 288 frames.
WARNING (gmm-acc-stats-ali[5.5.1009~1-e4940]:main():gmm-acc-stats-ali.cc:79) No alignment for utterance TE0443-TE0444_1-B.057-1
WARNING (gmm-acc-stats-ali[5.5.1009~1-e4940]:main():gmm-acc-stats-ali.cc:79) No alignment for utterance TE0443-TE0444_1-B.299-1
WARNING (gmm-acc-stats-ali[5.5.1009~1-e4940]:main():gmm-acc-stats-ali.cc:79) No alignment for utterance TE0443-TE0444_1-B.299-2
LOG (gmm-acc-stats-ali[5.5.1009~1-e4940]:main():gmm-acc-stats-ali.cc:105) Processed 100 utterances; for utterance TE0445-TE0446_1-A.257-1 avg. like is -47.7768 over 187 frames.
LOG (gmm-acc-stats-ali[5.5.1009~1-e4940]:main():gmm-acc-stats-ali.cc:105) Processed 150 utterances; for utterance TE0446-TE0448_2-A.032-1 avg. like is -41.9078 over 451 frames.
WARNING (gmm-acc-stats-ali[5.5.1009~1-e4940]:main():gmm-acc-stats-ali.cc:79) No alignment for utterance TE0447-TE0448_1-A.051-1
LOG (gmm-acc-stats-ali[5.5.1009~1-e4940]:main():gmm-acc-stats-ali.cc:105) Processed 200 utterances; for utterance TE0447-TE0448_2-B.002-1 avg. like is -39.6384 over 53 frames.
LOG (gmm-acc-stats-ali[5.5.1009~1-e4940]:main():gmm-acc-stats-ali.cc:105) Processed 250 utterances; for utterance TE0449-TE0450_2-B.423-1 avg. like is -48.3629 over 121 frames.
LOG (gmm-acc-stats-ali[5.5.1009~1-e4940]:main():gmm-acc-stats-ali.cc:105) Processed 300 utterances; for utterance TE0449-TE0451_2-B.076-1 avg. like is -43.3069 over 126 frames.
WARNING (gmm-acc-stats-ali[5.5.1009~1-e4940]:main():gmm-acc-stats-ali.cc:79) No alignment for utterance TE0449-TE0451_2-B.317-2
LOG (gmm-acc-stats-ali[5.5.1009~1-e4940]:main():gmm-acc-stats-ali.cc:105) Processed 350 utterances; for utterance TE0450-TE0452_1-A.234-1 avg. like is -41.9709 over 93 frames.
LOG (apply-cmvn[5.5.1009~1-e4940]:main():apply-cmvn.cc:162) Applied cepstral mean normalization to 421 utterances, errors on 0
LOG (gmm-acc-stats-ali[5.5.1009~1-e4940]:main():gmm-acc-stats-ali.cc:105) Processed 400 utterances; for utterance TE0450-TE0452_2-B.407-1 avg. like is -44.0802 over 549 frames.
WARNING (gmm-acc-stats-ali[5.5.1009~1-e4940]:main():gmm-acc-stats-ali.cc:79) No alignment for utterance TE0451-TE0452_1-A.077-1
LOG (transform-feats[5.5.1009~1-e4940]:main():transform-feats.cc:158) Overall average [pseudo-]logdet is -98.9864 over 88251 frames.
LOG (transform-feats[5.5.1009~1-e4940]:main():transform-feats.cc:161) Applied transform to 421 utterances; 0 had errors.
LOG (transform-feats[5.5.1009~1-e4940]:main():transform-feats.cc:158) Overall average logdet is 0.870203 over 88251 frames.
LOG (transform-feats[5.5.1009~1-e4940]:main():transform-feats.cc:161) Applied transform to 421 utterances; 0 had errors.
LOG (gmm-acc-stats-ali[5.5.1009~1-e4940]:main():gmm-acc-stats-ali.cc:112) Done 414 files, 7 with errors.
LOG (gmm-acc-stats-ali[5.5.1009~1-e4940]:main():gmm-acc-stats-ali.cc:115) Overall avg like per frame (Gaussian only) = -45.0864 over 87104 frames.
LOG (gmm-acc-stats-ali[5.5.1009~1-e4940]:main():gmm-acc-stats-ali.cc:123) Written accs.
# Accounting: time=1 threads=1
# Ended (code 0) at Tue Jun 14 11:03:07 UTC 2022, elapsed time 1 seconds
