# gmm-acc-stats-ali telugu_exp/tri3_cleaned/7.mdl "ark,s,cs:apply-cmvn  --utt2spk=ark:telugu_data/train_cleaned/split100/85/utt2spk scp:telugu_data/train_cleaned/split100/85/cmvn.scp scp:telugu_data/train_cleaned/split100/85/feats.scp ark:- | splice-feats  ark:- ark:- | transform-feats telugu_exp/tri3_ali_cleaned/final.mat ark:- ark:- | transform-feats --utt2spk=ark:telugu_data/train_cleaned/split100/85/utt2spk ark:telugu_exp/tri3_cleaned/trans.85 ark:- ark:- |" "ark,s,cs:gunzip -c telugu_exp/tri3_cleaned/ali.85.gz|" telugu_exp/tri3_cleaned/7.85.acc 
# Started at Tue Jun 14 10:52:52 UTC 2022
#
gmm-acc-stats-ali telugu_exp/tri3_cleaned/7.mdl 'ark,s,cs:apply-cmvn  --utt2spk=ark:telugu_data/train_cleaned/split100/85/utt2spk scp:telugu_data/train_cleaned/split100/85/cmvn.scp scp:telugu_data/train_cleaned/split100/85/feats.scp ark:- | splice-feats  ark:- ark:- | transform-feats telugu_exp/tri3_ali_cleaned/final.mat ark:- ark:- | transform-feats --utt2spk=ark:telugu_data/train_cleaned/split100/85/utt2spk ark:telugu_exp/tri3_cleaned/trans.85 ark:- ark:- |' 'ark,s,cs:gunzip -c telugu_exp/tri3_cleaned/ali.85.gz|' telugu_exp/tri3_cleaned/7.85.acc 
splice-feats ark:- ark:- 
apply-cmvn --utt2spk=ark:telugu_data/train_cleaned/split100/85/utt2spk scp:telugu_data/train_cleaned/split100/85/cmvn.scp scp:telugu_data/train_cleaned/split100/85/feats.scp ark:- 
transform-feats --utt2spk=ark:telugu_data/train_cleaned/split100/85/utt2spk ark:telugu_exp/tri3_cleaned/trans.85 ark:- ark:- 
transform-feats telugu_exp/tri3_ali_cleaned/final.mat ark:- ark:- 
LOG (gmm-acc-stats-ali[5.5.1009~1-e4940]:main():gmm-acc-stats-ali.cc:105) Processed 50 utterances; for utterance TE2001-TE2002_2-B.021-1 avg. like is -46.4861 over 121 frames.
LOG (gmm-acc-stats-ali[5.5.1009~1-e4940]:main():gmm-acc-stats-ali.cc:105) Processed 100 utterances; for utterance TE2001-TE2002_2-B.245-1 avg. like is -49.7028 over 194 frames.
LOG (gmm-acc-stats-ali[5.5.1009~1-e4940]:main():gmm-acc-stats-ali.cc:105) Processed 150 utterances; for utterance TE2001-TE2003_1-A.032-1 avg. like is -46.5064 over 334 frames.
LOG (gmm-acc-stats-ali[5.5.1009~1-e4940]:main():gmm-acc-stats-ali.cc:105) Processed 200 utterances; for utterance TE2001-TE2003_2-A.027-1 avg. like is -45.073 over 116 frames.
LOG (gmm-acc-stats-ali[5.5.1009~1-e4940]:main():gmm-acc-stats-ali.cc:105) Processed 250 utterances; for utterance TE2002-TE2004_1-A.099-1 avg. like is -48.3247 over 192 frames.
WARNING (gmm-acc-stats-ali[5.5.1009~1-e4940]:main():gmm-acc-stats-ali.cc:79) No alignment for utterance TE2002-TE2004_1-B.140-1
LOG (gmm-acc-stats-ali[5.5.1009~1-e4940]:main():gmm-acc-stats-ali.cc:105) Processed 300 utterances; for utterance TE2002-TE2004_2-A.135-1 avg. like is -49.837 over 278 frames.
WARNING (gmm-acc-stats-ali[5.5.1009~1-e4940]:main():gmm-acc-stats-ali.cc:79) No alignment for utterance TE2002-TE2004_2-B.201-1
LOG (gmm-acc-stats-ali[5.5.1009~1-e4940]:main():gmm-acc-stats-ali.cc:105) Processed 350 utterances; for utterance TE2003-TE2004_1-A.162-1 avg. like is -53.0138 over 585 frames.
LOG (gmm-acc-stats-ali[5.5.1009~1-e4940]:main():gmm-acc-stats-ali.cc:105) Processed 400 utterances; for utterance TE2003-TE2004_2-B.241-1 avg. like is -55.3047 over 413 frames.
LOG (apply-cmvn[5.5.1009~1-e4940]:main():apply-cmvn.cc:162) Applied cepstral mean normalization to 460 utterances, errors on 0
LOG (gmm-acc-stats-ali[5.5.1009~1-e4940]:main():gmm-acc-stats-ali.cc:105) Processed 450 utterances; for utterance TE2005-TE2006_2-B.096-1 avg. like is -50.1946 over 89 frames.
LOG (transform-feats[5.5.1009~1-e4940]:main():transform-feats.cc:158) Overall average [pseudo-]logdet is -98.9864 over 95179 frames.
LOG (transform-feats[5.5.1009~1-e4940]:main():transform-feats.cc:161) Applied transform to 460 utterances; 0 had errors.
LOG (transform-feats[5.5.1009~1-e4940]:main():transform-feats.cc:158) Overall average logdet is 0.529982 over 95179 frames.
LOG (transform-feats[5.5.1009~1-e4940]:main():transform-feats.cc:161) Applied transform to 460 utterances; 0 had errors.
LOG (gmm-acc-stats-ali[5.5.1009~1-e4940]:main():gmm-acc-stats-ali.cc:112) Done 458 files, 2 with errors.
LOG (gmm-acc-stats-ali[5.5.1009~1-e4940]:main():gmm-acc-stats-ali.cc:115) Overall avg like per frame (Gaussian only) = -49.2625 over 94904 frames.
LOG (gmm-acc-stats-ali[5.5.1009~1-e4940]:main():gmm-acc-stats-ali.cc:123) Written accs.
# Accounting: time=1 threads=1
# Ended (code 0) at Tue Jun 14 10:52:53 UTC 2022, elapsed time 1 seconds
