# gmm-acc-stats-ali telugu_exp/tri3_cleaned/20.mdl "ark,s,cs:apply-cmvn  --utt2spk=ark:telugu_data/train_cleaned/split100/71/utt2spk scp:telugu_data/train_cleaned/split100/71/cmvn.scp scp:telugu_data/train_cleaned/split100/71/feats.scp ark:- | splice-feats  ark:- ark:- | transform-feats telugu_exp/tri3_ali_cleaned/final.mat ark:- ark:- | transform-feats --utt2spk=ark:telugu_data/train_cleaned/split100/71/utt2spk ark:telugu_exp/tri3_cleaned/trans.71 ark:- ark:- |" "ark,s,cs:gunzip -c telugu_exp/tri3_cleaned/ali.71.gz|" telugu_exp/tri3_cleaned/20.71.acc 
# Started at Tue Jun 14 10:58:30 UTC 2022
#
gmm-acc-stats-ali telugu_exp/tri3_cleaned/20.mdl 'ark,s,cs:apply-cmvn  --utt2spk=ark:telugu_data/train_cleaned/split100/71/utt2spk scp:telugu_data/train_cleaned/split100/71/cmvn.scp scp:telugu_data/train_cleaned/split100/71/feats.scp ark:- | splice-feats  ark:- ark:- | transform-feats telugu_exp/tri3_ali_cleaned/final.mat ark:- ark:- | transform-feats --utt2spk=ark:telugu_data/train_cleaned/split100/71/utt2spk ark:telugu_exp/tri3_cleaned/trans.71 ark:- ark:- |' 'ark,s,cs:gunzip -c telugu_exp/tri3_cleaned/ali.71.gz|' telugu_exp/tri3_cleaned/20.71.acc 
splice-feats ark:- ark:- 
transform-feats telugu_exp/tri3_ali_cleaned/final.mat ark:- ark:- 
transform-feats --utt2spk=ark:telugu_data/train_cleaned/split100/71/utt2spk ark:telugu_exp/tri3_cleaned/trans.71 ark:- ark:- 
apply-cmvn --utt2spk=ark:telugu_data/train_cleaned/split100/71/utt2spk scp:telugu_data/train_cleaned/split100/71/cmvn.scp scp:telugu_data/train_cleaned/split100/71/feats.scp ark:- 
LOG (gmm-acc-stats-ali[5.5.1009~1-e4940]:main():gmm-acc-stats-ali.cc:105) Processed 50 utterances; for utterance TE0707-TE0708_1-A.022-1 avg. like is -46.9163 over 429 frames.
LOG (gmm-acc-stats-ali[5.5.1009~1-e4940]:main():gmm-acc-stats-ali.cc:105) Processed 100 utterances; for utterance TE0707-TE0708_1-B.111-1 avg. like is -47.8726 over 283 frames.
LOG (gmm-acc-stats-ali[5.5.1009~1-e4940]:main():gmm-acc-stats-ali.cc:105) Processed 150 utterances; for utterance TE0707-TE0708_2-B.075-1 avg. like is -52.4646 over 258 frames.
LOG (gmm-acc-stats-ali[5.5.1009~1-e4940]:main():gmm-acc-stats-ali.cc:105) Processed 200 utterances; for utterance TE0709-TE0710_1-B.313-1 avg. like is -45.3426 over 155 frames.
LOG (gmm-acc-stats-ali[5.5.1009~1-e4940]:main():gmm-acc-stats-ali.cc:105) Processed 250 utterances; for utterance TE0709-TE0711_1-A.250-1 avg. like is -47.8771 over 358 frames.
LOG (gmm-acc-stats-ali[5.5.1009~1-e4940]:main():gmm-acc-stats-ali.cc:105) Processed 300 utterances; for utterance TE0710-TE0712_1-A.115-1 avg. like is -42.6682 over 182 frames.
LOG (gmm-acc-stats-ali[5.5.1009~1-e4940]:main():gmm-acc-stats-ali.cc:105) Processed 350 utterances; for utterance TE0711-TE0712_1-A.065-1 avg. like is -42.5473 over 184 frames.
LOG (gmm-acc-stats-ali[5.5.1009~1-e4940]:main():gmm-acc-stats-ali.cc:105) Processed 400 utterances; for utterance TE0713-TE0714_1-B.195-1 avg. like is -44.4033 over 109 frames.
LOG (apply-cmvn[5.5.1009~1-e4940]:main():apply-cmvn.cc:162) Applied cepstral mean normalization to 447 utterances, errors on 0
LOG (transform-feats[5.5.1009~1-e4940]:main():transform-feats.cc:158) Overall average [pseudo-]logdet is -98.9864 over 87891 frames.
LOG (transform-feats[5.5.1009~1-e4940]:main():transform-feats.cc:161) Applied transform to 447 utterances; 0 had errors.
LOG (transform-feats[5.5.1009~1-e4940]:main():transform-feats.cc:158) Overall average logdet is 0.278682 over 87891 frames.
LOG (transform-feats[5.5.1009~1-e4940]:main():transform-feats.cc:161) Applied transform to 447 utterances; 0 had errors.
LOG (gmm-acc-stats-ali[5.5.1009~1-e4940]:main():gmm-acc-stats-ali.cc:112) Done 447 files, 0 with errors.
LOG (gmm-acc-stats-ali[5.5.1009~1-e4940]:main():gmm-acc-stats-ali.cc:115) Overall avg like per frame (Gaussian only) = -46.6532 over 87891 frames.
LOG (gmm-acc-stats-ali[5.5.1009~1-e4940]:main():gmm-acc-stats-ali.cc:123) Written accs.
# Accounting: time=1 threads=1
# Ended (code 0) at Tue Jun 14 10:58:31 UTC 2022, elapsed time 1 seconds
