# gmm-acc-stats-ali telugu_exp/tri3_cleaned/1.mdl "ark,s,cs:apply-cmvn  --utt2spk=ark:telugu_data/train_cleaned/split100/57/utt2spk scp:telugu_data/train_cleaned/split100/57/cmvn.scp scp:telugu_data/train_cleaned/split100/57/feats.scp ark:- | splice-feats  ark:- ark:- | transform-feats telugu_exp/tri3_ali_cleaned/final.mat ark:- ark:- | transform-feats --utt2spk=ark:telugu_data/train_cleaned/split100/57/utt2spk ark,s,cs:telugu_exp/tri3_ali_cleaned/trans.57 ark:- ark:- |" "ark,s,cs:gunzip -c telugu_exp/tri3_cleaned/ali.57.gz|" telugu_exp/tri3_cleaned/1.57.acc 
# Started at Tue Jun 14 10:49:00 UTC 2022
#
gmm-acc-stats-ali telugu_exp/tri3_cleaned/1.mdl 'ark,s,cs:apply-cmvn  --utt2spk=ark:telugu_data/train_cleaned/split100/57/utt2spk scp:telugu_data/train_cleaned/split100/57/cmvn.scp scp:telugu_data/train_cleaned/split100/57/feats.scp ark:- | splice-feats  ark:- ark:- | transform-feats telugu_exp/tri3_ali_cleaned/final.mat ark:- ark:- | transform-feats --utt2spk=ark:telugu_data/train_cleaned/split100/57/utt2spk ark,s,cs:telugu_exp/tri3_ali_cleaned/trans.57 ark:- ark:- |' 'ark,s,cs:gunzip -c telugu_exp/tri3_cleaned/ali.57.gz|' telugu_exp/tri3_cleaned/1.57.acc 
splice-feats ark:- ark:- 
transform-feats --utt2spk=ark:telugu_data/train_cleaned/split100/57/utt2spk ark,s,cs:telugu_exp/tri3_ali_cleaned/trans.57 ark:- ark:- 
apply-cmvn --utt2spk=ark:telugu_data/train_cleaned/split100/57/utt2spk scp:telugu_data/train_cleaned/split100/57/cmvn.scp scp:telugu_data/train_cleaned/split100/57/feats.scp ark:- 
transform-feats telugu_exp/tri3_ali_cleaned/final.mat ark:- ark:- 
LOG (gmm-acc-stats-ali[5.5.1009~1-e4940]:main():gmm-acc-stats-ali.cc:105) Processed 50 utterances; for utterance TE0547-TE0548_2-B.112-1 avg. like is -53.6194 over 230 frames.
WARNING (gmm-acc-stats-ali[5.5.1009~1-e4940]:main():gmm-acc-stats-ali.cc:79) No alignment for utterance TE0549-TE0550_1-A.215-1
LOG (gmm-acc-stats-ali[5.5.1009~1-e4940]:main():gmm-acc-stats-ali.cc:105) Processed 100 utterances; for utterance TE0549-TE0550_1-B.048-1 avg. like is -46.5855 over 101 frames.
LOG (gmm-acc-stats-ali[5.5.1009~1-e4940]:main():gmm-acc-stats-ali.cc:105) Processed 150 utterances; for utterance TE0549-TE0550_2-B.039-1 avg. like is -43.9 over 83 frames.
WARNING (gmm-acc-stats-ali[5.5.1009~1-e4940]:main():gmm-acc-stats-ali.cc:79) No alignment for utterance TE0549-TE0550_2-B.311-1
LOG (gmm-acc-stats-ali[5.5.1009~1-e4940]:main():gmm-acc-stats-ali.cc:105) Processed 200 utterances; for utterance TE0549-TE0551_1-A.218-1 avg. like is -52.2902 over 313 frames.
LOG (gmm-acc-stats-ali[5.5.1009~1-e4940]:main():gmm-acc-stats-ali.cc:105) Processed 250 utterances; for utterance TE0549-TE0551_2-B.373-1 avg. like is -51.726 over 162 frames.
LOG (gmm-acc-stats-ali[5.5.1009~1-e4940]:main():gmm-acc-stats-ali.cc:105) Processed 300 utterances; for utterance TE0550-TE0552_2-A.033-1 avg. like is -53.685 over 201 frames.
LOG (gmm-acc-stats-ali[5.5.1009~1-e4940]:main():gmm-acc-stats-ali.cc:105) Processed 350 utterances; for utterance TE0550-TE0552_2-B.104-1 avg. like is -54.3738 over 116 frames.
LOG (gmm-acc-stats-ali[5.5.1009~1-e4940]:main():gmm-acc-stats-ali.cc:105) Processed 400 utterances; for utterance TE0551-TE0552_1-B.091-1 avg. like is -48.0386 over 143 frames.
LOG (apply-cmvn[5.5.1009~1-e4940]:main():apply-cmvn.cc:162) Applied cepstral mean normalization to 432 utterances, errors on 0
LOG (transform-feats[5.5.1009~1-e4940]:main():transform-feats.cc:158) Overall average [pseudo-]logdet is -98.9864 over 74747 frames.
LOG (transform-feats[5.5.1009~1-e4940]:main():transform-feats.cc:161) Applied transform to 432 utterances; 0 had errors.
LOG (transform-feats[5.5.1009~1-e4940]:main():transform-feats.cc:158) Overall average logdet is 0.581394 over 74747 frames.
LOG (transform-feats[5.5.1009~1-e4940]:main():transform-feats.cc:161) Applied transform to 432 utterances; 0 had errors.
LOG (gmm-acc-stats-ali[5.5.1009~1-e4940]:main():gmm-acc-stats-ali.cc:112) Done 430 files, 2 with errors.
LOG (gmm-acc-stats-ali[5.5.1009~1-e4940]:main():gmm-acc-stats-ali.cc:115) Overall avg like per frame (Gaussian only) = -51.7839 over 74316 frames.
LOG (gmm-acc-stats-ali[5.5.1009~1-e4940]:main():gmm-acc-stats-ali.cc:123) Written accs.
# Accounting: time=1 threads=1
# Ended (code 0) at Tue Jun 14 10:49:01 UTC 2022, elapsed time 1 seconds
