# ali-to-post "ark:gunzip -c telugu_exp/tri3_cleaned/ali.72.gz|" ark:- | gmm-acc-stats-twofeats telugu_exp/tri3_cleaned/35.mdl "ark,s,cs:apply-cmvn  --utt2spk=ark:telugu_data/train_cleaned/split100/72/utt2spk scp:telugu_data/train_cleaned/split100/72/cmvn.scp scp:telugu_data/train_cleaned/split100/72/feats.scp ark:- | splice-feats  ark:- ark:- | transform-feats telugu_exp/tri3_ali_cleaned/final.mat ark:- ark:- | transform-feats --utt2spk=ark:telugu_data/train_cleaned/split100/72/utt2spk ark:telugu_exp/tri3_cleaned/trans.72 ark:- ark:- |" "ark,s,cs:apply-cmvn  --utt2spk=ark:telugu_data/train_cleaned/split100/72/utt2spk scp:telugu_data/train_cleaned/split100/72/cmvn.scp scp:telugu_data/train_cleaned/split100/72/feats.scp ark:- | splice-feats  ark:- ark:- | transform-feats telugu_exp/tri3_ali_cleaned/final.mat ark:- ark:- |" ark,s,cs:- telugu_exp/tri3_cleaned/35.72.acc 
# Started at Tue Jun 14 11:04:42 UTC 2022
#
gmm-acc-stats-twofeats telugu_exp/tri3_cleaned/35.mdl 'ark,s,cs:apply-cmvn  --utt2spk=ark:telugu_data/train_cleaned/split100/72/utt2spk scp:telugu_data/train_cleaned/split100/72/cmvn.scp scp:telugu_data/train_cleaned/split100/72/feats.scp ark:- | splice-feats  ark:- ark:- | transform-feats telugu_exp/tri3_ali_cleaned/final.mat ark:- ark:- | transform-feats --utt2spk=ark:telugu_data/train_cleaned/split100/72/utt2spk ark:telugu_exp/tri3_cleaned/trans.72 ark:- ark:- |' 'ark,s,cs:apply-cmvn  --utt2spk=ark:telugu_data/train_cleaned/split100/72/utt2spk scp:telugu_data/train_cleaned/split100/72/cmvn.scp scp:telugu_data/train_cleaned/split100/72/feats.scp ark:- | splice-feats  ark:- ark:- | transform-feats telugu_exp/tri3_ali_cleaned/final.mat ark:- ark:- |' ark,s,cs:- telugu_exp/tri3_cleaned/35.72.acc 
ali-to-post 'ark:gunzip -c telugu_exp/tri3_cleaned/ali.72.gz|' ark:- 
splice-feats ark:- ark:- 
transform-feats telugu_exp/tri3_ali_cleaned/final.mat ark:- ark:- 
transform-feats --utt2spk=ark:telugu_data/train_cleaned/split100/72/utt2spk ark:telugu_exp/tri3_cleaned/trans.72 ark:- ark:- 
apply-cmvn --utt2spk=ark:telugu_data/train_cleaned/split100/72/utt2spk scp:telugu_data/train_cleaned/split100/72/cmvn.scp scp:telugu_data/train_cleaned/split100/72/feats.scp ark:- 
splice-feats ark:- ark:- 
apply-cmvn --utt2spk=ark:telugu_data/train_cleaned/split100/72/utt2spk scp:telugu_data/train_cleaned/split100/72/cmvn.scp scp:telugu_data/train_cleaned/split100/72/feats.scp ark:- 
transform-feats telugu_exp/tri3_ali_cleaned/final.mat ark:- ark:- 
LOG (gmm-acc-stats-twofeats[5.5.1009~1-e4940]:main():gmm-acc-stats-twofeats.cc:140) Average like for this file is -43.7389 over 135 frames.
LOG (gmm-acc-stats-twofeats[5.5.1009~1-e4940]:main():gmm-acc-stats-twofeats.cc:140) Average like for this file is -43.3673 over 98 frames.
LOG (gmm-acc-stats-twofeats[5.5.1009~1-e4940]:main():gmm-acc-stats-twofeats.cc:140) Average like for this file is -44.0239 over 161 frames.
LOG (gmm-acc-stats-twofeats[5.5.1009~1-e4940]:main():gmm-acc-stats-twofeats.cc:140) Average like for this file is -42.6036 over 134 frames.
LOG (gmm-acc-stats-twofeats[5.5.1009~1-e4940]:main():gmm-acc-stats-twofeats.cc:140) Average like for this file is -46.8328 over 132 frames.
LOG (gmm-acc-stats-twofeats[5.5.1009~1-e4940]:main():gmm-acc-stats-twofeats.cc:140) Average like for this file is -45.1759 over 108 frames.
LOG (gmm-acc-stats-twofeats[5.5.1009~1-e4940]:main():gmm-acc-stats-twofeats.cc:140) Average like for this file is -44.9828 over 177 frames.
LOG (gmm-acc-stats-twofeats[5.5.1009~1-e4940]:main():gmm-acc-stats-twofeats.cc:140) Average like for this file is -46.8744 over 203 frames.
LOG (gmm-acc-stats-twofeats[5.5.1009~1-e4940]:main():gmm-acc-stats-twofeats.cc:140) Average like for this file is -43.6168 over 366 frames.
LOG (gmm-acc-stats-twofeats[5.5.1009~1-e4940]:main():gmm-acc-stats-twofeats.cc:140) Average like for this file is -42.3793 over 157 frames.
LOG (gmm-acc-stats-twofeats[5.5.1009~1-e4940]:main():gmm-acc-stats-twofeats.cc:146) Avg like per frame so far is -44.349
LOG (gmm-acc-stats-twofeats[5.5.1009~1-e4940]:main():gmm-acc-stats-twofeats.cc:140) Average like for this file is -36.8613 over 216 frames.
LOG (gmm-acc-stats-twofeats[5.5.1009~1-e4940]:main():gmm-acc-stats-twofeats.cc:140) Average like for this file is -43.8415 over 181 frames.
LOG (gmm-acc-stats-twofeats[5.5.1009~1-e4940]:main():gmm-acc-stats-twofeats.cc:140) Average like for this file is -45.965 over 263 frames.
LOG (gmm-acc-stats-twofeats[5.5.1009~1-e4940]:main():gmm-acc-stats-twofeats.cc:140) Average like for this file is -36.7622 over 86 frames.
LOG (gmm-acc-stats-twofeats[5.5.1009~1-e4940]:main():gmm-acc-stats-twofeats.cc:140) Average like for this file is -35.3436 over 66 frames.
LOG (gmm-acc-stats-twofeats[5.5.1009~1-e4940]:main():gmm-acc-stats-twofeats.cc:140) Average like for this file is -44.2476 over 87 frames.
LOG (gmm-acc-stats-twofeats[5.5.1009~1-e4940]:main():gmm-acc-stats-twofeats.cc:140) Average like for this file is -48.3172 over 89 frames.
LOG (gmm-acc-stats-twofeats[5.5.1009~1-e4940]:main():gmm-acc-stats-twofeats.cc:140) Average like for this file is -42.7084 over 78 frames.
LOG (gmm-acc-stats-twofeats[5.5.1009~1-e4940]:main():gmm-acc-stats-twofeats.cc:140) Average like for this file is -42.2479 over 153 frames.
LOG (gmm-acc-stats-twofeats[5.5.1009~1-e4940]:main():gmm-acc-stats-twofeats.cc:140) Average like for this file is -43.9687 over 171 frames.
LOG (gmm-acc-stats-twofeats[5.5.1009~1-e4940]:main():gmm-acc-stats-twofeats.cc:146) Avg like per frame so far is -43.4666
LOG (gmm-acc-stats-twofeats[5.5.1009~1-e4940]:main():gmm-acc-stats-twofeats.cc:140) Average like for this file is -40.9296 over 107 frames.
LOG (gmm-acc-stats-twofeats[5.5.1009~1-e4940]:main():gmm-acc-stats-twofeats.cc:140) Average like for this file is -48.3007 over 282 frames.
LOG (gmm-acc-stats-twofeats[5.5.1009~1-e4940]:main():gmm-acc-stats-twofeats.cc:140) Average like for this file is -41.5848 over 117 frames.
LOG (gmm-acc-stats-twofeats[5.5.1009~1-e4940]:main():gmm-acc-stats-twofeats.cc:140) Average like for this file is -41.1455 over 83 frames.
LOG (gmm-acc-stats-twofeats[5.5.1009~1-e4940]:main():gmm-acc-stats-twofeats.cc:140) Average like for this file is -47.6361 over 114 frames.
LOG (gmm-acc-stats-twofeats[5.5.1009~1-e4940]:main():gmm-acc-stats-twofeats.cc:140) Average like for this file is -43.3132 over 81 frames.
LOG (gmm-acc-stats-twofeats[5.5.1009~1-e4940]:main():gmm-acc-stats-twofeats.cc:140) Average like for this file is -42.8363 over 121 frames.
LOG (gmm-acc-stats-twofeats[5.5.1009~1-e4940]:main():gmm-acc-stats-twofeats.cc:140) Average like for this file is -48.5978 over 132 frames.
LOG (gmm-acc-stats-twofeats[5.5.1009~1-e4940]:main():gmm-acc-stats-twofeats.cc:140) Average like for this file is -50.4703 over 124 frames.
LOG (gmm-acc-stats-twofeats[5.5.1009~1-e4940]:main():gmm-acc-stats-twofeats.cc:140) Average like for this file is -47.0478 over 299 frames.
LOG (gmm-acc-stats-twofeats[5.5.1009~1-e4940]:main():gmm-acc-stats-twofeats.cc:146) Avg like per frame so far is -44.281
LOG (gmm-acc-stats-twofeats[5.5.1009~1-e4940]:main():gmm-acc-stats-twofeats.cc:140) Average like for this file is -44.198 over 208 frames.
LOG (gmm-acc-stats-twofeats[5.5.1009~1-e4940]:main():gmm-acc-stats-twofeats.cc:140) Average like for this file is -46.456 over 264 frames.
LOG (gmm-acc-stats-twofeats[5.5.1009~1-e4940]:main():gmm-acc-stats-twofeats.cc:140) Average like for this file is -45.3385 over 134 frames.
LOG (gmm-acc-stats-twofeats[5.5.1009~1-e4940]:main():gmm-acc-stats-twofeats.cc:140) Average like for this file is -45.0872 over 328 frames.
LOG (gmm-acc-stats-twofeats[5.5.1009~1-e4940]:main():gmm-acc-stats-twofeats.cc:140) Average like for this file is -46.9095 over 78 frames.
LOG (gmm-acc-stats-twofeats[5.5.1009~1-e4940]:main():gmm-acc-stats-twofeats.cc:140) Average like for this file is -35.5174 over 73 frames.
LOG (gmm-acc-stats-twofeats[5.5.1009~1-e4940]:main():gmm-acc-stats-twofeats.cc:140) Average like for this file is -45.8319 over 178 frames.
LOG (gmm-acc-stats-twofeats[5.5.1009~1-e4940]:main():gmm-acc-stats-twofeats.cc:140) Average like for this file is -50.6997 over 91 frames.
LOG (gmm-acc-stats-twofeats[5.5.1009~1-e4940]:main():gmm-acc-stats-twofeats.cc:140) Average like for this file is -43.7088 over 186 frames.
LOG (gmm-acc-stats-twofeats[5.5.1009~1-e4940]:main():gmm-acc-stats-twofeats.cc:140) Average like for this file is -51.8795 over 82 frames.
LOG (gmm-acc-stats-twofeats[5.5.1009~1-e4940]:main():gmm-acc-stats-twofeats.cc:146) Avg like per frame so far is -44.5912
LOG (gmm-acc-stats-twofeats[5.5.1009~1-e4940]:main():gmm-acc-stats-twofeats.cc:140) Average like for this file is -43.8339 over 321 frames.
LOG (gmm-acc-stats-twofeats[5.5.1009~1-e4940]:main():gmm-acc-stats-twofeats.cc:140) Average like for this file is -48.655 over 97 frames.
LOG (gmm-acc-stats-twofeats[5.5.1009~1-e4940]:main():gmm-acc-stats-twofeats.cc:140) Average like for this file is -40.4812 over 153 frames.
LOG (gmm-acc-stats-twofeats[5.5.1009~1-e4940]:main():gmm-acc-stats-twofeats.cc:140) Average like for this file is -40.0387 over 153 frames.
LOG (gmm-acc-stats-twofeats[5.5.1009~1-e4940]:main():gmm-acc-stats-twofeats.cc:140) Average like for this file is -41.5078 over 97 frames.
LOG (gmm-acc-stats-twofeats[5.5.1009~1-e4940]:main():gmm-acc-stats-twofeats.cc:140) Average like for this file is -30.6519 over 138 frames.
LOG (gmm-acc-stats-twofeats[5.5.1009~1-e4940]:main():gmm-acc-stats-twofeats.cc:140) Average like for this file is -42.2703 over 130 frames.
LOG (gmm-acc-stats-twofeats[5.5.1009~1-e4940]:main():gmm-acc-stats-twofeats.cc:140) Average like for this file is -51.0488 over 184 frames.
LOG (gmm-acc-stats-twofeats[5.5.1009~1-e4940]:main():gmm-acc-stats-twofeats.cc:140) Average like for this file is -52.1731 over 407 frames.
LOG (gmm-acc-stats-twofeats[5.5.1009~1-e4940]:main():gmm-acc-stats-twofeats.cc:140) Average like for this file is -47.3301 over 176 frames.
LOG (gmm-acc-stats-twofeats[5.5.1009~1-e4940]:main():gmm-acc-stats-twofeats.cc:146) Avg like per frame so far is -44.7234
LOG (gmm-acc-stats-twofeats[5.5.1009~1-e4940]:main():gmm-acc-stats-twofeats.cc:140) Average like for this file is -48.8206 over 336 frames.
LOG (gmm-acc-stats-twofeats[5.5.1009~1-e4940]:main():gmm-acc-stats-twofeats.cc:140) Average like for this file is -48.9449 over 248 frames.
LOG (gmm-acc-stats-twofeats[5.5.1009~1-e4940]:main():gmm-acc-stats-twofeats.cc:140) Average like for this file is -30.8378 over 103 frames.
LOG (gmm-acc-stats-twofeats[5.5.1009~1-e4940]:main():gmm-acc-stats-twofeats.cc:140) Average like for this file is -49.1623 over 233 frames.
LOG (gmm-acc-stats-twofeats[5.5.1009~1-e4940]:main():gmm-acc-stats-twofeats.cc:140) Average like for this file is -44.5281 over 116 frames.
LOG (gmm-acc-stats-twofeats[5.5.1009~1-e4940]:main():gmm-acc-stats-twofeats.cc:140) Average like for this file is -40.1858 over 93 frames.
LOG (gmm-acc-stats-twofeats[5.5.1009~1-e4940]:main():gmm-acc-stats-twofeats.cc:140) Average like for this file is -47.0239 over 52 frames.
LOG (gmm-acc-stats-twofeats[5.5.1009~1-e4940]:main():gmm-acc-stats-twofeats.cc:140) Average like for this file is -42.4212 over 94 frames.
LOG (gmm-acc-stats-twofeats[5.5.1009~1-e4940]:main():gmm-acc-stats-twofeats.cc:140) Average like for this file is -39.5403 over 122 frames.
LOG (gmm-acc-stats-twofeats[5.5.1009~1-e4940]:main():gmm-acc-stats-twofeats.cc:140) Average like for this file is -43.9207 over 128 frames.
LOG (gmm-acc-stats-twofeats[5.5.1009~1-e4940]:main():gmm-acc-stats-twofeats.cc:146) Avg like per frame so far is -44.8022
LOG (gmm-acc-stats-twofeats[5.5.1009~1-e4940]:main():gmm-acc-stats-twofeats.cc:140) Average like for this file is -50.0837 over 442 frames.
LOG (gmm-acc-stats-twofeats[5.5.1009~1-e4940]:main():gmm-acc-stats-twofeats.cc:140) Average like for this file is -47.3651 over 324 frames.
LOG (gmm-acc-stats-twofeats[5.5.1009~1-e4940]:main():gmm-acc-stats-twofeats.cc:140) Average like for this file is -47.3004 over 230 frames.
LOG (gmm-acc-stats-twofeats[5.5.1009~1-e4940]:main():gmm-acc-stats-twofeats.cc:140) Average like for this file is -47.4735 over 138 frames.
LOG (gmm-acc-stats-twofeats[5.5.1009~1-e4940]:main():gmm-acc-stats-twofeats.cc:140) Average like for this file is -43.9719 over 118 frames.
LOG (gmm-acc-stats-twofeats[5.5.1009~1-e4940]:main():gmm-acc-stats-twofeats.cc:140) Average like for this file is -51.3194 over 317 frames.
LOG (gmm-acc-stats-twofeats[5.5.1009~1-e4940]:main():gmm-acc-stats-twofeats.cc:140) Average like for this file is -44.6842 over 119 frames.
LOG (gmm-acc-stats-twofeats[5.5.1009~1-e4940]:main():gmm-acc-stats-twofeats.cc:140) Average like for this file is -44.6865 over 91 frames.
LOG (gmm-acc-stats-twofeats[5.5.1009~1-e4940]:main():gmm-acc-stats-twofeats.cc:140) Average like for this file is -50.9614 over 139 frames.
LOG (gmm-acc-stats-twofeats[5.5.1009~1-e4940]:main():gmm-acc-stats-twofeats.cc:140) Average like for this file is -45.2487 over 178 frames.
LOG (gmm-acc-stats-twofeats[5.5.1009~1-e4940]:main():gmm-acc-stats-twofeats.cc:146) Avg like per frame so far is -45.4035
LOG (gmm-acc-stats-twofeats[5.5.1009~1-e4940]:main():gmm-acc-stats-twofeats.cc:140) Average like for this file is -46.4888 over 108 frames.
LOG (gmm-acc-stats-twofeats[5.5.1009~1-e4940]:main():gmm-acc-stats-twofeats.cc:140) Average like for this file is -38.8809 over 78 frames.
LOG (gmm-acc-stats-twofeats[5.5.1009~1-e4940]:main():gmm-acc-stats-twofeats.cc:140) Average like for this file is -40.6514 over 103 frames.
LOG (gmm-acc-stats-twofeats[5.5.1009~1-e4940]:main():gmm-acc-stats-twofeats.cc:140) Average like for this file is -41.2996 over 96 frames.
LOG (gmm-acc-stats-twofeats[5.5.1009~1-e4940]:main():gmm-acc-stats-twofeats.cc:140) Average like for this file is -44.0178 over 77 frames.
LOG (gmm-acc-stats-twofeats[5.5.1009~1-e4940]:main():gmm-acc-stats-twofeats.cc:140) Average like for this file is -48.0341 over 177 frames.
LOG (gmm-acc-stats-twofeats[5.5.1009~1-e4940]:main():gmm-acc-stats-twofeats.cc:140) Average like for this file is -43.6012 over 109 frames.
LOG (gmm-acc-stats-twofeats[5.5.1009~1-e4940]:main():gmm-acc-stats-twofeats.cc:140) Average like for this file is -45.7541 over 77 frames.
LOG (gmm-acc-stats-twofeats[5.5.1009~1-e4940]:main():gmm-acc-stats-twofeats.cc:140) Average like for this file is -39.2626 over 69 frames.
LOG (gmm-acc-stats-twofeats[5.5.1009~1-e4940]:main():gmm-acc-stats-twofeats.cc:140) Average like for this file is -42.0568 over 299 frames.
LOG (gmm-acc-stats-twofeats[5.5.1009~1-e4940]:main():gmm-acc-stats-twofeats.cc:146) Avg like per frame so far is -45.2076
LOG (gmm-acc-stats-twofeats[5.5.1009~1-e4940]:main():gmm-acc-stats-twofeats.cc:140) Average like for this file is -36.7197 over 133 frames.
LOG (gmm-acc-stats-twofeats[5.5.1009~1-e4940]:main():gmm-acc-stats-twofeats.cc:140) Average like for this file is -44.558 over 83 frames.
LOG (gmm-acc-stats-twofeats[5.5.1009~1-e4940]:main():gmm-acc-stats-twofeats.cc:140) Average like for this file is -40.0803 over 89 frames.
LOG (gmm-acc-stats-twofeats[5.5.1009~1-e4940]:main():gmm-acc-stats-twofeats.cc:140) Average like for this file is -46.7646 over 127 frames.
LOG (gmm-acc-stats-twofeats[5.5.1009~1-e4940]:main():gmm-acc-stats-twofeats.cc:140) Average like for this file is -43.221 over 88 frames.
LOG (gmm-acc-stats-twofeats[5.5.1009~1-e4940]:main():gmm-acc-stats-twofeats.cc:140) Average like for this file is -46.8729 over 147 frames.
LOG (gmm-acc-stats-twofeats[5.5.1009~1-e4940]:main():gmm-acc-stats-twofeats.cc:140) Average like for this file is -42.1766 over 297 frames.
LOG (gmm-acc-stats-twofeats[5.5.1009~1-e4940]:main():gmm-acc-stats-twofeats.cc:140) Average like for this file is -44.4764 over 58 frames.
LOG (gmm-acc-stats-twofeats[5.5.1009~1-e4940]:main():gmm-acc-stats-twofeats.cc:140) Average like for this file is -41.1915 over 98 frames.
LOG (gmm-acc-stats-twofeats[5.5.1009~1-e4940]:main():gmm-acc-stats-twofeats.cc:140) Average like for this file is -44.7362 over 104 frames.
LOG (gmm-acc-stats-twofeats[5.5.1009~1-e4940]:main():gmm-acc-stats-twofeats.cc:146) Avg like per frame so far is -45.0112
LOG (gmm-acc-stats-twofeats[5.5.1009~1-e4940]:main():gmm-acc-stats-twofeats.cc:140) Average like for this file is -47.9039 over 128 frames.
LOG (gmm-acc-stats-twofeats[5.5.1009~1-e4940]:main():gmm-acc-stats-twofeats.cc:140) Average like for this file is -43.3195 over 401 frames.
LOG (gmm-acc-stats-twofeats[5.5.1009~1-e4940]:main():gmm-acc-stats-twofeats.cc:140) Average like for this file is -48.5416 over 123 frames.
LOG (gmm-acc-stats-twofeats[5.5.1009~1-e4940]:main():gmm-acc-stats-twofeats.cc:140) Average like for this file is -50.1949 over 309 frames.
LOG (gmm-acc-stats-twofeats[5.5.1009~1-e4940]:main():gmm-acc-stats-twofeats.cc:140) Average like for this file is -47.9321 over 146 frames.
LOG (gmm-acc-stats-twofeats[5.5.1009~1-e4940]:main():gmm-acc-stats-twofeats.cc:140) Average like for this file is -45.1076 over 327 frames.
LOG (gmm-acc-stats-twofeats[5.5.1009~1-e4940]:main():gmm-acc-stats-twofeats.cc:140) Average like for this file is -46.7772 over 223 frames.
LOG (gmm-acc-stats-twofeats[5.5.1009~1-e4940]:main():gmm-acc-stats-twofeats.cc:140) Average like for this file is -45.0173 over 342 frames.
LOG (gmm-acc-stats-twofeats[5.5.1009~1-e4940]:main():gmm-acc-stats-twofeats.cc:140) Average like for this file is -48.857 over 162 frames.
LOG (gmm-acc-stats-twofeats[5.5.1009~1-e4940]:main():gmm-acc-stats-twofeats.cc:140) Average like for this file is -46.3959 over 483 frames.
LOG (gmm-acc-stats-twofeats[5.5.1009~1-e4940]:main():gmm-acc-stats-twofeats.cc:146) Avg like per frame so far is -45.2434
LOG (gmm-acc-stats-twofeats[5.5.1009~1-e4940]:main():gmm-acc-stats-twofeats.cc:140) Average like for this file is -45.7607 over 244 frames.
LOG (gmm-acc-stats-twofeats[5.5.1009~1-e4940]:main():gmm-acc-stats-twofeats.cc:140) Average like for this file is -47.3201 over 107 frames.
LOG (gmm-acc-stats-twofeats[5.5.1009~1-e4940]:main():gmm-acc-stats-twofeats.cc:140) Average like for this file is -38.81 over 79 frames.
LOG (gmm-acc-stats-twofeats[5.5.1009~1-e4940]:main():gmm-acc-stats-twofeats.cc:140) Average like for this file is -45.7332 over 593 frames.
LOG (gmm-acc-stats-twofeats[5.5.1009~1-e4940]:main():gmm-acc-stats-twofeats.cc:140) Average like for this file is -41.7923 over 193 frames.
LOG (gmm-acc-stats-twofeats[5.5.1009~1-e4940]:main():gmm-acc-stats-twofeats.cc:140) Average like for this file is -42.4907 over 335 frames.
LOG (gmm-acc-stats-twofeats[5.5.1009~1-e4940]:main():gmm-acc-stats-twofeats.cc:140) Average like for this file is -40.3474 over 80 frames.
LOG (gmm-acc-stats-twofeats[5.5.1009~1-e4940]:main():gmm-acc-stats-twofeats.cc:140) Average like for this file is -44.4426 over 112 frames.
LOG (gmm-acc-stats-twofeats[5.5.1009~1-e4940]:main():gmm-acc-stats-twofeats.cc:140) Average like for this file is -38.3558 over 139 frames.
LOG (gmm-acc-stats-twofeats[5.5.1009~1-e4940]:main():gmm-acc-stats-twofeats.cc:140) Average like for this file is -40.4956 over 197 frames.
LOG (gmm-acc-stats-twofeats[5.5.1009~1-e4940]:main():gmm-acc-stats-twofeats.cc:146) Avg like per frame so far is -45.0392
LOG (gmm-acc-stats-twofeats[5.5.1009~1-e4940]:main():gmm-acc-stats-twofeats.cc:140) Average like for this file is -46.0118 over 218 frames.
LOG (gmm-acc-stats-twofeats[5.5.1009~1-e4940]:main():gmm-acc-stats-twofeats.cc:140) Average like for this file is -41.3671 over 63 frames.
LOG (gmm-acc-stats-twofeats[5.5.1009~1-e4940]:main():gmm-acc-stats-twofeats.cc:140) Average like for this file is -41.7501 over 92 frames.
LOG (gmm-acc-stats-twofeats[5.5.1009~1-e4940]:main():gmm-acc-stats-twofeats.cc:140) Average like for this file is -45.6949 over 412 frames.
LOG (gmm-acc-stats-twofeats[5.5.1009~1-e4940]:main():gmm-acc-stats-twofeats.cc:140) Average like for this file is -46.6598 over 340 frames.
LOG (gmm-acc-stats-twofeats[5.5.1009~1-e4940]:main():gmm-acc-stats-twofeats.cc:140) Average like for this file is -40.8596 over 431 frames.
LOG (gmm-acc-stats-twofeats[5.5.1009~1-e4940]:main():gmm-acc-stats-twofeats.cc:140) Average like for this file is -50.3864 over 180 frames.
LOG (gmm-acc-stats-twofeats[5.5.1009~1-e4940]:main():gmm-acc-stats-twofeats.cc:140) Average like for this file is -38.0077 over 73 frames.
LOG (gmm-acc-stats-twofeats[5.5.1009~1-e4940]:main():gmm-acc-stats-twofeats.cc:140) Average like for this file is -37.3596 over 78 frames.
LOG (gmm-acc-stats-twofeats[5.5.1009~1-e4940]:main():gmm-acc-stats-twofeats.cc:140) Average like for this file is -35.8542 over 86 frames.
LOG (gmm-acc-stats-twofeats[5.5.1009~1-e4940]:main():gmm-acc-stats-twofeats.cc:146) Avg like per frame so far is -44.9311
LOG (gmm-acc-stats-twofeats[5.5.1009~1-e4940]:main():gmm-acc-stats-twofeats.cc:140) Average like for this file is -44.5746 over 491 frames.
LOG (gmm-acc-stats-twofeats[5.5.1009~1-e4940]:main():gmm-acc-stats-twofeats.cc:140) Average like for this file is -46.4408 over 103 frames.
LOG (gmm-acc-stats-twofeats[5.5.1009~1-e4940]:main():gmm-acc-stats-twofeats.cc:140) Average like for this file is -46.4199 over 148 frames.
LOG (gmm-acc-stats-twofeats[5.5.1009~1-e4940]:main():gmm-acc-stats-twofeats.cc:140) Average like for this file is -38.6695 over 76 frames.
LOG (gmm-acc-stats-twofeats[5.5.1009~1-e4940]:main():gmm-acc-stats-twofeats.cc:140) Average like for this file is -40.4228 over 89 frames.
LOG (gmm-acc-stats-twofeats[5.5.1009~1-e4940]:main():gmm-acc-stats-twofeats.cc:140) Average like for this file is -47.1429 over 93 frames.
LOG (gmm-acc-stats-twofeats[5.5.1009~1-e4940]:main():gmm-acc-stats-twofeats.cc:140) Average like for this file is -39.1468 over 85 frames.
LOG (gmm-acc-stats-twofeats[5.5.1009~1-e4940]:main():gmm-acc-stats-twofeats.cc:140) Average like for this file is -46.9714 over 353 frames.
LOG (gmm-acc-stats-twofeats[5.5.1009~1-e4940]:main():gmm-acc-stats-twofeats.cc:140) Average like for this file is -48.7218 over 361 frames.
LOG (gmm-acc-stats-twofeats[5.5.1009~1-e4940]:main():gmm-acc-stats-twofeats.cc:140) Average like for this file is -48.4311 over 139 frames.
LOG (gmm-acc-stats-twofeats[5.5.1009~1-e4940]:main():gmm-acc-stats-twofeats.cc:146) Avg like per frame so far is -45.0022
LOG (gmm-acc-stats-twofeats[5.5.1009~1-e4940]:main():gmm-acc-stats-twofeats.cc:140) Average like for this file is -49.5299 over 317 frames.
LOG (gmm-acc-stats-twofeats[5.5.1009~1-e4940]:main():gmm-acc-stats-twofeats.cc:140) Average like for this file is -45.5289 over 193 frames.
LOG (gmm-acc-stats-twofeats[5.5.1009~1-e4940]:main():gmm-acc-stats-twofeats.cc:140) Average like for this file is -42.4797 over 143 frames.
LOG (gmm-acc-stats-twofeats[5.5.1009~1-e4940]:main():gmm-acc-stats-twofeats.cc:140) Average like for this file is -45.4635 over 446 frames.
LOG (gmm-acc-stats-twofeats[5.5.1009~1-e4940]:main():gmm-acc-stats-twofeats.cc:140) Average like for this file is -45.4104 over 123 frames.
LOG (gmm-acc-stats-twofeats[5.5.1009~1-e4940]:main():gmm-acc-stats-twofeats.cc:140) Average like for this file is -25.3255 over 68 frames.
LOG (gmm-acc-stats-twofeats[5.5.1009~1-e4940]:main():gmm-acc-stats-twofeats.cc:140) Average like for this file is -45.5345 over 163 frames.
LOG (gmm-acc-stats-twofeats[5.5.1009~1-e4940]:main():gmm-acc-stats-twofeats.cc:140) Average like for this file is -48.1571 over 262 frames.
LOG (gmm-acc-stats-twofeats[5.5.1009~1-e4940]:main():gmm-acc-stats-twofeats.cc:140) Average like for this file is -46.8066 over 219 frames.
LOG (gmm-acc-stats-twofeats[5.5.1009~1-e4940]:main():gmm-acc-stats-twofeats.cc:140) Average like for this file is -49.3585 over 164 frames.
LOG (gmm-acc-stats-twofeats[5.5.1009~1-e4940]:main():gmm-acc-stats-twofeats.cc:146) Avg like per frame so far is -45.0877
LOG (gmm-acc-stats-twofeats[5.5.1009~1-e4940]:main():gmm-acc-stats-twofeats.cc:140) Average like for this file is -45.3934 over 227 frames.
LOG (gmm-acc-stats-twofeats[5.5.1009~1-e4940]:main():gmm-acc-stats-twofeats.cc:140) Average like for this file is -43.3188 over 64 frames.
LOG (gmm-acc-stats-twofeats[5.5.1009~1-e4940]:main():gmm-acc-stats-twofeats.cc:140) Average like for this file is -45.6036 over 391 frames.
LOG (gmm-acc-stats-twofeats[5.5.1009~1-e4940]:main():gmm-acc-stats-twofeats.cc:140) Average like for this file is -46.9983 over 144 frames.
LOG (gmm-acc-stats-twofeats[5.5.1009~1-e4940]:main():gmm-acc-stats-twofeats.cc:140) Average like for this file is -46.1133 over 121 frames.
LOG (gmm-acc-stats-twofeats[5.5.1009~1-e4940]:main():gmm-acc-stats-twofeats.cc:140) Average like for this file is -44.546 over 126 frames.
LOG (gmm-acc-stats-twofeats[5.5.1009~1-e4940]:main():gmm-acc-stats-twofeats.cc:140) Average like for this file is -45.3868 over 144 frames.
LOG (gmm-acc-stats-twofeats[5.5.1009~1-e4940]:main():gmm-acc-stats-twofeats.cc:140) Average like for this file is -44.9608 over 64 frames.
LOG (gmm-acc-stats-twofeats[5.5.1009~1-e4940]:main():gmm-acc-stats-twofeats.cc:140) Average like for this file is -46.1031 over 79 frames.
LOG (gmm-acc-stats-twofeats[5.5.1009~1-e4940]:main():gmm-acc-stats-twofeats.cc:140) Average like for this file is -49.4049 over 306 frames.
LOG (gmm-acc-stats-twofeats[5.5.1009~1-e4940]:main():gmm-acc-stats-twofeats.cc:146) Avg like per frame so far is -45.1605
LOG (gmm-acc-stats-twofeats[5.5.1009~1-e4940]:main():gmm-acc-stats-twofeats.cc:140) Average like for this file is -47.1148 over 61 frames.
LOG (gmm-acc-stats-twofeats[5.5.1009~1-e4940]:main():gmm-acc-stats-twofeats.cc:140) Average like for this file is -39.3725 over 61 frames.
LOG (gmm-acc-stats-twofeats[5.5.1009~1-e4940]:main():gmm-acc-stats-twofeats.cc:140) Average like for this file is -45.5237 over 406 frames.
LOG (gmm-acc-stats-twofeats[5.5.1009~1-e4940]:main():gmm-acc-stats-twofeats.cc:140) Average like for this file is -45.7999 over 141 frames.
LOG (gmm-acc-stats-twofeats[5.5.1009~1-e4940]:main():gmm-acc-stats-twofeats.cc:140) Average like for this file is -48.7394 over 178 frames.
LOG (gmm-acc-stats-twofeats[5.5.1009~1-e4940]:main():gmm-acc-stats-twofeats.cc:140) Average like for this file is -46.1812 over 256 frames.
LOG (gmm-acc-stats-twofeats[5.5.1009~1-e4940]:main():gmm-acc-stats-twofeats.cc:140) Average like for this file is -47.5625 over 334 frames.
LOG (gmm-acc-stats-twofeats[5.5.1009~1-e4940]:main():gmm-acc-stats-twofeats.cc:140) Average like for this file is -41.0833 over 136 frames.
LOG (gmm-acc-stats-twofeats[5.5.1009~1-e4940]:main():gmm-acc-stats-twofeats.cc:140) Average like for this file is -46.9989 over 226 frames.
LOG (gmm-acc-stats-twofeats[5.5.1009~1-e4940]:main():gmm-acc-stats-twofeats.cc:140) Average like for this file is -44.7722 over 149 frames.
LOG (gmm-acc-stats-twofeats[5.5.1009~1-e4940]:main():gmm-acc-stats-twofeats.cc:146) Avg like per frame so far is -45.2136
LOG (gmm-acc-stats-twofeats[5.5.1009~1-e4940]:main():gmm-acc-stats-twofeats.cc:140) Average like for this file is -42.9879 over 211 frames.
LOG (gmm-acc-stats-twofeats[5.5.1009~1-e4940]:main():gmm-acc-stats-twofeats.cc:140) Average like for this file is -46.868 over 229 frames.
LOG (gmm-acc-stats-twofeats[5.5.1009~1-e4940]:main():gmm-acc-stats-twofeats.cc:140) Average like for this file is -45.2812 over 207 frames.
LOG (gmm-acc-stats-twofeats[5.5.1009~1-e4940]:main():gmm-acc-stats-twofeats.cc:140) Average like for this file is -51.8991 over 63 frames.
LOG (gmm-acc-stats-twofeats[5.5.1009~1-e4940]:main():gmm-acc-stats-twofeats.cc:140) Average like for this file is -45.5363 over 114 frames.
LOG (gmm-acc-stats-twofeats[5.5.1009~1-e4940]:main():gmm-acc-stats-twofeats.cc:140) Average like for this file is -47.7899 over 229 frames.
LOG (gmm-acc-stats-twofeats[5.5.1009~1-e4940]:main():gmm-acc-stats-twofeats.cc:140) Average like for this file is -45.6379 over 83 frames.
LOG (gmm-acc-stats-twofeats[5.5.1009~1-e4940]:main():gmm-acc-stats-twofeats.cc:140) Average like for this file is -41.374 over 109 frames.
LOG (gmm-acc-stats-twofeats[5.5.1009~1-e4940]:main():gmm-acc-stats-twofeats.cc:140) Average like for this file is -46.2353 over 417 frames.
LOG (gmm-acc-stats-twofeats[5.5.1009~1-e4940]:main():gmm-acc-stats-twofeats.cc:140) Average like for this file is -46.4165 over 478 frames.
LOG (gmm-acc-stats-twofeats[5.5.1009~1-e4940]:main():gmm-acc-stats-twofeats.cc:146) Avg like per frame so far is -45.2657
LOG (gmm-acc-stats-twofeats[5.5.1009~1-e4940]:main():gmm-acc-stats-twofeats.cc:140) Average like for this file is -46.4741 over 341 frames.
LOG (gmm-acc-stats-twofeats[5.5.1009~1-e4940]:main():gmm-acc-stats-twofeats.cc:140) Average like for this file is -43.6319 over 101 frames.
LOG (gmm-acc-stats-twofeats[5.5.1009~1-e4940]:main():gmm-acc-stats-twofeats.cc:140) Average like for this file is -45.845 over 206 frames.
LOG (gmm-acc-stats-twofeats[5.5.1009~1-e4940]:main():gmm-acc-stats-twofeats.cc:140) Average like for this file is -40.1093 over 133 frames.
LOG (gmm-acc-stats-twofeats[5.5.1009~1-e4940]:main():gmm-acc-stats-twofeats.cc:140) Average like for this file is -44.7163 over 159 frames.
LOG (gmm-acc-stats-twofeats[5.5.1009~1-e4940]:main():gmm-acc-stats-twofeats.cc:140) Average like for this file is -46.8779 over 328 frames.
LOG (gmm-acc-stats-twofeats[5.5.1009~1-e4940]:main():gmm-acc-stats-twofeats.cc:140) Average like for this file is -46.4779 over 118 frames.
LOG (gmm-acc-stats-twofeats[5.5.1009~1-e4940]:main():gmm-acc-stats-twofeats.cc:140) Average like for this file is -44.4006 over 353 frames.
LOG (gmm-acc-stats-twofeats[5.5.1009~1-e4940]:main():gmm-acc-stats-twofeats.cc:140) Average like for this file is -45.7612 over 419 frames.
LOG (gmm-acc-stats-twofeats[5.5.1009~1-e4940]:main():gmm-acc-stats-twofeats.cc:140) Average like for this file is -47.7439 over 160 frames.
LOG (gmm-acc-stats-twofeats[5.5.1009~1-e4940]:main():gmm-acc-stats-twofeats.cc:146) Avg like per frame so far is -45.2828
LOG (gmm-acc-stats-twofeats[5.5.1009~1-e4940]:main():gmm-acc-stats-twofeats.cc:140) Average like for this file is -41.8651 over 152 frames.
LOG (gmm-acc-stats-twofeats[5.5.1009~1-e4940]:main():gmm-acc-stats-twofeats.cc:140) Average like for this file is -47.4524 over 187 frames.
LOG (gmm-acc-stats-twofeats[5.5.1009~1-e4940]:main():gmm-acc-stats-twofeats.cc:140) Average like for this file is -44.5531 over 113 frames.
LOG (gmm-acc-stats-twofeats[5.5.1009~1-e4940]:main():gmm-acc-stats-twofeats.cc:140) Average like for this file is -38.7439 over 122 frames.
LOG (gmm-acc-stats-twofeats[5.5.1009~1-e4940]:main():gmm-acc-stats-twofeats.cc:140) Average like for this file is -43.7086 over 99 frames.
LOG (gmm-acc-stats-twofeats[5.5.1009~1-e4940]:main():gmm-acc-stats-twofeats.cc:140) Average like for this file is -37.8239 over 139 frames.
LOG (gmm-acc-stats-twofeats[5.5.1009~1-e4940]:main():gmm-acc-stats-twofeats.cc:140) Average like for this file is -44.6518 over 468 frames.
LOG (gmm-acc-stats-twofeats[5.5.1009~1-e4940]:main():gmm-acc-stats-twofeats.cc:140) Average like for this file is -40.645 over 64 frames.
LOG (gmm-acc-stats-twofeats[5.5.1009~1-e4940]:main():gmm-acc-stats-twofeats.cc:140) Average like for this file is -48.5792 over 102 frames.
LOG (gmm-acc-stats-twofeats[5.5.1009~1-e4940]:main():gmm-acc-stats-twofeats.cc:140) Average like for this file is -44.9967 over 527 frames.
LOG (gmm-acc-stats-twofeats[5.5.1009~1-e4940]:main():gmm-acc-stats-twofeats.cc:146) Avg like per frame so far is -45.2084
LOG (gmm-acc-stats-twofeats[5.5.1009~1-e4940]:main():gmm-acc-stats-twofeats.cc:140) Average like for this file is -44.8941 over 191 frames.
LOG (gmm-acc-stats-twofeats[5.5.1009~1-e4940]:main():gmm-acc-stats-twofeats.cc:140) Average like for this file is -40.4866 over 104 frames.
LOG (gmm-acc-stats-twofeats[5.5.1009~1-e4940]:main():gmm-acc-stats-twofeats.cc:140) Average like for this file is -45.3792 over 132 frames.
LOG (gmm-acc-stats-twofeats[5.5.1009~1-e4940]:main():gmm-acc-stats-twofeats.cc:140) Average like for this file is -38.9208 over 154 frames.
LOG (gmm-acc-stats-twofeats[5.5.1009~1-e4940]:main():gmm-acc-stats-twofeats.cc:140) Average like for this file is -47.1289 over 153 frames.
LOG (gmm-acc-stats-twofeats[5.5.1009~1-e4940]:main():gmm-acc-stats-twofeats.cc:140) Average like for this file is -45.4374 over 289 frames.
LOG (gmm-acc-stats-twofeats[5.5.1009~1-e4940]:main():gmm-acc-stats-twofeats.cc:140) Average like for this file is -37.3611 over 124 frames.
LOG (gmm-acc-stats-twofeats[5.5.1009~1-e4940]:main():gmm-acc-stats-twofeats.cc:140) Average like for this file is -46.665 over 316 frames.
LOG (gmm-acc-stats-twofeats[5.5.1009~1-e4940]:main():gmm-acc-stats-twofeats.cc:140) Average like for this file is -40.3587 over 134 frames.
LOG (gmm-acc-stats-twofeats[5.5.1009~1-e4940]:main():gmm-acc-stats-twofeats.cc:140) Average like for this file is -36.1204 over 134 frames.
LOG (gmm-acc-stats-twofeats[5.5.1009~1-e4940]:main():gmm-acc-stats-twofeats.cc:146) Avg like per frame so far is -45.1121
LOG (gmm-acc-stats-twofeats[5.5.1009~1-e4940]:main():gmm-acc-stats-twofeats.cc:140) Average like for this file is -42.9117 over 118 frames.
LOG (gmm-acc-stats-twofeats[5.5.1009~1-e4940]:main():gmm-acc-stats-twofeats.cc:140) Average like for this file is -40.9405 over 157 frames.
LOG (gmm-acc-stats-twofeats[5.5.1009~1-e4940]:main():gmm-acc-stats-twofeats.cc:140) Average like for this file is -42.4202 over 332 frames.
LOG (gmm-acc-stats-twofeats[5.5.1009~1-e4940]:main():gmm-acc-stats-twofeats.cc:140) Average like for this file is -39.5125 over 72 frames.
LOG (gmm-acc-stats-twofeats[5.5.1009~1-e4940]:main():gmm-acc-stats-twofeats.cc:140) Average like for this file is -39.0907 over 101 frames.
LOG (gmm-acc-stats-twofeats[5.5.1009~1-e4940]:main():gmm-acc-stats-twofeats.cc:140) Average like for this file is -43.2355 over 97 frames.
LOG (gmm-acc-stats-twofeats[5.5.1009~1-e4940]:main():gmm-acc-stats-twofeats.cc:140) Average like for this file is -45.079 over 183 frames.
LOG (gmm-acc-stats-twofeats[5.5.1009~1-e4940]:main():gmm-acc-stats-twofeats.cc:140) Average like for this file is -38.3945 over 88 frames.
LOG (gmm-acc-stats-twofeats[5.5.1009~1-e4940]:main():gmm-acc-stats-twofeats.cc:140) Average like for this file is -42.0451 over 174 frames.
LOG (gmm-acc-stats-twofeats[5.5.1009~1-e4940]:main():gmm-acc-stats-twofeats.cc:140) Average like for this file is -47.005 over 149 frames.
LOG (gmm-acc-stats-twofeats[5.5.1009~1-e4940]:main():gmm-acc-stats-twofeats.cc:146) Avg like per frame so far is -45.0108
LOG (gmm-acc-stats-twofeats[5.5.1009~1-e4940]:main():gmm-acc-stats-twofeats.cc:140) Average like for this file is -44.4268 over 132 frames.
LOG (gmm-acc-stats-twofeats[5.5.1009~1-e4940]:main():gmm-acc-stats-twofeats.cc:140) Average like for this file is -40.3558 over 131 frames.
LOG (gmm-acc-stats-twofeats[5.5.1009~1-e4940]:main():gmm-acc-stats-twofeats.cc:140) Average like for this file is -42.1182 over 121 frames.
LOG (gmm-acc-stats-twofeats[5.5.1009~1-e4940]:main():gmm-acc-stats-twofeats.cc:140) Average like for this file is -41.1375 over 254 frames.
LOG (gmm-acc-stats-twofeats[5.5.1009~1-e4940]:main():gmm-acc-stats-twofeats.cc:140) Average like for this file is -42.8742 over 184 frames.
LOG (gmm-acc-stats-twofeats[5.5.1009~1-e4940]:main():gmm-acc-stats-twofeats.cc:140) Average like for this file is -38.9049 over 115 frames.
LOG (gmm-acc-stats-twofeats[5.5.1009~1-e4940]:main():gmm-acc-stats-twofeats.cc:140) Average like for this file is -36.5716 over 69 frames.
LOG (gmm-acc-stats-twofeats[5.5.1009~1-e4940]:main():gmm-acc-stats-twofeats.cc:140) Average like for this file is -43.8464 over 108 frames.
LOG (gmm-acc-stats-twofeats[5.5.1009~1-e4940]:main():gmm-acc-stats-twofeats.cc:140) Average like for this file is -33.8999 over 119 frames.
LOG (gmm-acc-stats-twofeats[5.5.1009~1-e4940]:main():gmm-acc-stats-twofeats.cc:140) Average like for this file is -34.3494 over 69 frames.
LOG (gmm-acc-stats-twofeats[5.5.1009~1-e4940]:main():gmm-acc-stats-twofeats.cc:146) Avg like per frame so far is -44.8612
LOG (gmm-acc-stats-twofeats[5.5.1009~1-e4940]:main():gmm-acc-stats-twofeats.cc:140) Average like for this file is -32.428 over 79 frames.
LOG (gmm-acc-stats-twofeats[5.5.1009~1-e4940]:main():gmm-acc-stats-twofeats.cc:140) Average like for this file is -33.5976 over 76 frames.
LOG (gmm-acc-stats-twofeats[5.5.1009~1-e4940]:main():gmm-acc-stats-twofeats.cc:140) Average like for this file is -36.6652 over 73 frames.
LOG (gmm-acc-stats-twofeats[5.5.1009~1-e4940]:main():gmm-acc-stats-twofeats.cc:140) Average like for this file is -47.2382 over 68 frames.
LOG (gmm-acc-stats-twofeats[5.5.1009~1-e4940]:main():gmm-acc-stats-twofeats.cc:140) Average like for this file is -40.1212 over 217 frames.
LOG (gmm-acc-stats-twofeats[5.5.1009~1-e4940]:main():gmm-acc-stats-twofeats.cc:140) Average like for this file is -44.5247 over 138 frames.
LOG (gmm-acc-stats-twofeats[5.5.1009~1-e4940]:main():gmm-acc-stats-twofeats.cc:140) Average like for this file is -45.2116 over 201 frames.
LOG (gmm-acc-stats-twofeats[5.5.1009~1-e4940]:main():gmm-acc-stats-twofeats.cc:140) Average like for this file is -42.1246 over 477 frames.
LOG (gmm-acc-stats-twofeats[5.5.1009~1-e4940]:main():gmm-acc-stats-twofeats.cc:140) Average like for this file is -41.5491 over 257 frames.
LOG (gmm-acc-stats-twofeats[5.5.1009~1-e4940]:main():gmm-acc-stats-twofeats.cc:140) Average like for this file is -44.289 over 84 frames.
LOG (gmm-acc-stats-twofeats[5.5.1009~1-e4940]:main():gmm-acc-stats-twofeats.cc:146) Avg like per frame so far is -44.7274
LOG (gmm-acc-stats-twofeats[5.5.1009~1-e4940]:main():gmm-acc-stats-twofeats.cc:140) Average like for this file is -44.8544 over 181 frames.
LOG (gmm-acc-stats-twofeats[5.5.1009~1-e4940]:main():gmm-acc-stats-twofeats.cc:140) Average like for this file is -47.7362 over 95 frames.
LOG (gmm-acc-stats-twofeats[5.5.1009~1-e4940]:main():gmm-acc-stats-twofeats.cc:140) Average like for this file is -35.7298 over 122 frames.
LOG (gmm-acc-stats-twofeats[5.5.1009~1-e4940]:main():gmm-acc-stats-twofeats.cc:140) Average like for this file is -36.3472 over 119 frames.
LOG (gmm-acc-stats-twofeats[5.5.1009~1-e4940]:main():gmm-acc-stats-twofeats.cc:140) Average like for this file is -33.847 over 86 frames.
LOG (gmm-acc-stats-twofeats[5.5.1009~1-e4940]:main():gmm-acc-stats-twofeats.cc:140) Average like for this file is -45.1599 over 222 frames.
LOG (gmm-acc-stats-twofeats[5.5.1009~1-e4940]:main():gmm-acc-stats-twofeats.cc:140) Average like for this file is -37.916 over 137 frames.
LOG (gmm-acc-stats-twofeats[5.5.1009~1-e4940]:main():gmm-acc-stats-twofeats.cc:140) Average like for this file is -36.9335 over 129 frames.
LOG (gmm-acc-stats-twofeats[5.5.1009~1-e4940]:main():gmm-acc-stats-twofeats.cc:140) Average like for this file is -45.8907 over 251 frames.
LOG (gmm-acc-stats-twofeats[5.5.1009~1-e4940]:main():gmm-acc-stats-twofeats.cc:140) Average like for this file is -38.1905 over 88 frames.
LOG (gmm-acc-stats-twofeats[5.5.1009~1-e4940]:main():gmm-acc-stats-twofeats.cc:146) Avg like per frame so far is -44.6131
LOG (gmm-acc-stats-twofeats[5.5.1009~1-e4940]:main():gmm-acc-stats-twofeats.cc:140) Average like for this file is -34.3812 over 294 frames.
LOG (gmm-acc-stats-twofeats[5.5.1009~1-e4940]:main():gmm-acc-stats-twofeats.cc:140) Average like for this file is -43.5026 over 312 frames.
LOG (gmm-acc-stats-twofeats[5.5.1009~1-e4940]:main():gmm-acc-stats-twofeats.cc:140) Average like for this file is -42.7806 over 194 frames.
LOG (gmm-acc-stats-twofeats[5.5.1009~1-e4940]:main():gmm-acc-stats-twofeats.cc:140) Average like for this file is -33.4052 over 99 frames.
LOG (gmm-acc-stats-twofeats[5.5.1009~1-e4940]:main():gmm-acc-stats-twofeats.cc:140) Average like for this file is -36.9107 over 173 frames.
LOG (gmm-acc-stats-twofeats[5.5.1009~1-e4940]:main():gmm-acc-stats-twofeats.cc:140) Average like for this file is -38.8381 over 319 frames.
LOG (gmm-acc-stats-twofeats[5.5.1009~1-e4940]:main():gmm-acc-stats-twofeats.cc:140) Average like for this file is -43.9379 over 156 frames.
LOG (gmm-acc-stats-twofeats[5.5.1009~1-e4940]:main():gmm-acc-stats-twofeats.cc:140) Average like for this file is -38.3949 over 211 frames.
LOG (gmm-acc-stats-twofeats[5.5.1009~1-e4940]:main():gmm-acc-stats-twofeats.cc:140) Average like for this file is -32.6364 over 119 frames.
LOG (gmm-acc-stats-twofeats[5.5.1009~1-e4940]:main():gmm-acc-stats-twofeats.cc:140) Average like for this file is -38.4396 over 133 frames.
LOG (gmm-acc-stats-twofeats[5.5.1009~1-e4940]:main():gmm-acc-stats-twofeats.cc:146) Avg like per frame so far is -44.3507
LOG (gmm-acc-stats-twofeats[5.5.1009~1-e4940]:main():gmm-acc-stats-twofeats.cc:140) Average like for this file is -46.0293 over 282 frames.
LOG (gmm-acc-stats-twofeats[5.5.1009~1-e4940]:main():gmm-acc-stats-twofeats.cc:140) Average like for this file is -42.3899 over 183 frames.
LOG (gmm-acc-stats-twofeats[5.5.1009~1-e4940]:main():gmm-acc-stats-twofeats.cc:140) Average like for this file is -41.6369 over 104 frames.
LOG (gmm-acc-stats-twofeats[5.5.1009~1-e4940]:main():gmm-acc-stats-twofeats.cc:140) Average like for this file is -35.1773 over 161 frames.
LOG (gmm-acc-stats-twofeats[5.5.1009~1-e4940]:main():gmm-acc-stats-twofeats.cc:140) Average like for this file is -31.4988 over 171 frames.
LOG (gmm-acc-stats-twofeats[5.5.1009~1-e4940]:main():gmm-acc-stats-twofeats.cc:140) Average like for this file is -42.4072 over 82 frames.
LOG (gmm-acc-stats-twofeats[5.5.1009~1-e4940]:main():gmm-acc-stats-twofeats.cc:140) Average like for this file is -41.538 over 257 frames.
LOG (gmm-acc-stats-twofeats[5.5.1009~1-e4940]:main():gmm-acc-stats-twofeats.cc:140) Average like for this file is -45.0312 over 391 frames.
LOG (gmm-acc-stats-twofeats[5.5.1009~1-e4940]:main():gmm-acc-stats-twofeats.cc:140) Average like for this file is -40.3396 over 531 frames.
LOG (gmm-acc-stats-twofeats[5.5.1009~1-e4940]:main():gmm-acc-stats-twofeats.cc:140) Average like for this file is -37.9741 over 127 frames.
LOG (gmm-acc-stats-twofeats[5.5.1009~1-e4940]:main():gmm-acc-stats-twofeats.cc:146) Avg like per frame so far is -44.1924
LOG (gmm-acc-stats-twofeats[5.5.1009~1-e4940]:main():gmm-acc-stats-twofeats.cc:140) Average like for this file is -40.0928 over 179 frames.
LOG (gmm-acc-stats-twofeats[5.5.1009~1-e4940]:main():gmm-acc-stats-twofeats.cc:140) Average like for this file is -36.8111 over 123 frames.
LOG (gmm-acc-stats-twofeats[5.5.1009~1-e4940]:main():gmm-acc-stats-twofeats.cc:140) Average like for this file is -40.916 over 118 frames.
LOG (gmm-acc-stats-twofeats[5.5.1009~1-e4940]:main():gmm-acc-stats-twofeats.cc:140) Average like for this file is -39.2547 over 113 frames.
LOG (gmm-acc-stats-twofeats[5.5.1009~1-e4940]:main():gmm-acc-stats-twofeats.cc:140) Average like for this file is -43.4702 over 166 frames.
LOG (gmm-acc-stats-twofeats[5.5.1009~1-e4940]:main():gmm-acc-stats-twofeats.cc:140) Average like for this file is -40.2232 over 253 frames.
LOG (gmm-acc-stats-twofeats[5.5.1009~1-e4940]:main():gmm-acc-stats-twofeats.cc:140) Average like for this file is -43.4111 over 356 frames.
LOG (gmm-acc-stats-twofeats[5.5.1009~1-e4940]:main():gmm-acc-stats-twofeats.cc:140) Average like for this file is -36.5551 over 113 frames.
LOG (gmm-acc-stats-twofeats[5.5.1009~1-e4940]:main():gmm-acc-stats-twofeats.cc:140) Average like for this file is -35.4096 over 133 frames.
LOG (gmm-acc-stats-twofeats[5.5.1009~1-e4940]:main():gmm-acc-stats-twofeats.cc:140) Average like for this file is -39.1145 over 136 frames.
LOG (gmm-acc-stats-twofeats[5.5.1009~1-e4940]:main():gmm-acc-stats-twofeats.cc:146) Avg like per frame so far is -44.0538
LOG (gmm-acc-stats-twofeats[5.5.1009~1-e4940]:main():gmm-acc-stats-twofeats.cc:140) Average like for this file is -42.5517 over 233 frames.
LOG (gmm-acc-stats-twofeats[5.5.1009~1-e4940]:main():gmm-acc-stats-twofeats.cc:140) Average like for this file is -45.8113 over 233 frames.
LOG (gmm-acc-stats-twofeats[5.5.1009~1-e4940]:main():gmm-acc-stats-twofeats.cc:140) Average like for this file is -46.1983 over 191 frames.
LOG (gmm-acc-stats-twofeats[5.5.1009~1-e4940]:main():gmm-acc-stats-twofeats.cc:140) Average like for this file is -45.1016 over 133 frames.
LOG (gmm-acc-stats-twofeats[5.5.1009~1-e4940]:main():gmm-acc-stats-twofeats.cc:140) Average like for this file is -43.9018 over 198 frames.
LOG (gmm-acc-stats-twofeats[5.5.1009~1-e4940]:main():gmm-acc-stats-twofeats.cc:140) Average like for this file is -43.5048 over 66 frames.
LOG (gmm-acc-stats-twofeats[5.5.1009~1-e4940]:main():gmm-acc-stats-twofeats.cc:140) Average like for this file is -43.8658 over 149 frames.
LOG (gmm-acc-stats-twofeats[5.5.1009~1-e4940]:main():gmm-acc-stats-twofeats.cc:140) Average like for this file is -48.3778 over 66 frames.
LOG (gmm-acc-stats-twofeats[5.5.1009~1-e4940]:main():gmm-acc-stats-twofeats.cc:140) Average like for this file is -46.0711 over 188 frames.
LOG (gmm-acc-stats-twofeats[5.5.1009~1-e4940]:main():gmm-acc-stats-twofeats.cc:140) Average like for this file is -40.476 over 238 frames.
LOG (gmm-acc-stats-twofeats[5.5.1009~1-e4940]:main():gmm-acc-stats-twofeats.cc:146) Avg like per frame so far is -44.0603
LOG (gmm-acc-stats-twofeats[5.5.1009~1-e4940]:main():gmm-acc-stats-twofeats.cc:140) Average like for this file is -44.778 over 197 frames.
LOG (gmm-acc-stats-twofeats[5.5.1009~1-e4940]:main():gmm-acc-stats-twofeats.cc:140) Average like for this file is -45.0421 over 338 frames.
LOG (gmm-acc-stats-twofeats[5.5.1009~1-e4940]:main():gmm-acc-stats-twofeats.cc:140) Average like for this file is -49.7612 over 138 frames.
LOG (gmm-acc-stats-twofeats[5.5.1009~1-e4940]:main():gmm-acc-stats-twofeats.cc:140) Average like for this file is -42.3585 over 281 frames.
LOG (gmm-acc-stats-twofeats[5.5.1009~1-e4940]:main():gmm-acc-stats-twofeats.cc:140) Average like for this file is -48.0522 over 138 frames.
LOG (gmm-acc-stats-twofeats[5.5.1009~1-e4940]:main():gmm-acc-stats-twofeats.cc:140) Average like for this file is -47.7263 over 218 frames.
LOG (gmm-acc-stats-twofeats[5.5.1009~1-e4940]:main():gmm-acc-stats-twofeats.cc:140) Average like for this file is -44.2297 over 214 frames.
LOG (gmm-acc-stats-twofeats[5.5.1009~1-e4940]:main():gmm-acc-stats-twofeats.cc:140) Average like for this file is -45.7582 over 288 frames.
LOG (gmm-acc-stats-twofeats[5.5.1009~1-e4940]:main():gmm-acc-stats-twofeats.cc:140) Average like for this file is -45.241 over 311 frames.
LOG (gmm-acc-stats-twofeats[5.5.1009~1-e4940]:main():gmm-acc-stats-twofeats.cc:140) Average like for this file is -46.6516 over 198 frames.
LOG (gmm-acc-stats-twofeats[5.5.1009~1-e4940]:main():gmm-acc-stats-twofeats.cc:146) Avg like per frame so far is -44.1278
LOG (gmm-acc-stats-twofeats[5.5.1009~1-e4940]:main():gmm-acc-stats-twofeats.cc:140) Average like for this file is -41.6748 over 163 frames.
LOG (gmm-acc-stats-twofeats[5.5.1009~1-e4940]:main():gmm-acc-stats-twofeats.cc:140) Average like for this file is -47.8273 over 557 frames.
LOG (gmm-acc-stats-twofeats[5.5.1009~1-e4940]:main():gmm-acc-stats-twofeats.cc:140) Average like for this file is -42.1989 over 179 frames.
LOG (gmm-acc-stats-twofeats[5.5.1009~1-e4940]:main():gmm-acc-stats-twofeats.cc:140) Average like for this file is -40.5656 over 283 frames.
LOG (gmm-acc-stats-twofeats[5.5.1009~1-e4940]:main():gmm-acc-stats-twofeats.cc:140) Average like for this file is -39.0285 over 117 frames.
LOG (gmm-acc-stats-twofeats[5.5.1009~1-e4940]:main():gmm-acc-stats-twofeats.cc:140) Average like for this file is -39.3482 over 178 frames.
LOG (gmm-acc-stats-twofeats[5.5.1009~1-e4940]:main():gmm-acc-stats-twofeats.cc:140) Average like for this file is -48.083 over 401 frames.
LOG (gmm-acc-stats-twofeats[5.5.1009~1-e4940]:main():gmm-acc-stats-twofeats.cc:140) Average like for this file is -43.7285 over 173 frames.
LOG (gmm-acc-stats-twofeats[5.5.1009~1-e4940]:main():gmm-acc-stats-twofeats.cc:140) Average like for this file is -45.0229 over 313 frames.
LOG (gmm-acc-stats-twofeats[5.5.1009~1-e4940]:main():gmm-acc-stats-twofeats.cc:140) Average like for this file is -46.8933 over 354 frames.
LOG (gmm-acc-stats-twofeats[5.5.1009~1-e4940]:main():gmm-acc-stats-twofeats.cc:146) Avg like per frame so far is -44.1574
LOG (gmm-acc-stats-twofeats[5.5.1009~1-e4940]:main():gmm-acc-stats-twofeats.cc:140) Average like for this file is -44.5286 over 156 frames.
LOG (gmm-acc-stats-twofeats[5.5.1009~1-e4940]:main():gmm-acc-stats-twofeats.cc:140) Average like for this file is -43.3823 over 154 frames.
LOG (gmm-acc-stats-twofeats[5.5.1009~1-e4940]:main():gmm-acc-stats-twofeats.cc:140) Average like for this file is -49.8506 over 249 frames.
LOG (gmm-acc-stats-twofeats[5.5.1009~1-e4940]:main():gmm-acc-stats-twofeats.cc:140) Average like for this file is -46.234 over 230 frames.
LOG (gmm-acc-stats-twofeats[5.5.1009~1-e4940]:main():gmm-acc-stats-twofeats.cc:140) Average like for this file is -41.5662 over 122 frames.
LOG (gmm-acc-stats-twofeats[5.5.1009~1-e4940]:main():gmm-acc-stats-twofeats.cc:140) Average like for this file is -41.3476 over 147 frames.
LOG (gmm-acc-stats-twofeats[5.5.1009~1-e4940]:main():gmm-acc-stats-twofeats.cc:140) Average like for this file is -46.4249 over 169 frames.
LOG (gmm-acc-stats-twofeats[5.5.1009~1-e4940]:main():gmm-acc-stats-twofeats.cc:140) Average like for this file is -46.001 over 106 frames.
LOG (gmm-acc-stats-twofeats[5.5.1009~1-e4940]:main():gmm-acc-stats-twofeats.cc:140) Average like for this file is -45.2565 over 279 frames.
LOG (gmm-acc-stats-twofeats[5.5.1009~1-e4940]:main():gmm-acc-stats-twofeats.cc:140) Average like for this file is -46.5638 over 313 frames.
LOG (gmm-acc-stats-twofeats[5.5.1009~1-e4940]:main():gmm-acc-stats-twofeats.cc:146) Avg like per frame so far is -44.2055
LOG (gmm-acc-stats-twofeats[5.5.1009~1-e4940]:main():gmm-acc-stats-twofeats.cc:140) Average like for this file is -46.9951 over 67 frames.
LOG (gmm-acc-stats-twofeats[5.5.1009~1-e4940]:main():gmm-acc-stats-twofeats.cc:140) Average like for this file is -47.8209 over 253 frames.
LOG (gmm-acc-stats-twofeats[5.5.1009~1-e4940]:main():gmm-acc-stats-twofeats.cc:140) Average like for this file is -47.2872 over 218 frames.
LOG (gmm-acc-stats-twofeats[5.5.1009~1-e4940]:main():gmm-acc-stats-twofeats.cc:140) Average like for this file is -44.7819 over 266 frames.
LOG (gmm-acc-stats-twofeats[5.5.1009~1-e4940]:main():gmm-acc-stats-twofeats.cc:140) Average like for this file is -46.2665 over 188 frames.
LOG (gmm-acc-stats-twofeats[5.5.1009~1-e4940]:main():gmm-acc-stats-twofeats.cc:140) Average like for this file is -48.8941 over 213 frames.
LOG (gmm-acc-stats-twofeats[5.5.1009~1-e4940]:main():gmm-acc-stats-twofeats.cc:140) Average like for this file is -48.3962 over 253 frames.
LOG (gmm-acc-stats-twofeats[5.5.1009~1-e4940]:main():gmm-acc-stats-twofeats.cc:140) Average like for this file is -49.2718 over 179 frames.
LOG (gmm-acc-stats-twofeats[5.5.1009~1-e4940]:main():gmm-acc-stats-twofeats.cc:140) Average like for this file is -42.5381 over 201 frames.
LOG (gmm-acc-stats-twofeats[5.5.1009~1-e4940]:main():gmm-acc-stats-twofeats.cc:140) Average like for this file is -44.7742 over 341 frames.
LOG (gmm-acc-stats-twofeats[5.5.1009~1-e4940]:main():gmm-acc-stats-twofeats.cc:146) Avg like per frame so far is -44.2922
LOG (gmm-acc-stats-twofeats[5.5.1009~1-e4940]:main():gmm-acc-stats-twofeats.cc:140) Average like for this file is -44.864 over 273 frames.
LOG (gmm-acc-stats-twofeats[5.5.1009~1-e4940]:main():gmm-acc-stats-twofeats.cc:140) Average like for this file is -48.2319 over 331 frames.
LOG (gmm-acc-stats-twofeats[5.5.1009~1-e4940]:main():gmm-acc-stats-twofeats.cc:140) Average like for this file is -48.3004 over 387 frames.
LOG (gmm-acc-stats-twofeats[5.5.1009~1-e4940]:main():gmm-acc-stats-twofeats.cc:140) Average like for this file is -45.1638 over 141 frames.
LOG (gmm-acc-stats-twofeats[5.5.1009~1-e4940]:main():gmm-acc-stats-twofeats.cc:140) Average like for this file is -47.4006 over 414 frames.
LOG (gmm-acc-stats-twofeats[5.5.1009~1-e4940]:main():gmm-acc-stats-twofeats.cc:140) Average like for this file is -47.0587 over 209 frames.
LOG (gmm-acc-stats-twofeats[5.5.1009~1-e4940]:main():gmm-acc-stats-twofeats.cc:140) Average like for this file is -47.0642 over 302 frames.
LOG (gmm-acc-stats-twofeats[5.5.1009~1-e4940]:main():gmm-acc-stats-twofeats.cc:140) Average like for this file is -45.781 over 413 frames.
LOG (gmm-acc-stats-twofeats[5.5.1009~1-e4940]:main():gmm-acc-stats-twofeats.cc:140) Average like for this file is -46.1405 over 254 frames.
LOG (gmm-acc-stats-twofeats[5.5.1009~1-e4940]:main():gmm-acc-stats-twofeats.cc:140) Average like for this file is -39.6887 over 107 frames.
LOG (gmm-acc-stats-twofeats[5.5.1009~1-e4940]:main():gmm-acc-stats-twofeats.cc:146) Avg like per frame so far is -44.3958
LOG (gmm-acc-stats-twofeats[5.5.1009~1-e4940]:main():gmm-acc-stats-twofeats.cc:140) Average like for this file is -44.4535 over 157 frames.
LOG (gmm-acc-stats-twofeats[5.5.1009~1-e4940]:main():gmm-acc-stats-twofeats.cc:140) Average like for this file is -47.172 over 232 frames.
LOG (gmm-acc-stats-twofeats[5.5.1009~1-e4940]:main():gmm-acc-stats-twofeats.cc:140) Average like for this file is -47.8619 over 204 frames.
LOG (gmm-acc-stats-twofeats[5.5.1009~1-e4940]:main():gmm-acc-stats-twofeats.cc:140) Average like for this file is -46.0588 over 281 frames.
LOG (gmm-acc-stats-twofeats[5.5.1009~1-e4940]:main():gmm-acc-stats-twofeats.cc:140) Average like for this file is -45.254 over 193 frames.
LOG (gmm-acc-stats-twofeats[5.5.1009~1-e4940]:main():gmm-acc-stats-twofeats.cc:140) Average like for this file is -36.9046 over 146 frames.
LOG (gmm-acc-stats-twofeats[5.5.1009~1-e4940]:main():gmm-acc-stats-twofeats.cc:140) Average like for this file is -44.3826 over 93 frames.
LOG (gmm-acc-stats-twofeats[5.5.1009~1-e4940]:main():gmm-acc-stats-twofeats.cc:140) Average like for this file is -33.8153 over 118 frames.
LOG (gmm-acc-stats-twofeats[5.5.1009~1-e4940]:main():gmm-acc-stats-twofeats.cc:140) Average like for this file is -31.7603 over 129 frames.
LOG (gmm-acc-stats-twofeats[5.5.1009~1-e4940]:main():gmm-acc-stats-twofeats.cc:140) Average like for this file is -32.4494 over 64 frames.
LOG (gmm-acc-stats-twofeats[5.5.1009~1-e4940]:main():gmm-acc-stats-twofeats.cc:146) Avg like per frame so far is -44.3527
LOG (gmm-acc-stats-twofeats[5.5.1009~1-e4940]:main():gmm-acc-stats-twofeats.cc:140) Average like for this file is -33.0736 over 84 frames.
LOG (gmm-acc-stats-twofeats[5.5.1009~1-e4940]:main():gmm-acc-stats-twofeats.cc:140) Average like for this file is -37.5874 over 116 frames.
LOG (gmm-acc-stats-twofeats[5.5.1009~1-e4940]:main():gmm-acc-stats-twofeats.cc:140) Average like for this file is -42.9415 over 121 frames.
LOG (gmm-acc-stats-twofeats[5.5.1009~1-e4940]:main():gmm-acc-stats-twofeats.cc:140) Average like for this file is -32.5752 over 114 frames.
LOG (gmm-acc-stats-twofeats[5.5.1009~1-e4940]:main():gmm-acc-stats-twofeats.cc:140) Average like for this file is -42.281 over 314 frames.
LOG (gmm-acc-stats-twofeats[5.5.1009~1-e4940]:main():gmm-acc-stats-twofeats.cc:140) Average like for this file is -37.7287 over 102 frames.
LOG (gmm-acc-stats-twofeats[5.5.1009~1-e4940]:main():gmm-acc-stats-twofeats.cc:140) Average like for this file is -35.6867 over 76 frames.
LOG (gmm-acc-stats-twofeats[5.5.1009~1-e4940]:main():gmm-acc-stats-twofeats.cc:140) Average like for this file is -40.024 over 204 frames.
LOG (gmm-acc-stats-twofeats[5.5.1009~1-e4940]:main():gmm-acc-stats-twofeats.cc:140) Average like for this file is -41.062 over 246 frames.
LOG (gmm-acc-stats-twofeats[5.5.1009~1-e4940]:main():gmm-acc-stats-twofeats.cc:140) Average like for this file is -33.2526 over 88 frames.
LOG (gmm-acc-stats-twofeats[5.5.1009~1-e4940]:main():gmm-acc-stats-twofeats.cc:146) Avg like per frame so far is -44.2315
LOG (gmm-acc-stats-twofeats[5.5.1009~1-e4940]:main():gmm-acc-stats-twofeats.cc:140) Average like for this file is -35.9358 over 116 frames.
LOG (gmm-acc-stats-twofeats[5.5.1009~1-e4940]:main():gmm-acc-stats-twofeats.cc:140) Average like for this file is -30.2291 over 83 frames.
LOG (gmm-acc-stats-twofeats[5.5.1009~1-e4940]:main():gmm-acc-stats-twofeats.cc:140) Average like for this file is -37.7964 over 116 frames.
LOG (gmm-acc-stats-twofeats[5.5.1009~1-e4940]:main():gmm-acc-stats-twofeats.cc:140) Average like for this file is -32.9411 over 126 frames.
LOG (gmm-acc-stats-twofeats[5.5.1009~1-e4940]:main():gmm-acc-stats-twofeats.cc:140) Average like for this file is -33.5892 over 109 frames.
LOG (gmm-acc-stats-twofeats[5.5.1009~1-e4940]:main():gmm-acc-stats-twofeats.cc:140) Average like for this file is -37.4514 over 128 frames.
LOG (gmm-acc-stats-twofeats[5.5.1009~1-e4940]:main():gmm-acc-stats-twofeats.cc:140) Average like for this file is -49.9596 over 169 frames.
LOG (gmm-acc-stats-twofeats[5.5.1009~1-e4940]:main():gmm-acc-stats-twofeats.cc:140) Average like for this file is -39.0411 over 224 frames.
LOG (gmm-acc-stats-twofeats[5.5.1009~1-e4940]:main():gmm-acc-stats-twofeats.cc:140) Average like for this file is -44.1671 over 94 frames.
LOG (gmm-acc-stats-twofeats[5.5.1009~1-e4940]:main():gmm-acc-stats-twofeats.cc:140) Average like for this file is -31.3308 over 125 frames.
LOG (gmm-acc-stats-twofeats[5.5.1009~1-e4940]:main():gmm-acc-stats-twofeats.cc:146) Avg like per frame so far is -44.109
LOG (gmm-acc-stats-twofeats[5.5.1009~1-e4940]:main():gmm-acc-stats-twofeats.cc:140) Average like for this file is -33.5471 over 134 frames.
LOG (gmm-acc-stats-twofeats[5.5.1009~1-e4940]:main():gmm-acc-stats-twofeats.cc:140) Average like for this file is -32.0338 over 109 frames.
LOG (gmm-acc-stats-twofeats[5.5.1009~1-e4940]:main():gmm-acc-stats-twofeats.cc:140) Average like for this file is -32.9059 over 108 frames.
LOG (gmm-acc-stats-twofeats[5.5.1009~1-e4940]:main():gmm-acc-stats-twofeats.cc:140) Average like for this file is -35.3303 over 111 frames.
LOG (gmm-acc-stats-twofeats[5.5.1009~1-e4940]:main():gmm-acc-stats-twofeats.cc:140) Average like for this file is -39.1891 over 172 frames.
LOG (gmm-acc-stats-twofeats[5.5.1009~1-e4940]:main():gmm-acc-stats-twofeats.cc:140) Average like for this file is -44.6439 over 183 frames.
LOG (gmm-acc-stats-twofeats[5.5.1009~1-e4940]:main():gmm-acc-stats-twofeats.cc:140) Average like for this file is -32.3028 over 131 frames.
LOG (gmm-acc-stats-twofeats[5.5.1009~1-e4940]:main():gmm-acc-stats-twofeats.cc:140) Average like for this file is -46.2117 over 117 frames.
LOG (gmm-acc-stats-twofeats[5.5.1009~1-e4940]:main():gmm-acc-stats-twofeats.cc:140) Average like for this file is -43.149 over 152 frames.
LOG (gmm-acc-stats-twofeats[5.5.1009~1-e4940]:main():gmm-acc-stats-twofeats.cc:140) Average like for this file is -41.1817 over 72 frames.
LOG (gmm-acc-stats-twofeats[5.5.1009~1-e4940]:main():gmm-acc-stats-twofeats.cc:146) Avg like per frame so far is -44.0009
LOG (gmm-acc-stats-twofeats[5.5.1009~1-e4940]:main():gmm-acc-stats-twofeats.cc:140) Average like for this file is -33.7555 over 113 frames.
LOG (gmm-acc-stats-twofeats[5.5.1009~1-e4940]:main():gmm-acc-stats-twofeats.cc:140) Average like for this file is -32.9064 over 141 frames.
LOG (gmm-acc-stats-twofeats[5.5.1009~1-e4940]:main():gmm-acc-stats-twofeats.cc:140) Average like for this file is -40.854 over 349 frames.
LOG (gmm-acc-stats-twofeats[5.5.1009~1-e4940]:main():gmm-acc-stats-twofeats.cc:140) Average like for this file is -42.1799 over 139 frames.
LOG (gmm-acc-stats-twofeats[5.5.1009~1-e4940]:main():gmm-acc-stats-twofeats.cc:140) Average like for this file is -34.9431 over 88 frames.
LOG (gmm-acc-stats-twofeats[5.5.1009~1-e4940]:main():gmm-acc-stats-twofeats.cc:140) Average like for this file is -42.3191 over 357 frames.
LOG (gmm-acc-stats-twofeats[5.5.1009~1-e4940]:main():gmm-acc-stats-twofeats.cc:140) Average like for this file is -42.079 over 262 frames.
LOG (gmm-acc-stats-twofeats[5.5.1009~1-e4940]:main():gmm-acc-stats-twofeats.cc:140) Average like for this file is -45.5435 over 143 frames.
LOG (gmm-acc-stats-twofeats[5.5.1009~1-e4940]:main():gmm-acc-stats-twofeats.cc:140) Average like for this file is -44.8529 over 421 frames.
LOG (gmm-acc-stats-twofeats[5.5.1009~1-e4940]:main():gmm-acc-stats-twofeats.cc:140) Average like for this file is -45.2101 over 121 frames.
LOG (gmm-acc-stats-twofeats[5.5.1009~1-e4940]:main():gmm-acc-stats-twofeats.cc:146) Avg like per frame so far is -43.9258
LOG (gmm-acc-stats-twofeats[5.5.1009~1-e4940]:main():gmm-acc-stats-twofeats.cc:140) Average like for this file is -35.2417 over 86 frames.
LOG (gmm-acc-stats-twofeats[5.5.1009~1-e4940]:main():gmm-acc-stats-twofeats.cc:140) Average like for this file is -35.7198 over 118 frames.
LOG (gmm-acc-stats-twofeats[5.5.1009~1-e4940]:main():gmm-acc-stats-twofeats.cc:140) Average like for this file is -39.7119 over 143 frames.
LOG (gmm-acc-stats-twofeats[5.5.1009~1-e4940]:main():gmm-acc-stats-twofeats.cc:140) Average like for this file is -41.8647 over 151 frames.
LOG (gmm-acc-stats-twofeats[5.5.1009~1-e4940]:main():gmm-acc-stats-twofeats.cc:140) Average like for this file is -39.1864 over 176 frames.
LOG (gmm-acc-stats-twofeats[5.5.1009~1-e4940]:main():gmm-acc-stats-twofeats.cc:140) Average like for this file is -42.2223 over 221 frames.
LOG (gmm-acc-stats-twofeats[5.5.1009~1-e4940]:main():gmm-acc-stats-twofeats.cc:140) Average like for this file is -37.559 over 128 frames.
LOG (gmm-acc-stats-twofeats[5.5.1009~1-e4940]:main():gmm-acc-stats-twofeats.cc:140) Average like for this file is -43.3163 over 218 frames.
LOG (gmm-acc-stats-twofeats[5.5.1009~1-e4940]:main():gmm-acc-stats-twofeats.cc:140) Average like for this file is -44.9313 over 163 frames.
LOG (gmm-acc-stats-twofeats[5.5.1009~1-e4940]:main():gmm-acc-stats-twofeats.cc:140) Average like for this file is -45.3215 over 180 frames.
LOG (gmm-acc-stats-twofeats[5.5.1009~1-e4940]:main():gmm-acc-stats-twofeats.cc:146) Avg like per frame so far is -43.8646
LOG (gmm-acc-stats-twofeats[5.5.1009~1-e4940]:main():gmm-acc-stats-twofeats.cc:140) Average like for this file is -43.8195 over 351 frames.
LOG (gmm-acc-stats-twofeats[5.5.1009~1-e4940]:main():gmm-acc-stats-twofeats.cc:140) Average like for this file is -44.0923 over 136 frames.
LOG (gmm-acc-stats-twofeats[5.5.1009~1-e4940]:main():gmm-acc-stats-twofeats.cc:140) Average like for this file is -38.7739 over 86 frames.
LOG (gmm-acc-stats-twofeats[5.5.1009~1-e4940]:main():gmm-acc-stats-twofeats.cc:140) Average like for this file is -43.2502 over 128 frames.
LOG (gmm-acc-stats-twofeats[5.5.1009~1-e4940]:main():gmm-acc-stats-twofeats.cc:140) Average like for this file is -37.6077 over 131 frames.
LOG (gmm-acc-stats-twofeats[5.5.1009~1-e4940]:main():gmm-acc-stats-twofeats.cc:140) Average like for this file is -42.2783 over 191 frames.
LOG (gmm-acc-stats-twofeats[5.5.1009~1-e4940]:main():gmm-acc-stats-twofeats.cc:140) Average like for this file is -33.371 over 159 frames.
LOG (gmm-acc-stats-twofeats[5.5.1009~1-e4940]:main():gmm-acc-stats-twofeats.cc:140) Average like for this file is -41.5455 over 223 frames.
LOG (gmm-acc-stats-twofeats[5.5.1009~1-e4940]:main():gmm-acc-stats-twofeats.cc:140) Average like for this file is -34.7222 over 112 frames.
LOG (gmm-acc-stats-twofeats[5.5.1009~1-e4940]:main():gmm-acc-stats-twofeats.cc:140) Average like for this file is -36.9941 over 137 frames.
LOG (gmm-acc-stats-twofeats[5.5.1009~1-e4940]:main():gmm-acc-stats-twofeats.cc:146) Avg like per frame so far is -43.7856
LOG (gmm-acc-stats-twofeats[5.5.1009~1-e4940]:main():gmm-acc-stats-twofeats.cc:140) Average like for this file is -43.1067 over 158 frames.
LOG (gmm-acc-stats-twofeats[5.5.1009~1-e4940]:main():gmm-acc-stats-twofeats.cc:140) Average like for this file is -42.123 over 163 frames.
LOG (gmm-acc-stats-twofeats[5.5.1009~1-e4940]:main():gmm-acc-stats-twofeats.cc:140) Average like for this file is -42.7062 over 379 frames.
LOG (gmm-acc-stats-twofeats[5.5.1009~1-e4940]:main():gmm-acc-stats-twofeats.cc:140) Average like for this file is -45.0256 over 101 frames.
LOG (gmm-acc-stats-twofeats[5.5.1009~1-e4940]:main():gmm-acc-stats-twofeats.cc:140) Average like for this file is -41.8688 over 562 frames.
LOG (gmm-acc-stats-twofeats[5.5.1009~1-e4940]:main():gmm-acc-stats-twofeats.cc:140) Average like for this file is -47.5469 over 580 frames.
LOG (gmm-acc-stats-twofeats[5.5.1009~1-e4940]:main():gmm-acc-stats-twofeats.cc:140) Average like for this file is -38.7453 over 260 frames.
LOG (gmm-acc-stats-twofeats[5.5.1009~1-e4940]:main():gmm-acc-stats-twofeats.cc:140) Average like for this file is -34.7129 over 142 frames.
LOG (gmm-acc-stats-twofeats[5.5.1009~1-e4940]:main():gmm-acc-stats-twofeats.cc:140) Average like for this file is -39.6232 over 139 frames.
LOG (gmm-acc-stats-twofeats[5.5.1009~1-e4940]:main():gmm-acc-stats-twofeats.cc:140) Average like for this file is -37.4409 over 121 frames.
LOG (gmm-acc-stats-twofeats[5.5.1009~1-e4940]:main():gmm-acc-stats-twofeats.cc:146) Avg like per frame so far is -43.7394
LOG (gmm-acc-stats-twofeats[5.5.1009~1-e4940]:main():gmm-acc-stats-twofeats.cc:140) Average like for this file is -39.1717 over 108 frames.
LOG (gmm-acc-stats-twofeats[5.5.1009~1-e4940]:main():gmm-acc-stats-twofeats.cc:140) Average like for this file is -43.6521 over 269 frames.
LOG (gmm-acc-stats-twofeats[5.5.1009~1-e4940]:main():gmm-acc-stats-twofeats.cc:140) Average like for this file is -43.3617 over 129 frames.
LOG (gmm-acc-stats-twofeats[5.5.1009~1-e4940]:main():gmm-acc-stats-twofeats.cc:140) Average like for this file is -45.1659 over 116 frames.
LOG (gmm-acc-stats-twofeats[5.5.1009~1-e4940]:main():gmm-acc-stats-twofeats.cc:140) Average like for this file is -46.507 over 207 frames.
LOG (ali-to-post[5.5.1009~1-e4940]:main():ali-to-post.cc:73) Converted 442 alignments.
LOG (gmm-acc-stats-twofeats[5.5.1009~1-e4940]:main():gmm-acc-stats-twofeats.cc:140) Average like for this file is -41.8303 over 156 frames.
LOG (gmm-acc-stats-twofeats[5.5.1009~1-e4940]:main():gmm-acc-stats-twofeats.cc:140) Average like for this file is -46.5934 over 83 frames.
LOG (gmm-acc-stats-twofeats[5.5.1009~1-e4940]:main():gmm-acc-stats-twofeats.cc:140) Average like for this file is -41.7218 over 189 frames.
LOG (gmm-acc-stats-twofeats[5.5.1009~1-e4940]:main():gmm-acc-stats-twofeats.cc:140) Average like for this file is -43.3235 over 177 frames.
LOG (gmm-acc-stats-twofeats[5.5.1009~1-e4940]:main():gmm-acc-stats-twofeats.cc:140) Average like for this file is -45.2837 over 207 frames.
LOG (gmm-acc-stats-twofeats[5.5.1009~1-e4940]:main():gmm-acc-stats-twofeats.cc:146) Avg like per frame so far is -43.7391
LOG (gmm-acc-stats-twofeats[5.5.1009~1-e4940]:main():gmm-acc-stats-twofeats.cc:140) Average like for this file is -42.4243 over 139 frames.
LOG (gmm-acc-stats-twofeats[5.5.1009~1-e4940]:main():gmm-acc-stats-twofeats.cc:140) Average like for this file is -46.2648 over 101 frames.
LOG (gmm-acc-stats-twofeats[5.5.1009~1-e4940]:main():gmm-acc-stats-twofeats.cc:140) Average like for this file is -41.3922 over 107 frames.
LOG (gmm-acc-stats-twofeats[5.5.1009~1-e4940]:main():gmm-acc-stats-twofeats.cc:140) Average like for this file is -42.9286 over 132 frames.
LOG (gmm-acc-stats-twofeats[5.5.1009~1-e4940]:main():gmm-acc-stats-twofeats.cc:140) Average like for this file is -45.0208 over 397 frames.
LOG (gmm-acc-stats-twofeats[5.5.1009~1-e4940]:main():gmm-acc-stats-twofeats.cc:140) Average like for this file is -50.9935 over 106 frames.
LOG (gmm-acc-stats-twofeats[5.5.1009~1-e4940]:main():gmm-acc-stats-twofeats.cc:140) Average like for this file is -48.9341 over 98 frames.
LOG (gmm-acc-stats-twofeats[5.5.1009~1-e4940]:main():gmm-acc-stats-twofeats.cc:140) Average like for this file is -43.4364 over 219 frames.
LOG (apply-cmvn[5.5.1009~1-e4940]:main():apply-cmvn.cc:162) Applied cepstral mean normalization to 447 utterances, errors on 0
LOG (gmm-acc-stats-twofeats[5.5.1009~1-e4940]:main():gmm-acc-stats-twofeats.cc:140) Average like for this file is -47.975 over 163 frames.
LOG (gmm-acc-stats-twofeats[5.5.1009~1-e4940]:main():gmm-acc-stats-twofeats.cc:140) Average like for this file is -46.0531 over 159 frames.
LOG (gmm-acc-stats-twofeats[5.5.1009~1-e4940]:main():gmm-acc-stats-twofeats.cc:146) Avg like per frame so far is -43.7706
LOG (apply-cmvn[5.5.1009~1-e4940]:main():apply-cmvn.cc:162) Applied cepstral mean normalization to 447 utterances, errors on 0
LOG (gmm-acc-stats-twofeats[5.5.1009~1-e4940]:main():gmm-acc-stats-twofeats.cc:140) Average like for this file is -44.9252 over 347 frames.
LOG (gmm-acc-stats-twofeats[5.5.1009~1-e4940]:main():gmm-acc-stats-twofeats.cc:140) Average like for this file is -46.5778 over 248 frames.
LOG (gmm-acc-stats-twofeats[5.5.1009~1-e4940]:main():gmm-acc-stats-twofeats.cc:140) Average like for this file is -48.1912 over 170 frames.
LOG (gmm-acc-stats-twofeats[5.5.1009~1-e4940]:main():gmm-acc-stats-twofeats.cc:140) Average like for this file is -45.7395 over 144 frames.
LOG (gmm-acc-stats-twofeats[5.5.1009~1-e4940]:main():gmm-acc-stats-twofeats.cc:140) Average like for this file is -49.4571 over 157 frames.
LOG (gmm-acc-stats-twofeats[5.5.1009~1-e4940]:main():gmm-acc-stats-twofeats.cc:140) Average like for this file is -47.9731 over 63 frames.
LOG (gmm-acc-stats-twofeats[5.5.1009~1-e4940]:main():gmm-acc-stats-twofeats.cc:140) Average like for this file is -50.4472 over 79 frames.
LOG (gmm-acc-stats-twofeats[5.5.1009~1-e4940]:main():gmm-acc-stats-twofeats.cc:140) Average like for this file is -57.3375 over 64 frames.
LOG (gmm-acc-stats-twofeats[5.5.1009~1-e4940]:main():gmm-acc-stats-twofeats.cc:140) Average like for this file is -46.3705 over 324 frames.
LOG (transform-feats[5.5.1009~1-e4940]:main():transform-feats.cc:158) Overall average [pseudo-]logdet is -98.9864 over 81880 frames.
LOG (transform-feats[5.5.1009~1-e4940]:main():transform-feats.cc:161) Applied transform to 447 utterances; 0 had errors.
LOG (transform-feats[5.5.1009~1-e4940]:main():transform-feats.cc:158) Overall average [pseudo-]logdet is -98.9864 over 81880 frames.
LOG (transform-feats[5.5.1009~1-e4940]:main():transform-feats.cc:161) Applied transform to 447 utterances; 0 had errors.
LOG (gmm-acc-stats-twofeats[5.5.1009~1-e4940]:main():gmm-acc-stats-twofeats.cc:140) Average like for this file is -47.3344 over 343 frames.
LOG (gmm-acc-stats-twofeats[5.5.1009~1-e4940]:main():gmm-acc-stats-twofeats.cc:146) Avg like per frame so far is -43.8541
LOG (gmm-acc-stats-twofeats[5.5.1009~1-e4940]:main():gmm-acc-stats-twofeats.cc:140) Average like for this file is -48.8172 over 76 frames.
LOG (transform-feats[5.5.1009~1-e4940]:main():transform-feats.cc:158) Overall average logdet is 0.184529 over 81880 frames.
LOG (transform-feats[5.5.1009~1-e4940]:main():transform-feats.cc:161) Applied transform to 447 utterances; 0 had errors.
LOG (gmm-acc-stats-twofeats[5.5.1009~1-e4940]:main():gmm-acc-stats-twofeats.cc:140) Average like for this file is -45.8099 over 152 frames.
LOG (gmm-acc-stats-twofeats[5.5.1009~1-e4940]:main():gmm-acc-stats-twofeats.cc:150) Done 442 files, 5 with no posteriors, 0 with no second features, 0 with other errors.
LOG (gmm-acc-stats-twofeats[5.5.1009~1-e4940]:main():gmm-acc-stats-twofeats.cc:155) Overall avg like per frame (Gaussian only) = -43.8624 over 81143 frames.
LOG (gmm-acc-stats-twofeats[5.5.1009~1-e4940]:main():gmm-acc-stats-twofeats.cc:163) Written accs.
# Accounting: time=2 threads=1
# Ended (code 0) at Tue Jun 14 11:04:44 UTC 2022, elapsed time 2 seconds
