# gmm-align-compiled --transition-scale=1.0 --acoustic-scale=0.1 --self-loop-scale=0.1 --beam=10 --retry-beam=40 --careful=false "gmm-boost-silence --boost=1.0 1 telugu_exp/tri3_cleaned/30.mdl - |" "ark:gunzip -c telugu_exp/tri3_cleaned/fsts.52.gz|" "ark,s,cs:apply-cmvn  --utt2spk=ark:telugu_data/train_cleaned/split100/52/utt2spk scp:telugu_data/train_cleaned/split100/52/cmvn.scp scp:telugu_data/train_cleaned/split100/52/feats.scp ark:- | splice-feats  ark:- ark:- | transform-feats telugu_exp/tri3_ali_cleaned/final.mat ark:- ark:- | transform-feats --utt2spk=ark:telugu_data/train_cleaned/split100/52/utt2spk ark:telugu_exp/tri3_cleaned/trans.52 ark:- ark:- |" "ark:|gzip -c >telugu_exp/tri3_cleaned/ali.52.gz" 
# Started at Tue Jun 14 11:02:20 UTC 2022
#
gmm-align-compiled --transition-scale=1.0 --acoustic-scale=0.1 --self-loop-scale=0.1 --beam=10 --retry-beam=40 --careful=false 'gmm-boost-silence --boost=1.0 1 telugu_exp/tri3_cleaned/30.mdl - |' 'ark:gunzip -c telugu_exp/tri3_cleaned/fsts.52.gz|' 'ark,s,cs:apply-cmvn  --utt2spk=ark:telugu_data/train_cleaned/split100/52/utt2spk scp:telugu_data/train_cleaned/split100/52/cmvn.scp scp:telugu_data/train_cleaned/split100/52/feats.scp ark:- | splice-feats  ark:- ark:- | transform-feats telugu_exp/tri3_ali_cleaned/final.mat ark:- ark:- | transform-feats --utt2spk=ark:telugu_data/train_cleaned/split100/52/utt2spk ark:telugu_exp/tri3_cleaned/trans.52 ark:- ark:- |' 'ark:|gzip -c >telugu_exp/tri3_cleaned/ali.52.gz' 
gmm-boost-silence --boost=1.0 1 telugu_exp/tri3_cleaned/30.mdl - 
WARNING (gmm-boost-silence[5.5.1009~1-e4940]:main():gmm-boost-silence.cc:82) The pdfs for the silence phones may be shared by other phones (note: this probably does not matter.)
LOG (gmm-boost-silence[5.5.1009~1-e4940]:main():gmm-boost-silence.cc:93) Boosted weights for 3 pdfs, by factor of 1
LOG (gmm-boost-silence[5.5.1009~1-e4940]:main():gmm-boost-silence.cc:103) Wrote model to -
splice-feats ark:- ark:- 
apply-cmvn --utt2spk=ark:telugu_data/train_cleaned/split100/52/utt2spk scp:telugu_data/train_cleaned/split100/52/cmvn.scp scp:telugu_data/train_cleaned/split100/52/feats.scp ark:- 
transform-feats telugu_exp/tri3_ali_cleaned/final.mat ark:- ark:- 
transform-feats --utt2spk=ark:telugu_data/train_cleaned/split100/52/utt2spk ark:telugu_exp/tri3_cleaned/trans.52 ark:- ark:- 
LOG (gmm-align-compiled[5.5.1009~1-e4940]:main():gmm-align-compiled.cc:127) TE0502-TE0504_1-A.379-1
LOG (gmm-align-compiled[5.5.1009~1-e4940]:main():gmm-align-compiled.cc:127) TE0502-TE0504_1-A.382-1
LOG (gmm-align-compiled[5.5.1009~1-e4940]:main():gmm-align-compiled.cc:127) TE0502-TE0504_1-A.387-1
LOG (gmm-align-compiled[5.5.1009~1-e4940]:main():gmm-align-compiled.cc:127) TE0502-TE0504_1-A.431-1
LOG (gmm-align-compiled[5.5.1009~1-e4940]:main():gmm-align-compiled.cc:127) TE0502-TE0504_1-A.444-1
LOG (gmm-align-compiled[5.5.1009~1-e4940]:main():gmm-align-compiled.cc:127) TE0502-TE0504_1-A.472-1
LOG (gmm-align-compiled[5.5.1009~1-e4940]:main():gmm-align-compiled.cc:127) TE0502-TE0504_1-A.474-1
LOG (gmm-align-compiled[5.5.1009~1-e4940]:main():gmm-align-compiled.cc:127) TE0502-TE0504_1-A.487-1
LOG (gmm-align-compiled[5.5.1009~1-e4940]:main():gmm-align-compiled.cc:127) TE0502-TE0504_1-A.506-1
LOG (gmm-align-compiled[5.5.1009~1-e4940]:main():gmm-align-compiled.cc:127) TE0502-TE0504_1-A.509-1
LOG (gmm-align-compiled[5.5.1009~1-e4940]:main():gmm-align-compiled.cc:127) TE0502-TE0504_1-A.513-1
LOG (gmm-align-compiled[5.5.1009~1-e4940]:main():gmm-align-compiled.cc:127) TE0502-TE0504_1-B.034-1
LOG (gmm-align-compiled[5.5.1009~1-e4940]:main():gmm-align-compiled.cc:127) TE0502-TE0504_1-B.041-1
LOG (gmm-align-compiled[5.5.1009~1-e4940]:main():gmm-align-compiled.cc:127) TE0502-TE0504_1-B.056-1
LOG (gmm-align-compiled[5.5.1009~1-e4940]:main():gmm-align-compiled.cc:127) TE0502-TE0504_1-B.059-1
LOG (gmm-align-compiled[5.5.1009~1-e4940]:main():gmm-align-compiled.cc:127) TE0502-TE0504_1-B.062-1
LOG (gmm-align-compiled[5.5.1009~1-e4940]:main():gmm-align-compiled.cc:127) TE0502-TE0504_1-B.066-1
LOG (gmm-align-compiled[5.5.1009~1-e4940]:main():gmm-align-compiled.cc:127) TE0502-TE0504_1-B.068-1
LOG (gmm-align-compiled[5.5.1009~1-e4940]:main():gmm-align-compiled.cc:127) TE0502-TE0504_1-B.072-1
LOG (gmm-align-compiled[5.5.1009~1-e4940]:main():gmm-align-compiled.cc:127) TE0502-TE0504_1-B.085-1
LOG (gmm-align-compiled[5.5.1009~1-e4940]:main():gmm-align-compiled.cc:127) TE0502-TE0504_1-B.089-1
LOG (gmm-align-compiled[5.5.1009~1-e4940]:main():gmm-align-compiled.cc:127) TE0502-TE0504_2-A.015-1
LOG (gmm-align-compiled[5.5.1009~1-e4940]:main():gmm-align-compiled.cc:127) TE0502-TE0504_2-A.025-1
LOG (gmm-align-compiled[5.5.1009~1-e4940]:main():gmm-align-compiled.cc:127) TE0502-TE0504_2-A.040-1
LOG (gmm-align-compiled[5.5.1009~1-e4940]:main():gmm-align-compiled.cc:127) TE0502-TE0504_2-A.054-1
LOG (gmm-align-compiled[5.5.1009~1-e4940]:main():gmm-align-compiled.cc:127) TE0502-TE0504_2-A.085-1
LOG (gmm-align-compiled[5.5.1009~1-e4940]:main():gmm-align-compiled.cc:127) TE0502-TE0504_2-A.094-1
LOG (gmm-align-compiled[5.5.1009~1-e4940]:main():gmm-align-compiled.cc:127) TE0502-TE0504_2-A.100-1
LOG (gmm-align-compiled[5.5.1009~1-e4940]:main():gmm-align-compiled.cc:127) TE0502-TE0504_2-A.112-1
LOG (gmm-align-compiled[5.5.1009~1-e4940]:main():gmm-align-compiled.cc:127) TE0502-TE0504_2-A.116-1
LOG (gmm-align-compiled[5.5.1009~1-e4940]:main():gmm-align-compiled.cc:127) TE0502-TE0504_2-A.155-1
LOG (gmm-align-compiled[5.5.1009~1-e4940]:main():gmm-align-compiled.cc:127) TE0502-TE0504_2-A.171-1
LOG (gmm-align-compiled[5.5.1009~1-e4940]:main():gmm-align-compiled.cc:127) TE0502-TE0504_2-B.086-1
LOG (gmm-align-compiled[5.5.1009~1-e4940]:main():gmm-align-compiled.cc:127) TE0502-TE0504_2-B.093-1
LOG (gmm-align-compiled[5.5.1009~1-e4940]:main():gmm-align-compiled.cc:127) TE0502-TE0504_2-B.102-1
LOG (gmm-align-compiled[5.5.1009~1-e4940]:main():gmm-align-compiled.cc:127) TE0502-TE0504_2-B.113-1
LOG (gmm-align-compiled[5.5.1009~1-e4940]:main():gmm-align-compiled.cc:127) TE0502-TE0504_2-B.134-1
LOG (gmm-align-compiled[5.5.1009~1-e4940]:main():gmm-align-compiled.cc:127) TE0502-TE0504_2-B.145-1
LOG (gmm-align-compiled[5.5.1009~1-e4940]:main():gmm-align-compiled.cc:127) TE0502-TE0504_2-B.159-1
LOG (gmm-align-compiled[5.5.1009~1-e4940]:main():gmm-align-compiled.cc:127) TE0502-TE0504_2-B.160-1
LOG (gmm-align-compiled[5.5.1009~1-e4940]:main():gmm-align-compiled.cc:127) TE0502-TE0504_2-B.178-1
LOG (gmm-align-compiled[5.5.1009~1-e4940]:main():gmm-align-compiled.cc:127) TE0502-TE0504_2-B.188-1
LOG (gmm-align-compiled[5.5.1009~1-e4940]:main():gmm-align-compiled.cc:127) TE0502-TE0504_2-B.198-1
LOG (gmm-align-compiled[5.5.1009~1-e4940]:main():gmm-align-compiled.cc:127) TE0502-TE0504_2-B.204-1
LOG (gmm-align-compiled[5.5.1009~1-e4940]:main():gmm-align-compiled.cc:127) TE0502-TE0504_2-B.208-1
LOG (gmm-align-compiled[5.5.1009~1-e4940]:main():gmm-align-compiled.cc:127) TE0502-TE0504_2-B.265-1
LOG (gmm-align-compiled[5.5.1009~1-e4940]:main():gmm-align-compiled.cc:127) TE0503-TE0504_1-A.008-1
LOG (gmm-align-compiled[5.5.1009~1-e4940]:main():gmm-align-compiled.cc:127) TE0503-TE0504_1-A.052-1
LOG (gmm-align-compiled[5.5.1009~1-e4940]:main():gmm-align-compiled.cc:127) TE0503-TE0504_1-A.053-1
LOG (gmm-align-compiled[5.5.1009~1-e4940]:main():gmm-align-compiled.cc:127) TE0503-TE0504_1-A.128-1
LOG (gmm-align-compiled[5.5.1009~1-e4940]:main():gmm-align-compiled.cc:127) TE0503-TE0504_1-A.151-1
LOG (gmm-align-compiled[5.5.1009~1-e4940]:main():gmm-align-compiled.cc:127) TE0503-TE0504_1-A.156-1
LOG (gmm-align-compiled[5.5.1009~1-e4940]:main():gmm-align-compiled.cc:127) TE0503-TE0504_1-A.167-1
LOG (gmm-align-compiled[5.5.1009~1-e4940]:main():gmm-align-compiled.cc:127) TE0503-TE0504_1-A.169-1
LOG (gmm-align-compiled[5.5.1009~1-e4940]:main():gmm-align-compiled.cc:127) TE0503-TE0504_1-A.173-1
LOG (gmm-align-compiled[5.5.1009~1-e4940]:main():gmm-align-compiled.cc:127) TE0503-TE0504_1-A.174-1
LOG (gmm-align-compiled[5.5.1009~1-e4940]:main():gmm-align-compiled.cc:127) TE0503-TE0504_1-A.175-1
LOG (gmm-align-compiled[5.5.1009~1-e4940]:main():gmm-align-compiled.cc:127) TE0503-TE0504_1-A.179-1
LOG (gmm-align-compiled[5.5.1009~1-e4940]:main():gmm-align-compiled.cc:127) TE0503-TE0504_1-B.082-1
LOG (gmm-align-compiled[5.5.1009~1-e4940]:main():gmm-align-compiled.cc:127) TE0503-TE0504_1-B.096-1
LOG (gmm-align-compiled[5.5.1009~1-e4940]:main():gmm-align-compiled.cc:127) TE0503-TE0504_1-B.117-1
LOG (gmm-align-compiled[5.5.1009~1-e4940]:main():gmm-align-compiled.cc:127) TE0503-TE0504_1-B.183-1
LOG (gmm-align-compiled[5.5.1009~1-e4940]:main():gmm-align-compiled.cc:127) TE0503-TE0504_1-B.194-1
LOG (gmm-align-compiled[5.5.1009~1-e4940]:main():gmm-align-compiled.cc:127) TE0503-TE0504_1-B.202-1
LOG (gmm-align-compiled[5.5.1009~1-e4940]:main():gmm-align-compiled.cc:127) TE0503-TE0504_1-B.241-1
LOG (gmm-align-compiled[5.5.1009~1-e4940]:main():gmm-align-compiled.cc:127) TE0503-TE0504_1-B.246-1
LOG (gmm-align-compiled[5.5.1009~1-e4940]:main():gmm-align-compiled.cc:127) TE0503-TE0504_1-B.253-1
LOG (gmm-align-compiled[5.5.1009~1-e4940]:main():gmm-align-compiled.cc:127) TE0503-TE0504_2-A.014-1
LOG (gmm-align-compiled[5.5.1009~1-e4940]:main():gmm-align-compiled.cc:127) TE0503-TE0504_2-A.036-1
LOG (gmm-align-compiled[5.5.1009~1-e4940]:main():gmm-align-compiled.cc:127) TE0503-TE0504_2-A.066-1
LOG (gmm-align-compiled[5.5.1009~1-e4940]:main():gmm-align-compiled.cc:127) TE0503-TE0504_2-A.067-1
LOG (gmm-align-compiled[5.5.1009~1-e4940]:main():gmm-align-compiled.cc:127) TE0503-TE0504_2-A.122-1
LOG (gmm-align-compiled[5.5.1009~1-e4940]:main():gmm-align-compiled.cc:127) TE0503-TE0504_2-A.164-1
LOG (gmm-align-compiled[5.5.1009~1-e4940]:main():gmm-align-compiled.cc:127) TE0503-TE0504_2-A.171-1
LOG (gmm-align-compiled[5.5.1009~1-e4940]:main():gmm-align-compiled.cc:127) TE0503-TE0504_2-A.179-1
LOG (gmm-align-compiled[5.5.1009~1-e4940]:main():gmm-align-compiled.cc:127) TE0503-TE0504_2-A.201-1
LOG (gmm-align-compiled[5.5.1009~1-e4940]:main():gmm-align-compiled.cc:127) TE0503-TE0504_2-A.226-1
LOG (gmm-align-compiled[5.5.1009~1-e4940]:main():gmm-align-compiled.cc:127) TE0503-TE0504_2-B.016-1
LOG (gmm-align-compiled[5.5.1009~1-e4940]:main():gmm-align-compiled.cc:127) TE0503-TE0504_2-B.034-1
LOG (gmm-align-compiled[5.5.1009~1-e4940]:main():gmm-align-compiled.cc:127) TE0503-TE0504_2-B.053-1
LOG (gmm-align-compiled[5.5.1009~1-e4940]:main():gmm-align-compiled.cc:127) TE0503-TE0504_2-B.070-1
LOG (gmm-align-compiled[5.5.1009~1-e4940]:main():gmm-align-compiled.cc:127) TE0503-TE0504_2-B.101-1
LOG (gmm-align-compiled[5.5.1009~1-e4940]:main():gmm-align-compiled.cc:127) TE0503-TE0504_2-B.127-1
LOG (gmm-align-compiled[5.5.1009~1-e4940]:main():gmm-align-compiled.cc:127) TE0503-TE0504_2-B.151-1
LOG (gmm-align-compiled[5.5.1009~1-e4940]:main():gmm-align-compiled.cc:127) TE0503-TE0504_2-B.155-1
LOG (gmm-align-compiled[5.5.1009~1-e4940]:main():gmm-align-compiled.cc:127) TE0503-TE0504_2-B.166-1
LOG (gmm-align-compiled[5.5.1009~1-e4940]:main():gmm-align-compiled.cc:127) TE0503-TE0504_2-B.168-1
LOG (gmm-align-compiled[5.5.1009~1-e4940]:main():gmm-align-compiled.cc:127) TE0503-TE0504_2-B.190-1
LOG (gmm-align-compiled[5.5.1009~1-e4940]:main():gmm-align-compiled.cc:127) TE0503-TE0504_2-B.198-1
LOG (gmm-align-compiled[5.5.1009~1-e4940]:main():gmm-align-compiled.cc:127) TE0503-TE0504_2-B.199-1
LOG (gmm-align-compiled[5.5.1009~1-e4940]:main():gmm-align-compiled.cc:127) TE0503-TE0504_2-B.204-1
LOG (gmm-align-compiled[5.5.1009~1-e4940]:main():gmm-align-compiled.cc:127) TE0503-TE0504_2-B.216-1
LOG (gmm-align-compiled[5.5.1009~1-e4940]:main():gmm-align-compiled.cc:127) TE0503-TE0504_2-B.229-1
LOG (gmm-align-compiled[5.5.1009~1-e4940]:main():gmm-align-compiled.cc:127) TE0503-TE0504_2-B.250-1
LOG (gmm-align-compiled[5.5.1009~1-e4940]:main():gmm-align-compiled.cc:127) TE0505-TE0506_1-A.036-1
LOG (gmm-align-compiled[5.5.1009~1-e4940]:main():gmm-align-compiled.cc:127) TE0505-TE0506_1-A.145-1
LOG (gmm-align-compiled[5.5.1009~1-e4940]:main():gmm-align-compiled.cc:127) TE0505-TE0506_1-A.161-1
LOG (gmm-align-compiled[5.5.1009~1-e4940]:main():gmm-align-compiled.cc:127) TE0505-TE0506_1-A.162-1
LOG (gmm-align-compiled[5.5.1009~1-e4940]:main():gmm-align-compiled.cc:127) TE0505-TE0506_1-A.165-1
LOG (gmm-align-compiled[5.5.1009~1-e4940]:main():gmm-align-compiled.cc:127) TE0505-TE0506_1-A.168-1
LOG (gmm-align-compiled[5.5.1009~1-e4940]:main():gmm-align-compiled.cc:127) TE0505-TE0506_1-A.177-1
LOG (gmm-align-compiled[5.5.1009~1-e4940]:main():gmm-align-compiled.cc:127) TE0505-TE0506_1-A.193-1
LOG (gmm-align-compiled[5.5.1009~1-e4940]:main():gmm-align-compiled.cc:127) TE0505-TE0506_1-A.230-1
LOG (gmm-align-compiled[5.5.1009~1-e4940]:main():gmm-align-compiled.cc:127) TE0505-TE0506_1-A.239-1
LOG (gmm-align-compiled[5.5.1009~1-e4940]:main():gmm-align-compiled.cc:127) TE0505-TE0506_1-A.242-1
LOG (gmm-align-compiled[5.5.1009~1-e4940]:main():gmm-align-compiled.cc:127) TE0505-TE0506_1-A.257-1
LOG (gmm-align-compiled[5.5.1009~1-e4940]:main():gmm-align-compiled.cc:127) TE0505-TE0506_1-A.289-1
LOG (gmm-align-compiled[5.5.1009~1-e4940]:main():gmm-align-compiled.cc:127) TE0505-TE0506_1-A.293-1
LOG (gmm-align-compiled[5.5.1009~1-e4940]:main():gmm-align-compiled.cc:127) TE0505-TE0506_1-A.294-1
LOG (gmm-align-compiled[5.5.1009~1-e4940]:main():gmm-align-compiled.cc:127) TE0505-TE0506_1-A.294-2
WARNING (gmm-align-compiled[5.5.1009~1-e4940]:AlignUtteranceWrapper():decoder-wrappers.cc:617) Retrying utterance TE0505-TE0506_1-A.294-2 with beam 40
WARNING (gmm-align-compiled[5.5.1009~1-e4940]:AlignUtteranceWrapper():decoder-wrappers.cc:626) Did not successfully decode file TE0505-TE0506_1-A.294-2, len = 167
LOG (gmm-align-compiled[5.5.1009~1-e4940]:main():gmm-align-compiled.cc:127) TE0505-TE0506_1-A.300-1
LOG (gmm-align-compiled[5.5.1009~1-e4940]:main():gmm-align-compiled.cc:127) TE0505-TE0506_1-A.337-1
LOG (gmm-align-compiled[5.5.1009~1-e4940]:main():gmm-align-compiled.cc:127) TE0505-TE0506_1-A.419-1
LOG (gmm-align-compiled[5.5.1009~1-e4940]:main():gmm-align-compiled.cc:127) TE0505-TE0506_1-A.428-1
LOG (gmm-align-compiled[5.5.1009~1-e4940]:main():gmm-align-compiled.cc:127) TE0505-TE0506_1-A.434-1
LOG (gmm-align-compiled[5.5.1009~1-e4940]:main():gmm-align-compiled.cc:127) TE0505-TE0506_1-A.455-1
LOG (gmm-align-compiled[5.5.1009~1-e4940]:main():gmm-align-compiled.cc:127) TE0505-TE0506_1-A.469-1
LOG (gmm-align-compiled[5.5.1009~1-e4940]:main():gmm-align-compiled.cc:127) TE0505-TE0506_1-A.471-1
LOG (gmm-align-compiled[5.5.1009~1-e4940]:main():gmm-align-compiled.cc:127) TE0505-TE0506_1-B.008-1
LOG (gmm-align-compiled[5.5.1009~1-e4940]:main():gmm-align-compiled.cc:127) TE0505-TE0506_1-B.011-1
LOG (gmm-align-compiled[5.5.1009~1-e4940]:main():gmm-align-compiled.cc:127) TE0505-TE0506_1-B.034-1
LOG (gmm-align-compiled[5.5.1009~1-e4940]:main():gmm-align-compiled.cc:127) TE0505-TE0506_1-B.046-1
LOG (gmm-align-compiled[5.5.1009~1-e4940]:main():gmm-align-compiled.cc:127) TE0505-TE0506_1-B.067-1
LOG (gmm-align-compiled[5.5.1009~1-e4940]:main():gmm-align-compiled.cc:127) TE0505-TE0506_1-B.233-1
LOG (gmm-align-compiled[5.5.1009~1-e4940]:main():gmm-align-compiled.cc:127) TE0505-TE0506_1-B.288-1
LOG (gmm-align-compiled[5.5.1009~1-e4940]:main():gmm-align-compiled.cc:127) TE0505-TE0506_1-B.355-1
LOG (gmm-align-compiled[5.5.1009~1-e4940]:main():gmm-align-compiled.cc:127) TE0505-TE0506_1-B.357-1
LOG (gmm-align-compiled[5.5.1009~1-e4940]:main():gmm-align-compiled.cc:127) TE0505-TE0506_2-A.010-1
LOG (gmm-align-compiled[5.5.1009~1-e4940]:main():gmm-align-compiled.cc:127) TE0505-TE0506_2-A.068-1
LOG (gmm-align-compiled[5.5.1009~1-e4940]:main():gmm-align-compiled.cc:127) TE0505-TE0506_2-A.084-1
LOG (gmm-align-compiled[5.5.1009~1-e4940]:main():gmm-align-compiled.cc:127) TE0505-TE0506_2-A.088-1
WARNING (gmm-align-compiled[5.5.1009~1-e4940]:AlignUtteranceWrapper():decoder-wrappers.cc:617) Retrying utterance TE0505-TE0506_2-A.088-1 with beam 40
WARNING (gmm-align-compiled[5.5.1009~1-e4940]:AlignUtteranceWrapper():decoder-wrappers.cc:626) Did not successfully decode file TE0505-TE0506_2-A.088-1, len = 153
LOG (gmm-align-compiled[5.5.1009~1-e4940]:main():gmm-align-compiled.cc:127) TE0505-TE0506_2-A.102-1
LOG (gmm-align-compiled[5.5.1009~1-e4940]:main():gmm-align-compiled.cc:127) TE0505-TE0506_2-A.123-1
LOG (gmm-align-compiled[5.5.1009~1-e4940]:main():gmm-align-compiled.cc:127) TE0505-TE0506_2-A.127-1
LOG (gmm-align-compiled[5.5.1009~1-e4940]:main():gmm-align-compiled.cc:127) TE0505-TE0506_2-A.138-1
LOG (gmm-align-compiled[5.5.1009~1-e4940]:main():gmm-align-compiled.cc:127) TE0505-TE0506_2-A.143-1
LOG (gmm-align-compiled[5.5.1009~1-e4940]:main():gmm-align-compiled.cc:127) TE0505-TE0506_2-A.152-1
LOG (gmm-align-compiled[5.5.1009~1-e4940]:main():gmm-align-compiled.cc:127) TE0505-TE0506_2-A.201-1
LOG (gmm-align-compiled[5.5.1009~1-e4940]:main():gmm-align-compiled.cc:127) TE0505-TE0506_2-A.242-1
LOG (gmm-align-compiled[5.5.1009~1-e4940]:main():gmm-align-compiled.cc:127) TE0505-TE0506_2-A.251-1
LOG (gmm-align-compiled[5.5.1009~1-e4940]:main():gmm-align-compiled.cc:127) TE0505-TE0506_2-A.253-1
LOG (gmm-align-compiled[5.5.1009~1-e4940]:main():gmm-align-compiled.cc:127) TE0505-TE0506_2-A.296-1
LOG (gmm-align-compiled[5.5.1009~1-e4940]:main():gmm-align-compiled.cc:127) TE0505-TE0506_2-A.316-1
LOG (gmm-align-compiled[5.5.1009~1-e4940]:main():gmm-align-compiled.cc:127) TE0505-TE0506_2-A.318-1
LOG (gmm-align-compiled[5.5.1009~1-e4940]:main():gmm-align-compiled.cc:127) TE0505-TE0506_2-A.327-1
LOG (gmm-align-compiled[5.5.1009~1-e4940]:main():gmm-align-compiled.cc:127) TE0505-TE0506_2-A.332-1
LOG (gmm-align-compiled[5.5.1009~1-e4940]:main():gmm-align-compiled.cc:127) TE0505-TE0506_2-A.334-1
LOG (gmm-align-compiled[5.5.1009~1-e4940]:main():gmm-align-compiled.cc:127) TE0505-TE0506_2-A.337-1
LOG (gmm-align-compiled[5.5.1009~1-e4940]:main():gmm-align-compiled.cc:127) TE0505-TE0506_2-A.340-1
LOG (gmm-align-compiled[5.5.1009~1-e4940]:main():gmm-align-compiled.cc:127) TE0505-TE0506_2-A.352-1
LOG (gmm-align-compiled[5.5.1009~1-e4940]:main():gmm-align-compiled.cc:127) TE0505-TE0506_2-A.364-1
LOG (gmm-align-compiled[5.5.1009~1-e4940]:main():gmm-align-compiled.cc:127) TE0505-TE0506_2-B.018-1
LOG (gmm-align-compiled[5.5.1009~1-e4940]:main():gmm-align-compiled.cc:127) TE0505-TE0506_2-B.072-1
LOG (gmm-align-compiled[5.5.1009~1-e4940]:main():gmm-align-compiled.cc:127) TE0505-TE0506_2-B.229-1
LOG (gmm-align-compiled[5.5.1009~1-e4940]:main():gmm-align-compiled.cc:127) TE0505-TE0506_2-B.270-1
LOG (gmm-align-compiled[5.5.1009~1-e4940]:main():gmm-align-compiled.cc:127) TE0505-TE0506_2-B.273-1
LOG (gmm-align-compiled[5.5.1009~1-e4940]:main():gmm-align-compiled.cc:127) TE0505-TE0507_1-A.072-1
LOG (gmm-align-compiled[5.5.1009~1-e4940]:main():gmm-align-compiled.cc:127) TE0505-TE0507_1-A.076-1
LOG (gmm-align-compiled[5.5.1009~1-e4940]:main():gmm-align-compiled.cc:127) TE0505-TE0507_1-A.083-1
LOG (gmm-align-compiled[5.5.1009~1-e4940]:main():gmm-align-compiled.cc:127) TE0505-TE0507_1-A.120-1
LOG (gmm-align-compiled[5.5.1009~1-e4940]:main():gmm-align-compiled.cc:127) TE0505-TE0507_1-A.126-1
LOG (gmm-align-compiled[5.5.1009~1-e4940]:main():gmm-align-compiled.cc:127) TE0505-TE0507_1-B.003-1
LOG (gmm-align-compiled[5.5.1009~1-e4940]:main():gmm-align-compiled.cc:127) TE0505-TE0507_1-B.025-1
LOG (gmm-align-compiled[5.5.1009~1-e4940]:main():gmm-align-compiled.cc:127) TE0505-TE0507_1-B.049-1
LOG (gmm-align-compiled[5.5.1009~1-e4940]:main():gmm-align-compiled.cc:127) TE0505-TE0507_1-B.110-1
LOG (gmm-align-compiled[5.5.1009~1-e4940]:main():gmm-align-compiled.cc:127) TE0505-TE0507_1-B.119-1
LOG (gmm-align-compiled[5.5.1009~1-e4940]:main():gmm-align-compiled.cc:127) TE0505-TE0507_1-B.121-1
LOG (gmm-align-compiled[5.5.1009~1-e4940]:main():gmm-align-compiled.cc:127) TE0505-TE0507_1-B.143-1
LOG (gmm-align-compiled[5.5.1009~1-e4940]:main():gmm-align-compiled.cc:127) TE0505-TE0507_1-B.151-1
WARNING (gmm-align-compiled[5.5.1009~1-e4940]:AlignUtteranceWrapper():decoder-wrappers.cc:617) Retrying utterance TE0505-TE0507_1-B.151-1 with beam 40
WARNING (gmm-align-compiled[5.5.1009~1-e4940]:AlignUtteranceWrapper():decoder-wrappers.cc:626) Did not successfully decode file TE0505-TE0507_1-B.151-1, len = 154
LOG (gmm-align-compiled[5.5.1009~1-e4940]:main():gmm-align-compiled.cc:127) TE0505-TE0507_1-B.151-2
LOG (gmm-align-compiled[5.5.1009~1-e4940]:main():gmm-align-compiled.cc:127) TE0505-TE0507_1-B.178-1
LOG (gmm-align-compiled[5.5.1009~1-e4940]:main():gmm-align-compiled.cc:127) TE0505-TE0507_1-B.184-1
LOG (gmm-align-compiled[5.5.1009~1-e4940]:main():gmm-align-compiled.cc:127) TE0505-TE0507_1-B.196-1
LOG (gmm-align-compiled[5.5.1009~1-e4940]:main():gmm-align-compiled.cc:127) TE0505-TE0507_1-B.199-1
LOG (gmm-align-compiled[5.5.1009~1-e4940]:main():gmm-align-compiled.cc:127) TE0505-TE0507_1-B.216-1
LOG (gmm-align-compiled[5.5.1009~1-e4940]:main():gmm-align-compiled.cc:127) TE0505-TE0507_1-B.240-1
LOG (gmm-align-compiled[5.5.1009~1-e4940]:main():gmm-align-compiled.cc:127) TE0505-TE0507_2-A.072-1
LOG (gmm-align-compiled[5.5.1009~1-e4940]:main():gmm-align-compiled.cc:127) TE0505-TE0507_2-A.083-1
LOG (gmm-align-compiled[5.5.1009~1-e4940]:main():gmm-align-compiled.cc:127) TE0505-TE0507_2-A.160-1
LOG (gmm-align-compiled[5.5.1009~1-e4940]:main():gmm-align-compiled.cc:127) TE0505-TE0507_2-A.178-1
LOG (gmm-align-compiled[5.5.1009~1-e4940]:main():gmm-align-compiled.cc:127) TE0505-TE0507_2-A.191-1
LOG (gmm-align-compiled[5.5.1009~1-e4940]:main():gmm-align-compiled.cc:127) TE0505-TE0507_2-A.234-1
LOG (gmm-align-compiled[5.5.1009~1-e4940]:main():gmm-align-compiled.cc:127) TE0505-TE0507_2-A.256-1
LOG (gmm-align-compiled[5.5.1009~1-e4940]:main():gmm-align-compiled.cc:127) TE0505-TE0507_2-A.344-1
LOG (gmm-align-compiled[5.5.1009~1-e4940]:main():gmm-align-compiled.cc:127) TE0505-TE0507_2-B.002-1
LOG (gmm-align-compiled[5.5.1009~1-e4940]:main():gmm-align-compiled.cc:127) TE0505-TE0507_2-B.055-1
LOG (gmm-align-compiled[5.5.1009~1-e4940]:main():gmm-align-compiled.cc:127) TE0505-TE0507_2-B.064-1
LOG (gmm-align-compiled[5.5.1009~1-e4940]:main():gmm-align-compiled.cc:127) TE0505-TE0507_2-B.087-1
LOG (gmm-align-compiled[5.5.1009~1-e4940]:main():gmm-align-compiled.cc:127) TE0505-TE0507_2-B.100-1
LOG (gmm-align-compiled[5.5.1009~1-e4940]:main():gmm-align-compiled.cc:127) TE0506-TE0508_1-A.027-1
LOG (gmm-align-compiled[5.5.1009~1-e4940]:main():gmm-align-compiled.cc:127) TE0506-TE0508_1-A.112-1
LOG (gmm-align-compiled[5.5.1009~1-e4940]:main():gmm-align-compiled.cc:127) TE0506-TE0508_1-A.116-1
LOG (gmm-align-compiled[5.5.1009~1-e4940]:main():gmm-align-compiled.cc:127) TE0506-TE0508_1-A.172-1
LOG (gmm-align-compiled[5.5.1009~1-e4940]:main():gmm-align-compiled.cc:127) TE0506-TE0508_1-A.183-1
LOG (gmm-align-compiled[5.5.1009~1-e4940]:main():gmm-align-compiled.cc:127) TE0506-TE0508_1-A.400-1
LOG (gmm-align-compiled[5.5.1009~1-e4940]:main():gmm-align-compiled.cc:127) TE0506-TE0508_1-A.443-1
LOG (gmm-align-compiled[5.5.1009~1-e4940]:main():gmm-align-compiled.cc:127) TE0506-TE0508_1-B.050-1
LOG (gmm-align-compiled[5.5.1009~1-e4940]:main():gmm-align-compiled.cc:127) TE0506-TE0508_1-B.050-2
LOG (gmm-align-compiled[5.5.1009~1-e4940]:main():gmm-align-compiled.cc:127) TE0506-TE0508_1-B.081-1
LOG (gmm-align-compiled[5.5.1009~1-e4940]:main():gmm-align-compiled.cc:127) TE0506-TE0508_1-B.150-1
LOG (gmm-align-compiled[5.5.1009~1-e4940]:main():gmm-align-compiled.cc:127) TE0506-TE0508_2-A.139-1
LOG (gmm-align-compiled[5.5.1009~1-e4940]:main():gmm-align-compiled.cc:127) TE0506-TE0508_2-A.140-1
LOG (gmm-align-compiled[5.5.1009~1-e4940]:main():gmm-align-compiled.cc:127) TE0506-TE0508_2-A.143-1
LOG (gmm-align-compiled[5.5.1009~1-e4940]:main():gmm-align-compiled.cc:127) TE0506-TE0508_2-A.241-1
LOG (gmm-align-compiled[5.5.1009~1-e4940]:main():gmm-align-compiled.cc:127) TE0506-TE0508_2-A.274-1
LOG (gmm-align-compiled[5.5.1009~1-e4940]:main():gmm-align-compiled.cc:127) TE0506-TE0508_2-A.345-1
LOG (gmm-align-compiled[5.5.1009~1-e4940]:main():gmm-align-compiled.cc:127) TE0506-TE0508_2-A.360-1
LOG (gmm-align-compiled[5.5.1009~1-e4940]:main():gmm-align-compiled.cc:127) TE0506-TE0508_2-A.366-1
LOG (gmm-align-compiled[5.5.1009~1-e4940]:main():gmm-align-compiled.cc:127) TE0506-TE0508_2-A.368-1
LOG (gmm-align-compiled[5.5.1009~1-e4940]:main():gmm-align-compiled.cc:127) TE0506-TE0508_2-A.377-1
LOG (gmm-align-compiled[5.5.1009~1-e4940]:main():gmm-align-compiled.cc:127) TE0506-TE0508_2-B.010-1
LOG (gmm-align-compiled[5.5.1009~1-e4940]:main():gmm-align-compiled.cc:127) TE0506-TE0508_2-B.012-1
LOG (gmm-align-compiled[5.5.1009~1-e4940]:main():gmm-align-compiled.cc:127) TE0506-TE0508_2-B.014-1
LOG (gmm-align-compiled[5.5.1009~1-e4940]:main():gmm-align-compiled.cc:127) TE0506-TE0508_2-B.019-1
LOG (gmm-align-compiled[5.5.1009~1-e4940]:main():gmm-align-compiled.cc:127) TE0506-TE0508_2-B.027-1
LOG (gmm-align-compiled[5.5.1009~1-e4940]:main():gmm-align-compiled.cc:127) TE0506-TE0508_2-B.030-1
LOG (gmm-align-compiled[5.5.1009~1-e4940]:main():gmm-align-compiled.cc:127) TE0506-TE0508_2-B.036-1
LOG (gmm-align-compiled[5.5.1009~1-e4940]:main():gmm-align-compiled.cc:127) TE0506-TE0508_2-B.049-1
LOG (gmm-align-compiled[5.5.1009~1-e4940]:main():gmm-align-compiled.cc:127) TE0506-TE0508_2-B.055-1
LOG (gmm-align-compiled[5.5.1009~1-e4940]:main():gmm-align-compiled.cc:127) TE0506-TE0508_2-B.057-1
LOG (gmm-align-compiled[5.5.1009~1-e4940]:main():gmm-align-compiled.cc:127) TE0506-TE0508_2-B.064-1
LOG (gmm-align-compiled[5.5.1009~1-e4940]:main():gmm-align-compiled.cc:127) TE0506-TE0508_2-B.076-1
LOG (gmm-align-compiled[5.5.1009~1-e4940]:main():gmm-align-compiled.cc:127) TE0506-TE0508_2-B.083-1
LOG (gmm-align-compiled[5.5.1009~1-e4940]:main():gmm-align-compiled.cc:127) TE0506-TE0508_2-B.084-1
LOG (gmm-align-compiled[5.5.1009~1-e4940]:main():gmm-align-compiled.cc:127) TE0506-TE0508_2-B.093-1
LOG (gmm-align-compiled[5.5.1009~1-e4940]:main():gmm-align-compiled.cc:127) TE0506-TE0508_2-B.094-1
LOG (gmm-align-compiled[5.5.1009~1-e4940]:main():gmm-align-compiled.cc:127) TE0506-TE0508_2-B.101-1
LOG (gmm-align-compiled[5.5.1009~1-e4940]:main():gmm-align-compiled.cc:127) TE0506-TE0508_2-B.114-1
LOG (gmm-align-compiled[5.5.1009~1-e4940]:main():gmm-align-compiled.cc:127) TE0506-TE0508_2-B.124-1
LOG (gmm-align-compiled[5.5.1009~1-e4940]:main():gmm-align-compiled.cc:127) TE0506-TE0508_2-B.125-1
LOG (gmm-align-compiled[5.5.1009~1-e4940]:main():gmm-align-compiled.cc:127) TE0506-TE0508_2-B.133-1
LOG (gmm-align-compiled[5.5.1009~1-e4940]:main():gmm-align-compiled.cc:127) TE0506-TE0508_2-B.140-1
LOG (gmm-align-compiled[5.5.1009~1-e4940]:main():gmm-align-compiled.cc:127) TE0506-TE0508_2-B.146-1
LOG (gmm-align-compiled[5.5.1009~1-e4940]:main():gmm-align-compiled.cc:127) TE0506-TE0508_2-B.148-1
LOG (gmm-align-compiled[5.5.1009~1-e4940]:main():gmm-align-compiled.cc:127) TE0506-TE0508_2-B.149-1
LOG (gmm-align-compiled[5.5.1009~1-e4940]:main():gmm-align-compiled.cc:127) TE0506-TE0508_2-B.150-1
LOG (gmm-align-compiled[5.5.1009~1-e4940]:main():gmm-align-compiled.cc:127) TE0506-TE0508_2-B.152-1
LOG (gmm-align-compiled[5.5.1009~1-e4940]:main():gmm-align-compiled.cc:127) TE0506-TE0508_2-B.155-1
LOG (gmm-align-compiled[5.5.1009~1-e4940]:main():gmm-align-compiled.cc:127) TE0506-TE0508_2-B.158-1
LOG (gmm-align-compiled[5.5.1009~1-e4940]:main():gmm-align-compiled.cc:127) TE0506-TE0508_2-B.162-1
LOG (gmm-align-compiled[5.5.1009~1-e4940]:main():gmm-align-compiled.cc:127) TE0506-TE0508_2-B.166-1
LOG (gmm-align-compiled[5.5.1009~1-e4940]:main():gmm-align-compiled.cc:127) TE0506-TE0508_2-B.169-1
LOG (gmm-align-compiled[5.5.1009~1-e4940]:main():gmm-align-compiled.cc:127) TE0506-TE0508_2-B.185-1
LOG (gmm-align-compiled[5.5.1009~1-e4940]:main():gmm-align-compiled.cc:127) TE0506-TE0508_2-B.195-1
LOG (gmm-align-compiled[5.5.1009~1-e4940]:main():gmm-align-compiled.cc:127) TE0506-TE0508_2-B.204-1
LOG (gmm-align-compiled[5.5.1009~1-e4940]:main():gmm-align-compiled.cc:127) TE0506-TE0508_2-B.212-1
LOG (gmm-align-compiled[5.5.1009~1-e4940]:main():gmm-align-compiled.cc:127) TE0506-TE0508_2-B.228-1
LOG (gmm-align-compiled[5.5.1009~1-e4940]:main():gmm-align-compiled.cc:127) TE0506-TE0508_2-B.230-1
LOG (gmm-align-compiled[5.5.1009~1-e4940]:main():gmm-align-compiled.cc:127) TE0506-TE0508_2-B.248-1
LOG (gmm-align-compiled[5.5.1009~1-e4940]:main():gmm-align-compiled.cc:127) TE0506-TE0508_2-B.253-1
LOG (gmm-align-compiled[5.5.1009~1-e4940]:main():gmm-align-compiled.cc:127) TE0506-TE0508_2-B.261-1
LOG (gmm-align-compiled[5.5.1009~1-e4940]:main():gmm-align-compiled.cc:127) TE0506-TE0508_2-B.262-1
LOG (gmm-align-compiled[5.5.1009~1-e4940]:main():gmm-align-compiled.cc:127) TE0506-TE0508_2-B.264-1
LOG (gmm-align-compiled[5.5.1009~1-e4940]:main():gmm-align-compiled.cc:127) TE0506-TE0508_2-B.269-1
LOG (gmm-align-compiled[5.5.1009~1-e4940]:main():gmm-align-compiled.cc:127) TE0506-TE0508_2-B.284-1
LOG (gmm-align-compiled[5.5.1009~1-e4940]:main():gmm-align-compiled.cc:127) TE0506-TE0508_2-B.303-1
LOG (gmm-align-compiled[5.5.1009~1-e4940]:main():gmm-align-compiled.cc:127) TE0506-TE0508_2-B.313-1
LOG (gmm-align-compiled[5.5.1009~1-e4940]:main():gmm-align-compiled.cc:127) TE0506-TE0508_2-B.317-1
LOG (gmm-align-compiled[5.5.1009~1-e4940]:main():gmm-align-compiled.cc:127) TE0506-TE0508_2-B.330-1
LOG (gmm-align-compiled[5.5.1009~1-e4940]:main():gmm-align-compiled.cc:127) TE0506-TE0508_2-B.333-1
LOG (gmm-align-compiled[5.5.1009~1-e4940]:main():gmm-align-compiled.cc:127) TE0507-TE0508_1-A.013-1
LOG (gmm-align-compiled[5.5.1009~1-e4940]:main():gmm-align-compiled.cc:127) TE0507-TE0508_1-A.019-1
LOG (gmm-align-compiled[5.5.1009~1-e4940]:main():gmm-align-compiled.cc:127) TE0507-TE0508_1-A.025-1
LOG (gmm-align-compiled[5.5.1009~1-e4940]:main():gmm-align-compiled.cc:127) TE0507-TE0508_1-A.029-1
LOG (gmm-align-compiled[5.5.1009~1-e4940]:main():gmm-align-compiled.cc:127) TE0507-TE0508_1-A.031-1
LOG (gmm-align-compiled[5.5.1009~1-e4940]:main():gmm-align-compiled.cc:127) TE0507-TE0508_1-A.033-1
LOG (gmm-align-compiled[5.5.1009~1-e4940]:main():gmm-align-compiled.cc:127) TE0507-TE0508_1-A.042-1
LOG (gmm-align-compiled[5.5.1009~1-e4940]:main():gmm-align-compiled.cc:127) TE0507-TE0508_1-A.046-1
LOG (gmm-align-compiled[5.5.1009~1-e4940]:main():gmm-align-compiled.cc:127) TE0507-TE0508_1-A.081-1
LOG (gmm-align-compiled[5.5.1009~1-e4940]:main():gmm-align-compiled.cc:127) TE0507-TE0508_1-A.085-1
LOG (gmm-align-compiled[5.5.1009~1-e4940]:main():gmm-align-compiled.cc:127) TE0507-TE0508_1-A.089-1
LOG (gmm-align-compiled[5.5.1009~1-e4940]:main():gmm-align-compiled.cc:127) TE0507-TE0508_1-A.096-1
LOG (gmm-align-compiled[5.5.1009~1-e4940]:main():gmm-align-compiled.cc:127) TE0507-TE0508_1-A.099-1
LOG (gmm-align-compiled[5.5.1009~1-e4940]:main():gmm-align-compiled.cc:127) TE0507-TE0508_1-A.100-1
LOG (gmm-align-compiled[5.5.1009~1-e4940]:main():gmm-align-compiled.cc:127) TE0507-TE0508_1-A.105-1
LOG (gmm-align-compiled[5.5.1009~1-e4940]:main():gmm-align-compiled.cc:127) TE0507-TE0508_1-A.109-1
LOG (gmm-align-compiled[5.5.1009~1-e4940]:main():gmm-align-compiled.cc:127) TE0507-TE0508_1-A.142-1
LOG (gmm-align-compiled[5.5.1009~1-e4940]:main():gmm-align-compiled.cc:127) TE0507-TE0508_1-A.147-1
LOG (gmm-align-compiled[5.5.1009~1-e4940]:main():gmm-align-compiled.cc:127) TE0507-TE0508_1-A.152-1
LOG (gmm-align-compiled[5.5.1009~1-e4940]:main():gmm-align-compiled.cc:127) TE0507-TE0508_1-A.154-1
LOG (gmm-align-compiled[5.5.1009~1-e4940]:main():gmm-align-compiled.cc:127) TE0507-TE0508_1-A.156-1
LOG (gmm-align-compiled[5.5.1009~1-e4940]:main():gmm-align-compiled.cc:127) TE0507-TE0508_1-A.163-1
LOG (gmm-align-compiled[5.5.1009~1-e4940]:main():gmm-align-compiled.cc:127) TE0507-TE0508_1-A.170-1
LOG (gmm-align-compiled[5.5.1009~1-e4940]:main():gmm-align-compiled.cc:127) TE0507-TE0508_1-A.176-1
LOG (gmm-align-compiled[5.5.1009~1-e4940]:main():gmm-align-compiled.cc:127) TE0507-TE0508_1-A.180-1
LOG (gmm-align-compiled[5.5.1009~1-e4940]:main():gmm-align-compiled.cc:127) TE0507-TE0508_1-A.183-1
LOG (gmm-align-compiled[5.5.1009~1-e4940]:main():gmm-align-compiled.cc:127) TE0507-TE0508_1-A.184-1
LOG (gmm-align-compiled[5.5.1009~1-e4940]:main():gmm-align-compiled.cc:127) TE0507-TE0508_1-A.194-1
LOG (gmm-align-compiled[5.5.1009~1-e4940]:main():gmm-align-compiled.cc:127) TE0507-TE0508_1-A.205-1
LOG (gmm-align-compiled[5.5.1009~1-e4940]:main():gmm-align-compiled.cc:127) TE0507-TE0508_1-A.206-1
LOG (gmm-align-compiled[5.5.1009~1-e4940]:main():gmm-align-compiled.cc:127) TE0507-TE0508_1-A.210-1
LOG (gmm-align-compiled[5.5.1009~1-e4940]:main():gmm-align-compiled.cc:127) TE0507-TE0508_1-A.211-1
LOG (gmm-align-compiled[5.5.1009~1-e4940]:main():gmm-align-compiled.cc:127) TE0507-TE0508_1-A.213-1
LOG (gmm-align-compiled[5.5.1009~1-e4940]:main():gmm-align-compiled.cc:127) TE0507-TE0508_1-A.222-1
LOG (gmm-align-compiled[5.5.1009~1-e4940]:main():gmm-align-compiled.cc:127) TE0507-TE0508_1-A.225-1
LOG (gmm-align-compiled[5.5.1009~1-e4940]:main():gmm-align-compiled.cc:127) TE0507-TE0508_1-A.232-1
LOG (gmm-align-compiled[5.5.1009~1-e4940]:main():gmm-align-compiled.cc:127) TE0507-TE0508_1-A.234-1
LOG (gmm-align-compiled[5.5.1009~1-e4940]:main():gmm-align-compiled.cc:127) TE0507-TE0508_1-A.237-1
LOG (gmm-align-compiled[5.5.1009~1-e4940]:main():gmm-align-compiled.cc:127) TE0507-TE0508_1-A.238-1
LOG (gmm-align-compiled[5.5.1009~1-e4940]:main():gmm-align-compiled.cc:127) TE0507-TE0508_1-A.239-1
LOG (gmm-align-compiled[5.5.1009~1-e4940]:main():gmm-align-compiled.cc:127) TE0507-TE0508_1-A.242-1
LOG (gmm-align-compiled[5.5.1009~1-e4940]:main():gmm-align-compiled.cc:127) TE0507-TE0508_1-A.244-1
LOG (gmm-align-compiled[5.5.1009~1-e4940]:main():gmm-align-compiled.cc:127) TE0507-TE0508_1-B.005-1
LOG (gmm-align-compiled[5.5.1009~1-e4940]:main():gmm-align-compiled.cc:127) TE0507-TE0508_1-B.037-1
LOG (gmm-align-compiled[5.5.1009~1-e4940]:main():gmm-align-compiled.cc:127) TE0507-TE0508_1-B.040-1
LOG (gmm-align-compiled[5.5.1009~1-e4940]:main():gmm-align-compiled.cc:127) TE0507-TE0508_1-B.082-1
LOG (gmm-align-compiled[5.5.1009~1-e4940]:main():gmm-align-compiled.cc:127) TE0507-TE0508_1-B.106-1
WARNING (gmm-align-compiled[5.5.1009~1-e4940]:AlignUtteranceWrapper():decoder-wrappers.cc:617) Retrying utterance TE0507-TE0508_1-B.106-1 with beam 40
WARNING (gmm-align-compiled[5.5.1009~1-e4940]:AlignUtteranceWrapper():decoder-wrappers.cc:626) Did not successfully decode file TE0507-TE0508_1-B.106-1, len = 366
LOG (gmm-align-compiled[5.5.1009~1-e4940]:main():gmm-align-compiled.cc:127) TE0507-TE0508_1-B.109-1
LOG (gmm-align-compiled[5.5.1009~1-e4940]:main():gmm-align-compiled.cc:127) TE0507-TE0508_1-B.113-1
LOG (gmm-align-compiled[5.5.1009~1-e4940]:main():gmm-align-compiled.cc:127) TE0507-TE0508_1-B.124-1
LOG (gmm-align-compiled[5.5.1009~1-e4940]:main():gmm-align-compiled.cc:127) TE0507-TE0508_1-B.129-1
LOG (gmm-align-compiled[5.5.1009~1-e4940]:main():gmm-align-compiled.cc:127) TE0507-TE0508_1-B.135-1
LOG (gmm-align-compiled[5.5.1009~1-e4940]:main():gmm-align-compiled.cc:127) TE0507-TE0508_1-B.137-1
LOG (gmm-align-compiled[5.5.1009~1-e4940]:main():gmm-align-compiled.cc:127) TE0507-TE0508_1-B.142-1
LOG (gmm-align-compiled[5.5.1009~1-e4940]:main():gmm-align-compiled.cc:127) TE0507-TE0508_1-B.144-1
LOG (gmm-align-compiled[5.5.1009~1-e4940]:main():gmm-align-compiled.cc:127) TE0507-TE0508_1-B.151-1
LOG (gmm-align-compiled[5.5.1009~1-e4940]:main():gmm-align-compiled.cc:127) TE0507-TE0508_1-B.164-1
LOG (gmm-align-compiled[5.5.1009~1-e4940]:main():gmm-align-compiled.cc:127) TE0507-TE0508_1-B.166-1
LOG (gmm-align-compiled[5.5.1009~1-e4940]:main():gmm-align-compiled.cc:127) TE0507-TE0508_1-B.170-1
LOG (gmm-align-compiled[5.5.1009~1-e4940]:main():gmm-align-compiled.cc:127) TE0507-TE0508_1-B.177-1
LOG (gmm-align-compiled[5.5.1009~1-e4940]:main():gmm-align-compiled.cc:127) TE0507-TE0508_1-B.180-1
LOG (gmm-align-compiled[5.5.1009~1-e4940]:main():gmm-align-compiled.cc:127) TE0507-TE0508_1-B.183-1
LOG (gmm-align-compiled[5.5.1009~1-e4940]:main():gmm-align-compiled.cc:127) TE0507-TE0508_1-B.185-1
LOG (gmm-align-compiled[5.5.1009~1-e4940]:main():gmm-align-compiled.cc:127) TE0507-TE0508_1-B.189-1
LOG (gmm-align-compiled[5.5.1009~1-e4940]:main():gmm-align-compiled.cc:127) TE0507-TE0508_2-A.004-1
LOG (gmm-align-compiled[5.5.1009~1-e4940]:main():gmm-align-compiled.cc:127) TE0507-TE0508_2-A.007-1
WARNING (gmm-align-compiled[5.5.1009~1-e4940]:AlignUtteranceWrapper():decoder-wrappers.cc:617) Retrying utterance TE0507-TE0508_2-A.007-1 with beam 40
WARNING (gmm-align-compiled[5.5.1009~1-e4940]:AlignUtteranceWrapper():decoder-wrappers.cc:626) Did not successfully decode file TE0507-TE0508_2-A.007-1, len = 173
LOG (gmm-align-compiled[5.5.1009~1-e4940]:main():gmm-align-compiled.cc:127) TE0507-TE0508_2-A.011-1
LOG (gmm-align-compiled[5.5.1009~1-e4940]:main():gmm-align-compiled.cc:127) TE0507-TE0508_2-A.017-1
LOG (gmm-align-compiled[5.5.1009~1-e4940]:main():gmm-align-compiled.cc:127) TE0507-TE0508_2-A.033-1
LOG (gmm-align-compiled[5.5.1009~1-e4940]:main():gmm-align-compiled.cc:127) TE0507-TE0508_2-A.039-1
LOG (gmm-align-compiled[5.5.1009~1-e4940]:main():gmm-align-compiled.cc:127) TE0507-TE0508_2-A.041-1
LOG (gmm-align-compiled[5.5.1009~1-e4940]:main():gmm-align-compiled.cc:127) TE0507-TE0508_2-A.046-1
LOG (gmm-align-compiled[5.5.1009~1-e4940]:main():gmm-align-compiled.cc:127) TE0507-TE0508_2-A.047-1
LOG (gmm-align-compiled[5.5.1009~1-e4940]:main():gmm-align-compiled.cc:127) TE0507-TE0508_2-A.053-1
LOG (gmm-align-compiled[5.5.1009~1-e4940]:main():gmm-align-compiled.cc:127) TE0507-TE0508_2-A.054-1
LOG (gmm-align-compiled[5.5.1009~1-e4940]:main():gmm-align-compiled.cc:127) TE0507-TE0508_2-A.056-1
LOG (gmm-align-compiled[5.5.1009~1-e4940]:main():gmm-align-compiled.cc:127) TE0507-TE0508_2-A.061-1
LOG (gmm-align-compiled[5.5.1009~1-e4940]:main():gmm-align-compiled.cc:127) TE0507-TE0508_2-A.071-1
LOG (gmm-align-compiled[5.5.1009~1-e4940]:main():gmm-align-compiled.cc:127) TE0507-TE0508_2-A.077-1
LOG (gmm-align-compiled[5.5.1009~1-e4940]:main():gmm-align-compiled.cc:127) TE0507-TE0508_2-A.081-1
LOG (gmm-align-compiled[5.5.1009~1-e4940]:main():gmm-align-compiled.cc:127) TE0507-TE0508_2-A.085-1
LOG (gmm-align-compiled[5.5.1009~1-e4940]:main():gmm-align-compiled.cc:127) TE0507-TE0508_2-A.091-1
LOG (gmm-align-compiled[5.5.1009~1-e4940]:main():gmm-align-compiled.cc:127) TE0507-TE0508_2-A.092-1
LOG (gmm-align-compiled[5.5.1009~1-e4940]:main():gmm-align-compiled.cc:127) TE0507-TE0508_2-A.104-1
LOG (gmm-align-compiled[5.5.1009~1-e4940]:main():gmm-align-compiled.cc:127) TE0507-TE0508_2-A.106-1
LOG (gmm-align-compiled[5.5.1009~1-e4940]:main():gmm-align-compiled.cc:127) TE0507-TE0508_2-A.112-1
LOG (gmm-align-compiled[5.5.1009~1-e4940]:main():gmm-align-compiled.cc:127) TE0507-TE0508_2-A.117-1
LOG (gmm-align-compiled[5.5.1009~1-e4940]:main():gmm-align-compiled.cc:127) TE0507-TE0508_2-A.126-1
LOG (gmm-align-compiled[5.5.1009~1-e4940]:main():gmm-align-compiled.cc:127) TE0507-TE0508_2-A.136-1
LOG (gmm-align-compiled[5.5.1009~1-e4940]:main():gmm-align-compiled.cc:127) TE0507-TE0508_2-A.154-1
LOG (gmm-align-compiled[5.5.1009~1-e4940]:main():gmm-align-compiled.cc:127) TE0507-TE0508_2-A.161-1
LOG (gmm-align-compiled[5.5.1009~1-e4940]:main():gmm-align-compiled.cc:127) TE0507-TE0508_2-A.176-1
LOG (gmm-align-compiled[5.5.1009~1-e4940]:main():gmm-align-compiled.cc:127) TE0507-TE0508_2-A.184-1
LOG (gmm-align-compiled[5.5.1009~1-e4940]:main():gmm-align-compiled.cc:127) TE0507-TE0508_2-A.199-1
LOG (gmm-align-compiled[5.5.1009~1-e4940]:main():gmm-align-compiled.cc:127) TE0507-TE0508_2-A.209-1
LOG (gmm-align-compiled[5.5.1009~1-e4940]:main():gmm-align-compiled.cc:127) TE0507-TE0508_2-A.210-1
LOG (gmm-align-compiled[5.5.1009~1-e4940]:main():gmm-align-compiled.cc:127) TE0507-TE0508_2-A.216-1
LOG (gmm-align-compiled[5.5.1009~1-e4940]:main():gmm-align-compiled.cc:127) TE0507-TE0508_2-A.227-1
LOG (gmm-align-compiled[5.5.1009~1-e4940]:main():gmm-align-compiled.cc:127) TE0507-TE0508_2-A.235-1
LOG (gmm-align-compiled[5.5.1009~1-e4940]:main():gmm-align-compiled.cc:127) TE0507-TE0508_2-A.239-1
WARNING (gmm-align-compiled[5.5.1009~1-e4940]:AlignUtteranceWrapper():decoder-wrappers.cc:617) Retrying utterance TE0507-TE0508_2-A.239-1 with beam 40
WARNING (gmm-align-compiled[5.5.1009~1-e4940]:AlignUtteranceWrapper():decoder-wrappers.cc:626) Did not successfully decode file TE0507-TE0508_2-A.239-1, len = 531
LOG (gmm-align-compiled[5.5.1009~1-e4940]:main():gmm-align-compiled.cc:127) TE0507-TE0508_2-A.258-1
LOG (gmm-align-compiled[5.5.1009~1-e4940]:main():gmm-align-compiled.cc:127) TE0507-TE0508_2-A.259-1
LOG (gmm-align-compiled[5.5.1009~1-e4940]:main():gmm-align-compiled.cc:127) TE0507-TE0508_2-A.279-1
WARNING (gmm-align-compiled[5.5.1009~1-e4940]:AlignUtteranceWrapper():decoder-wrappers.cc:617) Retrying utterance TE0507-TE0508_2-A.279-1 with beam 40
WARNING (gmm-align-compiled[5.5.1009~1-e4940]:AlignUtteranceWrapper():decoder-wrappers.cc:626) Did not successfully decode file TE0507-TE0508_2-A.279-1, len = 151
LOG (gmm-align-compiled[5.5.1009~1-e4940]:main():gmm-align-compiled.cc:127) TE0507-TE0508_2-A.284-1
LOG (gmm-align-compiled[5.5.1009~1-e4940]:main():gmm-align-compiled.cc:127) TE0507-TE0508_2-A.290-1
LOG (gmm-align-compiled[5.5.1009~1-e4940]:main():gmm-align-compiled.cc:127) TE0507-TE0508_2-A.292-1
LOG (gmm-align-compiled[5.5.1009~1-e4940]:main():gmm-align-compiled.cc:127) TE0507-TE0508_2-A.298-1
LOG (gmm-align-compiled[5.5.1009~1-e4940]:main():gmm-align-compiled.cc:127) TE0507-TE0508_2-A.300-1
LOG (gmm-align-compiled[5.5.1009~1-e4940]:main():gmm-align-compiled.cc:127) TE0507-TE0508_2-A.307-1
LOG (gmm-align-compiled[5.5.1009~1-e4940]:main():gmm-align-compiled.cc:127) TE0507-TE0508_2-A.310-1
LOG (gmm-align-compiled[5.5.1009~1-e4940]:main():gmm-align-compiled.cc:127) TE0507-TE0508_2-A.316-1
LOG (gmm-align-compiled[5.5.1009~1-e4940]:main():gmm-align-compiled.cc:127) TE0507-TE0508_2-A.320-1
WARNING (gmm-align-compiled[5.5.1009~1-e4940]:AlignUtteranceWrapper():decoder-wrappers.cc:617) Retrying utterance TE0507-TE0508_2-A.320-1 with beam 40
WARNING (gmm-align-compiled[5.5.1009~1-e4940]:AlignUtteranceWrapper():decoder-wrappers.cc:626) Did not successfully decode file TE0507-TE0508_2-A.320-1, len = 302
LOG (gmm-align-compiled[5.5.1009~1-e4940]:main():gmm-align-compiled.cc:127) TE0507-TE0508_2-A.322-1
LOG (gmm-align-compiled[5.5.1009~1-e4940]:main():gmm-align-compiled.cc:127) TE0507-TE0508_2-A.326-1
LOG (gmm-align-compiled[5.5.1009~1-e4940]:main():gmm-align-compiled.cc:127) TE0507-TE0508_2-A.335-1
LOG (gmm-align-compiled[5.5.1009~1-e4940]:main():gmm-align-compiled.cc:127) TE0507-TE0508_2-A.341-1
LOG (gmm-align-compiled[5.5.1009~1-e4940]:main():gmm-align-compiled.cc:127) TE0507-TE0508_2-A.356-1
LOG (gmm-align-compiled[5.5.1009~1-e4940]:main():gmm-align-compiled.cc:127) TE0507-TE0508_2-A.363-1
LOG (gmm-align-compiled[5.5.1009~1-e4940]:main():gmm-align-compiled.cc:127) TE0507-TE0508_2-A.373-1
LOG (gmm-align-compiled[5.5.1009~1-e4940]:main():gmm-align-compiled.cc:127) TE0507-TE0508_2-B.017-1
LOG (gmm-align-compiled[5.5.1009~1-e4940]:main():gmm-align-compiled.cc:127) TE0507-TE0508_2-B.023-1
LOG (gmm-align-compiled[5.5.1009~1-e4940]:main():gmm-align-compiled.cc:127) TE0507-TE0508_2-B.035-1
LOG (gmm-align-compiled[5.5.1009~1-e4940]:main():gmm-align-compiled.cc:127) TE0507-TE0508_2-B.052-1
LOG (gmm-align-compiled[5.5.1009~1-e4940]:main():gmm-align-compiled.cc:127) TE0507-TE0508_2-B.053-1
LOG (gmm-align-compiled[5.5.1009~1-e4940]:main():gmm-align-compiled.cc:127) TE0509-TE0510_1-A.188-1
LOG (gmm-align-compiled[5.5.1009~1-e4940]:main():gmm-align-compiled.cc:127) TE0509-TE0510_1-A.216-1
LOG (gmm-align-compiled[5.5.1009~1-e4940]:main():gmm-align-compiled.cc:127) TE0509-TE0510_1-A.220-1
LOG (gmm-align-compiled[5.5.1009~1-e4940]:main():gmm-align-compiled.cc:127) TE0509-TE0510_1-A.248-1
LOG (gmm-align-compiled[5.5.1009~1-e4940]:main():gmm-align-compiled.cc:127) TE0509-TE0510_1-A.262-1
LOG (gmm-align-compiled[5.5.1009~1-e4940]:main():gmm-align-compiled.cc:127) TE0509-TE0510_1-A.272-1
LOG (gmm-align-compiled[5.5.1009~1-e4940]:main():gmm-align-compiled.cc:127) TE0509-TE0510_1-A.366-1
LOG (gmm-align-compiled[5.5.1009~1-e4940]:main():gmm-align-compiled.cc:127) TE0509-TE0510_1-A.396-1
LOG (gmm-align-compiled[5.5.1009~1-e4940]:main():gmm-align-compiled.cc:127) TE0509-TE0510_1-B.129-1
LOG (gmm-align-compiled[5.5.1009~1-e4940]:main():gmm-align-compiled.cc:127) TE0509-TE0510_1-B.140-1
LOG (gmm-align-compiled[5.5.1009~1-e4940]:main():gmm-align-compiled.cc:127) TE0509-TE0510_1-B.170-1
LOG (gmm-align-compiled[5.5.1009~1-e4940]:main():gmm-align-compiled.cc:127) TE0509-TE0510_1-B.207-1
LOG (gmm-align-compiled[5.5.1009~1-e4940]:main():gmm-align-compiled.cc:127) TE0509-TE0510_2-A.033-1
LOG (gmm-align-compiled[5.5.1009~1-e4940]:main():gmm-align-compiled.cc:127) TE0509-TE0510_2-B.012-1
LOG (gmm-align-compiled[5.5.1009~1-e4940]:main():gmm-align-compiled.cc:127) TE0509-TE0510_2-B.040-1
LOG (gmm-align-compiled[5.5.1009~1-e4940]:main():gmm-align-compiled.cc:127) TE0509-TE0510_2-B.088-1
LOG (gmm-align-compiled[5.5.1009~1-e4940]:main():gmm-align-compiled.cc:127) TE0509-TE0510_2-B.095-1
LOG (gmm-align-compiled[5.5.1009~1-e4940]:main():gmm-align-compiled.cc:127) TE0509-TE0510_2-B.211-1
LOG (gmm-align-compiled[5.5.1009~1-e4940]:main():gmm-align-compiled.cc:127) TE0509-TE0510_2-B.224-1
LOG (gmm-align-compiled[5.5.1009~1-e4940]:main():gmm-align-compiled.cc:127) TE0509-TE0510_2-B.248-1
LOG (apply-cmvn[5.5.1009~1-e4940]:main():apply-cmvn.cc:162) Applied cepstral mean normalization to 427 utterances, errors on 0
LOG (gmm-align-compiled[5.5.1009~1-e4940]:main():gmm-align-compiled.cc:127) TE0509-TE0511_1-A.012-1
LOG (gmm-align-compiled[5.5.1009~1-e4940]:main():gmm-align-compiled.cc:127) TE0509-TE0511_1-A.018-1
LOG (gmm-align-compiled[5.5.1009~1-e4940]:main():gmm-align-compiled.cc:127) TE0509-TE0511_1-A.020-1
LOG (gmm-align-compiled[5.5.1009~1-e4940]:main():gmm-align-compiled.cc:127) TE0509-TE0511_1-A.068-1
LOG (gmm-align-compiled[5.5.1009~1-e4940]:main():gmm-align-compiled.cc:127) TE0509-TE0511_1-B.069-1
LOG (gmm-align-compiled[5.5.1009~1-e4940]:main():gmm-align-compiled.cc:127) TE0509-TE0511_1-B.081-1
LOG (gmm-align-compiled[5.5.1009~1-e4940]:main():gmm-align-compiled.cc:127) TE0509-TE0511_1-B.085-1
LOG (gmm-align-compiled[5.5.1009~1-e4940]:main():gmm-align-compiled.cc:127) TE0509-TE0511_1-B.095-1
LOG (gmm-align-compiled[5.5.1009~1-e4940]:main():gmm-align-compiled.cc:127) TE0509-TE0511_1-B.101-1
LOG (gmm-align-compiled[5.5.1009~1-e4940]:main():gmm-align-compiled.cc:127) TE0509-TE0511_1-B.109-1
LOG (gmm-align-compiled[5.5.1009~1-e4940]:main():gmm-align-compiled.cc:127) TE0509-TE0511_1-B.132-1
LOG (gmm-align-compiled[5.5.1009~1-e4940]:main():gmm-align-compiled.cc:127) TE0509-TE0511_1-B.133-1
LOG (gmm-align-compiled[5.5.1009~1-e4940]:main():gmm-align-compiled.cc:127) TE0509-TE0511_1-B.134-1
LOG (gmm-align-compiled[5.5.1009~1-e4940]:main():gmm-align-compiled.cc:127) TE0509-TE0511_1-B.143-1
LOG (gmm-align-compiled[5.5.1009~1-e4940]:main():gmm-align-compiled.cc:127) TE0509-TE0511_1-B.149-1
LOG (transform-feats[5.5.1009~1-e4940]:main():transform-feats.cc:158) Overall average [pseudo-]logdet is -98.9864 over 94022 frames.
LOG (transform-feats[5.5.1009~1-e4940]:main():transform-feats.cc:161) Applied transform to 427 utterances; 0 had errors.
LOG (gmm-align-compiled[5.5.1009~1-e4940]:main():gmm-align-compiled.cc:127) TE0509-TE0511_1-B.151-1
LOG (gmm-align-compiled[5.5.1009~1-e4940]:main():gmm-align-compiled.cc:127) TE0509-TE0511_1-B.155-1
LOG (gmm-align-compiled[5.5.1009~1-e4940]:main():gmm-align-compiled.cc:127) TE0509-TE0511_1-B.169-1
LOG (gmm-align-compiled[5.5.1009~1-e4940]:main():gmm-align-compiled.cc:127) TE0509-TE0511_1-B.191-1
LOG (transform-feats[5.5.1009~1-e4940]:main():transform-feats.cc:158) Overall average logdet is 1.11858 over 94022 frames.
LOG (transform-feats[5.5.1009~1-e4940]:main():transform-feats.cc:161) Applied transform to 427 utterances; 0 had errors.
LOG (gmm-align-compiled[5.5.1009~1-e4940]:main():gmm-align-compiled.cc:127) TE0509-TE0511_1-B.205-1
LOG (gmm-align-compiled[5.5.1009~1-e4940]:main():gmm-align-compiled.cc:127) TE0509-TE0511_2-A.024-1
LOG (gmm-align-compiled[5.5.1009~1-e4940]:main():gmm-align-compiled.cc:127) TE0509-TE0511_2-A.028-1
LOG (gmm-align-compiled[5.5.1009~1-e4940]:main():gmm-align-compiled.cc:127) TE0509-TE0511_2-A.034-1
LOG (gmm-align-compiled[5.5.1009~1-e4940]:main():gmm-align-compiled.cc:135) Overall log-likelihood per frame is -46.9565 over 92025 frames.
LOG (gmm-align-compiled[5.5.1009~1-e4940]:main():gmm-align-compiled.cc:137) Retried 8 out of 427 utterances.
LOG (gmm-align-compiled[5.5.1009~1-e4940]:main():gmm-align-compiled.cc:139) Done 419, errors on 8
# Accounting: time=4 threads=1
# Ended (code 0) at Tue Jun 14 11:02:24 UTC 2022, elapsed time 4 seconds
