# ivector-extractor-est --num-threads=8 telugu_exp/nnet3_cleaned_1d/extractor/6.ie telugu_exp/nnet3_cleaned_1d/extractor/acc.6 telugu_exp/nnet3_cleaned_1d/extractor/7.ie 
# Started at Tue Jun 14 22:15:26 UTC 2022
#
ivector-extractor-est --num-threads=8 telugu_exp/nnet3_cleaned_1d/extractor/6.ie telugu_exp/nnet3_cleaned_1d/extractor/acc.6 telugu_exp/nnet3_cleaned_1d/extractor/7.ie 
LOG (ivector-extractor-est[5.5.1009~1-e4940]:main():ivector-extractor-est.cc:55) Reading model
LOG (ivector-extractor-est[5.5.1009~1-e4940]:ComputeDerivedVars():ivector-extractor.cc:183) Computing derived variables for iVector extractor
LOG (ivector-extractor-est[5.5.1009~1-e4940]:ComputeDerivedVars():ivector-extractor.cc:204) Done.
LOG (ivector-extractor-est[5.5.1009~1-e4940]:main():ivector-extractor-est.cc:59) Reading statistics
LOG (ivector-extractor-est[5.5.1009~1-e4940]:Update():ivector-extractor.cc:1277) Overall auxf/frame on training data was -46.0175 per frame over 4.18906e+06 frames.
LOG (ivector-extractor-est[5.5.1009~1-e4940]:UpdateProjections():ivector-extractor.cc:1431) Overall objective function improvement for M (mean projections) was 0.00613731 per frame over 4.18906e+06 frames.
LOG (ivector-extractor-est[5.5.1009~1-e4940]:UpdateVariances():ivector-extractor.cc:1513) For Gaussian index 7, floored 1 eigenvalues of variance.
LOG (ivector-extractor-est[5.5.1009~1-e4940]:UpdateVariances():ivector-extractor.cc:1513) For Gaussian index 8, floored 4 eigenvalues of variance.
LOG (ivector-extractor-est[5.5.1009~1-e4940]:UpdateVariances():ivector-extractor.cc:1513) For Gaussian index 23, floored 1 eigenvalues of variance.
LOG (ivector-extractor-est[5.5.1009~1-e4940]:UpdateVariances():ivector-extractor.cc:1513) For Gaussian index 28, floored 1 eigenvalues of variance.
LOG (ivector-extractor-est[5.5.1009~1-e4940]:UpdateVariances():ivector-extractor.cc:1513) For Gaussian index 34, floored 1 eigenvalues of variance.
LOG (ivector-extractor-est[5.5.1009~1-e4940]:UpdateVariances():ivector-extractor.cc:1513) For Gaussian index 35, floored 1 eigenvalues of variance.
LOG (ivector-extractor-est[5.5.1009~1-e4940]:UpdateVariances():ivector-extractor.cc:1513) For Gaussian index 50, floored 1 eigenvalues of variance.
LOG (ivector-extractor-est[5.5.1009~1-e4940]:UpdateVariances():ivector-extractor.cc:1513) For Gaussian index 90, floored 1 eigenvalues of variance.
LOG (ivector-extractor-est[5.5.1009~1-e4940]:UpdateVariances():ivector-extractor.cc:1513) For Gaussian index 91, floored 4 eigenvalues of variance.
LOG (ivector-extractor-est[5.5.1009~1-e4940]:UpdateVariances():ivector-extractor.cc:1513) For Gaussian index 93, floored 1 eigenvalues of variance.
LOG (ivector-extractor-est[5.5.1009~1-e4940]:UpdateVariances():ivector-extractor.cc:1513) For Gaussian index 104, floored 1 eigenvalues of variance.
LOG (ivector-extractor-est[5.5.1009~1-e4940]:UpdateVariances():ivector-extractor.cc:1513) For Gaussian index 124, floored 1 eigenvalues of variance.
LOG (ivector-extractor-est[5.5.1009~1-e4940]:UpdateVariances():ivector-extractor.cc:1513) For Gaussian index 127, floored 2 eigenvalues of variance.
LOG (ivector-extractor-est[5.5.1009~1-e4940]:UpdateVariances():ivector-extractor.cc:1513) For Gaussian index 133, floored 1 eigenvalues of variance.
LOG (ivector-extractor-est[5.5.1009~1-e4940]:UpdateVariances():ivector-extractor.cc:1513) For Gaussian index 155, floored 1 eigenvalues of variance.
LOG (ivector-extractor-est[5.5.1009~1-e4940]:UpdateVariances():ivector-extractor.cc:1513) For Gaussian index 156, floored 1 eigenvalues of variance.
LOG (ivector-extractor-est[5.5.1009~1-e4940]:UpdateVariances():ivector-extractor.cc:1513) For Gaussian index 160, floored 3 eigenvalues of variance.
LOG (ivector-extractor-est[5.5.1009~1-e4940]:UpdateVariances():ivector-extractor.cc:1513) For Gaussian index 169, floored 3 eigenvalues of variance.
LOG (ivector-extractor-est[5.5.1009~1-e4940]:UpdateVariances():ivector-extractor.cc:1513) For Gaussian index 173, floored 2 eigenvalues of variance.
LOG (ivector-extractor-est[5.5.1009~1-e4940]:UpdateVariances():ivector-extractor.cc:1513) For Gaussian index 175, floored 1 eigenvalues of variance.
LOG (ivector-extractor-est[5.5.1009~1-e4940]:UpdateVariances():ivector-extractor.cc:1513) For Gaussian index 177, floored 1 eigenvalues of variance.
LOG (ivector-extractor-est[5.5.1009~1-e4940]:UpdateVariances():ivector-extractor.cc:1513) For Gaussian index 187, floored 1 eigenvalues of variance.
LOG (ivector-extractor-est[5.5.1009~1-e4940]:UpdateVariances():ivector-extractor.cc:1513) For Gaussian index 188, floored 1 eigenvalues of variance.
LOG (ivector-extractor-est[5.5.1009~1-e4940]:UpdateVariances():ivector-extractor.cc:1513) For Gaussian index 189, floored 1 eigenvalues of variance.
LOG (ivector-extractor-est[5.5.1009~1-e4940]:UpdateVariances():ivector-extractor.cc:1513) For Gaussian index 192, floored 1 eigenvalues of variance.
LOG (ivector-extractor-est[5.5.1009~1-e4940]:UpdateVariances():ivector-extractor.cc:1513) For Gaussian index 208, floored 10 eigenvalues of variance.
LOG (ivector-extractor-est[5.5.1009~1-e4940]:UpdateVariances():ivector-extractor.cc:1513) For Gaussian index 236, floored 1 eigenvalues of variance.
LOG (ivector-extractor-est[5.5.1009~1-e4940]:UpdateVariances():ivector-extractor.cc:1513) For Gaussian index 240, floored 1 eigenvalues of variance.
LOG (ivector-extractor-est[5.5.1009~1-e4940]:UpdateVariances():ivector-extractor.cc:1513) For Gaussian index 244, floored 1 eigenvalues of variance.
LOG (ivector-extractor-est[5.5.1009~1-e4940]:UpdateVariances():ivector-extractor.cc:1513) For Gaussian index 258, floored 1 eigenvalues of variance.
LOG (ivector-extractor-est[5.5.1009~1-e4940]:UpdateVariances():ivector-extractor.cc:1513) For Gaussian index 260, floored 1 eigenvalues of variance.
LOG (ivector-extractor-est[5.5.1009~1-e4940]:UpdateVariances():ivector-extractor.cc:1513) For Gaussian index 262, floored 4 eigenvalues of variance.
LOG (ivector-extractor-est[5.5.1009~1-e4940]:UpdateVariances():ivector-extractor.cc:1513) For Gaussian index 271, floored 1 eigenvalues of variance.
LOG (ivector-extractor-est[5.5.1009~1-e4940]:UpdateVariances():ivector-extractor.cc:1513) For Gaussian index 285, floored 10 eigenvalues of variance.
LOG (ivector-extractor-est[5.5.1009~1-e4940]:UpdateVariances():ivector-extractor.cc:1513) For Gaussian index 294, floored 1 eigenvalues of variance.
LOG (ivector-extractor-est[5.5.1009~1-e4940]:UpdateVariances():ivector-extractor.cc:1513) For Gaussian index 295, floored 2 eigenvalues of variance.
LOG (ivector-extractor-est[5.5.1009~1-e4940]:UpdateVariances():ivector-extractor.cc:1513) For Gaussian index 297, floored 5 eigenvalues of variance.
LOG (ivector-extractor-est[5.5.1009~1-e4940]:UpdateVariances():ivector-extractor.cc:1513) For Gaussian index 300, floored 4 eigenvalues of variance.
LOG (ivector-extractor-est[5.5.1009~1-e4940]:UpdateVariances():ivector-extractor.cc:1513) For Gaussian index 302, floored 2 eigenvalues of variance.
LOG (ivector-extractor-est[5.5.1009~1-e4940]:UpdateVariances():ivector-extractor.cc:1513) For Gaussian index 303, floored 2 eigenvalues of variance.
LOG (ivector-extractor-est[5.5.1009~1-e4940]:UpdateVariances():ivector-extractor.cc:1513) For Gaussian index 308, floored 10 eigenvalues of variance.
LOG (ivector-extractor-est[5.5.1009~1-e4940]:UpdateVariances():ivector-extractor.cc:1513) For Gaussian index 319, floored 5 eigenvalues of variance.
LOG (ivector-extractor-est[5.5.1009~1-e4940]:UpdateVariances():ivector-extractor.cc:1513) For Gaussian index 323, floored 1 eigenvalues of variance.
LOG (ivector-extractor-est[5.5.1009~1-e4940]:UpdateVariances():ivector-extractor.cc:1513) For Gaussian index 328, floored 1 eigenvalues of variance.
LOG (ivector-extractor-est[5.5.1009~1-e4940]:UpdateVariances():ivector-extractor.cc:1513) For Gaussian index 330, floored 1 eigenvalues of variance.
LOG (ivector-extractor-est[5.5.1009~1-e4940]:UpdateVariances():ivector-extractor.cc:1513) For Gaussian index 332, floored 1 eigenvalues of variance.
LOG (ivector-extractor-est[5.5.1009~1-e4940]:UpdateVariances():ivector-extractor.cc:1513) For Gaussian index 334, floored 1 eigenvalues of variance.
LOG (ivector-extractor-est[5.5.1009~1-e4940]:UpdateVariances():ivector-extractor.cc:1513) For Gaussian index 336, floored 4 eigenvalues of variance.
LOG (ivector-extractor-est[5.5.1009~1-e4940]:UpdateVariances():ivector-extractor.cc:1513) For Gaussian index 337, floored 9 eigenvalues of variance.
LOG (ivector-extractor-est[5.5.1009~1-e4940]:UpdateVariances():ivector-extractor.cc:1513) For Gaussian index 343, floored 3 eigenvalues of variance.
LOG (ivector-extractor-est[5.5.1009~1-e4940]:UpdateVariances():ivector-extractor.cc:1513) For Gaussian index 349, floored 3 eigenvalues of variance.
LOG (ivector-extractor-est[5.5.1009~1-e4940]:UpdateVariances():ivector-extractor.cc:1513) For Gaussian index 352, floored 1 eigenvalues of variance.
LOG (ivector-extractor-est[5.5.1009~1-e4940]:UpdateVariances():ivector-extractor.cc:1513) For Gaussian index 364, floored 2 eigenvalues of variance.
LOG (ivector-extractor-est[5.5.1009~1-e4940]:UpdateVariances():ivector-extractor.cc:1513) For Gaussian index 366, floored 1 eigenvalues of variance.
LOG (ivector-extractor-est[5.5.1009~1-e4940]:UpdateVariances():ivector-extractor.cc:1513) For Gaussian index 369, floored 2 eigenvalues of variance.
LOG (ivector-extractor-est[5.5.1009~1-e4940]:UpdateVariances():ivector-extractor.cc:1513) For Gaussian index 372, floored 1 eigenvalues of variance.
LOG (ivector-extractor-est[5.5.1009~1-e4940]:UpdateVariances():ivector-extractor.cc:1513) For Gaussian index 374, floored 4 eigenvalues of variance.
LOG (ivector-extractor-est[5.5.1009~1-e4940]:UpdateVariances():ivector-extractor.cc:1513) For Gaussian index 375, floored 1 eigenvalues of variance.
LOG (ivector-extractor-est[5.5.1009~1-e4940]:UpdateVariances():ivector-extractor.cc:1513) For Gaussian index 380, floored 1 eigenvalues of variance.
LOG (ivector-extractor-est[5.5.1009~1-e4940]:UpdateVariances():ivector-extractor.cc:1513) For Gaussian index 383, floored 1 eigenvalues of variance.
LOG (ivector-extractor-est[5.5.1009~1-e4940]:UpdateVariances():ivector-extractor.cc:1513) For Gaussian index 390, floored 3 eigenvalues of variance.
LOG (ivector-extractor-est[5.5.1009~1-e4940]:UpdateVariances():ivector-extractor.cc:1513) For Gaussian index 391, floored 7 eigenvalues of variance.
LOG (ivector-extractor-est[5.5.1009~1-e4940]:UpdateVariances():ivector-extractor.cc:1513) For Gaussian index 393, floored 1 eigenvalues of variance.
LOG (ivector-extractor-est[5.5.1009~1-e4940]:UpdateVariances():ivector-extractor.cc:1513) For Gaussian index 396, floored 1 eigenvalues of variance.
LOG (ivector-extractor-est[5.5.1009~1-e4940]:UpdateVariances():ivector-extractor.cc:1513) For Gaussian index 414, floored 1 eigenvalues of variance.
LOG (ivector-extractor-est[5.5.1009~1-e4940]:UpdateVariances():ivector-extractor.cc:1513) For Gaussian index 418, floored 7 eigenvalues of variance.
LOG (ivector-extractor-est[5.5.1009~1-e4940]:UpdateVariances():ivector-extractor.cc:1513) For Gaussian index 430, floored 1 eigenvalues of variance.
LOG (ivector-extractor-est[5.5.1009~1-e4940]:UpdateVariances():ivector-extractor.cc:1513) For Gaussian index 432, floored 1 eigenvalues of variance.
LOG (ivector-extractor-est[5.5.1009~1-e4940]:UpdateVariances():ivector-extractor.cc:1513) For Gaussian index 436, floored 1 eigenvalues of variance.
LOG (ivector-extractor-est[5.5.1009~1-e4940]:UpdateVariances():ivector-extractor.cc:1513) For Gaussian index 439, floored 1 eigenvalues of variance.
LOG (ivector-extractor-est[5.5.1009~1-e4940]:UpdateVariances():ivector-extractor.cc:1513) For Gaussian index 446, floored 1 eigenvalues of variance.
LOG (ivector-extractor-est[5.5.1009~1-e4940]:UpdateVariances():ivector-extractor.cc:1513) For Gaussian index 452, floored 2 eigenvalues of variance.
LOG (ivector-extractor-est[5.5.1009~1-e4940]:UpdateVariances():ivector-extractor.cc:1513) For Gaussian index 455, floored 1 eigenvalues of variance.
LOG (ivector-extractor-est[5.5.1009~1-e4940]:UpdateVariances():ivector-extractor.cc:1513) For Gaussian index 457, floored 10 eigenvalues of variance.
LOG (ivector-extractor-est[5.5.1009~1-e4940]:UpdateVariances():ivector-extractor.cc:1513) For Gaussian index 473, floored 1 eigenvalues of variance.
LOG (ivector-extractor-est[5.5.1009~1-e4940]:UpdateVariances():ivector-extractor.cc:1513) For Gaussian index 489, floored 1 eigenvalues of variance.
LOG (ivector-extractor-est[5.5.1009~1-e4940]:UpdateVariances():ivector-extractor.cc:1513) For Gaussian index 493, floored 1 eigenvalues of variance.
LOG (ivector-extractor-est[5.5.1009~1-e4940]:UpdateVariances():ivector-extractor.cc:1513) For Gaussian index 498, floored 4 eigenvalues of variance.
LOG (ivector-extractor-est[5.5.1009~1-e4940]:UpdateVariances():ivector-extractor.cc:1513) For Gaussian index 502, floored 1 eigenvalues of variance.
LOG (ivector-extractor-est[5.5.1009~1-e4940]:UpdateVariances():ivector-extractor.cc:1513) For Gaussian index 505, floored 1 eigenvalues of variance.
LOG (ivector-extractor-est[5.5.1009~1-e4940]:UpdateVariances():ivector-extractor.cc:1532) Floored 0.893555% of all Gaussian eigenvalues
LOG (ivector-extractor-est[5.5.1009~1-e4940]:UpdateVariances():ivector-extractor.cc:1534) Overall objf impr/frame for variances was 0.000322869 over 4.18906e+06 frames.
LOG (ivector-extractor-est[5.5.1009~1-e4940]:UpdatePrior():ivector-extractor.cc:1667) Eigenvalues of iVector covariance range from 0.952502 to 1.07553
LOG (ivector-extractor-est[5.5.1009~1-e4940]:ComputeDerivedVars():ivector-extractor.cc:183) Computing derived variables for iVector extractor
LOG (ivector-extractor-est[5.5.1009~1-e4940]:ComputeDerivedVars():ivector-extractor.cc:204) Done.
LOG (ivector-extractor-est[5.5.1009~1-e4940]:GetOrthogonalIvectorTransform():ivector-extractor.cc:1391) Eigenvalues of Vavg:  [ 2.10206 0.987475 0.913096 0.797051 0.632012 0.602335 0.489817 0.449722 0.320666 0.284004 0.253276 0.240921 0.203153 0.183381 0.174091 0.1633 0.130126 0.127272 0.108802 0.105214 0.0991761 0.0894213 0.0793313 0.0736362 0.0699382 0.0676874 0.0651455 0.0586521 0.0574239 0.0564589 0.0550095 0.0505464 0.0485089 0.0466264 0.0439399 0.0431385 0.0412495 0.039109 0.0373383 0.035453 0.0340397 0.0337924 0.032921 0.0316016 0.0307224 0.0296233 0.0277452 0.0256042 0.0254459 0.0244326 0.0239228 0.0228739 0.0217274 0.0212145 0.0204825 0.0196391 0.0191786 0.0190829 0.0179216 0.0176391 0.0171531 0.0163328 0.0157069 0.0150523 0.0140949 0.0135701 0.012948 0.0127397 0.0120067 0.0117038 0.0115136 0.0111888 0.0108531 0.0103513 0.00968047 0.0090503 0.00882306 0.00855099 0.00828645 0.00812265 0.00786396 0.00749099 0.00711649 0.00667522 0.0065485 0.00633092 0.00610995 0.00586599 0.00539418 0.00533906 0.00483229 0.00475229 0.00456784 0.00419127 0.00390022 0.00376383 0.00341634 0.00325553 0.00276244 ]

LOG (ivector-extractor-est[5.5.1009~1-e4940]:PriorDiagnostics():ivector-extractor.cc:1644) Overall auxf improvement from prior is 0.000448794 per frame, or 0.0143188 per iVector.
LOG (ivector-extractor-est[5.5.1009~1-e4940]:TransformIvectors():ivector-extractor.cc:533) Setting iVector prior offset to 91.2329
LOG (ivector-extractor-est[5.5.1009~1-e4940]:Update():ivector-extractor.cc:1292) Overall objective-function improvement per frame was 0.00690898
LOG (ivector-extractor-est[5.5.1009~1-e4940]:ComputeDerivedVars():ivector-extractor.cc:183) Computing derived variables for iVector extractor
LOG (ivector-extractor-est[5.5.1009~1-e4940]:ComputeDerivedVars():ivector-extractor.cc:204) Done.
LOG (ivector-extractor-est[5.5.1009~1-e4940]:IvectorVarianceDiagnostic():ivector-extractor.cc:1315) The proportion of within-Gaussian variance explained by the iVectors is 0.164078.
LOG (ivector-extractor-est[5.5.1009~1-e4940]:main():ivector-extractor-est.cc:67) Updated model and wrote it to telugu_exp/nnet3_cleaned_1d/extractor/7.ie
# Accounting: time=1 threads=1
# Ended (code 0) at Tue Jun 14 22:15:27 UTC 2022, elapsed time 1 seconds
