# ivector-extractor-est --num-threads=8 telugu_exp/nnet3_cleaned_1d/extractor/0.ie telugu_exp/nnet3_cleaned_1d/extractor/acc.0 telugu_exp/nnet3_cleaned_1d/extractor/1.ie 
# Started at Tue Jun 14 21:31:42 UTC 2022
#
ivector-extractor-est --num-threads=8 telugu_exp/nnet3_cleaned_1d/extractor/0.ie telugu_exp/nnet3_cleaned_1d/extractor/acc.0 telugu_exp/nnet3_cleaned_1d/extractor/1.ie 
LOG (ivector-extractor-est[5.5.1009~1-e4940]:main():ivector-extractor-est.cc:55) Reading model
LOG (ivector-extractor-est[5.5.1009~1-e4940]:ComputeDerivedVars():ivector-extractor.cc:183) Computing derived variables for iVector extractor
LOG (ivector-extractor-est[5.5.1009~1-e4940]:ComputeDerivedVars():ivector-extractor.cc:204) Done.
LOG (ivector-extractor-est[5.5.1009~1-e4940]:main():ivector-extractor-est.cc:59) Reading statistics
LOG (ivector-extractor-est[5.5.1009~1-e4940]:Update():ivector-extractor.cc:1277) Overall auxf/frame on training data was -62.5778 per frame over 4.18906e+06 frames.
LOG (ivector-extractor-est[5.5.1009~1-e4940]:UpdateProjections():ivector-extractor.cc:1431) Overall objective function improvement for M (mean projections) was 1.52074 per frame over 4.18906e+06 frames.
LOG (ivector-extractor-est[5.5.1009~1-e4940]:UpdateVariances():ivector-extractor.cc:1513) For Gaussian index 8, floored 5 eigenvalues of variance.
LOG (ivector-extractor-est[5.5.1009~1-e4940]:UpdateVariances():ivector-extractor.cc:1513) For Gaussian index 28, floored 1 eigenvalues of variance.
LOG (ivector-extractor-est[5.5.1009~1-e4940]:UpdateVariances():ivector-extractor.cc:1513) For Gaussian index 50, floored 1 eigenvalues of variance.
LOG (ivector-extractor-est[5.5.1009~1-e4940]:UpdateVariances():ivector-extractor.cc:1513) For Gaussian index 91, floored 4 eigenvalues of variance.
LOG (ivector-extractor-est[5.5.1009~1-e4940]:UpdateVariances():ivector-extractor.cc:1513) For Gaussian index 104, floored 1 eigenvalues of variance.
LOG (ivector-extractor-est[5.5.1009~1-e4940]:UpdateVariances():ivector-extractor.cc:1513) For Gaussian index 124, floored 1 eigenvalues of variance.
LOG (ivector-extractor-est[5.5.1009~1-e4940]:UpdateVariances():ivector-extractor.cc:1513) For Gaussian index 127, floored 2 eigenvalues of variance.
LOG (ivector-extractor-est[5.5.1009~1-e4940]:UpdateVariances():ivector-extractor.cc:1513) For Gaussian index 138, floored 1 eigenvalues of variance.
LOG (ivector-extractor-est[5.5.1009~1-e4940]:UpdateVariances():ivector-extractor.cc:1513) For Gaussian index 155, floored 2 eigenvalues of variance.
LOG (ivector-extractor-est[5.5.1009~1-e4940]:UpdateVariances():ivector-extractor.cc:1513) For Gaussian index 160, floored 5 eigenvalues of variance.
LOG (ivector-extractor-est[5.5.1009~1-e4940]:UpdateVariances():ivector-extractor.cc:1513) For Gaussian index 169, floored 7 eigenvalues of variance.
LOG (ivector-extractor-est[5.5.1009~1-e4940]:UpdateVariances():ivector-extractor.cc:1513) For Gaussian index 173, floored 1 eigenvalues of variance.
LOG (ivector-extractor-est[5.5.1009~1-e4940]:UpdateVariances():ivector-extractor.cc:1513) For Gaussian index 208, floored 10 eigenvalues of variance.
LOG (ivector-extractor-est[5.5.1009~1-e4940]:UpdateVariances():ivector-extractor.cc:1513) For Gaussian index 226, floored 1 eigenvalues of variance.
LOG (ivector-extractor-est[5.5.1009~1-e4940]:UpdateVariances():ivector-extractor.cc:1513) For Gaussian index 236, floored 1 eigenvalues of variance.
LOG (ivector-extractor-est[5.5.1009~1-e4940]:UpdateVariances():ivector-extractor.cc:1513) For Gaussian index 240, floored 1 eigenvalues of variance.
LOG (ivector-extractor-est[5.5.1009~1-e4940]:UpdateVariances():ivector-extractor.cc:1513) For Gaussian index 258, floored 1 eigenvalues of variance.
LOG (ivector-extractor-est[5.5.1009~1-e4940]:UpdateVariances():ivector-extractor.cc:1513) For Gaussian index 262, floored 6 eigenvalues of variance.
LOG (ivector-extractor-est[5.5.1009~1-e4940]:UpdateVariances():ivector-extractor.cc:1513) For Gaussian index 271, floored 2 eigenvalues of variance.
LOG (ivector-extractor-est[5.5.1009~1-e4940]:UpdateVariances():ivector-extractor.cc:1513) For Gaussian index 283, floored 1 eigenvalues of variance.
LOG (ivector-extractor-est[5.5.1009~1-e4940]:UpdateVariances():ivector-extractor.cc:1513) For Gaussian index 285, floored 7 eigenvalues of variance.
LOG (ivector-extractor-est[5.5.1009~1-e4940]:UpdateVariances():ivector-extractor.cc:1513) For Gaussian index 294, floored 2 eigenvalues of variance.
LOG (ivector-extractor-est[5.5.1009~1-e4940]:UpdateVariances():ivector-extractor.cc:1513) For Gaussian index 295, floored 2 eigenvalues of variance.
LOG (ivector-extractor-est[5.5.1009~1-e4940]:UpdateVariances():ivector-extractor.cc:1513) For Gaussian index 297, floored 7 eigenvalues of variance.
LOG (ivector-extractor-est[5.5.1009~1-e4940]:UpdateVariances():ivector-extractor.cc:1513) For Gaussian index 300, floored 4 eigenvalues of variance.
LOG (ivector-extractor-est[5.5.1009~1-e4940]:UpdateVariances():ivector-extractor.cc:1513) For Gaussian index 302, floored 1 eigenvalues of variance.
LOG (ivector-extractor-est[5.5.1009~1-e4940]:UpdateVariances():ivector-extractor.cc:1513) For Gaussian index 303, floored 2 eigenvalues of variance.
LOG (ivector-extractor-est[5.5.1009~1-e4940]:UpdateVariances():ivector-extractor.cc:1513) For Gaussian index 308, floored 10 eigenvalues of variance.
LOG (ivector-extractor-est[5.5.1009~1-e4940]:UpdateVariances():ivector-extractor.cc:1513) For Gaussian index 319, floored 2 eigenvalues of variance.
LOG (ivector-extractor-est[5.5.1009~1-e4940]:UpdateVariances():ivector-extractor.cc:1513) For Gaussian index 323, floored 1 eigenvalues of variance.
LOG (ivector-extractor-est[5.5.1009~1-e4940]:UpdateVariances():ivector-extractor.cc:1513) For Gaussian index 328, floored 1 eigenvalues of variance.
LOG (ivector-extractor-est[5.5.1009~1-e4940]:UpdateVariances():ivector-extractor.cc:1513) For Gaussian index 332, floored 2 eigenvalues of variance.
LOG (ivector-extractor-est[5.5.1009~1-e4940]:UpdateVariances():ivector-extractor.cc:1513) For Gaussian index 336, floored 5 eigenvalues of variance.
LOG (ivector-extractor-est[5.5.1009~1-e4940]:UpdateVariances():ivector-extractor.cc:1513) For Gaussian index 337, floored 10 eigenvalues of variance.
LOG (ivector-extractor-est[5.5.1009~1-e4940]:UpdateVariances():ivector-extractor.cc:1513) For Gaussian index 343, floored 2 eigenvalues of variance.
LOG (ivector-extractor-est[5.5.1009~1-e4940]:UpdateVariances():ivector-extractor.cc:1513) For Gaussian index 349, floored 4 eigenvalues of variance.
LOG (ivector-extractor-est[5.5.1009~1-e4940]:UpdateVariances():ivector-extractor.cc:1513) For Gaussian index 352, floored 1 eigenvalues of variance.
LOG (ivector-extractor-est[5.5.1009~1-e4940]:UpdateVariances():ivector-extractor.cc:1513) For Gaussian index 362, floored 1 eigenvalues of variance.
LOG (ivector-extractor-est[5.5.1009~1-e4940]:UpdateVariances():ivector-extractor.cc:1513) For Gaussian index 364, floored 2 eigenvalues of variance.
LOG (ivector-extractor-est[5.5.1009~1-e4940]:UpdateVariances():ivector-extractor.cc:1513) For Gaussian index 366, floored 1 eigenvalues of variance.
LOG (ivector-extractor-est[5.5.1009~1-e4940]:UpdateVariances():ivector-extractor.cc:1513) For Gaussian index 369, floored 1 eigenvalues of variance.
LOG (ivector-extractor-est[5.5.1009~1-e4940]:UpdateVariances():ivector-extractor.cc:1513) For Gaussian index 374, floored 4 eigenvalues of variance.
LOG (ivector-extractor-est[5.5.1009~1-e4940]:UpdateVariances():ivector-extractor.cc:1513) For Gaussian index 375, floored 2 eigenvalues of variance.
LOG (ivector-extractor-est[5.5.1009~1-e4940]:UpdateVariances():ivector-extractor.cc:1513) For Gaussian index 380, floored 1 eigenvalues of variance.
LOG (ivector-extractor-est[5.5.1009~1-e4940]:UpdateVariances():ivector-extractor.cc:1513) For Gaussian index 383, floored 2 eigenvalues of variance.
LOG (ivector-extractor-est[5.5.1009~1-e4940]:UpdateVariances():ivector-extractor.cc:1513) For Gaussian index 387, floored 1 eigenvalues of variance.
LOG (ivector-extractor-est[5.5.1009~1-e4940]:UpdateVariances():ivector-extractor.cc:1513) For Gaussian index 390, floored 6 eigenvalues of variance.
LOG (ivector-extractor-est[5.5.1009~1-e4940]:UpdateVariances():ivector-extractor.cc:1513) For Gaussian index 391, floored 5 eigenvalues of variance.
LOG (ivector-extractor-est[5.5.1009~1-e4940]:UpdateVariances():ivector-extractor.cc:1513) For Gaussian index 393, floored 1 eigenvalues of variance.
LOG (ivector-extractor-est[5.5.1009~1-e4940]:UpdateVariances():ivector-extractor.cc:1513) For Gaussian index 414, floored 2 eigenvalues of variance.
LOG (ivector-extractor-est[5.5.1009~1-e4940]:UpdateVariances():ivector-extractor.cc:1513) For Gaussian index 418, floored 4 eigenvalues of variance.
LOG (ivector-extractor-est[5.5.1009~1-e4940]:UpdateVariances():ivector-extractor.cc:1513) For Gaussian index 430, floored 1 eigenvalues of variance.
LOG (ivector-extractor-est[5.5.1009~1-e4940]:UpdateVariances():ivector-extractor.cc:1513) For Gaussian index 432, floored 2 eigenvalues of variance.
LOG (ivector-extractor-est[5.5.1009~1-e4940]:UpdateVariances():ivector-extractor.cc:1513) For Gaussian index 436, floored 1 eigenvalues of variance.
LOG (ivector-extractor-est[5.5.1009~1-e4940]:UpdateVariances():ivector-extractor.cc:1513) For Gaussian index 439, floored 1 eigenvalues of variance.
LOG (ivector-extractor-est[5.5.1009~1-e4940]:UpdateVariances():ivector-extractor.cc:1513) For Gaussian index 447, floored 1 eigenvalues of variance.
LOG (ivector-extractor-est[5.5.1009~1-e4940]:UpdateVariances():ivector-extractor.cc:1513) For Gaussian index 452, floored 2 eigenvalues of variance.
LOG (ivector-extractor-est[5.5.1009~1-e4940]:UpdateVariances():ivector-extractor.cc:1513) For Gaussian index 455, floored 2 eigenvalues of variance.
LOG (ivector-extractor-est[5.5.1009~1-e4940]:UpdateVariances():ivector-extractor.cc:1513) For Gaussian index 457, floored 8 eigenvalues of variance.
LOG (ivector-extractor-est[5.5.1009~1-e4940]:UpdateVariances():ivector-extractor.cc:1513) For Gaussian index 469, floored 2 eigenvalues of variance.
LOG (ivector-extractor-est[5.5.1009~1-e4940]:UpdateVariances():ivector-extractor.cc:1513) For Gaussian index 489, floored 3 eigenvalues of variance.
LOG (ivector-extractor-est[5.5.1009~1-e4940]:UpdateVariances():ivector-extractor.cc:1513) For Gaussian index 493, floored 1 eigenvalues of variance.
LOG (ivector-extractor-est[5.5.1009~1-e4940]:UpdateVariances():ivector-extractor.cc:1513) For Gaussian index 498, floored 4 eigenvalues of variance.
LOG (ivector-extractor-est[5.5.1009~1-e4940]:UpdateVariances():ivector-extractor.cc:1513) For Gaussian index 499, floored 1 eigenvalues of variance.
LOG (ivector-extractor-est[5.5.1009~1-e4940]:UpdateVariances():ivector-extractor.cc:1513) For Gaussian index 501, floored 1 eigenvalues of variance.
LOG (ivector-extractor-est[5.5.1009~1-e4940]:UpdateVariances():ivector-extractor.cc:1513) For Gaussian index 502, floored 1 eigenvalues of variance.
LOG (ivector-extractor-est[5.5.1009~1-e4940]:UpdateVariances():ivector-extractor.cc:1532) Floored 0.883789% of all Gaussian eigenvalues
LOG (ivector-extractor-est[5.5.1009~1-e4940]:UpdateVariances():ivector-extractor.cc:1534) Overall objf impr/frame for variances was 2.79647 over 4.18906e+06 frames.
LOG (ivector-extractor-est[5.5.1009~1-e4940]:UpdatePrior():ivector-extractor.cc:1667) Eigenvalues of iVector covariance range from 0.000759216 to 1.19063
LOG (ivector-extractor-est[5.5.1009~1-e4940]:ComputeDerivedVars():ivector-extractor.cc:183) Computing derived variables for iVector extractor
LOG (ivector-extractor-est[5.5.1009~1-e4940]:ComputeDerivedVars():ivector-extractor.cc:204) Done.
LOG (ivector-extractor-est[5.5.1009~1-e4940]:GetOrthogonalIvectorTransform():ivector-extractor.cc:1391) Eigenvalues of Vavg:  [ 0.0596658 0.0509965 0.0424254 0.0417024 0.0340364 0.03277 0.0310621 0.0292328 0.0257935 0.0243736 0.0225549 0.0211877 0.0201107 0.0199129 0.0191758 0.0185715 0.0174136 0.017219 0.0168787 0.0162678 0.0159126 0.0152708 0.0150023 0.0148567 0.0145299 0.0141368 0.0138869 0.0133708 0.0131786 0.0129026 0.0125657 0.0123728 0.0121677 0.0120951 0.0118755 0.0114986 0.0114176 0.0111724 0.0109658 0.0108476 0.0107338 0.0105056 0.0103806 0.0101853 0.0100552 0.0098964 0.00981755 0.00949156 0.00941944 0.00929266 0.00918681 0.00908661 0.00902527 0.00896153 0.00881468 0.00860625 0.00853875 0.00852682 0.00838129 0.0083453 0.00807467 0.00799907 0.00790257 0.00780353 0.00777565 0.00776477 0.00755325 0.00747272 0.00738295 0.00725239 0.00719647 0.00712108 0.00709244 0.00695492 0.0068364 0.00675135 0.00666983 0.00664534 0.00657826 0.00652808 0.00649349 0.00641365 0.00640964 0.00632372 0.00612452 0.00607898 0.00603167 0.00600578 0.0059613 0.00585082 0.00580732 0.00573672 0.00567815 0.00561261 0.00554393 0.00543454 0.00539427 0.00528585 0.00513748 ]

LOG (ivector-extractor-est[5.5.1009~1-e4940]:PriorDiagnostics():ivector-extractor.cc:1644) Overall auxf improvement from prior is 9.31179 per frame, or 297.093 per iVector.
LOG (ivector-extractor-est[5.5.1009~1-e4940]:TransformIvectors():ivector-extractor.cc:533) Setting iVector prior offset to 91.7869
LOG (ivector-extractor-est[5.5.1009~1-e4940]:Update():ivector-extractor.cc:1292) Overall objective-function improvement per frame was 13.629
LOG (ivector-extractor-est[5.5.1009~1-e4940]:ComputeDerivedVars():ivector-extractor.cc:183) Computing derived variables for iVector extractor
LOG (ivector-extractor-est[5.5.1009~1-e4940]:ComputeDerivedVars():ivector-extractor.cc:204) Done.
LOG (ivector-extractor-est[5.5.1009~1-e4940]:IvectorVarianceDiagnostic():ivector-extractor.cc:1315) The proportion of within-Gaussian variance explained by the iVectors is 0.0344777.
LOG (ivector-extractor-est[5.5.1009~1-e4940]:main():ivector-extractor-est.cc:67) Updated model and wrote it to telugu_exp/nnet3_cleaned_1d/extractor/1.ie
# Accounting: time=1 threads=1
# Ended (code 0) at Tue Jun 14 21:31:43 UTC 2022, elapsed time 1 seconds
