# nnet3-chain-train --use-gpu=wait --apply-deriv-weights=False --l2-regularize=0.0 --leaky-hmm-coefficient=0.1 --read-cache=telugu_exp/chain_cleaned_1d/tdnn1d_sp/cache.7 --xent-regularize=0.1 --print-interval=10 --momentum=0.0 --max-param-change=2.0 --backstitch-training-scale=0.0 --backstitch-training-interval=1 --l2-regularize-factor=0.16666666666666666 --optimization.memory-compression-level=2 --srand=7 "nnet3-am-copy --raw=true --learning-rate=0.000979278171169177 --scale=1.0 telugu_exp/chain_cleaned_1d/tdnn1d_sp/7.mdl - |nnet3-copy --edits='set-dropout-proportion name=* proportion=0.0' - - |" telugu_exp/chain_cleaned_1d/tdnn1d_sp/den.fst "ark,bg:nnet3-chain-copy-egs                          --frame-shift=2                         ark:telugu_exp/chain_cleaned_1d/tdnn1d_sp/egs/cegs.8.ark ark:- |                         nnet3-chain-shuffle-egs --buffer-size=5000                         --srand=7 ark:- ark:- | nnet3-chain-merge-egs                         --minibatch-size=64 ark:- ark:- |" telugu_exp/chain_cleaned_1d/tdnn1d_sp/8.5.raw 
# Started at Wed Jun 15 04:45:00 UTC 2022
#
nnet3-chain-train --use-gpu=wait --apply-deriv-weights=False --l2-regularize=0.0 --leaky-hmm-coefficient=0.1 --read-cache=telugu_exp/chain_cleaned_1d/tdnn1d_sp/cache.7 --xent-regularize=0.1 --print-interval=10 --momentum=0.0 --max-param-change=2.0 --backstitch-training-scale=0.0 --backstitch-training-interval=1 --l2-regularize-factor=0.16666666666666666 --optimization.memory-compression-level=2 --srand=7 "nnet3-am-copy --raw=true --learning-rate=0.000979278171169177 --scale=1.0 telugu_exp/chain_cleaned_1d/tdnn1d_sp/7.mdl - |nnet3-copy --edits='set-dropout-proportion name=* proportion=0.0' - - |" telugu_exp/chain_cleaned_1d/tdnn1d_sp/den.fst 'ark,bg:nnet3-chain-copy-egs                          --frame-shift=2                         ark:telugu_exp/chain_cleaned_1d/tdnn1d_sp/egs/cegs.8.ark ark:- |                         nnet3-chain-shuffle-egs --buffer-size=5000                         --srand=7 ark:- ark:- | nnet3-chain-merge-egs                         --minibatch-size=64 ark:- ark:- |' telugu_exp/chain_cleaned_1d/tdnn1d_sp/8.5.raw 
WARNING (nnet3-chain-train[5.5.1009~1-e4940]:SelectGpuId():cu-device.cc:221) Will try again indefinitely every 5 seconds to get a GPU.
WARNING (nnet3-chain-train[5.5.1009~1-e4940]:SelectGpuId():cu-device.cc:229) Waited 1690 seconds before creating CUDA context
LOG (nnet3-chain-train[5.5.1009~1-e4940]:SelectGpuId():cu-device.cc:238) CUDA setup operating under Compute Exclusive Mode.
LOG (nnet3-chain-train[5.5.1009~1-e4940]:FinalizeActiveGpu():cu-device.cc:338) The active GPU is [0]: Tesla K80	free:11313M, used:127M, total:11441M, free/total:0.988856 version 3.7
nnet3-copy '--edits=set-dropout-proportion name=* proportion=0.0' - - 
nnet3-am-copy --raw=true --learning-rate=0.000979278171169177 --scale=1.0 telugu_exp/chain_cleaned_1d/tdnn1d_sp/7.mdl - 
LOG (nnet3-am-copy[5.5.1009~1-e4940]:main():nnet3-am-copy.cc:153) Copied neural net from telugu_exp/chain_cleaned_1d/tdnn1d_sp/7.mdl to raw format as -
LOG (nnet3-copy[5.5.1009~1-e4940]:ReadEditConfig():nnet-utils.cc:1413) Set dropout proportions for 13 components.
LOG (nnet3-copy[5.5.1009~1-e4940]:main():nnet3-copy.cc:123) Copied raw neural net from - to -
LOG (nnet3-chain-train[5.5.1009~1-e4940]:NnetChainTrainer():nnet-chain-training.cc:51) Read computation cache from telugu_exp/chain_cleaned_1d/tdnn1d_sp/cache.7
nnet3-chain-copy-egs --frame-shift=2 ark:telugu_exp/chain_cleaned_1d/tdnn1d_sp/egs/cegs.8.ark ark:- 
nnet3-chain-merge-egs --minibatch-size=64 ark:- ark:- 
nnet3-chain-shuffle-egs --buffer-size=5000 --srand=7 ark:- ark:- 
LOG (nnet3-chain-train[5.5.1009~1-e4940]:ComputeChainObjfAndDerivE2e():chain-training.cc:162) Numerator objf: 1.6721
LOG (nnet3-chain-train[5.5.1009~1-e4940]:ComputeChainObjfAndDerivE2e():chain-training.cc:162) Numerator objf: 1.68446
LOG (nnet3-chain-train[5.5.1009~1-e4940]:ComputeChainObjfAndDerivE2e():chain-training.cc:162) Numerator objf: 1.78319
LOG (nnet3-chain-train[5.5.1009~1-e4940]:ComputeChainObjfAndDerivE2e():chain-training.cc:162) Numerator objf: 1.69769
LOG (nnet3-chain-train[5.5.1009~1-e4940]:ComputeChainObjfAndDerivE2e():chain-training.cc:162) Numerator objf: 1.7316
LOG (nnet3-chain-train[5.5.1009~1-e4940]:ComputeChainObjfAndDerivE2e():chain-training.cc:162) Numerator objf: 1.6873
LOG (nnet3-chain-train[5.5.1009~1-e4940]:ComputeChainObjfAndDerivE2e():chain-training.cc:162) Numerator objf: 1.78921
LOG (nnet3-chain-train[5.5.1009~1-e4940]:ComputeChainObjfAndDerivE2e():chain-training.cc:162) Numerator objf: 1.65401
LOG (nnet3-chain-train[5.5.1009~1-e4940]:ComputeChainObjfAndDerivE2e():chain-training.cc:162) Numerator objf: 1.62312
LOG (nnet3-chain-train[5.5.1009~1-e4940]:ComputeChainObjfAndDerivE2e():chain-training.cc:162) Numerator objf: 1.65942
LOG (nnet3-chain-train[5.5.1009~1-e4940]:ComputeChainObjfAndDerivE2e():chain-training.cc:162) Numerator objf: 1.66319
LOG (nnet3-chain-train[5.5.1009~1-e4940]:PrintStatsForThisPhase():nnet-training.cc:278) Average objective function for 'output-xent' for minibatches 0-9 is -1.35801 over 29120 frames.
LOG (nnet3-chain-train[5.5.1009~1-e4940]:PrintStatsForThisPhase():nnet-training.cc:278) Average objective function for 'output' for minibatches 0-9 is -0.0674305 over 29120 frames.
LOG (nnet3-chain-train[5.5.1009~1-e4940]:ComputeChainObjfAndDerivE2e():chain-training.cc:162) Numerator objf: 1.73789
LOG (nnet3-chain-train[5.5.1009~1-e4940]:ComputeChainObjfAndDerivE2e():chain-training.cc:162) Numerator objf: 1.64666
LOG (nnet3-chain-train[5.5.1009~1-e4940]:ComputeChainObjfAndDerivE2e():chain-training.cc:162) Numerator objf: 1.64008
LOG (nnet3-chain-train[5.5.1009~1-e4940]:ComputeChainObjfAndDerivE2e():chain-training.cc:162) Numerator objf: 1.73725
LOG (nnet3-chain-train[5.5.1009~1-e4940]:ComputeChainObjfAndDerivE2e():chain-training.cc:162) Numerator objf: 1.71859
LOG (nnet3-chain-train[5.5.1009~1-e4940]:ComputeChainObjfAndDerivE2e():chain-training.cc:162) Numerator objf: 1.53731
LOG (nnet3-chain-train[5.5.1009~1-e4940]:ComputeChainObjfAndDerivE2e():chain-training.cc:162) Numerator objf: 1.63137
LOG (nnet3-chain-train[5.5.1009~1-e4940]:ComputeChainObjfAndDerivE2e():chain-training.cc:162) Numerator objf: 1.65987
LOG (nnet3-chain-train[5.5.1009~1-e4940]:ComputeChainObjfAndDerivE2e():chain-training.cc:162) Numerator objf: 1.68493
LOG (nnet3-chain-train[5.5.1009~1-e4940]:ComputeChainObjfAndDerivE2e():chain-training.cc:162) Numerator objf: 1.65774
LOG (nnet3-chain-train[5.5.1009~1-e4940]:PrintStatsForThisPhase():nnet-training.cc:278) Average objective function for 'output-xent' for minibatches 10-19 is -1.42824 over 27264 frames.
LOG (nnet3-chain-train[5.5.1009~1-e4940]:PrintStatsForThisPhase():nnet-training.cc:278) Average objective function for 'output' for minibatches 10-19 is -0.0703301 over 27264 frames.
LOG (nnet3-chain-train[5.5.1009~1-e4940]:ComputeChainObjfAndDerivE2e():chain-training.cc:162) Numerator objf: 1.61461
LOG (nnet3-chain-train[5.5.1009~1-e4940]:ComputeChainObjfAndDerivE2e():chain-training.cc:162) Numerator objf: 1.6642
LOG (nnet3-chain-train[5.5.1009~1-e4940]:ComputeChainObjfAndDerivE2e():chain-training.cc:162) Numerator objf: 1.67803
LOG (nnet3-chain-train[5.5.1009~1-e4940]:ComputeChainObjfAndDerivE2e():chain-training.cc:162) Numerator objf: 1.62534
LOG (nnet3-chain-train[5.5.1009~1-e4940]:ComputeChainObjfAndDerivE2e():chain-training.cc:162) Numerator objf: 1.55661
LOG (nnet3-chain-train[5.5.1009~1-e4940]:ComputeChainObjfAndDerivE2e():chain-training.cc:162) Numerator objf: 1.72904
LOG (nnet3-chain-train[5.5.1009~1-e4940]:ComputeChainObjfAndDerivE2e():chain-training.cc:162) Numerator objf: 1.60304
LOG (nnet3-chain-train[5.5.1009~1-e4940]:ComputeChainObjfAndDerivE2e():chain-training.cc:162) Numerator objf: 1.56576
LOG (nnet3-chain-train[5.5.1009~1-e4940]:ComputeChainObjfAndDerivE2e():chain-training.cc:162) Numerator objf: 1.54104
LOG (nnet3-chain-train[5.5.1009~1-e4940]:ComputeChainObjfAndDerivE2e():chain-training.cc:162) Numerator objf: 1.62423
LOG (nnet3-chain-train[5.5.1009~1-e4940]:PrintStatsForThisPhase():nnet-training.cc:278) Average objective function for 'output-xent' for minibatches 20-29 is -1.48748 over 29120 frames.
LOG (nnet3-chain-train[5.5.1009~1-e4940]:PrintStatsForThisPhase():nnet-training.cc:278) Average objective function for 'output' for minibatches 20-29 is -0.0730252 over 29120 frames.
LOG (nnet3-chain-train[5.5.1009~1-e4940]:ComputeChainObjfAndDerivE2e():chain-training.cc:162) Numerator objf: 1.63669
LOG (nnet3-chain-train[5.5.1009~1-e4940]:ComputeChainObjfAndDerivE2e():chain-training.cc:162) Numerator objf: 1.58632
LOG (nnet3-chain-train[5.5.1009~1-e4940]:ComputeChainObjfAndDerivE2e():chain-training.cc:162) Numerator objf: 1.45324
LOG (nnet3-chain-train[5.5.1009~1-e4940]:ComputeChainObjfAndDerivE2e():chain-training.cc:162) Numerator objf: 1.57154
LOG (nnet3-chain-train[5.5.1009~1-e4940]:ComputeChainObjfAndDerivE2e():chain-training.cc:162) Numerator objf: 1.69319
LOG (nnet3-chain-train[5.5.1009~1-e4940]:ComputeChainObjfAndDerivE2e():chain-training.cc:162) Numerator objf: 1.69257
LOG (nnet3-chain-train[5.5.1009~1-e4940]:ComputeChainObjfAndDerivE2e():chain-training.cc:162) Numerator objf: 1.5988
LOG (nnet3-chain-train[5.5.1009~1-e4940]:ComputeChainObjfAndDerivE2e():chain-training.cc:162) Numerator objf: 1.55365
LOG (nnet3-chain-train[5.5.1009~1-e4940]:ComputeChainObjfAndDerivE2e():chain-training.cc:162) Numerator objf: 1.63323
LOG (nnet3-chain-train[5.5.1009~1-e4940]:ComputeChainObjfAndDerivE2e():chain-training.cc:162) Numerator objf: 1.53415
LOG (nnet3-chain-train[5.5.1009~1-e4940]:PrintStatsForThisPhase():nnet-training.cc:278) Average objective function for 'output-xent' for minibatches 30-39 is -1.48685 over 27264 frames.
LOG (nnet3-chain-train[5.5.1009~1-e4940]:PrintStatsForThisPhase():nnet-training.cc:278) Average objective function for 'output' for minibatches 30-39 is -0.0773329 over 27264 frames.
LOG (nnet3-chain-train[5.5.1009~1-e4940]:ComputeChainObjfAndDerivE2e():chain-training.cc:162) Numerator objf: 1.59212
LOG (nnet3-chain-train[5.5.1009~1-e4940]:ComputeChainObjfAndDerivE2e():chain-training.cc:162) Numerator objf: 1.50314
LOG (nnet3-chain-train[5.5.1009~1-e4940]:ComputeChainObjfAndDerivE2e():chain-training.cc:162) Numerator objf: 1.55415
LOG (nnet3-chain-train[5.5.1009~1-e4940]:ComputeChainObjfAndDerivE2e():chain-training.cc:162) Numerator objf: 1.62674
LOG (nnet3-chain-train[5.5.1009~1-e4940]:ComputeChainObjfAndDerivE2e():chain-training.cc:162) Numerator objf: 1.59231
LOG (nnet3-chain-train[5.5.1009~1-e4940]:ComputeChainObjfAndDerivE2e():chain-training.cc:162) Numerator objf: 1.53989
LOG (nnet3-chain-train[5.5.1009~1-e4940]:ComputeChainObjfAndDerivE2e():chain-training.cc:162) Numerator objf: 1.55569
LOG (nnet3-chain-train[5.5.1009~1-e4940]:ComputeChainObjfAndDerivE2e():chain-training.cc:162) Numerator objf: 1.58505
LOG (nnet3-chain-train[5.5.1009~1-e4940]:ComputeChainObjfAndDerivE2e():chain-training.cc:162) Numerator objf: 1.68818
LOG (nnet3-chain-train[5.5.1009~1-e4940]:ComputeChainObjfAndDerivE2e():chain-training.cc:162) Numerator objf: 1.63846
LOG (nnet3-chain-train[5.5.1009~1-e4940]:PrintStatsForThisPhase():nnet-training.cc:278) Average objective function for 'output-xent' for minibatches 40-49 is -1.5046 over 28288 frames.
LOG (nnet3-chain-train[5.5.1009~1-e4940]:PrintStatsForThisPhase():nnet-training.cc:278) Average objective function for 'output' for minibatches 40-49 is -0.0695279 over 28288 frames.
LOG (nnet3-chain-train[5.5.1009~1-e4940]:ComputeChainObjfAndDerivE2e():chain-training.cc:162) Numerator objf: 1.6207
LOG (nnet3-chain-train[5.5.1009~1-e4940]:ComputeChainObjfAndDerivE2e():chain-training.cc:162) Numerator objf: 1.63645
LOG (nnet3-chain-train[5.5.1009~1-e4940]:ComputeChainObjfAndDerivE2e():chain-training.cc:162) Numerator objf: 1.66446
LOG (nnet3-chain-train[5.5.1009~1-e4940]:ComputeChainObjfAndDerivE2e():chain-training.cc:162) Numerator objf: 1.64752
LOG (nnet3-chain-train[5.5.1009~1-e4940]:ComputeChainObjfAndDerivE2e():chain-training.cc:162) Numerator objf: 1.68214
LOG (nnet3-chain-train[5.5.1009~1-e4940]:ComputeChainObjfAndDerivE2e():chain-training.cc:162) Numerator objf: 1.56094
LOG (nnet3-chain-train[5.5.1009~1-e4940]:ComputeChainObjfAndDerivE2e():chain-training.cc:162) Numerator objf: 1.74486
LOG (nnet3-chain-train[5.5.1009~1-e4940]:ComputeChainObjfAndDerivE2e():chain-training.cc:162) Numerator objf: 1.60322
LOG (nnet3-chain-train[5.5.1009~1-e4940]:ComputeChainObjfAndDerivE2e():chain-training.cc:162) Numerator objf: 1.67947
LOG (nnet3-chain-train[5.5.1009~1-e4940]:ComputeChainObjfAndDerivE2e():chain-training.cc:162) Numerator objf: 1.64073
LOG (nnet3-chain-train[5.5.1009~1-e4940]:PrintStatsForThisPhase():nnet-training.cc:278) Average objective function for 'output-xent' for minibatches 50-59 is -1.41668 over 28096 frames.
LOG (nnet3-chain-train[5.5.1009~1-e4940]:PrintStatsForThisPhase():nnet-training.cc:278) Average objective function for 'output' for minibatches 50-59 is -0.0659493 over 28096 frames.
LOG (nnet3-chain-train[5.5.1009~1-e4940]:ComputeChainObjfAndDerivE2e():chain-training.cc:162) Numerator objf: 1.60124
LOG (nnet3-chain-train[5.5.1009~1-e4940]:ComputeChainObjfAndDerivE2e():chain-training.cc:162) Numerator objf: 1.65515
LOG (nnet3-chain-train[5.5.1009~1-e4940]:ComputeChainObjfAndDerivE2e():chain-training.cc:162) Numerator objf: 1.59953
LOG (nnet3-chain-train[5.5.1009~1-e4940]:ComputeChainObjfAndDerivE2e():chain-training.cc:162) Numerator objf: 1.66513
LOG (nnet3-chain-train[5.5.1009~1-e4940]:ComputeChainObjfAndDerivE2e():chain-training.cc:162) Numerator objf: 1.62667
LOG (nnet3-chain-train[5.5.1009~1-e4940]:ComputeChainObjfAndDerivE2e():chain-training.cc:162) Numerator objf: 1.63329
LOG (nnet3-chain-train[5.5.1009~1-e4940]:ComputeChainObjfAndDerivE2e():chain-training.cc:162) Numerator objf: 1.56982
LOG (nnet3-chain-train[5.5.1009~1-e4940]:ComputeChainObjfAndDerivE2e():chain-training.cc:162) Numerator objf: 1.61192
LOG (nnet3-chain-train[5.5.1009~1-e4940]:ComputeChainObjfAndDerivE2e():chain-training.cc:162) Numerator objf: 1.63991
LOG (nnet3-chain-train[5.5.1009~1-e4940]:ComputeChainObjfAndDerivE2e():chain-training.cc:162) Numerator objf: 1.60481
LOG (nnet3-chain-train[5.5.1009~1-e4940]:PrintStatsForThisPhase():nnet-training.cc:278) Average objective function for 'output-xent' for minibatches 60-69 is -1.49238 over 29120 frames.
LOG (nnet3-chain-train[5.5.1009~1-e4940]:PrintStatsForThisPhase():nnet-training.cc:278) Average objective function for 'output' for minibatches 60-69 is -0.0706716 over 29120 frames.
LOG (nnet3-chain-train[5.5.1009~1-e4940]:ComputeChainObjfAndDerivE2e():chain-training.cc:162) Numerator objf: 1.67507
LOG (nnet3-chain-train[5.5.1009~1-e4940]:ComputeChainObjfAndDerivE2e():chain-training.cc:162) Numerator objf: 1.6028
LOG (nnet3-chain-train[5.5.1009~1-e4940]:ComputeChainObjfAndDerivE2e():chain-training.cc:162) Numerator objf: 1.56781
LOG (nnet3-chain-train[5.5.1009~1-e4940]:ComputeChainObjfAndDerivE2e():chain-training.cc:162) Numerator objf: 1.55277
LOG (nnet3-chain-train[5.5.1009~1-e4940]:ComputeChainObjfAndDerivE2e():chain-training.cc:162) Numerator objf: 1.45804
LOG (nnet3-chain-train[5.5.1009~1-e4940]:ComputeChainObjfAndDerivE2e():chain-training.cc:162) Numerator objf: 1.6238
LOG (nnet3-chain-train[5.5.1009~1-e4940]:ComputeChainObjfAndDerivE2e():chain-training.cc:162) Numerator objf: 1.62315
LOG (nnet3-chain-train[5.5.1009~1-e4940]:ComputeChainObjfAndDerivE2e():chain-training.cc:162) Numerator objf: 1.54249
LOG (nnet3-chain-train[5.5.1009~1-e4940]:ComputeChainObjfAndDerivE2e():chain-training.cc:162) Numerator objf: 1.66374
LOG (nnet3-chain-train[5.5.1009~1-e4940]:ComputeChainObjfAndDerivE2e():chain-training.cc:162) Numerator objf: 1.61766
LOG (nnet3-chain-train[5.5.1009~1-e4940]:PrintStatsForThisPhase():nnet-training.cc:278) Average objective function for 'output-xent' for minibatches 70-79 is -1.49088 over 27264 frames.
LOG (nnet3-chain-train[5.5.1009~1-e4940]:PrintStatsForThisPhase():nnet-training.cc:278) Average objective function for 'output' for minibatches 70-79 is -0.0764765 over 27264 frames.
LOG (nnet3-chain-train[5.5.1009~1-e4940]:ComputeChainObjfAndDerivE2e():chain-training.cc:162) Numerator objf: 1.57982
LOG (nnet3-chain-train[5.5.1009~1-e4940]:ComputeChainObjfAndDerivE2e():chain-training.cc:162) Numerator objf: 1.67074
LOG (nnet3-chain-train[5.5.1009~1-e4940]:ComputeChainObjfAndDerivE2e():chain-training.cc:162) Numerator objf: 1.72684
LOG (nnet3-chain-train[5.5.1009~1-e4940]:ComputeChainObjfAndDerivE2e():chain-training.cc:162) Numerator objf: 1.61489
LOG (nnet3-chain-train[5.5.1009~1-e4940]:ComputeChainObjfAndDerivE2e():chain-training.cc:162) Numerator objf: 1.55718
LOG (nnet3-chain-train[5.5.1009~1-e4940]:ComputeChainObjfAndDerivE2e():chain-training.cc:162) Numerator objf: 1.54996
LOG (nnet3-chain-train[5.5.1009~1-e4940]:ComputeChainObjfAndDerivE2e():chain-training.cc:162) Numerator objf: 1.60319
LOG (nnet3-chain-train[5.5.1009~1-e4940]:ComputeChainObjfAndDerivE2e():chain-training.cc:162) Numerator objf: 1.53319
LOG (nnet3-chain-train[5.5.1009~1-e4940]:ComputeChainObjfAndDerivE2e():chain-training.cc:162) Numerator objf: 1.64053
LOG (nnet3-chain-train[5.5.1009~1-e4940]:ComputeChainObjfAndDerivE2e():chain-training.cc:162) Numerator objf: 1.58963
LOG (nnet3-chain-train[5.5.1009~1-e4940]:PrintStatsForThisPhase():nnet-training.cc:278) Average objective function for 'output-xent' for minibatches 80-89 is -1.51276 over 28288 frames.
LOG (nnet3-chain-train[5.5.1009~1-e4940]:PrintStatsForThisPhase():nnet-training.cc:278) Average objective function for 'output' for minibatches 80-89 is -0.0699759 over 28288 frames.
LOG (nnet3-chain-train[5.5.1009~1-e4940]:ComputeChainObjfAndDerivE2e():chain-training.cc:162) Numerator objf: 1.64905
LOG (nnet3-chain-train[5.5.1009~1-e4940]:ComputeChainObjfAndDerivE2e():chain-training.cc:162) Numerator objf: 1.57821
LOG (nnet3-chain-train[5.5.1009~1-e4940]:ComputeChainObjfAndDerivE2e():chain-training.cc:162) Numerator objf: 1.55606
LOG (nnet3-chain-train[5.5.1009~1-e4940]:ComputeChainObjfAndDerivE2e():chain-training.cc:162) Numerator objf: 1.69006
LOG (nnet3-chain-train[5.5.1009~1-e4940]:ComputeChainObjfAndDerivE2e():chain-training.cc:162) Numerator objf: 1.68922
LOG (nnet3-chain-train[5.5.1009~1-e4940]:ComputeChainObjfAndDerivE2e():chain-training.cc:162) Numerator objf: 1.57472
LOG (nnet3-chain-train[5.5.1009~1-e4940]:ComputeChainObjfAndDerivE2e():chain-training.cc:162) Numerator objf: 1.52182
LOG (nnet3-chain-train[5.5.1009~1-e4940]:ComputeChainObjfAndDerivE2e():chain-training.cc:162) Numerator objf: 1.61285
LOG (nnet3-chain-train[5.5.1009~1-e4940]:ComputeChainObjfAndDerivE2e():chain-training.cc:162) Numerator objf: 1.6515
LOG (nnet3-chain-train[5.5.1009~1-e4940]:ComputeChainObjfAndDerivE2e():chain-training.cc:162) Numerator objf: 1.5858
LOG (nnet3-chain-train[5.5.1009~1-e4940]:PrintStatsForThisPhase():nnet-training.cc:278) Average objective function for 'output-xent' for minibatches 90-99 is -1.52395 over 28096 frames.
LOG (nnet3-chain-train[5.5.1009~1-e4940]:PrintStatsForThisPhase():nnet-training.cc:278) Average objective function for 'output' for minibatches 90-99 is -0.0718441 over 28096 frames.
LOG (nnet3-chain-train[5.5.1009~1-e4940]:ComputeChainObjfAndDerivE2e():chain-training.cc:162) Numerator objf: 1.55497
LOG (nnet3-chain-train[5.5.1009~1-e4940]:ComputeChainObjfAndDerivE2e():chain-training.cc:162) Numerator objf: 1.69577
LOG (nnet3-chain-train[5.5.1009~1-e4940]:ComputeChainObjfAndDerivE2e():chain-training.cc:162) Numerator objf: 1.68261
LOG (nnet3-chain-train[5.5.1009~1-e4940]:ComputeChainObjfAndDerivE2e():chain-training.cc:162) Numerator objf: 1.6251
LOG (nnet3-chain-train[5.5.1009~1-e4940]:ComputeChainObjfAndDerivE2e():chain-training.cc:162) Numerator objf: 1.55828
LOG (nnet3-chain-train[5.5.1009~1-e4940]:ComputeChainObjfAndDerivE2e():chain-training.cc:162) Numerator objf: 1.65049
LOG (nnet3-chain-train[5.5.1009~1-e4940]:ComputeChainObjfAndDerivE2e():chain-training.cc:162) Numerator objf: 1.58659
LOG (nnet3-chain-train[5.5.1009~1-e4940]:ComputeChainObjfAndDerivE2e():chain-training.cc:162) Numerator objf: 1.59306
LOG (nnet3-chain-train[5.5.1009~1-e4940]:ComputeChainObjfAndDerivE2e():chain-training.cc:162) Numerator objf: 1.70404
LOG (nnet3-chain-train[5.5.1009~1-e4940]:ComputeChainObjfAndDerivE2e():chain-training.cc:162) Numerator objf: 1.73895
LOG (nnet3-chain-train[5.5.1009~1-e4940]:PrintStatsForThisPhase():nnet-training.cc:278) Average objective function for 'output-xent' for minibatches 100-109 is -1.51362 over 28288 frames.
LOG (nnet3-chain-train[5.5.1009~1-e4940]:PrintStatsForThisPhase():nnet-training.cc:278) Average objective function for 'output' for minibatches 100-109 is -0.0708342 over 28288 frames.
LOG (nnet3-chain-train[5.5.1009~1-e4940]:ComputeChainObjfAndDerivE2e():chain-training.cc:162) Numerator objf: 1.66755
LOG (nnet3-chain-train[5.5.1009~1-e4940]:ComputeChainObjfAndDerivE2e():chain-training.cc:162) Numerator objf: 1.62016
LOG (nnet3-chain-train[5.5.1009~1-e4940]:ComputeChainObjfAndDerivE2e():chain-training.cc:162) Numerator objf: 1.63055
LOG (nnet3-chain-train[5.5.1009~1-e4940]:ComputeChainObjfAndDerivE2e():chain-training.cc:162) Numerator objf: 1.56751
LOG (nnet3-chain-train[5.5.1009~1-e4940]:ComputeChainObjfAndDerivE2e():chain-training.cc:162) Numerator objf: 1.66206
LOG (nnet3-chain-train[5.5.1009~1-e4940]:ComputeChainObjfAndDerivE2e():chain-training.cc:162) Numerator objf: 1.53788
LOG (nnet3-chain-train[5.5.1009~1-e4940]:ComputeChainObjfAndDerivE2e():chain-training.cc:162) Numerator objf: 1.50701
LOG (nnet3-chain-train[5.5.1009~1-e4940]:ComputeChainObjfAndDerivE2e():chain-training.cc:162) Numerator objf: 1.52894
LOG (nnet3-chain-train[5.5.1009~1-e4940]:ComputeChainObjfAndDerivE2e():chain-training.cc:162) Numerator objf: 1.63166
LOG (nnet3-chain-train[5.5.1009~1-e4940]:ComputeChainObjfAndDerivE2e():chain-training.cc:162) Numerator objf: 1.63196
LOG (nnet3-chain-train[5.5.1009~1-e4940]:PrintStatsForThisPhase():nnet-training.cc:278) Average objective function for 'output-xent' for minibatches 110-119 is -1.50967 over 28096 frames.
LOG (nnet3-chain-train[5.5.1009~1-e4940]:PrintStatsForThisPhase():nnet-training.cc:278) Average objective function for 'output' for minibatches 110-119 is -0.0731455 over 28096 frames.
LOG (nnet3-chain-train[5.5.1009~1-e4940]:ComputeChainObjfAndDerivE2e():chain-training.cc:162) Numerator objf: 1.55909
LOG (nnet3-chain-train[5.5.1009~1-e4940]:ComputeChainObjfAndDerivE2e():chain-training.cc:162) Numerator objf: 1.55797
LOG (nnet3-chain-train[5.5.1009~1-e4940]:ComputeChainObjfAndDerivE2e():chain-training.cc:162) Numerator objf: 1.67462
LOG (nnet3-chain-train[5.5.1009~1-e4940]:ComputeChainObjfAndDerivE2e():chain-training.cc:162) Numerator objf: 1.65
LOG (nnet3-chain-train[5.5.1009~1-e4940]:ComputeChainObjfAndDerivE2e():chain-training.cc:162) Numerator objf: 1.59451
LOG (nnet3-chain-train[5.5.1009~1-e4940]:ComputeChainObjfAndDerivE2e():chain-training.cc:162) Numerator objf: 1.54635
LOG (nnet3-chain-train[5.5.1009~1-e4940]:ComputeChainObjfAndDerivE2e():chain-training.cc:162) Numerator objf: 1.58651
LOG (nnet3-chain-train[5.5.1009~1-e4940]:ComputeChainObjfAndDerivE2e():chain-training.cc:162) Numerator objf: 1.6874
LOG (nnet3-chain-train[5.5.1009~1-e4940]:ComputeChainObjfAndDerivE2e():chain-training.cc:162) Numerator objf: 1.55767
LOG (nnet3-chain-train[5.5.1009~1-e4940]:ComputeChainObjfAndDerivE2e():chain-training.cc:162) Numerator objf: 1.54886
LOG (nnet3-chain-train[5.5.1009~1-e4940]:PrintStatsForThisPhase():nnet-training.cc:278) Average objective function for 'output-xent' for minibatches 120-129 is -1.5306 over 28096 frames.
LOG (nnet3-chain-train[5.5.1009~1-e4940]:PrintStatsForThisPhase():nnet-training.cc:278) Average objective function for 'output' for minibatches 120-129 is -0.0763177 over 28096 frames.
LOG (nnet3-chain-train[5.5.1009~1-e4940]:ComputeChainObjfAndDerivE2e():chain-training.cc:162) Numerator objf: 1.6094
LOG (nnet3-chain-train[5.5.1009~1-e4940]:ComputeChainObjfAndDerivE2e():chain-training.cc:162) Numerator objf: 1.60447
LOG (nnet3-chain-train[5.5.1009~1-e4940]:ComputeChainObjfAndDerivE2e():chain-training.cc:162) Numerator objf: 1.69906
LOG (nnet3-chain-train[5.5.1009~1-e4940]:ComputeChainObjfAndDerivE2e():chain-training.cc:162) Numerator objf: 1.5436
LOG (nnet3-chain-train[5.5.1009~1-e4940]:ComputeChainObjfAndDerivE2e():chain-training.cc:162) Numerator objf: 1.58686
LOG (nnet3-chain-train[5.5.1009~1-e4940]:ComputeChainObjfAndDerivE2e():chain-training.cc:162) Numerator objf: 1.69072
LOG (nnet3-chain-train[5.5.1009~1-e4940]:ComputeChainObjfAndDerivE2e():chain-training.cc:162) Numerator objf: 1.53638
LOG (nnet3-chain-train[5.5.1009~1-e4940]:ComputeChainObjfAndDerivE2e():chain-training.cc:162) Numerator objf: 1.65235
LOG (nnet3-chain-train[5.5.1009~1-e4940]:ComputeChainObjfAndDerivE2e():chain-training.cc:162) Numerator objf: 1.53296
LOG (nnet3-chain-train[5.5.1009~1-e4940]:ComputeChainObjfAndDerivE2e():chain-training.cc:162) Numerator objf: 1.62625
LOG (nnet3-chain-train[5.5.1009~1-e4940]:PrintStatsForThisPhase():nnet-training.cc:278) Average objective function for 'output-xent' for minibatches 130-139 is -1.5091 over 28288 frames.
LOG (nnet3-chain-train[5.5.1009~1-e4940]:PrintStatsForThisPhase():nnet-training.cc:278) Average objective function for 'output' for minibatches 130-139 is -0.0721908 over 28288 frames.
LOG (nnet3-chain-train[5.5.1009~1-e4940]:ComputeChainObjfAndDerivE2e():chain-training.cc:162) Numerator objf: 1.54846
LOG (nnet3-chain-train[5.5.1009~1-e4940]:ComputeChainObjfAndDerivE2e():chain-training.cc:162) Numerator objf: 1.54871
LOG (nnet3-chain-train[5.5.1009~1-e4940]:ComputeChainObjfAndDerivE2e():chain-training.cc:162) Numerator objf: 1.67324
LOG (nnet3-chain-train[5.5.1009~1-e4940]:ComputeChainObjfAndDerivE2e():chain-training.cc:162) Numerator objf: 1.60657
LOG (nnet3-chain-train[5.5.1009~1-e4940]:ComputeChainObjfAndDerivE2e():chain-training.cc:162) Numerator objf: 1.66826
LOG (nnet3-chain-train[5.5.1009~1-e4940]:ComputeChainObjfAndDerivE2e():chain-training.cc:162) Numerator objf: 1.54832
LOG (nnet3-chain-train[5.5.1009~1-e4940]:ComputeChainObjfAndDerivE2e():chain-training.cc:162) Numerator objf: 1.56441
LOG (nnet3-chain-train[5.5.1009~1-e4940]:ComputeChainObjfAndDerivE2e():chain-training.cc:162) Numerator objf: 1.59288
LOG (nnet3-chain-train[5.5.1009~1-e4940]:ComputeChainObjfAndDerivE2e():chain-training.cc:162) Numerator objf: 1.59793
LOG (nnet3-chain-train[5.5.1009~1-e4940]:ComputeChainObjfAndDerivE2e():chain-training.cc:162) Numerator objf: 1.53829
LOG (nnet3-chain-train[5.5.1009~1-e4940]:PrintStatsForThisPhase():nnet-training.cc:278) Average objective function for 'output-xent' for minibatches 140-149 is -1.48162 over 28096 frames.
LOG (nnet3-chain-train[5.5.1009~1-e4940]:PrintStatsForThisPhase():nnet-training.cc:278) Average objective function for 'output' for minibatches 140-149 is -0.070311 over 28096 frames.
LOG (nnet3-chain-train[5.5.1009~1-e4940]:ComputeChainObjfAndDerivE2e():chain-training.cc:162) Numerator objf: 1.58705
LOG (nnet3-chain-train[5.5.1009~1-e4940]:ComputeChainObjfAndDerivE2e():chain-training.cc:162) Numerator objf: 1.57548
LOG (nnet3-chain-train[5.5.1009~1-e4940]:ComputeChainObjfAndDerivE2e():chain-training.cc:162) Numerator objf: 1.59855
LOG (nnet3-chain-train[5.5.1009~1-e4940]:ComputeChainObjfAndDerivE2e():chain-training.cc:162) Numerator objf: 1.56043
LOG (nnet3-chain-train[5.5.1009~1-e4940]:ComputeChainObjfAndDerivE2e():chain-training.cc:162) Numerator objf: 1.60589
LOG (nnet3-chain-train[5.5.1009~1-e4940]:ComputeChainObjfAndDerivE2e():chain-training.cc:162) Numerator objf: 1.53652
LOG (nnet3-chain-train[5.5.1009~1-e4940]:ComputeChainObjfAndDerivE2e():chain-training.cc:162) Numerator objf: 1.57912
LOG (nnet3-chain-train[5.5.1009~1-e4940]:ComputeChainObjfAndDerivE2e():chain-training.cc:162) Numerator objf: 1.57515
LOG (nnet3-chain-train[5.5.1009~1-e4940]:ComputeChainObjfAndDerivE2e():chain-training.cc:162) Numerator objf: 1.59133
LOG (nnet3-chain-train[5.5.1009~1-e4940]:ComputeChainObjfAndDerivE2e():chain-training.cc:162) Numerator objf: 1.65439
LOG (nnet3-chain-train[5.5.1009~1-e4940]:PrintStatsForThisPhase():nnet-training.cc:278) Average objective function for 'output-xent' for minibatches 150-159 is -1.55713 over 28096 frames.
LOG (nnet3-chain-train[5.5.1009~1-e4940]:PrintStatsForThisPhase():nnet-training.cc:278) Average objective function for 'output' for minibatches 150-159 is -0.0782355 over 28096 frames.
LOG (nnet3-chain-train[5.5.1009~1-e4940]:ComputeChainObjfAndDerivE2e():chain-training.cc:162) Numerator objf: 1.54697
LOG (nnet3-chain-train[5.5.1009~1-e4940]:ComputeChainObjfAndDerivE2e():chain-training.cc:162) Numerator objf: 1.56156
LOG (nnet3-chain-train[5.5.1009~1-e4940]:ComputeChainObjfAndDerivE2e():chain-training.cc:162) Numerator objf: 1.6458
LOG (nnet3-chain-train[5.5.1009~1-e4940]:ComputeChainObjfAndDerivE2e():chain-training.cc:162) Numerator objf: 1.57932
LOG (nnet3-chain-train[5.5.1009~1-e4940]:ComputeChainObjfAndDerivE2e():chain-training.cc:162) Numerator objf: 1.52419
LOG (nnet3-chain-train[5.5.1009~1-e4940]:ComputeChainObjfAndDerivE2e():chain-training.cc:162) Numerator objf: 1.68514
LOG (nnet3-chain-train[5.5.1009~1-e4940]:ComputeChainObjfAndDerivE2e():chain-training.cc:162) Numerator objf: 1.5708
LOG (nnet3-chain-train[5.5.1009~1-e4940]:ComputeChainObjfAndDerivE2e():chain-training.cc:162) Numerator objf: 1.5619
LOG (nnet3-chain-train[5.5.1009~1-e4940]:ComputeChainObjfAndDerivE2e():chain-training.cc:162) Numerator objf: 1.57153
LOG (nnet3-chain-train[5.5.1009~1-e4940]:ComputeChainObjfAndDerivE2e():chain-training.cc:162) Numerator objf: 1.5202
LOG (nnet3-chain-train[5.5.1009~1-e4940]:PrintStatsForThisPhase():nnet-training.cc:278) Average objective function for 'output-xent' for minibatches 160-169 is -1.54383 over 28288 frames.
LOG (nnet3-chain-train[5.5.1009~1-e4940]:PrintStatsForThisPhase():nnet-training.cc:278) Average objective function for 'output' for minibatches 160-169 is -0.0723512 over 28288 frames.
LOG (nnet3-chain-train[5.5.1009~1-e4940]:ComputeChainObjfAndDerivE2e():chain-training.cc:162) Numerator objf: 1.63242
LOG (nnet3-chain-train[5.5.1009~1-e4940]:ComputeChainObjfAndDerivE2e():chain-training.cc:162) Numerator objf: 1.4906
LOG (nnet3-chain-train[5.5.1009~1-e4940]:ComputeChainObjfAndDerivE2e():chain-training.cc:162) Numerator objf: 1.61045
LOG (nnet3-chain-train[5.5.1009~1-e4940]:ComputeChainObjfAndDerivE2e():chain-training.cc:162) Numerator objf: 1.52549
LOG (nnet3-chain-train[5.5.1009~1-e4940]:ComputeChainObjfAndDerivE2e():chain-training.cc:162) Numerator objf: 1.50177
LOG (nnet3-chain-train[5.5.1009~1-e4940]:ComputeChainObjfAndDerivE2e():chain-training.cc:162) Numerator objf: 1.50612
LOG (nnet3-chain-train[5.5.1009~1-e4940]:ComputeChainObjfAndDerivE2e():chain-training.cc:162) Numerator objf: 1.52484
LOG (nnet3-chain-train[5.5.1009~1-e4940]:ComputeChainObjfAndDerivE2e():chain-training.cc:162) Numerator objf: 1.56463
LOG (nnet3-chain-train[5.5.1009~1-e4940]:ComputeChainObjfAndDerivE2e():chain-training.cc:162) Numerator objf: 1.67203
LOG (nnet3-chain-train[5.5.1009~1-e4940]:ComputeChainObjfAndDerivE2e():chain-training.cc:162) Numerator objf: 1.45309
LOG (nnet3-chain-train[5.5.1009~1-e4940]:PrintStatsForThisPhase():nnet-training.cc:278) Average objective function for 'output-xent' for minibatches 170-179 is -1.60037 over 28288 frames.
LOG (nnet3-chain-train[5.5.1009~1-e4940]:PrintStatsForThisPhase():nnet-training.cc:278) Average objective function for 'output' for minibatches 170-179 is -0.0847598 over 28288 frames.
LOG (nnet3-chain-train[5.5.1009~1-e4940]:ComputeChainObjfAndDerivE2e():chain-training.cc:162) Numerator objf: 1.55241
LOG (nnet3-chain-train[5.5.1009~1-e4940]:ComputeChainObjfAndDerivE2e():chain-training.cc:162) Numerator objf: 1.56429
LOG (nnet3-chain-train[5.5.1009~1-e4940]:ComputeChainObjfAndDerivE2e():chain-training.cc:162) Numerator objf: 1.51417
LOG (nnet3-chain-train[5.5.1009~1-e4940]:ComputeChainObjfAndDerivE2e():chain-training.cc:162) Numerator objf: 1.5176
LOG (nnet3-chain-train[5.5.1009~1-e4940]:ComputeChainObjfAndDerivE2e():chain-training.cc:162) Numerator objf: 1.54905
LOG (nnet3-chain-train[5.5.1009~1-e4940]:ComputeChainObjfAndDerivE2e():chain-training.cc:162) Numerator objf: 1.53265
LOG (nnet3-chain-train[5.5.1009~1-e4940]:ComputeChainObjfAndDerivE2e():chain-training.cc:162) Numerator objf: 1.58966
LOG (nnet3-chain-train[5.5.1009~1-e4940]:ComputeChainObjfAndDerivE2e():chain-training.cc:162) Numerator objf: 1.63379
LOG (nnet3-chain-train[5.5.1009~1-e4940]:ComputeChainObjfAndDerivE2e():chain-training.cc:162) Numerator objf: 1.69417
LOG (nnet3-chain-train[5.5.1009~1-e4940]:ComputeChainObjfAndDerivE2e():chain-training.cc:162) Numerator objf: 1.62386
LOG (nnet3-chain-train[5.5.1009~1-e4940]:PrintStatsForThisPhase():nnet-training.cc:278) Average objective function for 'output-xent' for minibatches 180-189 is -1.54755 over 28096 frames.
LOG (nnet3-chain-train[5.5.1009~1-e4940]:PrintStatsForThisPhase():nnet-training.cc:278) Average objective function for 'output' for minibatches 180-189 is -0.0749023 over 28096 frames.
LOG (nnet3-chain-train[5.5.1009~1-e4940]:ComputeChainObjfAndDerivE2e():chain-training.cc:162) Numerator objf: 1.59255
LOG (nnet3-chain-train[5.5.1009~1-e4940]:ComputeChainObjfAndDerivE2e():chain-training.cc:162) Numerator objf: 1.61534
LOG (nnet3-chain-train[5.5.1009~1-e4940]:ComputeChainObjfAndDerivE2e():chain-training.cc:162) Numerator objf: 1.60548
LOG (nnet3-chain-train[5.5.1009~1-e4940]:ComputeChainObjfAndDerivE2e():chain-training.cc:162) Numerator objf: 1.58996
LOG (nnet3-chain-train[5.5.1009~1-e4940]:ComputeChainObjfAndDerivE2e():chain-training.cc:162) Numerator objf: 1.60896
LOG (nnet3-chain-train[5.5.1009~1-e4940]:ComputeChainObjfAndDerivE2e():chain-training.cc:162) Numerator objf: 1.6443
LOG (nnet3-chain-train[5.5.1009~1-e4940]:ComputeChainObjfAndDerivE2e():chain-training.cc:162) Numerator objf: 1.55081
LOG (nnet3-chain-train[5.5.1009~1-e4940]:ComputeChainObjfAndDerivE2e():chain-training.cc:162) Numerator objf: 1.57272
LOG (nnet3-chain-train[5.5.1009~1-e4940]:ComputeChainObjfAndDerivE2e():chain-training.cc:162) Numerator objf: 1.59148
LOG (nnet3-chain-train[5.5.1009~1-e4940]:ComputeChainObjfAndDerivE2e():chain-training.cc:162) Numerator objf: 1.56473
LOG (nnet3-chain-train[5.5.1009~1-e4940]:PrintStatsForThisPhase():nnet-training.cc:278) Average objective function for 'output-xent' for minibatches 190-199 is -1.49418 over 29120 frames.
LOG (nnet3-chain-train[5.5.1009~1-e4940]:PrintStatsForThisPhase():nnet-training.cc:278) Average objective function for 'output' for minibatches 190-199 is -0.0758777 over 29120 frames.
LOG (nnet3-chain-train[5.5.1009~1-e4940]:ComputeChainObjfAndDerivE2e():chain-training.cc:162) Numerator objf: 1.71787
LOG (nnet3-chain-train[5.5.1009~1-e4940]:ComputeChainObjfAndDerivE2e():chain-training.cc:162) Numerator objf: 1.59912
LOG (nnet3-chain-train[5.5.1009~1-e4940]:ComputeChainObjfAndDerivE2e():chain-training.cc:162) Numerator objf: 1.55557
LOG (nnet3-chain-train[5.5.1009~1-e4940]:ComputeChainObjfAndDerivE2e():chain-training.cc:162) Numerator objf: 1.63117
LOG (nnet3-chain-train[5.5.1009~1-e4940]:ComputeChainObjfAndDerivE2e():chain-training.cc:162) Numerator objf: 1.56828
LOG (nnet3-chain-train[5.5.1009~1-e4940]:ComputeChainObjfAndDerivE2e():chain-training.cc:162) Numerator objf: 1.47904
LOG (nnet3-chain-train[5.5.1009~1-e4940]:ComputeChainObjfAndDerivE2e():chain-training.cc:162) Numerator objf: 1.5474
LOG (nnet3-chain-train[5.5.1009~1-e4940]:ComputeChainObjfAndDerivE2e():chain-training.cc:162) Numerator objf: 1.55539
LOG (nnet3-chain-train[5.5.1009~1-e4940]:ComputeChainObjfAndDerivE2e():chain-training.cc:162) Numerator objf: 1.61278
LOG (nnet3-chain-train[5.5.1009~1-e4940]:ComputeChainObjfAndDerivE2e():chain-training.cc:162) Numerator objf: 1.54387
LOG (nnet3-chain-train[5.5.1009~1-e4940]:PrintStatsForThisPhase():nnet-training.cc:278) Average objective function for 'output-xent' for minibatches 200-209 is -1.51984 over 27264 frames.
LOG (nnet3-chain-train[5.5.1009~1-e4940]:PrintStatsForThisPhase():nnet-training.cc:278) Average objective function for 'output' for minibatches 200-209 is -0.0779843 over 27264 frames.
LOG (nnet3-chain-train[5.5.1009~1-e4940]:ComputeChainObjfAndDerivE2e():chain-training.cc:162) Numerator objf: 1.39518
LOG (nnet3-chain-train[5.5.1009~1-e4940]:ComputeChainObjfAndDerivE2e():chain-training.cc:162) Numerator objf: 1.50147
LOG (nnet3-chain-train[5.5.1009~1-e4940]:ComputeChainObjfAndDerivE2e():chain-training.cc:162) Numerator objf: 1.42885
LOG (nnet3-chain-train[5.5.1009~1-e4940]:ComputeChainObjfAndDerivE2e():chain-training.cc:162) Numerator objf: 1.57072
LOG (nnet3-chain-train[5.5.1009~1-e4940]:ComputeChainObjfAndDerivE2e():chain-training.cc:162) Numerator objf: 1.54591
LOG (nnet3-chain-train[5.5.1009~1-e4940]:ComputeChainObjfAndDerivE2e():chain-training.cc:162) Numerator objf: 1.5603
LOG (nnet3-chain-train[5.5.1009~1-e4940]:ComputeChainObjfAndDerivE2e():chain-training.cc:162) Numerator objf: 1.49628
LOG (nnet3-chain-train[5.5.1009~1-e4940]:ComputeChainObjfAndDerivE2e():chain-training.cc:162) Numerator objf: 1.52058
LOG (nnet3-chain-train[5.5.1009~1-e4940]:ComputeChainObjfAndDerivE2e():chain-training.cc:162) Numerator objf: 1.49434
LOG (nnet3-chain-train[5.5.1009~1-e4940]:ComputeChainObjfAndDerivE2e():chain-training.cc:162) Numerator objf: 1.60435
LOG (nnet3-chain-train[5.5.1009~1-e4940]:PrintStatsForThisPhase():nnet-training.cc:278) Average objective function for 'output-xent' for minibatches 210-219 is -1.60716 over 29120 frames.
LOG (nnet3-chain-train[5.5.1009~1-e4940]:PrintStatsForThisPhase():nnet-training.cc:278) Average objective function for 'output' for minibatches 210-219 is -0.0855134 over 29120 frames.
LOG (nnet3-chain-train[5.5.1009~1-e4940]:ComputeChainObjfAndDerivE2e():chain-training.cc:162) Numerator objf: 1.44334
LOG (nnet3-chain-train[5.5.1009~1-e4940]:ComputeChainObjfAndDerivE2e():chain-training.cc:162) Numerator objf: 1.49567
LOG (nnet3-chain-train[5.5.1009~1-e4940]:ComputeChainObjfAndDerivE2e():chain-training.cc:162) Numerator objf: 1.5025
LOG (nnet3-chain-train[5.5.1009~1-e4940]:ComputeChainObjfAndDerivE2e():chain-training.cc:162) Numerator objf: 1.5595
LOG (nnet3-chain-train[5.5.1009~1-e4940]:ComputeChainObjfAndDerivE2e():chain-training.cc:162) Numerator objf: 1.39881
LOG (nnet3-chain-train[5.5.1009~1-e4940]:ComputeChainObjfAndDerivE2e():chain-training.cc:162) Numerator objf: 1.42144
LOG (nnet3-chain-train[5.5.1009~1-e4940]:ComputeChainObjfAndDerivE2e():chain-training.cc:162) Numerator objf: 1.41929
LOG (nnet3-chain-train[5.5.1009~1-e4940]:ComputeChainObjfAndDerivE2e():chain-training.cc:162) Numerator objf: 1.44623
LOG (nnet3-chain-train[5.5.1009~1-e4940]:ComputeChainObjfAndDerivE2e():chain-training.cc:162) Numerator objf: 1.46111
LOG (nnet3-chain-train[5.5.1009~1-e4940]:ComputeChainObjfAndDerivE2e():chain-training.cc:162) Numerator objf: 1.57441
LOG (nnet3-chain-train[5.5.1009~1-e4940]:PrintStatsForThisPhase():nnet-training.cc:278) Average objective function for 'output-xent' for minibatches 220-229 is -1.62853 over 28096 frames.
LOG (nnet3-chain-train[5.5.1009~1-e4940]:PrintStatsForThisPhase():nnet-training.cc:278) Average objective function for 'output' for minibatches 220-229 is -0.0868896 over 28096 frames.
LOG (nnet3-chain-train[5.5.1009~1-e4940]:ComputeChainObjfAndDerivE2e():chain-training.cc:162) Numerator objf: 1.50339
LOG (nnet3-chain-train[5.5.1009~1-e4940]:ComputeChainObjfAndDerivE2e():chain-training.cc:162) Numerator objf: 1.56047
LOG (nnet3-chain-train[5.5.1009~1-e4940]:ComputeChainObjfAndDerivE2e():chain-training.cc:162) Numerator objf: 1.45359
LOG (nnet3-chain-train[5.5.1009~1-e4940]:ComputeChainObjfAndDerivE2e():chain-training.cc:162) Numerator objf: 1.50302
LOG (nnet3-chain-train[5.5.1009~1-e4940]:ComputeChainObjfAndDerivE2e():chain-training.cc:162) Numerator objf: 1.67657
LOG (nnet3-chain-train[5.5.1009~1-e4940]:ComputeChainObjfAndDerivE2e():chain-training.cc:162) Numerator objf: 1.48384
LOG (nnet3-chain-train[5.5.1009~1-e4940]:ComputeChainObjfAndDerivE2e():chain-training.cc:162) Numerator objf: 1.59045
LOG (nnet3-chain-train[5.5.1009~1-e4940]:ComputeChainObjfAndDerivE2e():chain-training.cc:162) Numerator objf: 1.55006
LOG (nnet3-chain-train[5.5.1009~1-e4940]:ComputeChainObjfAndDerivE2e():chain-training.cc:162) Numerator objf: 1.60841
LOG (nnet3-chain-train[5.5.1009~1-e4940]:ComputeChainObjfAndDerivE2e():chain-training.cc:162) Numerator objf: 1.48825
LOG (nnet3-chain-train[5.5.1009~1-e4940]:PrintStatsForThisPhase():nnet-training.cc:278) Average objective function for 'output-xent' for minibatches 230-239 is -1.49622 over 27264 frames.
LOG (nnet3-chain-train[5.5.1009~1-e4940]:PrintStatsForThisPhase():nnet-training.cc:278) Average objective function for 'output' for minibatches 230-239 is -0.0758913 over 27264 frames.
LOG (nnet3-chain-train[5.5.1009~1-e4940]:ComputeChainObjfAndDerivE2e():chain-training.cc:162) Numerator objf: 1.46803
LOG (nnet3-chain-train[5.5.1009~1-e4940]:ComputeChainObjfAndDerivE2e():chain-training.cc:162) Numerator objf: 1.49597
LOG (nnet3-chain-train[5.5.1009~1-e4940]:ComputeChainObjfAndDerivE2e():chain-training.cc:162) Numerator objf: 1.55261
LOG (nnet3-chain-train[5.5.1009~1-e4940]:ComputeChainObjfAndDerivE2e():chain-training.cc:162) Numerator objf: 1.55373
LOG (nnet3-chain-train[5.5.1009~1-e4940]:ComputeChainObjfAndDerivE2e():chain-training.cc:162) Numerator objf: 1.46713
LOG (nnet3-chain-train[5.5.1009~1-e4940]:ComputeChainObjfAndDerivE2e():chain-training.cc:162) Numerator objf: 1.43997
LOG (nnet3-chain-train[5.5.1009~1-e4940]:ComputeChainObjfAndDerivE2e():chain-training.cc:162) Numerator objf: 1.62783
LOG (nnet3-chain-train[5.5.1009~1-e4940]:ComputeChainObjfAndDerivE2e():chain-training.cc:162) Numerator objf: 1.5053
LOG (nnet3-chain-train[5.5.1009~1-e4940]:ComputeChainObjfAndDerivE2e():chain-training.cc:162) Numerator objf: 1.58232
LOG (nnet3-chain-train[5.5.1009~1-e4940]:ComputeChainObjfAndDerivE2e():chain-training.cc:162) Numerator objf: 1.50154
LOG (nnet3-chain-train[5.5.1009~1-e4940]:PrintStatsForThisPhase():nnet-training.cc:278) Average objective function for 'output-xent' for minibatches 240-249 is -1.61457 over 28288 frames.
LOG (nnet3-chain-train[5.5.1009~1-e4940]:PrintStatsForThisPhase():nnet-training.cc:278) Average objective function for 'output' for minibatches 240-249 is -0.0770815 over 28288 frames.
LOG (nnet3-chain-train[5.5.1009~1-e4940]:ComputeChainObjfAndDerivE2e():chain-training.cc:162) Numerator objf: 1.54907
LOG (nnet3-chain-train[5.5.1009~1-e4940]:ComputeChainObjfAndDerivE2e():chain-training.cc:162) Numerator objf: 1.57529
LOG (nnet3-chain-train[5.5.1009~1-e4940]:ComputeChainObjfAndDerivE2e():chain-training.cc:162) Numerator objf: 1.573
LOG (nnet3-chain-train[5.5.1009~1-e4940]:ComputeChainObjfAndDerivE2e():chain-training.cc:162) Numerator objf: 1.57318
LOG (nnet3-chain-train[5.5.1009~1-e4940]:ComputeChainObjfAndDerivE2e():chain-training.cc:162) Numerator objf: 1.60261
LOG (nnet3-chain-train[5.5.1009~1-e4940]:ComputeChainObjfAndDerivE2e():chain-training.cc:162) Numerator objf: 1.52452
LOG (nnet3-chain-train[5.5.1009~1-e4940]:ComputeChainObjfAndDerivE2e():chain-training.cc:162) Numerator objf: 1.62476
LOG (nnet3-chain-train[5.5.1009~1-e4940]:ComputeChainObjfAndDerivE2e():chain-training.cc:162) Numerator objf: 1.56115
LOG (nnet3-chain-train[5.5.1009~1-e4940]:ComputeChainObjfAndDerivE2e():chain-training.cc:162) Numerator objf: 1.5601
LOG (nnet3-chain-train[5.5.1009~1-e4940]:ComputeChainObjfAndDerivE2e():chain-training.cc:162) Numerator objf: 1.58164
LOG (nnet3-chain-train[5.5.1009~1-e4940]:PrintStatsForThisPhase():nnet-training.cc:278) Average objective function for 'output-xent' for minibatches 250-259 is -1.45286 over 29120 frames.
LOG (nnet3-chain-train[5.5.1009~1-e4940]:PrintStatsForThisPhase():nnet-training.cc:278) Average objective function for 'output' for minibatches 250-259 is -0.071059 over 29120 frames.
LOG (nnet3-chain-train[5.5.1009~1-e4940]:ComputeChainObjfAndDerivE2e():chain-training.cc:162) Numerator objf: 1.52323
LOG (nnet3-chain-train[5.5.1009~1-e4940]:ComputeChainObjfAndDerivE2e():chain-training.cc:162) Numerator objf: 1.65353
LOG (nnet3-chain-train[5.5.1009~1-e4940]:ComputeChainObjfAndDerivE2e():chain-training.cc:162) Numerator objf: 1.56807
LOG (nnet3-chain-train[5.5.1009~1-e4940]:ComputeChainObjfAndDerivE2e():chain-training.cc:162) Numerator objf: 1.61735
LOG (nnet3-chain-train[5.5.1009~1-e4940]:ComputeChainObjfAndDerivE2e():chain-training.cc:162) Numerator objf: 1.7089
LOG (nnet3-chain-train[5.5.1009~1-e4940]:ComputeChainObjfAndDerivE2e():chain-training.cc:162) Numerator objf: 1.55215
LOG (nnet3-chain-train[5.5.1009~1-e4940]:ComputeChainObjfAndDerivE2e():chain-training.cc:162) Numerator objf: 1.63184
LOG (nnet3-chain-train[5.5.1009~1-e4940]:ComputeChainObjfAndDerivE2e():chain-training.cc:162) Numerator objf: 1.70841
LOG (nnet3-chain-train[5.5.1009~1-e4940]:ComputeChainObjfAndDerivE2e():chain-training.cc:162) Numerator objf: 1.66999
LOG (nnet3-chain-train[5.5.1009~1-e4940]:ComputeChainObjfAndDerivE2e():chain-training.cc:162) Numerator objf: 1.51044
LOG (nnet3-chain-train[5.5.1009~1-e4940]:PrintStatsForThisPhase():nnet-training.cc:278) Average objective function for 'output-xent' for minibatches 260-269 is -1.42959 over 27264 frames.
LOG (nnet3-chain-train[5.5.1009~1-e4940]:PrintStatsForThisPhase():nnet-training.cc:278) Average objective function for 'output' for minibatches 260-269 is -0.0673863 over 27264 frames.
LOG (nnet3-chain-train[5.5.1009~1-e4940]:ComputeChainObjfAndDerivE2e():chain-training.cc:162) Numerator objf: 1.53374
LOG (nnet3-chain-train[5.5.1009~1-e4940]:ComputeChainObjfAndDerivE2e():chain-training.cc:162) Numerator objf: 1.59347
LOG (nnet3-chain-train[5.5.1009~1-e4940]:ComputeChainObjfAndDerivE2e():chain-training.cc:162) Numerator objf: 1.58542
LOG (nnet3-chain-train[5.5.1009~1-e4940]:ComputeChainObjfAndDerivE2e():chain-training.cc:162) Numerator objf: 1.58066
LOG (nnet3-chain-train[5.5.1009~1-e4940]:ComputeChainObjfAndDerivE2e():chain-training.cc:162) Numerator objf: 1.60324
LOG (nnet3-chain-train[5.5.1009~1-e4940]:ComputeChainObjfAndDerivE2e():chain-training.cc:162) Numerator objf: 1.53877
LOG (nnet3-chain-train[5.5.1009~1-e4940]:ComputeChainObjfAndDerivE2e():chain-training.cc:162) Numerator objf: 1.61878
LOG (nnet3-chain-train[5.5.1009~1-e4940]:ComputeChainObjfAndDerivE2e():chain-training.cc:162) Numerator objf: 1.49061
LOG (nnet3-chain-train[5.5.1009~1-e4940]:ComputeChainObjfAndDerivE2e():chain-training.cc:162) Numerator objf: 1.50198
LOG (nnet3-chain-train[5.5.1009~1-e4940]:ComputeChainObjfAndDerivE2e():chain-training.cc:162) Numerator objf: 1.59768
LOG (nnet3-chain-train[5.5.1009~1-e4940]:PrintStatsForThisPhase():nnet-training.cc:278) Average objective function for 'output-xent' for minibatches 270-279 is -1.56716 over 29120 frames.
LOG (nnet3-chain-train[5.5.1009~1-e4940]:PrintStatsForThisPhase():nnet-training.cc:278) Average objective function for 'output' for minibatches 270-279 is -0.0768255 over 29120 frames.
LOG (nnet3-chain-train[5.5.1009~1-e4940]:ComputeChainObjfAndDerivE2e():chain-training.cc:162) Numerator objf: 1.54874
LOG (nnet3-chain-train[5.5.1009~1-e4940]:ComputeChainObjfAndDerivE2e():chain-training.cc:162) Numerator objf: 1.65371
LOG (nnet3-chain-train[5.5.1009~1-e4940]:ComputeChainObjfAndDerivE2e():chain-training.cc:162) Numerator objf: 1.58318
LOG (nnet3-chain-train[5.5.1009~1-e4940]:ComputeChainObjfAndDerivE2e():chain-training.cc:162) Numerator objf: 1.55412
LOG (nnet3-chain-train[5.5.1009~1-e4940]:ComputeChainObjfAndDerivE2e():chain-training.cc:162) Numerator objf: 1.5457
LOG (nnet3-chain-train[5.5.1009~1-e4940]:ComputeChainObjfAndDerivE2e():chain-training.cc:162) Numerator objf: 1.56238
LOG (nnet3-chain-train[5.5.1009~1-e4940]:ComputeChainObjfAndDerivE2e():chain-training.cc:162) Numerator objf: 1.58705
LOG (nnet3-chain-train[5.5.1009~1-e4940]:ComputeChainObjfAndDerivE2e():chain-training.cc:162) Numerator objf: 1.67738
LOG (nnet3-chain-train[5.5.1009~1-e4940]:ComputeChainObjfAndDerivE2e():chain-training.cc:162) Numerator objf: 1.54905
LOG (nnet3-chain-train[5.5.1009~1-e4940]:ComputeChainObjfAndDerivE2e():chain-training.cc:162) Numerator objf: 1.6631
LOG (nnet3-chain-train[5.5.1009~1-e4940]:PrintStatsForThisPhase():nnet-training.cc:278) Average objective function for 'output-xent' for minibatches 280-289 is -1.53453 over 28096 frames.
LOG (nnet3-chain-train[5.5.1009~1-e4940]:PrintStatsForThisPhase():nnet-training.cc:278) Average objective function for 'output' for minibatches 280-289 is -0.0748664 over 28096 frames.
LOG (nnet3-chain-train[5.5.1009~1-e4940]:ComputeChainObjfAndDerivE2e():chain-training.cc:162) Numerator objf: 1.61923
LOG (nnet3-chain-train[5.5.1009~1-e4940]:ComputeChainObjfAndDerivE2e():chain-training.cc:162) Numerator objf: 1.62791
LOG (nnet3-chain-train[5.5.1009~1-e4940]:ComputeChainObjfAndDerivE2e():chain-training.cc:162) Numerator objf: 1.62465
LOG (nnet3-chain-train[5.5.1009~1-e4940]:ComputeChainObjfAndDerivE2e():chain-training.cc:162) Numerator objf: 1.62951
LOG (nnet3-chain-train[5.5.1009~1-e4940]:ComputeChainObjfAndDerivE2e():chain-training.cc:162) Numerator objf: 1.59792
LOG (nnet3-chain-train[5.5.1009~1-e4940]:ComputeChainObjfAndDerivE2e():chain-training.cc:162) Numerator objf: 1.70612
LOG (nnet3-chain-train[5.5.1009~1-e4940]:ComputeChainObjfAndDerivE2e():chain-training.cc:162) Numerator objf: 1.69145
LOG (nnet3-chain-train[5.5.1009~1-e4940]:ComputeChainObjfAndDerivE2e():chain-training.cc:162) Numerator objf: 1.58459
LOG (nnet3-chain-train[5.5.1009~1-e4940]:ComputeChainObjfAndDerivE2e():chain-training.cc:162) Numerator objf: 1.53034
LOG (nnet3-chain-train[5.5.1009~1-e4940]:ComputeChainObjfAndDerivE2e():chain-training.cc:162) Numerator objf: 1.68806
LOG (nnet3-chain-train[5.5.1009~1-e4940]:PrintStatsForThisPhase():nnet-training.cc:278) Average objective function for 'output-xent' for minibatches 290-299 is -1.49553 over 28288 frames.
LOG (nnet3-chain-train[5.5.1009~1-e4940]:PrintStatsForThisPhase():nnet-training.cc:278) Average objective function for 'output' for minibatches 290-299 is -0.0725041 over 28288 frames.
LOG (nnet3-chain-train[5.5.1009~1-e4940]:ComputeChainObjfAndDerivE2e():chain-training.cc:162) Numerator objf: 1.61118
LOG (nnet3-chain-train[5.5.1009~1-e4940]:ComputeChainObjfAndDerivE2e():chain-training.cc:162) Numerator objf: 1.5999
LOG (nnet3-chain-train[5.5.1009~1-e4940]:ComputeChainObjfAndDerivE2e():chain-training.cc:162) Numerator objf: 1.60898
LOG (nnet3-chain-train[5.5.1009~1-e4940]:ComputeChainObjfAndDerivE2e():chain-training.cc:162) Numerator objf: 1.65344
LOG (nnet3-chain-train[5.5.1009~1-e4940]:ComputeChainObjfAndDerivE2e():chain-training.cc:162) Numerator objf: 1.49954
LOG (nnet3-chain-train[5.5.1009~1-e4940]:ComputeChainObjfAndDerivE2e():chain-training.cc:162) Numerator objf: 1.47498
LOG (nnet3-chain-train[5.5.1009~1-e4940]:ComputeChainObjfAndDerivE2e():chain-training.cc:162) Numerator objf: 1.52994
LOG (nnet3-chain-train[5.5.1009~1-e4940]:ComputeChainObjfAndDerivE2e():chain-training.cc:162) Numerator objf: 1.55248
LOG (nnet3-chain-train[5.5.1009~1-e4940]:ComputeChainObjfAndDerivE2e():chain-training.cc:162) Numerator objf: 1.52855
LOG (nnet3-chain-train[5.5.1009~1-e4940]:ComputeChainObjfAndDerivE2e():chain-training.cc:162) Numerator objf: 1.56921
LOG (nnet3-chain-train[5.5.1009~1-e4940]:PrintStatsForThisPhase():nnet-training.cc:278) Average objective function for 'output-xent' for minibatches 300-309 is -1.53903 over 28096 frames.
LOG (nnet3-chain-train[5.5.1009~1-e4940]:PrintStatsForThisPhase():nnet-training.cc:278) Average objective function for 'output' for minibatches 300-309 is -0.08053 over 28096 frames.
LOG (nnet3-chain-train[5.5.1009~1-e4940]:ComputeChainObjfAndDerivE2e():chain-training.cc:162) Numerator objf: 1.63142
LOG (nnet3-chain-train[5.5.1009~1-e4940]:ComputeChainObjfAndDerivE2e():chain-training.cc:162) Numerator objf: 1.55451
LOG (nnet3-chain-train[5.5.1009~1-e4940]:ComputeChainObjfAndDerivE2e():chain-training.cc:162) Numerator objf: 1.58365
LOG (nnet3-chain-train[5.5.1009~1-e4940]:ComputeChainObjfAndDerivE2e():chain-training.cc:162) Numerator objf: 1.50096
LOG (nnet3-chain-train[5.5.1009~1-e4940]:ComputeChainObjfAndDerivE2e():chain-training.cc:162) Numerator objf: 1.57443
LOG (nnet3-chain-train[5.5.1009~1-e4940]:ComputeChainObjfAndDerivE2e():chain-training.cc:162) Numerator objf: 1.59929
LOG (nnet3-chain-train[5.5.1009~1-e4940]:ComputeChainObjfAndDerivE2e():chain-training.cc:162) Numerator objf: 1.5155
LOG (nnet3-chain-train[5.5.1009~1-e4940]:ComputeChainObjfAndDerivE2e():chain-training.cc:162) Numerator objf: 1.59109
LOG (nnet3-chain-train[5.5.1009~1-e4940]:ComputeChainObjfAndDerivE2e():chain-training.cc:162) Numerator objf: 1.53456
LOG (nnet3-chain-train[5.5.1009~1-e4940]:ComputeChainObjfAndDerivE2e():chain-training.cc:162) Numerator objf: 1.54119
LOG (nnet3-chain-train[5.5.1009~1-e4940]:PrintStatsForThisPhase():nnet-training.cc:278) Average objective function for 'output-xent' for minibatches 310-319 is -1.5211 over 28288 frames.
LOG (nnet3-chain-train[5.5.1009~1-e4940]:PrintStatsForThisPhase():nnet-training.cc:278) Average objective function for 'output' for minibatches 310-319 is -0.0792763 over 28288 frames.
LOG (nnet3-chain-train[5.5.1009~1-e4940]:ComputeChainObjfAndDerivE2e():chain-training.cc:162) Numerator objf: 1.54
LOG (nnet3-chain-train[5.5.1009~1-e4940]:ComputeChainObjfAndDerivE2e():chain-training.cc:162) Numerator objf: 1.49551
LOG (nnet3-chain-train[5.5.1009~1-e4940]:ComputeChainObjfAndDerivE2e():chain-training.cc:162) Numerator objf: 1.49662
LOG (nnet3-chain-train[5.5.1009~1-e4940]:ComputeChainObjfAndDerivE2e():chain-training.cc:162) Numerator objf: 1.54533
LOG (nnet3-chain-train[5.5.1009~1-e4940]:ComputeChainObjfAndDerivE2e():chain-training.cc:162) Numerator objf: 1.6295
LOG (nnet3-chain-train[5.5.1009~1-e4940]:ComputeChainObjfAndDerivE2e():chain-training.cc:162) Numerator objf: 1.51413
LOG (nnet3-chain-train[5.5.1009~1-e4940]:ComputeChainObjfAndDerivE2e():chain-training.cc:162) Numerator objf: 1.44822
LOG (nnet3-chain-train[5.5.1009~1-e4940]:ComputeChainObjfAndDerivE2e():chain-training.cc:162) Numerator objf: 1.53129
LOG (nnet3-chain-train[5.5.1009~1-e4940]:ComputeChainObjfAndDerivE2e():chain-training.cc:162) Numerator objf: 1.54235
LOG (nnet3-chain-train[5.5.1009~1-e4940]:ComputeChainObjfAndDerivE2e():chain-training.cc:162) Numerator objf: 1.52129
LOG (nnet3-chain-train[5.5.1009~1-e4940]:PrintStatsForThisPhase():nnet-training.cc:278) Average objective function for 'output-xent' for minibatches 320-329 is -1.57234 over 28096 frames.
LOG (nnet3-chain-train[5.5.1009~1-e4940]:PrintStatsForThisPhase():nnet-training.cc:278) Average objective function for 'output' for minibatches 320-329 is -0.0800516 over 28096 frames.
LOG (nnet3-chain-train[5.5.1009~1-e4940]:ComputeChainObjfAndDerivE2e():chain-training.cc:162) Numerator objf: 1.5606
LOG (nnet3-chain-train[5.5.1009~1-e4940]:ComputeChainObjfAndDerivE2e():chain-training.cc:162) Numerator objf: 1.62722
LOG (nnet3-chain-train[5.5.1009~1-e4940]:ComputeChainObjfAndDerivE2e():chain-training.cc:162) Numerator objf: 1.5261
LOG (nnet3-chain-train[5.5.1009~1-e4940]:ComputeChainObjfAndDerivE2e():chain-training.cc:162) Numerator objf: 1.55538
LOG (nnet3-chain-train[5.5.1009~1-e4940]:ComputeChainObjfAndDerivE2e():chain-training.cc:162) Numerator objf: 1.51942
LOG (nnet3-chain-train[5.5.1009~1-e4940]:ComputeChainObjfAndDerivE2e():chain-training.cc:162) Numerator objf: 1.55397
LOG (nnet3-chain-train[5.5.1009~1-e4940]:ComputeChainObjfAndDerivE2e():chain-training.cc:162) Numerator objf: 1.53389
LOG (nnet3-chain-train[5.5.1009~1-e4940]:ComputeChainObjfAndDerivE2e():chain-training.cc:162) Numerator objf: 1.58527
LOG (nnet3-chain-train[5.5.1009~1-e4940]:ComputeChainObjfAndDerivE2e():chain-training.cc:162) Numerator objf: 1.53271
LOG (nnet3-chain-train[5.5.1009~1-e4940]:ComputeChainObjfAndDerivE2e():chain-training.cc:162) Numerator objf: 1.63973
LOG (nnet3-chain-train[5.5.1009~1-e4940]:PrintStatsForThisPhase():nnet-training.cc:278) Average objective function for 'output-xent' for minibatches 330-339 is -1.62035 over 28288 frames.
LOG (nnet3-chain-train[5.5.1009~1-e4940]:PrintStatsForThisPhase():nnet-training.cc:278) Average objective function for 'output' for minibatches 330-339 is -0.0774294 over 28288 frames.
LOG (nnet3-chain-train[5.5.1009~1-e4940]:ComputeChainObjfAndDerivE2e():chain-training.cc:162) Numerator objf: 1.59979
LOG (nnet3-chain-train[5.5.1009~1-e4940]:ComputeChainObjfAndDerivE2e():chain-training.cc:162) Numerator objf: 1.4958
LOG (nnet3-chain-train[5.5.1009~1-e4940]:ComputeChainObjfAndDerivE2e():chain-training.cc:162) Numerator objf: 1.50588
LOG (nnet3-chain-train[5.5.1009~1-e4940]:ComputeChainObjfAndDerivE2e():chain-training.cc:162) Numerator objf: 1.45299
LOG (nnet3-chain-train[5.5.1009~1-e4940]:ComputeChainObjfAndDerivE2e():chain-training.cc:162) Numerator objf: 1.60045
LOG (nnet3-chain-train[5.5.1009~1-e4940]:ComputeChainObjfAndDerivE2e():chain-training.cc:162) Numerator objf: 1.48344
LOG (nnet3-chain-train[5.5.1009~1-e4940]:ComputeChainObjfAndDerivE2e():chain-training.cc:162) Numerator objf: 1.66232
LOG (nnet3-chain-train[5.5.1009~1-e4940]:ComputeChainObjfAndDerivE2e():chain-training.cc:162) Numerator objf: 1.42307
LOG (nnet3-chain-train[5.5.1009~1-e4940]:ComputeChainObjfAndDerivE2e():chain-training.cc:162) Numerator objf: 1.50991
LOG (nnet3-chain-train[5.5.1009~1-e4940]:ComputeChainObjfAndDerivE2e():chain-training.cc:162) Numerator objf: 1.59235
LOG (nnet3-chain-train[5.5.1009~1-e4940]:PrintStatsForThisPhase():nnet-training.cc:278) Average objective function for 'output-xent' for minibatches 340-349 is -1.56196 over 28096 frames.
LOG (nnet3-chain-train[5.5.1009~1-e4940]:PrintStatsForThisPhase():nnet-training.cc:278) Average objective function for 'output' for minibatches 340-349 is -0.0832846 over 28096 frames.
LOG (nnet3-chain-train[5.5.1009~1-e4940]:ComputeChainObjfAndDerivE2e():chain-training.cc:162) Numerator objf: 1.54345
LOG (nnet3-chain-train[5.5.1009~1-e4940]:ComputeChainObjfAndDerivE2e():chain-training.cc:162) Numerator objf: 1.56725
LOG (nnet3-chain-train[5.5.1009~1-e4940]:ComputeChainObjfAndDerivE2e():chain-training.cc:162) Numerator objf: 1.51776
LOG (nnet3-chain-train[5.5.1009~1-e4940]:ComputeChainObjfAndDerivE2e():chain-training.cc:162) Numerator objf: 1.48146
LOG (nnet3-chain-train[5.5.1009~1-e4940]:ComputeChainObjfAndDerivE2e():chain-training.cc:162) Numerator objf: 1.62466
LOG (nnet3-chain-train[5.5.1009~1-e4940]:ComputeChainObjfAndDerivE2e():chain-training.cc:162) Numerator objf: 1.55884
LOG (nnet3-chain-train[5.5.1009~1-e4940]:ComputeChainObjfAndDerivE2e():chain-training.cc:162) Numerator objf: 1.58192
LOG (nnet3-chain-train[5.5.1009~1-e4940]:ComputeChainObjfAndDerivE2e():chain-training.cc:162) Numerator objf: 1.66497
LOG (nnet3-chain-train[5.5.1009~1-e4940]:ComputeChainObjfAndDerivE2e():chain-training.cc:162) Numerator objf: 1.53414
LOG (nnet3-chain-train[5.5.1009~1-e4940]:ComputeChainObjfAndDerivE2e():chain-training.cc:162) Numerator objf: 1.55945
LOG (nnet3-chain-train[5.5.1009~1-e4940]:PrintStatsForThisPhase():nnet-training.cc:278) Average objective function for 'output-xent' for minibatches 350-359 is -1.50496 over 28096 frames.
LOG (nnet3-chain-train[5.5.1009~1-e4940]:PrintStatsForThisPhase():nnet-training.cc:278) Average objective function for 'output' for minibatches 350-359 is -0.0707177 over 28096 frames.
LOG (nnet3-chain-train[5.5.1009~1-e4940]:ComputeChainObjfAndDerivE2e():chain-training.cc:162) Numerator objf: 1.581
LOG (nnet3-chain-train[5.5.1009~1-e4940]:ComputeChainObjfAndDerivE2e():chain-training.cc:162) Numerator objf: 1.44651
LOG (nnet3-chain-train[5.5.1009~1-e4940]:ComputeChainObjfAndDerivE2e():chain-training.cc:162) Numerator objf: 1.54968
LOG (nnet3-chain-train[5.5.1009~1-e4940]:ComputeChainObjfAndDerivE2e():chain-training.cc:162) Numerator objf: 1.47936
LOG (nnet3-chain-train[5.5.1009~1-e4940]:ComputeChainObjfAndDerivE2e():chain-training.cc:162) Numerator objf: 1.62101
LOG (nnet3-chain-train[5.5.1009~1-e4940]:ComputeChainObjfAndDerivE2e():chain-training.cc:162) Numerator objf: 1.54497
LOG (nnet3-chain-train[5.5.1009~1-e4940]:ComputeChainObjfAndDerivE2e():chain-training.cc:162) Numerator objf: 1.58569
LOG (nnet3-chain-train[5.5.1009~1-e4940]:ComputeChainObjfAndDerivE2e():chain-training.cc:162) Numerator objf: 1.61266
LOG (nnet3-chain-train[5.5.1009~1-e4940]:ComputeChainObjfAndDerivE2e():chain-training.cc:162) Numerator objf: 1.57458
LOG (nnet3-chain-train[5.5.1009~1-e4940]:ComputeChainObjfAndDerivE2e():chain-training.cc:162) Numerator objf: 1.63404
LOG (nnet3-chain-train[5.5.1009~1-e4940]:PrintStatsForThisPhase():nnet-training.cc:278) Average objective function for 'output-xent' for minibatches 360-369 is -1.57523 over 28288 frames.
LOG (nnet3-chain-train[5.5.1009~1-e4940]:PrintStatsForThisPhase():nnet-training.cc:278) Average objective function for 'output' for minibatches 360-369 is -0.0785875 over 28288 frames.
LOG (nnet3-chain-train[5.5.1009~1-e4940]:ComputeChainObjfAndDerivE2e():chain-training.cc:162) Numerator objf: 1.55999
LOG (nnet3-chain-train[5.5.1009~1-e4940]:ComputeChainObjfAndDerivE2e():chain-training.cc:162) Numerator objf: 1.71149
LOG (nnet3-chain-train[5.5.1009~1-e4940]:ComputeChainObjfAndDerivE2e():chain-training.cc:162) Numerator objf: 1.54895
LOG (nnet3-chain-train[5.5.1009~1-e4940]:ComputeChainObjfAndDerivE2e():chain-training.cc:162) Numerator objf: 1.68662
LOG (nnet3-chain-train[5.5.1009~1-e4940]:ComputeChainObjfAndDerivE2e():chain-training.cc:162) Numerator objf: 1.58861
LOG (nnet3-chain-train[5.5.1009~1-e4940]:ComputeChainObjfAndDerivE2e():chain-training.cc:162) Numerator objf: 1.57698
LOG (nnet3-chain-train[5.5.1009~1-e4940]:ComputeChainObjfAndDerivE2e():chain-training.cc:162) Numerator objf: 1.53455
LOG (nnet3-chain-train[5.5.1009~1-e4940]:ComputeChainObjfAndDerivE2e():chain-training.cc:162) Numerator objf: 1.71193
LOG (nnet3-chain-train[5.5.1009~1-e4940]:ComputeChainObjfAndDerivE2e():chain-training.cc:162) Numerator objf: 1.66567
LOG (nnet3-chain-train[5.5.1009~1-e4940]:ComputeChainObjfAndDerivE2e():chain-training.cc:162) Numerator objf: 1.50209
LOG (nnet3-chain-train[5.5.1009~1-e4940]:PrintStatsForThisPhase():nnet-training.cc:278) Average objective function for 'output-xent' for minibatches 370-379 is -1.52438 over 27264 frames.
LOG (nnet3-chain-train[5.5.1009~1-e4940]:PrintStatsForThisPhase():nnet-training.cc:278) Average objective function for 'output' for minibatches 370-379 is -0.0731458 over 27264 frames.
LOG (nnet3-chain-train[5.5.1009~1-e4940]:ComputeChainObjfAndDerivE2e():chain-training.cc:162) Numerator objf: 1.63859
LOG (nnet3-chain-train[5.5.1009~1-e4940]:ComputeChainObjfAndDerivE2e():chain-training.cc:162) Numerator objf: 1.68228
LOG (nnet3-chain-train[5.5.1009~1-e4940]:ComputeChainObjfAndDerivE2e():chain-training.cc:162) Numerator objf: 1.75262
LOG (nnet3-chain-train[5.5.1009~1-e4940]:ComputeChainObjfAndDerivE2e():chain-training.cc:162) Numerator objf: 1.68631
LOG (nnet3-chain-train[5.5.1009~1-e4940]:ComputeChainObjfAndDerivE2e():chain-training.cc:162) Numerator objf: 1.65669
LOG (nnet3-chain-train[5.5.1009~1-e4940]:ComputeChainObjfAndDerivE2e():chain-training.cc:162) Numerator objf: 1.6886
LOG (nnet3-chain-train[5.5.1009~1-e4940]:ComputeChainObjfAndDerivE2e():chain-training.cc:162) Numerator objf: 1.73075
LOG (nnet3-chain-train[5.5.1009~1-e4940]:ComputeChainObjfAndDerivE2e():chain-training.cc:162) Numerator objf: 1.72572
LOG (nnet3-chain-train[5.5.1009~1-e4940]:ComputeChainObjfAndDerivE2e():chain-training.cc:162) Numerator objf: 1.66814
LOG (nnet3-chain-train[5.5.1009~1-e4940]:ComputeChainObjfAndDerivE2e():chain-training.cc:162) Numerator objf: 1.62422
LOG (nnet3-chain-train[5.5.1009~1-e4940]:PrintStatsForThisPhase():nnet-training.cc:278) Average objective function for 'output-xent' for minibatches 380-389 is -1.48045 over 28288 frames.
LOG (nnet3-chain-train[5.5.1009~1-e4940]:PrintStatsForThisPhase():nnet-training.cc:278) Average objective function for 'output' for minibatches 380-389 is -0.0710415 over 28288 frames.
LOG (nnet3-chain-train[5.5.1009~1-e4940]:ComputeChainObjfAndDerivE2e():chain-training.cc:162) Numerator objf: 1.67453
LOG (nnet3-chain-train[5.5.1009~1-e4940]:ComputeChainObjfAndDerivE2e():chain-training.cc:162) Numerator objf: 1.64037
LOG (nnet3-chain-train[5.5.1009~1-e4940]:ComputeChainObjfAndDerivE2e():chain-training.cc:162) Numerator objf: 1.6111
LOG (nnet3-chain-train[5.5.1009~1-e4940]:ComputeChainObjfAndDerivE2e():chain-training.cc:162) Numerator objf: 1.75352
LOG (nnet3-chain-train[5.5.1009~1-e4940]:ComputeChainObjfAndDerivE2e():chain-training.cc:162) Numerator objf: 1.64488
LOG (nnet3-chain-train[5.5.1009~1-e4940]:ComputeChainObjfAndDerivE2e():chain-training.cc:162) Numerator objf: 1.53838
LOG (nnet3-chain-train[5.5.1009~1-e4940]:ComputeChainObjfAndDerivE2e():chain-training.cc:162) Numerator objf: 1.58843
LOG (nnet3-chain-train[5.5.1009~1-e4940]:ComputeChainObjfAndDerivE2e():chain-training.cc:162) Numerator objf: 1.68631
LOG (nnet3-chain-train[5.5.1009~1-e4940]:ComputeChainObjfAndDerivE2e():chain-training.cc:162) Numerator objf: 1.60752
LOG (nnet3-chain-train[5.5.1009~1-e4940]:ComputeChainObjfAndDerivE2e():chain-training.cc:162) Numerator objf: 1.61215
LOG (nnet3-chain-train[5.5.1009~1-e4940]:PrintStatsForThisPhase():nnet-training.cc:278) Average objective function for 'output-xent' for minibatches 390-399 is -1.51702 over 28096 frames.
LOG (nnet3-chain-train[5.5.1009~1-e4940]:PrintStatsForThisPhase():nnet-training.cc:278) Average objective function for 'output' for minibatches 390-399 is -0.0757554 over 28096 frames.
LOG (nnet3-chain-train[5.5.1009~1-e4940]:ComputeChainObjfAndDerivE2e():chain-training.cc:162) Numerator objf: 1.63364
LOG (nnet3-chain-train[5.5.1009~1-e4940]:ComputeChainObjfAndDerivE2e():chain-training.cc:162) Numerator objf: 1.60187
LOG (nnet3-chain-train[5.5.1009~1-e4940]:ComputeChainObjfAndDerivE2e():chain-training.cc:162) Numerator objf: 1.63252
LOG (nnet3-chain-train[5.5.1009~1-e4940]:ComputeChainObjfAndDerivE2e():chain-training.cc:162) Numerator objf: 1.6694
LOG (nnet3-chain-train[5.5.1009~1-e4940]:ComputeChainObjfAndDerivE2e():chain-training.cc:162) Numerator objf: 1.72497
LOG (nnet3-chain-train[5.5.1009~1-e4940]:ComputeChainObjfAndDerivE2e():chain-training.cc:162) Numerator objf: 1.64202
LOG (nnet3-chain-train[5.5.1009~1-e4940]:ComputeChainObjfAndDerivE2e():chain-training.cc:162) Numerator objf: 1.60817
LOG (nnet3-chain-train[5.5.1009~1-e4940]:ComputeChainObjfAndDerivE2e():chain-training.cc:162) Numerator objf: 1.70661
LOG (nnet3-chain-train[5.5.1009~1-e4940]:ComputeChainObjfAndDerivE2e():chain-training.cc:162) Numerator objf: 1.64266
LOG (nnet3-chain-train[5.5.1009~1-e4940]:ComputeChainObjfAndDerivE2e():chain-training.cc:162) Numerator objf: 1.64012
LOG (nnet3-chain-train[5.5.1009~1-e4940]:PrintStatsForThisPhase():nnet-training.cc:278) Average objective function for 'output-xent' for minibatches 400-409 is -1.50113 over 28096 frames.
LOG (nnet3-chain-train[5.5.1009~1-e4940]:PrintStatsForThisPhase():nnet-training.cc:278) Average objective function for 'output' for minibatches 400-409 is -0.0726849 over 28096 frames.
LOG (nnet3-chain-train[5.5.1009~1-e4940]:ComputeChainObjfAndDerivE2e():chain-training.cc:162) Numerator objf: 1.71021
LOG (nnet3-chain-train[5.5.1009~1-e4940]:ComputeChainObjfAndDerivE2e():chain-training.cc:162) Numerator objf: 1.74491
LOG (nnet3-chain-train[5.5.1009~1-e4940]:ComputeChainObjfAndDerivE2e():chain-training.cc:162) Numerator objf: 1.58829
LOG (nnet3-chain-train[5.5.1009~1-e4940]:ComputeChainObjfAndDerivE2e():chain-training.cc:162) Numerator objf: 1.56541
LOG (nnet3-chain-train[5.5.1009~1-e4940]:ComputeChainObjfAndDerivE2e():chain-training.cc:162) Numerator objf: 1.598
LOG (nnet3-chain-train[5.5.1009~1-e4940]:ComputeChainObjfAndDerivE2e():chain-training.cc:162) Numerator objf: 1.58757
LOG (nnet3-chain-train[5.5.1009~1-e4940]:ComputeChainObjfAndDerivE2e():chain-training.cc:162) Numerator objf: 1.7461
LOG (nnet3-chain-train[5.5.1009~1-e4940]:ComputeChainObjfAndDerivE2e():chain-training.cc:162) Numerator objf: 1.64274
LOG (nnet3-chain-train[5.5.1009~1-e4940]:ComputeChainObjfAndDerivE2e():chain-training.cc:162) Numerator objf: 1.64332
LOG (nnet3-chain-train[5.5.1009~1-e4940]:ComputeChainObjfAndDerivE2e():chain-training.cc:162) Numerator objf: 1.71058
LOG (nnet3-chain-train[5.5.1009~1-e4940]:PrintStatsForThisPhase():nnet-training.cc:278) Average objective function for 'output-xent' for minibatches 410-419 is -1.49806 over 28288 frames.
LOG (nnet3-chain-train[5.5.1009~1-e4940]:PrintStatsForThisPhase():nnet-training.cc:278) Average objective function for 'output' for minibatches 410-419 is -0.0724101 over 28288 frames.
LOG (nnet3-chain-train[5.5.1009~1-e4940]:ComputeChainObjfAndDerivE2e():chain-training.cc:162) Numerator objf: 1.58131
LOG (nnet3-chain-train[5.5.1009~1-e4940]:ComputeChainObjfAndDerivE2e():chain-training.cc:162) Numerator objf: 1.55208
LOG (nnet3-chain-train[5.5.1009~1-e4940]:ComputeChainObjfAndDerivE2e():chain-training.cc:162) Numerator objf: 1.69247
LOG (nnet3-chain-train[5.5.1009~1-e4940]:ComputeChainObjfAndDerivE2e():chain-training.cc:162) Numerator objf: 1.66804
LOG (nnet3-chain-train[5.5.1009~1-e4940]:ComputeChainObjfAndDerivE2e():chain-training.cc:162) Numerator objf: 1.61937
LOG (nnet3-chain-train[5.5.1009~1-e4940]:ComputeChainObjfAndDerivE2e():chain-training.cc:162) Numerator objf: 1.59116
LOG (nnet3-chain-train[5.5.1009~1-e4940]:ComputeChainObjfAndDerivE2e():chain-training.cc:162) Numerator objf: 1.6578
LOG (nnet3-chain-train[5.5.1009~1-e4940]:ComputeChainObjfAndDerivE2e():chain-training.cc:162) Numerator objf: 1.56921
LOG (nnet3-chain-train[5.5.1009~1-e4940]:ComputeChainObjfAndDerivE2e():chain-training.cc:162) Numerator objf: 1.53238
LOG (nnet3-chain-train[5.5.1009~1-e4940]:ComputeChainObjfAndDerivE2e():chain-training.cc:162) Numerator objf: 1.61623
LOG (nnet3-chain-train[5.5.1009~1-e4940]:PrintStatsForThisPhase():nnet-training.cc:278) Average objective function for 'output-xent' for minibatches 420-429 is -1.53201 over 28096 frames.
LOG (nnet3-chain-train[5.5.1009~1-e4940]:PrintStatsForThisPhase():nnet-training.cc:278) Average objective function for 'output' for minibatches 420-429 is -0.0783206 over 28096 frames.
LOG (nnet3-chain-train[5.5.1009~1-e4940]:ComputeChainObjfAndDerivE2e():chain-training.cc:162) Numerator objf: 1.68188
LOG (nnet3-chain-train[5.5.1009~1-e4940]:ComputeChainObjfAndDerivE2e():chain-training.cc:162) Numerator objf: 1.5466
LOG (nnet3-chain-train[5.5.1009~1-e4940]:ComputeChainObjfAndDerivE2e():chain-training.cc:162) Numerator objf: 1.51716
LOG (nnet3-chain-train[5.5.1009~1-e4940]:ComputeChainObjfAndDerivE2e():chain-training.cc:162) Numerator objf: 1.58586
LOG (nnet3-chain-train[5.5.1009~1-e4940]:ComputeChainObjfAndDerivE2e():chain-training.cc:162) Numerator objf: 1.5865
LOG (nnet3-chain-train[5.5.1009~1-e4940]:ComputeChainObjfAndDerivE2e():chain-training.cc:162) Numerator objf: 1.6547
LOG (nnet3-chain-train[5.5.1009~1-e4940]:ComputeChainObjfAndDerivE2e():chain-training.cc:162) Numerator objf: 1.61207
LOG (nnet3-chain-train[5.5.1009~1-e4940]:ComputeChainObjfAndDerivE2e():chain-training.cc:162) Numerator objf: 1.60492
LOG (nnet3-chain-train[5.5.1009~1-e4940]:ComputeChainObjfAndDerivE2e():chain-training.cc:162) Numerator objf: 1.52592
LOG (nnet3-chain-copy-egs[5.5.1009~1-e4940]:main():nnet3-chain-copy-egs.cc:395) Read 33409 neural-network training examples, wrote 33409
LOG (nnet3-chain-train[5.5.1009~1-e4940]:ComputeChainObjfAndDerivE2e():chain-training.cc:162) Numerator objf: 1.57432
LOG (nnet3-chain-train[5.5.1009~1-e4940]:PrintStatsForThisPhase():nnet-training.cc:278) Average objective function for 'output-xent' for minibatches 430-439 is -1.54154 over 27264 frames.
LOG (nnet3-chain-train[5.5.1009~1-e4940]:PrintStatsForThisPhase():nnet-training.cc:278) Average objective function for 'output' for minibatches 430-439 is -0.0789663 over 27264 frames.
LOG (nnet3-chain-train[5.5.1009~1-e4940]:ComputeChainObjfAndDerivE2e():chain-training.cc:162) Numerator objf: 1.5689
LOG (nnet3-chain-train[5.5.1009~1-e4940]:ComputeChainObjfAndDerivE2e():chain-training.cc:162) Numerator objf: 1.63048
LOG (nnet3-chain-train[5.5.1009~1-e4940]:ComputeChainObjfAndDerivE2e():chain-training.cc:162) Numerator objf: 1.65357
LOG (nnet3-chain-train[5.5.1009~1-e4940]:ComputeChainObjfAndDerivE2e():chain-training.cc:162) Numerator objf: 1.62062
LOG (nnet3-chain-train[5.5.1009~1-e4940]:ComputeChainObjfAndDerivE2e():chain-training.cc:162) Numerator objf: 1.53075
LOG (nnet3-chain-train[5.5.1009~1-e4940]:ComputeChainObjfAndDerivE2e():chain-training.cc:162) Numerator objf: 1.57477
LOG (nnet3-chain-train[5.5.1009~1-e4940]:ComputeChainObjfAndDerivE2e():chain-training.cc:162) Numerator objf: 1.58604
LOG (nnet3-chain-train[5.5.1009~1-e4940]:ComputeChainObjfAndDerivE2e():chain-training.cc:162) Numerator objf: 1.61444
LOG (nnet3-chain-train[5.5.1009~1-e4940]:ComputeChainObjfAndDerivE2e():chain-training.cc:162) Numerator objf: 1.6204
LOG (nnet3-chain-train[5.5.1009~1-e4940]:ComputeChainObjfAndDerivE2e():chain-training.cc:162) Numerator objf: 1.75985
LOG (nnet3-chain-train[5.5.1009~1-e4940]:PrintStatsForThisPhase():nnet-training.cc:278) Average objective function for 'output-xent' for minibatches 440-449 is -1.51894 over 29120 frames.
LOG (nnet3-chain-train[5.5.1009~1-e4940]:PrintStatsForThisPhase():nnet-training.cc:278) Average objective function for 'output' for minibatches 440-449 is -0.0722853 over 29120 frames.
LOG (nnet3-chain-train[5.5.1009~1-e4940]:ComputeChainObjfAndDerivE2e():chain-training.cc:162) Numerator objf: 1.6222
LOG (nnet3-chain-train[5.5.1009~1-e4940]:ComputeChainObjfAndDerivE2e():chain-training.cc:162) Numerator objf: 1.64745
LOG (nnet3-chain-train[5.5.1009~1-e4940]:ComputeChainObjfAndDerivE2e():chain-training.cc:162) Numerator objf: 1.59972
LOG (nnet3-chain-train[5.5.1009~1-e4940]:ComputeChainObjfAndDerivE2e():chain-training.cc:162) Numerator objf: 1.56919
LOG (nnet3-chain-train[5.5.1009~1-e4940]:ComputeChainObjfAndDerivE2e():chain-training.cc:162) Numerator objf: 1.75326
LOG (nnet3-chain-train[5.5.1009~1-e4940]:ComputeChainObjfAndDerivE2e():chain-training.cc:162) Numerator objf: 1.6365
LOG (nnet3-chain-train[5.5.1009~1-e4940]:ComputeChainObjfAndDerivE2e():chain-training.cc:162) Numerator objf: 1.71621
LOG (nnet3-chain-train[5.5.1009~1-e4940]:ComputeChainObjfAndDerivE2e():chain-training.cc:162) Numerator objf: 1.67555
LOG (nnet3-chain-train[5.5.1009~1-e4940]:ComputeChainObjfAndDerivE2e():chain-training.cc:162) Numerator objf: 1.63841
LOG (nnet3-chain-train[5.5.1009~1-e4940]:ComputeChainObjfAndDerivE2e():chain-training.cc:162) Numerator objf: 1.66548
LOG (nnet3-chain-train[5.5.1009~1-e4940]:PrintStatsForThisPhase():nnet-training.cc:278) Average objective function for 'output-xent' for minibatches 450-459 is -1.50764 over 27264 frames.
LOG (nnet3-chain-train[5.5.1009~1-e4940]:PrintStatsForThisPhase():nnet-training.cc:278) Average objective function for 'output' for minibatches 450-459 is -0.0733262 over 27264 frames.
LOG (nnet3-chain-train[5.5.1009~1-e4940]:ComputeChainObjfAndDerivE2e():chain-training.cc:162) Numerator objf: 1.70597
LOG (nnet3-chain-train[5.5.1009~1-e4940]:ComputeChainObjfAndDerivE2e():chain-training.cc:162) Numerator objf: 1.59458
LOG (nnet3-chain-train[5.5.1009~1-e4940]:ComputeChainObjfAndDerivE2e():chain-training.cc:162) Numerator objf: 1.61708
LOG (nnet3-chain-train[5.5.1009~1-e4940]:ComputeChainObjfAndDerivE2e():chain-training.cc:162) Numerator objf: 1.73083
LOG (nnet3-chain-train[5.5.1009~1-e4940]:ComputeChainObjfAndDerivE2e():chain-training.cc:162) Numerator objf: 1.62217
LOG (nnet3-chain-train[5.5.1009~1-e4940]:ComputeChainObjfAndDerivE2e():chain-training.cc:162) Numerator objf: 1.67624
LOG (nnet3-chain-train[5.5.1009~1-e4940]:ComputeChainObjfAndDerivE2e():chain-training.cc:162) Numerator objf: 1.668
LOG (nnet3-chain-train[5.5.1009~1-e4940]:ComputeChainObjfAndDerivE2e():chain-training.cc:162) Numerator objf: 1.54326
LOG (nnet3-chain-train[5.5.1009~1-e4940]:ComputeChainObjfAndDerivE2e():chain-training.cc:162) Numerator objf: 1.62676
LOG (nnet3-chain-train[5.5.1009~1-e4940]:ComputeChainObjfAndDerivE2e():chain-training.cc:162) Numerator objf: 1.59048
LOG (nnet3-chain-train[5.5.1009~1-e4940]:PrintStatsForThisPhase():nnet-training.cc:278) Average objective function for 'output-xent' for minibatches 460-469 is -1.52874 over 28096 frames.
LOG (nnet3-chain-train[5.5.1009~1-e4940]:PrintStatsForThisPhase():nnet-training.cc:278) Average objective function for 'output' for minibatches 460-469 is -0.0778792 over 28096 frames.
LOG (nnet3-chain-train[5.5.1009~1-e4940]:ComputeChainObjfAndDerivE2e():chain-training.cc:162) Numerator objf: 1.56853
LOG (nnet3-chain-train[5.5.1009~1-e4940]:ComputeChainObjfAndDerivE2e():chain-training.cc:162) Numerator objf: 1.64509
LOG (nnet3-chain-train[5.5.1009~1-e4940]:ComputeChainObjfAndDerivE2e():chain-training.cc:162) Numerator objf: 1.65647
LOG (nnet3-chain-train[5.5.1009~1-e4940]:ComputeChainObjfAndDerivE2e():chain-training.cc:162) Numerator objf: 1.62678
LOG (nnet3-chain-train[5.5.1009~1-e4940]:ComputeChainObjfAndDerivE2e():chain-training.cc:162) Numerator objf: 1.58131
LOG (nnet3-chain-train[5.5.1009~1-e4940]:ComputeChainObjfAndDerivE2e():chain-training.cc:162) Numerator objf: 1.56409
LOG (nnet3-chain-train[5.5.1009~1-e4940]:ComputeChainObjfAndDerivE2e():chain-training.cc:162) Numerator objf: 1.65327
LOG (nnet3-chain-train[5.5.1009~1-e4940]:ComputeChainObjfAndDerivE2e():chain-training.cc:162) Numerator objf: 1.56863
LOG (nnet3-chain-train[5.5.1009~1-e4940]:ComputeChainObjfAndDerivE2e():chain-training.cc:162) Numerator objf: 1.62809
LOG (nnet3-chain-train[5.5.1009~1-e4940]:ComputeChainObjfAndDerivE2e():chain-training.cc:162) Numerator objf: 1.58074
LOG (nnet3-chain-train[5.5.1009~1-e4940]:PrintStatsForThisPhase():nnet-training.cc:278) Average objective function for 'output-xent' for minibatches 470-479 is -1.52522 over 28288 frames.
LOG (nnet3-chain-train[5.5.1009~1-e4940]:PrintStatsForThisPhase():nnet-training.cc:278) Average objective function for 'output' for minibatches 470-479 is -0.0750592 over 28288 frames.
LOG (nnet3-chain-train[5.5.1009~1-e4940]:ComputeChainObjfAndDerivE2e():chain-training.cc:162) Numerator objf: 1.69702
LOG (nnet3-chain-train[5.5.1009~1-e4940]:ComputeChainObjfAndDerivE2e():chain-training.cc:162) Numerator objf: 1.57573
LOG (nnet3-chain-train[5.5.1009~1-e4940]:ComputeChainObjfAndDerivE2e():chain-training.cc:162) Numerator objf: 1.61939
LOG (nnet3-chain-train[5.5.1009~1-e4940]:ComputeChainObjfAndDerivE2e():chain-training.cc:162) Numerator objf: 1.69257
LOG (nnet3-chain-train[5.5.1009~1-e4940]:ComputeChainObjfAndDerivE2e():chain-training.cc:162) Numerator objf: 1.68374
LOG (nnet3-chain-train[5.5.1009~1-e4940]:ComputeChainObjfAndDerivE2e():chain-training.cc:162) Numerator objf: 1.54013
LOG (nnet3-chain-train[5.5.1009~1-e4940]:ComputeChainObjfAndDerivE2e():chain-training.cc:162) Numerator objf: 1.52247
LOG (nnet3-chain-train[5.5.1009~1-e4940]:ComputeChainObjfAndDerivE2e():chain-training.cc:162) Numerator objf: 1.61458
LOG (nnet3-chain-train[5.5.1009~1-e4940]:ComputeChainObjfAndDerivE2e():chain-training.cc:162) Numerator objf: 1.5776
LOG (nnet3-chain-train[5.5.1009~1-e4940]:ComputeChainObjfAndDerivE2e():chain-training.cc:162) Numerator objf: 1.58221
LOG (nnet3-chain-train[5.5.1009~1-e4940]:PrintStatsForThisPhase():nnet-training.cc:278) Average objective function for 'output-xent' for minibatches 480-489 is -1.51947 over 28096 frames.
LOG (nnet3-chain-train[5.5.1009~1-e4940]:PrintStatsForThisPhase():nnet-training.cc:278) Average objective function for 'output' for minibatches 480-489 is -0.08298 over 28096 frames.
LOG (nnet3-chain-train[5.5.1009~1-e4940]:ComputeChainObjfAndDerivE2e():chain-training.cc:162) Numerator objf: 1.55134
LOG (nnet3-chain-train[5.5.1009~1-e4940]:ComputeChainObjfAndDerivE2e():chain-training.cc:162) Numerator objf: 1.67766
LOG (nnet3-chain-train[5.5.1009~1-e4940]:ComputeChainObjfAndDerivE2e():chain-training.cc:162) Numerator objf: 1.52552
LOG (nnet3-chain-train[5.5.1009~1-e4940]:ComputeChainObjfAndDerivE2e():chain-training.cc:162) Numerator objf: 1.53219
LOG (nnet3-chain-train[5.5.1009~1-e4940]:ComputeChainObjfAndDerivE2e():chain-training.cc:162) Numerator objf: 1.56016
LOG (nnet3-chain-train[5.5.1009~1-e4940]:ComputeChainObjfAndDerivE2e():chain-training.cc:162) Numerator objf: 1.59411
LOG (nnet3-chain-train[5.5.1009~1-e4940]:ComputeChainObjfAndDerivE2e():chain-training.cc:162) Numerator objf: 1.59789
LOG (nnet3-chain-train[5.5.1009~1-e4940]:ComputeChainObjfAndDerivE2e():chain-training.cc:162) Numerator objf: 1.54209
LOG (nnet3-chain-train[5.5.1009~1-e4940]:ComputeChainObjfAndDerivE2e():chain-training.cc:162) Numerator objf: 1.60994
LOG (nnet3-chain-train[5.5.1009~1-e4940]:ComputeChainObjfAndDerivE2e():chain-training.cc:162) Numerator objf: 1.56182
LOG (nnet3-chain-train[5.5.1009~1-e4940]:PrintStatsForThisPhase():nnet-training.cc:278) Average objective function for 'output-xent' for minibatches 490-499 is -1.56131 over 28288 frames.
LOG (nnet3-chain-train[5.5.1009~1-e4940]:PrintStatsForThisPhase():nnet-training.cc:278) Average objective function for 'output' for minibatches 490-499 is -0.0805003 over 28288 frames.
LOG (nnet3-chain-train[5.5.1009~1-e4940]:ComputeChainObjfAndDerivE2e():chain-training.cc:162) Numerator objf: 1.54172
LOG (nnet3-chain-train[5.5.1009~1-e4940]:ComputeChainObjfAndDerivE2e():chain-training.cc:162) Numerator objf: 1.66568
LOG (nnet3-chain-train[5.5.1009~1-e4940]:ComputeChainObjfAndDerivE2e():chain-training.cc:162) Numerator objf: 1.52972
LOG (nnet3-chain-train[5.5.1009~1-e4940]:ComputeChainObjfAndDerivE2e():chain-training.cc:162) Numerator objf: 1.59572
LOG (nnet3-chain-train[5.5.1009~1-e4940]:ComputeChainObjfAndDerivE2e():chain-training.cc:162) Numerator objf: 1.58262
LOG (nnet3-chain-train[5.5.1009~1-e4940]:ComputeChainObjfAndDerivE2e():chain-training.cc:162) Numerator objf: 1.56602
LOG (nnet3-chain-train[5.5.1009~1-e4940]:ComputeChainObjfAndDerivE2e():chain-training.cc:162) Numerator objf: 1.50792
LOG (nnet3-chain-train[5.5.1009~1-e4940]:ComputeChainObjfAndDerivE2e():chain-training.cc:162) Numerator objf: 1.59143
LOG (nnet3-chain-train[5.5.1009~1-e4940]:ComputeChainObjfAndDerivE2e():chain-training.cc:162) Numerator objf: 1.45656
LOG (nnet3-chain-train[5.5.1009~1-e4940]:ComputeChainObjfAndDerivE2e():chain-training.cc:162) Numerator objf: 1.58993
LOG (nnet3-chain-train[5.5.1009~1-e4940]:PrintStatsForThisPhase():nnet-training.cc:278) Average objective function for 'output-xent' for minibatches 500-509 is -1.58867 over 28096 frames.
LOG (nnet3-chain-train[5.5.1009~1-e4940]:PrintStatsForThisPhase():nnet-training.cc:278) Average objective function for 'output' for minibatches 500-509 is -0.0810088 over 28096 frames.
LOG (nnet3-chain-train[5.5.1009~1-e4940]:ComputeChainObjfAndDerivE2e():chain-training.cc:162) Numerator objf: 1.60379
LOG (nnet3-chain-train[5.5.1009~1-e4940]:ComputeChainObjfAndDerivE2e():chain-training.cc:162) Numerator objf: 1.57019
LOG (nnet3-chain-train[5.5.1009~1-e4940]:ComputeChainObjfAndDerivE2e():chain-training.cc:162) Numerator objf: 1.66329
LOG (nnet3-chain-train[5.5.1009~1-e4940]:ComputeChainObjfAndDerivE2e():chain-training.cc:162) Numerator objf: 1.62847
LOG (nnet3-chain-train[5.5.1009~1-e4940]:ComputeChainObjfAndDerivE2e():chain-training.cc:162) Numerator objf: 1.58169
LOG (nnet3-chain-train[5.5.1009~1-e4940]:ComputeChainObjfAndDerivE2e():chain-training.cc:162) Numerator objf: 1.58538
LOG (nnet3-chain-train[5.5.1009~1-e4940]:ComputeChainObjfAndDerivE2e():chain-training.cc:162) Numerator objf: 1.64366
LOG (nnet3-chain-shuffle-egs[5.5.1009~1-e4940]:main():nnet3-chain-shuffle-egs.cc:104) Shuffled order of 33409 neural-network training examples using a buffer (partial randomization)
LOG (nnet3-chain-merge-egs[5.5.1009~1-e4940]:PrintSpecificStats():nnet-example-utils.cc:1159) Merged specific eg types as follows [format: <eg-size1>={<mb-size1>-><num-minibatches1>,<mbsize2>-><num-minibatches2>.../d=<num-discarded>},<egs-size2>={...},... (note,egs-size == number of input frames including context).
LOG (nnet3-chain-merge-egs[5.5.1009~1-e4940]:PrintSpecificStats():nnet-example-utils.cc:1189) 160={64->133,d=8},169={64->76,d=59},208={64->311,d=62}
LOG (nnet3-chain-merge-egs[5.5.1009~1-e4940]:PrintAggregateStats():nnet-example-utils.cc:1155) Processed 33409 egs of avg. size 190 into 520 minibatches, discarding 0.3861% of egs.  Avg minibatch size was 64, #distinct types of egs/minibatches was 3/3
LOG (nnet3-chain-train[5.5.1009~1-e4940]:ComputeChainObjfAndDerivE2e():chain-training.cc:162) Numerator objf: 1.54518
LOG (nnet3-chain-train[5.5.1009~1-e4940]:ComputeChainObjfAndDerivE2e():chain-training.cc:162) Numerator objf: 1.56618
LOG (nnet3-chain-train[5.5.1009~1-e4940]:PrintTotalStats():nnet-training.cc:317) Overall average objective function for 'output' is -0.0754157 over 1.46458e+06 frames.
LOG (nnet3-chain-train[5.5.1009~1-e4940]:PrintTotalStats():nnet-training.cc:324) [this line is to be parsed by a script:] log-prob-per-frame=-0.0754157
LOG (nnet3-chain-train[5.5.1009~1-e4940]:PrintTotalStats():nnet-training.cc:317) Overall average objective function for 'output-xent' is -1.52105 over 1.46458e+06 frames.
LOG (nnet3-chain-train[5.5.1009~1-e4940]:PrintTotalStats():nnet-training.cc:324) [this line is to be parsed by a script:] log-prob-per-frame=-1.52105
LOG (nnet3-chain-train[5.5.1009~1-e4940]:~CachingOptimizingCompiler():nnet-optimize.cc:710) 0.318 seconds taken in nnet3 compilation total (breakdown: 0.17 compilation, 0.0185 optimization, 0.0892 shortcut expansion, 0.00403 checking, 0.000959 computing indexes, 0.0357 misc.) + 0.228 I/O.
LOG (nnet3-chain-train[5.5.1009~1-e4940]:main():nnet3-chain-train.cc:101) Wrote raw model to telugu_exp/chain_cleaned_1d/tdnn1d_sp/8.5.raw
# Accounting: time=2031 threads=1
# Ended (code 0) at Wed Jun 15 05:18:51 UTC 2022, elapsed time 2031 seconds
