# nnet3-chain-train --use-gpu=wait --apply-deriv-weights=False --l2-regularize=0.0 --leaky-hmm-coefficient=0.1 --read-cache=telugu_exp/chain_cleaned_1d/tdnn1d_sp/cache.11 --xent-regularize=0.1 --print-interval=10 --momentum=0.0 --max-param-change=2.0 --backstitch-training-scale=0.0 --backstitch-training-interval=1 --l2-regularize-factor=0.125 --optimization.memory-compression-level=2 --srand=11 "nnet3-am-copy --raw=true --learning-rate=0.0009023000539156408 --scale=1.0 telugu_exp/chain_cleaned_1d/tdnn1d_sp/11.mdl - |nnet3-copy --edits='set-dropout-proportion name=* proportion=0.24279835390946497' - - |" telugu_exp/chain_cleaned_1d/tdnn1d_sp/den.fst "ark,bg:nnet3-chain-copy-egs                          --frame-shift=2                         ark:telugu_exp/chain_cleaned_1d/tdnn1d_sp/egs/cegs.1.ark ark:- |                         nnet3-chain-shuffle-egs --buffer-size=5000                         --srand=11 ark:- ark:- | nnet3-chain-merge-egs                         --minibatch-size=64 ark:- ark:- |" telugu_exp/chain_cleaned_1d/tdnn1d_sp/12.8.raw 
# Started at Wed Jun 15 07:14:05 UTC 2022
#
nnet3-chain-train --use-gpu=wait --apply-deriv-weights=False --l2-regularize=0.0 --leaky-hmm-coefficient=0.1 --read-cache=telugu_exp/chain_cleaned_1d/tdnn1d_sp/cache.11 --xent-regularize=0.1 --print-interval=10 --momentum=0.0 --max-param-change=2.0 --backstitch-training-scale=0.0 --backstitch-training-interval=1 --l2-regularize-factor=0.125 --optimization.memory-compression-level=2 --srand=11 "nnet3-am-copy --raw=true --learning-rate=0.0009023000539156408 --scale=1.0 telugu_exp/chain_cleaned_1d/tdnn1d_sp/11.mdl - |nnet3-copy --edits='set-dropout-proportion name=* proportion=0.24279835390946497' - - |" telugu_exp/chain_cleaned_1d/tdnn1d_sp/den.fst 'ark,bg:nnet3-chain-copy-egs                          --frame-shift=2                         ark:telugu_exp/chain_cleaned_1d/tdnn1d_sp/egs/cegs.1.ark ark:- |                         nnet3-chain-shuffle-egs --buffer-size=5000                         --srand=11 ark:- ark:- | nnet3-chain-merge-egs                         --minibatch-size=64 ark:- ark:- |' telugu_exp/chain_cleaned_1d/tdnn1d_sp/12.8.raw 
WARNING (nnet3-chain-train[5.5.1009~1-e4940]:SelectGpuId():cu-device.cc:221) Will try again indefinitely every 5 seconds to get a GPU.
WARNING (nnet3-chain-train[5.5.1009~1-e4940]:SelectGpuId():cu-device.cc:229) Waited 1370 seconds before creating CUDA context
LOG (nnet3-chain-train[5.5.1009~1-e4940]:SelectGpuId():cu-device.cc:238) CUDA setup operating under Compute Exclusive Mode.
LOG (nnet3-chain-train[5.5.1009~1-e4940]:FinalizeActiveGpu():cu-device.cc:338) The active GPU is [0]: Tesla K80	free:11313M, used:127M, total:11441M, free/total:0.988856 version 3.7
nnet3-copy '--edits=set-dropout-proportion name=* proportion=0.24279835390946497' - - 
nnet3-am-copy --raw=true --learning-rate=0.0009023000539156408 --scale=1.0 telugu_exp/chain_cleaned_1d/tdnn1d_sp/11.mdl - 
LOG (nnet3-am-copy[5.5.1009~1-e4940]:main():nnet3-am-copy.cc:153) Copied neural net from telugu_exp/chain_cleaned_1d/tdnn1d_sp/11.mdl to raw format as -
LOG (nnet3-copy[5.5.1009~1-e4940]:ReadEditConfig():nnet-utils.cc:1413) Set dropout proportions for 13 components.
LOG (nnet3-copy[5.5.1009~1-e4940]:main():nnet3-copy.cc:123) Copied raw neural net from - to -
LOG (nnet3-chain-train[5.5.1009~1-e4940]:NnetChainTrainer():nnet-chain-training.cc:51) Read computation cache from telugu_exp/chain_cleaned_1d/tdnn1d_sp/cache.11
nnet3-chain-merge-egs --minibatch-size=64 ark:- ark:- 
nnet3-chain-shuffle-egs --buffer-size=5000 --srand=11 ark:- ark:- 
nnet3-chain-copy-egs --frame-shift=2 ark:telugu_exp/chain_cleaned_1d/tdnn1d_sp/egs/cegs.1.ark ark:- 
LOG (nnet3-chain-train[5.5.1009~1-e4940]:ComputeChainObjfAndDerivE2e():chain-training.cc:162) Numerator objf: 1.89913
LOG (nnet3-chain-train[5.5.1009~1-e4940]:ComputeChainObjfAndDerivE2e():chain-training.cc:162) Numerator objf: 1.89412
LOG (nnet3-chain-train[5.5.1009~1-e4940]:ComputeChainObjfAndDerivE2e():chain-training.cc:162) Numerator objf: 1.94259
LOG (nnet3-chain-train[5.5.1009~1-e4940]:ComputeChainObjfAndDerivE2e():chain-training.cc:162) Numerator objf: 1.83737
LOG (nnet3-chain-train[5.5.1009~1-e4940]:ComputeChainObjfAndDerivE2e():chain-training.cc:162) Numerator objf: 1.93561
LOG (nnet3-chain-train[5.5.1009~1-e4940]:ComputeChainObjfAndDerivE2e():chain-training.cc:162) Numerator objf: 1.82769
LOG (nnet3-chain-train[5.5.1009~1-e4940]:ComputeChainObjfAndDerivE2e():chain-training.cc:162) Numerator objf: 1.84247
LOG (nnet3-chain-train[5.5.1009~1-e4940]:ComputeChainObjfAndDerivE2e():chain-training.cc:162) Numerator objf: 1.84487
LOG (nnet3-chain-train[5.5.1009~1-e4940]:ComputeChainObjfAndDerivE2e():chain-training.cc:162) Numerator objf: 1.75376
LOG (nnet3-chain-train[5.5.1009~1-e4940]:ComputeChainObjfAndDerivE2e():chain-training.cc:162) Numerator objf: 1.73001
LOG (nnet3-chain-train[5.5.1009~1-e4940]:ComputeChainObjfAndDerivE2e():chain-training.cc:162) Numerator objf: 1.82981
LOG (nnet3-chain-train[5.5.1009~1-e4940]:PrintStatsForThisPhase():nnet-training.cc:278) Average objective function for 'output-xent' for minibatches 0-9 is -1.27812 over 29120 frames.
LOG (nnet3-chain-train[5.5.1009~1-e4940]:PrintStatsForThisPhase():nnet-training.cc:278) Average objective function for 'output' for minibatches 0-9 is -0.057048 over 29120 frames.
LOG (nnet3-chain-train[5.5.1009~1-e4940]:ComputeChainObjfAndDerivE2e():chain-training.cc:162) Numerator objf: 1.76965
LOG (nnet3-chain-train[5.5.1009~1-e4940]:ComputeChainObjfAndDerivE2e():chain-training.cc:162) Numerator objf: 1.90724
LOG (nnet3-chain-train[5.5.1009~1-e4940]:ComputeChainObjfAndDerivE2e():chain-training.cc:162) Numerator objf: 1.79044
LOG (nnet3-chain-train[5.5.1009~1-e4940]:ComputeChainObjfAndDerivE2e():chain-training.cc:162) Numerator objf: 1.7385
LOG (nnet3-chain-train[5.5.1009~1-e4940]:ComputeChainObjfAndDerivE2e():chain-training.cc:162) Numerator objf: 1.87006
LOG (nnet3-chain-train[5.5.1009~1-e4940]:ComputeChainObjfAndDerivE2e():chain-training.cc:162) Numerator objf: 1.79106
LOG (nnet3-chain-train[5.5.1009~1-e4940]:ComputeChainObjfAndDerivE2e():chain-training.cc:162) Numerator objf: 1.76889
LOG (nnet3-chain-train[5.5.1009~1-e4940]:ComputeChainObjfAndDerivE2e():chain-training.cc:162) Numerator objf: 1.85902
LOG (nnet3-chain-train[5.5.1009~1-e4940]:ComputeChainObjfAndDerivE2e():chain-training.cc:162) Numerator objf: 1.77068
LOG (nnet3-chain-train[5.5.1009~1-e4940]:ComputeChainObjfAndDerivE2e():chain-training.cc:162) Numerator objf: 1.92427
LOG (nnet3-chain-train[5.5.1009~1-e4940]:PrintStatsForThisPhase():nnet-training.cc:278) Average objective function for 'output-xent' for minibatches 10-19 is -1.3055 over 28096 frames.
LOG (nnet3-chain-train[5.5.1009~1-e4940]:PrintStatsForThisPhase():nnet-training.cc:278) Average objective function for 'output' for minibatches 10-19 is -0.0632873 over 28096 frames.
LOG (nnet3-chain-train[5.5.1009~1-e4940]:ComputeChainObjfAndDerivE2e():chain-training.cc:162) Numerator objf: 1.78174
LOG (nnet3-chain-train[5.5.1009~1-e4940]:ComputeChainObjfAndDerivE2e():chain-training.cc:162) Numerator objf: 1.81972
LOG (nnet3-chain-train[5.5.1009~1-e4940]:ComputeChainObjfAndDerivE2e():chain-training.cc:162) Numerator objf: 1.8753
LOG (nnet3-chain-train[5.5.1009~1-e4940]:ComputeChainObjfAndDerivE2e():chain-training.cc:162) Numerator objf: 1.8288
LOG (nnet3-chain-train[5.5.1009~1-e4940]:ComputeChainObjfAndDerivE2e():chain-training.cc:162) Numerator objf: 1.76359
LOG (nnet3-chain-train[5.5.1009~1-e4940]:ComputeChainObjfAndDerivE2e():chain-training.cc:162) Numerator objf: 1.86
LOG (nnet3-chain-train[5.5.1009~1-e4940]:ComputeChainObjfAndDerivE2e():chain-training.cc:162) Numerator objf: 1.83842
LOG (nnet3-chain-train[5.5.1009~1-e4940]:ComputeChainObjfAndDerivE2e():chain-training.cc:162) Numerator objf: 1.78614
LOG (nnet3-chain-train[5.5.1009~1-e4940]:ComputeChainObjfAndDerivE2e():chain-training.cc:162) Numerator objf: 1.78154
LOG (nnet3-chain-train[5.5.1009~1-e4940]:ComputeChainObjfAndDerivE2e():chain-training.cc:162) Numerator objf: 1.82713
LOG (nnet3-chain-train[5.5.1009~1-e4940]:PrintStatsForThisPhase():nnet-training.cc:278) Average objective function for 'output-xent' for minibatches 20-29 is -1.30224 over 28288 frames.
LOG (nnet3-chain-train[5.5.1009~1-e4940]:PrintStatsForThisPhase():nnet-training.cc:278) Average objective function for 'output' for minibatches 20-29 is -0.0613244 over 28288 frames.
LOG (nnet3-chain-train[5.5.1009~1-e4940]:ComputeChainObjfAndDerivE2e():chain-training.cc:162) Numerator objf: 1.85998
LOG (nnet3-chain-train[5.5.1009~1-e4940]:ComputeChainObjfAndDerivE2e():chain-training.cc:162) Numerator objf: 1.80883
LOG (nnet3-chain-train[5.5.1009~1-e4940]:ComputeChainObjfAndDerivE2e():chain-training.cc:162) Numerator objf: 1.93141
LOG (nnet3-chain-train[5.5.1009~1-e4940]:ComputeChainObjfAndDerivE2e():chain-training.cc:162) Numerator objf: 1.77189
LOG (nnet3-chain-train[5.5.1009~1-e4940]:ComputeChainObjfAndDerivE2e():chain-training.cc:162) Numerator objf: 1.79485
LOG (nnet3-chain-train[5.5.1009~1-e4940]:ComputeChainObjfAndDerivE2e():chain-training.cc:162) Numerator objf: 1.83276
LOG (nnet3-chain-train[5.5.1009~1-e4940]:ComputeChainObjfAndDerivE2e():chain-training.cc:162) Numerator objf: 1.8262
LOG (nnet3-chain-train[5.5.1009~1-e4940]:ComputeChainObjfAndDerivE2e():chain-training.cc:162) Numerator objf: 1.79867
LOG (nnet3-chain-train[5.5.1009~1-e4940]:ComputeChainObjfAndDerivE2e():chain-training.cc:162) Numerator objf: 1.82983
LOG (nnet3-chain-train[5.5.1009~1-e4940]:ComputeChainObjfAndDerivE2e():chain-training.cc:162) Numerator objf: 1.77809
LOG (nnet3-chain-train[5.5.1009~1-e4940]:PrintStatsForThisPhase():nnet-training.cc:278) Average objective function for 'output-xent' for minibatches 30-39 is -1.24862 over 28096 frames.
LOG (nnet3-chain-train[5.5.1009~1-e4940]:PrintStatsForThisPhase():nnet-training.cc:278) Average objective function for 'output' for minibatches 30-39 is -0.058101 over 28096 frames.
LOG (nnet3-chain-train[5.5.1009~1-e4940]:ComputeChainObjfAndDerivE2e():chain-training.cc:162) Numerator objf: 1.94213
LOG (nnet3-chain-train[5.5.1009~1-e4940]:ComputeChainObjfAndDerivE2e():chain-training.cc:162) Numerator objf: 1.88456
LOG (nnet3-chain-train[5.5.1009~1-e4940]:ComputeChainObjfAndDerivE2e():chain-training.cc:162) Numerator objf: 1.75853
LOG (nnet3-chain-train[5.5.1009~1-e4940]:ComputeChainObjfAndDerivE2e():chain-training.cc:162) Numerator objf: 1.87587
LOG (nnet3-chain-train[5.5.1009~1-e4940]:ComputeChainObjfAndDerivE2e():chain-training.cc:162) Numerator objf: 1.84671
LOG (nnet3-chain-train[5.5.1009~1-e4940]:ComputeChainObjfAndDerivE2e():chain-training.cc:162) Numerator objf: 1.80315
LOG (nnet3-chain-train[5.5.1009~1-e4940]:ComputeChainObjfAndDerivE2e():chain-training.cc:162) Numerator objf: 1.81603
LOG (nnet3-chain-train[5.5.1009~1-e4940]:ComputeChainObjfAndDerivE2e():chain-training.cc:162) Numerator objf: 1.87726
LOG (nnet3-chain-train[5.5.1009~1-e4940]:ComputeChainObjfAndDerivE2e():chain-training.cc:162) Numerator objf: 1.74551
LOG (nnet3-chain-train[5.5.1009~1-e4940]:ComputeChainObjfAndDerivE2e():chain-training.cc:162) Numerator objf: 1.79559
LOG (nnet3-chain-train[5.5.1009~1-e4940]:PrintStatsForThisPhase():nnet-training.cc:278) Average objective function for 'output-xent' for minibatches 40-49 is -1.31346 over 28288 frames.
LOG (nnet3-chain-train[5.5.1009~1-e4940]:PrintStatsForThisPhase():nnet-training.cc:278) Average objective function for 'output' for minibatches 40-49 is -0.060233 over 28288 frames.
LOG (nnet3-chain-train[5.5.1009~1-e4940]:ComputeChainObjfAndDerivE2e():chain-training.cc:162) Numerator objf: 1.84448
LOG (nnet3-chain-train[5.5.1009~1-e4940]:ComputeChainObjfAndDerivE2e():chain-training.cc:162) Numerator objf: 1.72309
LOG (nnet3-chain-train[5.5.1009~1-e4940]:ComputeChainObjfAndDerivE2e():chain-training.cc:162) Numerator objf: 1.74218
LOG (nnet3-chain-train[5.5.1009~1-e4940]:ComputeChainObjfAndDerivE2e():chain-training.cc:162) Numerator objf: 1.9038
LOG (nnet3-chain-train[5.5.1009~1-e4940]:ComputeChainObjfAndDerivE2e():chain-training.cc:162) Numerator objf: 1.87471
LOG (nnet3-chain-train[5.5.1009~1-e4940]:ComputeChainObjfAndDerivE2e():chain-training.cc:162) Numerator objf: 1.80847
LOG (nnet3-chain-train[5.5.1009~1-e4940]:ComputeChainObjfAndDerivE2e():chain-training.cc:162) Numerator objf: 1.81366
LOG (nnet3-chain-train[5.5.1009~1-e4940]:ComputeChainObjfAndDerivE2e():chain-training.cc:162) Numerator objf: 1.82026
LOG (nnet3-chain-train[5.5.1009~1-e4940]:ComputeChainObjfAndDerivE2e():chain-training.cc:162) Numerator objf: 1.83562
LOG (nnet3-chain-train[5.5.1009~1-e4940]:ComputeChainObjfAndDerivE2e():chain-training.cc:162) Numerator objf: 1.86562
LOG (nnet3-chain-train[5.5.1009~1-e4940]:PrintStatsForThisPhase():nnet-training.cc:278) Average objective function for 'output-xent' for minibatches 50-59 is -1.33491 over 28096 frames.
LOG (nnet3-chain-train[5.5.1009~1-e4940]:PrintStatsForThisPhase():nnet-training.cc:278) Average objective function for 'output' for minibatches 50-59 is -0.0627335 over 28096 frames.
LOG (nnet3-chain-train[5.5.1009~1-e4940]:ComputeChainObjfAndDerivE2e():chain-training.cc:162) Numerator objf: 1.76704
LOG (nnet3-chain-train[5.5.1009~1-e4940]:ComputeChainObjfAndDerivE2e():chain-training.cc:162) Numerator objf: 1.78738
LOG (nnet3-chain-train[5.5.1009~1-e4940]:ComputeChainObjfAndDerivE2e():chain-training.cc:162) Numerator objf: 1.90316
LOG (nnet3-chain-train[5.5.1009~1-e4940]:ComputeChainObjfAndDerivE2e():chain-training.cc:162) Numerator objf: 1.81462
LOG (nnet3-chain-train[5.5.1009~1-e4940]:ComputeChainObjfAndDerivE2e():chain-training.cc:162) Numerator objf: 1.79793
LOG (nnet3-chain-train[5.5.1009~1-e4940]:ComputeChainObjfAndDerivE2e():chain-training.cc:162) Numerator objf: 1.78373
LOG (nnet3-chain-train[5.5.1009~1-e4940]:ComputeChainObjfAndDerivE2e():chain-training.cc:162) Numerator objf: 1.8823
LOG (nnet3-chain-train[5.5.1009~1-e4940]:ComputeChainObjfAndDerivE2e():chain-training.cc:162) Numerator objf: 1.89112
LOG (nnet3-chain-train[5.5.1009~1-e4940]:ComputeChainObjfAndDerivE2e():chain-training.cc:162) Numerator objf: 1.66862
LOG (nnet3-chain-train[5.5.1009~1-e4940]:ComputeChainObjfAndDerivE2e():chain-training.cc:162) Numerator objf: 1.69629
LOG (nnet3-chain-train[5.5.1009~1-e4940]:PrintStatsForThisPhase():nnet-training.cc:278) Average objective function for 'output-xent' for minibatches 60-69 is -1.39186 over 28288 frames.
LOG (nnet3-chain-train[5.5.1009~1-e4940]:PrintStatsForThisPhase():nnet-training.cc:278) Average objective function for 'output' for minibatches 60-69 is -0.0645825 over 28288 frames.
LOG (nnet3-chain-train[5.5.1009~1-e4940]:ComputeChainObjfAndDerivE2e():chain-training.cc:162) Numerator objf: 1.7378
LOG (nnet3-chain-train[5.5.1009~1-e4940]:ComputeChainObjfAndDerivE2e():chain-training.cc:162) Numerator objf: 1.71845
LOG (nnet3-chain-train[5.5.1009~1-e4940]:ComputeChainObjfAndDerivE2e():chain-training.cc:162) Numerator objf: 1.74028
LOG (nnet3-chain-train[5.5.1009~1-e4940]:ComputeChainObjfAndDerivE2e():chain-training.cc:162) Numerator objf: 1.70952
LOG (nnet3-chain-train[5.5.1009~1-e4940]:ComputeChainObjfAndDerivE2e():chain-training.cc:162) Numerator objf: 1.69323
LOG (nnet3-chain-train[5.5.1009~1-e4940]:ComputeChainObjfAndDerivE2e():chain-training.cc:162) Numerator objf: 1.78512
LOG (nnet3-chain-train[5.5.1009~1-e4940]:ComputeChainObjfAndDerivE2e():chain-training.cc:162) Numerator objf: 1.74836
LOG (nnet3-chain-train[5.5.1009~1-e4940]:ComputeChainObjfAndDerivE2e():chain-training.cc:162) Numerator objf: 1.7493
LOG (nnet3-chain-train[5.5.1009~1-e4940]:ComputeChainObjfAndDerivE2e():chain-training.cc:162) Numerator objf: 1.85103
LOG (nnet3-chain-train[5.5.1009~1-e4940]:ComputeChainObjfAndDerivE2e():chain-training.cc:162) Numerator objf: 1.72435
LOG (nnet3-chain-train[5.5.1009~1-e4940]:PrintStatsForThisPhase():nnet-training.cc:278) Average objective function for 'output-xent' for minibatches 70-79 is -1.37937 over 28096 frames.
LOG (nnet3-chain-train[5.5.1009~1-e4940]:PrintStatsForThisPhase():nnet-training.cc:278) Average objective function for 'output' for minibatches 70-79 is -0.0678785 over 28096 frames.
LOG (nnet3-chain-train[5.5.1009~1-e4940]:ComputeChainObjfAndDerivE2e():chain-training.cc:162) Numerator objf: 1.79957
LOG (nnet3-chain-train[5.5.1009~1-e4940]:ComputeChainObjfAndDerivE2e():chain-training.cc:162) Numerator objf: 1.77913
LOG (nnet3-chain-train[5.5.1009~1-e4940]:ComputeChainObjfAndDerivE2e():chain-training.cc:162) Numerator objf: 1.71114
LOG (nnet3-chain-train[5.5.1009~1-e4940]:ComputeChainObjfAndDerivE2e():chain-training.cc:162) Numerator objf: 1.78971
LOG (nnet3-chain-train[5.5.1009~1-e4940]:ComputeChainObjfAndDerivE2e():chain-training.cc:162) Numerator objf: 1.7166
LOG (nnet3-chain-train[5.5.1009~1-e4940]:ComputeChainObjfAndDerivE2e():chain-training.cc:162) Numerator objf: 1.72917
LOG (nnet3-chain-train[5.5.1009~1-e4940]:ComputeChainObjfAndDerivE2e():chain-training.cc:162) Numerator objf: 1.80388
LOG (nnet3-chain-train[5.5.1009~1-e4940]:ComputeChainObjfAndDerivE2e():chain-training.cc:162) Numerator objf: 1.81708
LOG (nnet3-chain-train[5.5.1009~1-e4940]:ComputeChainObjfAndDerivE2e():chain-training.cc:162) Numerator objf: 1.71387
LOG (nnet3-chain-train[5.5.1009~1-e4940]:ComputeChainObjfAndDerivE2e():chain-training.cc:162) Numerator objf: 1.73983
LOG (nnet3-chain-train[5.5.1009~1-e4940]:PrintStatsForThisPhase():nnet-training.cc:278) Average objective function for 'output-xent' for minibatches 80-89 is -1.42515 over 28288 frames.
LOG (nnet3-chain-train[5.5.1009~1-e4940]:PrintStatsForThisPhase():nnet-training.cc:278) Average objective function for 'output' for minibatches 80-89 is -0.0716663 over 28288 frames.
LOG (nnet3-chain-train[5.5.1009~1-e4940]:ComputeChainObjfAndDerivE2e():chain-training.cc:162) Numerator objf: 1.82529
LOG (nnet3-chain-train[5.5.1009~1-e4940]:ComputeChainObjfAndDerivE2e():chain-training.cc:162) Numerator objf: 1.76439
LOG (nnet3-chain-train[5.5.1009~1-e4940]:ComputeChainObjfAndDerivE2e():chain-training.cc:162) Numerator objf: 1.76018
LOG (nnet3-chain-train[5.5.1009~1-e4940]:ComputeChainObjfAndDerivE2e():chain-training.cc:162) Numerator objf: 1.76297
LOG (nnet3-chain-train[5.5.1009~1-e4940]:ComputeChainObjfAndDerivE2e():chain-training.cc:162) Numerator objf: 1.76098
LOG (nnet3-chain-train[5.5.1009~1-e4940]:ComputeChainObjfAndDerivE2e():chain-training.cc:162) Numerator objf: 1.82108
LOG (nnet3-chain-train[5.5.1009~1-e4940]:ComputeChainObjfAndDerivE2e():chain-training.cc:162) Numerator objf: 1.77576
LOG (nnet3-chain-train[5.5.1009~1-e4940]:ComputeChainObjfAndDerivE2e():chain-training.cc:162) Numerator objf: 1.82929
LOG (nnet3-chain-train[5.5.1009~1-e4940]:ComputeChainObjfAndDerivE2e():chain-training.cc:162) Numerator objf: 1.85817
LOG (nnet3-chain-train[5.5.1009~1-e4940]:ComputeChainObjfAndDerivE2e():chain-training.cc:162) Numerator objf: 1.7884
LOG (nnet3-chain-train[5.5.1009~1-e4940]:PrintStatsForThisPhase():nnet-training.cc:278) Average objective function for 'output-xent' for minibatches 90-99 is -1.34648 over 28096 frames.
LOG (nnet3-chain-train[5.5.1009~1-e4940]:PrintStatsForThisPhase():nnet-training.cc:278) Average objective function for 'output' for minibatches 90-99 is -0.0619134 over 28096 frames.
LOG (nnet3-chain-train[5.5.1009~1-e4940]:ComputeChainObjfAndDerivE2e():chain-training.cc:162) Numerator objf: 1.89151
LOG (nnet3-chain-train[5.5.1009~1-e4940]:ComputeChainObjfAndDerivE2e():chain-training.cc:162) Numerator objf: 1.78968
LOG (nnet3-chain-train[5.5.1009~1-e4940]:ComputeChainObjfAndDerivE2e():chain-training.cc:162) Numerator objf: 1.79006
LOG (nnet3-chain-train[5.5.1009~1-e4940]:ComputeChainObjfAndDerivE2e():chain-training.cc:162) Numerator objf: 1.88601
LOG (nnet3-chain-train[5.5.1009~1-e4940]:ComputeChainObjfAndDerivE2e():chain-training.cc:162) Numerator objf: 1.77982
LOG (nnet3-chain-train[5.5.1009~1-e4940]:ComputeChainObjfAndDerivE2e():chain-training.cc:162) Numerator objf: 1.78841
LOG (nnet3-chain-train[5.5.1009~1-e4940]:ComputeChainObjfAndDerivE2e():chain-training.cc:162) Numerator objf: 1.81361
LOG (nnet3-chain-train[5.5.1009~1-e4940]:ComputeChainObjfAndDerivE2e():chain-training.cc:162) Numerator objf: 1.87071
LOG (nnet3-chain-train[5.5.1009~1-e4940]:ComputeChainObjfAndDerivE2e():chain-training.cc:162) Numerator objf: 1.7294
LOG (nnet3-chain-train[5.5.1009~1-e4940]:ComputeChainObjfAndDerivE2e():chain-training.cc:162) Numerator objf: 1.70568
LOG (nnet3-chain-train[5.5.1009~1-e4940]:PrintStatsForThisPhase():nnet-training.cc:278) Average objective function for 'output-xent' for minibatches 100-109 is -1.40907 over 28288 frames.
LOG (nnet3-chain-train[5.5.1009~1-e4940]:PrintStatsForThisPhase():nnet-training.cc:278) Average objective function for 'output' for minibatches 100-109 is -0.0672061 over 28288 frames.
LOG (nnet3-chain-train[5.5.1009~1-e4940]:ComputeChainObjfAndDerivE2e():chain-training.cc:162) Numerator objf: 1.73672
LOG (nnet3-chain-train[5.5.1009~1-e4940]:ComputeChainObjfAndDerivE2e():chain-training.cc:162) Numerator objf: 1.73816
LOG (nnet3-chain-train[5.5.1009~1-e4940]:ComputeChainObjfAndDerivE2e():chain-training.cc:162) Numerator objf: 1.62744
LOG (nnet3-chain-train[5.5.1009~1-e4940]:ComputeChainObjfAndDerivE2e():chain-training.cc:162) Numerator objf: 1.74495
LOG (nnet3-chain-train[5.5.1009~1-e4940]:ComputeChainObjfAndDerivE2e():chain-training.cc:162) Numerator objf: 1.69564
LOG (nnet3-chain-train[5.5.1009~1-e4940]:ComputeChainObjfAndDerivE2e():chain-training.cc:162) Numerator objf: 1.72879
LOG (nnet3-chain-train[5.5.1009~1-e4940]:ComputeChainObjfAndDerivE2e():chain-training.cc:162) Numerator objf: 1.65291
LOG (nnet3-chain-train[5.5.1009~1-e4940]:ComputeChainObjfAndDerivE2e():chain-training.cc:162) Numerator objf: 1.65325
LOG (nnet3-chain-train[5.5.1009~1-e4940]:ComputeChainObjfAndDerivE2e():chain-training.cc:162) Numerator objf: 1.79305
LOG (nnet3-chain-train[5.5.1009~1-e4940]:ComputeChainObjfAndDerivE2e():chain-training.cc:162) Numerator objf: 1.67453
LOG (nnet3-chain-train[5.5.1009~1-e4940]:PrintStatsForThisPhase():nnet-training.cc:278) Average objective function for 'output-xent' for minibatches 110-119 is -1.42114 over 28096 frames.
LOG (nnet3-chain-train[5.5.1009~1-e4940]:PrintStatsForThisPhase():nnet-training.cc:278) Average objective function for 'output' for minibatches 110-119 is -0.0715668 over 28096 frames.
LOG (nnet3-chain-train[5.5.1009~1-e4940]:ComputeChainObjfAndDerivE2e():chain-training.cc:162) Numerator objf: 1.77462
LOG (nnet3-chain-train[5.5.1009~1-e4940]:ComputeChainObjfAndDerivE2e():chain-training.cc:162) Numerator objf: 1.73393
LOG (nnet3-chain-train[5.5.1009~1-e4940]:ComputeChainObjfAndDerivE2e():chain-training.cc:162) Numerator objf: 1.73657
LOG (nnet3-chain-train[5.5.1009~1-e4940]:ComputeChainObjfAndDerivE2e():chain-training.cc:162) Numerator objf: 1.81837
LOG (nnet3-chain-train[5.5.1009~1-e4940]:ComputeChainObjfAndDerivE2e():chain-training.cc:162) Numerator objf: 1.75421
LOG (nnet3-chain-train[5.5.1009~1-e4940]:ComputeChainObjfAndDerivE2e():chain-training.cc:162) Numerator objf: 1.72108
LOG (nnet3-chain-train[5.5.1009~1-e4940]:ComputeChainObjfAndDerivE2e():chain-training.cc:162) Numerator objf: 1.7754
LOG (nnet3-chain-train[5.5.1009~1-e4940]:ComputeChainObjfAndDerivE2e():chain-training.cc:162) Numerator objf: 1.67943
LOG (nnet3-chain-train[5.5.1009~1-e4940]:ComputeChainObjfAndDerivE2e():chain-training.cc:162) Numerator objf: 1.71666
LOG (nnet3-chain-train[5.5.1009~1-e4940]:ComputeChainObjfAndDerivE2e():chain-training.cc:162) Numerator objf: 1.73826
LOG (nnet3-chain-train[5.5.1009~1-e4940]:PrintStatsForThisPhase():nnet-training.cc:278) Average objective function for 'output-xent' for minibatches 120-129 is -1.39263 over 28288 frames.
LOG (nnet3-chain-train[5.5.1009~1-e4940]:PrintStatsForThisPhase():nnet-training.cc:278) Average objective function for 'output' for minibatches 120-129 is -0.0677859 over 28288 frames.
LOG (nnet3-chain-train[5.5.1009~1-e4940]:ComputeChainObjfAndDerivE2e():chain-training.cc:162) Numerator objf: 1.79219
LOG (nnet3-chain-train[5.5.1009~1-e4940]:ComputeChainObjfAndDerivE2e():chain-training.cc:162) Numerator objf: 1.70044
LOG (nnet3-chain-train[5.5.1009~1-e4940]:ComputeChainObjfAndDerivE2e():chain-training.cc:162) Numerator objf: 1.74241
LOG (nnet3-chain-train[5.5.1009~1-e4940]:ComputeChainObjfAndDerivE2e():chain-training.cc:162) Numerator objf: 1.79351
LOG (nnet3-chain-train[5.5.1009~1-e4940]:ComputeChainObjfAndDerivE2e():chain-training.cc:162) Numerator objf: 1.76507
LOG (nnet3-chain-train[5.5.1009~1-e4940]:ComputeChainObjfAndDerivE2e():chain-training.cc:162) Numerator objf: 1.70811
LOG (nnet3-chain-train[5.5.1009~1-e4940]:ComputeChainObjfAndDerivE2e():chain-training.cc:162) Numerator objf: 1.79552
LOG (nnet3-chain-train[5.5.1009~1-e4940]:ComputeChainObjfAndDerivE2e():chain-training.cc:162) Numerator objf: 1.85248
LOG (nnet3-chain-train[5.5.1009~1-e4940]:ComputeChainObjfAndDerivE2e():chain-training.cc:162) Numerator objf: 1.80381
LOG (nnet3-chain-train[5.5.1009~1-e4940]:ComputeChainObjfAndDerivE2e():chain-training.cc:162) Numerator objf: 1.83158
LOG (nnet3-chain-train[5.5.1009~1-e4940]:PrintStatsForThisPhase():nnet-training.cc:278) Average objective function for 'output-xent' for minibatches 130-139 is -1.37132 over 28096 frames.
LOG (nnet3-chain-train[5.5.1009~1-e4940]:PrintStatsForThisPhase():nnet-training.cc:278) Average objective function for 'output' for minibatches 130-139 is -0.0670092 over 28096 frames.
LOG (nnet3-chain-train[5.5.1009~1-e4940]:ComputeChainObjfAndDerivE2e():chain-training.cc:162) Numerator objf: 1.84162
LOG (nnet3-chain-train[5.5.1009~1-e4940]:ComputeChainObjfAndDerivE2e():chain-training.cc:162) Numerator objf: 1.89105
LOG (nnet3-chain-train[5.5.1009~1-e4940]:ComputeChainObjfAndDerivE2e():chain-training.cc:162) Numerator objf: 1.82935
LOG (nnet3-chain-train[5.5.1009~1-e4940]:ComputeChainObjfAndDerivE2e():chain-training.cc:162) Numerator objf: 1.75578
LOG (nnet3-chain-train[5.5.1009~1-e4940]:ComputeChainObjfAndDerivE2e():chain-training.cc:162) Numerator objf: 1.7861
LOG (nnet3-chain-train[5.5.1009~1-e4940]:ComputeChainObjfAndDerivE2e():chain-training.cc:162) Numerator objf: 1.77386
LOG (nnet3-chain-train[5.5.1009~1-e4940]:ComputeChainObjfAndDerivE2e():chain-training.cc:162) Numerator objf: 1.82088
LOG (nnet3-chain-train[5.5.1009~1-e4940]:ComputeChainObjfAndDerivE2e():chain-training.cc:162) Numerator objf: 1.72194
LOG (nnet3-chain-train[5.5.1009~1-e4940]:ComputeChainObjfAndDerivE2e():chain-training.cc:162) Numerator objf: 1.88165
LOG (nnet3-chain-train[5.5.1009~1-e4940]:ComputeChainObjfAndDerivE2e():chain-training.cc:162) Numerator objf: 1.81824
LOG (nnet3-chain-train[5.5.1009~1-e4940]:PrintStatsForThisPhase():nnet-training.cc:278) Average objective function for 'output-xent' for minibatches 140-149 is -1.41512 over 28288 frames.
LOG (nnet3-chain-train[5.5.1009~1-e4940]:PrintStatsForThisPhase():nnet-training.cc:278) Average objective function for 'output' for minibatches 140-149 is -0.0680075 over 28288 frames.
LOG (nnet3-chain-train[5.5.1009~1-e4940]:ComputeChainObjfAndDerivE2e():chain-training.cc:162) Numerator objf: 1.79794
LOG (nnet3-chain-train[5.5.1009~1-e4940]:ComputeChainObjfAndDerivE2e():chain-training.cc:162) Numerator objf: 1.77959
LOG (nnet3-chain-train[5.5.1009~1-e4940]:ComputeChainObjfAndDerivE2e():chain-training.cc:162) Numerator objf: 1.75542
LOG (nnet3-chain-train[5.5.1009~1-e4940]:ComputeChainObjfAndDerivE2e():chain-training.cc:162) Numerator objf: 1.76511
LOG (nnet3-chain-train[5.5.1009~1-e4940]:ComputeChainObjfAndDerivE2e():chain-training.cc:162) Numerator objf: 1.73706
LOG (nnet3-chain-train[5.5.1009~1-e4940]:ComputeChainObjfAndDerivE2e():chain-training.cc:162) Numerator objf: 1.82007
LOG (nnet3-chain-train[5.5.1009~1-e4940]:ComputeChainObjfAndDerivE2e():chain-training.cc:162) Numerator objf: 1.67694
LOG (nnet3-chain-train[5.5.1009~1-e4940]:ComputeChainObjfAndDerivE2e():chain-training.cc:162) Numerator objf: 1.75866
LOG (nnet3-chain-train[5.5.1009~1-e4940]:ComputeChainObjfAndDerivE2e():chain-training.cc:162) Numerator objf: 1.7293
LOG (nnet3-chain-train[5.5.1009~1-e4940]:ComputeChainObjfAndDerivE2e():chain-training.cc:162) Numerator objf: 1.67926
LOG (nnet3-chain-train[5.5.1009~1-e4940]:PrintStatsForThisPhase():nnet-training.cc:278) Average objective function for 'output-xent' for minibatches 150-159 is -1.45891 over 28096 frames.
LOG (nnet3-chain-train[5.5.1009~1-e4940]:PrintStatsForThisPhase():nnet-training.cc:278) Average objective function for 'output' for minibatches 150-159 is -0.0720546 over 28096 frames.
LOG (nnet3-chain-train[5.5.1009~1-e4940]:ComputeChainObjfAndDerivE2e():chain-training.cc:162) Numerator objf: 1.72717
LOG (nnet3-chain-train[5.5.1009~1-e4940]:ComputeChainObjfAndDerivE2e():chain-training.cc:162) Numerator objf: 1.78103
LOG (nnet3-chain-train[5.5.1009~1-e4940]:ComputeChainObjfAndDerivE2e():chain-training.cc:162) Numerator objf: 1.76372
LOG (nnet3-chain-train[5.5.1009~1-e4940]:ComputeChainObjfAndDerivE2e():chain-training.cc:162) Numerator objf: 1.73129
LOG (nnet3-chain-train[5.5.1009~1-e4940]:ComputeChainObjfAndDerivE2e():chain-training.cc:162) Numerator objf: 1.60076
LOG (nnet3-chain-train[5.5.1009~1-e4940]:ComputeChainObjfAndDerivE2e():chain-training.cc:162) Numerator objf: 1.72312
LOG (nnet3-chain-train[5.5.1009~1-e4940]:ComputeChainObjfAndDerivE2e():chain-training.cc:162) Numerator objf: 1.67987
LOG (nnet3-chain-train[5.5.1009~1-e4940]:ComputeChainObjfAndDerivE2e():chain-training.cc:162) Numerator objf: 1.75137
LOG (nnet3-chain-train[5.5.1009~1-e4940]:ComputeChainObjfAndDerivE2e():chain-training.cc:162) Numerator objf: 1.72959
LOG (nnet3-chain-train[5.5.1009~1-e4940]:ComputeChainObjfAndDerivE2e():chain-training.cc:162) Numerator objf: 1.8481
LOG (nnet3-chain-train[5.5.1009~1-e4940]:PrintStatsForThisPhase():nnet-training.cc:278) Average objective function for 'output-xent' for minibatches 160-169 is -1.39035 over 29120 frames.
LOG (nnet3-chain-train[5.5.1009~1-e4940]:PrintStatsForThisPhase():nnet-training.cc:278) Average objective function for 'output' for minibatches 160-169 is -0.0691582 over 29120 frames.
LOG (nnet3-chain-train[5.5.1009~1-e4940]:ComputeChainObjfAndDerivE2e():chain-training.cc:162) Numerator objf: 1.82778
LOG (nnet3-chain-train[5.5.1009~1-e4940]:ComputeChainObjfAndDerivE2e():chain-training.cc:162) Numerator objf: 1.74574
LOG (nnet3-chain-train[5.5.1009~1-e4940]:ComputeChainObjfAndDerivE2e():chain-training.cc:162) Numerator objf: 1.64642
LOG (nnet3-chain-train[5.5.1009~1-e4940]:ComputeChainObjfAndDerivE2e():chain-training.cc:162) Numerator objf: 1.69907
LOG (nnet3-chain-train[5.5.1009~1-e4940]:ComputeChainObjfAndDerivE2e():chain-training.cc:162) Numerator objf: 1.73688
LOG (nnet3-chain-train[5.5.1009~1-e4940]:ComputeChainObjfAndDerivE2e():chain-training.cc:162) Numerator objf: 1.76222
LOG (nnet3-chain-train[5.5.1009~1-e4940]:ComputeChainObjfAndDerivE2e():chain-training.cc:162) Numerator objf: 1.73719
LOG (nnet3-chain-train[5.5.1009~1-e4940]:ComputeChainObjfAndDerivE2e():chain-training.cc:162) Numerator objf: 1.76328
LOG (nnet3-chain-train[5.5.1009~1-e4940]:ComputeChainObjfAndDerivE2e():chain-training.cc:162) Numerator objf: 1.83171
LOG (nnet3-chain-train[5.5.1009~1-e4940]:ComputeChainObjfAndDerivE2e():chain-training.cc:162) Numerator objf: 1.75043
LOG (nnet3-chain-train[5.5.1009~1-e4940]:PrintStatsForThisPhase():nnet-training.cc:278) Average objective function for 'output-xent' for minibatches 170-179 is -1.36952 over 27264 frames.
LOG (nnet3-chain-train[5.5.1009~1-e4940]:PrintStatsForThisPhase():nnet-training.cc:278) Average objective function for 'output' for minibatches 170-179 is -0.0703203 over 27264 frames.
LOG (nnet3-chain-train[5.5.1009~1-e4940]:ComputeChainObjfAndDerivE2e():chain-training.cc:162) Numerator objf: 1.80389
LOG (nnet3-chain-train[5.5.1009~1-e4940]:ComputeChainObjfAndDerivE2e():chain-training.cc:162) Numerator objf: 1.8781
LOG (nnet3-chain-train[5.5.1009~1-e4940]:ComputeChainObjfAndDerivE2e():chain-training.cc:162) Numerator objf: 1.79774
LOG (nnet3-chain-train[5.5.1009~1-e4940]:ComputeChainObjfAndDerivE2e():chain-training.cc:162) Numerator objf: 1.78101
LOG (nnet3-chain-train[5.5.1009~1-e4940]:ComputeChainObjfAndDerivE2e():chain-training.cc:162) Numerator objf: 1.7219
LOG (nnet3-chain-train[5.5.1009~1-e4940]:ComputeChainObjfAndDerivE2e():chain-training.cc:162) Numerator objf: 1.77675
LOG (nnet3-chain-train[5.5.1009~1-e4940]:ComputeChainObjfAndDerivE2e():chain-training.cc:162) Numerator objf: 1.81294
LOG (nnet3-chain-train[5.5.1009~1-e4940]:ComputeChainObjfAndDerivE2e():chain-training.cc:162) Numerator objf: 1.68508
LOG (nnet3-chain-train[5.5.1009~1-e4940]:ComputeChainObjfAndDerivE2e():chain-training.cc:162) Numerator objf: 1.77973
LOG (nnet3-chain-train[5.5.1009~1-e4940]:ComputeChainObjfAndDerivE2e():chain-training.cc:162) Numerator objf: 1.70414
LOG (nnet3-chain-train[5.5.1009~1-e4940]:PrintStatsForThisPhase():nnet-training.cc:278) Average objective function for 'output-xent' for minibatches 180-189 is -1.44783 over 29120 frames.
LOG (nnet3-chain-train[5.5.1009~1-e4940]:PrintStatsForThisPhase():nnet-training.cc:278) Average objective function for 'output' for minibatches 180-189 is -0.0701574 over 29120 frames.
LOG (nnet3-chain-train[5.5.1009~1-e4940]:ComputeChainObjfAndDerivE2e():chain-training.cc:162) Numerator objf: 1.79168
LOG (nnet3-chain-train[5.5.1009~1-e4940]:ComputeChainObjfAndDerivE2e():chain-training.cc:162) Numerator objf: 1.65311
LOG (nnet3-chain-train[5.5.1009~1-e4940]:ComputeChainObjfAndDerivE2e():chain-training.cc:162) Numerator objf: 1.57326
LOG (nnet3-chain-train[5.5.1009~1-e4940]:ComputeChainObjfAndDerivE2e():chain-training.cc:162) Numerator objf: 1.62021
LOG (nnet3-chain-train[5.5.1009~1-e4940]:ComputeChainObjfAndDerivE2e():chain-training.cc:162) Numerator objf: 1.8125
LOG (nnet3-chain-train[5.5.1009~1-e4940]:ComputeChainObjfAndDerivE2e():chain-training.cc:162) Numerator objf: 1.72384
LOG (nnet3-chain-train[5.5.1009~1-e4940]:ComputeChainObjfAndDerivE2e():chain-training.cc:162) Numerator objf: 1.6287
LOG (nnet3-chain-train[5.5.1009~1-e4940]:ComputeChainObjfAndDerivE2e():chain-training.cc:162) Numerator objf: 1.68589
LOG (nnet3-chain-train[5.5.1009~1-e4940]:ComputeChainObjfAndDerivE2e():chain-training.cc:162) Numerator objf: 1.66356
LOG (nnet3-chain-train[5.5.1009~1-e4940]:ComputeChainObjfAndDerivE2e():chain-training.cc:162) Numerator objf: 1.70618
LOG (nnet3-chain-train[5.5.1009~1-e4940]:PrintStatsForThisPhase():nnet-training.cc:278) Average objective function for 'output-xent' for minibatches 190-199 is -1.50687 over 28096 frames.
LOG (nnet3-chain-train[5.5.1009~1-e4940]:PrintStatsForThisPhase():nnet-training.cc:278) Average objective function for 'output' for minibatches 190-199 is -0.0730508 over 28096 frames.
LOG (nnet3-chain-train[5.5.1009~1-e4940]:ComputeChainObjfAndDerivE2e():chain-training.cc:162) Numerator objf: 1.80502
LOG (nnet3-chain-train[5.5.1009~1-e4940]:ComputeChainObjfAndDerivE2e():chain-training.cc:162) Numerator objf: 1.71005
LOG (nnet3-chain-train[5.5.1009~1-e4940]:ComputeChainObjfAndDerivE2e():chain-training.cc:162) Numerator objf: 1.77544
LOG (nnet3-chain-train[5.5.1009~1-e4940]:ComputeChainObjfAndDerivE2e():chain-training.cc:162) Numerator objf: 1.69207
LOG (nnet3-chain-train[5.5.1009~1-e4940]:ComputeChainObjfAndDerivE2e():chain-training.cc:162) Numerator objf: 1.71534
LOG (nnet3-chain-train[5.5.1009~1-e4940]:ComputeChainObjfAndDerivE2e():chain-training.cc:162) Numerator objf: 1.7845
LOG (nnet3-chain-train[5.5.1009~1-e4940]:ComputeChainObjfAndDerivE2e():chain-training.cc:162) Numerator objf: 1.76945
LOG (nnet3-chain-train[5.5.1009~1-e4940]:ComputeChainObjfAndDerivE2e():chain-training.cc:162) Numerator objf: 1.7077
LOG (nnet3-chain-train[5.5.1009~1-e4940]:ComputeChainObjfAndDerivE2e():chain-training.cc:162) Numerator objf: 1.68853
LOG (nnet3-chain-train[5.5.1009~1-e4940]:ComputeChainObjfAndDerivE2e():chain-training.cc:162) Numerator objf: 1.68092
LOG (nnet3-chain-train[5.5.1009~1-e4940]:PrintStatsForThisPhase():nnet-training.cc:278) Average objective function for 'output-xent' for minibatches 200-209 is -1.42645 over 28288 frames.
LOG (nnet3-chain-train[5.5.1009~1-e4940]:PrintStatsForThisPhase():nnet-training.cc:278) Average objective function for 'output' for minibatches 200-209 is -0.0659437 over 28288 frames.
LOG (nnet3-chain-train[5.5.1009~1-e4940]:ComputeChainObjfAndDerivE2e():chain-training.cc:162) Numerator objf: 1.74647
LOG (nnet3-chain-train[5.5.1009~1-e4940]:ComputeChainObjfAndDerivE2e():chain-training.cc:162) Numerator objf: 1.67705
LOG (nnet3-chain-train[5.5.1009~1-e4940]:ComputeChainObjfAndDerivE2e():chain-training.cc:162) Numerator objf: 1.72666
LOG (nnet3-chain-train[5.5.1009~1-e4940]:ComputeChainObjfAndDerivE2e():chain-training.cc:162) Numerator objf: 1.87742
LOG (nnet3-chain-train[5.5.1009~1-e4940]:ComputeChainObjfAndDerivE2e():chain-training.cc:162) Numerator objf: 1.81146
LOG (nnet3-chain-train[5.5.1009~1-e4940]:ComputeChainObjfAndDerivE2e():chain-training.cc:162) Numerator objf: 1.70725
LOG (nnet3-chain-train[5.5.1009~1-e4940]:ComputeChainObjfAndDerivE2e():chain-training.cc:162) Numerator objf: 1.75247
LOG (nnet3-chain-train[5.5.1009~1-e4940]:ComputeChainObjfAndDerivE2e():chain-training.cc:162) Numerator objf: 1.719
LOG (nnet3-chain-train[5.5.1009~1-e4940]:ComputeChainObjfAndDerivE2e():chain-training.cc:162) Numerator objf: 1.74744
LOG (nnet3-chain-train[5.5.1009~1-e4940]:ComputeChainObjfAndDerivE2e():chain-training.cc:162) Numerator objf: 1.80707
LOG (nnet3-chain-train[5.5.1009~1-e4940]:PrintStatsForThisPhase():nnet-training.cc:278) Average objective function for 'output-xent' for minibatches 210-219 is -1.41626 over 28096 frames.
LOG (nnet3-chain-train[5.5.1009~1-e4940]:PrintStatsForThisPhase():nnet-training.cc:278) Average objective function for 'output' for minibatches 210-219 is -0.0649999 over 28096 frames.
LOG (nnet3-chain-train[5.5.1009~1-e4940]:ComputeChainObjfAndDerivE2e():chain-training.cc:162) Numerator objf: 1.85203
LOG (nnet3-chain-train[5.5.1009~1-e4940]:ComputeChainObjfAndDerivE2e():chain-training.cc:162) Numerator objf: 1.75797
LOG (nnet3-chain-train[5.5.1009~1-e4940]:ComputeChainObjfAndDerivE2e():chain-training.cc:162) Numerator objf: 1.71574
LOG (nnet3-chain-train[5.5.1009~1-e4940]:ComputeChainObjfAndDerivE2e():chain-training.cc:162) Numerator objf: 1.82358
LOG (nnet3-chain-train[5.5.1009~1-e4940]:ComputeChainObjfAndDerivE2e():chain-training.cc:162) Numerator objf: 1.73089
LOG (nnet3-chain-train[5.5.1009~1-e4940]:ComputeChainObjfAndDerivE2e():chain-training.cc:162) Numerator objf: 1.74391
LOG (nnet3-chain-train[5.5.1009~1-e4940]:ComputeChainObjfAndDerivE2e():chain-training.cc:162) Numerator objf: 1.78889
LOG (nnet3-chain-train[5.5.1009~1-e4940]:ComputeChainObjfAndDerivE2e():chain-training.cc:162) Numerator objf: 1.75979
LOG (nnet3-chain-train[5.5.1009~1-e4940]:ComputeChainObjfAndDerivE2e():chain-training.cc:162) Numerator objf: 1.73738
LOG (nnet3-chain-train[5.5.1009~1-e4940]:ComputeChainObjfAndDerivE2e():chain-training.cc:162) Numerator objf: 1.71839
LOG (nnet3-chain-train[5.5.1009~1-e4940]:PrintStatsForThisPhase():nnet-training.cc:278) Average objective function for 'output-xent' for minibatches 220-229 is -1.40893 over 28288 frames.
LOG (nnet3-chain-train[5.5.1009~1-e4940]:PrintStatsForThisPhase():nnet-training.cc:278) Average objective function for 'output' for minibatches 220-229 is -0.0651069 over 28288 frames.
LOG (nnet3-chain-train[5.5.1009~1-e4940]:ComputeChainObjfAndDerivE2e():chain-training.cc:162) Numerator objf: 1.72099
LOG (nnet3-chain-train[5.5.1009~1-e4940]:ComputeChainObjfAndDerivE2e():chain-training.cc:162) Numerator objf: 1.8256
LOG (nnet3-chain-train[5.5.1009~1-e4940]:ComputeChainObjfAndDerivE2e():chain-training.cc:162) Numerator objf: 1.71575
LOG (nnet3-chain-train[5.5.1009~1-e4940]:ComputeChainObjfAndDerivE2e():chain-training.cc:162) Numerator objf: 1.76685
LOG (nnet3-chain-train[5.5.1009~1-e4940]:ComputeChainObjfAndDerivE2e():chain-training.cc:162) Numerator objf: 1.69626
LOG (nnet3-chain-train[5.5.1009~1-e4940]:ComputeChainObjfAndDerivE2e():chain-training.cc:162) Numerator objf: 1.81561
LOG (nnet3-chain-train[5.5.1009~1-e4940]:ComputeChainObjfAndDerivE2e():chain-training.cc:162) Numerator objf: 1.75766
LOG (nnet3-chain-train[5.5.1009~1-e4940]:ComputeChainObjfAndDerivE2e():chain-training.cc:162) Numerator objf: 1.70684
LOG (nnet3-chain-train[5.5.1009~1-e4940]:ComputeChainObjfAndDerivE2e():chain-training.cc:162) Numerator objf: 1.81652
LOG (nnet3-chain-train[5.5.1009~1-e4940]:ComputeChainObjfAndDerivE2e():chain-training.cc:162) Numerator objf: 1.69969
LOG (nnet3-chain-train[5.5.1009~1-e4940]:PrintStatsForThisPhase():nnet-training.cc:278) Average objective function for 'output-xent' for minibatches 230-239 is -1.42737 over 28288 frames.
LOG (nnet3-chain-train[5.5.1009~1-e4940]:PrintStatsForThisPhase():nnet-training.cc:278) Average objective function for 'output' for minibatches 230-239 is -0.0699497 over 28288 frames.
LOG (nnet3-chain-train[5.5.1009~1-e4940]:ComputeChainObjfAndDerivE2e():chain-training.cc:162) Numerator objf: 1.69281
LOG (nnet3-chain-train[5.5.1009~1-e4940]:ComputeChainObjfAndDerivE2e():chain-training.cc:162) Numerator objf: 1.6737
LOG (nnet3-chain-train[5.5.1009~1-e4940]:ComputeChainObjfAndDerivE2e():chain-training.cc:162) Numerator objf: 1.76765
LOG (nnet3-chain-train[5.5.1009~1-e4940]:ComputeChainObjfAndDerivE2e():chain-training.cc:162) Numerator objf: 1.81033
LOG (nnet3-chain-train[5.5.1009~1-e4940]:ComputeChainObjfAndDerivE2e():chain-training.cc:162) Numerator objf: 1.68949
LOG (nnet3-chain-train[5.5.1009~1-e4940]:ComputeChainObjfAndDerivE2e():chain-training.cc:162) Numerator objf: 1.76261
LOG (nnet3-chain-train[5.5.1009~1-e4940]:ComputeChainObjfAndDerivE2e():chain-training.cc:162) Numerator objf: 1.78025
LOG (nnet3-chain-train[5.5.1009~1-e4940]:ComputeChainObjfAndDerivE2e():chain-training.cc:162) Numerator objf: 1.72158
LOG (nnet3-chain-train[5.5.1009~1-e4940]:ComputeChainObjfAndDerivE2e():chain-training.cc:162) Numerator objf: 1.75766
LOG (nnet3-chain-train[5.5.1009~1-e4940]:ComputeChainObjfAndDerivE2e():chain-training.cc:162) Numerator objf: 1.72273
LOG (nnet3-chain-train[5.5.1009~1-e4940]:PrintStatsForThisPhase():nnet-training.cc:278) Average objective function for 'output-xent' for minibatches 240-249 is -1.4179 over 28096 frames.
LOG (nnet3-chain-train[5.5.1009~1-e4940]:PrintStatsForThisPhase():nnet-training.cc:278) Average objective function for 'output' for minibatches 240-249 is -0.0714164 over 28096 frames.
LOG (nnet3-chain-train[5.5.1009~1-e4940]:ComputeChainObjfAndDerivE2e():chain-training.cc:162) Numerator objf: 1.75599
LOG (nnet3-chain-train[5.5.1009~1-e4940]:ComputeChainObjfAndDerivE2e():chain-training.cc:162) Numerator objf: 1.78738
LOG (nnet3-chain-train[5.5.1009~1-e4940]:ComputeChainObjfAndDerivE2e():chain-training.cc:162) Numerator objf: 1.75565
LOG (nnet3-chain-train[5.5.1009~1-e4940]:ComputeChainObjfAndDerivE2e():chain-training.cc:162) Numerator objf: 1.79725
LOG (nnet3-chain-train[5.5.1009~1-e4940]:ComputeChainObjfAndDerivE2e():chain-training.cc:162) Numerator objf: 1.73492
LOG (nnet3-chain-train[5.5.1009~1-e4940]:ComputeChainObjfAndDerivE2e():chain-training.cc:162) Numerator objf: 1.72618
LOG (nnet3-chain-train[5.5.1009~1-e4940]:ComputeChainObjfAndDerivE2e():chain-training.cc:162) Numerator objf: 1.81668
LOG (nnet3-chain-train[5.5.1009~1-e4940]:ComputeChainObjfAndDerivE2e():chain-training.cc:162) Numerator objf: 1.7718
LOG (nnet3-chain-train[5.5.1009~1-e4940]:ComputeChainObjfAndDerivE2e():chain-training.cc:162) Numerator objf: 1.80735
LOG (nnet3-chain-train[5.5.1009~1-e4940]:ComputeChainObjfAndDerivE2e():chain-training.cc:162) Numerator objf: 1.83246
LOG (nnet3-chain-train[5.5.1009~1-e4940]:PrintStatsForThisPhase():nnet-training.cc:278) Average objective function for 'output-xent' for minibatches 250-259 is -1.44885 over 29120 frames.
LOG (nnet3-chain-train[5.5.1009~1-e4940]:PrintStatsForThisPhase():nnet-training.cc:278) Average objective function for 'output' for minibatches 250-259 is -0.0667138 over 29120 frames.
LOG (nnet3-chain-train[5.5.1009~1-e4940]:ComputeChainObjfAndDerivE2e():chain-training.cc:162) Numerator objf: 1.80458
LOG (nnet3-chain-train[5.5.1009~1-e4940]:ComputeChainObjfAndDerivE2e():chain-training.cc:162) Numerator objf: 1.68015
LOG (nnet3-chain-train[5.5.1009~1-e4940]:ComputeChainObjfAndDerivE2e():chain-training.cc:162) Numerator objf: 1.57778
LOG (nnet3-chain-train[5.5.1009~1-e4940]:ComputeChainObjfAndDerivE2e():chain-training.cc:162) Numerator objf: 1.68238
LOG (nnet3-chain-train[5.5.1009~1-e4940]:ComputeChainObjfAndDerivE2e():chain-training.cc:162) Numerator objf: 1.70183
LOG (nnet3-chain-train[5.5.1009~1-e4940]:ComputeChainObjfAndDerivE2e():chain-training.cc:162) Numerator objf: 1.77077
LOG (nnet3-chain-train[5.5.1009~1-e4940]:ComputeChainObjfAndDerivE2e():chain-training.cc:162) Numerator objf: 1.75813
LOG (nnet3-chain-train[5.5.1009~1-e4940]:ComputeChainObjfAndDerivE2e():chain-training.cc:162) Numerator objf: 1.76322
LOG (nnet3-chain-train[5.5.1009~1-e4940]:ComputeChainObjfAndDerivE2e():chain-training.cc:162) Numerator objf: 1.68859
LOG (nnet3-chain-train[5.5.1009~1-e4940]:ComputeChainObjfAndDerivE2e():chain-training.cc:162) Numerator objf: 1.74642
LOG (nnet3-chain-train[5.5.1009~1-e4940]:PrintStatsForThisPhase():nnet-training.cc:278) Average objective function for 'output-xent' for minibatches 260-269 is -1.48675 over 28288 frames.
LOG (nnet3-chain-train[5.5.1009~1-e4940]:PrintStatsForThisPhase():nnet-training.cc:278) Average objective function for 'output' for minibatches 260-269 is -0.0719685 over 28288 frames.
LOG (nnet3-chain-train[5.5.1009~1-e4940]:ComputeChainObjfAndDerivE2e():chain-training.cc:162) Numerator objf: 1.75189
LOG (nnet3-chain-train[5.5.1009~1-e4940]:ComputeChainObjfAndDerivE2e():chain-training.cc:162) Numerator objf: 1.72568
LOG (nnet3-chain-train[5.5.1009~1-e4940]:ComputeChainObjfAndDerivE2e():chain-training.cc:162) Numerator objf: 1.82812
LOG (nnet3-chain-train[5.5.1009~1-e4940]:ComputeChainObjfAndDerivE2e():chain-training.cc:162) Numerator objf: 1.85622
LOG (nnet3-chain-train[5.5.1009~1-e4940]:ComputeChainObjfAndDerivE2e():chain-training.cc:162) Numerator objf: 1.80316
LOG (nnet3-chain-train[5.5.1009~1-e4940]:ComputeChainObjfAndDerivE2e():chain-training.cc:162) Numerator objf: 1.80465
LOG (nnet3-chain-train[5.5.1009~1-e4940]:ComputeChainObjfAndDerivE2e():chain-training.cc:162) Numerator objf: 1.67042
LOG (nnet3-chain-train[5.5.1009~1-e4940]:ComputeChainObjfAndDerivE2e():chain-training.cc:162) Numerator objf: 1.76643
LOG (nnet3-chain-train[5.5.1009~1-e4940]:ComputeChainObjfAndDerivE2e():chain-training.cc:162) Numerator objf: 1.71657
LOG (nnet3-chain-train[5.5.1009~1-e4940]:ComputeChainObjfAndDerivE2e():chain-training.cc:162) Numerator objf: 1.8244
LOG (nnet3-chain-train[5.5.1009~1-e4940]:PrintStatsForThisPhase():nnet-training.cc:278) Average objective function for 'output-xent' for minibatches 270-279 is -1.38256 over 28096 frames.
LOG (nnet3-chain-train[5.5.1009~1-e4940]:PrintStatsForThisPhase():nnet-training.cc:278) Average objective function for 'output' for minibatches 270-279 is -0.0647664 over 28096 frames.
LOG (nnet3-chain-train[5.5.1009~1-e4940]:ComputeChainObjfAndDerivE2e():chain-training.cc:162) Numerator objf: 1.79462
LOG (nnet3-chain-train[5.5.1009~1-e4940]:ComputeChainObjfAndDerivE2e():chain-training.cc:162) Numerator objf: 1.82326
LOG (nnet3-chain-train[5.5.1009~1-e4940]:ComputeChainObjfAndDerivE2e():chain-training.cc:162) Numerator objf: 1.74398
LOG (nnet3-chain-train[5.5.1009~1-e4940]:ComputeChainObjfAndDerivE2e():chain-training.cc:162) Numerator objf: 1.73808
LOG (nnet3-chain-train[5.5.1009~1-e4940]:ComputeChainObjfAndDerivE2e():chain-training.cc:162) Numerator objf: 1.76291
LOG (nnet3-chain-train[5.5.1009~1-e4940]:ComputeChainObjfAndDerivE2e():chain-training.cc:162) Numerator objf: 1.76325
LOG (nnet3-chain-train[5.5.1009~1-e4940]:ComputeChainObjfAndDerivE2e():chain-training.cc:162) Numerator objf: 1.69862
LOG (nnet3-chain-train[5.5.1009~1-e4940]:ComputeChainObjfAndDerivE2e():chain-training.cc:162) Numerator objf: 1.8185
LOG (nnet3-chain-train[5.5.1009~1-e4940]:ComputeChainObjfAndDerivE2e():chain-training.cc:162) Numerator objf: 1.64306
LOG (nnet3-chain-train[5.5.1009~1-e4940]:ComputeChainObjfAndDerivE2e():chain-training.cc:162) Numerator objf: 1.82446
LOG (nnet3-chain-train[5.5.1009~1-e4940]:PrintStatsForThisPhase():nnet-training.cc:278) Average objective function for 'output-xent' for minibatches 280-289 is -1.48348 over 28288 frames.
LOG (nnet3-chain-train[5.5.1009~1-e4940]:PrintStatsForThisPhase():nnet-training.cc:278) Average objective function for 'output' for minibatches 280-289 is -0.0669128 over 28288 frames.
LOG (nnet3-chain-train[5.5.1009~1-e4940]:ComputeChainObjfAndDerivE2e():chain-training.cc:162) Numerator objf: 1.75961
LOG (nnet3-chain-train[5.5.1009~1-e4940]:ComputeChainObjfAndDerivE2e():chain-training.cc:162) Numerator objf: 1.84707
LOG (nnet3-chain-train[5.5.1009~1-e4940]:ComputeChainObjfAndDerivE2e():chain-training.cc:162) Numerator objf: 1.82489
LOG (nnet3-chain-train[5.5.1009~1-e4940]:ComputeChainObjfAndDerivE2e():chain-training.cc:162) Numerator objf: 1.81412
LOG (nnet3-chain-train[5.5.1009~1-e4940]:ComputeChainObjfAndDerivE2e():chain-training.cc:162) Numerator objf: 1.7026
LOG (nnet3-chain-train[5.5.1009~1-e4940]:ComputeChainObjfAndDerivE2e():chain-training.cc:162) Numerator objf: 1.75166
LOG (nnet3-chain-train[5.5.1009~1-e4940]:ComputeChainObjfAndDerivE2e():chain-training.cc:162) Numerator objf: 1.80565
LOG (nnet3-chain-train[5.5.1009~1-e4940]:ComputeChainObjfAndDerivE2e():chain-training.cc:162) Numerator objf: 1.79208
LOG (nnet3-chain-train[5.5.1009~1-e4940]:ComputeChainObjfAndDerivE2e():chain-training.cc:162) Numerator objf: 1.75557
LOG (nnet3-chain-train[5.5.1009~1-e4940]:ComputeChainObjfAndDerivE2e():chain-training.cc:162) Numerator objf: 1.81724
LOG (nnet3-chain-train[5.5.1009~1-e4940]:PrintStatsForThisPhase():nnet-training.cc:278) Average objective function for 'output-xent' for minibatches 290-299 is -1.38814 over 28096 frames.
LOG (nnet3-chain-train[5.5.1009~1-e4940]:PrintStatsForThisPhase():nnet-training.cc:278) Average objective function for 'output' for minibatches 290-299 is -0.066862 over 28096 frames.
LOG (nnet3-chain-train[5.5.1009~1-e4940]:ComputeChainObjfAndDerivE2e():chain-training.cc:162) Numerator objf: 1.80442
LOG (nnet3-chain-train[5.5.1009~1-e4940]:ComputeChainObjfAndDerivE2e():chain-training.cc:162) Numerator objf: 1.68169
LOG (nnet3-chain-train[5.5.1009~1-e4940]:ComputeChainObjfAndDerivE2e():chain-training.cc:162) Numerator objf: 1.73341
LOG (nnet3-chain-train[5.5.1009~1-e4940]:ComputeChainObjfAndDerivE2e():chain-training.cc:162) Numerator objf: 1.77528
LOG (nnet3-chain-train[5.5.1009~1-e4940]:ComputeChainObjfAndDerivE2e():chain-training.cc:162) Numerator objf: 1.78034
LOG (nnet3-chain-train[5.5.1009~1-e4940]:ComputeChainObjfAndDerivE2e():chain-training.cc:162) Numerator objf: 1.7954
LOG (nnet3-chain-train[5.5.1009~1-e4940]:ComputeChainObjfAndDerivE2e():chain-training.cc:162) Numerator objf: 1.90381
LOG (nnet3-chain-train[5.5.1009~1-e4940]:ComputeChainObjfAndDerivE2e():chain-training.cc:162) Numerator objf: 1.79764
LOG (nnet3-chain-train[5.5.1009~1-e4940]:ComputeChainObjfAndDerivE2e():chain-training.cc:162) Numerator objf: 1.70909
LOG (nnet3-chain-train[5.5.1009~1-e4940]:ComputeChainObjfAndDerivE2e():chain-training.cc:162) Numerator objf: 1.76386
LOG (nnet3-chain-train[5.5.1009~1-e4940]:PrintStatsForThisPhase():nnet-training.cc:278) Average objective function for 'output-xent' for minibatches 300-309 is -1.45263 over 28288 frames.
LOG (nnet3-chain-train[5.5.1009~1-e4940]:PrintStatsForThisPhase():nnet-training.cc:278) Average objective function for 'output' for minibatches 300-309 is -0.068239 over 28288 frames.
LOG (nnet3-chain-train[5.5.1009~1-e4940]:ComputeChainObjfAndDerivE2e():chain-training.cc:162) Numerator objf: 1.79092
LOG (nnet3-chain-train[5.5.1009~1-e4940]:ComputeChainObjfAndDerivE2e():chain-training.cc:162) Numerator objf: 1.73002
LOG (nnet3-chain-train[5.5.1009~1-e4940]:ComputeChainObjfAndDerivE2e():chain-training.cc:162) Numerator objf: 1.79952
LOG (nnet3-chain-train[5.5.1009~1-e4940]:ComputeChainObjfAndDerivE2e():chain-training.cc:162) Numerator objf: 1.70239
LOG (nnet3-chain-train[5.5.1009~1-e4940]:ComputeChainObjfAndDerivE2e():chain-training.cc:162) Numerator objf: 1.71615
LOG (nnet3-chain-train[5.5.1009~1-e4940]:ComputeChainObjfAndDerivE2e():chain-training.cc:162) Numerator objf: 1.7148
LOG (nnet3-chain-train[5.5.1009~1-e4940]:ComputeChainObjfAndDerivE2e():chain-training.cc:162) Numerator objf: 1.77014
LOG (nnet3-chain-train[5.5.1009~1-e4940]:ComputeChainObjfAndDerivE2e():chain-training.cc:162) Numerator objf: 1.78086
LOG (nnet3-chain-train[5.5.1009~1-e4940]:ComputeChainObjfAndDerivE2e():chain-training.cc:162) Numerator objf: 1.76703
LOG (nnet3-chain-train[5.5.1009~1-e4940]:ComputeChainObjfAndDerivE2e():chain-training.cc:162) Numerator objf: 1.77608
LOG (nnet3-chain-train[5.5.1009~1-e4940]:PrintStatsForThisPhase():nnet-training.cc:278) Average objective function for 'output-xent' for minibatches 310-319 is -1.4115 over 28096 frames.
LOG (nnet3-chain-train[5.5.1009~1-e4940]:PrintStatsForThisPhase():nnet-training.cc:278) Average objective function for 'output' for minibatches 310-319 is -0.0679415 over 28096 frames.
LOG (nnet3-chain-train[5.5.1009~1-e4940]:ComputeChainObjfAndDerivE2e():chain-training.cc:162) Numerator objf: 1.80467
LOG (nnet3-chain-train[5.5.1009~1-e4940]:ComputeChainObjfAndDerivE2e():chain-training.cc:162) Numerator objf: 1.84096
LOG (nnet3-chain-train[5.5.1009~1-e4940]:ComputeChainObjfAndDerivE2e():chain-training.cc:162) Numerator objf: 1.75047
LOG (nnet3-chain-train[5.5.1009~1-e4940]:ComputeChainObjfAndDerivE2e():chain-training.cc:162) Numerator objf: 1.67503
LOG (nnet3-chain-train[5.5.1009~1-e4940]:ComputeChainObjfAndDerivE2e():chain-training.cc:162) Numerator objf: 1.64896
LOG (nnet3-chain-train[5.5.1009~1-e4940]:ComputeChainObjfAndDerivE2e():chain-training.cc:162) Numerator objf: 1.77739
LOG (nnet3-chain-train[5.5.1009~1-e4940]:ComputeChainObjfAndDerivE2e():chain-training.cc:162) Numerator objf: 1.78225
LOG (nnet3-chain-train[5.5.1009~1-e4940]:ComputeChainObjfAndDerivE2e():chain-training.cc:162) Numerator objf: 1.70588
LOG (nnet3-chain-train[5.5.1009~1-e4940]:ComputeChainObjfAndDerivE2e():chain-training.cc:162) Numerator objf: 1.71071
LOG (nnet3-chain-train[5.5.1009~1-e4940]:ComputeChainObjfAndDerivE2e():chain-training.cc:162) Numerator objf: 1.78993
LOG (nnet3-chain-train[5.5.1009~1-e4940]:PrintStatsForThisPhase():nnet-training.cc:278) Average objective function for 'output-xent' for minibatches 320-329 is -1.42112 over 28288 frames.
LOG (nnet3-chain-train[5.5.1009~1-e4940]:PrintStatsForThisPhase():nnet-training.cc:278) Average objective function for 'output' for minibatches 320-329 is -0.069439 over 28288 frames.
LOG (nnet3-chain-train[5.5.1009~1-e4940]:ComputeChainObjfAndDerivE2e():chain-training.cc:162) Numerator objf: 1.76312
LOG (nnet3-chain-train[5.5.1009~1-e4940]:ComputeChainObjfAndDerivE2e():chain-training.cc:162) Numerator objf: 1.72661
LOG (nnet3-chain-train[5.5.1009~1-e4940]:ComputeChainObjfAndDerivE2e():chain-training.cc:162) Numerator objf: 1.73737
LOG (nnet3-chain-train[5.5.1009~1-e4940]:ComputeChainObjfAndDerivE2e():chain-training.cc:162) Numerator objf: 1.77259
LOG (nnet3-chain-train[5.5.1009~1-e4940]:ComputeChainObjfAndDerivE2e():chain-training.cc:162) Numerator objf: 1.77269
LOG (nnet3-chain-train[5.5.1009~1-e4940]:ComputeChainObjfAndDerivE2e():chain-training.cc:162) Numerator objf: 1.70988
LOG (nnet3-chain-train[5.5.1009~1-e4940]:ComputeChainObjfAndDerivE2e():chain-training.cc:162) Numerator objf: 1.74625
LOG (nnet3-chain-train[5.5.1009~1-e4940]:ComputeChainObjfAndDerivE2e():chain-training.cc:162) Numerator objf: 1.68102
LOG (nnet3-chain-train[5.5.1009~1-e4940]:ComputeChainObjfAndDerivE2e():chain-training.cc:162) Numerator objf: 1.80881
LOG (nnet3-chain-train[5.5.1009~1-e4940]:ComputeChainObjfAndDerivE2e():chain-training.cc:162) Numerator objf: 1.75997
LOG (nnet3-chain-train[5.5.1009~1-e4940]:PrintStatsForThisPhase():nnet-training.cc:278) Average objective function for 'output-xent' for minibatches 330-339 is -1.48855 over 28096 frames.
LOG (nnet3-chain-train[5.5.1009~1-e4940]:PrintStatsForThisPhase():nnet-training.cc:278) Average objective function for 'output' for minibatches 330-339 is -0.0733844 over 28096 frames.
LOG (nnet3-chain-train[5.5.1009~1-e4940]:ComputeChainObjfAndDerivE2e():chain-training.cc:162) Numerator objf: 1.79591
LOG (nnet3-chain-train[5.5.1009~1-e4940]:ComputeChainObjfAndDerivE2e():chain-training.cc:162) Numerator objf: 1.77977
LOG (nnet3-chain-train[5.5.1009~1-e4940]:ComputeChainObjfAndDerivE2e():chain-training.cc:162) Numerator objf: 1.85445
LOG (nnet3-chain-train[5.5.1009~1-e4940]:ComputeChainObjfAndDerivE2e():chain-training.cc:162) Numerator objf: 1.77453
LOG (nnet3-chain-train[5.5.1009~1-e4940]:ComputeChainObjfAndDerivE2e():chain-training.cc:162) Numerator objf: 1.66425
LOG (nnet3-chain-train[5.5.1009~1-e4940]:ComputeChainObjfAndDerivE2e():chain-training.cc:162) Numerator objf: 1.68223
LOG (nnet3-chain-train[5.5.1009~1-e4940]:ComputeChainObjfAndDerivE2e():chain-training.cc:162) Numerator objf: 1.7481
LOG (nnet3-chain-train[5.5.1009~1-e4940]:ComputeChainObjfAndDerivE2e():chain-training.cc:162) Numerator objf: 1.78819
LOG (nnet3-chain-train[5.5.1009~1-e4940]:ComputeChainObjfAndDerivE2e():chain-training.cc:162) Numerator objf: 1.74923
LOG (nnet3-chain-train[5.5.1009~1-e4940]:ComputeChainObjfAndDerivE2e():chain-training.cc:162) Numerator objf: 1.76476
LOG (nnet3-chain-train[5.5.1009~1-e4940]:PrintStatsForThisPhase():nnet-training.cc:278) Average objective function for 'output-xent' for minibatches 340-349 is -1.47446 over 28288 frames.
LOG (nnet3-chain-train[5.5.1009~1-e4940]:PrintStatsForThisPhase():nnet-training.cc:278) Average objective function for 'output' for minibatches 340-349 is -0.069757 over 28288 frames.
LOG (nnet3-chain-train[5.5.1009~1-e4940]:ComputeChainObjfAndDerivE2e():chain-training.cc:162) Numerator objf: 1.85231
LOG (nnet3-chain-train[5.5.1009~1-e4940]:ComputeChainObjfAndDerivE2e():chain-training.cc:162) Numerator objf: 1.77495
LOG (nnet3-chain-train[5.5.1009~1-e4940]:ComputeChainObjfAndDerivE2e():chain-training.cc:162) Numerator objf: 1.79798
LOG (nnet3-chain-train[5.5.1009~1-e4940]:ComputeChainObjfAndDerivE2e():chain-training.cc:162) Numerator objf: 1.82806
LOG (nnet3-chain-train[5.5.1009~1-e4940]:ComputeChainObjfAndDerivE2e():chain-training.cc:162) Numerator objf: 1.74339
LOG (nnet3-chain-train[5.5.1009~1-e4940]:ComputeChainObjfAndDerivE2e():chain-training.cc:162) Numerator objf: 1.90136
LOG (nnet3-chain-train[5.5.1009~1-e4940]:ComputeChainObjfAndDerivE2e():chain-training.cc:162) Numerator objf: 1.73472
LOG (nnet3-chain-train[5.5.1009~1-e4940]:ComputeChainObjfAndDerivE2e():chain-training.cc:162) Numerator objf: 1.73724
LOG (nnet3-chain-train[5.5.1009~1-e4940]:ComputeChainObjfAndDerivE2e():chain-training.cc:162) Numerator objf: 1.87136
LOG (nnet3-chain-train[5.5.1009~1-e4940]:ComputeChainObjfAndDerivE2e():chain-training.cc:162) Numerator objf: 1.71392
LOG (nnet3-chain-train[5.5.1009~1-e4940]:PrintStatsForThisPhase():nnet-training.cc:278) Average objective function for 'output-xent' for minibatches 350-359 is -1.41641 over 28096 frames.
LOG (nnet3-chain-train[5.5.1009~1-e4940]:PrintStatsForThisPhase():nnet-training.cc:278) Average objective function for 'output' for minibatches 350-359 is -0.0712637 over 28096 frames.
LOG (nnet3-chain-train[5.5.1009~1-e4940]:ComputeChainObjfAndDerivE2e():chain-training.cc:162) Numerator objf: 1.737
LOG (nnet3-chain-train[5.5.1009~1-e4940]:ComputeChainObjfAndDerivE2e():chain-training.cc:162) Numerator objf: 1.66282
LOG (nnet3-chain-train[5.5.1009~1-e4940]:ComputeChainObjfAndDerivE2e():chain-training.cc:162) Numerator objf: 1.74978
LOG (nnet3-chain-train[5.5.1009~1-e4940]:ComputeChainObjfAndDerivE2e():chain-training.cc:162) Numerator objf: 1.70245
LOG (nnet3-chain-train[5.5.1009~1-e4940]:ComputeChainObjfAndDerivE2e():chain-training.cc:162) Numerator objf: 1.6346
LOG (nnet3-chain-train[5.5.1009~1-e4940]:ComputeChainObjfAndDerivE2e():chain-training.cc:162) Numerator objf: 1.7757
LOG (nnet3-chain-train[5.5.1009~1-e4940]:ComputeChainObjfAndDerivE2e():chain-training.cc:162) Numerator objf: 1.82573
LOG (nnet3-chain-train[5.5.1009~1-e4940]:ComputeChainObjfAndDerivE2e():chain-training.cc:162) Numerator objf: 1.79597
LOG (nnet3-chain-train[5.5.1009~1-e4940]:ComputeChainObjfAndDerivE2e():chain-training.cc:162) Numerator objf: 1.64113
LOG (nnet3-chain-train[5.5.1009~1-e4940]:ComputeChainObjfAndDerivE2e():chain-training.cc:162) Numerator objf: 1.69314
LOG (nnet3-chain-train[5.5.1009~1-e4940]:PrintStatsForThisPhase():nnet-training.cc:278) Average objective function for 'output-xent' for minibatches 360-369 is -1.53274 over 28288 frames.
LOG (nnet3-chain-train[5.5.1009~1-e4940]:PrintStatsForThisPhase():nnet-training.cc:278) Average objective function for 'output' for minibatches 360-369 is -0.0803778 over 28288 frames.
LOG (nnet3-chain-train[5.5.1009~1-e4940]:ComputeChainObjfAndDerivE2e():chain-training.cc:162) Numerator objf: 1.80718
LOG (nnet3-chain-train[5.5.1009~1-e4940]:ComputeChainObjfAndDerivE2e():chain-training.cc:162) Numerator objf: 1.70636
LOG (nnet3-chain-train[5.5.1009~1-e4940]:ComputeChainObjfAndDerivE2e():chain-training.cc:162) Numerator objf: 1.68819
LOG (nnet3-chain-train[5.5.1009~1-e4940]:ComputeChainObjfAndDerivE2e():chain-training.cc:162) Numerator objf: 1.81055
LOG (nnet3-chain-train[5.5.1009~1-e4940]:ComputeChainObjfAndDerivE2e():chain-training.cc:162) Numerator objf: 1.63144
LOG (nnet3-chain-train[5.5.1009~1-e4940]:ComputeChainObjfAndDerivE2e():chain-training.cc:162) Numerator objf: 1.76555
LOG (nnet3-chain-train[5.5.1009~1-e4940]:ComputeChainObjfAndDerivE2e():chain-training.cc:162) Numerator objf: 1.67143
LOG (nnet3-chain-train[5.5.1009~1-e4940]:ComputeChainObjfAndDerivE2e():chain-training.cc:162) Numerator objf: 1.78017
LOG (nnet3-chain-train[5.5.1009~1-e4940]:ComputeChainObjfAndDerivE2e():chain-training.cc:162) Numerator objf: 1.7216
LOG (nnet3-chain-train[5.5.1009~1-e4940]:ComputeChainObjfAndDerivE2e():chain-training.cc:162) Numerator objf: 1.76279
LOG (nnet3-chain-train[5.5.1009~1-e4940]:PrintStatsForThisPhase():nnet-training.cc:278) Average objective function for 'output-xent' for minibatches 370-379 is -1.46868 over 28288 frames.
LOG (nnet3-chain-train[5.5.1009~1-e4940]:PrintStatsForThisPhase():nnet-training.cc:278) Average objective function for 'output' for minibatches 370-379 is -0.0714706 over 28288 frames.
LOG (nnet3-chain-train[5.5.1009~1-e4940]:ComputeChainObjfAndDerivE2e():chain-training.cc:162) Numerator objf: 1.65472
LOG (nnet3-chain-train[5.5.1009~1-e4940]:ComputeChainObjfAndDerivE2e():chain-training.cc:162) Numerator objf: 1.56903
LOG (nnet3-chain-train[5.5.1009~1-e4940]:ComputeChainObjfAndDerivE2e():chain-training.cc:162) Numerator objf: 1.59255
LOG (nnet3-chain-train[5.5.1009~1-e4940]:ComputeChainObjfAndDerivE2e():chain-training.cc:162) Numerator objf: 1.68027
LOG (nnet3-chain-train[5.5.1009~1-e4940]:ComputeChainObjfAndDerivE2e():chain-training.cc:162) Numerator objf: 1.65166
LOG (nnet3-chain-train[5.5.1009~1-e4940]:ComputeChainObjfAndDerivE2e():chain-training.cc:162) Numerator objf: 1.61103
LOG (nnet3-chain-train[5.5.1009~1-e4940]:ComputeChainObjfAndDerivE2e():chain-training.cc:162) Numerator objf: 1.65793
LOG (nnet3-chain-train[5.5.1009~1-e4940]:ComputeChainObjfAndDerivE2e():chain-training.cc:162) Numerator objf: 1.74596
LOG (nnet3-chain-train[5.5.1009~1-e4940]:ComputeChainObjfAndDerivE2e():chain-training.cc:162) Numerator objf: 1.68396
LOG (nnet3-chain-train[5.5.1009~1-e4940]:ComputeChainObjfAndDerivE2e():chain-training.cc:162) Numerator objf: 1.60245
LOG (nnet3-chain-train[5.5.1009~1-e4940]:PrintStatsForThisPhase():nnet-training.cc:278) Average objective function for 'output-xent' for minibatches 380-389 is -1.53319 over 28096 frames.
LOG (nnet3-chain-train[5.5.1009~1-e4940]:PrintStatsForThisPhase():nnet-training.cc:278) Average objective function for 'output' for minibatches 380-389 is -0.0818996 over 28096 frames.
LOG (nnet3-chain-train[5.5.1009~1-e4940]:ComputeChainObjfAndDerivE2e():chain-training.cc:162) Numerator objf: 1.74199
LOG (nnet3-chain-train[5.5.1009~1-e4940]:ComputeChainObjfAndDerivE2e():chain-training.cc:162) Numerator objf: 1.68113
LOG (nnet3-chain-train[5.5.1009~1-e4940]:ComputeChainObjfAndDerivE2e():chain-training.cc:162) Numerator objf: 1.5888
LOG (nnet3-chain-train[5.5.1009~1-e4940]:ComputeChainObjfAndDerivE2e():chain-training.cc:162) Numerator objf: 1.62678
LOG (nnet3-chain-train[5.5.1009~1-e4940]:ComputeChainObjfAndDerivE2e():chain-training.cc:162) Numerator objf: 1.66642
LOG (nnet3-chain-train[5.5.1009~1-e4940]:ComputeChainObjfAndDerivE2e():chain-training.cc:162) Numerator objf: 1.68627
LOG (nnet3-chain-train[5.5.1009~1-e4940]:ComputeChainObjfAndDerivE2e():chain-training.cc:162) Numerator objf: 1.67314
LOG (nnet3-chain-train[5.5.1009~1-e4940]:ComputeChainObjfAndDerivE2e():chain-training.cc:162) Numerator objf: 1.83409
LOG (nnet3-chain-train[5.5.1009~1-e4940]:ComputeChainObjfAndDerivE2e():chain-training.cc:162) Numerator objf: 1.63081
LOG (nnet3-chain-train[5.5.1009~1-e4940]:ComputeChainObjfAndDerivE2e():chain-training.cc:162) Numerator objf: 1.77093
LOG (nnet3-chain-train[5.5.1009~1-e4940]:PrintStatsForThisPhase():nnet-training.cc:278) Average objective function for 'output-xent' for minibatches 390-399 is -1.50232 over 28288 frames.
LOG (nnet3-chain-train[5.5.1009~1-e4940]:PrintStatsForThisPhase():nnet-training.cc:278) Average objective function for 'output' for minibatches 390-399 is -0.0710947 over 28288 frames.
LOG (nnet3-chain-train[5.5.1009~1-e4940]:ComputeChainObjfAndDerivE2e():chain-training.cc:162) Numerator objf: 1.693
LOG (nnet3-chain-train[5.5.1009~1-e4940]:ComputeChainObjfAndDerivE2e():chain-training.cc:162) Numerator objf: 1.70872
LOG (nnet3-chain-train[5.5.1009~1-e4940]:ComputeChainObjfAndDerivE2e():chain-training.cc:162) Numerator objf: 1.73477
LOG (nnet3-chain-train[5.5.1009~1-e4940]:ComputeChainObjfAndDerivE2e():chain-training.cc:162) Numerator objf: 1.79072
LOG (nnet3-chain-train[5.5.1009~1-e4940]:ComputeChainObjfAndDerivE2e():chain-training.cc:162) Numerator objf: 1.72707
LOG (nnet3-chain-train[5.5.1009~1-e4940]:ComputeChainObjfAndDerivE2e():chain-training.cc:162) Numerator objf: 1.81482
LOG (nnet3-chain-train[5.5.1009~1-e4940]:ComputeChainObjfAndDerivE2e():chain-training.cc:162) Numerator objf: 1.69703
LOG (nnet3-chain-train[5.5.1009~1-e4940]:ComputeChainObjfAndDerivE2e():chain-training.cc:162) Numerator objf: 1.89034
LOG (nnet3-chain-train[5.5.1009~1-e4940]:ComputeChainObjfAndDerivE2e():chain-training.cc:162) Numerator objf: 1.72413
LOG (nnet3-chain-train[5.5.1009~1-e4940]:ComputeChainObjfAndDerivE2e():chain-training.cc:162) Numerator objf: 1.80198
LOG (nnet3-chain-train[5.5.1009~1-e4940]:PrintStatsForThisPhase():nnet-training.cc:278) Average objective function for 'output-xent' for minibatches 400-409 is -1.48927 over 28096 frames.
LOG (nnet3-chain-train[5.5.1009~1-e4940]:PrintStatsForThisPhase():nnet-training.cc:278) Average objective function for 'output' for minibatches 400-409 is -0.0711754 over 28096 frames.
LOG (nnet3-chain-train[5.5.1009~1-e4940]:ComputeChainObjfAndDerivE2e():chain-training.cc:162) Numerator objf: 1.73751
LOG (nnet3-chain-train[5.5.1009~1-e4940]:ComputeChainObjfAndDerivE2e():chain-training.cc:162) Numerator objf: 1.70479
LOG (nnet3-chain-train[5.5.1009~1-e4940]:ComputeChainObjfAndDerivE2e():chain-training.cc:162) Numerator objf: 1.81319
LOG (nnet3-chain-train[5.5.1009~1-e4940]:ComputeChainObjfAndDerivE2e():chain-training.cc:162) Numerator objf: 1.67782
LOG (nnet3-chain-train[5.5.1009~1-e4940]:ComputeChainObjfAndDerivE2e():chain-training.cc:162) Numerator objf: 1.72577
LOG (nnet3-chain-train[5.5.1009~1-e4940]:ComputeChainObjfAndDerivE2e():chain-training.cc:162) Numerator objf: 1.80775
LOG (nnet3-chain-train[5.5.1009~1-e4940]:ComputeChainObjfAndDerivE2e():chain-training.cc:162) Numerator objf: 1.75682
LOG (nnet3-chain-train[5.5.1009~1-e4940]:ComputeChainObjfAndDerivE2e():chain-training.cc:162) Numerator objf: 1.65929
LOG (nnet3-chain-train[5.5.1009~1-e4940]:ComputeChainObjfAndDerivE2e():chain-training.cc:162) Numerator objf: 1.73543
LOG (nnet3-chain-train[5.5.1009~1-e4940]:ComputeChainObjfAndDerivE2e():chain-training.cc:162) Numerator objf: 1.75528
LOG (nnet3-chain-train[5.5.1009~1-e4940]:PrintStatsForThisPhase():nnet-training.cc:278) Average objective function for 'output-xent' for minibatches 410-419 is -1.52261 over 28096 frames.
LOG (nnet3-chain-train[5.5.1009~1-e4940]:PrintStatsForThisPhase():nnet-training.cc:278) Average objective function for 'output' for minibatches 410-419 is -0.0743325 over 28096 frames.
LOG (nnet3-chain-train[5.5.1009~1-e4940]:ComputeChainObjfAndDerivE2e():chain-training.cc:162) Numerator objf: 1.73138
LOG (nnet3-chain-train[5.5.1009~1-e4940]:ComputeChainObjfAndDerivE2e():chain-training.cc:162) Numerator objf: 1.70259
LOG (nnet3-chain-train[5.5.1009~1-e4940]:ComputeChainObjfAndDerivE2e():chain-training.cc:162) Numerator objf: 1.7238
LOG (nnet3-chain-train[5.5.1009~1-e4940]:ComputeChainObjfAndDerivE2e():chain-training.cc:162) Numerator objf: 1.59948
LOG (nnet3-chain-train[5.5.1009~1-e4940]:ComputeChainObjfAndDerivE2e():chain-training.cc:162) Numerator objf: 1.6823
LOG (nnet3-chain-train[5.5.1009~1-e4940]:ComputeChainObjfAndDerivE2e():chain-training.cc:162) Numerator objf: 1.78708
LOG (nnet3-chain-train[5.5.1009~1-e4940]:ComputeChainObjfAndDerivE2e():chain-training.cc:162) Numerator objf: 1.81218
LOG (nnet3-chain-train[5.5.1009~1-e4940]:ComputeChainObjfAndDerivE2e():chain-training.cc:162) Numerator objf: 1.69989
LOG (nnet3-chain-train[5.5.1009~1-e4940]:ComputeChainObjfAndDerivE2e():chain-training.cc:162) Numerator objf: 1.72055
LOG (nnet3-chain-train[5.5.1009~1-e4940]:ComputeChainObjfAndDerivE2e():chain-training.cc:162) Numerator objf: 1.72065
LOG (nnet3-chain-train[5.5.1009~1-e4940]:PrintStatsForThisPhase():nnet-training.cc:278) Average objective function for 'output-xent' for minibatches 420-429 is -1.47956 over 28288 frames.
LOG (nnet3-chain-train[5.5.1009~1-e4940]:PrintStatsForThisPhase():nnet-training.cc:278) Average objective function for 'output' for minibatches 420-429 is -0.070504 over 28288 frames.
LOG (nnet3-chain-train[5.5.1009~1-e4940]:ComputeChainObjfAndDerivE2e():chain-training.cc:162) Numerator objf: 1.71765
LOG (nnet3-chain-train[5.5.1009~1-e4940]:ComputeChainObjfAndDerivE2e():chain-training.cc:162) Numerator objf: 1.67291
LOG (nnet3-chain-train[5.5.1009~1-e4940]:ComputeChainObjfAndDerivE2e():chain-training.cc:162) Numerator objf: 1.63367
LOG (nnet3-chain-train[5.5.1009~1-e4940]:ComputeChainObjfAndDerivE2e():chain-training.cc:162) Numerator objf: 1.71847
LOG (nnet3-chain-train[5.5.1009~1-e4940]:ComputeChainObjfAndDerivE2e():chain-training.cc:162) Numerator objf: 1.70014
LOG (nnet3-chain-train[5.5.1009~1-e4940]:ComputeChainObjfAndDerivE2e():chain-training.cc:162) Numerator objf: 1.70005
LOG (nnet3-chain-train[5.5.1009~1-e4940]:ComputeChainObjfAndDerivE2e():chain-training.cc:162) Numerator objf: 1.66909
LOG (nnet3-chain-train[5.5.1009~1-e4940]:ComputeChainObjfAndDerivE2e():chain-training.cc:162) Numerator objf: 1.69131
LOG (nnet3-chain-train[5.5.1009~1-e4940]:ComputeChainObjfAndDerivE2e():chain-training.cc:162) Numerator objf: 1.66112
LOG (nnet3-chain-train[5.5.1009~1-e4940]:ComputeChainObjfAndDerivE2e():chain-training.cc:162) Numerator objf: 1.71413
LOG (nnet3-chain-train[5.5.1009~1-e4940]:PrintStatsForThisPhase():nnet-training.cc:278) Average objective function for 'output-xent' for minibatches 430-439 is -1.48109 over 28096 frames.
LOG (nnet3-chain-train[5.5.1009~1-e4940]:PrintStatsForThisPhase():nnet-training.cc:278) Average objective function for 'output' for minibatches 430-439 is -0.0792092 over 28096 frames.
LOG (nnet3-chain-train[5.5.1009~1-e4940]:ComputeChainObjfAndDerivE2e():chain-training.cc:162) Numerator objf: 1.67387
LOG (nnet3-chain-train[5.5.1009~1-e4940]:ComputeChainObjfAndDerivE2e():chain-training.cc:162) Numerator objf: 1.72236
LOG (nnet3-chain-train[5.5.1009~1-e4940]:ComputeChainObjfAndDerivE2e():chain-training.cc:162) Numerator objf: 1.76971
LOG (nnet3-chain-copy-egs[5.5.1009~1-e4940]:main():nnet3-chain-copy-egs.cc:395) Read 33675 neural-network training examples, wrote 33675
LOG (nnet3-chain-train[5.5.1009~1-e4940]:ComputeChainObjfAndDerivE2e():chain-training.cc:162) Numerator objf: 1.71922
LOG (nnet3-chain-train[5.5.1009~1-e4940]:ComputeChainObjfAndDerivE2e():chain-training.cc:162) Numerator objf: 1.68045
LOG (nnet3-chain-train[5.5.1009~1-e4940]:ComputeChainObjfAndDerivE2e():chain-training.cc:162) Numerator objf: 1.60786
LOG (nnet3-chain-train[5.5.1009~1-e4940]:ComputeChainObjfAndDerivE2e():chain-training.cc:162) Numerator objf: 1.78517
LOG (nnet3-chain-train[5.5.1009~1-e4940]:ComputeChainObjfAndDerivE2e():chain-training.cc:162) Numerator objf: 1.68553
LOG (nnet3-chain-train[5.5.1009~1-e4940]:ComputeChainObjfAndDerivE2e():chain-training.cc:162) Numerator objf: 1.72639
LOG (nnet3-chain-train[5.5.1009~1-e4940]:ComputeChainObjfAndDerivE2e():chain-training.cc:162) Numerator objf: 1.61414
LOG (nnet3-chain-train[5.5.1009~1-e4940]:PrintStatsForThisPhase():nnet-training.cc:278) Average objective function for 'output-xent' for minibatches 440-449 is -1.50008 over 28288 frames.
LOG (nnet3-chain-train[5.5.1009~1-e4940]:PrintStatsForThisPhase():nnet-training.cc:278) Average objective function for 'output' for minibatches 440-449 is -0.0771787 over 28288 frames.
LOG (nnet3-chain-train[5.5.1009~1-e4940]:ComputeChainObjfAndDerivE2e():chain-training.cc:162) Numerator objf: 1.72553
LOG (nnet3-chain-train[5.5.1009~1-e4940]:ComputeChainObjfAndDerivE2e():chain-training.cc:162) Numerator objf: 1.68173
LOG (nnet3-chain-train[5.5.1009~1-e4940]:ComputeChainObjfAndDerivE2e():chain-training.cc:162) Numerator objf: 1.65327
LOG (nnet3-chain-train[5.5.1009~1-e4940]:ComputeChainObjfAndDerivE2e():chain-training.cc:162) Numerator objf: 1.64212
LOG (nnet3-chain-train[5.5.1009~1-e4940]:ComputeChainObjfAndDerivE2e():chain-training.cc:162) Numerator objf: 1.71723
LOG (nnet3-chain-train[5.5.1009~1-e4940]:ComputeChainObjfAndDerivE2e():chain-training.cc:162) Numerator objf: 1.70736
LOG (nnet3-chain-train[5.5.1009~1-e4940]:ComputeChainObjfAndDerivE2e():chain-training.cc:162) Numerator objf: 1.79878
LOG (nnet3-chain-train[5.5.1009~1-e4940]:ComputeChainObjfAndDerivE2e():chain-training.cc:162) Numerator objf: 1.72115
LOG (nnet3-chain-train[5.5.1009~1-e4940]:ComputeChainObjfAndDerivE2e():chain-training.cc:162) Numerator objf: 1.73956
LOG (nnet3-chain-train[5.5.1009~1-e4940]:ComputeChainObjfAndDerivE2e():chain-training.cc:162) Numerator objf: 1.74064
LOG (nnet3-chain-train[5.5.1009~1-e4940]:PrintStatsForThisPhase():nnet-training.cc:278) Average objective function for 'output-xent' for minibatches 450-459 is -1.50692 over 28096 frames.
LOG (nnet3-chain-train[5.5.1009~1-e4940]:PrintStatsForThisPhase():nnet-training.cc:278) Average objective function for 'output' for minibatches 450-459 is -0.0733601 over 28096 frames.
LOG (nnet3-chain-train[5.5.1009~1-e4940]:ComputeChainObjfAndDerivE2e():chain-training.cc:162) Numerator objf: 1.75747
LOG (nnet3-chain-train[5.5.1009~1-e4940]:ComputeChainObjfAndDerivE2e():chain-training.cc:162) Numerator objf: 1.73687
LOG (nnet3-chain-train[5.5.1009~1-e4940]:ComputeChainObjfAndDerivE2e():chain-training.cc:162) Numerator objf: 1.82035
LOG (nnet3-chain-train[5.5.1009~1-e4940]:ComputeChainObjfAndDerivE2e():chain-training.cc:162) Numerator objf: 1.8167
LOG (nnet3-chain-train[5.5.1009~1-e4940]:ComputeChainObjfAndDerivE2e():chain-training.cc:162) Numerator objf: 1.74201
LOG (nnet3-chain-train[5.5.1009~1-e4940]:ComputeChainObjfAndDerivE2e():chain-training.cc:162) Numerator objf: 1.7455
LOG (nnet3-chain-train[5.5.1009~1-e4940]:ComputeChainObjfAndDerivE2e():chain-training.cc:162) Numerator objf: 1.82099
LOG (nnet3-chain-train[5.5.1009~1-e4940]:ComputeChainObjfAndDerivE2e():chain-training.cc:162) Numerator objf: 1.70538
LOG (nnet3-chain-train[5.5.1009~1-e4940]:ComputeChainObjfAndDerivE2e():chain-training.cc:162) Numerator objf: 1.70598
LOG (nnet3-chain-train[5.5.1009~1-e4940]:ComputeChainObjfAndDerivE2e():chain-training.cc:162) Numerator objf: 1.76405
LOG (nnet3-chain-train[5.5.1009~1-e4940]:PrintStatsForThisPhase():nnet-training.cc:278) Average objective function for 'output-xent' for minibatches 460-469 is -1.46674 over 29120 frames.
LOG (nnet3-chain-train[5.5.1009~1-e4940]:PrintStatsForThisPhase():nnet-training.cc:278) Average objective function for 'output' for minibatches 460-469 is -0.067269 over 29120 frames.
LOG (nnet3-chain-train[5.5.1009~1-e4940]:ComputeChainObjfAndDerivE2e():chain-training.cc:162) Numerator objf: 1.72783
LOG (nnet3-chain-train[5.5.1009~1-e4940]:ComputeChainObjfAndDerivE2e():chain-training.cc:162) Numerator objf: 1.68969
LOG (nnet3-chain-train[5.5.1009~1-e4940]:ComputeChainObjfAndDerivE2e():chain-training.cc:162) Numerator objf: 1.69781
LOG (nnet3-chain-train[5.5.1009~1-e4940]:ComputeChainObjfAndDerivE2e():chain-training.cc:162) Numerator objf: 1.68215
LOG (nnet3-chain-train[5.5.1009~1-e4940]:ComputeChainObjfAndDerivE2e():chain-training.cc:162) Numerator objf: 1.76725
LOG (nnet3-chain-train[5.5.1009~1-e4940]:ComputeChainObjfAndDerivE2e():chain-training.cc:162) Numerator objf: 1.71093
LOG (nnet3-chain-train[5.5.1009~1-e4940]:ComputeChainObjfAndDerivE2e():chain-training.cc:162) Numerator objf: 1.75861
LOG (nnet3-chain-train[5.5.1009~1-e4940]:ComputeChainObjfAndDerivE2e():chain-training.cc:162) Numerator objf: 1.66477
LOG (nnet3-chain-train[5.5.1009~1-e4940]:ComputeChainObjfAndDerivE2e():chain-training.cc:162) Numerator objf: 1.69912
LOG (nnet3-chain-train[5.5.1009~1-e4940]:ComputeChainObjfAndDerivE2e():chain-training.cc:162) Numerator objf: 1.75872
LOG (nnet3-chain-train[5.5.1009~1-e4940]:PrintStatsForThisPhase():nnet-training.cc:278) Average objective function for 'output-xent' for minibatches 470-479 is -1.44137 over 28288 frames.
LOG (nnet3-chain-train[5.5.1009~1-e4940]:PrintStatsForThisPhase():nnet-training.cc:278) Average objective function for 'output' for minibatches 470-479 is -0.073115 over 28288 frames.
LOG (nnet3-chain-train[5.5.1009~1-e4940]:ComputeChainObjfAndDerivE2e():chain-training.cc:162) Numerator objf: 1.77213
LOG (nnet3-chain-train[5.5.1009~1-e4940]:ComputeChainObjfAndDerivE2e():chain-training.cc:162) Numerator objf: 1.76359
LOG (nnet3-chain-train[5.5.1009~1-e4940]:ComputeChainObjfAndDerivE2e():chain-training.cc:162) Numerator objf: 1.68492
LOG (nnet3-chain-train[5.5.1009~1-e4940]:ComputeChainObjfAndDerivE2e():chain-training.cc:162) Numerator objf: 1.74864
LOG (nnet3-chain-train[5.5.1009~1-e4940]:ComputeChainObjfAndDerivE2e():chain-training.cc:162) Numerator objf: 1.75929
LOG (nnet3-chain-train[5.5.1009~1-e4940]:ComputeChainObjfAndDerivE2e():chain-training.cc:162) Numerator objf: 1.67655
LOG (nnet3-chain-train[5.5.1009~1-e4940]:ComputeChainObjfAndDerivE2e():chain-training.cc:162) Numerator objf: 1.70293
LOG (nnet3-chain-train[5.5.1009~1-e4940]:ComputeChainObjfAndDerivE2e():chain-training.cc:162) Numerator objf: 1.76958
LOG (nnet3-chain-train[5.5.1009~1-e4940]:ComputeChainObjfAndDerivE2e():chain-training.cc:162) Numerator objf: 1.80035
LOG (nnet3-chain-train[5.5.1009~1-e4940]:ComputeChainObjfAndDerivE2e():chain-training.cc:162) Numerator objf: 1.73516
LOG (nnet3-chain-train[5.5.1009~1-e4940]:PrintStatsForThisPhase():nnet-training.cc:278) Average objective function for 'output-xent' for minibatches 480-489 is -1.44342 over 27264 frames.
LOG (nnet3-chain-train[5.5.1009~1-e4940]:PrintStatsForThisPhase():nnet-training.cc:278) Average objective function for 'output' for minibatches 480-489 is -0.076723 over 27264 frames.
LOG (nnet3-chain-train[5.5.1009~1-e4940]:ComputeChainObjfAndDerivE2e():chain-training.cc:162) Numerator objf: 1.70619
LOG (nnet3-chain-train[5.5.1009~1-e4940]:ComputeChainObjfAndDerivE2e():chain-training.cc:162) Numerator objf: 1.72026
LOG (nnet3-chain-train[5.5.1009~1-e4940]:ComputeChainObjfAndDerivE2e():chain-training.cc:162) Numerator objf: 1.75917
LOG (nnet3-chain-train[5.5.1009~1-e4940]:ComputeChainObjfAndDerivE2e():chain-training.cc:162) Numerator objf: 1.77035
LOG (nnet3-chain-train[5.5.1009~1-e4940]:ComputeChainObjfAndDerivE2e():chain-training.cc:162) Numerator objf: 1.83738
LOG (nnet3-chain-train[5.5.1009~1-e4940]:ComputeChainObjfAndDerivE2e():chain-training.cc:162) Numerator objf: 1.71266
LOG (nnet3-chain-train[5.5.1009~1-e4940]:ComputeChainObjfAndDerivE2e():chain-training.cc:162) Numerator objf: 1.89551
LOG (nnet3-chain-train[5.5.1009~1-e4940]:ComputeChainObjfAndDerivE2e():chain-training.cc:162) Numerator objf: 1.68054
LOG (nnet3-chain-train[5.5.1009~1-e4940]:ComputeChainObjfAndDerivE2e():chain-training.cc:162) Numerator objf: 1.62228
LOG (nnet3-chain-train[5.5.1009~1-e4940]:ComputeChainObjfAndDerivE2e():chain-training.cc:162) Numerator objf: 1.69795
LOG (nnet3-chain-train[5.5.1009~1-e4940]:PrintStatsForThisPhase():nnet-training.cc:278) Average objective function for 'output-xent' for minibatches 490-499 is -1.46355 over 29120 frames.
LOG (nnet3-chain-train[5.5.1009~1-e4940]:PrintStatsForThisPhase():nnet-training.cc:278) Average objective function for 'output' for minibatches 490-499 is -0.0696797 over 29120 frames.
LOG (nnet3-chain-train[5.5.1009~1-e4940]:ComputeChainObjfAndDerivE2e():chain-training.cc:162) Numerator objf: 1.74386
LOG (nnet3-chain-train[5.5.1009~1-e4940]:ComputeChainObjfAndDerivE2e():chain-training.cc:162) Numerator objf: 1.73058
LOG (nnet3-chain-train[5.5.1009~1-e4940]:ComputeChainObjfAndDerivE2e():chain-training.cc:162) Numerator objf: 1.77568
LOG (nnet3-chain-train[5.5.1009~1-e4940]:ComputeChainObjfAndDerivE2e():chain-training.cc:162) Numerator objf: 1.69132
LOG (nnet3-chain-train[5.5.1009~1-e4940]:ComputeChainObjfAndDerivE2e():chain-training.cc:162) Numerator objf: 1.67754
LOG (nnet3-chain-train[5.5.1009~1-e4940]:ComputeChainObjfAndDerivE2e():chain-training.cc:162) Numerator objf: 1.76184
LOG (nnet3-chain-train[5.5.1009~1-e4940]:ComputeChainObjfAndDerivE2e():chain-training.cc:162) Numerator objf: 1.75002
LOG (nnet3-chain-train[5.5.1009~1-e4940]:ComputeChainObjfAndDerivE2e():chain-training.cc:162) Numerator objf: 1.80272
LOG (nnet3-chain-train[5.5.1009~1-e4940]:ComputeChainObjfAndDerivE2e():chain-training.cc:162) Numerator objf: 1.74054
LOG (nnet3-chain-train[5.5.1009~1-e4940]:ComputeChainObjfAndDerivE2e():chain-training.cc:162) Numerator objf: 1.86565
LOG (nnet3-chain-train[5.5.1009~1-e4940]:PrintStatsForThisPhase():nnet-training.cc:278) Average objective function for 'output-xent' for minibatches 500-509 is -1.38625 over 28288 frames.
LOG (nnet3-chain-train[5.5.1009~1-e4940]:PrintStatsForThisPhase():nnet-training.cc:278) Average objective function for 'output' for minibatches 500-509 is -0.0684045 over 28288 frames.
LOG (nnet3-chain-train[5.5.1009~1-e4940]:ComputeChainObjfAndDerivE2e():chain-training.cc:162) Numerator objf: 1.73453
LOG (nnet3-chain-train[5.5.1009~1-e4940]:ComputeChainObjfAndDerivE2e():chain-training.cc:162) Numerator objf: 1.70657
LOG (nnet3-chain-train[5.5.1009~1-e4940]:ComputeChainObjfAndDerivE2e():chain-training.cc:162) Numerator objf: 1.79805
LOG (nnet3-chain-train[5.5.1009~1-e4940]:ComputeChainObjfAndDerivE2e():chain-training.cc:162) Numerator objf: 1.7391
LOG (nnet3-chain-train[5.5.1009~1-e4940]:ComputeChainObjfAndDerivE2e():chain-training.cc:162) Numerator objf: 1.69938
LOG (nnet3-chain-train[5.5.1009~1-e4940]:ComputeChainObjfAndDerivE2e():chain-training.cc:162) Numerator objf: 1.83793
LOG (nnet3-chain-train[5.5.1009~1-e4940]:ComputeChainObjfAndDerivE2e():chain-training.cc:162) Numerator objf: 1.77575
LOG (nnet3-chain-train[5.5.1009~1-e4940]:ComputeChainObjfAndDerivE2e():chain-training.cc:162) Numerator objf: 1.75173
LOG (nnet3-chain-train[5.5.1009~1-e4940]:ComputeChainObjfAndDerivE2e():chain-training.cc:162) Numerator objf: 1.73796
LOG (nnet3-chain-train[5.5.1009~1-e4940]:ComputeChainObjfAndDerivE2e():chain-training.cc:162) Numerator objf: 1.74991
LOG (nnet3-chain-train[5.5.1009~1-e4940]:PrintStatsForThisPhase():nnet-training.cc:278) Average objective function for 'output-xent' for minibatches 510-519 is -1.42091 over 28096 frames.
LOG (nnet3-chain-train[5.5.1009~1-e4940]:PrintStatsForThisPhase():nnet-training.cc:278) Average objective function for 'output' for minibatches 510-519 is -0.0674211 over 28096 frames.
LOG (nnet3-chain-train[5.5.1009~1-e4940]:ComputeChainObjfAndDerivE2e():chain-training.cc:162) Numerator objf: 1.80457
LOG (nnet3-chain-train[5.5.1009~1-e4940]:ComputeChainObjfAndDerivE2e():chain-training.cc:162) Numerator objf: 1.75345
LOG (nnet3-chain-shuffle-egs[5.5.1009~1-e4940]:main():nnet3-chain-shuffle-egs.cc:104) Shuffled order of 33675 neural-network training examples using a buffer (partial randomization)
LOG (nnet3-chain-merge-egs[5.5.1009~1-e4940]:PrintSpecificStats():nnet-example-utils.cc:1159) Merged specific eg types as follows [format: <eg-size1>={<mb-size1>-><num-minibatches1>,<mbsize2>-><num-minibatches2>.../d=<num-discarded>},<egs-size2>={...},... (note,egs-size == number of input frames including context).
LOG (nnet3-chain-merge-egs[5.5.1009~1-e4940]:PrintSpecificStats():nnet-example-utils.cc:1189) 160={64->129,d=49},169={64->77,d=21},208={64->319,d=5}
LOG (nnet3-chain-merge-egs[5.5.1009~1-e4940]:PrintAggregateStats():nnet-example-utils.cc:1155) Processed 33675 egs of avg. size 190.4 into 525 minibatches, discarding 0.2227% of egs.  Avg minibatch size was 64, #distinct types of egs/minibatches was 3/3
LOG (nnet3-chain-train[5.5.1009~1-e4940]:ComputeChainObjfAndDerivE2e():chain-training.cc:162) Numerator objf: 1.73337
LOG (nnet3-chain-train[5.5.1009~1-e4940]:ComputeChainObjfAndDerivE2e():chain-training.cc:162) Numerator objf: 1.6535
LOG (nnet3-chain-train[5.5.1009~1-e4940]:PrintTotalStats():nnet-training.cc:317) Overall average objective function for 'output' is -0.0691116 over 1.48384e+06 frames.
LOG (nnet3-chain-train[5.5.1009~1-e4940]:PrintTotalStats():nnet-training.cc:324) [this line is to be parsed by a script:] log-prob-per-frame=-0.0691117
LOG (nnet3-chain-train[5.5.1009~1-e4940]:PrintTotalStats():nnet-training.cc:317) Overall average objective function for 'output-xent' is -1.42442 over 1.48384e+06 frames.
LOG (nnet3-chain-train[5.5.1009~1-e4940]:PrintTotalStats():nnet-training.cc:324) [this line is to be parsed by a script:] log-prob-per-frame=-1.42442
LOG (nnet3-chain-train[5.5.1009~1-e4940]:~CachingOptimizingCompiler():nnet-optimize.cc:710) 0.0303 seconds taken in nnet3 compilation total (breakdown: 0 compilation, 0 optimization, 0 shortcut expansion, 0 checking, 0 computing indexes, 0.0303 misc.) + 0.313 I/O.
LOG (nnet3-chain-train[5.5.1009~1-e4940]:main():nnet3-chain-train.cc:101) Wrote raw model to telugu_exp/chain_cleaned_1d/tdnn1d_sp/12.8.raw
# Accounting: time=1721 threads=1
# Ended (code 0) at Wed Jun 15 07:42:46 UTC 2022, elapsed time 1721 seconds
