# gmm-gselect --n=30 telugu_exp/nnet3_cleaned_1d/diag_ubm/0.dubm "ark,s,cs:apply-cmvn-online --config=conf/online_cmvn.conf --spk2utt=ark:telugu_exp/nnet3_cleaned_1d/diag_ubm/train_cleaned_sp_hires_subset/split30/28/spk2utt telugu_exp/nnet3_cleaned_1d/diag_ubm/global_cmvn.stats scp:telugu_exp/nnet3_cleaned_1d/diag_ubm/train_cleaned_sp_hires_subset/split30/28/feats.scp ark:- | splice-feats --left-context=3 --right-context=3 ark:- ark:- | transform-feats telugu_exp/nnet3_cleaned_1d/diag_ubm/final.mat ark:- ark:- | subsample-feats --n=2 ark:- ark:- |" "ark:|gzip -c >telugu_exp/nnet3_cleaned_1d/diag_ubm/gselect.28.gz" 
# Started at Tue Jun 14 21:21:47 UTC 2022
#
gmm-gselect --n=30 telugu_exp/nnet3_cleaned_1d/diag_ubm/0.dubm 'ark,s,cs:apply-cmvn-online --config=conf/online_cmvn.conf --spk2utt=ark:telugu_exp/nnet3_cleaned_1d/diag_ubm/train_cleaned_sp_hires_subset/split30/28/spk2utt telugu_exp/nnet3_cleaned_1d/diag_ubm/global_cmvn.stats scp:telugu_exp/nnet3_cleaned_1d/diag_ubm/train_cleaned_sp_hires_subset/split30/28/feats.scp ark:- | splice-feats --left-context=3 --right-context=3 ark:- ark:- | transform-feats telugu_exp/nnet3_cleaned_1d/diag_ubm/final.mat ark:- ark:- | subsample-feats --n=2 ark:- ark:- |' 'ark:|gzip -c >telugu_exp/nnet3_cleaned_1d/diag_ubm/gselect.28.gz' 
transform-feats telugu_exp/nnet3_cleaned_1d/diag_ubm/final.mat ark:- ark:- 
subsample-feats --n=2 ark:- ark:- 
apply-cmvn-online --config=conf/online_cmvn.conf --spk2utt=ark:telugu_exp/nnet3_cleaned_1d/diag_ubm/train_cleaned_sp_hires_subset/split30/28/spk2utt telugu_exp/nnet3_cleaned_1d/diag_ubm/global_cmvn.stats scp:telugu_exp/nnet3_cleaned_1d/diag_ubm/train_cleaned_sp_hires_subset/split30/28/feats.scp ark:- 
splice-feats --left-context=3 --right-context=3 ark:- ark:- 
LOG (gmm-gselect[5.5.1009~1-e4940]:main():gmm-gselect.cc:114) For 0'th file, average UBM likelihood over 78 frames is -50.2828
LOG (gmm-gselect[5.5.1009~1-e4940]:main():gmm-gselect.cc:114) For 10'th file, average UBM likelihood over 141 frames is -54.9112
LOG (gmm-gselect[5.5.1009~1-e4940]:main():gmm-gselect.cc:114) For 20'th file, average UBM likelihood over 101 frames is -52.6058
LOG (gmm-gselect[5.5.1009~1-e4940]:main():gmm-gselect.cc:114) For 30'th file, average UBM likelihood over 34 frames is -50.2491
LOG (gmm-gselect[5.5.1009~1-e4940]:main():gmm-gselect.cc:114) For 40'th file, average UBM likelihood over 255 frames is -54.811
LOG (gmm-gselect[5.5.1009~1-e4940]:main():gmm-gselect.cc:114) For 50'th file, average UBM likelihood over 43 frames is -55.2778
LOG (gmm-gselect[5.5.1009~1-e4940]:main():gmm-gselect.cc:114) For 60'th file, average UBM likelihood over 36 frames is -57.4795
LOG (gmm-gselect[5.5.1009~1-e4940]:main():gmm-gselect.cc:114) For 70'th file, average UBM likelihood over 61 frames is -49.3977
LOG (gmm-gselect[5.5.1009~1-e4940]:main():gmm-gselect.cc:114) For 80'th file, average UBM likelihood over 37 frames is -49.0039
LOG (gmm-gselect[5.5.1009~1-e4940]:main():gmm-gselect.cc:114) For 90'th file, average UBM likelihood over 106 frames is -60.634
LOG (gmm-gselect[5.5.1009~1-e4940]:main():gmm-gselect.cc:114) For 100'th file, average UBM likelihood over 58 frames is -55.7558
LOG (gmm-gselect[5.5.1009~1-e4940]:main():gmm-gselect.cc:114) For 110'th file, average UBM likelihood over 87 frames is -60.3647
LOG (gmm-gselect[5.5.1009~1-e4940]:main():gmm-gselect.cc:114) For 120'th file, average UBM likelihood over 40 frames is -50.5953
LOG (gmm-gselect[5.5.1009~1-e4940]:main():gmm-gselect.cc:114) For 130'th file, average UBM likelihood over 30 frames is -52.829
LOG (gmm-gselect[5.5.1009~1-e4940]:main():gmm-gselect.cc:114) For 140'th file, average UBM likelihood over 86 frames is -56.4083
LOG (gmm-gselect[5.5.1009~1-e4940]:main():gmm-gselect.cc:114) For 150'th file, average UBM likelihood over 32 frames is -53.0172
LOG (gmm-gselect[5.5.1009~1-e4940]:main():gmm-gselect.cc:114) For 160'th file, average UBM likelihood over 46 frames is -52.587
LOG (gmm-gselect[5.5.1009~1-e4940]:main():gmm-gselect.cc:114) For 170'th file, average UBM likelihood over 44 frames is -50.7029
LOG (gmm-gselect[5.5.1009~1-e4940]:main():gmm-gselect.cc:114) For 180'th file, average UBM likelihood over 140 frames is -49.6407
LOG (gmm-gselect[5.5.1009~1-e4940]:main():gmm-gselect.cc:114) For 190'th file, average UBM likelihood over 82 frames is -45.9636
LOG (gmm-gselect[5.5.1009~1-e4940]:main():gmm-gselect.cc:114) For 200'th file, average UBM likelihood over 32 frames is -48.7765
LOG (gmm-gselect[5.5.1009~1-e4940]:main():gmm-gselect.cc:114) For 210'th file, average UBM likelihood over 38 frames is -48.1619
LOG (gmm-gselect[5.5.1009~1-e4940]:main():gmm-gselect.cc:114) For 220'th file, average UBM likelihood over 56 frames is -53.8088
LOG (gmm-gselect[5.5.1009~1-e4940]:main():gmm-gselect.cc:114) For 230'th file, average UBM likelihood over 38 frames is -48.308
LOG (gmm-gselect[5.5.1009~1-e4940]:main():gmm-gselect.cc:114) For 240'th file, average UBM likelihood over 37 frames is -47.2007
LOG (gmm-gselect[5.5.1009~1-e4940]:main():gmm-gselect.cc:114) For 250'th file, average UBM likelihood over 200 frames is -49.2685
LOG (gmm-gselect[5.5.1009~1-e4940]:main():gmm-gselect.cc:114) For 260'th file, average UBM likelihood over 102 frames is -50.9062
LOG (gmm-gselect[5.5.1009~1-e4940]:main():gmm-gselect.cc:114) For 270'th file, average UBM likelihood over 45 frames is -53.6682
LOG (gmm-gselect[5.5.1009~1-e4940]:main():gmm-gselect.cc:114) For 280'th file, average UBM likelihood over 136 frames is -51.0278
LOG (gmm-gselect[5.5.1009~1-e4940]:main():gmm-gselect.cc:114) For 290'th file, average UBM likelihood over 92 frames is -55.9697
LOG (gmm-gselect[5.5.1009~1-e4940]:main():gmm-gselect.cc:114) For 300'th file, average UBM likelihood over 74 frames is -51.428
LOG (gmm-gselect[5.5.1009~1-e4940]:main():gmm-gselect.cc:114) For 310'th file, average UBM likelihood over 54 frames is -48.3375
LOG (gmm-gselect[5.5.1009~1-e4940]:main():gmm-gselect.cc:114) For 320'th file, average UBM likelihood over 125 frames is -58.0321
LOG (gmm-gselect[5.5.1009~1-e4940]:main():gmm-gselect.cc:114) For 330'th file, average UBM likelihood over 80 frames is -51.6621
LOG (gmm-gselect[5.5.1009~1-e4940]:main():gmm-gselect.cc:114) For 340'th file, average UBM likelihood over 83 frames is -50.2118
LOG (gmm-gselect[5.5.1009~1-e4940]:main():gmm-gselect.cc:114) For 350'th file, average UBM likelihood over 145 frames is -50.8741
LOG (gmm-gselect[5.5.1009~1-e4940]:main():gmm-gselect.cc:114) For 360'th file, average UBM likelihood over 37 frames is -54.9034
LOG (gmm-gselect[5.5.1009~1-e4940]:main():gmm-gselect.cc:114) For 370'th file, average UBM likelihood over 62 frames is -44.5353
LOG (gmm-gselect[5.5.1009~1-e4940]:main():gmm-gselect.cc:114) For 380'th file, average UBM likelihood over 67 frames is -56.4399
LOG (gmm-gselect[5.5.1009~1-e4940]:main():gmm-gselect.cc:114) For 390'th file, average UBM likelihood over 95 frames is -47.9043
LOG (gmm-gselect[5.5.1009~1-e4940]:main():gmm-gselect.cc:114) For 400'th file, average UBM likelihood over 119 frames is -54.0737
LOG (gmm-gselect[5.5.1009~1-e4940]:main():gmm-gselect.cc:114) For 410'th file, average UBM likelihood over 95 frames is -50.3003
LOG (gmm-gselect[5.5.1009~1-e4940]:main():gmm-gselect.cc:114) For 420'th file, average UBM likelihood over 39 frames is -46.643
LOG (gmm-gselect[5.5.1009~1-e4940]:main():gmm-gselect.cc:114) For 430'th file, average UBM likelihood over 111 frames is -52.3321
LOG (gmm-gselect[5.5.1009~1-e4940]:main():gmm-gselect.cc:114) For 440'th file, average UBM likelihood over 53 frames is -47.2373
LOG (gmm-gselect[5.5.1009~1-e4940]:main():gmm-gselect.cc:114) For 450'th file, average UBM likelihood over 78 frames is -47.8803
LOG (gmm-gselect[5.5.1009~1-e4940]:main():gmm-gselect.cc:114) For 460'th file, average UBM likelihood over 58 frames is -50.0128
LOG (gmm-gselect[5.5.1009~1-e4940]:main():gmm-gselect.cc:114) For 470'th file, average UBM likelihood over 60 frames is -46.6205
LOG (gmm-gselect[5.5.1009~1-e4940]:main():gmm-gselect.cc:114) For 480'th file, average UBM likelihood over 49 frames is -52.2826
LOG (gmm-gselect[5.5.1009~1-e4940]:main():gmm-gselect.cc:114) For 490'th file, average UBM likelihood over 169 frames is -51.2214
LOG (gmm-gselect[5.5.1009~1-e4940]:main():gmm-gselect.cc:114) For 500'th file, average UBM likelihood over 68 frames is -52.1797
LOG (gmm-gselect[5.5.1009~1-e4940]:main():gmm-gselect.cc:114) For 510'th file, average UBM likelihood over 75 frames is -47.2444
LOG (gmm-gselect[5.5.1009~1-e4940]:main():gmm-gselect.cc:114) For 520'th file, average UBM likelihood over 67 frames is -51.4145
LOG (gmm-gselect[5.5.1009~1-e4940]:main():gmm-gselect.cc:114) For 530'th file, average UBM likelihood over 38 frames is -42.2351
LOG (gmm-gselect[5.5.1009~1-e4940]:main():gmm-gselect.cc:114) For 540'th file, average UBM likelihood over 57 frames is -56.5282
LOG (gmm-gselect[5.5.1009~1-e4940]:main():gmm-gselect.cc:114) For 550'th file, average UBM likelihood over 46 frames is -58.3776
LOG (gmm-gselect[5.5.1009~1-e4940]:main():gmm-gselect.cc:114) For 560'th file, average UBM likelihood over 53 frames is -55.9889
LOG (gmm-gselect[5.5.1009~1-e4940]:main():gmm-gselect.cc:114) For 570'th file, average UBM likelihood over 157 frames is -55.1462
LOG (gmm-gselect[5.5.1009~1-e4940]:main():gmm-gselect.cc:114) For 580'th file, average UBM likelihood over 258 frames is -50.5439
LOG (gmm-gselect[5.5.1009~1-e4940]:main():gmm-gselect.cc:114) For 590'th file, average UBM likelihood over 34 frames is -45.2115
LOG (gmm-gselect[5.5.1009~1-e4940]:main():gmm-gselect.cc:114) For 600'th file, average UBM likelihood over 157 frames is -48.511
LOG (gmm-gselect[5.5.1009~1-e4940]:main():gmm-gselect.cc:114) For 610'th file, average UBM likelihood over 67 frames is -45.0202
LOG (gmm-gselect[5.5.1009~1-e4940]:main():gmm-gselect.cc:114) For 620'th file, average UBM likelihood over 61 frames is -51.7037
LOG (gmm-gselect[5.5.1009~1-e4940]:main():gmm-gselect.cc:114) For 630'th file, average UBM likelihood over 166 frames is -54.6256
LOG (gmm-gselect[5.5.1009~1-e4940]:main():gmm-gselect.cc:114) For 640'th file, average UBM likelihood over 47 frames is -56.4421
LOG (gmm-gselect[5.5.1009~1-e4940]:main():gmm-gselect.cc:114) For 650'th file, average UBM likelihood over 29 frames is -45.4619
LOG (gmm-gselect[5.5.1009~1-e4940]:main():gmm-gselect.cc:114) For 660'th file, average UBM likelihood over 30 frames is -48.9576
LOG (gmm-gselect[5.5.1009~1-e4940]:main():gmm-gselect.cc:114) For 670'th file, average UBM likelihood over 33 frames is -58.2408
LOG (gmm-gselect[5.5.1009~1-e4940]:main():gmm-gselect.cc:114) For 680'th file, average UBM likelihood over 228 frames is -51.961
LOG (gmm-gselect[5.5.1009~1-e4940]:main():gmm-gselect.cc:114) For 690'th file, average UBM likelihood over 81 frames is -46.0287
LOG (gmm-gselect[5.5.1009~1-e4940]:main():gmm-gselect.cc:114) For 700'th file, average UBM likelihood over 37 frames is -43.874
LOG (gmm-gselect[5.5.1009~1-e4940]:main():gmm-gselect.cc:114) For 710'th file, average UBM likelihood over 40 frames is -61.2951
LOG (gmm-gselect[5.5.1009~1-e4940]:main():gmm-gselect.cc:114) For 720'th file, average UBM likelihood over 65 frames is -56.0859
LOG (gmm-gselect[5.5.1009~1-e4940]:main():gmm-gselect.cc:114) For 730'th file, average UBM likelihood over 49 frames is -58.1323
LOG (gmm-gselect[5.5.1009~1-e4940]:main():gmm-gselect.cc:114) For 740'th file, average UBM likelihood over 86 frames is -55.4879
LOG (gmm-gselect[5.5.1009~1-e4940]:main():gmm-gselect.cc:114) For 750'th file, average UBM likelihood over 105 frames is -46.5612
LOG (gmm-gselect[5.5.1009~1-e4940]:main():gmm-gselect.cc:114) For 760'th file, average UBM likelihood over 97 frames is -54.1189
LOG (gmm-gselect[5.5.1009~1-e4940]:main():gmm-gselect.cc:114) For 770'th file, average UBM likelihood over 56 frames is -53.4153
LOG (gmm-gselect[5.5.1009~1-e4940]:main():gmm-gselect.cc:114) For 780'th file, average UBM likelihood over 44 frames is -50.8149
LOG (gmm-gselect[5.5.1009~1-e4940]:main():gmm-gselect.cc:114) For 790'th file, average UBM likelihood over 37 frames is -53.4269
LOG (gmm-gselect[5.5.1009~1-e4940]:main():gmm-gselect.cc:114) For 800'th file, average UBM likelihood over 45 frames is -53.429
LOG (gmm-gselect[5.5.1009~1-e4940]:main():gmm-gselect.cc:114) For 810'th file, average UBM likelihood over 117 frames is -53.7162
LOG (gmm-gselect[5.5.1009~1-e4940]:main():gmm-gselect.cc:114) For 820'th file, average UBM likelihood over 40 frames is -69.2473
LOG (gmm-gselect[5.5.1009~1-e4940]:main():gmm-gselect.cc:114) For 830'th file, average UBM likelihood over 136 frames is -54.8783
LOG (gmm-gselect[5.5.1009~1-e4940]:main():gmm-gselect.cc:114) For 840'th file, average UBM likelihood over 69 frames is -62.5823
LOG (gmm-gselect[5.5.1009~1-e4940]:main():gmm-gselect.cc:114) For 850'th file, average UBM likelihood over 29 frames is -47.8338
LOG (gmm-gselect[5.5.1009~1-e4940]:main():gmm-gselect.cc:114) For 860'th file, average UBM likelihood over 41 frames is -56.9661
LOG (gmm-gselect[5.5.1009~1-e4940]:main():gmm-gselect.cc:114) For 870'th file, average UBM likelihood over 35 frames is -58.1414
LOG (gmm-gselect[5.5.1009~1-e4940]:main():gmm-gselect.cc:114) For 880'th file, average UBM likelihood over 74 frames is -60.168
LOG (gmm-gselect[5.5.1009~1-e4940]:main():gmm-gselect.cc:114) For 890'th file, average UBM likelihood over 42 frames is -50.7781
LOG (gmm-gselect[5.5.1009~1-e4940]:main():gmm-gselect.cc:114) For 900'th file, average UBM likelihood over 91 frames is -61.0446
LOG (gmm-gselect[5.5.1009~1-e4940]:main():gmm-gselect.cc:114) For 910'th file, average UBM likelihood over 93 frames is -53.529
LOG (gmm-gselect[5.5.1009~1-e4940]:main():gmm-gselect.cc:114) For 920'th file, average UBM likelihood over 148 frames is -47.1085
LOG (gmm-gselect[5.5.1009~1-e4940]:main():gmm-gselect.cc:114) For 930'th file, average UBM likelihood over 142 frames is -61.1428
LOG (gmm-gselect[5.5.1009~1-e4940]:main():gmm-gselect.cc:114) For 940'th file, average UBM likelihood over 34 frames is -65.3079
LOG (gmm-gselect[5.5.1009~1-e4940]:main():gmm-gselect.cc:114) For 950'th file, average UBM likelihood over 120 frames is -54.1925
LOG (gmm-gselect[5.5.1009~1-e4940]:main():gmm-gselect.cc:114) For 960'th file, average UBM likelihood over 50 frames is -67.6292
LOG (gmm-gselect[5.5.1009~1-e4940]:main():gmm-gselect.cc:114) For 970'th file, average UBM likelihood over 50 frames is -52.108
LOG (gmm-gselect[5.5.1009~1-e4940]:main():gmm-gselect.cc:114) For 980'th file, average UBM likelihood over 51 frames is -67.2301
LOG (gmm-gselect[5.5.1009~1-e4940]:main():gmm-gselect.cc:114) For 990'th file, average UBM likelihood over 35 frames is -60.272
LOG (gmm-gselect[5.5.1009~1-e4940]:main():gmm-gselect.cc:114) For 1000'th file, average UBM likelihood over 65 frames is -51.2009
LOG (gmm-gselect[5.5.1009~1-e4940]:main():gmm-gselect.cc:114) For 1010'th file, average UBM likelihood over 34 frames is -50.7305
LOG (gmm-gselect[5.5.1009~1-e4940]:main():gmm-gselect.cc:114) For 1020'th file, average UBM likelihood over 34 frames is -46.4346
LOG (gmm-gselect[5.5.1009~1-e4940]:main():gmm-gselect.cc:114) For 1030'th file, average UBM likelihood over 56 frames is -55.0789
LOG (gmm-gselect[5.5.1009~1-e4940]:main():gmm-gselect.cc:114) For 1040'th file, average UBM likelihood over 87 frames is -58.6366
LOG (gmm-gselect[5.5.1009~1-e4940]:main():gmm-gselect.cc:114) For 1050'th file, average UBM likelihood over 49 frames is -49.0886
LOG (gmm-gselect[5.5.1009~1-e4940]:main():gmm-gselect.cc:114) For 1060'th file, average UBM likelihood over 55 frames is -49.1876
LOG (gmm-gselect[5.5.1009~1-e4940]:main():gmm-gselect.cc:114) For 1070'th file, average UBM likelihood over 33 frames is -54.1724
LOG (gmm-gselect[5.5.1009~1-e4940]:main():gmm-gselect.cc:114) For 1080'th file, average UBM likelihood over 134 frames is -64.3011
LOG (gmm-gselect[5.5.1009~1-e4940]:main():gmm-gselect.cc:114) For 1090'th file, average UBM likelihood over 51 frames is -62.6829
LOG (gmm-gselect[5.5.1009~1-e4940]:main():gmm-gselect.cc:114) For 1100'th file, average UBM likelihood over 46 frames is -54.4541
LOG (apply-cmvn-online[5.5.1009~1-e4940]:main():apply-cmvn-online.cc:133) Applied online CMVN to 1118 files, or 174533 frames.
LOG (transform-feats[5.5.1009~1-e4940]:main():transform-feats.cc:158) Overall average [pseudo-]logdet is -127.761 over 174533 frames.
LOG (transform-feats[5.5.1009~1-e4940]:main():transform-feats.cc:161) Applied transform to 1118 utterances; 0 had errors.
LOG (gmm-gselect[5.5.1009~1-e4940]:main():gmm-gselect.cc:114) For 1110'th file, average UBM likelihood over 34 frames is -50.6566
LOG (subsample-feats[5.5.1009~1-e4940]:main():subsample-feats.cc:115) Processed 1118 feature matrices; 0 with errors.
LOG (subsample-feats[5.5.1009~1-e4940]:main():subsample-feats.cc:117) Processed 174533 input frames and 87552 output frames.
LOG (gmm-gselect[5.5.1009~1-e4940]:main():gmm-gselect.cc:125) Done 1118 files, 0 with errors, average UBM log-likelihood is -53.7181 over 87552 frames.
# Accounting: time=4 threads=1
# Ended (code 0) at Tue Jun 14 21:21:51 UTC 2022, elapsed time 4 seconds
