# gmm-gselect --n=30 telugu_exp/nnet3_cleaned_1d/diag_ubm/0.dubm "ark,s,cs:apply-cmvn-online --config=conf/online_cmvn.conf --spk2utt=ark:telugu_exp/nnet3_cleaned_1d/diag_ubm/train_cleaned_sp_hires_subset/split30/7/spk2utt telugu_exp/nnet3_cleaned_1d/diag_ubm/global_cmvn.stats scp:telugu_exp/nnet3_cleaned_1d/diag_ubm/train_cleaned_sp_hires_subset/split30/7/feats.scp ark:- | splice-feats --left-context=3 --right-context=3 ark:- ark:- | transform-feats telugu_exp/nnet3_cleaned_1d/diag_ubm/final.mat ark:- ark:- | subsample-feats --n=2 ark:- ark:- |" "ark:|gzip -c >telugu_exp/nnet3_cleaned_1d/diag_ubm/gselect.7.gz" 
# Started at Tue Jun 14 21:21:21 UTC 2022
#
gmm-gselect --n=30 telugu_exp/nnet3_cleaned_1d/diag_ubm/0.dubm 'ark,s,cs:apply-cmvn-online --config=conf/online_cmvn.conf --spk2utt=ark:telugu_exp/nnet3_cleaned_1d/diag_ubm/train_cleaned_sp_hires_subset/split30/7/spk2utt telugu_exp/nnet3_cleaned_1d/diag_ubm/global_cmvn.stats scp:telugu_exp/nnet3_cleaned_1d/diag_ubm/train_cleaned_sp_hires_subset/split30/7/feats.scp ark:- | splice-feats --left-context=3 --right-context=3 ark:- ark:- | transform-feats telugu_exp/nnet3_cleaned_1d/diag_ubm/final.mat ark:- ark:- | subsample-feats --n=2 ark:- ark:- |' 'ark:|gzip -c >telugu_exp/nnet3_cleaned_1d/diag_ubm/gselect.7.gz' 
transform-feats telugu_exp/nnet3_cleaned_1d/diag_ubm/final.mat ark:- ark:- 
splice-feats --left-context=3 --right-context=3 ark:- ark:- 
subsample-feats --n=2 ark:- ark:- 
apply-cmvn-online --config=conf/online_cmvn.conf --spk2utt=ark:telugu_exp/nnet3_cleaned_1d/diag_ubm/train_cleaned_sp_hires_subset/split30/7/spk2utt telugu_exp/nnet3_cleaned_1d/diag_ubm/global_cmvn.stats scp:telugu_exp/nnet3_cleaned_1d/diag_ubm/train_cleaned_sp_hires_subset/split30/7/feats.scp ark:- 
LOG (gmm-gselect[5.5.1009~1-e4940]:main():gmm-gselect.cc:114) For 0'th file, average UBM likelihood over 33 frames is -45.7382
LOG (gmm-gselect[5.5.1009~1-e4940]:main():gmm-gselect.cc:114) For 10'th file, average UBM likelihood over 162 frames is -49.0202
LOG (gmm-gselect[5.5.1009~1-e4940]:main():gmm-gselect.cc:114) For 20'th file, average UBM likelihood over 127 frames is -52.3742
LOG (gmm-gselect[5.5.1009~1-e4940]:main():gmm-gselect.cc:114) For 30'th file, average UBM likelihood over 75 frames is -46.3329
LOG (gmm-gselect[5.5.1009~1-e4940]:main():gmm-gselect.cc:114) For 40'th file, average UBM likelihood over 32 frames is -46.3452
LOG (gmm-gselect[5.5.1009~1-e4940]:main():gmm-gselect.cc:114) For 50'th file, average UBM likelihood over 56 frames is -46.7758
LOG (gmm-gselect[5.5.1009~1-e4940]:main():gmm-gselect.cc:114) For 60'th file, average UBM likelihood over 49 frames is -56.9781
LOG (gmm-gselect[5.5.1009~1-e4940]:main():gmm-gselect.cc:114) For 70'th file, average UBM likelihood over 100 frames is -50.2386
LOG (gmm-gselect[5.5.1009~1-e4940]:main():gmm-gselect.cc:114) For 80'th file, average UBM likelihood over 48 frames is -44.9316
LOG (gmm-gselect[5.5.1009~1-e4940]:main():gmm-gselect.cc:114) For 90'th file, average UBM likelihood over 26 frames is -54.4395
LOG (gmm-gselect[5.5.1009~1-e4940]:main():gmm-gselect.cc:114) For 100'th file, average UBM likelihood over 41 frames is -61.0613
LOG (gmm-gselect[5.5.1009~1-e4940]:main():gmm-gselect.cc:114) For 110'th file, average UBM likelihood over 56 frames is -55.5663
LOG (gmm-gselect[5.5.1009~1-e4940]:main():gmm-gselect.cc:114) For 120'th file, average UBM likelihood over 38 frames is -50.5883
LOG (gmm-gselect[5.5.1009~1-e4940]:main():gmm-gselect.cc:114) For 130'th file, average UBM likelihood over 32 frames is -49.475
LOG (gmm-gselect[5.5.1009~1-e4940]:main():gmm-gselect.cc:114) For 140'th file, average UBM likelihood over 56 frames is -51.4166
LOG (gmm-gselect[5.5.1009~1-e4940]:main():gmm-gselect.cc:114) For 150'th file, average UBM likelihood over 73 frames is -46.0441
LOG (gmm-gselect[5.5.1009~1-e4940]:main():gmm-gselect.cc:114) For 160'th file, average UBM likelihood over 44 frames is -46.9001
LOG (gmm-gselect[5.5.1009~1-e4940]:main():gmm-gselect.cc:114) For 170'th file, average UBM likelihood over 209 frames is -55.8994
LOG (gmm-gselect[5.5.1009~1-e4940]:main():gmm-gselect.cc:114) For 180'th file, average UBM likelihood over 36 frames is -41.6577
LOG (gmm-gselect[5.5.1009~1-e4940]:main():gmm-gselect.cc:114) For 190'th file, average UBM likelihood over 32 frames is -42.1103
LOG (gmm-gselect[5.5.1009~1-e4940]:main():gmm-gselect.cc:114) For 200'th file, average UBM likelihood over 155 frames is -56.4067
LOG (gmm-gselect[5.5.1009~1-e4940]:main():gmm-gselect.cc:114) For 210'th file, average UBM likelihood over 77 frames is -50.0779
LOG (gmm-gselect[5.5.1009~1-e4940]:main():gmm-gselect.cc:114) For 220'th file, average UBM likelihood over 312 frames is -53.3061
LOG (gmm-gselect[5.5.1009~1-e4940]:main():gmm-gselect.cc:114) For 230'th file, average UBM likelihood over 84 frames is -53.4509
LOG (gmm-gselect[5.5.1009~1-e4940]:main():gmm-gselect.cc:114) For 240'th file, average UBM likelihood over 79 frames is -51.3129
LOG (gmm-gselect[5.5.1009~1-e4940]:main():gmm-gselect.cc:114) For 250'th file, average UBM likelihood over 44 frames is -46.7965
LOG (gmm-gselect[5.5.1009~1-e4940]:main():gmm-gselect.cc:114) For 260'th file, average UBM likelihood over 60 frames is -44.8961
LOG (gmm-gselect[5.5.1009~1-e4940]:main():gmm-gselect.cc:114) For 270'th file, average UBM likelihood over 110 frames is -48.7026
LOG (gmm-gselect[5.5.1009~1-e4940]:main():gmm-gselect.cc:114) For 280'th file, average UBM likelihood over 79 frames is -48.4591
LOG (gmm-gselect[5.5.1009~1-e4940]:main():gmm-gselect.cc:114) For 290'th file, average UBM likelihood over 48 frames is -53.442
LOG (gmm-gselect[5.5.1009~1-e4940]:main():gmm-gselect.cc:114) For 300'th file, average UBM likelihood over 65 frames is -53.8059
LOG (gmm-gselect[5.5.1009~1-e4940]:main():gmm-gselect.cc:114) For 310'th file, average UBM likelihood over 68 frames is -47.1743
LOG (gmm-gselect[5.5.1009~1-e4940]:main():gmm-gselect.cc:114) For 320'th file, average UBM likelihood over 56 frames is -46.2755
LOG (gmm-gselect[5.5.1009~1-e4940]:main():gmm-gselect.cc:114) For 330'th file, average UBM likelihood over 122 frames is -50.2022
LOG (gmm-gselect[5.5.1009~1-e4940]:main():gmm-gselect.cc:114) For 340'th file, average UBM likelihood over 48 frames is -45.0367
LOG (gmm-gselect[5.5.1009~1-e4940]:main():gmm-gselect.cc:114) For 350'th file, average UBM likelihood over 83 frames is -48.1888
LOG (gmm-gselect[5.5.1009~1-e4940]:main():gmm-gselect.cc:114) For 360'th file, average UBM likelihood over 74 frames is -48.1476
LOG (gmm-gselect[5.5.1009~1-e4940]:main():gmm-gselect.cc:114) For 370'th file, average UBM likelihood over 57 frames is -50.3707
LOG (gmm-gselect[5.5.1009~1-e4940]:main():gmm-gselect.cc:114) For 380'th file, average UBM likelihood over 33 frames is -52.6416
LOG (gmm-gselect[5.5.1009~1-e4940]:main():gmm-gselect.cc:114) For 390'th file, average UBM likelihood over 33 frames is -50.7181
LOG (gmm-gselect[5.5.1009~1-e4940]:main():gmm-gselect.cc:114) For 400'th file, average UBM likelihood over 56 frames is -48.2277
LOG (gmm-gselect[5.5.1009~1-e4940]:main():gmm-gselect.cc:114) For 410'th file, average UBM likelihood over 70 frames is -50.3904
LOG (gmm-gselect[5.5.1009~1-e4940]:main():gmm-gselect.cc:114) For 420'th file, average UBM likelihood over 79 frames is -50.2831
LOG (gmm-gselect[5.5.1009~1-e4940]:main():gmm-gselect.cc:114) For 430'th file, average UBM likelihood over 48 frames is -50.2192
LOG (gmm-gselect[5.5.1009~1-e4940]:main():gmm-gselect.cc:114) For 440'th file, average UBM likelihood over 89 frames is -51.0723
LOG (gmm-gselect[5.5.1009~1-e4940]:main():gmm-gselect.cc:114) For 450'th file, average UBM likelihood over 89 frames is -48.1224
LOG (gmm-gselect[5.5.1009~1-e4940]:main():gmm-gselect.cc:114) For 460'th file, average UBM likelihood over 28 frames is -52.2104
LOG (gmm-gselect[5.5.1009~1-e4940]:main():gmm-gselect.cc:114) For 470'th file, average UBM likelihood over 66 frames is -49.0128
LOG (gmm-gselect[5.5.1009~1-e4940]:main():gmm-gselect.cc:114) For 480'th file, average UBM likelihood over 157 frames is -52.8429
LOG (gmm-gselect[5.5.1009~1-e4940]:main():gmm-gselect.cc:114) For 490'th file, average UBM likelihood over 51 frames is -54.6944
LOG (gmm-gselect[5.5.1009~1-e4940]:main():gmm-gselect.cc:114) For 500'th file, average UBM likelihood over 72 frames is -47.6553
LOG (gmm-gselect[5.5.1009~1-e4940]:main():gmm-gselect.cc:114) For 510'th file, average UBM likelihood over 39 frames is -48.8046
LOG (gmm-gselect[5.5.1009~1-e4940]:main():gmm-gselect.cc:114) For 520'th file, average UBM likelihood over 122 frames is -54.5265
LOG (gmm-gselect[5.5.1009~1-e4940]:main():gmm-gselect.cc:114) For 530'th file, average UBM likelihood over 76 frames is -53.3247
LOG (gmm-gselect[5.5.1009~1-e4940]:main():gmm-gselect.cc:114) For 540'th file, average UBM likelihood over 49 frames is -52.6814
LOG (gmm-gselect[5.5.1009~1-e4940]:main():gmm-gselect.cc:114) For 550'th file, average UBM likelihood over 136 frames is -48.3017
LOG (gmm-gselect[5.5.1009~1-e4940]:main():gmm-gselect.cc:114) For 560'th file, average UBM likelihood over 173 frames is -53.2289
LOG (gmm-gselect[5.5.1009~1-e4940]:main():gmm-gselect.cc:114) For 570'th file, average UBM likelihood over 124 frames is -54.6002
LOG (gmm-gselect[5.5.1009~1-e4940]:main():gmm-gselect.cc:114) For 580'th file, average UBM likelihood over 58 frames is -57.7997
LOG (gmm-gselect[5.5.1009~1-e4940]:main():gmm-gselect.cc:114) For 590'th file, average UBM likelihood over 54 frames is -50.9416
LOG (gmm-gselect[5.5.1009~1-e4940]:main():gmm-gselect.cc:114) For 600'th file, average UBM likelihood over 102 frames is -52.0617
LOG (gmm-gselect[5.5.1009~1-e4940]:main():gmm-gselect.cc:114) For 610'th file, average UBM likelihood over 80 frames is -45.6671
LOG (gmm-gselect[5.5.1009~1-e4940]:main():gmm-gselect.cc:114) For 620'th file, average UBM likelihood over 71 frames is -55.4334
LOG (gmm-gselect[5.5.1009~1-e4940]:main():gmm-gselect.cc:114) For 630'th file, average UBM likelihood over 196 frames is -57.0546
LOG (gmm-gselect[5.5.1009~1-e4940]:main():gmm-gselect.cc:114) For 640'th file, average UBM likelihood over 205 frames is -52.3598
LOG (gmm-gselect[5.5.1009~1-e4940]:main():gmm-gselect.cc:114) For 650'th file, average UBM likelihood over 84 frames is -53.8566
LOG (gmm-gselect[5.5.1009~1-e4940]:main():gmm-gselect.cc:114) For 660'th file, average UBM likelihood over 36 frames is -56.8841
LOG (gmm-gselect[5.5.1009~1-e4940]:main():gmm-gselect.cc:114) For 670'th file, average UBM likelihood over 46 frames is -52.1396
LOG (gmm-gselect[5.5.1009~1-e4940]:main():gmm-gselect.cc:114) For 680'th file, average UBM likelihood over 235 frames is -52.5581
LOG (gmm-gselect[5.5.1009~1-e4940]:main():gmm-gselect.cc:114) For 690'th file, average UBM likelihood over 94 frames is -47.355
LOG (gmm-gselect[5.5.1009~1-e4940]:main():gmm-gselect.cc:114) For 700'th file, average UBM likelihood over 86 frames is -47.9415
LOG (gmm-gselect[5.5.1009~1-e4940]:main():gmm-gselect.cc:114) For 710'th file, average UBM likelihood over 89 frames is -55.1747
LOG (gmm-gselect[5.5.1009~1-e4940]:main():gmm-gselect.cc:114) For 720'th file, average UBM likelihood over 43 frames is -46.3918
LOG (gmm-gselect[5.5.1009~1-e4940]:main():gmm-gselect.cc:114) For 730'th file, average UBM likelihood over 41 frames is -50.2777
LOG (gmm-gselect[5.5.1009~1-e4940]:main():gmm-gselect.cc:114) For 740'th file, average UBM likelihood over 172 frames is -49.8701
LOG (gmm-gselect[5.5.1009~1-e4940]:main():gmm-gselect.cc:114) For 750'th file, average UBM likelihood over 57 frames is -38.3901
LOG (gmm-gselect[5.5.1009~1-e4940]:main():gmm-gselect.cc:114) For 760'th file, average UBM likelihood over 69 frames is -46.0085
LOG (gmm-gselect[5.5.1009~1-e4940]:main():gmm-gselect.cc:114) For 770'th file, average UBM likelihood over 45 frames is -52.2777
LOG (gmm-gselect[5.5.1009~1-e4940]:main():gmm-gselect.cc:114) For 780'th file, average UBM likelihood over 63 frames is -46.545
LOG (gmm-gselect[5.5.1009~1-e4940]:main():gmm-gselect.cc:114) For 790'th file, average UBM likelihood over 132 frames is -53.8783
LOG (gmm-gselect[5.5.1009~1-e4940]:main():gmm-gselect.cc:114) For 800'th file, average UBM likelihood over 147 frames is -54.0288
LOG (gmm-gselect[5.5.1009~1-e4940]:main():gmm-gselect.cc:114) For 810'th file, average UBM likelihood over 218 frames is -49.7236
LOG (gmm-gselect[5.5.1009~1-e4940]:main():gmm-gselect.cc:114) For 820'th file, average UBM likelihood over 190 frames is -47.1856
LOG (gmm-gselect[5.5.1009~1-e4940]:main():gmm-gselect.cc:114) For 830'th file, average UBM likelihood over 62 frames is -54.6113
LOG (gmm-gselect[5.5.1009~1-e4940]:main():gmm-gselect.cc:114) For 840'th file, average UBM likelihood over 134 frames is -51.601
LOG (gmm-gselect[5.5.1009~1-e4940]:main():gmm-gselect.cc:114) For 850'th file, average UBM likelihood over 71 frames is -46.666
LOG (gmm-gselect[5.5.1009~1-e4940]:main():gmm-gselect.cc:114) For 860'th file, average UBM likelihood over 269 frames is -56.9365
LOG (gmm-gselect[5.5.1009~1-e4940]:main():gmm-gselect.cc:114) For 870'th file, average UBM likelihood over 77 frames is -57.2551
LOG (gmm-gselect[5.5.1009~1-e4940]:main():gmm-gselect.cc:114) For 880'th file, average UBM likelihood over 47 frames is -48.5347
LOG (gmm-gselect[5.5.1009~1-e4940]:main():gmm-gselect.cc:114) For 890'th file, average UBM likelihood over 74 frames is -51.8852
LOG (gmm-gselect[5.5.1009~1-e4940]:main():gmm-gselect.cc:114) For 900'th file, average UBM likelihood over 87 frames is -55.127
LOG (gmm-gselect[5.5.1009~1-e4940]:main():gmm-gselect.cc:114) For 910'th file, average UBM likelihood over 34 frames is -49.3468
LOG (gmm-gselect[5.5.1009~1-e4940]:main():gmm-gselect.cc:114) For 920'th file, average UBM likelihood over 90 frames is -48.9472
LOG (gmm-gselect[5.5.1009~1-e4940]:main():gmm-gselect.cc:114) For 930'th file, average UBM likelihood over 106 frames is -53.0087
LOG (gmm-gselect[5.5.1009~1-e4940]:main():gmm-gselect.cc:114) For 940'th file, average UBM likelihood over 89 frames is -49.1567
LOG (gmm-gselect[5.5.1009~1-e4940]:main():gmm-gselect.cc:114) For 950'th file, average UBM likelihood over 92 frames is -52.7604
LOG (gmm-gselect[5.5.1009~1-e4940]:main():gmm-gselect.cc:114) For 960'th file, average UBM likelihood over 42 frames is -50.5067
LOG (gmm-gselect[5.5.1009~1-e4940]:main():gmm-gselect.cc:114) For 970'th file, average UBM likelihood over 66 frames is -50.9274
LOG (gmm-gselect[5.5.1009~1-e4940]:main():gmm-gselect.cc:114) For 980'th file, average UBM likelihood over 69 frames is -42.1578
LOG (gmm-gselect[5.5.1009~1-e4940]:main():gmm-gselect.cc:114) For 990'th file, average UBM likelihood over 64 frames is -52.6392
LOG (gmm-gselect[5.5.1009~1-e4940]:main():gmm-gselect.cc:114) For 1000'th file, average UBM likelihood over 38 frames is -47.3776
LOG (gmm-gselect[5.5.1009~1-e4940]:main():gmm-gselect.cc:114) For 1010'th file, average UBM likelihood over 32 frames is -56.0662
LOG (gmm-gselect[5.5.1009~1-e4940]:main():gmm-gselect.cc:114) For 1020'th file, average UBM likelihood over 36 frames is -45.2375
LOG (gmm-gselect[5.5.1009~1-e4940]:main():gmm-gselect.cc:114) For 1030'th file, average UBM likelihood over 50 frames is -47.3189
LOG (gmm-gselect[5.5.1009~1-e4940]:main():gmm-gselect.cc:114) For 1040'th file, average UBM likelihood over 141 frames is -48.489
LOG (gmm-gselect[5.5.1009~1-e4940]:main():gmm-gselect.cc:114) For 1050'th file, average UBM likelihood over 194 frames is -49.937
LOG (gmm-gselect[5.5.1009~1-e4940]:main():gmm-gselect.cc:114) For 1060'th file, average UBM likelihood over 54 frames is -49.8028
LOG (apply-cmvn-online[5.5.1009~1-e4940]:main():apply-cmvn-online.cc:133) Applied online CMVN to 1079 files, or 182367 frames.
LOG (gmm-gselect[5.5.1009~1-e4940]:main():gmm-gselect.cc:114) For 1070'th file, average UBM likelihood over 79 frames is -49.174
LOG (transform-feats[5.5.1009~1-e4940]:main():transform-feats.cc:158) Overall average [pseudo-]logdet is -127.761 over 182367 frames.
LOG (transform-feats[5.5.1009~1-e4940]:main():transform-feats.cc:161) Applied transform to 1079 utterances; 0 had errors.
LOG (subsample-feats[5.5.1009~1-e4940]:main():subsample-feats.cc:115) Processed 1079 feature matrices; 0 with errors.
LOG (subsample-feats[5.5.1009~1-e4940]:main():subsample-feats.cc:117) Processed 182367 input frames and 91461 output frames.
LOG (gmm-gselect[5.5.1009~1-e4940]:main():gmm-gselect.cc:125) Done 1079 files, 0 with errors, average UBM log-likelihood is -50.7501 over 91461 frames.
# Accounting: time=5 threads=1
# Ended (code 0) at Tue Jun 14 21:21:26 UTC 2022, elapsed time 5 seconds
