# gmm-gselect --n=30 telugu_exp/nnet3_cleaned_1d/diag_ubm/0.dubm "ark,s,cs:apply-cmvn-online --config=conf/online_cmvn.conf --spk2utt=ark:telugu_exp/nnet3_cleaned_1d/diag_ubm/train_cleaned_sp_hires_subset/split30/18/spk2utt telugu_exp/nnet3_cleaned_1d/diag_ubm/global_cmvn.stats scp:telugu_exp/nnet3_cleaned_1d/diag_ubm/train_cleaned_sp_hires_subset/split30/18/feats.scp ark:- | splice-feats --left-context=3 --right-context=3 ark:- ark:- | transform-feats telugu_exp/nnet3_cleaned_1d/diag_ubm/final.mat ark:- ark:- | subsample-feats --n=2 ark:- ark:- |" "ark:|gzip -c >telugu_exp/nnet3_cleaned_1d/diag_ubm/gselect.18.gz" 
# Started at Tue Jun 14 21:21:37 UTC 2022
#
gmm-gselect --n=30 telugu_exp/nnet3_cleaned_1d/diag_ubm/0.dubm 'ark,s,cs:apply-cmvn-online --config=conf/online_cmvn.conf --spk2utt=ark:telugu_exp/nnet3_cleaned_1d/diag_ubm/train_cleaned_sp_hires_subset/split30/18/spk2utt telugu_exp/nnet3_cleaned_1d/diag_ubm/global_cmvn.stats scp:telugu_exp/nnet3_cleaned_1d/diag_ubm/train_cleaned_sp_hires_subset/split30/18/feats.scp ark:- | splice-feats --left-context=3 --right-context=3 ark:- ark:- | transform-feats telugu_exp/nnet3_cleaned_1d/diag_ubm/final.mat ark:- ark:- | subsample-feats --n=2 ark:- ark:- |' 'ark:|gzip -c >telugu_exp/nnet3_cleaned_1d/diag_ubm/gselect.18.gz' 
apply-cmvn-online --config=conf/online_cmvn.conf --spk2utt=ark:telugu_exp/nnet3_cleaned_1d/diag_ubm/train_cleaned_sp_hires_subset/split30/18/spk2utt telugu_exp/nnet3_cleaned_1d/diag_ubm/global_cmvn.stats scp:telugu_exp/nnet3_cleaned_1d/diag_ubm/train_cleaned_sp_hires_subset/split30/18/feats.scp ark:- 
transform-feats telugu_exp/nnet3_cleaned_1d/diag_ubm/final.mat ark:- ark:- 
subsample-feats --n=2 ark:- ark:- 
splice-feats --left-context=3 --right-context=3 ark:- ark:- 
LOG (gmm-gselect[5.5.1009~1-e4940]:main():gmm-gselect.cc:114) For 0'th file, average UBM likelihood over 47 frames is -45.9565
LOG (gmm-gselect[5.5.1009~1-e4940]:main():gmm-gselect.cc:114) For 10'th file, average UBM likelihood over 49 frames is -49.9362
LOG (gmm-gselect[5.5.1009~1-e4940]:main():gmm-gselect.cc:114) For 20'th file, average UBM likelihood over 182 frames is -45.2702
LOG (gmm-gselect[5.5.1009~1-e4940]:main():gmm-gselect.cc:114) For 30'th file, average UBM likelihood over 41 frames is -44.9868
LOG (gmm-gselect[5.5.1009~1-e4940]:main():gmm-gselect.cc:114) For 40'th file, average UBM likelihood over 49 frames is -46.1792
LOG (gmm-gselect[5.5.1009~1-e4940]:main():gmm-gselect.cc:114) For 50'th file, average UBM likelihood over 151 frames is -51.4972
LOG (gmm-gselect[5.5.1009~1-e4940]:main():gmm-gselect.cc:114) For 60'th file, average UBM likelihood over 117 frames is -51.5966
LOG (gmm-gselect[5.5.1009~1-e4940]:main():gmm-gselect.cc:114) For 70'th file, average UBM likelihood over 235 frames is -51.9301
LOG (gmm-gselect[5.5.1009~1-e4940]:main():gmm-gselect.cc:114) For 80'th file, average UBM likelihood over 72 frames is -51.0514
LOG (gmm-gselect[5.5.1009~1-e4940]:main():gmm-gselect.cc:114) For 90'th file, average UBM likelihood over 140 frames is -49.6264
LOG (gmm-gselect[5.5.1009~1-e4940]:main():gmm-gselect.cc:114) For 100'th file, average UBM likelihood over 63 frames is -54.1246
LOG (gmm-gselect[5.5.1009~1-e4940]:main():gmm-gselect.cc:114) For 110'th file, average UBM likelihood over 32 frames is -46.2339
LOG (gmm-gselect[5.5.1009~1-e4940]:main():gmm-gselect.cc:114) For 120'th file, average UBM likelihood over 132 frames is -51.0453
LOG (gmm-gselect[5.5.1009~1-e4940]:main():gmm-gselect.cc:114) For 130'th file, average UBM likelihood over 227 frames is -52.2318
LOG (gmm-gselect[5.5.1009~1-e4940]:main():gmm-gselect.cc:114) For 140'th file, average UBM likelihood over 196 frames is -50.6371
LOG (gmm-gselect[5.5.1009~1-e4940]:main():gmm-gselect.cc:114) For 150'th file, average UBM likelihood over 50 frames is -47.4976
LOG (gmm-gselect[5.5.1009~1-e4940]:main():gmm-gselect.cc:114) For 160'th file, average UBM likelihood over 137 frames is -52.5543
LOG (gmm-gselect[5.5.1009~1-e4940]:main():gmm-gselect.cc:114) For 170'th file, average UBM likelihood over 123 frames is -52.9018
LOG (gmm-gselect[5.5.1009~1-e4940]:main():gmm-gselect.cc:114) For 180'th file, average UBM likelihood over 81 frames is -52.1342
LOG (gmm-gselect[5.5.1009~1-e4940]:main():gmm-gselect.cc:114) For 190'th file, average UBM likelihood over 239 frames is -51.0395
LOG (gmm-gselect[5.5.1009~1-e4940]:main():gmm-gselect.cc:114) For 200'th file, average UBM likelihood over 61 frames is -50.0232
LOG (gmm-gselect[5.5.1009~1-e4940]:main():gmm-gselect.cc:114) For 210'th file, average UBM likelihood over 67 frames is -51.712
LOG (gmm-gselect[5.5.1009~1-e4940]:main():gmm-gselect.cc:114) For 220'th file, average UBM likelihood over 66 frames is -47.8975
LOG (gmm-gselect[5.5.1009~1-e4940]:main():gmm-gselect.cc:114) For 230'th file, average UBM likelihood over 84 frames is -49.6571
LOG (gmm-gselect[5.5.1009~1-e4940]:main():gmm-gselect.cc:114) For 240'th file, average UBM likelihood over 203 frames is -60.2826
LOG (gmm-gselect[5.5.1009~1-e4940]:main():gmm-gselect.cc:114) For 250'th file, average UBM likelihood over 37 frames is -49.286
LOG (gmm-gselect[5.5.1009~1-e4940]:main():gmm-gselect.cc:114) For 260'th file, average UBM likelihood over 46 frames is -59.7323
LOG (gmm-gselect[5.5.1009~1-e4940]:main():gmm-gselect.cc:114) For 270'th file, average UBM likelihood over 135 frames is -49.76
LOG (gmm-gselect[5.5.1009~1-e4940]:main():gmm-gselect.cc:114) For 280'th file, average UBM likelihood over 118 frames is -44.6415
LOG (gmm-gselect[5.5.1009~1-e4940]:main():gmm-gselect.cc:114) For 290'th file, average UBM likelihood over 60 frames is -50.1562
LOG (gmm-gselect[5.5.1009~1-e4940]:main():gmm-gselect.cc:114) For 300'th file, average UBM likelihood over 301 frames is -53.5818
LOG (gmm-gselect[5.5.1009~1-e4940]:main():gmm-gselect.cc:114) For 310'th file, average UBM likelihood over 39 frames is -46.5286
LOG (gmm-gselect[5.5.1009~1-e4940]:main():gmm-gselect.cc:114) For 320'th file, average UBM likelihood over 262 frames is -54.2293
LOG (gmm-gselect[5.5.1009~1-e4940]:main():gmm-gselect.cc:114) For 330'th file, average UBM likelihood over 116 frames is -46.9422
LOG (gmm-gselect[5.5.1009~1-e4940]:main():gmm-gselect.cc:114) For 340'th file, average UBM likelihood over 72 frames is -39.4426
LOG (gmm-gselect[5.5.1009~1-e4940]:main():gmm-gselect.cc:114) For 350'th file, average UBM likelihood over 80 frames is -56.0691
LOG (gmm-gselect[5.5.1009~1-e4940]:main():gmm-gselect.cc:114) For 360'th file, average UBM likelihood over 38 frames is -43.7098
LOG (gmm-gselect[5.5.1009~1-e4940]:main():gmm-gselect.cc:114) For 370'th file, average UBM likelihood over 46 frames is -44.5401
LOG (gmm-gselect[5.5.1009~1-e4940]:main():gmm-gselect.cc:114) For 380'th file, average UBM likelihood over 54 frames is -57.6834
LOG (gmm-gselect[5.5.1009~1-e4940]:main():gmm-gselect.cc:114) For 390'th file, average UBM likelihood over 46 frames is -45.7665
LOG (gmm-gselect[5.5.1009~1-e4940]:main():gmm-gselect.cc:114) For 400'th file, average UBM likelihood over 55 frames is -46.5816
LOG (gmm-gselect[5.5.1009~1-e4940]:main():gmm-gselect.cc:114) For 410'th file, average UBM likelihood over 36 frames is -50.8894
LOG (gmm-gselect[5.5.1009~1-e4940]:main():gmm-gselect.cc:114) For 420'th file, average UBM likelihood over 171 frames is -51.8704
LOG (gmm-gselect[5.5.1009~1-e4940]:main():gmm-gselect.cc:114) For 430'th file, average UBM likelihood over 87 frames is -51.9514
LOG (gmm-gselect[5.5.1009~1-e4940]:main():gmm-gselect.cc:114) For 440'th file, average UBM likelihood over 43 frames is -45.3557
LOG (gmm-gselect[5.5.1009~1-e4940]:main():gmm-gselect.cc:114) For 450'th file, average UBM likelihood over 133 frames is -49.0249
LOG (gmm-gselect[5.5.1009~1-e4940]:main():gmm-gselect.cc:114) For 460'th file, average UBM likelihood over 67 frames is -49.0762
LOG (gmm-gselect[5.5.1009~1-e4940]:main():gmm-gselect.cc:114) For 470'th file, average UBM likelihood over 44 frames is -52.1826
LOG (gmm-gselect[5.5.1009~1-e4940]:main():gmm-gselect.cc:114) For 480'th file, average UBM likelihood over 37 frames is -47.7835
LOG (gmm-gselect[5.5.1009~1-e4940]:main():gmm-gselect.cc:114) For 490'th file, average UBM likelihood over 60 frames is -45.641
LOG (gmm-gselect[5.5.1009~1-e4940]:main():gmm-gselect.cc:114) For 500'th file, average UBM likelihood over 88 frames is -47.2534
LOG (gmm-gselect[5.5.1009~1-e4940]:main():gmm-gselect.cc:114) For 510'th file, average UBM likelihood over 52 frames is -47.3859
LOG (gmm-gselect[5.5.1009~1-e4940]:main():gmm-gselect.cc:114) For 520'th file, average UBM likelihood over 54 frames is -49.7759
LOG (gmm-gselect[5.5.1009~1-e4940]:main():gmm-gselect.cc:114) For 530'th file, average UBM likelihood over 151 frames is -53.137
LOG (gmm-gselect[5.5.1009~1-e4940]:main():gmm-gselect.cc:114) For 540'th file, average UBM likelihood over 130 frames is -50.9239
LOG (gmm-gselect[5.5.1009~1-e4940]:main():gmm-gselect.cc:114) For 550'th file, average UBM likelihood over 118 frames is -50.9734
LOG (gmm-gselect[5.5.1009~1-e4940]:main():gmm-gselect.cc:114) For 560'th file, average UBM likelihood over 53 frames is -37.8324
LOG (gmm-gselect[5.5.1009~1-e4940]:main():gmm-gselect.cc:114) For 570'th file, average UBM likelihood over 65 frames is -49.0929
LOG (gmm-gselect[5.5.1009~1-e4940]:main():gmm-gselect.cc:114) For 580'th file, average UBM likelihood over 49 frames is -49.1363
LOG (gmm-gselect[5.5.1009~1-e4940]:main():gmm-gselect.cc:114) For 590'th file, average UBM likelihood over 111 frames is -52.9897
LOG (gmm-gselect[5.5.1009~1-e4940]:main():gmm-gselect.cc:114) For 600'th file, average UBM likelihood over 70 frames is -44.6455
LOG (gmm-gselect[5.5.1009~1-e4940]:main():gmm-gselect.cc:114) For 610'th file, average UBM likelihood over 78 frames is -46.3849
LOG (gmm-gselect[5.5.1009~1-e4940]:main():gmm-gselect.cc:114) For 620'th file, average UBM likelihood over 59 frames is -42.2032
LOG (gmm-gselect[5.5.1009~1-e4940]:main():gmm-gselect.cc:114) For 630'th file, average UBM likelihood over 75 frames is -52.2844
LOG (gmm-gselect[5.5.1009~1-e4940]:main():gmm-gselect.cc:114) For 640'th file, average UBM likelihood over 53 frames is -43.7043
LOG (gmm-gselect[5.5.1009~1-e4940]:main():gmm-gselect.cc:114) For 650'th file, average UBM likelihood over 74 frames is -48.1075
LOG (gmm-gselect[5.5.1009~1-e4940]:main():gmm-gselect.cc:114) For 660'th file, average UBM likelihood over 129 frames is -50.6271
LOG (gmm-gselect[5.5.1009~1-e4940]:main():gmm-gselect.cc:114) For 670'th file, average UBM likelihood over 74 frames is -51.714
LOG (gmm-gselect[5.5.1009~1-e4940]:main():gmm-gselect.cc:114) For 680'th file, average UBM likelihood over 210 frames is -52.3678
LOG (gmm-gselect[5.5.1009~1-e4940]:main():gmm-gselect.cc:114) For 690'th file, average UBM likelihood over 105 frames is -53.1804
LOG (gmm-gselect[5.5.1009~1-e4940]:main():gmm-gselect.cc:114) For 700'th file, average UBM likelihood over 112 frames is -52.619
LOG (gmm-gselect[5.5.1009~1-e4940]:main():gmm-gselect.cc:114) For 710'th file, average UBM likelihood over 76 frames is -57.2186
LOG (gmm-gselect[5.5.1009~1-e4940]:main():gmm-gselect.cc:114) For 720'th file, average UBM likelihood over 53 frames is -52.0473
LOG (gmm-gselect[5.5.1009~1-e4940]:main():gmm-gselect.cc:114) For 730'th file, average UBM likelihood over 323 frames is -51.1617
LOG (gmm-gselect[5.5.1009~1-e4940]:main():gmm-gselect.cc:114) For 740'th file, average UBM likelihood over 49 frames is -45.8534
LOG (gmm-gselect[5.5.1009~1-e4940]:main():gmm-gselect.cc:114) For 750'th file, average UBM likelihood over 76 frames is -46.969
LOG (gmm-gselect[5.5.1009~1-e4940]:main():gmm-gselect.cc:114) For 760'th file, average UBM likelihood over 46 frames is -44.8556
LOG (gmm-gselect[5.5.1009~1-e4940]:main():gmm-gselect.cc:114) For 770'th file, average UBM likelihood over 143 frames is -52.4944
LOG (gmm-gselect[5.5.1009~1-e4940]:main():gmm-gselect.cc:114) For 780'th file, average UBM likelihood over 85 frames is -48.9879
LOG (gmm-gselect[5.5.1009~1-e4940]:main():gmm-gselect.cc:114) For 790'th file, average UBM likelihood over 58 frames is -45.848
LOG (gmm-gselect[5.5.1009~1-e4940]:main():gmm-gselect.cc:114) For 800'th file, average UBM likelihood over 32 frames is -45.5342
LOG (gmm-gselect[5.5.1009~1-e4940]:main():gmm-gselect.cc:114) For 810'th file, average UBM likelihood over 75 frames is -48.9161
LOG (gmm-gselect[5.5.1009~1-e4940]:main():gmm-gselect.cc:114) For 820'th file, average UBM likelihood over 37 frames is -42.1451
LOG (gmm-gselect[5.5.1009~1-e4940]:main():gmm-gselect.cc:114) For 830'th file, average UBM likelihood over 160 frames is -50.6293
LOG (gmm-gselect[5.5.1009~1-e4940]:main():gmm-gselect.cc:114) For 840'th file, average UBM likelihood over 118 frames is -45.7646
LOG (gmm-gselect[5.5.1009~1-e4940]:main():gmm-gselect.cc:114) For 850'th file, average UBM likelihood over 65 frames is -48.4174
LOG (gmm-gselect[5.5.1009~1-e4940]:main():gmm-gselect.cc:114) For 860'th file, average UBM likelihood over 32 frames is -53.0365
LOG (gmm-gselect[5.5.1009~1-e4940]:main():gmm-gselect.cc:114) For 870'th file, average UBM likelihood over 65 frames is -53.9943
LOG (gmm-gselect[5.5.1009~1-e4940]:main():gmm-gselect.cc:114) For 880'th file, average UBM likelihood over 76 frames is -47.1408
LOG (gmm-gselect[5.5.1009~1-e4940]:main():gmm-gselect.cc:114) For 890'th file, average UBM likelihood over 141 frames is -47.3978
LOG (gmm-gselect[5.5.1009~1-e4940]:main():gmm-gselect.cc:114) For 900'th file, average UBM likelihood over 163 frames is -46.853
LOG (gmm-gselect[5.5.1009~1-e4940]:main():gmm-gselect.cc:114) For 910'th file, average UBM likelihood over 55 frames is -53.7011
LOG (gmm-gselect[5.5.1009~1-e4940]:main():gmm-gselect.cc:114) For 920'th file, average UBM likelihood over 75 frames is -48.0238
LOG (gmm-gselect[5.5.1009~1-e4940]:main():gmm-gselect.cc:114) For 930'th file, average UBM likelihood over 66 frames is -47.0249
LOG (gmm-gselect[5.5.1009~1-e4940]:main():gmm-gselect.cc:114) For 940'th file, average UBM likelihood over 41 frames is -50.0118
LOG (gmm-gselect[5.5.1009~1-e4940]:main():gmm-gselect.cc:114) For 950'th file, average UBM likelihood over 47 frames is -52.2196
LOG (gmm-gselect[5.5.1009~1-e4940]:main():gmm-gselect.cc:114) For 960'th file, average UBM likelihood over 158 frames is -50.5645
LOG (gmm-gselect[5.5.1009~1-e4940]:main():gmm-gselect.cc:114) For 970'th file, average UBM likelihood over 201 frames is -51.2182
LOG (gmm-gselect[5.5.1009~1-e4940]:main():gmm-gselect.cc:114) For 980'th file, average UBM likelihood over 108 frames is -48.0848
LOG (gmm-gselect[5.5.1009~1-e4940]:main():gmm-gselect.cc:114) For 990'th file, average UBM likelihood over 46 frames is -50.6516
LOG (gmm-gselect[5.5.1009~1-e4940]:main():gmm-gselect.cc:114) For 1000'th file, average UBM likelihood over 32 frames is -60.9506
LOG (gmm-gselect[5.5.1009~1-e4940]:main():gmm-gselect.cc:114) For 1010'th file, average UBM likelihood over 41 frames is -55.5344
LOG (gmm-gselect[5.5.1009~1-e4940]:main():gmm-gselect.cc:114) For 1020'th file, average UBM likelihood over 205 frames is -58.4123
LOG (gmm-gselect[5.5.1009~1-e4940]:main():gmm-gselect.cc:114) For 1030'th file, average UBM likelihood over 32 frames is -53.3032
LOG (gmm-gselect[5.5.1009~1-e4940]:main():gmm-gselect.cc:114) For 1040'th file, average UBM likelihood over 44 frames is -53.8312
LOG (gmm-gselect[5.5.1009~1-e4940]:main():gmm-gselect.cc:114) For 1050'th file, average UBM likelihood over 64 frames is -58.2909
LOG (gmm-gselect[5.5.1009~1-e4940]:main():gmm-gselect.cc:114) For 1060'th file, average UBM likelihood over 80 frames is -57.5493
LOG (gmm-gselect[5.5.1009~1-e4940]:main():gmm-gselect.cc:114) For 1070'th file, average UBM likelihood over 109 frames is -56.8716
LOG (apply-cmvn-online[5.5.1009~1-e4940]:main():apply-cmvn-online.cc:133) Applied online CMVN to 1090 files, or 207886 frames.
LOG (gmm-gselect[5.5.1009~1-e4940]:main():gmm-gselect.cc:114) For 1080'th file, average UBM likelihood over 72 frames is -60.4325
LOG (transform-feats[5.5.1009~1-e4940]:main():transform-feats.cc:158) Overall average [pseudo-]logdet is -127.761 over 207886 frames.
LOG (transform-feats[5.5.1009~1-e4940]:main():transform-feats.cc:161) Applied transform to 1090 utterances; 0 had errors.
LOG (subsample-feats[5.5.1009~1-e4940]:main():subsample-feats.cc:115) Processed 1090 feature matrices; 0 with errors.
LOG (subsample-feats[5.5.1009~1-e4940]:main():subsample-feats.cc:117) Processed 207886 input frames and 104210 output frames.
LOG (gmm-gselect[5.5.1009~1-e4940]:main():gmm-gselect.cc:125) Done 1090 files, 0 with errors, average UBM log-likelihood is -51.3915 over 104210 frames.
# Accounting: time=6 threads=1
# Ended (code 0) at Tue Jun 14 21:21:43 UTC 2022, elapsed time 6 seconds
