# gmm-align-compiled --transition-scale=1.0 --acoustic-scale=0.1 --self-loop-scale=0.1 --beam=10 --retry-beam=40 --careful=false "gmm-boost-silence --boost=1.0 1 telugu_exp/tri3/final.mdl - |" "ark:gunzip -c telugu_exp/tri3_ali_cleaned/fsts.50.gz|" "ark,s,cs:apply-cmvn  --utt2spk=ark:telugu_data/train_cleaned/split100/50/utt2spk scp:telugu_data/train_cleaned/split100/50/cmvn.scp scp:telugu_data/train_cleaned/split100/50/feats.scp ark:- | splice-feats  ark:- ark:- | transform-feats telugu_exp/tri3/final.mat ark:- ark:- | transform-feats --utt2spk=ark:telugu_data/train_cleaned/split100/50/utt2spk ark:telugu_exp/tri3_ali_cleaned/trans.50 ark:- ark:- |" "ark:|gzip -c >telugu_exp/tri3_ali_cleaned/ali.50.gz" 
# Started at Tue Jun 14 09:48:34 UTC 2022
#
gmm-align-compiled --transition-scale=1.0 --acoustic-scale=0.1 --self-loop-scale=0.1 --beam=10 --retry-beam=40 --careful=false 'gmm-boost-silence --boost=1.0 1 telugu_exp/tri3/final.mdl - |' 'ark:gunzip -c telugu_exp/tri3_ali_cleaned/fsts.50.gz|' 'ark,s,cs:apply-cmvn  --utt2spk=ark:telugu_data/train_cleaned/split100/50/utt2spk scp:telugu_data/train_cleaned/split100/50/cmvn.scp scp:telugu_data/train_cleaned/split100/50/feats.scp ark:- | splice-feats  ark:- ark:- | transform-feats telugu_exp/tri3/final.mat ark:- ark:- | transform-feats --utt2spk=ark:telugu_data/train_cleaned/split100/50/utt2spk ark:telugu_exp/tri3_ali_cleaned/trans.50 ark:- ark:- |' 'ark:|gzip -c >telugu_exp/tri3_ali_cleaned/ali.50.gz' 
gmm-boost-silence --boost=1.0 1 telugu_exp/tri3/final.mdl - 
WARNING (gmm-boost-silence[5.5.1009~1-e4940]:main():gmm-boost-silence.cc:82) The pdfs for the silence phones may be shared by other phones (note: this probably does not matter.)
LOG (gmm-boost-silence[5.5.1009~1-e4940]:main():gmm-boost-silence.cc:93) Boosted weights for 3 pdfs, by factor of 1
LOG (gmm-boost-silence[5.5.1009~1-e4940]:main():gmm-boost-silence.cc:103) Wrote model to -
splice-feats ark:- ark:- 
apply-cmvn --utt2spk=ark:telugu_data/train_cleaned/split100/50/utt2spk scp:telugu_data/train_cleaned/split100/50/cmvn.scp scp:telugu_data/train_cleaned/split100/50/feats.scp ark:- 
transform-feats telugu_exp/tri3/final.mat ark:- ark:- 
transform-feats --utt2spk=ark:telugu_data/train_cleaned/split100/50/utt2spk ark:telugu_exp/tri3_ali_cleaned/trans.50 ark:- ark:- 
LOG (gmm-align-compiled[5.5.1009~1-e4940]:main():gmm-align-compiled.cc:127) TE0482-TE0484_1-B.057-1
LOG (gmm-align-compiled[5.5.1009~1-e4940]:main():gmm-align-compiled.cc:127) TE0482-TE0484_1-B.081-1
LOG (gmm-align-compiled[5.5.1009~1-e4940]:main():gmm-align-compiled.cc:127) TE0482-TE0484_1-B.123-1
LOG (gmm-align-compiled[5.5.1009~1-e4940]:main():gmm-align-compiled.cc:127) TE0482-TE0484_1-B.141-1
LOG (gmm-align-compiled[5.5.1009~1-e4940]:main():gmm-align-compiled.cc:127) TE0482-TE0484_1-B.145-1
LOG (gmm-align-compiled[5.5.1009~1-e4940]:main():gmm-align-compiled.cc:127) TE0482-TE0484_1-B.151-1
LOG (gmm-align-compiled[5.5.1009~1-e4940]:main():gmm-align-compiled.cc:127) TE0482-TE0484_1-B.155-1
LOG (gmm-align-compiled[5.5.1009~1-e4940]:main():gmm-align-compiled.cc:127) TE0482-TE0484_1-B.164-1
LOG (gmm-align-compiled[5.5.1009~1-e4940]:main():gmm-align-compiled.cc:127) TE0482-TE0484_1-B.183-1
LOG (gmm-align-compiled[5.5.1009~1-e4940]:main():gmm-align-compiled.cc:127) TE0482-TE0484_1-B.193-1
LOG (gmm-align-compiled[5.5.1009~1-e4940]:main():gmm-align-compiled.cc:127) TE0482-TE0484_1-B.203-1
LOG (gmm-align-compiled[5.5.1009~1-e4940]:main():gmm-align-compiled.cc:127) TE0482-TE0484_2-A.017-1
LOG (gmm-align-compiled[5.5.1009~1-e4940]:main():gmm-align-compiled.cc:127) TE0482-TE0484_2-A.021-1
LOG (gmm-align-compiled[5.5.1009~1-e4940]:main():gmm-align-compiled.cc:127) TE0482-TE0484_2-A.056-1
LOG (gmm-align-compiled[5.5.1009~1-e4940]:main():gmm-align-compiled.cc:127) TE0482-TE0484_2-A.058-1
LOG (gmm-align-compiled[5.5.1009~1-e4940]:main():gmm-align-compiled.cc:127) TE0482-TE0484_2-A.133-1
LOG (gmm-align-compiled[5.5.1009~1-e4940]:main():gmm-align-compiled.cc:127) TE0482-TE0484_2-A.165-1
LOG (gmm-align-compiled[5.5.1009~1-e4940]:main():gmm-align-compiled.cc:127) TE0482-TE0484_2-A.203-1
LOG (gmm-align-compiled[5.5.1009~1-e4940]:main():gmm-align-compiled.cc:127) TE0482-TE0484_2-A.242-1
LOG (gmm-align-compiled[5.5.1009~1-e4940]:main():gmm-align-compiled.cc:127) TE0482-TE0484_2-A.261-1
LOG (gmm-align-compiled[5.5.1009~1-e4940]:main():gmm-align-compiled.cc:127) TE0482-TE0484_2-A.276-1
LOG (gmm-align-compiled[5.5.1009~1-e4940]:main():gmm-align-compiled.cc:127) TE0482-TE0484_2-A.307-1
LOG (gmm-align-compiled[5.5.1009~1-e4940]:main():gmm-align-compiled.cc:127) TE0482-TE0484_2-A.352-1
LOG (gmm-align-compiled[5.5.1009~1-e4940]:main():gmm-align-compiled.cc:127) TE0482-TE0484_2-A.367-1
LOG (gmm-align-compiled[5.5.1009~1-e4940]:main():gmm-align-compiled.cc:127) TE0482-TE0484_2-A.395-1
LOG (gmm-align-compiled[5.5.1009~1-e4940]:main():gmm-align-compiled.cc:127) TE0482-TE0484_2-B.006-1
LOG (gmm-align-compiled[5.5.1009~1-e4940]:main():gmm-align-compiled.cc:127) TE0482-TE0484_2-B.020-1
LOG (gmm-align-compiled[5.5.1009~1-e4940]:main():gmm-align-compiled.cc:127) TE0482-TE0484_2-B.036-1
LOG (gmm-align-compiled[5.5.1009~1-e4940]:main():gmm-align-compiled.cc:127) TE0482-TE0484_2-B.040-1
LOG (gmm-align-compiled[5.5.1009~1-e4940]:main():gmm-align-compiled.cc:127) TE0482-TE0484_2-B.045-1
LOG (gmm-align-compiled[5.5.1009~1-e4940]:main():gmm-align-compiled.cc:127) TE0482-TE0484_2-B.049-1
LOG (gmm-align-compiled[5.5.1009~1-e4940]:main():gmm-align-compiled.cc:127) TE0482-TE0484_2-B.090-1
LOG (gmm-align-compiled[5.5.1009~1-e4940]:main():gmm-align-compiled.cc:127) TE0482-TE0484_2-B.122-1
LOG (gmm-align-compiled[5.5.1009~1-e4940]:main():gmm-align-compiled.cc:127) TE0482-TE0484_2-B.134-1
LOG (gmm-align-compiled[5.5.1009~1-e4940]:main():gmm-align-compiled.cc:127) TE0482-TE0484_2-B.138-1
LOG (gmm-align-compiled[5.5.1009~1-e4940]:main():gmm-align-compiled.cc:127) TE0482-TE0484_2-B.142-1
LOG (gmm-align-compiled[5.5.1009~1-e4940]:main():gmm-align-compiled.cc:127) TE0482-TE0484_2-B.150-1
LOG (gmm-align-compiled[5.5.1009~1-e4940]:main():gmm-align-compiled.cc:127) TE0482-TE0484_2-B.154-1
LOG (gmm-align-compiled[5.5.1009~1-e4940]:main():gmm-align-compiled.cc:127) TE0482-TE0484_2-B.176-1
LOG (gmm-align-compiled[5.5.1009~1-e4940]:main():gmm-align-compiled.cc:127) TE0482-TE0484_2-B.208-1
LOG (gmm-align-compiled[5.5.1009~1-e4940]:main():gmm-align-compiled.cc:127) TE0482-TE0484_2-B.220-1
LOG (gmm-align-compiled[5.5.1009~1-e4940]:main():gmm-align-compiled.cc:127) TE0482-TE0484_2-B.221-1
LOG (gmm-align-compiled[5.5.1009~1-e4940]:main():gmm-align-compiled.cc:127) TE0482-TE0484_2-B.247-1
LOG (gmm-align-compiled[5.5.1009~1-e4940]:main():gmm-align-compiled.cc:127) TE0482-TE0484_2-B.248-1
LOG (gmm-align-compiled[5.5.1009~1-e4940]:main():gmm-align-compiled.cc:127) TE0482-TE0484_2-B.258-1
LOG (gmm-align-compiled[5.5.1009~1-e4940]:main():gmm-align-compiled.cc:127) TE0482-TE0484_2-B.266-1
LOG (gmm-align-compiled[5.5.1009~1-e4940]:main():gmm-align-compiled.cc:127) TE0482-TE0484_2-B.270-1
LOG (gmm-align-compiled[5.5.1009~1-e4940]:main():gmm-align-compiled.cc:127) TE0482-TE0484_2-B.275-1
LOG (gmm-align-compiled[5.5.1009~1-e4940]:main():gmm-align-compiled.cc:127) TE0482-TE0484_2-B.309-1
LOG (gmm-align-compiled[5.5.1009~1-e4940]:main():gmm-align-compiled.cc:127) TE0483-TE0484_1-A.026-1
LOG (gmm-align-compiled[5.5.1009~1-e4940]:main():gmm-align-compiled.cc:127) TE0483-TE0484_1-A.030-1
LOG (gmm-align-compiled[5.5.1009~1-e4940]:main():gmm-align-compiled.cc:127) TE0483-TE0484_1-A.036-1
LOG (gmm-align-compiled[5.5.1009~1-e4940]:main():gmm-align-compiled.cc:127) TE0483-TE0484_1-A.064-1
LOG (gmm-align-compiled[5.5.1009~1-e4940]:main():gmm-align-compiled.cc:127) TE0483-TE0484_1-A.132-1
LOG (gmm-align-compiled[5.5.1009~1-e4940]:main():gmm-align-compiled.cc:127) TE0483-TE0484_1-A.184-1
LOG (gmm-align-compiled[5.5.1009~1-e4940]:main():gmm-align-compiled.cc:127) TE0483-TE0484_1-A.192-1
LOG (gmm-align-compiled[5.5.1009~1-e4940]:main():gmm-align-compiled.cc:127) TE0483-TE0484_1-A.202-1
LOG (gmm-align-compiled[5.5.1009~1-e4940]:main():gmm-align-compiled.cc:127) TE0483-TE0484_1-A.216-1
LOG (gmm-align-compiled[5.5.1009~1-e4940]:main():gmm-align-compiled.cc:127) TE0483-TE0484_1-B.002-1
LOG (gmm-align-compiled[5.5.1009~1-e4940]:main():gmm-align-compiled.cc:127) TE0483-TE0484_1-B.004-1
LOG (gmm-align-compiled[5.5.1009~1-e4940]:main():gmm-align-compiled.cc:127) TE0483-TE0484_1-B.006-1
LOG (gmm-align-compiled[5.5.1009~1-e4940]:main():gmm-align-compiled.cc:127) TE0483-TE0484_1-B.014-1
LOG (gmm-align-compiled[5.5.1009~1-e4940]:main():gmm-align-compiled.cc:127) TE0483-TE0484_1-B.020-1
LOG (gmm-align-compiled[5.5.1009~1-e4940]:main():gmm-align-compiled.cc:127) TE0483-TE0484_1-B.036-1
LOG (gmm-align-compiled[5.5.1009~1-e4940]:main():gmm-align-compiled.cc:127) TE0483-TE0484_2-A.047-1
LOG (gmm-align-compiled[5.5.1009~1-e4940]:main():gmm-align-compiled.cc:127) TE0483-TE0484_2-A.072-1
LOG (gmm-align-compiled[5.5.1009~1-e4940]:main():gmm-align-compiled.cc:127) TE0483-TE0484_2-A.074-1
LOG (gmm-align-compiled[5.5.1009~1-e4940]:main():gmm-align-compiled.cc:127) TE0483-TE0484_2-A.076-1
LOG (gmm-align-compiled[5.5.1009~1-e4940]:main():gmm-align-compiled.cc:127) TE0483-TE0484_2-A.085-1
LOG (gmm-align-compiled[5.5.1009~1-e4940]:main():gmm-align-compiled.cc:127) TE0483-TE0484_2-A.091-1
LOG (gmm-align-compiled[5.5.1009~1-e4940]:main():gmm-align-compiled.cc:127) TE0483-TE0484_2-B.001-1
LOG (gmm-align-compiled[5.5.1009~1-e4940]:main():gmm-align-compiled.cc:127) TE0483-TE0484_2-B.016-1
LOG (gmm-align-compiled[5.5.1009~1-e4940]:main():gmm-align-compiled.cc:127) TE0483-TE0484_2-B.021-1
LOG (gmm-align-compiled[5.5.1009~1-e4940]:main():gmm-align-compiled.cc:127) TE0483-TE0484_2-B.076-1
LOG (gmm-align-compiled[5.5.1009~1-e4940]:main():gmm-align-compiled.cc:127) TE0483-TE0484_2-B.098-1
LOG (gmm-align-compiled[5.5.1009~1-e4940]:main():gmm-align-compiled.cc:127) TE0483-TE0484_2-B.108-1
LOG (gmm-align-compiled[5.5.1009~1-e4940]:main():gmm-align-compiled.cc:127) TE0483-TE0484_2-B.117-1
LOG (gmm-align-compiled[5.5.1009~1-e4940]:main():gmm-align-compiled.cc:127) TE0483-TE0484_2-B.125-1
LOG (gmm-align-compiled[5.5.1009~1-e4940]:main():gmm-align-compiled.cc:127) TE0483-TE0484_2-B.155-1
LOG (gmm-align-compiled[5.5.1009~1-e4940]:main():gmm-align-compiled.cc:127) TE0483-TE0484_2-B.229-1
LOG (gmm-align-compiled[5.5.1009~1-e4940]:main():gmm-align-compiled.cc:127) TE0483-TE0484_2-B.235-1
LOG (gmm-align-compiled[5.5.1009~1-e4940]:main():gmm-align-compiled.cc:127) TE0483-TE0484_2-B.260-1
LOG (gmm-align-compiled[5.5.1009~1-e4940]:main():gmm-align-compiled.cc:127) TE0483-TE0484_2-B.266-1
LOG (gmm-align-compiled[5.5.1009~1-e4940]:main():gmm-align-compiled.cc:127) TE0483-TE0484_2-B.340-1
LOG (gmm-align-compiled[5.5.1009~1-e4940]:main():gmm-align-compiled.cc:127) TE0483-TE0484_2-B.360-1
LOG (gmm-align-compiled[5.5.1009~1-e4940]:main():gmm-align-compiled.cc:127) TE0483-TE0484_2-B.362-1
LOG (gmm-align-compiled[5.5.1009~1-e4940]:main():gmm-align-compiled.cc:127) TE0485-TE0486_1-A.012-1
LOG (gmm-align-compiled[5.5.1009~1-e4940]:main():gmm-align-compiled.cc:127) TE0485-TE0486_1-A.026-1
LOG (gmm-align-compiled[5.5.1009~1-e4940]:main():gmm-align-compiled.cc:127) TE0485-TE0486_1-A.075-1
LOG (gmm-align-compiled[5.5.1009~1-e4940]:main():gmm-align-compiled.cc:127) TE0485-TE0486_1-A.083-1
LOG (gmm-align-compiled[5.5.1009~1-e4940]:main():gmm-align-compiled.cc:127) TE0485-TE0486_1-A.107-1
LOG (gmm-align-compiled[5.5.1009~1-e4940]:main():gmm-align-compiled.cc:127) TE0485-TE0486_1-A.120-1
LOG (gmm-align-compiled[5.5.1009~1-e4940]:main():gmm-align-compiled.cc:127) TE0485-TE0486_1-A.137-1
LOG (gmm-align-compiled[5.5.1009~1-e4940]:main():gmm-align-compiled.cc:127) TE0485-TE0486_1-A.168-1
LOG (gmm-align-compiled[5.5.1009~1-e4940]:main():gmm-align-compiled.cc:127) TE0485-TE0486_1-A.180-1
LOG (gmm-align-compiled[5.5.1009~1-e4940]:main():gmm-align-compiled.cc:127) TE0485-TE0486_1-A.205-1
LOG (gmm-align-compiled[5.5.1009~1-e4940]:main():gmm-align-compiled.cc:127) TE0485-TE0486_1-A.211-1
LOG (gmm-align-compiled[5.5.1009~1-e4940]:main():gmm-align-compiled.cc:127) TE0485-TE0486_1-A.216-1
LOG (gmm-align-compiled[5.5.1009~1-e4940]:main():gmm-align-compiled.cc:127) TE0485-TE0486_1-A.223-1
LOG (gmm-align-compiled[5.5.1009~1-e4940]:main():gmm-align-compiled.cc:127) TE0485-TE0486_1-A.228-1
LOG (gmm-align-compiled[5.5.1009~1-e4940]:main():gmm-align-compiled.cc:127) TE0485-TE0486_1-A.269-1
LOG (gmm-align-compiled[5.5.1009~1-e4940]:main():gmm-align-compiled.cc:127) TE0485-TE0486_1-A.273-1
LOG (gmm-align-compiled[5.5.1009~1-e4940]:main():gmm-align-compiled.cc:127) TE0485-TE0486_1-A.313-1
LOG (gmm-align-compiled[5.5.1009~1-e4940]:main():gmm-align-compiled.cc:127) TE0485-TE0486_1-A.315-1
LOG (gmm-align-compiled[5.5.1009~1-e4940]:main():gmm-align-compiled.cc:127) TE0485-TE0486_1-B.095-1
LOG (gmm-align-compiled[5.5.1009~1-e4940]:main():gmm-align-compiled.cc:127) TE0485-TE0486_2-A.015-1
LOG (gmm-align-compiled[5.5.1009~1-e4940]:main():gmm-align-compiled.cc:127) TE0485-TE0486_2-A.124-1
LOG (gmm-align-compiled[5.5.1009~1-e4940]:main():gmm-align-compiled.cc:127) TE0485-TE0486_2-A.132-1
LOG (gmm-align-compiled[5.5.1009~1-e4940]:main():gmm-align-compiled.cc:127) TE0485-TE0486_2-B.011-1
LOG (gmm-align-compiled[5.5.1009~1-e4940]:main():gmm-align-compiled.cc:127) TE0485-TE0486_2-B.032-1
LOG (gmm-align-compiled[5.5.1009~1-e4940]:main():gmm-align-compiled.cc:127) TE0485-TE0486_2-B.034-1
LOG (gmm-align-compiled[5.5.1009~1-e4940]:main():gmm-align-compiled.cc:127) TE0485-TE0486_2-B.050-1
LOG (gmm-align-compiled[5.5.1009~1-e4940]:main():gmm-align-compiled.cc:127) TE0485-TE0486_2-B.069-1
LOG (gmm-align-compiled[5.5.1009~1-e4940]:main():gmm-align-compiled.cc:127) TE0485-TE0486_2-B.092-1
LOG (gmm-align-compiled[5.5.1009~1-e4940]:main():gmm-align-compiled.cc:127) TE0485-TE0486_2-B.111-1
LOG (gmm-align-compiled[5.5.1009~1-e4940]:main():gmm-align-compiled.cc:127) TE0485-TE0486_2-B.120-1
LOG (gmm-align-compiled[5.5.1009~1-e4940]:main():gmm-align-compiled.cc:127) TE0485-TE0486_2-B.139-1
LOG (gmm-align-compiled[5.5.1009~1-e4940]:main():gmm-align-compiled.cc:127) TE0485-TE0486_2-B.146-1
LOG (gmm-align-compiled[5.5.1009~1-e4940]:main():gmm-align-compiled.cc:127) TE0485-TE0486_2-B.151-1
LOG (gmm-align-compiled[5.5.1009~1-e4940]:main():gmm-align-compiled.cc:127) TE0485-TE0486_2-B.159-1
LOG (gmm-align-compiled[5.5.1009~1-e4940]:main():gmm-align-compiled.cc:127) TE0485-TE0486_2-B.160-1
LOG (gmm-align-compiled[5.5.1009~1-e4940]:main():gmm-align-compiled.cc:127) TE0485-TE0486_2-B.162-1
LOG (gmm-align-compiled[5.5.1009~1-e4940]:main():gmm-align-compiled.cc:127) TE0485-TE0486_2-B.175-1
LOG (gmm-align-compiled[5.5.1009~1-e4940]:main():gmm-align-compiled.cc:127) TE0485-TE0486_2-B.177-1
LOG (gmm-align-compiled[5.5.1009~1-e4940]:main():gmm-align-compiled.cc:127) TE0485-TE0486_2-B.212-1
LOG (gmm-align-compiled[5.5.1009~1-e4940]:main():gmm-align-compiled.cc:127) TE0485-TE0486_2-B.219-1
LOG (gmm-align-compiled[5.5.1009~1-e4940]:main():gmm-align-compiled.cc:127) TE0485-TE0486_2-B.227-1
LOG (gmm-align-compiled[5.5.1009~1-e4940]:main():gmm-align-compiled.cc:127) TE0485-TE0486_2-B.239-1
LOG (gmm-align-compiled[5.5.1009~1-e4940]:main():gmm-align-compiled.cc:127) TE0485-TE0486_2-B.287-1
LOG (gmm-align-compiled[5.5.1009~1-e4940]:main():gmm-align-compiled.cc:127) TE0485-TE0486_2-B.297-1
LOG (gmm-align-compiled[5.5.1009~1-e4940]:main():gmm-align-compiled.cc:127) TE0485-TE0486_2-B.300-1
LOG (gmm-align-compiled[5.5.1009~1-e4940]:main():gmm-align-compiled.cc:127) TE0485-TE0487_1-A.016-1
LOG (gmm-align-compiled[5.5.1009~1-e4940]:main():gmm-align-compiled.cc:127) TE0485-TE0487_1-A.021-1
LOG (gmm-align-compiled[5.5.1009~1-e4940]:main():gmm-align-compiled.cc:127) TE0485-TE0487_1-A.043-1
LOG (gmm-align-compiled[5.5.1009~1-e4940]:main():gmm-align-compiled.cc:127) TE0485-TE0487_1-A.057-1
LOG (gmm-align-compiled[5.5.1009~1-e4940]:main():gmm-align-compiled.cc:127) TE0485-TE0487_1-A.116-1
LOG (gmm-align-compiled[5.5.1009~1-e4940]:main():gmm-align-compiled.cc:127) TE0485-TE0487_1-A.152-1
LOG (gmm-align-compiled[5.5.1009~1-e4940]:main():gmm-align-compiled.cc:127) TE0485-TE0487_1-A.156-1
LOG (gmm-align-compiled[5.5.1009~1-e4940]:main():gmm-align-compiled.cc:127) TE0485-TE0487_1-B.039-1
LOG (gmm-align-compiled[5.5.1009~1-e4940]:main():gmm-align-compiled.cc:127) TE0485-TE0487_1-B.083-1
LOG (gmm-align-compiled[5.5.1009~1-e4940]:main():gmm-align-compiled.cc:127) TE0485-TE0487_1-B.150-1
LOG (gmm-align-compiled[5.5.1009~1-e4940]:main():gmm-align-compiled.cc:127) TE0485-TE0487_1-B.162-1
LOG (gmm-align-compiled[5.5.1009~1-e4940]:main():gmm-align-compiled.cc:127) TE0485-TE0487_1-B.203-1
LOG (gmm-align-compiled[5.5.1009~1-e4940]:main():gmm-align-compiled.cc:127) TE0485-TE0487_2-A.020-1
LOG (gmm-align-compiled[5.5.1009~1-e4940]:main():gmm-align-compiled.cc:127) TE0485-TE0487_2-A.027-1
LOG (gmm-align-compiled[5.5.1009~1-e4940]:main():gmm-align-compiled.cc:127) TE0485-TE0487_2-A.145-1
LOG (gmm-align-compiled[5.5.1009~1-e4940]:main():gmm-align-compiled.cc:127) TE0485-TE0487_2-A.161-1
LOG (gmm-align-compiled[5.5.1009~1-e4940]:main():gmm-align-compiled.cc:127) TE0485-TE0487_2-A.167-1
LOG (gmm-align-compiled[5.5.1009~1-e4940]:main():gmm-align-compiled.cc:127) TE0485-TE0487_2-A.169-1
LOG (gmm-align-compiled[5.5.1009~1-e4940]:main():gmm-align-compiled.cc:127) TE0485-TE0487_2-A.182-1
LOG (gmm-align-compiled[5.5.1009~1-e4940]:main():gmm-align-compiled.cc:127) TE0485-TE0487_2-A.193-1
LOG (gmm-align-compiled[5.5.1009~1-e4940]:main():gmm-align-compiled.cc:127) TE0485-TE0487_2-B.018-1
LOG (gmm-align-compiled[5.5.1009~1-e4940]:main():gmm-align-compiled.cc:127) TE0485-TE0487_2-B.024-1
LOG (gmm-align-compiled[5.5.1009~1-e4940]:main():gmm-align-compiled.cc:127) TE0485-TE0487_2-B.039-1
LOG (gmm-align-compiled[5.5.1009~1-e4940]:main():gmm-align-compiled.cc:127) TE0485-TE0487_2-B.111-1
LOG (gmm-align-compiled[5.5.1009~1-e4940]:main():gmm-align-compiled.cc:127) TE0485-TE0487_2-B.159-1
LOG (gmm-align-compiled[5.5.1009~1-e4940]:main():gmm-align-compiled.cc:127) TE0485-TE0487_2-B.178-1
LOG (gmm-align-compiled[5.5.1009~1-e4940]:main():gmm-align-compiled.cc:127) TE0485-TE0487_2-B.181-1
LOG (gmm-align-compiled[5.5.1009~1-e4940]:main():gmm-align-compiled.cc:127) TE0485-TE0487_2-B.244-1
LOG (gmm-align-compiled[5.5.1009~1-e4940]:main():gmm-align-compiled.cc:127) TE0485-TE0487_2-B.258-1
LOG (gmm-align-compiled[5.5.1009~1-e4940]:main():gmm-align-compiled.cc:127) TE0485-TE0487_2-B.265-1
LOG (gmm-align-compiled[5.5.1009~1-e4940]:main():gmm-align-compiled.cc:127) TE0485-TE0487_2-B.271-1
LOG (gmm-align-compiled[5.5.1009~1-e4940]:main():gmm-align-compiled.cc:127) TE0485-TE0487_2-B.295-1
LOG (gmm-align-compiled[5.5.1009~1-e4940]:main():gmm-align-compiled.cc:127) TE0486-TE0488_1-A.005-1
LOG (gmm-align-compiled[5.5.1009~1-e4940]:main():gmm-align-compiled.cc:127) TE0486-TE0488_1-A.011-1
LOG (gmm-align-compiled[5.5.1009~1-e4940]:main():gmm-align-compiled.cc:127) TE0486-TE0488_1-A.013-1
LOG (gmm-align-compiled[5.5.1009~1-e4940]:main():gmm-align-compiled.cc:127) TE0486-TE0488_1-A.066-1
LOG (gmm-align-compiled[5.5.1009~1-e4940]:main():gmm-align-compiled.cc:127) TE0486-TE0488_1-A.096-1
LOG (gmm-align-compiled[5.5.1009~1-e4940]:main():gmm-align-compiled.cc:127) TE0486-TE0488_1-A.145-1
LOG (gmm-align-compiled[5.5.1009~1-e4940]:main():gmm-align-compiled.cc:127) TE0486-TE0488_1-A.171-1
LOG (gmm-align-compiled[5.5.1009~1-e4940]:main():gmm-align-compiled.cc:127) TE0486-TE0488_1-A.199-1
LOG (gmm-align-compiled[5.5.1009~1-e4940]:main():gmm-align-compiled.cc:127) TE0486-TE0488_1-A.201-1
LOG (gmm-align-compiled[5.5.1009~1-e4940]:main():gmm-align-compiled.cc:127) TE0486-TE0488_1-A.204-1
LOG (gmm-align-compiled[5.5.1009~1-e4940]:main():gmm-align-compiled.cc:127) TE0486-TE0488_1-A.208-1
LOG (gmm-align-compiled[5.5.1009~1-e4940]:main():gmm-align-compiled.cc:127) TE0486-TE0488_1-A.259-1
LOG (gmm-align-compiled[5.5.1009~1-e4940]:main():gmm-align-compiled.cc:127) TE0486-TE0488_1-A.268-1
LOG (gmm-align-compiled[5.5.1009~1-e4940]:main():gmm-align-compiled.cc:127) TE0486-TE0488_1-A.274-1
LOG (gmm-align-compiled[5.5.1009~1-e4940]:main():gmm-align-compiled.cc:127) TE0486-TE0488_1-B.032-1
LOG (gmm-align-compiled[5.5.1009~1-e4940]:main():gmm-align-compiled.cc:127) TE0486-TE0488_1-B.048-1
LOG (gmm-align-compiled[5.5.1009~1-e4940]:main():gmm-align-compiled.cc:127) TE0486-TE0488_1-B.049-1
LOG (gmm-align-compiled[5.5.1009~1-e4940]:main():gmm-align-compiled.cc:127) TE0486-TE0488_1-B.067-1
LOG (gmm-align-compiled[5.5.1009~1-e4940]:main():gmm-align-compiled.cc:127) TE0486-TE0488_1-B.069-1
LOG (gmm-align-compiled[5.5.1009~1-e4940]:main():gmm-align-compiled.cc:127) TE0486-TE0488_1-B.072-1
LOG (gmm-align-compiled[5.5.1009~1-e4940]:main():gmm-align-compiled.cc:127) TE0486-TE0488_1-B.074-1
LOG (gmm-align-compiled[5.5.1009~1-e4940]:main():gmm-align-compiled.cc:127) TE0486-TE0488_1-B.076-1
LOG (gmm-align-compiled[5.5.1009~1-e4940]:main():gmm-align-compiled.cc:127) TE0486-TE0488_1-B.091-1
LOG (gmm-align-compiled[5.5.1009~1-e4940]:main():gmm-align-compiled.cc:127) TE0486-TE0488_1-B.093-1
LOG (gmm-align-compiled[5.5.1009~1-e4940]:main():gmm-align-compiled.cc:127) TE0486-TE0488_1-B.100-1
LOG (gmm-align-compiled[5.5.1009~1-e4940]:main():gmm-align-compiled.cc:127) TE0486-TE0488_1-B.107-1
LOG (gmm-align-compiled[5.5.1009~1-e4940]:main():gmm-align-compiled.cc:127) TE0486-TE0488_1-B.112-1
LOG (gmm-align-compiled[5.5.1009~1-e4940]:main():gmm-align-compiled.cc:127) TE0486-TE0488_1-B.137-1
LOG (gmm-align-compiled[5.5.1009~1-e4940]:main():gmm-align-compiled.cc:127) TE0486-TE0488_1-B.153-1
LOG (gmm-align-compiled[5.5.1009~1-e4940]:main():gmm-align-compiled.cc:127) TE0486-TE0488_1-B.155-1
LOG (gmm-align-compiled[5.5.1009~1-e4940]:main():gmm-align-compiled.cc:127) TE0486-TE0488_1-B.246-1
LOG (gmm-align-compiled[5.5.1009~1-e4940]:main():gmm-align-compiled.cc:127) TE0486-TE0488_1-B.334-1
LOG (gmm-align-compiled[5.5.1009~1-e4940]:main():gmm-align-compiled.cc:127) TE0486-TE0488_1-B.340-1
LOG (gmm-align-compiled[5.5.1009~1-e4940]:main():gmm-align-compiled.cc:127) TE0486-TE0488_2-A.012-1
LOG (gmm-align-compiled[5.5.1009~1-e4940]:main():gmm-align-compiled.cc:127) TE0486-TE0488_2-A.075-1
LOG (gmm-align-compiled[5.5.1009~1-e4940]:main():gmm-align-compiled.cc:127) TE0486-TE0488_2-A.212-1
LOG (gmm-align-compiled[5.5.1009~1-e4940]:main():gmm-align-compiled.cc:127) TE0486-TE0488_2-B.017-1
LOG (gmm-align-compiled[5.5.1009~1-e4940]:main():gmm-align-compiled.cc:127) TE0486-TE0488_2-B.072-1
LOG (gmm-align-compiled[5.5.1009~1-e4940]:main():gmm-align-compiled.cc:127) TE0486-TE0488_2-B.123-1
LOG (gmm-align-compiled[5.5.1009~1-e4940]:main():gmm-align-compiled.cc:127) TE0486-TE0488_2-B.157-1
LOG (gmm-align-compiled[5.5.1009~1-e4940]:main():gmm-align-compiled.cc:127) TE0486-TE0488_2-B.158-1
LOG (gmm-align-compiled[5.5.1009~1-e4940]:main():gmm-align-compiled.cc:127) TE0486-TE0488_2-B.180-1
LOG (gmm-align-compiled[5.5.1009~1-e4940]:main():gmm-align-compiled.cc:127) TE0486-TE0488_2-B.207-1
LOG (gmm-align-compiled[5.5.1009~1-e4940]:main():gmm-align-compiled.cc:127) TE0486-TE0488_2-B.238-1
LOG (gmm-align-compiled[5.5.1009~1-e4940]:main():gmm-align-compiled.cc:127) TE0486-TE0488_2-B.250-1
LOG (gmm-align-compiled[5.5.1009~1-e4940]:main():gmm-align-compiled.cc:127) TE0486-TE0488_2-B.258-1
LOG (gmm-align-compiled[5.5.1009~1-e4940]:main():gmm-align-compiled.cc:127) TE0486-TE0488_2-B.270-1
LOG (gmm-align-compiled[5.5.1009~1-e4940]:main():gmm-align-compiled.cc:127) TE0486-TE0488_2-B.304-1
LOG (gmm-align-compiled[5.5.1009~1-e4940]:main():gmm-align-compiled.cc:127) TE0486-TE0488_2-B.319-1
LOG (gmm-align-compiled[5.5.1009~1-e4940]:main():gmm-align-compiled.cc:127) TE0486-TE0488_2-B.328-1
LOG (gmm-align-compiled[5.5.1009~1-e4940]:main():gmm-align-compiled.cc:127) TE0486-TE0488_2-B.336-1
LOG (gmm-align-compiled[5.5.1009~1-e4940]:main():gmm-align-compiled.cc:127) TE0486-TE0488_2-B.343-1
LOG (gmm-align-compiled[5.5.1009~1-e4940]:main():gmm-align-compiled.cc:127) TE0486-TE0488_2-B.350-1
LOG (gmm-align-compiled[5.5.1009~1-e4940]:main():gmm-align-compiled.cc:127) TE0486-TE0488_2-B.359-1
LOG (gmm-align-compiled[5.5.1009~1-e4940]:main():gmm-align-compiled.cc:127) TE0486-TE0488_2-B.386-1
LOG (gmm-align-compiled[5.5.1009~1-e4940]:main():gmm-align-compiled.cc:127) TE0486-TE0488_2-B.394-1
LOG (gmm-align-compiled[5.5.1009~1-e4940]:main():gmm-align-compiled.cc:127) TE0486-TE0488_2-B.402-1
LOG (gmm-align-compiled[5.5.1009~1-e4940]:main():gmm-align-compiled.cc:127) TE0486-TE0488_2-B.422-1
LOG (gmm-align-compiled[5.5.1009~1-e4940]:main():gmm-align-compiled.cc:127) TE0487-TE0488_1-A.010-1
LOG (gmm-align-compiled[5.5.1009~1-e4940]:main():gmm-align-compiled.cc:127) TE0487-TE0488_1-A.063-1
LOG (gmm-align-compiled[5.5.1009~1-e4940]:main():gmm-align-compiled.cc:127) TE0487-TE0488_1-A.097-1
LOG (gmm-align-compiled[5.5.1009~1-e4940]:main():gmm-align-compiled.cc:127) TE0487-TE0488_1-A.161-1
LOG (gmm-align-compiled[5.5.1009~1-e4940]:main():gmm-align-compiled.cc:127) TE0487-TE0488_1-A.187-1
LOG (gmm-align-compiled[5.5.1009~1-e4940]:main():gmm-align-compiled.cc:127) TE0487-TE0488_1-A.209-1
LOG (gmm-align-compiled[5.5.1009~1-e4940]:main():gmm-align-compiled.cc:127) TE0487-TE0488_1-A.230-1
LOG (gmm-align-compiled[5.5.1009~1-e4940]:main():gmm-align-compiled.cc:127) TE0487-TE0488_1-B.006-1
LOG (gmm-align-compiled[5.5.1009~1-e4940]:main():gmm-align-compiled.cc:127) TE0487-TE0488_1-B.057-1
LOG (gmm-align-compiled[5.5.1009~1-e4940]:main():gmm-align-compiled.cc:127) TE0487-TE0488_1-B.173-1
LOG (gmm-align-compiled[5.5.1009~1-e4940]:main():gmm-align-compiled.cc:127) TE0487-TE0488_1-B.187-1
LOG (gmm-align-compiled[5.5.1009~1-e4940]:main():gmm-align-compiled.cc:127) TE0487-TE0488_1-B.215-1
LOG (gmm-align-compiled[5.5.1009~1-e4940]:main():gmm-align-compiled.cc:127) TE0487-TE0488_1-B.248-1
LOG (gmm-align-compiled[5.5.1009~1-e4940]:main():gmm-align-compiled.cc:127) TE0487-TE0488_1-B.280-1
LOG (gmm-align-compiled[5.5.1009~1-e4940]:main():gmm-align-compiled.cc:127) TE0487-TE0488_2-A.006-1
LOG (gmm-align-compiled[5.5.1009~1-e4940]:main():gmm-align-compiled.cc:127) TE0487-TE0488_2-A.053-1
LOG (gmm-align-compiled[5.5.1009~1-e4940]:main():gmm-align-compiled.cc:127) TE0487-TE0488_2-A.065-1
LOG (gmm-align-compiled[5.5.1009~1-e4940]:main():gmm-align-compiled.cc:127) TE0487-TE0488_2-A.067-1
LOG (gmm-align-compiled[5.5.1009~1-e4940]:main():gmm-align-compiled.cc:127) TE0487-TE0488_2-A.070-1
LOG (gmm-align-compiled[5.5.1009~1-e4940]:main():gmm-align-compiled.cc:127) TE0487-TE0488_2-A.077-1
LOG (gmm-align-compiled[5.5.1009~1-e4940]:main():gmm-align-compiled.cc:127) TE0487-TE0488_2-A.080-1
LOG (gmm-align-compiled[5.5.1009~1-e4940]:main():gmm-align-compiled.cc:127) TE0487-TE0488_2-A.087-1
LOG (gmm-align-compiled[5.5.1009~1-e4940]:main():gmm-align-compiled.cc:127) TE0487-TE0488_2-A.089-1
LOG (gmm-align-compiled[5.5.1009~1-e4940]:main():gmm-align-compiled.cc:127) TE0487-TE0488_2-A.109-1
LOG (gmm-align-compiled[5.5.1009~1-e4940]:main():gmm-align-compiled.cc:127) TE0487-TE0488_2-A.126-1
LOG (gmm-align-compiled[5.5.1009~1-e4940]:main():gmm-align-compiled.cc:127) TE0487-TE0488_2-A.149-1
LOG (gmm-align-compiled[5.5.1009~1-e4940]:main():gmm-align-compiled.cc:127) TE0487-TE0488_2-A.150-1
LOG (gmm-align-compiled[5.5.1009~1-e4940]:main():gmm-align-compiled.cc:127) TE0487-TE0488_2-A.152-1
LOG (gmm-align-compiled[5.5.1009~1-e4940]:main():gmm-align-compiled.cc:127) TE0487-TE0488_2-A.234-1
LOG (gmm-align-compiled[5.5.1009~1-e4940]:main():gmm-align-compiled.cc:127) TE0487-TE0488_2-A.236-1
LOG (gmm-align-compiled[5.5.1009~1-e4940]:main():gmm-align-compiled.cc:127) TE0487-TE0488_2-A.259-1
LOG (gmm-align-compiled[5.5.1009~1-e4940]:main():gmm-align-compiled.cc:127) TE0487-TE0488_2-A.275-1
LOG (gmm-align-compiled[5.5.1009~1-e4940]:main():gmm-align-compiled.cc:127) TE0487-TE0488_2-A.292-1
LOG (gmm-align-compiled[5.5.1009~1-e4940]:main():gmm-align-compiled.cc:127) TE0487-TE0488_2-B.010-1
LOG (gmm-align-compiled[5.5.1009~1-e4940]:main():gmm-align-compiled.cc:127) TE0487-TE0488_2-B.017-1
LOG (gmm-align-compiled[5.5.1009~1-e4940]:main():gmm-align-compiled.cc:127) TE0487-TE0488_2-B.019-1
LOG (gmm-align-compiled[5.5.1009~1-e4940]:main():gmm-align-compiled.cc:127) TE0487-TE0488_2-B.030-1
LOG (gmm-align-compiled[5.5.1009~1-e4940]:main():gmm-align-compiled.cc:127) TE0487-TE0488_2-B.036-1
LOG (gmm-align-compiled[5.5.1009~1-e4940]:main():gmm-align-compiled.cc:127) TE0487-TE0488_2-B.038-1
LOG (gmm-align-compiled[5.5.1009~1-e4940]:main():gmm-align-compiled.cc:127) TE0487-TE0488_2-B.060-1
LOG (gmm-align-compiled[5.5.1009~1-e4940]:main():gmm-align-compiled.cc:127) TE0487-TE0488_2-B.068-1
LOG (gmm-align-compiled[5.5.1009~1-e4940]:main():gmm-align-compiled.cc:127) TE0487-TE0488_2-B.077-1
LOG (gmm-align-compiled[5.5.1009~1-e4940]:main():gmm-align-compiled.cc:127) TE0487-TE0488_2-B.083-1
LOG (gmm-align-compiled[5.5.1009~1-e4940]:main():gmm-align-compiled.cc:127) TE0487-TE0488_2-B.122-1
LOG (gmm-align-compiled[5.5.1009~1-e4940]:main():gmm-align-compiled.cc:127) TE0487-TE0488_2-B.125-1
LOG (gmm-align-compiled[5.5.1009~1-e4940]:main():gmm-align-compiled.cc:127) TE0487-TE0488_2-B.141-1
LOG (gmm-align-compiled[5.5.1009~1-e4940]:main():gmm-align-compiled.cc:127) TE0487-TE0488_2-B.144-1
LOG (gmm-align-compiled[5.5.1009~1-e4940]:main():gmm-align-compiled.cc:127) TE0487-TE0488_2-B.145-1
LOG (gmm-align-compiled[5.5.1009~1-e4940]:main():gmm-align-compiled.cc:127) TE0487-TE0488_2-B.146-1
LOG (gmm-align-compiled[5.5.1009~1-e4940]:main():gmm-align-compiled.cc:127) TE0487-TE0488_2-B.172-1
LOG (gmm-align-compiled[5.5.1009~1-e4940]:main():gmm-align-compiled.cc:127) TE0487-TE0488_2-B.250-1
LOG (gmm-align-compiled[5.5.1009~1-e4940]:main():gmm-align-compiled.cc:127) TE0487-TE0488_2-B.275-1
LOG (gmm-align-compiled[5.5.1009~1-e4940]:main():gmm-align-compiled.cc:127) TE0487-TE0488_2-B.283-1
LOG (gmm-align-compiled[5.5.1009~1-e4940]:main():gmm-align-compiled.cc:127) TE0487-TE0488_2-B.285-1
LOG (gmm-align-compiled[5.5.1009~1-e4940]:main():gmm-align-compiled.cc:127) TE0487-TE0488_2-B.291-1
LOG (gmm-align-compiled[5.5.1009~1-e4940]:main():gmm-align-compiled.cc:127) TE0487-TE0488_2-B.301-1
LOG (gmm-align-compiled[5.5.1009~1-e4940]:main():gmm-align-compiled.cc:127) TE0487-TE0488_2-B.307-1
LOG (gmm-align-compiled[5.5.1009~1-e4940]:main():gmm-align-compiled.cc:127) TE0487-TE0488_2-B.312-1
LOG (gmm-align-compiled[5.5.1009~1-e4940]:main():gmm-align-compiled.cc:127) TE0487-TE0488_2-B.316-1
LOG (gmm-align-compiled[5.5.1009~1-e4940]:main():gmm-align-compiled.cc:127) TE0487-TE0488_2-B.320-1
LOG (gmm-align-compiled[5.5.1009~1-e4940]:main():gmm-align-compiled.cc:127) TE0487-TE0488_2-B.321-1
LOG (gmm-align-compiled[5.5.1009~1-e4940]:main():gmm-align-compiled.cc:127) TE0487-TE0488_2-B.329-1
LOG (gmm-align-compiled[5.5.1009~1-e4940]:main():gmm-align-compiled.cc:127) TE0487-TE0488_2-B.331-1
LOG (gmm-align-compiled[5.5.1009~1-e4940]:main():gmm-align-compiled.cc:127) TE0487-TE0488_2-B.333-1
LOG (gmm-align-compiled[5.5.1009~1-e4940]:main():gmm-align-compiled.cc:127) TE0487-TE0488_2-B.336-1
LOG (gmm-align-compiled[5.5.1009~1-e4940]:main():gmm-align-compiled.cc:127) TE0487-TE0488_2-B.340-1
LOG (gmm-align-compiled[5.5.1009~1-e4940]:main():gmm-align-compiled.cc:127) TE0487-TE0488_2-B.343-1
LOG (gmm-align-compiled[5.5.1009~1-e4940]:main():gmm-align-compiled.cc:127) TE0487-TE0488_2-B.346-1
LOG (gmm-align-compiled[5.5.1009~1-e4940]:main():gmm-align-compiled.cc:127) TE0487-TE0488_2-B.348-1
LOG (gmm-align-compiled[5.5.1009~1-e4940]:main():gmm-align-compiled.cc:127) TE0487-TE0488_2-B.349-1
LOG (gmm-align-compiled[5.5.1009~1-e4940]:main():gmm-align-compiled.cc:127) TE0487-TE0488_2-B.351-1
LOG (gmm-align-compiled[5.5.1009~1-e4940]:main():gmm-align-compiled.cc:127) TE0487-TE0488_2-B.353-1
LOG (gmm-align-compiled[5.5.1009~1-e4940]:main():gmm-align-compiled.cc:127) TE0487-TE0488_2-B.370-1
LOG (gmm-align-compiled[5.5.1009~1-e4940]:main():gmm-align-compiled.cc:127) TE0487-TE0488_2-B.376-1
LOG (gmm-align-compiled[5.5.1009~1-e4940]:main():gmm-align-compiled.cc:127) TE0487-TE0488_2-B.383-1
LOG (gmm-align-compiled[5.5.1009~1-e4940]:main():gmm-align-compiled.cc:127) TE0487-TE0488_2-B.411-1
LOG (gmm-align-compiled[5.5.1009~1-e4940]:main():gmm-align-compiled.cc:127) TE0489-TE0490_1-A.111-1
LOG (gmm-align-compiled[5.5.1009~1-e4940]:main():gmm-align-compiled.cc:127) TE0489-TE0490_1-A.138-1
LOG (gmm-align-compiled[5.5.1009~1-e4940]:main():gmm-align-compiled.cc:127) TE0489-TE0490_1-A.143-1
LOG (gmm-align-compiled[5.5.1009~1-e4940]:main():gmm-align-compiled.cc:127) TE0489-TE0490_1-A.246-1
LOG (gmm-align-compiled[5.5.1009~1-e4940]:main():gmm-align-compiled.cc:127) TE0489-TE0490_1-B.008-1
LOG (gmm-align-compiled[5.5.1009~1-e4940]:main():gmm-align-compiled.cc:127) TE0489-TE0490_1-B.197-1
LOG (gmm-align-compiled[5.5.1009~1-e4940]:main():gmm-align-compiled.cc:127) TE0489-TE0490_1-B.210-1
LOG (gmm-align-compiled[5.5.1009~1-e4940]:main():gmm-align-compiled.cc:127) TE0489-TE0490_1-B.218-1
LOG (gmm-align-compiled[5.5.1009~1-e4940]:main():gmm-align-compiled.cc:127) TE0489-TE0490_1-B.240-1
LOG (gmm-align-compiled[5.5.1009~1-e4940]:main():gmm-align-compiled.cc:127) TE0489-TE0490_1-B.331-1
LOG (gmm-align-compiled[5.5.1009~1-e4940]:main():gmm-align-compiled.cc:127) TE0489-TE0490_2-A.028-1
LOG (gmm-align-compiled[5.5.1009~1-e4940]:main():gmm-align-compiled.cc:127) TE0489-TE0490_2-A.047-1
LOG (gmm-align-compiled[5.5.1009~1-e4940]:main():gmm-align-compiled.cc:127) TE0489-TE0490_2-A.123-1
LOG (gmm-align-compiled[5.5.1009~1-e4940]:main():gmm-align-compiled.cc:127) TE0489-TE0490_2-A.251-1
LOG (gmm-align-compiled[5.5.1009~1-e4940]:main():gmm-align-compiled.cc:127) TE0489-TE0490_2-B.029-1
LOG (gmm-align-compiled[5.5.1009~1-e4940]:main():gmm-align-compiled.cc:127) TE0489-TE0490_2-B.081-1
LOG (gmm-align-compiled[5.5.1009~1-e4940]:main():gmm-align-compiled.cc:127) TE0489-TE0490_2-B.126-1
LOG (gmm-align-compiled[5.5.1009~1-e4940]:main():gmm-align-compiled.cc:127) TE0489-TE0490_2-B.249-1
LOG (gmm-align-compiled[5.5.1009~1-e4940]:main():gmm-align-compiled.cc:127) TE0489-TE0490_2-B.294-1
LOG (gmm-align-compiled[5.5.1009~1-e4940]:main():gmm-align-compiled.cc:127) TE0489-TE0490_2-B.319-1
LOG (gmm-align-compiled[5.5.1009~1-e4940]:main():gmm-align-compiled.cc:127) TE0489-TE0490_2-B.353-1
LOG (gmm-align-compiled[5.5.1009~1-e4940]:main():gmm-align-compiled.cc:127) TE0489-TE0490_2-B.364-1
LOG (gmm-align-compiled[5.5.1009~1-e4940]:main():gmm-align-compiled.cc:127) TE0489-TE0490_2-B.484-1
LOG (gmm-align-compiled[5.5.1009~1-e4940]:main():gmm-align-compiled.cc:127) TE0489-TE0491_1-A.068-1
LOG (gmm-align-compiled[5.5.1009~1-e4940]:main():gmm-align-compiled.cc:127) TE0489-TE0491_1-A.137-1
LOG (gmm-align-compiled[5.5.1009~1-e4940]:main():gmm-align-compiled.cc:127) TE0489-TE0491_1-A.174-1
LOG (gmm-align-compiled[5.5.1009~1-e4940]:main():gmm-align-compiled.cc:127) TE0489-TE0491_1-A.191-1
LOG (gmm-align-compiled[5.5.1009~1-e4940]:main():gmm-align-compiled.cc:127) TE0489-TE0491_1-B.003-1
LOG (gmm-align-compiled[5.5.1009~1-e4940]:main():gmm-align-compiled.cc:127) TE0489-TE0491_1-B.070-1
LOG (gmm-align-compiled[5.5.1009~1-e4940]:main():gmm-align-compiled.cc:127) TE0489-TE0491_2-A.002-1
LOG (gmm-align-compiled[5.5.1009~1-e4940]:main():gmm-align-compiled.cc:127) TE0489-TE0491_2-A.023-1
LOG (gmm-align-compiled[5.5.1009~1-e4940]:main():gmm-align-compiled.cc:127) TE0489-TE0491_2-A.069-1
LOG (gmm-align-compiled[5.5.1009~1-e4940]:main():gmm-align-compiled.cc:127) TE0489-TE0491_2-A.072-1
LOG (gmm-align-compiled[5.5.1009~1-e4940]:main():gmm-align-compiled.cc:127) TE0489-TE0491_2-A.085-1
LOG (gmm-align-compiled[5.5.1009~1-e4940]:main():gmm-align-compiled.cc:127) TE0489-TE0491_2-A.100-1
LOG (gmm-align-compiled[5.5.1009~1-e4940]:main():gmm-align-compiled.cc:127) TE0489-TE0491_2-A.106-1
LOG (gmm-align-compiled[5.5.1009~1-e4940]:main():gmm-align-compiled.cc:127) TE0489-TE0491_2-A.112-1
LOG (gmm-align-compiled[5.5.1009~1-e4940]:main():gmm-align-compiled.cc:127) TE0489-TE0491_2-B.021-1
LOG (gmm-align-compiled[5.5.1009~1-e4940]:main():gmm-align-compiled.cc:127) TE0489-TE0491_2-B.042-1
LOG (gmm-align-compiled[5.5.1009~1-e4940]:main():gmm-align-compiled.cc:127) TE0489-TE0491_2-B.049-1
LOG (gmm-align-compiled[5.5.1009~1-e4940]:main():gmm-align-compiled.cc:127) TE0489-TE0491_2-B.053-1
LOG (gmm-align-compiled[5.5.1009~1-e4940]:main():gmm-align-compiled.cc:127) TE0489-TE0491_2-B.087-1
LOG (gmm-align-compiled[5.5.1009~1-e4940]:main():gmm-align-compiled.cc:127) TE0489-TE0491_2-B.120-1
LOG (gmm-align-compiled[5.5.1009~1-e4940]:main():gmm-align-compiled.cc:127) TE0489-TE0491_2-B.131-1
LOG (gmm-align-compiled[5.5.1009~1-e4940]:main():gmm-align-compiled.cc:127) TE0489-TE0491_2-B.172-1
LOG (gmm-align-compiled[5.5.1009~1-e4940]:main():gmm-align-compiled.cc:127) TE0489-TE0491_2-B.188-1
LOG (gmm-align-compiled[5.5.1009~1-e4940]:main():gmm-align-compiled.cc:127) TE0489-TE0491_2-B.203-1
LOG (gmm-align-compiled[5.5.1009~1-e4940]:main():gmm-align-compiled.cc:127) TE0489-TE0491_2-B.260-1
WARNING (gmm-align-compiled[5.5.1009~1-e4940]:AlignUtteranceWrapper():decoder-wrappers.cc:617) Retrying utterance TE0489-TE0491_2-B.260-1 with beam 40
WARNING (gmm-align-compiled[5.5.1009~1-e4940]:AlignUtteranceWrapper():decoder-wrappers.cc:626) Did not successfully decode file TE0489-TE0491_2-B.260-1, len = 278
LOG (gmm-align-compiled[5.5.1009~1-e4940]:main():gmm-align-compiled.cc:127) TE0489-TE0491_2-B.260-2
WARNING (gmm-align-compiled[5.5.1009~1-e4940]:AlignUtteranceWrapper():decoder-wrappers.cc:617) Retrying utterance TE0489-TE0491_2-B.260-2 with beam 40
WARNING (gmm-align-compiled[5.5.1009~1-e4940]:AlignUtteranceWrapper():decoder-wrappers.cc:626) Did not successfully decode file TE0489-TE0491_2-B.260-2, len = 152
LOG (gmm-align-compiled[5.5.1009~1-e4940]:main():gmm-align-compiled.cc:127) TE0490-TE0492_1-A.056-1
LOG (gmm-align-compiled[5.5.1009~1-e4940]:main():gmm-align-compiled.cc:127) TE0490-TE0492_1-A.104-1
LOG (gmm-align-compiled[5.5.1009~1-e4940]:main():gmm-align-compiled.cc:127) TE0490-TE0492_1-A.112-1
LOG (gmm-align-compiled[5.5.1009~1-e4940]:main():gmm-align-compiled.cc:127) TE0490-TE0492_1-A.114-1
LOG (gmm-align-compiled[5.5.1009~1-e4940]:main():gmm-align-compiled.cc:127) TE0490-TE0492_1-A.145-1
LOG (gmm-align-compiled[5.5.1009~1-e4940]:main():gmm-align-compiled.cc:127) TE0490-TE0492_1-A.210-1
LOG (gmm-align-compiled[5.5.1009~1-e4940]:main():gmm-align-compiled.cc:127) TE0490-TE0492_1-A.233-1
LOG (gmm-align-compiled[5.5.1009~1-e4940]:main():gmm-align-compiled.cc:127) TE0490-TE0492_1-A.330-1
LOG (gmm-align-compiled[5.5.1009~1-e4940]:main():gmm-align-compiled.cc:127) TE0490-TE0492_1-A.388-1
LOG (gmm-align-compiled[5.5.1009~1-e4940]:main():gmm-align-compiled.cc:127) TE0490-TE0492_1-B.042-1
LOG (gmm-align-compiled[5.5.1009~1-e4940]:main():gmm-align-compiled.cc:127) TE0490-TE0492_1-B.066-1
LOG (gmm-align-compiled[5.5.1009~1-e4940]:main():gmm-align-compiled.cc:127) TE0490-TE0492_1-B.098-1
LOG (gmm-align-compiled[5.5.1009~1-e4940]:main():gmm-align-compiled.cc:127) TE0490-TE0492_1-B.129-1
LOG (gmm-align-compiled[5.5.1009~1-e4940]:main():gmm-align-compiled.cc:127) TE0490-TE0492_2-A.207-1
LOG (gmm-align-compiled[5.5.1009~1-e4940]:main():gmm-align-compiled.cc:127) TE0490-TE0492_2-A.260-1
LOG (gmm-align-compiled[5.5.1009~1-e4940]:main():gmm-align-compiled.cc:127) TE0490-TE0492_2-A.264-1
LOG (gmm-align-compiled[5.5.1009~1-e4940]:main():gmm-align-compiled.cc:127) TE0490-TE0492_2-B.135-1
LOG (gmm-align-compiled[5.5.1009~1-e4940]:main():gmm-align-compiled.cc:127) TE0490-TE0492_2-B.176-1
LOG (gmm-align-compiled[5.5.1009~1-e4940]:main():gmm-align-compiled.cc:127) TE0490-TE0492_2-B.207-1
LOG (gmm-align-compiled[5.5.1009~1-e4940]:main():gmm-align-compiled.cc:127) TE0490-TE0492_2-B.232-1
LOG (gmm-align-compiled[5.5.1009~1-e4940]:main():gmm-align-compiled.cc:127) TE0491-TE0492_1-A.020-1
LOG (gmm-align-compiled[5.5.1009~1-e4940]:main():gmm-align-compiled.cc:127) TE0491-TE0492_1-A.342-1
LOG (gmm-align-compiled[5.5.1009~1-e4940]:main():gmm-align-compiled.cc:127) TE0491-TE0492_1-A.375-1
LOG (gmm-align-compiled[5.5.1009~1-e4940]:main():gmm-align-compiled.cc:127) TE0491-TE0492_1-B.024-1
LOG (gmm-align-compiled[5.5.1009~1-e4940]:main():gmm-align-compiled.cc:127) TE0491-TE0492_1-B.101-1
LOG (gmm-align-compiled[5.5.1009~1-e4940]:main():gmm-align-compiled.cc:127) TE0491-TE0492_1-B.120-1
LOG (gmm-align-compiled[5.5.1009~1-e4940]:main():gmm-align-compiled.cc:127) TE0491-TE0492_2-A.023-1
LOG (gmm-align-compiled[5.5.1009~1-e4940]:main():gmm-align-compiled.cc:127) TE0491-TE0492_2-B.030-1
LOG (gmm-align-compiled[5.5.1009~1-e4940]:main():gmm-align-compiled.cc:127) TE0491-TE0492_2-B.112-1
LOG (gmm-align-compiled[5.5.1009~1-e4940]:main():gmm-align-compiled.cc:127) TE0491-TE0492_2-B.157-1
LOG (gmm-align-compiled[5.5.1009~1-e4940]:main():gmm-align-compiled.cc:127) TE0491-TE0492_2-B.163-1
LOG (gmm-align-compiled[5.5.1009~1-e4940]:main():gmm-align-compiled.cc:127) TE0491-TE0492_2-B.178-1
LOG (gmm-align-compiled[5.5.1009~1-e4940]:main():gmm-align-compiled.cc:127) TE0491-TE0492_2-B.189-1
LOG (gmm-align-compiled[5.5.1009~1-e4940]:main():gmm-align-compiled.cc:127) TE0491-TE0492_2-B.198-1
LOG (gmm-align-compiled[5.5.1009~1-e4940]:main():gmm-align-compiled.cc:127) TE0491-TE0492_2-B.207-1
LOG (gmm-align-compiled[5.5.1009~1-e4940]:main():gmm-align-compiled.cc:127) TE0491-TE0492_2-B.219-1
LOG (gmm-align-compiled[5.5.1009~1-e4940]:main():gmm-align-compiled.cc:127) TE0491-TE0492_2-B.237-1
LOG (gmm-align-compiled[5.5.1009~1-e4940]:main():gmm-align-compiled.cc:127) TE0491-TE0492_2-B.253-1
LOG (gmm-align-compiled[5.5.1009~1-e4940]:main():gmm-align-compiled.cc:127) TE0491-TE0492_2-B.273-1
LOG (gmm-align-compiled[5.5.1009~1-e4940]:main():gmm-align-compiled.cc:127) TE0491-TE0492_2-B.315-1
LOG (gmm-align-compiled[5.5.1009~1-e4940]:main():gmm-align-compiled.cc:127) TE0491-TE0492_2-B.322-1
LOG (gmm-align-compiled[5.5.1009~1-e4940]:main():gmm-align-compiled.cc:127) TE0491-TE0492_2-B.340-1
LOG (gmm-align-compiled[5.5.1009~1-e4940]:main():gmm-align-compiled.cc:127) TE0491-TE0492_2-B.344-1
LOG (gmm-align-compiled[5.5.1009~1-e4940]:main():gmm-align-compiled.cc:127) TE0491-TE0492_2-B.350-1
LOG (gmm-align-compiled[5.5.1009~1-e4940]:main():gmm-align-compiled.cc:127) TE0491-TE0492_2-B.368-1
LOG (gmm-align-compiled[5.5.1009~1-e4940]:main():gmm-align-compiled.cc:127) TE0491-TE0492_2-B.371-1
LOG (gmm-align-compiled[5.5.1009~1-e4940]:main():gmm-align-compiled.cc:127) TE0491-TE0492_2-B.405-1
LOG (gmm-align-compiled[5.5.1009~1-e4940]:main():gmm-align-compiled.cc:127) TE0491-TE0492_2-B.424-1
LOG (gmm-align-compiled[5.5.1009~1-e4940]:main():gmm-align-compiled.cc:127) TE0491-TE0492_2-B.429-1
LOG (gmm-align-compiled[5.5.1009~1-e4940]:main():gmm-align-compiled.cc:127) TE0491-TE0492_2-B.446-1
LOG (gmm-align-compiled[5.5.1009~1-e4940]:main():gmm-align-compiled.cc:127) TE0491-TE0492_2-B.449-1
LOG (gmm-align-compiled[5.5.1009~1-e4940]:main():gmm-align-compiled.cc:127) TE0493-TE0494_1-A.014-1
LOG (gmm-align-compiled[5.5.1009~1-e4940]:main():gmm-align-compiled.cc:127) TE0493-TE0494_1-A.033-1
LOG (gmm-align-compiled[5.5.1009~1-e4940]:main():gmm-align-compiled.cc:127) TE0493-TE0494_1-A.051-1
LOG (gmm-align-compiled[5.5.1009~1-e4940]:main():gmm-align-compiled.cc:127) TE0493-TE0494_1-A.077-1
LOG (gmm-align-compiled[5.5.1009~1-e4940]:main():gmm-align-compiled.cc:127) TE0493-TE0494_1-A.134-1
LOG (apply-cmvn[5.5.1009~1-e4940]:main():apply-cmvn.cc:162) Applied cepstral mean normalization to 425 utterances, errors on 0
LOG (gmm-align-compiled[5.5.1009~1-e4940]:main():gmm-align-compiled.cc:127) TE0493-TE0494_1-A.163-1
LOG (gmm-align-compiled[5.5.1009~1-e4940]:main():gmm-align-compiled.cc:127) TE0493-TE0494_1-A.169-1
LOG (gmm-align-compiled[5.5.1009~1-e4940]:main():gmm-align-compiled.cc:127) TE0493-TE0494_1-A.185-1
LOG (gmm-align-compiled[5.5.1009~1-e4940]:main():gmm-align-compiled.cc:127) TE0493-TE0494_1-A.200-1
LOG (gmm-align-compiled[5.5.1009~1-e4940]:main():gmm-align-compiled.cc:127) TE0493-TE0494_1-A.203-1
LOG (gmm-align-compiled[5.5.1009~1-e4940]:main():gmm-align-compiled.cc:127) TE0493-TE0494_1-A.206-1
LOG (gmm-align-compiled[5.5.1009~1-e4940]:main():gmm-align-compiled.cc:127) TE0493-TE0494_1-A.207-1
LOG (gmm-align-compiled[5.5.1009~1-e4940]:main():gmm-align-compiled.cc:127) TE0493-TE0494_1-A.229-1
LOG (gmm-align-compiled[5.5.1009~1-e4940]:main():gmm-align-compiled.cc:127) TE0493-TE0494_1-A.354-1
LOG (gmm-align-compiled[5.5.1009~1-e4940]:main():gmm-align-compiled.cc:127) TE0493-TE0494_1-A.413-1
LOG (gmm-align-compiled[5.5.1009~1-e4940]:main():gmm-align-compiled.cc:127) TE0493-TE0494_1-A.481-1
LOG (gmm-align-compiled[5.5.1009~1-e4940]:main():gmm-align-compiled.cc:127) TE0493-TE0494_1-B.004-1
LOG (gmm-align-compiled[5.5.1009~1-e4940]:main():gmm-align-compiled.cc:127) TE0493-TE0494_1-B.071-1
LOG (gmm-align-compiled[5.5.1009~1-e4940]:main():gmm-align-compiled.cc:127) TE0493-TE0494_1-B.104-1
LOG (gmm-align-compiled[5.5.1009~1-e4940]:main():gmm-align-compiled.cc:127) TE0493-TE0494_1-B.108-1
LOG (transform-feats[5.5.1009~1-e4940]:main():transform-feats.cc:158) Overall average [pseudo-]logdet is -98.9864 over 69707 frames.
LOG (transform-feats[5.5.1009~1-e4940]:main():transform-feats.cc:161) Applied transform to 425 utterances; 0 had errors.
LOG (gmm-align-compiled[5.5.1009~1-e4940]:main():gmm-align-compiled.cc:127) TE0493-TE0494_1-B.123-1
LOG (gmm-align-compiled[5.5.1009~1-e4940]:main():gmm-align-compiled.cc:127) TE0493-TE0494_1-B.198-1
LOG (gmm-align-compiled[5.5.1009~1-e4940]:main():gmm-align-compiled.cc:127) TE0493-TE0494_1-B.216-1
LOG (gmm-align-compiled[5.5.1009~1-e4940]:main():gmm-align-compiled.cc:127) TE0493-TE0494_1-B.220-1
LOG (gmm-align-compiled[5.5.1009~1-e4940]:main():gmm-align-compiled.cc:127) TE0493-TE0494_2-A.018-1
LOG (transform-feats[5.5.1009~1-e4940]:main():transform-feats.cc:158) Overall average logdet is 0.157189 over 69707 frames.
LOG (transform-feats[5.5.1009~1-e4940]:main():transform-feats.cc:161) Applied transform to 425 utterances; 0 had errors.
LOG (gmm-align-compiled[5.5.1009~1-e4940]:main():gmm-align-compiled.cc:127) TE0493-TE0494_2-A.143-1
LOG (gmm-align-compiled[5.5.1009~1-e4940]:main():gmm-align-compiled.cc:127) TE0493-TE0494_2-A.194-1
LOG (gmm-align-compiled[5.5.1009~1-e4940]:main():gmm-align-compiled.cc:127) TE0493-TE0494_2-A.203-1
LOG (gmm-align-compiled[5.5.1009~1-e4940]:main():gmm-align-compiled.cc:135) Overall log-likelihood per frame is -45.0288 over 69277 frames.
LOG (gmm-align-compiled[5.5.1009~1-e4940]:main():gmm-align-compiled.cc:137) Retried 2 out of 425 utterances.
LOG (gmm-align-compiled[5.5.1009~1-e4940]:main():gmm-align-compiled.cc:139) Done 423, errors on 2
# Accounting: time=3 threads=1
# Ended (code 0) at Tue Jun 14 09:48:37 UTC 2022, elapsed time 3 seconds
