# align-equal-compiled "ark:gunzip -c telugu_exp/mono/fsts.7.gz|" "ark,s,cs:apply-cmvn  --utt2spk=ark:telugu_data/train_10kshort_nodup/split20/7/utt2spk scp:telugu_data/train_10kshort_nodup/split20/7/cmvn.scp scp:telugu_data/train_10kshort_nodup/split20/7/feats.scp ark:- | add-deltas  ark:- ark:- |" ark,t:- | gmm-acc-stats-ali --binary=true telugu_exp/mono/0.mdl "ark,s,cs:apply-cmvn  --utt2spk=ark:telugu_data/train_10kshort_nodup/split20/7/utt2spk scp:telugu_data/train_10kshort_nodup/split20/7/cmvn.scp scp:telugu_data/train_10kshort_nodup/split20/7/feats.scp ark:- | add-deltas  ark:- ark:- |" ark:- telugu_exp/mono/0.7.acc 
# Started at Mon Jun 13 17:55:23 UTC 2022
#
gmm-acc-stats-ali --binary=true telugu_exp/mono/0.mdl 'ark,s,cs:apply-cmvn  --utt2spk=ark:telugu_data/train_10kshort_nodup/split20/7/utt2spk scp:telugu_data/train_10kshort_nodup/split20/7/cmvn.scp scp:telugu_data/train_10kshort_nodup/split20/7/feats.scp ark:- | add-deltas  ark:- ark:- |' ark:- telugu_exp/mono/0.7.acc 
align-equal-compiled 'ark:gunzip -c telugu_exp/mono/fsts.7.gz|' 'ark,s,cs:apply-cmvn  --utt2spk=ark:telugu_data/train_10kshort_nodup/split20/7/utt2spk scp:telugu_data/train_10kshort_nodup/split20/7/cmvn.scp scp:telugu_data/train_10kshort_nodup/split20/7/feats.scp ark:- | add-deltas  ark:- ark:- |' ark,t:- 
apply-cmvn --utt2spk=ark:telugu_data/train_10kshort_nodup/split20/7/utt2spk scp:telugu_data/train_10kshort_nodup/split20/7/cmvn.scp scp:telugu_data/train_10kshort_nodup/split20/7/feats.scp ark:- 
add-deltas ark:- ark:- 
apply-cmvn --utt2spk=ark:telugu_data/train_10kshort_nodup/split20/7/utt2spk scp:telugu_data/train_10kshort_nodup/split20/7/cmvn.scp scp:telugu_data/train_10kshort_nodup/split20/7/feats.scp ark:- 
add-deltas ark:- ark:- 
LOG (gmm-acc-stats-ali[5.5.1009~1-e4940]:main():gmm-acc-stats-ali.cc:105) Processed 50 utterances; for utterance TE0521-TE0523_1-B.324 avg. like is -113.482 over 100 frames.
LOG (apply-cmvn[5.5.1009~1-e4940]:main():apply-cmvn.cc:162) Applied cepstral mean normalization to 241 utterances, errors on 0
LOG (align-equal-compiled[5.5.1009~1-e4940]:main():align-equal-compiled.cc:107) Success: done 241 utterances.
LOG (gmm-acc-stats-ali[5.5.1009~1-e4940]:main():gmm-acc-stats-ali.cc:105) Processed 100 utterances; for utterance TE0530-TE0532_1-A.103 avg. like is -104.166 over 107 frames.
LOG (gmm-acc-stats-ali[5.5.1009~1-e4940]:main():gmm-acc-stats-ali.cc:105) Processed 150 utterances; for utterance TE0537-TE0539_2-A.151 avg. like is -106.609 over 81 frames.
LOG (gmm-acc-stats-ali[5.5.1009~1-e4940]:main():gmm-acc-stats-ali.cc:105) Processed 200 utterances; for utterance TE0542-TE0544_2-A.261 avg. like is -99.1157 over 98 frames.
LOG (apply-cmvn[5.5.1009~1-e4940]:main():apply-cmvn.cc:162) Applied cepstral mean normalization to 241 utterances, errors on 0
LOG (gmm-acc-stats-ali[5.5.1009~1-e4940]:main():gmm-acc-stats-ali.cc:112) Done 241 files, 0 with errors.
LOG (gmm-acc-stats-ali[5.5.1009~1-e4940]:main():gmm-acc-stats-ali.cc:115) Overall avg like per frame (Gaussian only) = -105.278 over 20379 frames.
LOG (gmm-acc-stats-ali[5.5.1009~1-e4940]:main():gmm-acc-stats-ali.cc:123) Written accs.
# Accounting: time=1 threads=1
# Ended (code 0) at Mon Jun 13 17:55:24 UTC 2022, elapsed time 1 seconds
