# gmm-align-compiled --transition-scale=1.0 --acoustic-scale=0.1 --self-loop-scale=0.1 --beam=10 --retry-beam=40 --careful=false "gmm-boost-silence --boost=1.0 1 telugu_exp/mono/29.mdl - |" "ark:gunzip -c telugu_exp/mono/fsts.2.gz|" "ark,s,cs:apply-cmvn  --utt2spk=ark:telugu_data/train_10kshort_nodup/split20/2/utt2spk scp:telugu_data/train_10kshort_nodup/split20/2/cmvn.scp scp:telugu_data/train_10kshort_nodup/split20/2/feats.scp ark:- | add-deltas  ark:- ark:- |" "ark,t:|gzip -c >telugu_exp/mono/ali.2.gz" 
# Started at Mon Jun 13 17:57:15 UTC 2022
#
gmm-align-compiled --transition-scale=1.0 --acoustic-scale=0.1 --self-loop-scale=0.1 --beam=10 --retry-beam=40 --careful=false 'gmm-boost-silence --boost=1.0 1 telugu_exp/mono/29.mdl - |' 'ark:gunzip -c telugu_exp/mono/fsts.2.gz|' 'ark,s,cs:apply-cmvn  --utt2spk=ark:telugu_data/train_10kshort_nodup/split20/2/utt2spk scp:telugu_data/train_10kshort_nodup/split20/2/cmvn.scp scp:telugu_data/train_10kshort_nodup/split20/2/feats.scp ark:- | add-deltas  ark:- ark:- |' 'ark,t:|gzip -c >telugu_exp/mono/ali.2.gz' 
gmm-boost-silence --boost=1.0 1 telugu_exp/mono/29.mdl - 
WARNING (gmm-boost-silence[5.5.1009~1-e4940]:main():gmm-boost-silence.cc:82) The pdfs for the silence phones may be shared by other phones (note: this probably does not matter.)
LOG (gmm-boost-silence[5.5.1009~1-e4940]:main():gmm-boost-silence.cc:93) Boosted weights for 5 pdfs, by factor of 1
LOG (gmm-boost-silence[5.5.1009~1-e4940]:main():gmm-boost-silence.cc:103) Wrote model to -
add-deltas ark:- ark:- 
apply-cmvn --utt2spk=ark:telugu_data/train_10kshort_nodup/split20/2/utt2spk scp:telugu_data/train_10kshort_nodup/split20/2/cmvn.scp scp:telugu_data/train_10kshort_nodup/split20/2/feats.scp ark:- 
LOG (gmm-align-compiled[5.5.1009~1-e4940]:main():gmm-align-compiled.cc:127) TE0406-TE0408_2-B.038
LOG (gmm-align-compiled[5.5.1009~1-e4940]:main():gmm-align-compiled.cc:127) TE0406-TE0408_2-B.069
LOG (gmm-align-compiled[5.5.1009~1-e4940]:main():gmm-align-compiled.cc:127) TE0406-TE0408_2-B.229
LOG (gmm-align-compiled[5.5.1009~1-e4940]:main():gmm-align-compiled.cc:127) TE0406-TE0408_2-B.418
LOG (gmm-align-compiled[5.5.1009~1-e4940]:main():gmm-align-compiled.cc:127) TE0407-TE0408_1-A.379
LOG (gmm-align-compiled[5.5.1009~1-e4940]:main():gmm-align-compiled.cc:127) TE0407-TE0408_1-B.010
LOG (gmm-align-compiled[5.5.1009~1-e4940]:main():gmm-align-compiled.cc:127) TE0407-TE0408_1-B.090
LOG (gmm-align-compiled[5.5.1009~1-e4940]:main():gmm-align-compiled.cc:127) TE0407-TE0408_1-B.103
LOG (gmm-align-compiled[5.5.1009~1-e4940]:main():gmm-align-compiled.cc:127) TE0407-TE0408_2-A.071
LOG (gmm-align-compiled[5.5.1009~1-e4940]:main():gmm-align-compiled.cc:127) TE0407-TE0408_2-B.043
LOG (gmm-align-compiled[5.5.1009~1-e4940]:main():gmm-align-compiled.cc:127) TE0407-TE0408_2-B.096
LOG (gmm-align-compiled[5.5.1009~1-e4940]:main():gmm-align-compiled.cc:127) TE0409-TE0410_1-A.247
LOG (gmm-align-compiled[5.5.1009~1-e4940]:main():gmm-align-compiled.cc:127) TE0409-TE0410_1-B.079
LOG (gmm-align-compiled[5.5.1009~1-e4940]:main():gmm-align-compiled.cc:127) TE0409-TE0410_1-B.115
LOG (gmm-align-compiled[5.5.1009~1-e4940]:main():gmm-align-compiled.cc:127) TE0409-TE0410_1-B.149
LOG (gmm-align-compiled[5.5.1009~1-e4940]:main():gmm-align-compiled.cc:127) TE0409-TE0410_1-B.231
LOG (gmm-align-compiled[5.5.1009~1-e4940]:main():gmm-align-compiled.cc:127) TE0409-TE0410_1-B.246
LOG (gmm-align-compiled[5.5.1009~1-e4940]:main():gmm-align-compiled.cc:127) TE0409-TE0410_1-B.265
LOG (gmm-align-compiled[5.5.1009~1-e4940]:main():gmm-align-compiled.cc:127) TE0409-TE0410_1-B.333
LOG (gmm-align-compiled[5.5.1009~1-e4940]:main():gmm-align-compiled.cc:127) TE0409-TE0410_2-A.014
LOG (gmm-align-compiled[5.5.1009~1-e4940]:main():gmm-align-compiled.cc:127) TE0409-TE0410_2-A.024
LOG (gmm-align-compiled[5.5.1009~1-e4940]:main():gmm-align-compiled.cc:127) TE0409-TE0410_2-A.147
LOG (gmm-align-compiled[5.5.1009~1-e4940]:main():gmm-align-compiled.cc:127) TE0409-TE0410_2-A.166
LOG (gmm-align-compiled[5.5.1009~1-e4940]:main():gmm-align-compiled.cc:127) TE0409-TE0410_2-A.206
LOG (gmm-align-compiled[5.5.1009~1-e4940]:main():gmm-align-compiled.cc:127) TE0409-TE0410_2-B.371
LOG (gmm-align-compiled[5.5.1009~1-e4940]:main():gmm-align-compiled.cc:127) TE0409-TE0411_1-B.014
LOG (gmm-align-compiled[5.5.1009~1-e4940]:main():gmm-align-compiled.cc:127) TE0409-TE0411_1-B.137
LOG (gmm-align-compiled[5.5.1009~1-e4940]:main():gmm-align-compiled.cc:127) TE0409-TE0411_2-A.175
LOG (gmm-align-compiled[5.5.1009~1-e4940]:main():gmm-align-compiled.cc:127) TE0410-TE0412_1-A.309
LOG (gmm-align-compiled[5.5.1009~1-e4940]:main():gmm-align-compiled.cc:127) TE0410-TE0412_1-B.054
LOG (gmm-align-compiled[5.5.1009~1-e4940]:main():gmm-align-compiled.cc:127) TE0410-TE0412_1-B.176
LOG (gmm-align-compiled[5.5.1009~1-e4940]:main():gmm-align-compiled.cc:127) TE0410-TE0412_2-A.167
LOG (gmm-align-compiled[5.5.1009~1-e4940]:main():gmm-align-compiled.cc:127) TE0410-TE0412_2-A.252
LOG (gmm-align-compiled[5.5.1009~1-e4940]:main():gmm-align-compiled.cc:127) TE0410-TE0412_2-A.289
LOG (gmm-align-compiled[5.5.1009~1-e4940]:main():gmm-align-compiled.cc:127) TE0410-TE0412_2-B.312
LOG (gmm-align-compiled[5.5.1009~1-e4940]:main():gmm-align-compiled.cc:127) TE0410-TE0412_2-B.349
LOG (gmm-align-compiled[5.5.1009~1-e4940]:main():gmm-align-compiled.cc:127) TE0411-TE0412_1-A.024
LOG (gmm-align-compiled[5.5.1009~1-e4940]:main():gmm-align-compiled.cc:127) TE0411-TE0412_1-A.066
LOG (gmm-align-compiled[5.5.1009~1-e4940]:main():gmm-align-compiled.cc:127) TE0411-TE0412_1-A.102
LOG (gmm-align-compiled[5.5.1009~1-e4940]:main():gmm-align-compiled.cc:127) TE0411-TE0412_1-B.118
LOG (gmm-align-compiled[5.5.1009~1-e4940]:main():gmm-align-compiled.cc:127) TE0411-TE0412_1-B.308
LOG (gmm-align-compiled[5.5.1009~1-e4940]:main():gmm-align-compiled.cc:127) TE0411-TE0412_2-B.006
LOG (gmm-align-compiled[5.5.1009~1-e4940]:main():gmm-align-compiled.cc:127) TE0411-TE0412_2-B.014
LOG (gmm-align-compiled[5.5.1009~1-e4940]:main():gmm-align-compiled.cc:127) TE0411-TE0412_2-B.016
LOG (gmm-align-compiled[5.5.1009~1-e4940]:main():gmm-align-compiled.cc:127) TE0411-TE0412_2-B.020
LOG (gmm-align-compiled[5.5.1009~1-e4940]:main():gmm-align-compiled.cc:127) TE0411-TE0412_2-B.060
LOG (gmm-align-compiled[5.5.1009~1-e4940]:main():gmm-align-compiled.cc:127) TE0411-TE0412_2-B.068
LOG (gmm-align-compiled[5.5.1009~1-e4940]:main():gmm-align-compiled.cc:127) TE0411-TE0412_2-B.076
LOG (gmm-align-compiled[5.5.1009~1-e4940]:main():gmm-align-compiled.cc:127) TE0411-TE0412_2-B.084
LOG (gmm-align-compiled[5.5.1009~1-e4940]:main():gmm-align-compiled.cc:127) TE0411-TE0412_2-B.134
LOG (gmm-align-compiled[5.5.1009~1-e4940]:main():gmm-align-compiled.cc:127) TE0411-TE0412_2-B.144
LOG (gmm-align-compiled[5.5.1009~1-e4940]:main():gmm-align-compiled.cc:127) TE0411-TE0412_2-B.205
LOG (gmm-align-compiled[5.5.1009~1-e4940]:main():gmm-align-compiled.cc:127) TE0413-TE0414_1-A.008
LOG (gmm-align-compiled[5.5.1009~1-e4940]:main():gmm-align-compiled.cc:127) TE0413-TE0414_1-B.006
LOG (gmm-align-compiled[5.5.1009~1-e4940]:main():gmm-align-compiled.cc:127) TE0413-TE0414_1-B.315
LOG (gmm-align-compiled[5.5.1009~1-e4940]:main():gmm-align-compiled.cc:127) TE0413-TE0414_2-A.006
LOG (gmm-align-compiled[5.5.1009~1-e4940]:main():gmm-align-compiled.cc:127) TE0413-TE0414_2-A.128
LOG (gmm-align-compiled[5.5.1009~1-e4940]:main():gmm-align-compiled.cc:127) TE0413-TE0414_2-A.226
LOG (gmm-align-compiled[5.5.1009~1-e4940]:main():gmm-align-compiled.cc:127) TE0413-TE0414_2-A.296
LOG (gmm-align-compiled[5.5.1009~1-e4940]:main():gmm-align-compiled.cc:127) TE0413-TE0414_2-B.139
LOG (gmm-align-compiled[5.5.1009~1-e4940]:main():gmm-align-compiled.cc:127) TE0413-TE0414_2-B.291
LOG (gmm-align-compiled[5.5.1009~1-e4940]:main():gmm-align-compiled.cc:127) TE0413-TE0414_2-B.356
LOG (gmm-align-compiled[5.5.1009~1-e4940]:main():gmm-align-compiled.cc:127) TE0413-TE0415_1-A.304
LOG (gmm-align-compiled[5.5.1009~1-e4940]:main():gmm-align-compiled.cc:127) TE0413-TE0415_1-A.385
LOG (gmm-align-compiled[5.5.1009~1-e4940]:main():gmm-align-compiled.cc:127) TE0413-TE0415_1-A.402
LOG (gmm-align-compiled[5.5.1009~1-e4940]:main():gmm-align-compiled.cc:127) TE0413-TE0415_1-B.210
LOG (gmm-align-compiled[5.5.1009~1-e4940]:main():gmm-align-compiled.cc:127) TE0413-TE0415_2-A.006
LOG (gmm-align-compiled[5.5.1009~1-e4940]:main():gmm-align-compiled.cc:127) TE0413-TE0415_2-A.075
LOG (gmm-align-compiled[5.5.1009~1-e4940]:main():gmm-align-compiled.cc:127) TE0413-TE0415_2-A.324
LOG (gmm-align-compiled[5.5.1009~1-e4940]:main():gmm-align-compiled.cc:127) TE0413-TE0415_2-A.343
LOG (gmm-align-compiled[5.5.1009~1-e4940]:main():gmm-align-compiled.cc:127) TE0413-TE0415_2-A.405
LOG (gmm-align-compiled[5.5.1009~1-e4940]:main():gmm-align-compiled.cc:127) TE0413-TE0415_2-A.423
LOG (gmm-align-compiled[5.5.1009~1-e4940]:main():gmm-align-compiled.cc:127) TE0413-TE0415_2-B.005
LOG (gmm-align-compiled[5.5.1009~1-e4940]:main():gmm-align-compiled.cc:127) TE0413-TE0415_2-B.273
LOG (gmm-align-compiled[5.5.1009~1-e4940]:main():gmm-align-compiled.cc:127) TE0413-TE0415_2-B.333
LOG (gmm-align-compiled[5.5.1009~1-e4940]:main():gmm-align-compiled.cc:127) TE0413-TE0415_2-B.389
LOG (gmm-align-compiled[5.5.1009~1-e4940]:main():gmm-align-compiled.cc:127) TE0413-TE0415_2-B.551
LOG (gmm-align-compiled[5.5.1009~1-e4940]:main():gmm-align-compiled.cc:127) TE0413-TE0415_2-B.555
LOG (gmm-align-compiled[5.5.1009~1-e4940]:main():gmm-align-compiled.cc:127) TE0414-TE0416_1-A.008
LOG (gmm-align-compiled[5.5.1009~1-e4940]:main():gmm-align-compiled.cc:127) TE0414-TE0416_1-A.024
LOG (gmm-align-compiled[5.5.1009~1-e4940]:main():gmm-align-compiled.cc:127) TE0414-TE0416_1-A.050
LOG (gmm-align-compiled[5.5.1009~1-e4940]:main():gmm-align-compiled.cc:127) TE0414-TE0416_1-A.120
LOG (gmm-align-compiled[5.5.1009~1-e4940]:main():gmm-align-compiled.cc:127) TE0414-TE0416_1-A.240
LOG (gmm-align-compiled[5.5.1009~1-e4940]:main():gmm-align-compiled.cc:127) TE0414-TE0416_1-A.256
LOG (gmm-align-compiled[5.5.1009~1-e4940]:main():gmm-align-compiled.cc:127) TE0414-TE0416_1-A.329
LOG (gmm-align-compiled[5.5.1009~1-e4940]:main():gmm-align-compiled.cc:127) TE0414-TE0416_1-A.361
LOG (gmm-align-compiled[5.5.1009~1-e4940]:main():gmm-align-compiled.cc:127) TE0414-TE0416_1-A.417
LOG (gmm-align-compiled[5.5.1009~1-e4940]:main():gmm-align-compiled.cc:127) TE0414-TE0416_1-B.065
LOG (gmm-align-compiled[5.5.1009~1-e4940]:main():gmm-align-compiled.cc:127) TE0414-TE0416_1-B.070
LOG (gmm-align-compiled[5.5.1009~1-e4940]:main():gmm-align-compiled.cc:127) TE0414-TE0416_1-B.086
LOG (gmm-align-compiled[5.5.1009~1-e4940]:main():gmm-align-compiled.cc:127) TE0414-TE0416_1-B.162
LOG (gmm-align-compiled[5.5.1009~1-e4940]:main():gmm-align-compiled.cc:127) TE0414-TE0416_1-B.174
LOG (gmm-align-compiled[5.5.1009~1-e4940]:main():gmm-align-compiled.cc:127) TE0414-TE0416_1-B.256
LOG (gmm-align-compiled[5.5.1009~1-e4940]:main():gmm-align-compiled.cc:127) TE0414-TE0416_1-B.278
LOG (gmm-align-compiled[5.5.1009~1-e4940]:main():gmm-align-compiled.cc:127) TE0414-TE0416_1-B.284
LOG (gmm-align-compiled[5.5.1009~1-e4940]:main():gmm-align-compiled.cc:127) TE0414-TE0416_1-B.327
LOG (gmm-align-compiled[5.5.1009~1-e4940]:main():gmm-align-compiled.cc:127) TE0414-TE0416_1-B.351
LOG (gmm-align-compiled[5.5.1009~1-e4940]:main():gmm-align-compiled.cc:127) TE0414-TE0416_2-A.104
LOG (gmm-align-compiled[5.5.1009~1-e4940]:main():gmm-align-compiled.cc:127) TE0414-TE0416_2-A.116
LOG (gmm-align-compiled[5.5.1009~1-e4940]:main():gmm-align-compiled.cc:127) TE0414-TE0416_2-A.263
LOG (gmm-align-compiled[5.5.1009~1-e4940]:main():gmm-align-compiled.cc:127) TE0414-TE0416_2-A.269
LOG (gmm-align-compiled[5.5.1009~1-e4940]:main():gmm-align-compiled.cc:127) TE0414-TE0416_2-A.308
LOG (gmm-align-compiled[5.5.1009~1-e4940]:main():gmm-align-compiled.cc:127) TE0414-TE0416_2-A.395
LOG (gmm-align-compiled[5.5.1009~1-e4940]:main():gmm-align-compiled.cc:127) TE0414-TE0416_2-A.455
LOG (gmm-align-compiled[5.5.1009~1-e4940]:main():gmm-align-compiled.cc:127) TE0414-TE0416_2-B.014
LOG (gmm-align-compiled[5.5.1009~1-e4940]:main():gmm-align-compiled.cc:127) TE0414-TE0416_2-B.049
LOG (gmm-align-compiled[5.5.1009~1-e4940]:main():gmm-align-compiled.cc:127) TE0414-TE0416_2-B.053
LOG (gmm-align-compiled[5.5.1009~1-e4940]:main():gmm-align-compiled.cc:127) TE0414-TE0416_2-B.071
LOG (gmm-align-compiled[5.5.1009~1-e4940]:main():gmm-align-compiled.cc:127) TE0415-TE0416_1-A.036
LOG (gmm-align-compiled[5.5.1009~1-e4940]:main():gmm-align-compiled.cc:127) TE0415-TE0416_1-A.079
LOG (gmm-align-compiled[5.5.1009~1-e4940]:main():gmm-align-compiled.cc:127) TE0415-TE0416_1-A.094
LOG (gmm-align-compiled[5.5.1009~1-e4940]:main():gmm-align-compiled.cc:127) TE0415-TE0416_1-A.096
LOG (gmm-align-compiled[5.5.1009~1-e4940]:main():gmm-align-compiled.cc:127) TE0415-TE0416_1-A.249
LOG (gmm-align-compiled[5.5.1009~1-e4940]:main():gmm-align-compiled.cc:127) TE0415-TE0416_1-A.316
LOG (gmm-align-compiled[5.5.1009~1-e4940]:main():gmm-align-compiled.cc:127) TE0415-TE0416_1-A.368
LOG (gmm-align-compiled[5.5.1009~1-e4940]:main():gmm-align-compiled.cc:127) TE0415-TE0416_1-B.020
LOG (gmm-align-compiled[5.5.1009~1-e4940]:main():gmm-align-compiled.cc:127) TE0415-TE0416_1-B.028
LOG (gmm-align-compiled[5.5.1009~1-e4940]:main():gmm-align-compiled.cc:127) TE0415-TE0416_1-B.076
LOG (gmm-align-compiled[5.5.1009~1-e4940]:main():gmm-align-compiled.cc:127) TE0415-TE0416_1-B.078
LOG (gmm-align-compiled[5.5.1009~1-e4940]:main():gmm-align-compiled.cc:127) TE0415-TE0416_1-B.093
LOG (gmm-align-compiled[5.5.1009~1-e4940]:main():gmm-align-compiled.cc:127) TE0415-TE0416_1-B.137
LOG (gmm-align-compiled[5.5.1009~1-e4940]:main():gmm-align-compiled.cc:127) TE0415-TE0416_1-B.144
LOG (gmm-align-compiled[5.5.1009~1-e4940]:main():gmm-align-compiled.cc:127) TE0415-TE0416_1-B.256
LOG (gmm-align-compiled[5.5.1009~1-e4940]:main():gmm-align-compiled.cc:127) TE0415-TE0416_1-B.269
LOG (gmm-align-compiled[5.5.1009~1-e4940]:main():gmm-align-compiled.cc:127) TE0415-TE0416_2-A.192
LOG (gmm-align-compiled[5.5.1009~1-e4940]:main():gmm-align-compiled.cc:127) TE0415-TE0416_2-A.219
LOG (gmm-align-compiled[5.5.1009~1-e4940]:main():gmm-align-compiled.cc:127) TE0415-TE0416_2-A.242
LOG (gmm-align-compiled[5.5.1009~1-e4940]:main():gmm-align-compiled.cc:127) TE0415-TE0416_2-A.257
LOG (gmm-align-compiled[5.5.1009~1-e4940]:main():gmm-align-compiled.cc:127) TE0415-TE0416_2-A.285
LOG (gmm-align-compiled[5.5.1009~1-e4940]:main():gmm-align-compiled.cc:127) TE0415-TE0416_2-B.114
LOG (gmm-align-compiled[5.5.1009~1-e4940]:main():gmm-align-compiled.cc:127) TE0415-TE0416_2-B.163
LOG (gmm-align-compiled[5.5.1009~1-e4940]:main():gmm-align-compiled.cc:127) TE0415-TE0416_2-B.197
LOG (gmm-align-compiled[5.5.1009~1-e4940]:main():gmm-align-compiled.cc:127) TE0415-TE0416_2-B.205
LOG (gmm-align-compiled[5.5.1009~1-e4940]:main():gmm-align-compiled.cc:127) TE0415-TE0416_2-B.213
LOG (gmm-align-compiled[5.5.1009~1-e4940]:main():gmm-align-compiled.cc:127) TE0415-TE0416_2-B.264
LOG (gmm-align-compiled[5.5.1009~1-e4940]:main():gmm-align-compiled.cc:127) TE0415-TE0416_2-B.409
LOG (gmm-align-compiled[5.5.1009~1-e4940]:main():gmm-align-compiled.cc:127) TE0417-TE0418_1-A.210
LOG (gmm-align-compiled[5.5.1009~1-e4940]:main():gmm-align-compiled.cc:127) TE0417-TE0418_1-A.234
LOG (gmm-align-compiled[5.5.1009~1-e4940]:main():gmm-align-compiled.cc:127) TE0417-TE0418_1-A.316
LOG (gmm-align-compiled[5.5.1009~1-e4940]:main():gmm-align-compiled.cc:127) TE0417-TE0418_1-B.091
LOG (gmm-align-compiled[5.5.1009~1-e4940]:main():gmm-align-compiled.cc:127) TE0417-TE0418_1-B.147
LOG (gmm-align-compiled[5.5.1009~1-e4940]:main():gmm-align-compiled.cc:127) TE0417-TE0418_1-B.205
LOG (gmm-align-compiled[5.5.1009~1-e4940]:main():gmm-align-compiled.cc:127) TE0417-TE0418_1-B.281
LOG (gmm-align-compiled[5.5.1009~1-e4940]:main():gmm-align-compiled.cc:127) TE0417-TE0418_2-A.103
LOG (gmm-align-compiled[5.5.1009~1-e4940]:main():gmm-align-compiled.cc:127) TE0417-TE0418_2-A.171
LOG (gmm-align-compiled[5.5.1009~1-e4940]:main():gmm-align-compiled.cc:127) TE0417-TE0418_2-A.215
LOG (gmm-align-compiled[5.5.1009~1-e4940]:main():gmm-align-compiled.cc:127) TE0417-TE0418_2-B.161
LOG (gmm-align-compiled[5.5.1009~1-e4940]:main():gmm-align-compiled.cc:127) TE0417-TE0418_2-B.226
LOG (gmm-align-compiled[5.5.1009~1-e4940]:main():gmm-align-compiled.cc:127) TE0417-TE0418_2-B.319
LOG (gmm-align-compiled[5.5.1009~1-e4940]:main():gmm-align-compiled.cc:127) TE0417-TE0418_2-B.344
LOG (gmm-align-compiled[5.5.1009~1-e4940]:main():gmm-align-compiled.cc:127) TE0417-TE0418_2-B.418
LOG (gmm-align-compiled[5.5.1009~1-e4940]:main():gmm-align-compiled.cc:127) TE0417-TE0419_2-A.319
LOG (gmm-align-compiled[5.5.1009~1-e4940]:main():gmm-align-compiled.cc:127) TE0418-TE0420_1-A.004
LOG (gmm-align-compiled[5.5.1009~1-e4940]:main():gmm-align-compiled.cc:127) TE0418-TE0420_1-A.282
LOG (gmm-align-compiled[5.5.1009~1-e4940]:main():gmm-align-compiled.cc:127) TE0418-TE0420_1-A.292
LOG (gmm-align-compiled[5.5.1009~1-e4940]:main():gmm-align-compiled.cc:127) TE0418-TE0420_1-A.350
LOG (gmm-align-compiled[5.5.1009~1-e4940]:main():gmm-align-compiled.cc:127) TE0418-TE0420_1-B.027
LOG (gmm-align-compiled[5.5.1009~1-e4940]:main():gmm-align-compiled.cc:127) TE0418-TE0420_2-B.083
LOG (gmm-align-compiled[5.5.1009~1-e4940]:main():gmm-align-compiled.cc:127) TE0419-TE0420_1-B.134
LOG (gmm-align-compiled[5.5.1009~1-e4940]:main():gmm-align-compiled.cc:127) TE0421-TE0422_1-A.229
LOG (gmm-align-compiled[5.5.1009~1-e4940]:main():gmm-align-compiled.cc:127) TE0421-TE0422_1-A.294
LOG (gmm-align-compiled[5.5.1009~1-e4940]:main():gmm-align-compiled.cc:127) TE0421-TE0422_1-A.310
LOG (gmm-align-compiled[5.5.1009~1-e4940]:main():gmm-align-compiled.cc:127) TE0421-TE0422_1-A.351
LOG (gmm-align-compiled[5.5.1009~1-e4940]:main():gmm-align-compiled.cc:127) TE0421-TE0422_1-A.379
LOG (gmm-align-compiled[5.5.1009~1-e4940]:main():gmm-align-compiled.cc:127) TE0421-TE0422_1-A.419
LOG (gmm-align-compiled[5.5.1009~1-e4940]:main():gmm-align-compiled.cc:127) TE0421-TE0422_1-A.472
LOG (gmm-align-compiled[5.5.1009~1-e4940]:main():gmm-align-compiled.cc:127) TE0421-TE0422_1-A.557
LOG (gmm-align-compiled[5.5.1009~1-e4940]:main():gmm-align-compiled.cc:127) TE0421-TE0422_1-A.580
LOG (gmm-align-compiled[5.5.1009~1-e4940]:main():gmm-align-compiled.cc:127) TE0421-TE0422_1-A.592
LOG (gmm-align-compiled[5.5.1009~1-e4940]:main():gmm-align-compiled.cc:127) TE0421-TE0422_1-B.016
LOG (gmm-align-compiled[5.5.1009~1-e4940]:main():gmm-align-compiled.cc:127) TE0421-TE0422_2-A.046
LOG (gmm-align-compiled[5.5.1009~1-e4940]:main():gmm-align-compiled.cc:127) TE0421-TE0422_2-A.094
LOG (gmm-align-compiled[5.5.1009~1-e4940]:main():gmm-align-compiled.cc:127) TE0421-TE0422_2-A.155
LOG (gmm-align-compiled[5.5.1009~1-e4940]:main():gmm-align-compiled.cc:127) TE0421-TE0422_2-B.243
LOG (gmm-align-compiled[5.5.1009~1-e4940]:main():gmm-align-compiled.cc:127) TE0421-TE0422_2-B.339
LOG (gmm-align-compiled[5.5.1009~1-e4940]:main():gmm-align-compiled.cc:127) TE0421-TE0422_2-B.350
LOG (gmm-align-compiled[5.5.1009~1-e4940]:main():gmm-align-compiled.cc:127) TE0421-TE0423_1-A.114
LOG (gmm-align-compiled[5.5.1009~1-e4940]:main():gmm-align-compiled.cc:127) TE0421-TE0423_1-A.205
LOG (gmm-align-compiled[5.5.1009~1-e4940]:main():gmm-align-compiled.cc:127) TE0421-TE0423_1-A.495
LOG (gmm-align-compiled[5.5.1009~1-e4940]:main():gmm-align-compiled.cc:127) TE0421-TE0423_1-A.575
LOG (gmm-align-compiled[5.5.1009~1-e4940]:main():gmm-align-compiled.cc:127) TE0421-TE0423_1-A.596
LOG (gmm-align-compiled[5.5.1009~1-e4940]:main():gmm-align-compiled.cc:127) TE0421-TE0423_1-A.662
LOG (gmm-align-compiled[5.5.1009~1-e4940]:main():gmm-align-compiled.cc:127) TE0421-TE0423_1-A.668
LOG (gmm-align-compiled[5.5.1009~1-e4940]:main():gmm-align-compiled.cc:127) TE0421-TE0423_1-B.077
LOG (gmm-align-compiled[5.5.1009~1-e4940]:main():gmm-align-compiled.cc:127) TE0421-TE0423_1-B.209
LOG (gmm-align-compiled[5.5.1009~1-e4940]:main():gmm-align-compiled.cc:127) TE0421-TE0423_2-A.008
LOG (gmm-align-compiled[5.5.1009~1-e4940]:main():gmm-align-compiled.cc:127) TE0421-TE0423_2-A.087
LOG (gmm-align-compiled[5.5.1009~1-e4940]:main():gmm-align-compiled.cc:127) TE0421-TE0423_2-A.146
LOG (gmm-align-compiled[5.5.1009~1-e4940]:main():gmm-align-compiled.cc:127) TE0421-TE0423_2-A.212
LOG (gmm-align-compiled[5.5.1009~1-e4940]:main():gmm-align-compiled.cc:127) TE0421-TE0423_2-A.376
LOG (gmm-align-compiled[5.5.1009~1-e4940]:main():gmm-align-compiled.cc:127) TE0421-TE0423_2-B.150
LOG (gmm-align-compiled[5.5.1009~1-e4940]:main():gmm-align-compiled.cc:127) TE0421-TE0423_2-B.297
LOG (gmm-align-compiled[5.5.1009~1-e4940]:main():gmm-align-compiled.cc:127) TE0422-TE0424_1-A.012
LOG (gmm-align-compiled[5.5.1009~1-e4940]:main():gmm-align-compiled.cc:127) TE0422-TE0424_1-A.220
LOG (gmm-align-compiled[5.5.1009~1-e4940]:main():gmm-align-compiled.cc:127) TE0422-TE0424_1-A.293
LOG (gmm-align-compiled[5.5.1009~1-e4940]:main():gmm-align-compiled.cc:127) TE0422-TE0424_1-A.357
LOG (gmm-align-compiled[5.5.1009~1-e4940]:main():gmm-align-compiled.cc:127) TE0422-TE0424_1-B.018
LOG (gmm-align-compiled[5.5.1009~1-e4940]:main():gmm-align-compiled.cc:127) TE0422-TE0424_1-B.040
LOG (gmm-align-compiled[5.5.1009~1-e4940]:main():gmm-align-compiled.cc:127) TE0422-TE0424_1-B.198
LOG (gmm-align-compiled[5.5.1009~1-e4940]:main():gmm-align-compiled.cc:127) TE0422-TE0424_2-A.036
LOG (gmm-align-compiled[5.5.1009~1-e4940]:main():gmm-align-compiled.cc:127) TE0422-TE0424_2-A.203
LOG (gmm-align-compiled[5.5.1009~1-e4940]:main():gmm-align-compiled.cc:127) TE0422-TE0424_2-B.045
LOG (gmm-align-compiled[5.5.1009~1-e4940]:main():gmm-align-compiled.cc:127) TE0422-TE0424_2-B.081
LOG (gmm-align-compiled[5.5.1009~1-e4940]:main():gmm-align-compiled.cc:127) TE0422-TE0424_2-B.235
LOG (gmm-align-compiled[5.5.1009~1-e4940]:main():gmm-align-compiled.cc:127) TE0422-TE0424_2-B.251
LOG (gmm-align-compiled[5.5.1009~1-e4940]:main():gmm-align-compiled.cc:127) TE0422-TE0424_2-B.286
LOG (gmm-align-compiled[5.5.1009~1-e4940]:main():gmm-align-compiled.cc:127) TE0423-TE0424_1-A.107
LOG (gmm-align-compiled[5.5.1009~1-e4940]:main():gmm-align-compiled.cc:127) TE0423-TE0424_1-A.172
LOG (gmm-align-compiled[5.5.1009~1-e4940]:main():gmm-align-compiled.cc:127) TE0423-TE0424_1-A.310
LOG (gmm-align-compiled[5.5.1009~1-e4940]:main():gmm-align-compiled.cc:127) TE0423-TE0424_1-A.322
LOG (gmm-align-compiled[5.5.1009~1-e4940]:main():gmm-align-compiled.cc:127) TE0423-TE0424_1-A.370
LOG (gmm-align-compiled[5.5.1009~1-e4940]:main():gmm-align-compiled.cc:127) TE0423-TE0424_1-B.084
LOG (gmm-align-compiled[5.5.1009~1-e4940]:main():gmm-align-compiled.cc:127) TE0423-TE0424_1-B.092
LOG (gmm-align-compiled[5.5.1009~1-e4940]:main():gmm-align-compiled.cc:127) TE0423-TE0424_1-B.094
LOG (gmm-align-compiled[5.5.1009~1-e4940]:main():gmm-align-compiled.cc:127) TE0423-TE0424_1-B.100
LOG (gmm-align-compiled[5.5.1009~1-e4940]:main():gmm-align-compiled.cc:127) TE0423-TE0424_1-B.118
LOG (gmm-align-compiled[5.5.1009~1-e4940]:main():gmm-align-compiled.cc:127) TE0423-TE0424_1-B.155
LOG (gmm-align-compiled[5.5.1009~1-e4940]:main():gmm-align-compiled.cc:127) TE0423-TE0424_1-B.305
LOG (gmm-align-compiled[5.5.1009~1-e4940]:main():gmm-align-compiled.cc:127) TE0423-TE0424_1-B.334
LOG (apply-cmvn[5.5.1009~1-e4940]:main():apply-cmvn.cc:162) Applied cepstral mean normalization to 241 utterances, errors on 0
LOG (gmm-align-compiled[5.5.1009~1-e4940]:main():gmm-align-compiled.cc:127) TE0423-TE0424_1-B.350
LOG (gmm-align-compiled[5.5.1009~1-e4940]:main():gmm-align-compiled.cc:127) TE0423-TE0424_1-B.356
LOG (gmm-align-compiled[5.5.1009~1-e4940]:main():gmm-align-compiled.cc:127) TE0423-TE0424_1-B.391
LOG (gmm-align-compiled[5.5.1009~1-e4940]:main():gmm-align-compiled.cc:127) TE0423-TE0424_1-B.436
LOG (gmm-align-compiled[5.5.1009~1-e4940]:main():gmm-align-compiled.cc:127) TE0423-TE0424_2-B.057
LOG (gmm-align-compiled[5.5.1009~1-e4940]:main():gmm-align-compiled.cc:127) TE0423-TE0424_2-B.101
LOG (gmm-align-compiled[5.5.1009~1-e4940]:main():gmm-align-compiled.cc:127) TE0423-TE0424_2-B.183
LOG (gmm-align-compiled[5.5.1009~1-e4940]:main():gmm-align-compiled.cc:127) TE0423-TE0424_2-B.195
LOG (gmm-align-compiled[5.5.1009~1-e4940]:main():gmm-align-compiled.cc:127) TE0423-TE0424_2-B.271
LOG (gmm-align-compiled[5.5.1009~1-e4940]:main():gmm-align-compiled.cc:127) TE0423-TE0424_2-B.286
LOG (gmm-align-compiled[5.5.1009~1-e4940]:main():gmm-align-compiled.cc:127) TE0423-TE0424_2-B.324
LOG (gmm-align-compiled[5.5.1009~1-e4940]:main():gmm-align-compiled.cc:127) TE0425-TE0426_1-A.255
LOG (gmm-align-compiled[5.5.1009~1-e4940]:main():gmm-align-compiled.cc:127) TE0425-TE0426_1-A.301
LOG (gmm-align-compiled[5.5.1009~1-e4940]:main():gmm-align-compiled.cc:127) TE0425-TE0426_1-A.305
LOG (gmm-align-compiled[5.5.1009~1-e4940]:main():gmm-align-compiled.cc:127) TE0425-TE0426_1-A.319
LOG (gmm-align-compiled[5.5.1009~1-e4940]:main():gmm-align-compiled.cc:127) TE0425-TE0426_1-B.117
LOG (gmm-align-compiled[5.5.1009~1-e4940]:main():gmm-align-compiled.cc:127) TE0425-TE0426_2-A.024
LOG (gmm-align-compiled[5.5.1009~1-e4940]:main():gmm-align-compiled.cc:127) TE0425-TE0426_2-A.068
LOG (gmm-align-compiled[5.5.1009~1-e4940]:main():gmm-align-compiled.cc:127) TE0425-TE0426_2-B.142
LOG (gmm-align-compiled[5.5.1009~1-e4940]:main():gmm-align-compiled.cc:127) TE0425-TE0426_2-B.312
LOG (gmm-align-compiled[5.5.1009~1-e4940]:main():gmm-align-compiled.cc:127) TE0425-TE0427_1-A.098
LOG (gmm-align-compiled[5.5.1009~1-e4940]:main():gmm-align-compiled.cc:127) TE0425-TE0427_1-A.136
LOG (gmm-align-compiled[5.5.1009~1-e4940]:main():gmm-align-compiled.cc:135) Overall log-likelihood per frame is -96.4128 over 20052 frames.
LOG (gmm-align-compiled[5.5.1009~1-e4940]:main():gmm-align-compiled.cc:137) Retried 0 out of 241 utterances.
LOG (gmm-align-compiled[5.5.1009~1-e4940]:main():gmm-align-compiled.cc:139) Done 241, errors on 0
# Accounting: time=1 threads=1
# Ended (code 0) at Mon Jun 13 17:57:16 UTC 2022, elapsed time 1 seconds
