# gmm-acc-stats-ali telugu_exp/tri3_cleaned/10.mdl "ark,s,cs:apply-cmvn  --utt2spk=ark:telugu_data/train_cleaned/split100/84/utt2spk scp:telugu_data/train_cleaned/split100/84/cmvn.scp scp:telugu_data/train_cleaned/split100/84/feats.scp ark:- | splice-feats  ark:- ark:- | transform-feats telugu_exp/tri3_ali_cleaned/final.mat ark:- ark:- | transform-feats --utt2spk=ark:telugu_data/train_cleaned/split100/84/utt2spk ark:telugu_exp/tri3_cleaned/trans.84 ark:- ark:- |" "ark,s,cs:gunzip -c telugu_exp/tri3_cleaned/ali.84.gz|" telugu_exp/tri3_cleaned/10.84.acc 
# Started at Tue Jun 14 10:54:04 UTC 2022
#
gmm-acc-stats-ali telugu_exp/tri3_cleaned/10.mdl 'ark,s,cs:apply-cmvn  --utt2spk=ark:telugu_data/train_cleaned/split100/84/utt2spk scp:telugu_data/train_cleaned/split100/84/cmvn.scp scp:telugu_data/train_cleaned/split100/84/feats.scp ark:- | splice-feats  ark:- ark:- | transform-feats telugu_exp/tri3_ali_cleaned/final.mat ark:- ark:- | transform-feats --utt2spk=ark:telugu_data/train_cleaned/split100/84/utt2spk ark:telugu_exp/tri3_cleaned/trans.84 ark:- ark:- |' 'ark,s,cs:gunzip -c telugu_exp/tri3_cleaned/ali.84.gz|' telugu_exp/tri3_cleaned/10.84.acc 
transform-feats --utt2spk=ark:telugu_data/train_cleaned/split100/84/utt2spk ark:telugu_exp/tri3_cleaned/trans.84 ark:- ark:- 
apply-cmvn --utt2spk=ark:telugu_data/train_cleaned/split100/84/utt2spk scp:telugu_data/train_cleaned/split100/84/cmvn.scp scp:telugu_data/train_cleaned/split100/84/feats.scp ark:- 
transform-feats telugu_exp/tri3_ali_cleaned/final.mat ark:- ark:- 
splice-feats ark:- ark:- 
LOG (gmm-acc-stats-ali[5.5.1009~1-e4940]:main():gmm-acc-stats-ali.cc:105) Processed 50 utterances; for utterance TE0798-TE0800_1-B.142-1 avg. like is -48.1648 over 279 frames.
LOG (gmm-acc-stats-ali[5.5.1009~1-e4940]:main():gmm-acc-stats-ali.cc:105) Processed 100 utterances; for utterance TE0799-TE0800_1-B.250-1 avg. like is -42.633 over 107 frames.
LOG (gmm-acc-stats-ali[5.5.1009~1-e4940]:main():gmm-acc-stats-ali.cc:105) Processed 150 utterances; for utterance TE1997-TE1998_1-A.063-1 avg. like is -47.673 over 141 frames.
LOG (gmm-acc-stats-ali[5.5.1009~1-e4940]:main():gmm-acc-stats-ali.cc:105) Processed 200 utterances; for utterance TE1997-TE1999_1-A.004-1 avg. like is -47.0247 over 96 frames.
LOG (gmm-acc-stats-ali[5.5.1009~1-e4940]:main():gmm-acc-stats-ali.cc:105) Processed 250 utterances; for utterance TE1997-TE1999_2-A.122-1 avg. like is -46.4629 over 76 frames.
LOG (gmm-acc-stats-ali[5.5.1009~1-e4940]:main():gmm-acc-stats-ali.cc:105) Processed 300 utterances; for utterance TE1998-TE2000_1-B.209-1 avg. like is -43.9169 over 89 frames.
LOG (gmm-acc-stats-ali[5.5.1009~1-e4940]:main():gmm-acc-stats-ali.cc:105) Processed 350 utterances; for utterance TE1999-TE2000_1-A.378-1 avg. like is -48.7663 over 129 frames.
WARNING (gmm-acc-stats-ali[5.5.1009~1-e4940]:main():gmm-acc-stats-ali.cc:79) No alignment for utterance TE1999-TE2000_1-A.401-1
LOG (gmm-acc-stats-ali[5.5.1009~1-e4940]:main():gmm-acc-stats-ali.cc:105) Processed 400 utterances; for utterance TE2001-TE2002_1-A.073-1 avg. like is -37.13 over 62 frames.
LOG (apply-cmvn[5.5.1009~1-e4940]:main():apply-cmvn.cc:162) Applied cepstral mean normalization to 459 utterances, errors on 0
LOG (gmm-acc-stats-ali[5.5.1009~1-e4940]:main():gmm-acc-stats-ali.cc:105) Processed 450 utterances; for utterance TE2001-TE2002_1-B.073-1 avg. like is -47.762 over 177 frames.
LOG (transform-feats[5.5.1009~1-e4940]:main():transform-feats.cc:158) Overall average [pseudo-]logdet is -98.9864 over 79203 frames.
LOG (transform-feats[5.5.1009~1-e4940]:main():transform-feats.cc:161) Applied transform to 459 utterances; 0 had errors.
LOG (transform-feats[5.5.1009~1-e4940]:main():transform-feats.cc:158) Overall average logdet is 0.254623 over 79203 frames.
LOG (transform-feats[5.5.1009~1-e4940]:main():transform-feats.cc:161) Applied transform to 459 utterances; 0 had errors.
LOG (gmm-acc-stats-ali[5.5.1009~1-e4940]:main():gmm-acc-stats-ali.cc:112) Done 458 files, 1 with errors.
LOG (gmm-acc-stats-ali[5.5.1009~1-e4940]:main():gmm-acc-stats-ali.cc:115) Overall avg like per frame (Gaussian only) = -48.0257 over 79091 frames.
LOG (gmm-acc-stats-ali[5.5.1009~1-e4940]:main():gmm-acc-stats-ali.cc:123) Written accs.
# Accounting: time=1 threads=1
# Ended (code 0) at Tue Jun 14 10:54:05 UTC 2022, elapsed time 1 seconds
