# gmm-acc-stats-ali telugu_exp/tri3_cleaned/1.mdl "ark,s,cs:apply-cmvn  --utt2spk=ark:telugu_data/train_cleaned/split100/63/utt2spk scp:telugu_data/train_cleaned/split100/63/cmvn.scp scp:telugu_data/train_cleaned/split100/63/feats.scp ark:- | splice-feats  ark:- ark:- | transform-feats telugu_exp/tri3_ali_cleaned/final.mat ark:- ark:- | transform-feats --utt2spk=ark:telugu_data/train_cleaned/split100/63/utt2spk ark,s,cs:telugu_exp/tri3_ali_cleaned/trans.63 ark:- ark:- |" "ark,s,cs:gunzip -c telugu_exp/tri3_cleaned/ali.63.gz|" telugu_exp/tri3_cleaned/1.63.acc 
# Started at Tue Jun 14 10:49:01 UTC 2022
#
gmm-acc-stats-ali telugu_exp/tri3_cleaned/1.mdl 'ark,s,cs:apply-cmvn  --utt2spk=ark:telugu_data/train_cleaned/split100/63/utt2spk scp:telugu_data/train_cleaned/split100/63/cmvn.scp scp:telugu_data/train_cleaned/split100/63/feats.scp ark:- | splice-feats  ark:- ark:- | transform-feats telugu_exp/tri3_ali_cleaned/final.mat ark:- ark:- | transform-feats --utt2spk=ark:telugu_data/train_cleaned/split100/63/utt2spk ark,s,cs:telugu_exp/tri3_ali_cleaned/trans.63 ark:- ark:- |' 'ark,s,cs:gunzip -c telugu_exp/tri3_cleaned/ali.63.gz|' telugu_exp/tri3_cleaned/1.63.acc 
splice-feats ark:- ark:- 
transform-feats --utt2spk=ark:telugu_data/train_cleaned/split100/63/utt2spk ark,s,cs:telugu_exp/tri3_ali_cleaned/trans.63 ark:- ark:- 
apply-cmvn --utt2spk=ark:telugu_data/train_cleaned/split100/63/utt2spk scp:telugu_data/train_cleaned/split100/63/cmvn.scp scp:telugu_data/train_cleaned/split100/63/feats.scp ark:- 
transform-feats telugu_exp/tri3_ali_cleaned/final.mat ark:- ark:- 
LOG (gmm-acc-stats-ali[5.5.1009~1-e4940]:main():gmm-acc-stats-ali.cc:105) Processed 50 utterances; for utterance TE0595-TE0596_1-A.185-1 avg. like is -52.2062 over 306 frames.
WARNING (gmm-acc-stats-ali[5.5.1009~1-e4940]:main():gmm-acc-stats-ali.cc:79) No alignment for utterance TE0601-TE0602_1-A.098-1
WARNING (gmm-acc-stats-ali[5.5.1009~1-e4940]:main():gmm-acc-stats-ali.cc:79) No alignment for utterance TE0601-TE0602_1-A.250-1
LOG (gmm-acc-stats-ali[5.5.1009~1-e4940]:main():gmm-acc-stats-ali.cc:105) Processed 100 utterances; for utterance TE0601-TE0602_1-B.243-1 avg. like is -54.8402 over 178 frames.
LOG (gmm-acc-stats-ali[5.5.1009~1-e4940]:main():gmm-acc-stats-ali.cc:105) Processed 150 utterances; for utterance TE0601-TE0602_2-B.262-1 avg. like is -50.3561 over 199 frames.
WARNING (gmm-acc-stats-ali[5.5.1009~1-e4940]:main():gmm-acc-stats-ali.cc:79) No alignment for utterance TE0601-TE0602_2-B.372-1
WARNING (gmm-acc-stats-ali[5.5.1009~1-e4940]:main():gmm-acc-stats-ali.cc:79) No alignment for utterance TE0601-TE0602_2-B.372-2
WARNING (gmm-acc-stats-ali[5.5.1009~1-e4940]:main():gmm-acc-stats-ali.cc:79) No alignment for utterance TE0601-TE0603_1-A.201-1
WARNING (gmm-acc-stats-ali[5.5.1009~1-e4940]:main():gmm-acc-stats-ali.cc:79) No alignment for utterance TE0601-TE0603_1-A.201-2
WARNING (gmm-acc-stats-ali[5.5.1009~1-e4940]:main():gmm-acc-stats-ali.cc:79) No alignment for utterance TE0601-TE0603_2-A.039-1
LOG (gmm-acc-stats-ali[5.5.1009~1-e4940]:main():gmm-acc-stats-ali.cc:105) Processed 200 utterances; for utterance TE0601-TE0603_2-A.090-1 avg. like is -51.4356 over 252 frames.
LOG (gmm-acc-stats-ali[5.5.1009~1-e4940]:main():gmm-acc-stats-ali.cc:105) Processed 250 utterances; for utterance TE0603-TE0604_1-B.072-1 avg. like is -48.2196 over 98 frames.
LOG (gmm-acc-stats-ali[5.5.1009~1-e4940]:main():gmm-acc-stats-ali.cc:105) Processed 300 utterances; for utterance TE0605-TE0606_1-B.105-1 avg. like is -46.4145 over 116 frames.
LOG (gmm-acc-stats-ali[5.5.1009~1-e4940]:main():gmm-acc-stats-ali.cc:105) Processed 350 utterances; for utterance TE0605-TE0606_2-B.140-1 avg. like is -49.5819 over 98 frames.
LOG (gmm-acc-stats-ali[5.5.1009~1-e4940]:main():gmm-acc-stats-ali.cc:105) Processed 400 utterances; for utterance TE0605-TE0607_1-A.228-1 avg. like is -51.9214 over 524 frames.
LOG (apply-cmvn[5.5.1009~1-e4940]:main():apply-cmvn.cc:162) Applied cepstral mean normalization to 438 utterances, errors on 0
LOG (transform-feats[5.5.1009~1-e4940]:main():transform-feats.cc:158) Overall average [pseudo-]logdet is -98.9864 over 77885 frames.
LOG (transform-feats[5.5.1009~1-e4940]:main():transform-feats.cc:161) Applied transform to 438 utterances; 0 had errors.
LOG (transform-feats[5.5.1009~1-e4940]:main():transform-feats.cc:158) Overall average logdet is 0.316187 over 77885 frames.
LOG (transform-feats[5.5.1009~1-e4940]:main():transform-feats.cc:161) Applied transform to 438 utterances; 0 had errors.
LOG (gmm-acc-stats-ali[5.5.1009~1-e4940]:main():gmm-acc-stats-ali.cc:112) Done 431 files, 7 with errors.
LOG (gmm-acc-stats-ali[5.5.1009~1-e4940]:main():gmm-acc-stats-ali.cc:115) Overall avg like per frame (Gaussian only) = -52.0449 over 76490 frames.
LOG (gmm-acc-stats-ali[5.5.1009~1-e4940]:main():gmm-acc-stats-ali.cc:123) Written accs.
# Accounting: time=0 threads=1
# Ended (code 0) at Tue Jun 14 10:49:01 UTC 2022, elapsed time 0 seconds
