# gmm-acc-stats-ali telugu_exp/tri3_cleaned/11.mdl "ark,s,cs:apply-cmvn  --utt2spk=ark:telugu_data/train_cleaned/split100/38/utt2spk scp:telugu_data/train_cleaned/split100/38/cmvn.scp scp:telugu_data/train_cleaned/split100/38/feats.scp ark:- | splice-feats  ark:- ark:- | transform-feats telugu_exp/tri3_ali_cleaned/final.mat ark:- ark:- | transform-feats --utt2spk=ark:telugu_data/train_cleaned/split100/38/utt2spk ark:telugu_exp/tri3_cleaned/trans.38 ark:- ark:- |" "ark,s,cs:gunzip -c telugu_exp/tri3_cleaned/ali.38.gz|" telugu_exp/tri3_cleaned/11.38.acc 
# Started at Tue Jun 14 10:54:17 UTC 2022
#
gmm-acc-stats-ali telugu_exp/tri3_cleaned/11.mdl 'ark,s,cs:apply-cmvn  --utt2spk=ark:telugu_data/train_cleaned/split100/38/utt2spk scp:telugu_data/train_cleaned/split100/38/cmvn.scp scp:telugu_data/train_cleaned/split100/38/feats.scp ark:- | splice-feats  ark:- ark:- | transform-feats telugu_exp/tri3_ali_cleaned/final.mat ark:- ark:- | transform-feats --utt2spk=ark:telugu_data/train_cleaned/split100/38/utt2spk ark:telugu_exp/tri3_cleaned/trans.38 ark:- ark:- |' 'ark,s,cs:gunzip -c telugu_exp/tri3_cleaned/ali.38.gz|' telugu_exp/tri3_cleaned/11.38.acc 
transform-feats telugu_exp/tri3_ali_cleaned/final.mat ark:- ark:- 
splice-feats ark:- ark:- 
transform-feats --utt2spk=ark:telugu_data/train_cleaned/split100/38/utt2spk ark:telugu_exp/tri3_cleaned/trans.38 ark:- ark:- 
apply-cmvn --utt2spk=ark:telugu_data/train_cleaned/split100/38/utt2spk scp:telugu_data/train_cleaned/split100/38/cmvn.scp scp:telugu_data/train_cleaned/split100/38/feats.scp ark:- 
LOG (gmm-acc-stats-ali[5.5.1009~1-e4940]:main():gmm-acc-stats-ali.cc:105) Processed 50 utterances; for utterance TE0389-TE0391_2-B.153-1 avg. like is -49.8017 over 299 frames.
LOG (gmm-acc-stats-ali[5.5.1009~1-e4940]:main():gmm-acc-stats-ali.cc:105) Processed 100 utterances; for utterance TE0390-TE0392_1-B.122-1 avg. like is -42.8953 over 81 frames.
LOG (gmm-acc-stats-ali[5.5.1009~1-e4940]:main():gmm-acc-stats-ali.cc:105) Processed 150 utterances; for utterance TE0390-TE0392_2-B.393-1 avg. like is -48.2004 over 102 frames.
LOG (gmm-acc-stats-ali[5.5.1009~1-e4940]:main():gmm-acc-stats-ali.cc:105) Processed 200 utterances; for utterance TE0391-TE0392_1-A.511-1 avg. like is -43.1252 over 134 frames.
LOG (gmm-acc-stats-ali[5.5.1009~1-e4940]:main():gmm-acc-stats-ali.cc:105) Processed 250 utterances; for utterance TE0391-TE0392_2-A.296-1 avg. like is -36.7598 over 92 frames.
WARNING (gmm-acc-stats-ali[5.5.1009~1-e4940]:main():gmm-acc-stats-ali.cc:79) No alignment for utterance TE0391-TE0392_2-B.318-1
LOG (gmm-acc-stats-ali[5.5.1009~1-e4940]:main():gmm-acc-stats-ali.cc:105) Processed 300 utterances; for utterance TE0391-TE0392_2-B.438-1 avg. like is -43.9725 over 78 frames.
LOG (gmm-acc-stats-ali[5.5.1009~1-e4940]:main():gmm-acc-stats-ali.cc:105) Processed 350 utterances; for utterance TE0405-TE0406_1-B.509-1 avg. like is -36.3971 over 58 frames.
LOG (gmm-acc-stats-ali[5.5.1009~1-e4940]:main():gmm-acc-stats-ali.cc:105) Processed 400 utterances; for utterance TE0405-TE0407_1-B.032-1 avg. like is -50.4676 over 283 frames.
LOG (apply-cmvn[5.5.1009~1-e4940]:main():apply-cmvn.cc:162) Applied cepstral mean normalization to 414 utterances, errors on 0
LOG (transform-feats[5.5.1009~1-e4940]:main():transform-feats.cc:158) Overall average [pseudo-]logdet is -98.9864 over 60260 frames.
LOG (transform-feats[5.5.1009~1-e4940]:main():transform-feats.cc:161) Applied transform to 414 utterances; 0 had errors.
LOG (transform-feats[5.5.1009~1-e4940]:main():transform-feats.cc:158) Overall average logdet is 0.600061 over 60260 frames.
LOG (transform-feats[5.5.1009~1-e4940]:main():transform-feats.cc:161) Applied transform to 414 utterances; 0 had errors.
LOG (gmm-acc-stats-ali[5.5.1009~1-e4940]:main():gmm-acc-stats-ali.cc:112) Done 413 files, 1 with errors.
LOG (gmm-acc-stats-ali[5.5.1009~1-e4940]:main():gmm-acc-stats-ali.cc:115) Overall avg like per frame (Gaussian only) = -46.0575 over 60104 frames.
LOG (gmm-acc-stats-ali[5.5.1009~1-e4940]:main():gmm-acc-stats-ali.cc:123) Written accs.
# Accounting: time=0 threads=1
# Ended (code 0) at Tue Jun 14 10:54:17 UTC 2022, elapsed time 0 seconds
