# ali-to-post "ark:gunzip -c telugu_exp/tri3_cleaned/ali.75.gz|" ark:- | gmm-acc-stats-twofeats telugu_exp/tri3_cleaned/35.mdl "ark,s,cs:apply-cmvn  --utt2spk=ark:telugu_data/train_cleaned/split100/75/utt2spk scp:telugu_data/train_cleaned/split100/75/cmvn.scp scp:telugu_data/train_cleaned/split100/75/feats.scp ark:- | splice-feats  ark:- ark:- | transform-feats telugu_exp/tri3_ali_cleaned/final.mat ark:- ark:- | transform-feats --utt2spk=ark:telugu_data/train_cleaned/split100/75/utt2spk ark:telugu_exp/tri3_cleaned/trans.75 ark:- ark:- |" "ark,s,cs:apply-cmvn  --utt2spk=ark:telugu_data/train_cleaned/split100/75/utt2spk scp:telugu_data/train_cleaned/split100/75/cmvn.scp scp:telugu_data/train_cleaned/split100/75/feats.scp ark:- | splice-feats  ark:- ark:- | transform-feats telugu_exp/tri3_ali_cleaned/final.mat ark:- ark:- |" ark,s,cs:- telugu_exp/tri3_cleaned/35.75.acc 
# Started at Tue Jun 14 11:04:42 UTC 2022
#
ali-to-post 'ark:gunzip -c telugu_exp/tri3_cleaned/ali.75.gz|' ark:- 
gmm-acc-stats-twofeats telugu_exp/tri3_cleaned/35.mdl 'ark,s,cs:apply-cmvn  --utt2spk=ark:telugu_data/train_cleaned/split100/75/utt2spk scp:telugu_data/train_cleaned/split100/75/cmvn.scp scp:telugu_data/train_cleaned/split100/75/feats.scp ark:- | splice-feats  ark:- ark:- | transform-feats telugu_exp/tri3_ali_cleaned/final.mat ark:- ark:- | transform-feats --utt2spk=ark:telugu_data/train_cleaned/split100/75/utt2spk ark:telugu_exp/tri3_cleaned/trans.75 ark:- ark:- |' 'ark,s,cs:apply-cmvn  --utt2spk=ark:telugu_data/train_cleaned/split100/75/utt2spk scp:telugu_data/train_cleaned/split100/75/cmvn.scp scp:telugu_data/train_cleaned/split100/75/feats.scp ark:- | splice-feats  ark:- ark:- | transform-feats telugu_exp/tri3_ali_cleaned/final.mat ark:- ark:- |' ark,s,cs:- telugu_exp/tri3_cleaned/35.75.acc 
apply-cmvn --utt2spk=ark:telugu_data/train_cleaned/split100/75/utt2spk scp:telugu_data/train_cleaned/split100/75/cmvn.scp scp:telugu_data/train_cleaned/split100/75/feats.scp ark:- 
transform-feats telugu_exp/tri3_ali_cleaned/final.mat ark:- ark:- 
transform-feats --utt2spk=ark:telugu_data/train_cleaned/split100/75/utt2spk ark:telugu_exp/tri3_cleaned/trans.75 ark:- ark:- 
splice-feats ark:- ark:- 
apply-cmvn --utt2spk=ark:telugu_data/train_cleaned/split100/75/utt2spk scp:telugu_data/train_cleaned/split100/75/cmvn.scp scp:telugu_data/train_cleaned/split100/75/feats.scp ark:- 
splice-feats ark:- ark:- 
transform-feats telugu_exp/tri3_ali_cleaned/final.mat ark:- ark:- 
LOG (gmm-acc-stats-twofeats[5.5.1009~1-e4940]:main():gmm-acc-stats-twofeats.cc:140) Average like for this file is -47.0896 over 908 frames.
LOG (gmm-acc-stats-twofeats[5.5.1009~1-e4940]:main():gmm-acc-stats-twofeats.cc:140) Average like for this file is -46.3693 over 171 frames.
LOG (gmm-acc-stats-twofeats[5.5.1009~1-e4940]:main():gmm-acc-stats-twofeats.cc:140) Average like for this file is -46.3184 over 543 frames.
LOG (gmm-acc-stats-twofeats[5.5.1009~1-e4940]:main():gmm-acc-stats-twofeats.cc:140) Average like for this file is -44.6547 over 323 frames.
LOG (gmm-acc-stats-twofeats[5.5.1009~1-e4940]:main():gmm-acc-stats-twofeats.cc:140) Average like for this file is -44.5171 over 157 frames.
LOG (gmm-acc-stats-twofeats[5.5.1009~1-e4940]:main():gmm-acc-stats-twofeats.cc:140) Average like for this file is -47.0638 over 156 frames.
LOG (gmm-acc-stats-twofeats[5.5.1009~1-e4940]:main():gmm-acc-stats-twofeats.cc:140) Average like for this file is -50.3448 over 375 frames.
LOG (gmm-acc-stats-twofeats[5.5.1009~1-e4940]:main():gmm-acc-stats-twofeats.cc:140) Average like for this file is -44.842 over 106 frames.
LOG (gmm-acc-stats-twofeats[5.5.1009~1-e4940]:main():gmm-acc-stats-twofeats.cc:140) Average like for this file is -44.734 over 221 frames.
LOG (gmm-acc-stats-twofeats[5.5.1009~1-e4940]:main():gmm-acc-stats-twofeats.cc:140) Average like for this file is -49.0545 over 609 frames.
LOG (gmm-acc-stats-twofeats[5.5.1009~1-e4940]:main():gmm-acc-stats-twofeats.cc:146) Avg like per frame so far is -47.0678
LOG (gmm-acc-stats-twofeats[5.5.1009~1-e4940]:main():gmm-acc-stats-twofeats.cc:140) Average like for this file is -47.082 over 146 frames.
LOG (gmm-acc-stats-twofeats[5.5.1009~1-e4940]:main():gmm-acc-stats-twofeats.cc:140) Average like for this file is -44.8386 over 161 frames.
LOG (gmm-acc-stats-twofeats[5.5.1009~1-e4940]:main():gmm-acc-stats-twofeats.cc:140) Average like for this file is -45.1727 over 266 frames.
LOG (gmm-acc-stats-twofeats[5.5.1009~1-e4940]:main():gmm-acc-stats-twofeats.cc:140) Average like for this file is -38.8228 over 193 frames.
LOG (gmm-acc-stats-twofeats[5.5.1009~1-e4940]:main():gmm-acc-stats-twofeats.cc:140) Average like for this file is -47.6912 over 93 frames.
LOG (gmm-acc-stats-twofeats[5.5.1009~1-e4940]:main():gmm-acc-stats-twofeats.cc:140) Average like for this file is -48.8281 over 83 frames.
LOG (gmm-acc-stats-twofeats[5.5.1009~1-e4940]:main():gmm-acc-stats-twofeats.cc:140) Average like for this file is -46.3682 over 77 frames.
LOG (gmm-acc-stats-twofeats[5.5.1009~1-e4940]:main():gmm-acc-stats-twofeats.cc:140) Average like for this file is -38.7142 over 63 frames.
LOG (gmm-acc-stats-twofeats[5.5.1009~1-e4940]:main():gmm-acc-stats-twofeats.cc:140) Average like for this file is -42.2896 over 97 frames.
LOG (gmm-acc-stats-twofeats[5.5.1009~1-e4940]:main():gmm-acc-stats-twofeats.cc:140) Average like for this file is -51.4323 over 132 frames.
LOG (gmm-acc-stats-twofeats[5.5.1009~1-e4940]:main():gmm-acc-stats-twofeats.cc:146) Avg like per frame so far is -46.5113
LOG (gmm-acc-stats-twofeats[5.5.1009~1-e4940]:main():gmm-acc-stats-twofeats.cc:140) Average like for this file is -33.6253 over 167 frames.
LOG (gmm-acc-stats-twofeats[5.5.1009~1-e4940]:main():gmm-acc-stats-twofeats.cc:140) Average like for this file is -38.6796 over 127 frames.
LOG (gmm-acc-stats-twofeats[5.5.1009~1-e4940]:main():gmm-acc-stats-twofeats.cc:140) Average like for this file is -36.8818 over 113 frames.
LOG (gmm-acc-stats-twofeats[5.5.1009~1-e4940]:main():gmm-acc-stats-twofeats.cc:140) Average like for this file is -48.9651 over 64 frames.
LOG (gmm-acc-stats-twofeats[5.5.1009~1-e4940]:main():gmm-acc-stats-twofeats.cc:140) Average like for this file is -38.7889 over 174 frames.
LOG (gmm-acc-stats-twofeats[5.5.1009~1-e4940]:main():gmm-acc-stats-twofeats.cc:140) Average like for this file is -42.2804 over 228 frames.
LOG (gmm-acc-stats-twofeats[5.5.1009~1-e4940]:main():gmm-acc-stats-twofeats.cc:140) Average like for this file is -43.0633 over 283 frames.
LOG (gmm-acc-stats-twofeats[5.5.1009~1-e4940]:main():gmm-acc-stats-twofeats.cc:140) Average like for this file is -48.4342 over 69 frames.
LOG (gmm-acc-stats-twofeats[5.5.1009~1-e4940]:main():gmm-acc-stats-twofeats.cc:140) Average like for this file is -44.0191 over 81 frames.
LOG (gmm-acc-stats-twofeats[5.5.1009~1-e4940]:main():gmm-acc-stats-twofeats.cc:140) Average like for this file is -39.4658 over 116 frames.
LOG (gmm-acc-stats-twofeats[5.5.1009~1-e4940]:main():gmm-acc-stats-twofeats.cc:146) Avg like per frame so far is -45.2025
LOG (gmm-acc-stats-twofeats[5.5.1009~1-e4940]:main():gmm-acc-stats-twofeats.cc:140) Average like for this file is -45.3333 over 78 frames.
LOG (gmm-acc-stats-twofeats[5.5.1009~1-e4940]:main():gmm-acc-stats-twofeats.cc:140) Average like for this file is -47.2804 over 157 frames.
LOG (gmm-acc-stats-twofeats[5.5.1009~1-e4940]:main():gmm-acc-stats-twofeats.cc:140) Average like for this file is -30.2985 over 83 frames.
LOG (gmm-acc-stats-twofeats[5.5.1009~1-e4940]:main():gmm-acc-stats-twofeats.cc:140) Average like for this file is -41.0933 over 109 frames.
LOG (gmm-acc-stats-twofeats[5.5.1009~1-e4940]:main():gmm-acc-stats-twofeats.cc:140) Average like for this file is -43.9142 over 61 frames.
LOG (gmm-acc-stats-twofeats[5.5.1009~1-e4940]:main():gmm-acc-stats-twofeats.cc:140) Average like for this file is -45.7313 over 156 frames.
LOG (gmm-acc-stats-twofeats[5.5.1009~1-e4940]:main():gmm-acc-stats-twofeats.cc:140) Average like for this file is -33.9343 over 72 frames.
LOG (gmm-acc-stats-twofeats[5.5.1009~1-e4940]:main():gmm-acc-stats-twofeats.cc:140) Average like for this file is -37.7506 over 84 frames.
LOG (gmm-acc-stats-twofeats[5.5.1009~1-e4940]:main():gmm-acc-stats-twofeats.cc:140) Average like for this file is -37.0258 over 106 frames.
LOG (gmm-acc-stats-twofeats[5.5.1009~1-e4940]:main():gmm-acc-stats-twofeats.cc:140) Average like for this file is -41.7736 over 126 frames.
LOG (gmm-acc-stats-twofeats[5.5.1009~1-e4940]:main():gmm-acc-stats-twofeats.cc:146) Avg like per frame so far is -44.6461
LOG (gmm-acc-stats-twofeats[5.5.1009~1-e4940]:main():gmm-acc-stats-twofeats.cc:140) Average like for this file is -42.4174 over 363 frames.
LOG (gmm-acc-stats-twofeats[5.5.1009~1-e4940]:main():gmm-acc-stats-twofeats.cc:140) Average like for this file is -40.5413 over 154 frames.
LOG (gmm-acc-stats-twofeats[5.5.1009~1-e4940]:main():gmm-acc-stats-twofeats.cc:140) Average like for this file is -41.4377 over 91 frames.
LOG (gmm-acc-stats-twofeats[5.5.1009~1-e4940]:main():gmm-acc-stats-twofeats.cc:140) Average like for this file is -44.7323 over 113 frames.
LOG (gmm-acc-stats-twofeats[5.5.1009~1-e4940]:main():gmm-acc-stats-twofeats.cc:140) Average like for this file is -44.3165 over 288 frames.
LOG (gmm-acc-stats-twofeats[5.5.1009~1-e4940]:main():gmm-acc-stats-twofeats.cc:140) Average like for this file is -42.758 over 113 frames.
LOG (gmm-acc-stats-twofeats[5.5.1009~1-e4940]:main():gmm-acc-stats-twofeats.cc:140) Average like for this file is -42.1392 over 122 frames.
LOG (gmm-acc-stats-twofeats[5.5.1009~1-e4940]:main():gmm-acc-stats-twofeats.cc:140) Average like for this file is -44.2397 over 98 frames.
LOG (gmm-acc-stats-twofeats[5.5.1009~1-e4940]:main():gmm-acc-stats-twofeats.cc:140) Average like for this file is -49.308 over 84 frames.
LOG (gmm-acc-stats-twofeats[5.5.1009~1-e4940]:main():gmm-acc-stats-twofeats.cc:140) Average like for this file is -42.4705 over 87 frames.
LOG (gmm-acc-stats-twofeats[5.5.1009~1-e4940]:main():gmm-acc-stats-twofeats.cc:146) Avg like per frame so far is -44.4002
LOG (gmm-acc-stats-twofeats[5.5.1009~1-e4940]:main():gmm-acc-stats-twofeats.cc:140) Average like for this file is -49.8371 over 520 frames.
LOG (gmm-acc-stats-twofeats[5.5.1009~1-e4940]:main():gmm-acc-stats-twofeats.cc:140) Average like for this file is -47.2492 over 543 frames.
LOG (gmm-acc-stats-twofeats[5.5.1009~1-e4940]:main():gmm-acc-stats-twofeats.cc:140) Average like for this file is -46.0395 over 286 frames.
LOG (gmm-acc-stats-twofeats[5.5.1009~1-e4940]:main():gmm-acc-stats-twofeats.cc:140) Average like for this file is -43.689 over 283 frames.
LOG (gmm-acc-stats-twofeats[5.5.1009~1-e4940]:main():gmm-acc-stats-twofeats.cc:140) Average like for this file is -45.1259 over 84 frames.
LOG (gmm-acc-stats-twofeats[5.5.1009~1-e4940]:main():gmm-acc-stats-twofeats.cc:140) Average like for this file is -48.4358 over 398 frames.
LOG (gmm-acc-stats-twofeats[5.5.1009~1-e4940]:main():gmm-acc-stats-twofeats.cc:140) Average like for this file is -44.7246 over 106 frames.
LOG (gmm-acc-stats-twofeats[5.5.1009~1-e4940]:main():gmm-acc-stats-twofeats.cc:140) Average like for this file is -41.2687 over 218 frames.
LOG (gmm-acc-stats-twofeats[5.5.1009~1-e4940]:main():gmm-acc-stats-twofeats.cc:140) Average like for this file is -47.7594 over 204 frames.
LOG (gmm-acc-stats-twofeats[5.5.1009~1-e4940]:main():gmm-acc-stats-twofeats.cc:140) Average like for this file is -52.6252 over 141 frames.
LOG (gmm-acc-stats-twofeats[5.5.1009~1-e4940]:main():gmm-acc-stats-twofeats.cc:146) Avg like per frame so far is -45.0456
LOG (gmm-acc-stats-twofeats[5.5.1009~1-e4940]:main():gmm-acc-stats-twofeats.cc:140) Average like for this file is -50.4887 over 503 frames.
LOG (gmm-acc-stats-twofeats[5.5.1009~1-e4940]:main():gmm-acc-stats-twofeats.cc:140) Average like for this file is -49.2482 over 663 frames.
LOG (gmm-acc-stats-twofeats[5.5.1009~1-e4940]:main():gmm-acc-stats-twofeats.cc:140) Average like for this file is -41.4555 over 74 frames.
LOG (gmm-acc-stats-twofeats[5.5.1009~1-e4940]:main():gmm-acc-stats-twofeats.cc:140) Average like for this file is -50.6519 over 279 frames.
LOG (gmm-acc-stats-twofeats[5.5.1009~1-e4940]:main():gmm-acc-stats-twofeats.cc:140) Average like for this file is -39.9878 over 242 frames.
LOG (gmm-acc-stats-twofeats[5.5.1009~1-e4940]:main():gmm-acc-stats-twofeats.cc:140) Average like for this file is -45.8978 over 168 frames.
LOG (gmm-acc-stats-twofeats[5.5.1009~1-e4940]:main():gmm-acc-stats-twofeats.cc:140) Average like for this file is -48.3245 over 403 frames.
LOG (gmm-acc-stats-twofeats[5.5.1009~1-e4940]:main():gmm-acc-stats-twofeats.cc:140) Average like for this file is -48.8023 over 425 frames.
LOG (gmm-acc-stats-twofeats[5.5.1009~1-e4940]:main():gmm-acc-stats-twofeats.cc:140) Average like for this file is -47.4503 over 462 frames.
LOG (gmm-acc-stats-twofeats[5.5.1009~1-e4940]:main():gmm-acc-stats-twofeats.cc:140) Average like for this file is -49.5583 over 597 frames.
LOG (gmm-acc-stats-twofeats[5.5.1009~1-e4940]:main():gmm-acc-stats-twofeats.cc:146) Avg like per frame so far is -45.8526
LOG (gmm-acc-stats-twofeats[5.5.1009~1-e4940]:main():gmm-acc-stats-twofeats.cc:140) Average like for this file is -39.689 over 92 frames.
LOG (gmm-acc-stats-twofeats[5.5.1009~1-e4940]:main():gmm-acc-stats-twofeats.cc:140) Average like for this file is -41.9977 over 103 frames.
LOG (gmm-acc-stats-twofeats[5.5.1009~1-e4940]:main():gmm-acc-stats-twofeats.cc:140) Average like for this file is -47.5265 over 511 frames.
LOG (gmm-acc-stats-twofeats[5.5.1009~1-e4940]:main():gmm-acc-stats-twofeats.cc:140) Average like for this file is -51.0042 over 312 frames.
LOG (gmm-acc-stats-twofeats[5.5.1009~1-e4940]:main():gmm-acc-stats-twofeats.cc:140) Average like for this file is -47.028 over 254 frames.
LOG (gmm-acc-stats-twofeats[5.5.1009~1-e4940]:main():gmm-acc-stats-twofeats.cc:140) Average like for this file is -46.842 over 687 frames.
LOG (gmm-acc-stats-twofeats[5.5.1009~1-e4940]:main():gmm-acc-stats-twofeats.cc:140) Average like for this file is -42.0401 over 118 frames.
LOG (gmm-acc-stats-twofeats[5.5.1009~1-e4940]:main():gmm-acc-stats-twofeats.cc:140) Average like for this file is -45.3868 over 258 frames.
LOG (gmm-acc-stats-twofeats[5.5.1009~1-e4940]:main():gmm-acc-stats-twofeats.cc:140) Average like for this file is -47.7614 over 335 frames.
LOG (gmm-acc-stats-twofeats[5.5.1009~1-e4940]:main():gmm-acc-stats-twofeats.cc:140) Average like for this file is -47.5476 over 547 frames.
LOG (gmm-acc-stats-twofeats[5.5.1009~1-e4940]:main():gmm-acc-stats-twofeats.cc:146) Avg like per frame so far is -46.0387
LOG (gmm-acc-stats-twofeats[5.5.1009~1-e4940]:main():gmm-acc-stats-twofeats.cc:140) Average like for this file is -48.6726 over 198 frames.
LOG (gmm-acc-stats-twofeats[5.5.1009~1-e4940]:main():gmm-acc-stats-twofeats.cc:140) Average like for this file is -41.9876 over 237 frames.
LOG (gmm-acc-stats-twofeats[5.5.1009~1-e4940]:main():gmm-acc-stats-twofeats.cc:140) Average like for this file is -47.4155 over 93 frames.
LOG (gmm-acc-stats-twofeats[5.5.1009~1-e4940]:main():gmm-acc-stats-twofeats.cc:140) Average like for this file is -48.7155 over 86 frames.
LOG (gmm-acc-stats-twofeats[5.5.1009~1-e4940]:main():gmm-acc-stats-twofeats.cc:140) Average like for this file is -47.3716 over 72 frames.
LOG (gmm-acc-stats-twofeats[5.5.1009~1-e4940]:main():gmm-acc-stats-twofeats.cc:140) Average like for this file is -54.2525 over 73 frames.
LOG (gmm-acc-stats-twofeats[5.5.1009~1-e4940]:main():gmm-acc-stats-twofeats.cc:140) Average like for this file is -42.7073 over 238 frames.
LOG (gmm-acc-stats-twofeats[5.5.1009~1-e4940]:main():gmm-acc-stats-twofeats.cc:140) Average like for this file is -38.6971 over 113 frames.
LOG (gmm-acc-stats-twofeats[5.5.1009~1-e4940]:main():gmm-acc-stats-twofeats.cc:140) Average like for this file is -48.119 over 187 frames.
LOG (gmm-acc-stats-twofeats[5.5.1009~1-e4940]:main():gmm-acc-stats-twofeats.cc:140) Average like for this file is -49.4163 over 143 frames.
LOG (gmm-acc-stats-twofeats[5.5.1009~1-e4940]:main():gmm-acc-stats-twofeats.cc:146) Avg like per frame so far is -46.032
LOG (gmm-acc-stats-twofeats[5.5.1009~1-e4940]:main():gmm-acc-stats-twofeats.cc:140) Average like for this file is -47.4371 over 138 frames.
LOG (gmm-acc-stats-twofeats[5.5.1009~1-e4940]:main():gmm-acc-stats-twofeats.cc:140) Average like for this file is -46.2215 over 66 frames.
LOG (gmm-acc-stats-twofeats[5.5.1009~1-e4940]:main():gmm-acc-stats-twofeats.cc:140) Average like for this file is -47.1108 over 86 frames.
LOG (gmm-acc-stats-twofeats[5.5.1009~1-e4940]:main():gmm-acc-stats-twofeats.cc:140) Average like for this file is -48.2962 over 282 frames.
LOG (gmm-acc-stats-twofeats[5.5.1009~1-e4940]:main():gmm-acc-stats-twofeats.cc:140) Average like for this file is -43.4004 over 67 frames.
LOG (gmm-acc-stats-twofeats[5.5.1009~1-e4940]:main():gmm-acc-stats-twofeats.cc:140) Average like for this file is -47.7144 over 141 frames.
LOG (gmm-acc-stats-twofeats[5.5.1009~1-e4940]:main():gmm-acc-stats-twofeats.cc:140) Average like for this file is -42.5803 over 128 frames.
LOG (gmm-acc-stats-twofeats[5.5.1009~1-e4940]:main():gmm-acc-stats-twofeats.cc:140) Average like for this file is -47.4938 over 113 frames.
LOG (gmm-acc-stats-twofeats[5.5.1009~1-e4940]:main():gmm-acc-stats-twofeats.cc:140) Average like for this file is -46.7597 over 77 frames.
LOG (gmm-acc-stats-twofeats[5.5.1009~1-e4940]:main():gmm-acc-stats-twofeats.cc:140) Average like for this file is -46.5807 over 158 frames.
LOG (gmm-acc-stats-twofeats[5.5.1009~1-e4940]:main():gmm-acc-stats-twofeats.cc:146) Avg like per frame so far is -46.0725
LOG (gmm-acc-stats-twofeats[5.5.1009~1-e4940]:main():gmm-acc-stats-twofeats.cc:140) Average like for this file is -43.6997 over 122 frames.
LOG (gmm-acc-stats-twofeats[5.5.1009~1-e4940]:main():gmm-acc-stats-twofeats.cc:140) Average like for this file is -46.5783 over 78 frames.
LOG (gmm-acc-stats-twofeats[5.5.1009~1-e4940]:main():gmm-acc-stats-twofeats.cc:140) Average like for this file is -46.6339 over 90 frames.
LOG (gmm-acc-stats-twofeats[5.5.1009~1-e4940]:main():gmm-acc-stats-twofeats.cc:140) Average like for this file is -41.2567 over 171 frames.
LOG (gmm-acc-stats-twofeats[5.5.1009~1-e4940]:main():gmm-acc-stats-twofeats.cc:140) Average like for this file is -42.1538 over 116 frames.
LOG (gmm-acc-stats-twofeats[5.5.1009~1-e4940]:main():gmm-acc-stats-twofeats.cc:140) Average like for this file is -39.2939 over 129 frames.
LOG (gmm-acc-stats-twofeats[5.5.1009~1-e4940]:main():gmm-acc-stats-twofeats.cc:140) Average like for this file is -47.473 over 286 frames.
LOG (gmm-acc-stats-twofeats[5.5.1009~1-e4940]:main():gmm-acc-stats-twofeats.cc:140) Average like for this file is -53.8312 over 99 frames.
LOG (gmm-acc-stats-twofeats[5.5.1009~1-e4940]:main():gmm-acc-stats-twofeats.cc:140) Average like for this file is -48.2187 over 278 frames.
LOG (gmm-acc-stats-twofeats[5.5.1009~1-e4940]:main():gmm-acc-stats-twofeats.cc:140) Average like for this file is -45.147 over 166 frames.
LOG (gmm-acc-stats-twofeats[5.5.1009~1-e4940]:main():gmm-acc-stats-twofeats.cc:146) Avg like per frame so far is -46.0401
LOG (gmm-acc-stats-twofeats[5.5.1009~1-e4940]:main():gmm-acc-stats-twofeats.cc:140) Average like for this file is -42.4834 over 144 frames.
LOG (gmm-acc-stats-twofeats[5.5.1009~1-e4940]:main():gmm-acc-stats-twofeats.cc:140) Average like for this file is -37.3761 over 107 frames.
LOG (gmm-acc-stats-twofeats[5.5.1009~1-e4940]:main():gmm-acc-stats-twofeats.cc:140) Average like for this file is -45.6897 over 360 frames.
LOG (gmm-acc-stats-twofeats[5.5.1009~1-e4940]:main():gmm-acc-stats-twofeats.cc:140) Average like for this file is -48.0756 over 108 frames.
LOG (gmm-acc-stats-twofeats[5.5.1009~1-e4940]:main():gmm-acc-stats-twofeats.cc:140) Average like for this file is -48.4116 over 583 frames.
LOG (gmm-acc-stats-twofeats[5.5.1009~1-e4940]:main():gmm-acc-stats-twofeats.cc:140) Average like for this file is -46.0903 over 328 frames.
LOG (gmm-acc-stats-twofeats[5.5.1009~1-e4940]:main():gmm-acc-stats-twofeats.cc:140) Average like for this file is -38.7124 over 74 frames.
LOG (gmm-acc-stats-twofeats[5.5.1009~1-e4940]:main():gmm-acc-stats-twofeats.cc:140) Average like for this file is -40.3786 over 56 frames.
LOG (gmm-acc-stats-twofeats[5.5.1009~1-e4940]:main():gmm-acc-stats-twofeats.cc:140) Average like for this file is -42.3271 over 54 frames.
LOG (gmm-acc-stats-twofeats[5.5.1009~1-e4940]:main():gmm-acc-stats-twofeats.cc:140) Average like for this file is -44.9062 over 84 frames.
LOG (gmm-acc-stats-twofeats[5.5.1009~1-e4940]:main():gmm-acc-stats-twofeats.cc:146) Avg like per frame so far is -45.9957
LOG (gmm-acc-stats-twofeats[5.5.1009~1-e4940]:main():gmm-acc-stats-twofeats.cc:140) Average like for this file is -42.019 over 163 frames.
LOG (gmm-acc-stats-twofeats[5.5.1009~1-e4940]:main():gmm-acc-stats-twofeats.cc:140) Average like for this file is -41.9756 over 308 frames.
LOG (gmm-acc-stats-twofeats[5.5.1009~1-e4940]:main():gmm-acc-stats-twofeats.cc:140) Average like for this file is -42.0946 over 101 frames.
LOG (gmm-acc-stats-twofeats[5.5.1009~1-e4940]:main():gmm-acc-stats-twofeats.cc:140) Average like for this file is -46.222 over 114 frames.
LOG (gmm-acc-stats-twofeats[5.5.1009~1-e4940]:main():gmm-acc-stats-twofeats.cc:140) Average like for this file is -44.176 over 103 frames.
LOG (gmm-acc-stats-twofeats[5.5.1009~1-e4940]:main():gmm-acc-stats-twofeats.cc:140) Average like for this file is -42.565 over 116 frames.
LOG (gmm-acc-stats-twofeats[5.5.1009~1-e4940]:main():gmm-acc-stats-twofeats.cc:140) Average like for this file is -44.6254 over 97 frames.
LOG (gmm-acc-stats-twofeats[5.5.1009~1-e4940]:main():gmm-acc-stats-twofeats.cc:140) Average like for this file is -47.2548 over 483 frames.
LOG (gmm-acc-stats-twofeats[5.5.1009~1-e4940]:main():gmm-acc-stats-twofeats.cc:140) Average like for this file is -46.2099 over 93 frames.
LOG (gmm-acc-stats-twofeats[5.5.1009~1-e4940]:main():gmm-acc-stats-twofeats.cc:140) Average like for this file is -48.7563 over 77 frames.
LOG (gmm-acc-stats-twofeats[5.5.1009~1-e4940]:main():gmm-acc-stats-twofeats.cc:146) Avg like per frame so far is -45.9151
LOG (gmm-acc-stats-twofeats[5.5.1009~1-e4940]:main():gmm-acc-stats-twofeats.cc:140) Average like for this file is -47.0433 over 89 frames.
LOG (gmm-acc-stats-twofeats[5.5.1009~1-e4940]:main():gmm-acc-stats-twofeats.cc:140) Average like for this file is -42.6177 over 119 frames.
LOG (gmm-acc-stats-twofeats[5.5.1009~1-e4940]:main():gmm-acc-stats-twofeats.cc:140) Average like for this file is -43.4733 over 318 frames.
LOG (gmm-acc-stats-twofeats[5.5.1009~1-e4940]:main():gmm-acc-stats-twofeats.cc:140) Average like for this file is -43.3848 over 254 frames.
LOG (gmm-acc-stats-twofeats[5.5.1009~1-e4940]:main():gmm-acc-stats-twofeats.cc:140) Average like for this file is -43.5395 over 137 frames.
LOG (gmm-acc-stats-twofeats[5.5.1009~1-e4940]:main():gmm-acc-stats-twofeats.cc:140) Average like for this file is -42.0168 over 67 frames.
LOG (gmm-acc-stats-twofeats[5.5.1009~1-e4940]:main():gmm-acc-stats-twofeats.cc:140) Average like for this file is -37.5696 over 123 frames.
LOG (gmm-acc-stats-twofeats[5.5.1009~1-e4940]:main():gmm-acc-stats-twofeats.cc:140) Average like for this file is -41.1928 over 77 frames.
LOG (gmm-acc-stats-twofeats[5.5.1009~1-e4940]:main():gmm-acc-stats-twofeats.cc:140) Average like for this file is -44.8802 over 134 frames.
LOG (gmm-acc-stats-twofeats[5.5.1009~1-e4940]:main():gmm-acc-stats-twofeats.cc:140) Average like for this file is -43.9066 over 316 frames.
LOG (gmm-acc-stats-twofeats[5.5.1009~1-e4940]:main():gmm-acc-stats-twofeats.cc:146) Avg like per frame so far is -45.7562
LOG (gmm-acc-stats-twofeats[5.5.1009~1-e4940]:main():gmm-acc-stats-twofeats.cc:140) Average like for this file is -41.9948 over 328 frames.
LOG (gmm-acc-stats-twofeats[5.5.1009~1-e4940]:main():gmm-acc-stats-twofeats.cc:140) Average like for this file is -44.4667 over 216 frames.
LOG (gmm-acc-stats-twofeats[5.5.1009~1-e4940]:main():gmm-acc-stats-twofeats.cc:140) Average like for this file is -43.697 over 82 frames.
LOG (gmm-acc-stats-twofeats[5.5.1009~1-e4940]:main():gmm-acc-stats-twofeats.cc:140) Average like for this file is -39.3847 over 165 frames.
LOG (gmm-acc-stats-twofeats[5.5.1009~1-e4940]:main():gmm-acc-stats-twofeats.cc:140) Average like for this file is -45.2711 over 136 frames.
LOG (gmm-acc-stats-twofeats[5.5.1009~1-e4940]:main():gmm-acc-stats-twofeats.cc:140) Average like for this file is -45.7731 over 219 frames.
LOG (gmm-acc-stats-twofeats[5.5.1009~1-e4940]:main():gmm-acc-stats-twofeats.cc:140) Average like for this file is -47.8991 over 348 frames.
LOG (gmm-acc-stats-twofeats[5.5.1009~1-e4940]:main():gmm-acc-stats-twofeats.cc:140) Average like for this file is -46.1973 over 174 frames.
LOG (gmm-acc-stats-twofeats[5.5.1009~1-e4940]:main():gmm-acc-stats-twofeats.cc:140) Average like for this file is -46.4483 over 198 frames.
LOG (gmm-acc-stats-twofeats[5.5.1009~1-e4940]:main():gmm-acc-stats-twofeats.cc:140) Average like for this file is -40.5609 over 132 frames.
LOG (gmm-acc-stats-twofeats[5.5.1009~1-e4940]:main():gmm-acc-stats-twofeats.cc:146) Avg like per frame so far is -45.6724
LOG (gmm-acc-stats-twofeats[5.5.1009~1-e4940]:main():gmm-acc-stats-twofeats.cc:140) Average like for this file is -45.2497 over 93 frames.
LOG (gmm-acc-stats-twofeats[5.5.1009~1-e4940]:main():gmm-acc-stats-twofeats.cc:140) Average like for this file is -37.109 over 65 frames.
LOG (gmm-acc-stats-twofeats[5.5.1009~1-e4940]:main():gmm-acc-stats-twofeats.cc:140) Average like for this file is -48.0035 over 92 frames.
LOG (gmm-acc-stats-twofeats[5.5.1009~1-e4940]:main():gmm-acc-stats-twofeats.cc:140) Average like for this file is -38.4884 over 108 frames.
LOG (gmm-acc-stats-twofeats[5.5.1009~1-e4940]:main():gmm-acc-stats-twofeats.cc:140) Average like for this file is -43.9648 over 181 frames.
LOG (gmm-acc-stats-twofeats[5.5.1009~1-e4940]:main():gmm-acc-stats-twofeats.cc:140) Average like for this file is -42.0122 over 53 frames.
LOG (gmm-acc-stats-twofeats[5.5.1009~1-e4940]:main():gmm-acc-stats-twofeats.cc:140) Average like for this file is -42.7003 over 218 frames.
LOG (gmm-acc-stats-twofeats[5.5.1009~1-e4940]:main():gmm-acc-stats-twofeats.cc:140) Average like for this file is -39.9589 over 176 frames.
LOG (gmm-acc-stats-twofeats[5.5.1009~1-e4940]:main():gmm-acc-stats-twofeats.cc:140) Average like for this file is -45.245 over 191 frames.
LOG (gmm-acc-stats-twofeats[5.5.1009~1-e4940]:main():gmm-acc-stats-twofeats.cc:140) Average like for this file is -46.4987 over 214 frames.
LOG (gmm-acc-stats-twofeats[5.5.1009~1-e4940]:main():gmm-acc-stats-twofeats.cc:146) Avg like per frame so far is -45.5701
LOG (gmm-acc-stats-twofeats[5.5.1009~1-e4940]:main():gmm-acc-stats-twofeats.cc:140) Average like for this file is -46.313 over 367 frames.
LOG (gmm-acc-stats-twofeats[5.5.1009~1-e4940]:main():gmm-acc-stats-twofeats.cc:140) Average like for this file is -42.5968 over 66 frames.
LOG (gmm-acc-stats-twofeats[5.5.1009~1-e4940]:main():gmm-acc-stats-twofeats.cc:140) Average like for this file is -34.8057 over 56 frames.
LOG (gmm-acc-stats-twofeats[5.5.1009~1-e4940]:main():gmm-acc-stats-twofeats.cc:140) Average like for this file is -36.0818 over 51 frames.
LOG (gmm-acc-stats-twofeats[5.5.1009~1-e4940]:main():gmm-acc-stats-twofeats.cc:140) Average like for this file is -39.9307 over 163 frames.
LOG (gmm-acc-stats-twofeats[5.5.1009~1-e4940]:main():gmm-acc-stats-twofeats.cc:140) Average like for this file is -42.3547 over 212 frames.
LOG (gmm-acc-stats-twofeats[5.5.1009~1-e4940]:main():gmm-acc-stats-twofeats.cc:140) Average like for this file is -41.1766 over 251 frames.
LOG (gmm-acc-stats-twofeats[5.5.1009~1-e4940]:main():gmm-acc-stats-twofeats.cc:140) Average like for this file is -44.356 over 83 frames.
LOG (gmm-acc-stats-twofeats[5.5.1009~1-e4940]:main():gmm-acc-stats-twofeats.cc:140) Average like for this file is -43.6406 over 103 frames.
LOG (gmm-acc-stats-twofeats[5.5.1009~1-e4940]:main():gmm-acc-stats-twofeats.cc:140) Average like for this file is -47.2195 over 226 frames.
LOG (gmm-acc-stats-twofeats[5.5.1009~1-e4940]:main():gmm-acc-stats-twofeats.cc:146) Avg like per frame so far is -45.4599
LOG (gmm-acc-stats-twofeats[5.5.1009~1-e4940]:main():gmm-acc-stats-twofeats.cc:140) Average like for this file is -45.1915 over 112 frames.
LOG (gmm-acc-stats-twofeats[5.5.1009~1-e4940]:main():gmm-acc-stats-twofeats.cc:140) Average like for this file is -43.8478 over 89 frames.
LOG (gmm-acc-stats-twofeats[5.5.1009~1-e4940]:main():gmm-acc-stats-twofeats.cc:140) Average like for this file is -47.9988 over 239 frames.
LOG (gmm-acc-stats-twofeats[5.5.1009~1-e4940]:main():gmm-acc-stats-twofeats.cc:140) Average like for this file is -48.7206 over 242 frames.
LOG (gmm-acc-stats-twofeats[5.5.1009~1-e4940]:main():gmm-acc-stats-twofeats.cc:140) Average like for this file is -37.2923 over 84 frames.
LOG (gmm-acc-stats-twofeats[5.5.1009~1-e4940]:main():gmm-acc-stats-twofeats.cc:140) Average like for this file is -44.7229 over 351 frames.
LOG (gmm-acc-stats-twofeats[5.5.1009~1-e4940]:main():gmm-acc-stats-twofeats.cc:140) Average like for this file is -44.4663 over 203 frames.
LOG (gmm-acc-stats-twofeats[5.5.1009~1-e4940]:main():gmm-acc-stats-twofeats.cc:140) Average like for this file is -49.9592 over 246 frames.
LOG (gmm-acc-stats-twofeats[5.5.1009~1-e4940]:main():gmm-acc-stats-twofeats.cc:140) Average like for this file is -43.4497 over 435 frames.
LOG (gmm-acc-stats-twofeats[5.5.1009~1-e4940]:main():gmm-acc-stats-twofeats.cc:140) Average like for this file is -44.5191 over 233 frames.
LOG (gmm-acc-stats-twofeats[5.5.1009~1-e4940]:main():gmm-acc-stats-twofeats.cc:146) Avg like per frame so far is -45.4625
LOG (gmm-acc-stats-twofeats[5.5.1009~1-e4940]:main():gmm-acc-stats-twofeats.cc:140) Average like for this file is -48.7456 over 88 frames.
LOG (gmm-acc-stats-twofeats[5.5.1009~1-e4940]:main():gmm-acc-stats-twofeats.cc:140) Average like for this file is -45.9654 over 177 frames.
LOG (gmm-acc-stats-twofeats[5.5.1009~1-e4940]:main():gmm-acc-stats-twofeats.cc:140) Average like for this file is -50.4391 over 76 frames.
LOG (gmm-acc-stats-twofeats[5.5.1009~1-e4940]:main():gmm-acc-stats-twofeats.cc:140) Average like for this file is -43.1832 over 148 frames.
LOG (gmm-acc-stats-twofeats[5.5.1009~1-e4940]:main():gmm-acc-stats-twofeats.cc:140) Average like for this file is -44.4513 over 99 frames.
LOG (gmm-acc-stats-twofeats[5.5.1009~1-e4940]:main():gmm-acc-stats-twofeats.cc:140) Average like for this file is -44.7057 over 274 frames.
LOG (gmm-acc-stats-twofeats[5.5.1009~1-e4940]:main():gmm-acc-stats-twofeats.cc:140) Average like for this file is -40.7718 over 133 frames.
LOG (gmm-acc-stats-twofeats[5.5.1009~1-e4940]:main():gmm-acc-stats-twofeats.cc:140) Average like for this file is -40.0061 over 140 frames.
LOG (gmm-acc-stats-twofeats[5.5.1009~1-e4940]:main():gmm-acc-stats-twofeats.cc:140) Average like for this file is -47.5733 over 210 frames.
LOG (gmm-acc-stats-twofeats[5.5.1009~1-e4940]:main():gmm-acc-stats-twofeats.cc:140) Average like for this file is -45.5127 over 96 frames.
LOG (gmm-acc-stats-twofeats[5.5.1009~1-e4940]:main():gmm-acc-stats-twofeats.cc:146) Avg like per frame so far is -45.4399
LOG (gmm-acc-stats-twofeats[5.5.1009~1-e4940]:main():gmm-acc-stats-twofeats.cc:140) Average like for this file is -46.4148 over 104 frames.
LOG (gmm-acc-stats-twofeats[5.5.1009~1-e4940]:main():gmm-acc-stats-twofeats.cc:140) Average like for this file is -47.8967 over 91 frames.
LOG (gmm-acc-stats-twofeats[5.5.1009~1-e4940]:main():gmm-acc-stats-twofeats.cc:140) Average like for this file is -43.1578 over 82 frames.
LOG (gmm-acc-stats-twofeats[5.5.1009~1-e4940]:main():gmm-acc-stats-twofeats.cc:140) Average like for this file is -48.8951 over 458 frames.
LOG (gmm-acc-stats-twofeats[5.5.1009~1-e4940]:main():gmm-acc-stats-twofeats.cc:140) Average like for this file is -45.9967 over 384 frames.
LOG (gmm-acc-stats-twofeats[5.5.1009~1-e4940]:main():gmm-acc-stats-twofeats.cc:140) Average like for this file is -47.3145 over 113 frames.
LOG (gmm-acc-stats-twofeats[5.5.1009~1-e4940]:main():gmm-acc-stats-twofeats.cc:140) Average like for this file is -40.2571 over 59 frames.
LOG (gmm-acc-stats-twofeats[5.5.1009~1-e4940]:main():gmm-acc-stats-twofeats.cc:140) Average like for this file is -45.9861 over 161 frames.
LOG (gmm-acc-stats-twofeats[5.5.1009~1-e4940]:main():gmm-acc-stats-twofeats.cc:140) Average like for this file is -45.59 over 256 frames.
LOG (gmm-acc-stats-twofeats[5.5.1009~1-e4940]:main():gmm-acc-stats-twofeats.cc:140) Average like for this file is -41.7198 over 74 frames.
LOG (gmm-acc-stats-twofeats[5.5.1009~1-e4940]:main():gmm-acc-stats-twofeats.cc:146) Avg like per frame so far is -45.4838
LOG (gmm-acc-stats-twofeats[5.5.1009~1-e4940]:main():gmm-acc-stats-twofeats.cc:140) Average like for this file is -44.3522 over 68 frames.
LOG (gmm-acc-stats-twofeats[5.5.1009~1-e4940]:main():gmm-acc-stats-twofeats.cc:140) Average like for this file is -46.101 over 222 frames.
LOG (gmm-acc-stats-twofeats[5.5.1009~1-e4940]:main():gmm-acc-stats-twofeats.cc:140) Average like for this file is -42.486 over 133 frames.
LOG (gmm-acc-stats-twofeats[5.5.1009~1-e4940]:main():gmm-acc-stats-twofeats.cc:140) Average like for this file is -38.0106 over 97 frames.
LOG (gmm-acc-stats-twofeats[5.5.1009~1-e4940]:main():gmm-acc-stats-twofeats.cc:140) Average like for this file is -45.6141 over 138 frames.
LOG (gmm-acc-stats-twofeats[5.5.1009~1-e4940]:main():gmm-acc-stats-twofeats.cc:140) Average like for this file is -45.2397 over 129 frames.
LOG (gmm-acc-stats-twofeats[5.5.1009~1-e4940]:main():gmm-acc-stats-twofeats.cc:140) Average like for this file is -45.98 over 148 frames.
LOG (gmm-acc-stats-twofeats[5.5.1009~1-e4940]:main():gmm-acc-stats-twofeats.cc:140) Average like for this file is -42.3181 over 133 frames.
LOG (gmm-acc-stats-twofeats[5.5.1009~1-e4940]:main():gmm-acc-stats-twofeats.cc:140) Average like for this file is -47.3339 over 200 frames.
LOG (gmm-acc-stats-twofeats[5.5.1009~1-e4940]:main():gmm-acc-stats-twofeats.cc:140) Average like for this file is -42.9763 over 81 frames.
LOG (gmm-acc-stats-twofeats[5.5.1009~1-e4940]:main():gmm-acc-stats-twofeats.cc:146) Avg like per frame so far is -45.4523
LOG (gmm-acc-stats-twofeats[5.5.1009~1-e4940]:main():gmm-acc-stats-twofeats.cc:140) Average like for this file is -42.8842 over 132 frames.
LOG (gmm-acc-stats-twofeats[5.5.1009~1-e4940]:main():gmm-acc-stats-twofeats.cc:140) Average like for this file is -43.0673 over 132 frames.
LOG (gmm-acc-stats-twofeats[5.5.1009~1-e4940]:main():gmm-acc-stats-twofeats.cc:140) Average like for this file is -37.6087 over 170 frames.
LOG (gmm-acc-stats-twofeats[5.5.1009~1-e4940]:main():gmm-acc-stats-twofeats.cc:140) Average like for this file is -39.4839 over 91 frames.
LOG (gmm-acc-stats-twofeats[5.5.1009~1-e4940]:main():gmm-acc-stats-twofeats.cc:140) Average like for this file is -39.334 over 85 frames.
LOG (gmm-acc-stats-twofeats[5.5.1009~1-e4940]:main():gmm-acc-stats-twofeats.cc:140) Average like for this file is -44.3105 over 149 frames.
LOG (gmm-acc-stats-twofeats[5.5.1009~1-e4940]:main():gmm-acc-stats-twofeats.cc:140) Average like for this file is -40.9119 over 124 frames.
LOG (gmm-acc-stats-twofeats[5.5.1009~1-e4940]:main():gmm-acc-stats-twofeats.cc:140) Average like for this file is -47.0494 over 234 frames.
LOG (gmm-acc-stats-twofeats[5.5.1009~1-e4940]:main():gmm-acc-stats-twofeats.cc:140) Average like for this file is -42.3814 over 133 frames.
LOG (gmm-acc-stats-twofeats[5.5.1009~1-e4940]:main():gmm-acc-stats-twofeats.cc:140) Average like for this file is -37.396 over 73 frames.
LOG (gmm-acc-stats-twofeats[5.5.1009~1-e4940]:main():gmm-acc-stats-twofeats.cc:146) Avg like per frame so far is -45.3453
LOG (gmm-acc-stats-twofeats[5.5.1009~1-e4940]:main():gmm-acc-stats-twofeats.cc:140) Average like for this file is -39.8753 over 162 frames.
LOG (gmm-acc-stats-twofeats[5.5.1009~1-e4940]:main():gmm-acc-stats-twofeats.cc:140) Average like for this file is -39.1841 over 78 frames.
LOG (gmm-acc-stats-twofeats[5.5.1009~1-e4940]:main():gmm-acc-stats-twofeats.cc:140) Average like for this file is -39.1327 over 119 frames.
LOG (gmm-acc-stats-twofeats[5.5.1009~1-e4940]:main():gmm-acc-stats-twofeats.cc:140) Average like for this file is -42.8741 over 58 frames.
LOG (gmm-acc-stats-twofeats[5.5.1009~1-e4940]:main():gmm-acc-stats-twofeats.cc:140) Average like for this file is -44.6678 over 109 frames.
LOG (gmm-acc-stats-twofeats[5.5.1009~1-e4940]:main():gmm-acc-stats-twofeats.cc:140) Average like for this file is -41.7764 over 135 frames.
LOG (gmm-acc-stats-twofeats[5.5.1009~1-e4940]:main():gmm-acc-stats-twofeats.cc:140) Average like for this file is -39.7843 over 117 frames.
LOG (gmm-acc-stats-twofeats[5.5.1009~1-e4940]:main():gmm-acc-stats-twofeats.cc:140) Average like for this file is -43.3621 over 81 frames.
LOG (gmm-acc-stats-twofeats[5.5.1009~1-e4940]:main():gmm-acc-stats-twofeats.cc:140) Average like for this file is -45.9539 over 86 frames.
LOG (gmm-acc-stats-twofeats[5.5.1009~1-e4940]:main():gmm-acc-stats-twofeats.cc:140) Average like for this file is -44.9147 over 353 frames.
LOG (gmm-acc-stats-twofeats[5.5.1009~1-e4940]:main():gmm-acc-stats-twofeats.cc:146) Avg like per frame so far is -45.2578
LOG (gmm-acc-stats-twofeats[5.5.1009~1-e4940]:main():gmm-acc-stats-twofeats.cc:140) Average like for this file is -46.6679 over 493 frames.
LOG (gmm-acc-stats-twofeats[5.5.1009~1-e4940]:main():gmm-acc-stats-twofeats.cc:140) Average like for this file is -42.9883 over 225 frames.
LOG (gmm-acc-stats-twofeats[5.5.1009~1-e4940]:main():gmm-acc-stats-twofeats.cc:140) Average like for this file is -46.6569 over 785 frames.
LOG (gmm-acc-stats-twofeats[5.5.1009~1-e4940]:main():gmm-acc-stats-twofeats.cc:140) Average like for this file is -42.117 over 108 frames.
LOG (gmm-acc-stats-twofeats[5.5.1009~1-e4940]:main():gmm-acc-stats-twofeats.cc:140) Average like for this file is -37.0596 over 262 frames.
LOG (gmm-acc-stats-twofeats[5.5.1009~1-e4940]:main():gmm-acc-stats-twofeats.cc:140) Average like for this file is -46.8935 over 176 frames.
LOG (gmm-acc-stats-twofeats[5.5.1009~1-e4940]:main():gmm-acc-stats-twofeats.cc:140) Average like for this file is -50.5958 over 234 frames.
LOG (gmm-acc-stats-twofeats[5.5.1009~1-e4940]:main():gmm-acc-stats-twofeats.cc:140) Average like for this file is -46.977 over 173 frames.
LOG (gmm-acc-stats-twofeats[5.5.1009~1-e4940]:main():gmm-acc-stats-twofeats.cc:140) Average like for this file is -43.2456 over 82 frames.
LOG (gmm-acc-stats-twofeats[5.5.1009~1-e4940]:main():gmm-acc-stats-twofeats.cc:140) Average like for this file is -45.3313 over 231 frames.
LOG (gmm-acc-stats-twofeats[5.5.1009~1-e4940]:main():gmm-acc-stats-twofeats.cc:146) Avg like per frame so far is -45.2684
LOG (gmm-acc-stats-twofeats[5.5.1009~1-e4940]:main():gmm-acc-stats-twofeats.cc:140) Average like for this file is -43.6937 over 413 frames.
LOG (gmm-acc-stats-twofeats[5.5.1009~1-e4940]:main():gmm-acc-stats-twofeats.cc:140) Average like for this file is -44.9513 over 287 frames.
LOG (gmm-acc-stats-twofeats[5.5.1009~1-e4940]:main():gmm-acc-stats-twofeats.cc:140) Average like for this file is -44.4659 over 368 frames.
LOG (gmm-acc-stats-twofeats[5.5.1009~1-e4940]:main():gmm-acc-stats-twofeats.cc:140) Average like for this file is -44.1626 over 345 frames.
LOG (gmm-acc-stats-twofeats[5.5.1009~1-e4940]:main():gmm-acc-stats-twofeats.cc:140) Average like for this file is -42.5321 over 114 frames.
LOG (gmm-acc-stats-twofeats[5.5.1009~1-e4940]:main():gmm-acc-stats-twofeats.cc:140) Average like for this file is -38.9778 over 272 frames.
LOG (gmm-acc-stats-twofeats[5.5.1009~1-e4940]:main():gmm-acc-stats-twofeats.cc:140) Average like for this file is -40.5018 over 419 frames.
LOG (gmm-acc-stats-twofeats[5.5.1009~1-e4940]:main():gmm-acc-stats-twofeats.cc:140) Average like for this file is -47.2301 over 67 frames.
LOG (gmm-acc-stats-twofeats[5.5.1009~1-e4940]:main():gmm-acc-stats-twofeats.cc:140) Average like for this file is -50.1218 over 219 frames.
LOG (gmm-acc-stats-twofeats[5.5.1009~1-e4940]:main():gmm-acc-stats-twofeats.cc:140) Average like for this file is -33.1199 over 156 frames.
LOG (gmm-acc-stats-twofeats[5.5.1009~1-e4940]:main():gmm-acc-stats-twofeats.cc:146) Avg like per frame so far is -45.1403
LOG (gmm-acc-stats-twofeats[5.5.1009~1-e4940]:main():gmm-acc-stats-twofeats.cc:140) Average like for this file is -43.5121 over 224 frames.
LOG (gmm-acc-stats-twofeats[5.5.1009~1-e4940]:main():gmm-acc-stats-twofeats.cc:140) Average like for this file is -47.4238 over 351 frames.
LOG (gmm-acc-stats-twofeats[5.5.1009~1-e4940]:main():gmm-acc-stats-twofeats.cc:140) Average like for this file is -47.3652 over 191 frames.
LOG (gmm-acc-stats-twofeats[5.5.1009~1-e4940]:main():gmm-acc-stats-twofeats.cc:140) Average like for this file is -40.1826 over 186 frames.
LOG (gmm-acc-stats-twofeats[5.5.1009~1-e4940]:main():gmm-acc-stats-twofeats.cc:140) Average like for this file is -47.716 over 286 frames.
LOG (gmm-acc-stats-twofeats[5.5.1009~1-e4940]:main():gmm-acc-stats-twofeats.cc:140) Average like for this file is -43.3553 over 188 frames.
LOG (gmm-acc-stats-twofeats[5.5.1009~1-e4940]:main():gmm-acc-stats-twofeats.cc:140) Average like for this file is -45.5733 over 369 frames.
LOG (gmm-acc-stats-twofeats[5.5.1009~1-e4940]:main():gmm-acc-stats-twofeats.cc:140) Average like for this file is -47.365 over 213 frames.
LOG (gmm-acc-stats-twofeats[5.5.1009~1-e4940]:main():gmm-acc-stats-twofeats.cc:140) Average like for this file is -44.1539 over 101 frames.
LOG (gmm-acc-stats-twofeats[5.5.1009~1-e4940]:main():gmm-acc-stats-twofeats.cc:140) Average like for this file is -44.3708 over 88 frames.
LOG (gmm-acc-stats-twofeats[5.5.1009~1-e4940]:main():gmm-acc-stats-twofeats.cc:146) Avg like per frame so far is -45.1564
LOG (gmm-acc-stats-twofeats[5.5.1009~1-e4940]:main():gmm-acc-stats-twofeats.cc:140) Average like for this file is -45.3608 over 97 frames.
LOG (gmm-acc-stats-twofeats[5.5.1009~1-e4940]:main():gmm-acc-stats-twofeats.cc:140) Average like for this file is -47.2534 over 128 frames.
LOG (gmm-acc-stats-twofeats[5.5.1009~1-e4940]:main():gmm-acc-stats-twofeats.cc:140) Average like for this file is -49.539 over 319 frames.
LOG (gmm-acc-stats-twofeats[5.5.1009~1-e4940]:main():gmm-acc-stats-twofeats.cc:140) Average like for this file is -48.912 over 291 frames.
LOG (gmm-acc-stats-twofeats[5.5.1009~1-e4940]:main():gmm-acc-stats-twofeats.cc:140) Average like for this file is -47.788 over 144 frames.
LOG (gmm-acc-stats-twofeats[5.5.1009~1-e4940]:main():gmm-acc-stats-twofeats.cc:140) Average like for this file is -46.8933 over 221 frames.
LOG (gmm-acc-stats-twofeats[5.5.1009~1-e4940]:main():gmm-acc-stats-twofeats.cc:140) Average like for this file is -45.9172 over 186 frames.
LOG (gmm-acc-stats-twofeats[5.5.1009~1-e4940]:main():gmm-acc-stats-twofeats.cc:140) Average like for this file is -45.9019 over 105 frames.
LOG (gmm-acc-stats-twofeats[5.5.1009~1-e4940]:main():gmm-acc-stats-twofeats.cc:140) Average like for this file is -49.6156 over 73 frames.
LOG (gmm-acc-stats-twofeats[5.5.1009~1-e4940]:main():gmm-acc-stats-twofeats.cc:140) Average like for this file is -46.4771 over 114 frames.
LOG (gmm-acc-stats-twofeats[5.5.1009~1-e4940]:main():gmm-acc-stats-twofeats.cc:146) Avg like per frame so far is -45.2382
LOG (gmm-acc-stats-twofeats[5.5.1009~1-e4940]:main():gmm-acc-stats-twofeats.cc:140) Average like for this file is -45.48 over 188 frames.
LOG (gmm-acc-stats-twofeats[5.5.1009~1-e4940]:main():gmm-acc-stats-twofeats.cc:140) Average like for this file is -49.6262 over 204 frames.
LOG (gmm-acc-stats-twofeats[5.5.1009~1-e4940]:main():gmm-acc-stats-twofeats.cc:140) Average like for this file is -47.1101 over 198 frames.
LOG (gmm-acc-stats-twofeats[5.5.1009~1-e4940]:main():gmm-acc-stats-twofeats.cc:140) Average like for this file is -42.2033 over 182 frames.
LOG (gmm-acc-stats-twofeats[5.5.1009~1-e4940]:main():gmm-acc-stats-twofeats.cc:140) Average like for this file is -46.585 over 224 frames.
LOG (gmm-acc-stats-twofeats[5.5.1009~1-e4940]:main():gmm-acc-stats-twofeats.cc:140) Average like for this file is -48.3544 over 289 frames.
LOG (gmm-acc-stats-twofeats[5.5.1009~1-e4940]:main():gmm-acc-stats-twofeats.cc:140) Average like for this file is -44.7098 over 307 frames.
LOG (gmm-acc-stats-twofeats[5.5.1009~1-e4940]:main():gmm-acc-stats-twofeats.cc:140) Average like for this file is -43.4012 over 103 frames.
LOG (gmm-acc-stats-twofeats[5.5.1009~1-e4940]:main():gmm-acc-stats-twofeats.cc:140) Average like for this file is -45.2539 over 91 frames.
LOG (gmm-acc-stats-twofeats[5.5.1009~1-e4940]:main():gmm-acc-stats-twofeats.cc:140) Average like for this file is -45.029 over 277 frames.
LOG (gmm-acc-stats-twofeats[5.5.1009~1-e4940]:main():gmm-acc-stats-twofeats.cc:146) Avg like per frame so far is -45.2671
LOG (gmm-acc-stats-twofeats[5.5.1009~1-e4940]:main():gmm-acc-stats-twofeats.cc:140) Average like for this file is -45.6281 over 418 frames.
LOG (gmm-acc-stats-twofeats[5.5.1009~1-e4940]:main():gmm-acc-stats-twofeats.cc:140) Average like for this file is -47.5284 over 612 frames.
LOG (gmm-acc-stats-twofeats[5.5.1009~1-e4940]:main():gmm-acc-stats-twofeats.cc:140) Average like for this file is -46.7001 over 401 frames.
LOG (gmm-acc-stats-twofeats[5.5.1009~1-e4940]:main():gmm-acc-stats-twofeats.cc:140) Average like for this file is -38.4091 over 63 frames.
LOG (gmm-acc-stats-twofeats[5.5.1009~1-e4940]:main():gmm-acc-stats-twofeats.cc:140) Average like for this file is -38.6784 over 98 frames.
LOG (gmm-acc-stats-twofeats[5.5.1009~1-e4940]:main():gmm-acc-stats-twofeats.cc:140) Average like for this file is -45.7474 over 409 frames.
LOG (gmm-acc-stats-twofeats[5.5.1009~1-e4940]:main():gmm-acc-stats-twofeats.cc:140) Average like for this file is -40.0437 over 54 frames.
LOG (gmm-acc-stats-twofeats[5.5.1009~1-e4940]:main():gmm-acc-stats-twofeats.cc:140) Average like for this file is -43.4643 over 52 frames.
LOG (gmm-acc-stats-twofeats[5.5.1009~1-e4940]:main():gmm-acc-stats-twofeats.cc:140) Average like for this file is -45.21 over 346 frames.
LOG (gmm-acc-stats-twofeats[5.5.1009~1-e4940]:main():gmm-acc-stats-twofeats.cc:140) Average like for this file is -43.4881 over 284 frames.
LOG (gmm-acc-stats-twofeats[5.5.1009~1-e4940]:main():gmm-acc-stats-twofeats.cc:146) Avg like per frame so far is -45.2729
LOG (gmm-acc-stats-twofeats[5.5.1009~1-e4940]:main():gmm-acc-stats-twofeats.cc:140) Average like for this file is -39.0947 over 111 frames.
LOG (gmm-acc-stats-twofeats[5.5.1009~1-e4940]:main():gmm-acc-stats-twofeats.cc:140) Average like for this file is -46.8536 over 73 frames.
LOG (gmm-acc-stats-twofeats[5.5.1009~1-e4940]:main():gmm-acc-stats-twofeats.cc:140) Average like for this file is -46.8447 over 307 frames.
LOG (gmm-acc-stats-twofeats[5.5.1009~1-e4940]:main():gmm-acc-stats-twofeats.cc:140) Average like for this file is -49.0867 over 209 frames.
LOG (gmm-acc-stats-twofeats[5.5.1009~1-e4940]:main():gmm-acc-stats-twofeats.cc:140) Average like for this file is -43.9781 over 563 frames.
LOG (gmm-acc-stats-twofeats[5.5.1009~1-e4940]:main():gmm-acc-stats-twofeats.cc:140) Average like for this file is -42.3264 over 182 frames.
LOG (gmm-acc-stats-twofeats[5.5.1009~1-e4940]:main():gmm-acc-stats-twofeats.cc:140) Average like for this file is -42.8753 over 488 frames.
LOG (gmm-acc-stats-twofeats[5.5.1009~1-e4940]:main():gmm-acc-stats-twofeats.cc:140) Average like for this file is -43.2673 over 134 frames.
LOG (gmm-acc-stats-twofeats[5.5.1009~1-e4940]:main():gmm-acc-stats-twofeats.cc:140) Average like for this file is -42.7182 over 212 frames.
LOG (gmm-acc-stats-twofeats[5.5.1009~1-e4940]:main():gmm-acc-stats-twofeats.cc:140) Average like for this file is -44.2991 over 372 frames.
LOG (gmm-acc-stats-twofeats[5.5.1009~1-e4940]:main():gmm-acc-stats-twofeats.cc:146) Avg like per frame so far is -45.2239
LOG (gmm-acc-stats-twofeats[5.5.1009~1-e4940]:main():gmm-acc-stats-twofeats.cc:140) Average like for this file is -43.9029 over 269 frames.
LOG (gmm-acc-stats-twofeats[5.5.1009~1-e4940]:main():gmm-acc-stats-twofeats.cc:140) Average like for this file is -44.793 over 303 frames.
LOG (gmm-acc-stats-twofeats[5.5.1009~1-e4940]:main():gmm-acc-stats-twofeats.cc:140) Average like for this file is -43.9025 over 152 frames.
LOG (gmm-acc-stats-twofeats[5.5.1009~1-e4940]:main():gmm-acc-stats-twofeats.cc:140) Average like for this file is -38.8902 over 62 frames.
LOG (gmm-acc-stats-twofeats[5.5.1009~1-e4940]:main():gmm-acc-stats-twofeats.cc:140) Average like for this file is -36.3095 over 97 frames.
LOG (gmm-acc-stats-twofeats[5.5.1009~1-e4940]:main():gmm-acc-stats-twofeats.cc:140) Average like for this file is -48.0305 over 521 frames.
LOG (gmm-acc-stats-twofeats[5.5.1009~1-e4940]:main():gmm-acc-stats-twofeats.cc:140) Average like for this file is -32.7709 over 99 frames.
LOG (gmm-acc-stats-twofeats[5.5.1009~1-e4940]:main():gmm-acc-stats-twofeats.cc:140) Average like for this file is -43.6626 over 173 frames.
LOG (gmm-acc-stats-twofeats[5.5.1009~1-e4940]:main():gmm-acc-stats-twofeats.cc:140) Average like for this file is -48.4838 over 279 frames.
LOG (gmm-acc-stats-twofeats[5.5.1009~1-e4940]:main():gmm-acc-stats-twofeats.cc:140) Average like for this file is -47.492 over 54 frames.
LOG (gmm-acc-stats-twofeats[5.5.1009~1-e4940]:main():gmm-acc-stats-twofeats.cc:146) Avg like per frame so far is -45.2084
LOG (gmm-acc-stats-twofeats[5.5.1009~1-e4940]:main():gmm-acc-stats-twofeats.cc:140) Average like for this file is -44.6394 over 226 frames.
LOG (gmm-acc-stats-twofeats[5.5.1009~1-e4940]:main():gmm-acc-stats-twofeats.cc:140) Average like for this file is -45.5329 over 479 frames.
LOG (gmm-acc-stats-twofeats[5.5.1009~1-e4940]:main():gmm-acc-stats-twofeats.cc:140) Average like for this file is -46.6203 over 402 frames.
LOG (gmm-acc-stats-twofeats[5.5.1009~1-e4940]:main():gmm-acc-stats-twofeats.cc:140) Average like for this file is -48.0261 over 424 frames.
LOG (gmm-acc-stats-twofeats[5.5.1009~1-e4940]:main():gmm-acc-stats-twofeats.cc:140) Average like for this file is -48.2536 over 219 frames.
LOG (gmm-acc-stats-twofeats[5.5.1009~1-e4940]:main():gmm-acc-stats-twofeats.cc:140) Average like for this file is -42.6546 over 157 frames.
LOG (gmm-acc-stats-twofeats[5.5.1009~1-e4940]:main():gmm-acc-stats-twofeats.cc:140) Average like for this file is -43.9894 over 309 frames.
LOG (gmm-acc-stats-twofeats[5.5.1009~1-e4940]:main():gmm-acc-stats-twofeats.cc:140) Average like for this file is -40.4818 over 66 frames.
LOG (gmm-acc-stats-twofeats[5.5.1009~1-e4940]:main():gmm-acc-stats-twofeats.cc:140) Average like for this file is -43.7586 over 367 frames.
LOG (gmm-acc-stats-twofeats[5.5.1009~1-e4940]:main():gmm-acc-stats-twofeats.cc:140) Average like for this file is -33.8966 over 62 frames.
LOG (gmm-acc-stats-twofeats[5.5.1009~1-e4940]:main():gmm-acc-stats-twofeats.cc:146) Avg like per frame so far is -45.2105
LOG (gmm-acc-stats-twofeats[5.5.1009~1-e4940]:main():gmm-acc-stats-twofeats.cc:140) Average like for this file is -46.6006 over 158 frames.
LOG (gmm-acc-stats-twofeats[5.5.1009~1-e4940]:main():gmm-acc-stats-twofeats.cc:140) Average like for this file is -42.3627 over 68 frames.
LOG (gmm-acc-stats-twofeats[5.5.1009~1-e4940]:main():gmm-acc-stats-twofeats.cc:140) Average like for this file is -43.0709 over 72 frames.
LOG (gmm-acc-stats-twofeats[5.5.1009~1-e4940]:main():gmm-acc-stats-twofeats.cc:140) Average like for this file is -48.6386 over 139 frames.
LOG (gmm-acc-stats-twofeats[5.5.1009~1-e4940]:main():gmm-acc-stats-twofeats.cc:140) Average like for this file is -46.1097 over 113 frames.
LOG (gmm-acc-stats-twofeats[5.5.1009~1-e4940]:main():gmm-acc-stats-twofeats.cc:140) Average like for this file is -41.0414 over 87 frames.
LOG (gmm-acc-stats-twofeats[5.5.1009~1-e4940]:main():gmm-acc-stats-twofeats.cc:140) Average like for this file is -45.4677 over 166 frames.
LOG (gmm-acc-stats-twofeats[5.5.1009~1-e4940]:main():gmm-acc-stats-twofeats.cc:140) Average like for this file is -46.8383 over 97 frames.
LOG (gmm-acc-stats-twofeats[5.5.1009~1-e4940]:main():gmm-acc-stats-twofeats.cc:140) Average like for this file is -44.8228 over 164 frames.
LOG (gmm-acc-stats-twofeats[5.5.1009~1-e4940]:main():gmm-acc-stats-twofeats.cc:140) Average like for this file is -44.8474 over 263 frames.
LOG (gmm-acc-stats-twofeats[5.5.1009~1-e4940]:main():gmm-acc-stats-twofeats.cc:146) Avg like per frame so far is -45.2124
LOG (gmm-acc-stats-twofeats[5.5.1009~1-e4940]:main():gmm-acc-stats-twofeats.cc:140) Average like for this file is -52.8097 over 199 frames.
LOG (gmm-acc-stats-twofeats[5.5.1009~1-e4940]:main():gmm-acc-stats-twofeats.cc:140) Average like for this file is -46.8069 over 67 frames.
LOG (gmm-acc-stats-twofeats[5.5.1009~1-e4940]:main():gmm-acc-stats-twofeats.cc:140) Average like for this file is -50.4402 over 381 frames.
LOG (gmm-acc-stats-twofeats[5.5.1009~1-e4940]:main():gmm-acc-stats-twofeats.cc:140) Average like for this file is -45.9434 over 217 frames.
LOG (gmm-acc-stats-twofeats[5.5.1009~1-e4940]:main():gmm-acc-stats-twofeats.cc:140) Average like for this file is -47.1677 over 266 frames.
LOG (gmm-acc-stats-twofeats[5.5.1009~1-e4940]:main():gmm-acc-stats-twofeats.cc:140) Average like for this file is -48.5846 over 108 frames.
LOG (gmm-acc-stats-twofeats[5.5.1009~1-e4940]:main():gmm-acc-stats-twofeats.cc:140) Average like for this file is -47.7894 over 83 frames.
LOG (gmm-acc-stats-twofeats[5.5.1009~1-e4940]:main():gmm-acc-stats-twofeats.cc:140) Average like for this file is -43.7138 over 86 frames.
LOG (gmm-acc-stats-twofeats[5.5.1009~1-e4940]:main():gmm-acc-stats-twofeats.cc:140) Average like for this file is -45.6753 over 177 frames.
LOG (gmm-acc-stats-twofeats[5.5.1009~1-e4940]:main():gmm-acc-stats-twofeats.cc:140) Average like for this file is -46.3042 over 83 frames.
LOG (gmm-acc-stats-twofeats[5.5.1009~1-e4940]:main():gmm-acc-stats-twofeats.cc:146) Avg like per frame so far is -45.2858
LOG (gmm-acc-stats-twofeats[5.5.1009~1-e4940]:main():gmm-acc-stats-twofeats.cc:140) Average like for this file is -42.2104 over 216 frames.
LOG (gmm-acc-stats-twofeats[5.5.1009~1-e4940]:main():gmm-acc-stats-twofeats.cc:140) Average like for this file is -41.9003 over 86 frames.
LOG (gmm-acc-stats-twofeats[5.5.1009~1-e4940]:main():gmm-acc-stats-twofeats.cc:140) Average like for this file is -43.9718 over 241 frames.
LOG (gmm-acc-stats-twofeats[5.5.1009~1-e4940]:main():gmm-acc-stats-twofeats.cc:140) Average like for this file is -49.511 over 304 frames.
LOG (gmm-acc-stats-twofeats[5.5.1009~1-e4940]:main():gmm-acc-stats-twofeats.cc:140) Average like for this file is -45.0505 over 58 frames.
LOG (gmm-acc-stats-twofeats[5.5.1009~1-e4940]:main():gmm-acc-stats-twofeats.cc:140) Average like for this file is -47.1517 over 137 frames.
LOG (gmm-acc-stats-twofeats[5.5.1009~1-e4940]:main():gmm-acc-stats-twofeats.cc:140) Average like for this file is -46.1165 over 136 frames.
LOG (gmm-acc-stats-twofeats[5.5.1009~1-e4940]:main():gmm-acc-stats-twofeats.cc:140) Average like for this file is -39.7719 over 106 frames.
LOG (gmm-acc-stats-twofeats[5.5.1009~1-e4940]:main():gmm-acc-stats-twofeats.cc:140) Average like for this file is -44.6395 over 78 frames.
LOG (gmm-acc-stats-twofeats[5.5.1009~1-e4940]:main():gmm-acc-stats-twofeats.cc:140) Average like for this file is -44.8186 over 59 frames.
LOG (gmm-acc-stats-twofeats[5.5.1009~1-e4940]:main():gmm-acc-stats-twofeats.cc:146) Avg like per frame so far is -45.2815
LOG (gmm-acc-stats-twofeats[5.5.1009~1-e4940]:main():gmm-acc-stats-twofeats.cc:140) Average like for this file is -46.222 over 138 frames.
LOG (gmm-acc-stats-twofeats[5.5.1009~1-e4940]:main():gmm-acc-stats-twofeats.cc:140) Average like for this file is -42.7638 over 342 frames.
LOG (gmm-acc-stats-twofeats[5.5.1009~1-e4940]:main():gmm-acc-stats-twofeats.cc:140) Average like for this file is -43.2868 over 149 frames.
LOG (gmm-acc-stats-twofeats[5.5.1009~1-e4940]:main():gmm-acc-stats-twofeats.cc:140) Average like for this file is -46.4289 over 392 frames.
LOG (gmm-acc-stats-twofeats[5.5.1009~1-e4940]:main():gmm-acc-stats-twofeats.cc:140) Average like for this file is -44.988 over 279 frames.
LOG (gmm-acc-stats-twofeats[5.5.1009~1-e4940]:main():gmm-acc-stats-twofeats.cc:140) Average like for this file is -44.3046 over 64 frames.
LOG (gmm-acc-stats-twofeats[5.5.1009~1-e4940]:main():gmm-acc-stats-twofeats.cc:140) Average like for this file is -46.4761 over 150 frames.
LOG (gmm-acc-stats-twofeats[5.5.1009~1-e4940]:main():gmm-acc-stats-twofeats.cc:140) Average like for this file is -43.2735 over 101 frames.
LOG (gmm-acc-stats-twofeats[5.5.1009~1-e4940]:main():gmm-acc-stats-twofeats.cc:140) Average like for this file is -47.8158 over 212 frames.
LOG (gmm-acc-stats-twofeats[5.5.1009~1-e4940]:main():gmm-acc-stats-twofeats.cc:140) Average like for this file is -44.2238 over 223 frames.
LOG (gmm-acc-stats-twofeats[5.5.1009~1-e4940]:main():gmm-acc-stats-twofeats.cc:146) Avg like per frame so far is -45.2751
LOG (gmm-acc-stats-twofeats[5.5.1009~1-e4940]:main():gmm-acc-stats-twofeats.cc:140) Average like for this file is -48.8785 over 221 frames.
LOG (gmm-acc-stats-twofeats[5.5.1009~1-e4940]:main():gmm-acc-stats-twofeats.cc:140) Average like for this file is -43.3956 over 136 frames.
LOG (gmm-acc-stats-twofeats[5.5.1009~1-e4940]:main():gmm-acc-stats-twofeats.cc:140) Average like for this file is -43.7938 over 126 frames.
LOG (gmm-acc-stats-twofeats[5.5.1009~1-e4940]:main():gmm-acc-stats-twofeats.cc:140) Average like for this file is -46.3721 over 61 frames.
LOG (gmm-acc-stats-twofeats[5.5.1009~1-e4940]:main():gmm-acc-stats-twofeats.cc:140) Average like for this file is -47.4711 over 402 frames.
LOG (gmm-acc-stats-twofeats[5.5.1009~1-e4940]:main():gmm-acc-stats-twofeats.cc:140) Average like for this file is -54.5599 over 129 frames.
LOG (gmm-acc-stats-twofeats[5.5.1009~1-e4940]:main():gmm-acc-stats-twofeats.cc:140) Average like for this file is -47.9776 over 641 frames.
LOG (gmm-acc-stats-twofeats[5.5.1009~1-e4940]:main():gmm-acc-stats-twofeats.cc:140) Average like for this file is -46.8892 over 958 frames.
LOG (gmm-acc-stats-twofeats[5.5.1009~1-e4940]:main():gmm-acc-stats-twofeats.cc:140) Average like for this file is -48.4187 over 149 frames.
LOG (gmm-acc-stats-twofeats[5.5.1009~1-e4940]:main():gmm-acc-stats-twofeats.cc:140) Average like for this file is -47.5271 over 392 frames.
LOG (gmm-acc-stats-twofeats[5.5.1009~1-e4940]:main():gmm-acc-stats-twofeats.cc:146) Avg like per frame so far is -45.372
LOG (gmm-acc-stats-twofeats[5.5.1009~1-e4940]:main():gmm-acc-stats-twofeats.cc:140) Average like for this file is -48.5878 over 434 frames.
LOG (gmm-acc-stats-twofeats[5.5.1009~1-e4940]:main():gmm-acc-stats-twofeats.cc:140) Average like for this file is -48.62 over 111 frames.
LOG (gmm-acc-stats-twofeats[5.5.1009~1-e4940]:main():gmm-acc-stats-twofeats.cc:140) Average like for this file is -46.7743 over 319 frames.
LOG (gmm-acc-stats-twofeats[5.5.1009~1-e4940]:main():gmm-acc-stats-twofeats.cc:140) Average like for this file is -50.9421 over 534 frames.
LOG (gmm-acc-stats-twofeats[5.5.1009~1-e4940]:main():gmm-acc-stats-twofeats.cc:140) Average like for this file is -48.1608 over 223 frames.
LOG (gmm-acc-stats-twofeats[5.5.1009~1-e4940]:main():gmm-acc-stats-twofeats.cc:140) Average like for this file is -46.8533 over 289 frames.
LOG (gmm-acc-stats-twofeats[5.5.1009~1-e4940]:main():gmm-acc-stats-twofeats.cc:140) Average like for this file is -44.9507 over 452 frames.
LOG (gmm-acc-stats-twofeats[5.5.1009~1-e4940]:main():gmm-acc-stats-twofeats.cc:140) Average like for this file is -44.7176 over 214 frames.
LOG (gmm-acc-stats-twofeats[5.5.1009~1-e4940]:main():gmm-acc-stats-twofeats.cc:140) Average like for this file is -48.0752 over 215 frames.
LOG (gmm-acc-stats-twofeats[5.5.1009~1-e4940]:main():gmm-acc-stats-twofeats.cc:140) Average like for this file is -48.1175 over 177 frames.
LOG (gmm-acc-stats-twofeats[5.5.1009~1-e4940]:main():gmm-acc-stats-twofeats.cc:146) Avg like per frame so far is -45.4629
LOG (gmm-acc-stats-twofeats[5.5.1009~1-e4940]:main():gmm-acc-stats-twofeats.cc:140) Average like for this file is -51.9562 over 154 frames.
LOG (gmm-acc-stats-twofeats[5.5.1009~1-e4940]:main():gmm-acc-stats-twofeats.cc:140) Average like for this file is -49.8491 over 216 frames.
LOG (gmm-acc-stats-twofeats[5.5.1009~1-e4940]:main():gmm-acc-stats-twofeats.cc:140) Average like for this file is -49.9655 over 272 frames.
LOG (gmm-acc-stats-twofeats[5.5.1009~1-e4940]:main():gmm-acc-stats-twofeats.cc:140) Average like for this file is -47.719 over 233 frames.
LOG (gmm-acc-stats-twofeats[5.5.1009~1-e4940]:main():gmm-acc-stats-twofeats.cc:140) Average like for this file is -52.0348 over 436 frames.
LOG (gmm-acc-stats-twofeats[5.5.1009~1-e4940]:main():gmm-acc-stats-twofeats.cc:140) Average like for this file is -49.6739 over 751 frames.
LOG (gmm-acc-stats-twofeats[5.5.1009~1-e4940]:main():gmm-acc-stats-twofeats.cc:140) Average like for this file is -50.828 over 236 frames.
LOG (gmm-acc-stats-twofeats[5.5.1009~1-e4940]:main():gmm-acc-stats-twofeats.cc:140) Average like for this file is -48.3652 over 402 frames.
LOG (gmm-acc-stats-twofeats[5.5.1009~1-e4940]:main():gmm-acc-stats-twofeats.cc:140) Average like for this file is -43.7795 over 108 frames.
LOG (gmm-acc-stats-twofeats[5.5.1009~1-e4940]:main():gmm-acc-stats-twofeats.cc:140) Average like for this file is -40.6024 over 202 frames.
LOG (gmm-acc-stats-twofeats[5.5.1009~1-e4940]:main():gmm-acc-stats-twofeats.cc:146) Avg like per frame so far is -45.601
LOG (gmm-acc-stats-twofeats[5.5.1009~1-e4940]:main():gmm-acc-stats-twofeats.cc:140) Average like for this file is -41.4886 over 108 frames.
LOG (gmm-acc-stats-twofeats[5.5.1009~1-e4940]:main():gmm-acc-stats-twofeats.cc:140) Average like for this file is -41.8245 over 158 frames.
LOG (gmm-acc-stats-twofeats[5.5.1009~1-e4940]:main():gmm-acc-stats-twofeats.cc:140) Average like for this file is -44.463 over 206 frames.
LOG (gmm-acc-stats-twofeats[5.5.1009~1-e4940]:main():gmm-acc-stats-twofeats.cc:140) Average like for this file is -47.0991 over 333 frames.
LOG (gmm-acc-stats-twofeats[5.5.1009~1-e4940]:main():gmm-acc-stats-twofeats.cc:140) Average like for this file is -46.5757 over 163 frames.
LOG (gmm-acc-stats-twofeats[5.5.1009~1-e4940]:main():gmm-acc-stats-twofeats.cc:140) Average like for this file is -46.7898 over 448 frames.
LOG (gmm-acc-stats-twofeats[5.5.1009~1-e4940]:main():gmm-acc-stats-twofeats.cc:140) Average like for this file is -45.7179 over 438 frames.
LOG (gmm-acc-stats-twofeats[5.5.1009~1-e4940]:main():gmm-acc-stats-twofeats.cc:140) Average like for this file is -47.3754 over 199 frames.
LOG (gmm-acc-stats-twofeats[5.5.1009~1-e4940]:main():gmm-acc-stats-twofeats.cc:140) Average like for this file is -39.2425 over 53 frames.
LOG (gmm-acc-stats-twofeats[5.5.1009~1-e4940]:main():gmm-acc-stats-twofeats.cc:140) Average like for this file is -47.2716 over 246 frames.
LOG (gmm-acc-stats-twofeats[5.5.1009~1-e4940]:main():gmm-acc-stats-twofeats.cc:146) Avg like per frame so far is -45.6058
LOG (gmm-acc-stats-twofeats[5.5.1009~1-e4940]:main():gmm-acc-stats-twofeats.cc:140) Average like for this file is -45.0832 over 333 frames.
LOG (gmm-acc-stats-twofeats[5.5.1009~1-e4940]:main():gmm-acc-stats-twofeats.cc:140) Average like for this file is -43.3171 over 306 frames.
LOG (gmm-acc-stats-twofeats[5.5.1009~1-e4940]:main():gmm-acc-stats-twofeats.cc:140) Average like for this file is -45.0717 over 178 frames.
LOG (gmm-acc-stats-twofeats[5.5.1009~1-e4940]:main():gmm-acc-stats-twofeats.cc:140) Average like for this file is -43.5605 over 247 frames.
LOG (gmm-acc-stats-twofeats[5.5.1009~1-e4940]:main():gmm-acc-stats-twofeats.cc:140) Average like for this file is -48.0363 over 841 frames.
LOG (gmm-acc-stats-twofeats[5.5.1009~1-e4940]:main():gmm-acc-stats-twofeats.cc:140) Average like for this file is -45.8379 over 317 frames.
LOG (gmm-acc-stats-twofeats[5.5.1009~1-e4940]:main():gmm-acc-stats-twofeats.cc:140) Average like for this file is -41.4359 over 64 frames.
LOG (gmm-acc-stats-twofeats[5.5.1009~1-e4940]:main():gmm-acc-stats-twofeats.cc:140) Average like for this file is -41.4414 over 56 frames.
LOG (gmm-acc-stats-twofeats[5.5.1009~1-e4940]:main():gmm-acc-stats-twofeats.cc:140) Average like for this file is -41.1677 over 174 frames.
LOG (gmm-acc-stats-twofeats[5.5.1009~1-e4940]:main():gmm-acc-stats-twofeats.cc:140) Average like for this file is -48.5163 over 173 frames.
LOG (gmm-acc-stats-twofeats[5.5.1009~1-e4940]:main():gmm-acc-stats-twofeats.cc:146) Avg like per frame so far is -45.6043
LOG (gmm-acc-stats-twofeats[5.5.1009~1-e4940]:main():gmm-acc-stats-twofeats.cc:140) Average like for this file is -44.6083 over 184 frames.
LOG (gmm-acc-stats-twofeats[5.5.1009~1-e4940]:main():gmm-acc-stats-twofeats.cc:140) Average like for this file is -43.9628 over 238 frames.
LOG (gmm-acc-stats-twofeats[5.5.1009~1-e4940]:main():gmm-acc-stats-twofeats.cc:140) Average like for this file is -39.1164 over 88 frames.
LOG (gmm-acc-stats-twofeats[5.5.1009~1-e4940]:main():gmm-acc-stats-twofeats.cc:140) Average like for this file is -40.2339 over 93 frames.
LOG (gmm-acc-stats-twofeats[5.5.1009~1-e4940]:main():gmm-acc-stats-twofeats.cc:140) Average like for this file is -42.9087 over 92 frames.
LOG (gmm-acc-stats-twofeats[5.5.1009~1-e4940]:main():gmm-acc-stats-twofeats.cc:140) Average like for this file is -39.7047 over 83 frames.
LOG (gmm-acc-stats-twofeats[5.5.1009~1-e4940]:main():gmm-acc-stats-twofeats.cc:140) Average like for this file is -46.6596 over 173 frames.
LOG (gmm-acc-stats-twofeats[5.5.1009~1-e4940]:main():gmm-acc-stats-twofeats.cc:140) Average like for this file is -44.2847 over 148 frames.
LOG (ali-to-post[5.5.1009~1-e4940]:main():ali-to-post.cc:73) Converted 448 alignments.
LOG (gmm-acc-stats-twofeats[5.5.1009~1-e4940]:main():gmm-acc-stats-twofeats.cc:140) Average like for this file is -41.898 over 293 frames.
LOG (gmm-acc-stats-twofeats[5.5.1009~1-e4940]:main():gmm-acc-stats-twofeats.cc:140) Average like for this file is -44.5709 over 62 frames.
LOG (gmm-acc-stats-twofeats[5.5.1009~1-e4940]:main():gmm-acc-stats-twofeats.cc:146) Avg like per frame so far is -45.5632
LOG (gmm-acc-stats-twofeats[5.5.1009~1-e4940]:main():gmm-acc-stats-twofeats.cc:140) Average like for this file is -37.4542 over 68 frames.
LOG (gmm-acc-stats-twofeats[5.5.1009~1-e4940]:main():gmm-acc-stats-twofeats.cc:140) Average like for this file is -46.1021 over 149 frames.
LOG (gmm-acc-stats-twofeats[5.5.1009~1-e4940]:main():gmm-acc-stats-twofeats.cc:140) Average like for this file is -42.0697 over 177 frames.
LOG (gmm-acc-stats-twofeats[5.5.1009~1-e4940]:main():gmm-acc-stats-twofeats.cc:140) Average like for this file is -43.3431 over 358 frames.
LOG (gmm-acc-stats-twofeats[5.5.1009~1-e4940]:main():gmm-acc-stats-twofeats.cc:140) Average like for this file is -34.3124 over 79 frames.
LOG (gmm-acc-stats-twofeats[5.5.1009~1-e4940]:main():gmm-acc-stats-twofeats.cc:140) Average like for this file is -45.5812 over 68 frames.
LOG (gmm-acc-stats-twofeats[5.5.1009~1-e4940]:main():gmm-acc-stats-twofeats.cc:140) Average like for this file is -43.7278 over 119 frames.
LOG (gmm-acc-stats-twofeats[5.5.1009~1-e4940]:main():gmm-acc-stats-twofeats.cc:140) Average like for this file is -41.17 over 98 frames.
LOG (gmm-acc-stats-twofeats[5.5.1009~1-e4940]:main():gmm-acc-stats-twofeats.cc:140) Average like for this file is -43.0401 over 136 frames.
LOG (gmm-acc-stats-twofeats[5.5.1009~1-e4940]:main():gmm-acc-stats-twofeats.cc:140) Average like for this file is -43.2185 over 128 frames.
LOG (gmm-acc-stats-twofeats[5.5.1009~1-e4940]:main():gmm-acc-stats-twofeats.cc:146) Avg like per frame so far is -45.5167
LOG (gmm-acc-stats-twofeats[5.5.1009~1-e4940]:main():gmm-acc-stats-twofeats.cc:140) Average like for this file is -44.4211 over 271 frames.
LOG (gmm-acc-stats-twofeats[5.5.1009~1-e4940]:main():gmm-acc-stats-twofeats.cc:140) Average like for this file is -41.2763 over 131 frames.
LOG (gmm-acc-stats-twofeats[5.5.1009~1-e4940]:main():gmm-acc-stats-twofeats.cc:140) Average like for this file is -44.8485 over 107 frames.
LOG (gmm-acc-stats-twofeats[5.5.1009~1-e4940]:main():gmm-acc-stats-twofeats.cc:140) Average like for this file is -37.8272 over 56 frames.
LOG (apply-cmvn[5.5.1009~1-e4940]:main():apply-cmvn.cc:162) Applied cepstral mean normalization to 450 utterances, errors on 0
LOG (gmm-acc-stats-twofeats[5.5.1009~1-e4940]:main():gmm-acc-stats-twofeats.cc:140) Average like for this file is -39.6907 over 73 frames.
LOG (gmm-acc-stats-twofeats[5.5.1009~1-e4940]:main():gmm-acc-stats-twofeats.cc:140) Average like for this file is -45.2672 over 93 frames.
LOG (gmm-acc-stats-twofeats[5.5.1009~1-e4940]:main():gmm-acc-stats-twofeats.cc:140) Average like for this file is -47.9137 over 83 frames.
LOG (gmm-acc-stats-twofeats[5.5.1009~1-e4940]:main():gmm-acc-stats-twofeats.cc:140) Average like for this file is -42.9702 over 79 frames.
LOG (gmm-acc-stats-twofeats[5.5.1009~1-e4940]:main():gmm-acc-stats-twofeats.cc:140) Average like for this file is -41.6131 over 71 frames.
LOG (apply-cmvn[5.5.1009~1-e4940]:main():apply-cmvn.cc:162) Applied cepstral mean normalization to 450 utterances, errors on 0
LOG (gmm-acc-stats-twofeats[5.5.1009~1-e4940]:main():gmm-acc-stats-twofeats.cc:140) Average like for this file is -45.7189 over 372 frames.
LOG (gmm-acc-stats-twofeats[5.5.1009~1-e4940]:main():gmm-acc-stats-twofeats.cc:146) Avg like per frame so far is -45.4941
LOG (gmm-acc-stats-twofeats[5.5.1009~1-e4940]:main():gmm-acc-stats-twofeats.cc:140) Average like for this file is -42.0673 over 73 frames.
LOG (gmm-acc-stats-twofeats[5.5.1009~1-e4940]:main():gmm-acc-stats-twofeats.cc:140) Average like for this file is -45.692 over 183 frames.
LOG (gmm-acc-stats-twofeats[5.5.1009~1-e4940]:main():gmm-acc-stats-twofeats.cc:140) Average like for this file is -47.2209 over 173 frames.
LOG (gmm-acc-stats-twofeats[5.5.1009~1-e4940]:main():gmm-acc-stats-twofeats.cc:140) Average like for this file is -40.3133 over 78 frames.
LOG (gmm-acc-stats-twofeats[5.5.1009~1-e4940]:main():gmm-acc-stats-twofeats.cc:140) Average like for this file is -35.6084 over 61 frames.
LOG (gmm-acc-stats-twofeats[5.5.1009~1-e4940]:main():gmm-acc-stats-twofeats.cc:140) Average like for this file is -42.1857 over 101 frames.
LOG (transform-feats[5.5.1009~1-e4940]:main():transform-feats.cc:158) Overall average [pseudo-]logdet is -98.9864 over 90815 frames.
LOG (transform-feats[5.5.1009~1-e4940]:main():transform-feats.cc:161) Applied transform to 450 utterances; 0 had errors.
LOG (gmm-acc-stats-twofeats[5.5.1009~1-e4940]:main():gmm-acc-stats-twofeats.cc:140) Average like for this file is -46.3585 over 453 frames.
LOG (transform-feats[5.5.1009~1-e4940]:main():transform-feats.cc:158) Overall average logdet is 0.789449 over 90815 frames.
LOG (transform-feats[5.5.1009~1-e4940]:main():transform-feats.cc:161) Applied transform to 450 utterances; 0 had errors.
LOG (transform-feats[5.5.1009~1-e4940]:main():transform-feats.cc:158) Overall average [pseudo-]logdet is -98.9864 over 90815 frames.
LOG (transform-feats[5.5.1009~1-e4940]:main():transform-feats.cc:161) Applied transform to 450 utterances; 0 had errors.
LOG (gmm-acc-stats-twofeats[5.5.1009~1-e4940]:main():gmm-acc-stats-twofeats.cc:140) Average like for this file is -41.4764 over 538 frames.
LOG (gmm-acc-stats-twofeats[5.5.1009~1-e4940]:main():gmm-acc-stats-twofeats.cc:150) Done 448 files, 2 with no posteriors, 0 with no second features, 0 with other errors.
LOG (gmm-acc-stats-twofeats[5.5.1009~1-e4940]:main():gmm-acc-stats-twofeats.cc:155) Overall avg like per frame (Gaussian only) = -45.4607 over 90479 frames.
LOG (gmm-acc-stats-twofeats[5.5.1009~1-e4940]:main():gmm-acc-stats-twofeats.cc:163) Written accs.
# Accounting: time=2 threads=1
# Ended (code 0) at Tue Jun 14 11:04:44 UTC 2022, elapsed time 2 seconds
