# ali-to-post "ark:gunzip -c telugu_exp/tri3_cleaned/ali.34.gz|" ark:- | gmm-acc-stats-twofeats telugu_exp/tri3_cleaned/35.mdl "ark,s,cs:apply-cmvn  --utt2spk=ark:telugu_data/train_cleaned/split100/34/utt2spk scp:telugu_data/train_cleaned/split100/34/cmvn.scp scp:telugu_data/train_cleaned/split100/34/feats.scp ark:- | splice-feats  ark:- ark:- | transform-feats telugu_exp/tri3_ali_cleaned/final.mat ark:- ark:- | transform-feats --utt2spk=ark:telugu_data/train_cleaned/split100/34/utt2spk ark:telugu_exp/tri3_cleaned/trans.34 ark:- ark:- |" "ark,s,cs:apply-cmvn  --utt2spk=ark:telugu_data/train_cleaned/split100/34/utt2spk scp:telugu_data/train_cleaned/split100/34/cmvn.scp scp:telugu_data/train_cleaned/split100/34/feats.scp ark:- | splice-feats  ark:- ark:- | transform-feats telugu_exp/tri3_ali_cleaned/final.mat ark:- ark:- |" ark,s,cs:- telugu_exp/tri3_cleaned/35.34.acc 
# Started at Tue Jun 14 11:04:37 UTC 2022
#
gmm-acc-stats-twofeats telugu_exp/tri3_cleaned/35.mdl 'ark,s,cs:apply-cmvn  --utt2spk=ark:telugu_data/train_cleaned/split100/34/utt2spk scp:telugu_data/train_cleaned/split100/34/cmvn.scp scp:telugu_data/train_cleaned/split100/34/feats.scp ark:- | splice-feats  ark:- ark:- | transform-feats telugu_exp/tri3_ali_cleaned/final.mat ark:- ark:- | transform-feats --utt2spk=ark:telugu_data/train_cleaned/split100/34/utt2spk ark:telugu_exp/tri3_cleaned/trans.34 ark:- ark:- |' 'ark,s,cs:apply-cmvn  --utt2spk=ark:telugu_data/train_cleaned/split100/34/utt2spk scp:telugu_data/train_cleaned/split100/34/cmvn.scp scp:telugu_data/train_cleaned/split100/34/feats.scp ark:- | splice-feats  ark:- ark:- | transform-feats telugu_exp/tri3_ali_cleaned/final.mat ark:- ark:- |' ark,s,cs:- telugu_exp/tri3_cleaned/35.34.acc 
ali-to-post 'ark:gunzip -c telugu_exp/tri3_cleaned/ali.34.gz|' ark:- 
transform-feats telugu_exp/tri3_ali_cleaned/final.mat ark:- ark:- 
splice-feats ark:- ark:- 
apply-cmvn --utt2spk=ark:telugu_data/train_cleaned/split100/34/utt2spk scp:telugu_data/train_cleaned/split100/34/cmvn.scp scp:telugu_data/train_cleaned/split100/34/feats.scp ark:- 
transform-feats --utt2spk=ark:telugu_data/train_cleaned/split100/34/utt2spk ark:telugu_exp/tri3_cleaned/trans.34 ark:- ark:- 
splice-feats ark:- ark:- 
apply-cmvn --utt2spk=ark:telugu_data/train_cleaned/split100/34/utt2spk scp:telugu_data/train_cleaned/split100/34/cmvn.scp scp:telugu_data/train_cleaned/split100/34/feats.scp ark:- 
transform-feats telugu_exp/tri3_ali_cleaned/final.mat ark:- ark:- 
LOG (gmm-acc-stats-twofeats[5.5.1009~1-e4940]:main():gmm-acc-stats-twofeats.cc:140) Average like for this file is -49.0773 over 458 frames.
LOG (gmm-acc-stats-twofeats[5.5.1009~1-e4940]:main():gmm-acc-stats-twofeats.cc:140) Average like for this file is -52.2692 over 513 frames.
LOG (gmm-acc-stats-twofeats[5.5.1009~1-e4940]:main():gmm-acc-stats-twofeats.cc:140) Average like for this file is -49.8646 over 514 frames.
LOG (gmm-acc-stats-twofeats[5.5.1009~1-e4940]:main():gmm-acc-stats-twofeats.cc:140) Average like for this file is -47.9335 over 380 frames.
LOG (gmm-acc-stats-twofeats[5.5.1009~1-e4940]:main():gmm-acc-stats-twofeats.cc:140) Average like for this file is -47.0653 over 620 frames.
LOG (gmm-acc-stats-twofeats[5.5.1009~1-e4940]:main():gmm-acc-stats-twofeats.cc:140) Average like for this file is -46.5351 over 563 frames.
LOG (gmm-acc-stats-twofeats[5.5.1009~1-e4940]:main():gmm-acc-stats-twofeats.cc:140) Average like for this file is -48.4464 over 595 frames.
LOG (gmm-acc-stats-twofeats[5.5.1009~1-e4940]:main():gmm-acc-stats-twofeats.cc:140) Average like for this file is -46.7608 over 748 frames.
LOG (gmm-acc-stats-twofeats[5.5.1009~1-e4940]:main():gmm-acc-stats-twofeats.cc:140) Average like for this file is -49.6754 over 498 frames.
LOG (gmm-acc-stats-twofeats[5.5.1009~1-e4940]:main():gmm-acc-stats-twofeats.cc:140) Average like for this file is -48.961 over 355 frames.
LOG (gmm-acc-stats-twofeats[5.5.1009~1-e4940]:main():gmm-acc-stats-twofeats.cc:146) Avg like per frame so far is -48.5199
LOG (gmm-acc-stats-twofeats[5.5.1009~1-e4940]:main():gmm-acc-stats-twofeats.cc:140) Average like for this file is -46.1278 over 522 frames.
LOG (gmm-acc-stats-twofeats[5.5.1009~1-e4940]:main():gmm-acc-stats-twofeats.cc:140) Average like for this file is -47.6634 over 502 frames.
LOG (gmm-acc-stats-twofeats[5.5.1009~1-e4940]:main():gmm-acc-stats-twofeats.cc:140) Average like for this file is -47.4634 over 560 frames.
LOG (gmm-acc-stats-twofeats[5.5.1009~1-e4940]:main():gmm-acc-stats-twofeats.cc:140) Average like for this file is -49.9265 over 533 frames.
LOG (gmm-acc-stats-twofeats[5.5.1009~1-e4940]:main():gmm-acc-stats-twofeats.cc:140) Average like for this file is -49.3219 over 548 frames.
LOG (gmm-acc-stats-twofeats[5.5.1009~1-e4940]:main():gmm-acc-stats-twofeats.cc:140) Average like for this file is -48.5213 over 718 frames.
LOG (gmm-acc-stats-twofeats[5.5.1009~1-e4940]:main():gmm-acc-stats-twofeats.cc:140) Average like for this file is -47.1081 over 674 frames.
LOG (gmm-acc-stats-twofeats[5.5.1009~1-e4940]:main():gmm-acc-stats-twofeats.cc:140) Average like for this file is -47.921 over 552 frames.
LOG (gmm-acc-stats-twofeats[5.5.1009~1-e4940]:main():gmm-acc-stats-twofeats.cc:140) Average like for this file is -45.2095 over 454 frames.
LOG (gmm-acc-stats-twofeats[5.5.1009~1-e4940]:main():gmm-acc-stats-twofeats.cc:140) Average like for this file is -47.9997 over 476 frames.
LOG (gmm-acc-stats-twofeats[5.5.1009~1-e4940]:main():gmm-acc-stats-twofeats.cc:146) Avg like per frame so far is -48.1385
LOG (gmm-acc-stats-twofeats[5.5.1009~1-e4940]:main():gmm-acc-stats-twofeats.cc:140) Average like for this file is -47.7465 over 617 frames.
LOG (gmm-acc-stats-twofeats[5.5.1009~1-e4940]:main():gmm-acc-stats-twofeats.cc:140) Average like for this file is -48.9638 over 591 frames.
LOG (gmm-acc-stats-twofeats[5.5.1009~1-e4940]:main():gmm-acc-stats-twofeats.cc:140) Average like for this file is -48.6018 over 490 frames.
LOG (gmm-acc-stats-twofeats[5.5.1009~1-e4940]:main():gmm-acc-stats-twofeats.cc:140) Average like for this file is -46.6604 over 533 frames.
LOG (gmm-acc-stats-twofeats[5.5.1009~1-e4940]:main():gmm-acc-stats-twofeats.cc:140) Average like for this file is -46.0353 over 575 frames.
LOG (gmm-acc-stats-twofeats[5.5.1009~1-e4940]:main():gmm-acc-stats-twofeats.cc:140) Average like for this file is -46.5552 over 600 frames.
LOG (gmm-acc-stats-twofeats[5.5.1009~1-e4940]:main():gmm-acc-stats-twofeats.cc:140) Average like for this file is -47.469 over 800 frames.
LOG (gmm-acc-stats-twofeats[5.5.1009~1-e4940]:main():gmm-acc-stats-twofeats.cc:140) Average like for this file is -49.8252 over 542 frames.
LOG (gmm-acc-stats-twofeats[5.5.1009~1-e4940]:main():gmm-acc-stats-twofeats.cc:140) Average like for this file is -49.5241 over 413 frames.
LOG (gmm-acc-stats-twofeats[5.5.1009~1-e4940]:main():gmm-acc-stats-twofeats.cc:140) Average like for this file is -45.7015 over 398 frames.
LOG (gmm-acc-stats-twofeats[5.5.1009~1-e4940]:main():gmm-acc-stats-twofeats.cc:146) Avg like per frame so far is -47.9859
LOG (gmm-acc-stats-twofeats[5.5.1009~1-e4940]:main():gmm-acc-stats-twofeats.cc:140) Average like for this file is -46.906 over 451 frames.
LOG (gmm-acc-stats-twofeats[5.5.1009~1-e4940]:main():gmm-acc-stats-twofeats.cc:140) Average like for this file is -48.9015 over 549 frames.
LOG (gmm-acc-stats-twofeats[5.5.1009~1-e4940]:main():gmm-acc-stats-twofeats.cc:140) Average like for this file is -48.2221 over 750 frames.
LOG (gmm-acc-stats-twofeats[5.5.1009~1-e4940]:main():gmm-acc-stats-twofeats.cc:140) Average like for this file is -50.7069 over 500 frames.
LOG (gmm-acc-stats-twofeats[5.5.1009~1-e4940]:main():gmm-acc-stats-twofeats.cc:140) Average like for this file is -46.435 over 528 frames.
LOG (gmm-acc-stats-twofeats[5.5.1009~1-e4940]:main():gmm-acc-stats-twofeats.cc:140) Average like for this file is -47.1426 over 751 frames.
LOG (gmm-acc-stats-twofeats[5.5.1009~1-e4940]:main():gmm-acc-stats-twofeats.cc:140) Average like for this file is -48.216 over 575 frames.
LOG (gmm-acc-stats-twofeats[5.5.1009~1-e4940]:main():gmm-acc-stats-twofeats.cc:140) Average like for this file is -49.066 over 437 frames.
LOG (gmm-acc-stats-twofeats[5.5.1009~1-e4940]:main():gmm-acc-stats-twofeats.cc:140) Average like for this file is -48.4895 over 502 frames.
LOG (gmm-acc-stats-twofeats[5.5.1009~1-e4940]:main():gmm-acc-stats-twofeats.cc:140) Average like for this file is -45.7425 over 666 frames.
LOG (gmm-acc-stats-twofeats[5.5.1009~1-e4940]:main():gmm-acc-stats-twofeats.cc:146) Avg like per frame so far is -47.9616
LOG (gmm-acc-stats-twofeats[5.5.1009~1-e4940]:main():gmm-acc-stats-twofeats.cc:140) Average like for this file is -48.7167 over 732 frames.
LOG (gmm-acc-stats-twofeats[5.5.1009~1-e4940]:main():gmm-acc-stats-twofeats.cc:140) Average like for this file is -45.0545 over 359 frames.
LOG (gmm-acc-stats-twofeats[5.5.1009~1-e4940]:main():gmm-acc-stats-twofeats.cc:140) Average like for this file is -49.3892 over 384 frames.
LOG (gmm-acc-stats-twofeats[5.5.1009~1-e4940]:main():gmm-acc-stats-twofeats.cc:140) Average like for this file is -47.0443 over 419 frames.
LOG (gmm-acc-stats-twofeats[5.5.1009~1-e4940]:main():gmm-acc-stats-twofeats.cc:140) Average like for this file is -47.9997 over 688 frames.
LOG (gmm-acc-stats-twofeats[5.5.1009~1-e4940]:main():gmm-acc-stats-twofeats.cc:140) Average like for this file is -49.4399 over 411 frames.
LOG (gmm-acc-stats-twofeats[5.5.1009~1-e4940]:main():gmm-acc-stats-twofeats.cc:140) Average like for this file is -46.9481 over 592 frames.
LOG (gmm-acc-stats-twofeats[5.5.1009~1-e4940]:main():gmm-acc-stats-twofeats.cc:140) Average like for this file is -48.3709 over 480 frames.
LOG (gmm-acc-stats-twofeats[5.5.1009~1-e4940]:main():gmm-acc-stats-twofeats.cc:140) Average like for this file is -47.05 over 688 frames.
LOG (gmm-acc-stats-twofeats[5.5.1009~1-e4940]:main():gmm-acc-stats-twofeats.cc:140) Average like for this file is -46.1349 over 337 frames.
LOG (gmm-acc-stats-twofeats[5.5.1009~1-e4940]:main():gmm-acc-stats-twofeats.cc:146) Avg like per frame so far is -47.9123
LOG (gmm-acc-stats-twofeats[5.5.1009~1-e4940]:main():gmm-acc-stats-twofeats.cc:140) Average like for this file is -46.451 over 347 frames.
LOG (gmm-acc-stats-twofeats[5.5.1009~1-e4940]:main():gmm-acc-stats-twofeats.cc:140) Average like for this file is -51.2079 over 483 frames.
LOG (gmm-acc-stats-twofeats[5.5.1009~1-e4940]:main():gmm-acc-stats-twofeats.cc:140) Average like for this file is -47.6581 over 365 frames.
LOG (gmm-acc-stats-twofeats[5.5.1009~1-e4940]:main():gmm-acc-stats-twofeats.cc:140) Average like for this file is -48.7454 over 660 frames.
LOG (gmm-acc-stats-twofeats[5.5.1009~1-e4940]:main():gmm-acc-stats-twofeats.cc:140) Average like for this file is -48.1974 over 516 frames.
LOG (gmm-acc-stats-twofeats[5.5.1009~1-e4940]:main():gmm-acc-stats-twofeats.cc:140) Average like for this file is -47.0441 over 493 frames.
LOG (gmm-acc-stats-twofeats[5.5.1009~1-e4940]:main():gmm-acc-stats-twofeats.cc:140) Average like for this file is -48.4509 over 519 frames.
LOG (gmm-acc-stats-twofeats[5.5.1009~1-e4940]:main():gmm-acc-stats-twofeats.cc:140) Average like for this file is -46.7868 over 396 frames.
LOG (gmm-acc-stats-twofeats[5.5.1009~1-e4940]:main():gmm-acc-stats-twofeats.cc:140) Average like for this file is -46.6594 over 485 frames.
LOG (gmm-acc-stats-twofeats[5.5.1009~1-e4940]:main():gmm-acc-stats-twofeats.cc:140) Average like for this file is -46.4212 over 650 frames.
LOG (gmm-acc-stats-twofeats[5.5.1009~1-e4940]:main():gmm-acc-stats-twofeats.cc:146) Avg like per frame so far is -47.8972
LOG (gmm-acc-stats-twofeats[5.5.1009~1-e4940]:main():gmm-acc-stats-twofeats.cc:140) Average like for this file is -49.8352 over 432 frames.
LOG (gmm-acc-stats-twofeats[5.5.1009~1-e4940]:main():gmm-acc-stats-twofeats.cc:140) Average like for this file is -44.0727 over 437 frames.
LOG (gmm-acc-stats-twofeats[5.5.1009~1-e4940]:main():gmm-acc-stats-twofeats.cc:140) Average like for this file is -48.3677 over 522 frames.
LOG (gmm-acc-stats-twofeats[5.5.1009~1-e4940]:main():gmm-acc-stats-twofeats.cc:140) Average like for this file is -49.4081 over 234 frames.
LOG (gmm-acc-stats-twofeats[5.5.1009~1-e4940]:main():gmm-acc-stats-twofeats.cc:140) Average like for this file is -49.4616 over 391 frames.
LOG (gmm-acc-stats-twofeats[5.5.1009~1-e4940]:main():gmm-acc-stats-twofeats.cc:140) Average like for this file is -48.4257 over 398 frames.
LOG (gmm-acc-stats-twofeats[5.5.1009~1-e4940]:main():gmm-acc-stats-twofeats.cc:140) Average like for this file is -47.3402 over 414 frames.
LOG (gmm-acc-stats-twofeats[5.5.1009~1-e4940]:main():gmm-acc-stats-twofeats.cc:140) Average like for this file is -48.9013 over 567 frames.
LOG (gmm-acc-stats-twofeats[5.5.1009~1-e4940]:main():gmm-acc-stats-twofeats.cc:140) Average like for this file is -45.6428 over 452 frames.
LOG (gmm-acc-stats-twofeats[5.5.1009~1-e4940]:main():gmm-acc-stats-twofeats.cc:140) Average like for this file is -46.7751 over 466 frames.
LOG (gmm-acc-stats-twofeats[5.5.1009~1-e4940]:main():gmm-acc-stats-twofeats.cc:146) Avg like per frame so far is -47.8803
LOG (gmm-acc-stats-twofeats[5.5.1009~1-e4940]:main():gmm-acc-stats-twofeats.cc:140) Average like for this file is -48.1806 over 724 frames.
LOG (gmm-acc-stats-twofeats[5.5.1009~1-e4940]:main():gmm-acc-stats-twofeats.cc:140) Average like for this file is -47.5521 over 723 frames.
LOG (gmm-acc-stats-twofeats[5.5.1009~1-e4940]:main():gmm-acc-stats-twofeats.cc:140) Average like for this file is -46.5969 over 1001 frames.
LOG (gmm-acc-stats-twofeats[5.5.1009~1-e4940]:main():gmm-acc-stats-twofeats.cc:140) Average like for this file is -46.7897 over 365 frames.
LOG (gmm-acc-stats-twofeats[5.5.1009~1-e4940]:main():gmm-acc-stats-twofeats.cc:140) Average like for this file is -47.6845 over 693 frames.
LOG (gmm-acc-stats-twofeats[5.5.1009~1-e4940]:main():gmm-acc-stats-twofeats.cc:140) Average like for this file is -47.5011 over 494 frames.
LOG (gmm-acc-stats-twofeats[5.5.1009~1-e4940]:main():gmm-acc-stats-twofeats.cc:140) Average like for this file is -48.4 over 735 frames.
LOG (gmm-acc-stats-twofeats[5.5.1009~1-e4940]:main():gmm-acc-stats-twofeats.cc:140) Average like for this file is -48.1423 over 598 frames.
LOG (gmm-acc-stats-twofeats[5.5.1009~1-e4940]:main():gmm-acc-stats-twofeats.cc:140) Average like for this file is -47.5662 over 619 frames.
LOG (gmm-acc-stats-twofeats[5.5.1009~1-e4940]:main():gmm-acc-stats-twofeats.cc:140) Average like for this file is -50.3508 over 518 frames.
LOG (gmm-acc-stats-twofeats[5.5.1009~1-e4940]:main():gmm-acc-stats-twofeats.cc:146) Avg like per frame so far is -47.8709
LOG (gmm-acc-stats-twofeats[5.5.1009~1-e4940]:main():gmm-acc-stats-twofeats.cc:140) Average like for this file is -49.222 over 390 frames.
LOG (gmm-acc-stats-twofeats[5.5.1009~1-e4940]:main():gmm-acc-stats-twofeats.cc:140) Average like for this file is -44.0317 over 387 frames.
LOG (gmm-acc-stats-twofeats[5.5.1009~1-e4940]:main():gmm-acc-stats-twofeats.cc:140) Average like for this file is -47.4786 over 447 frames.
LOG (gmm-acc-stats-twofeats[5.5.1009~1-e4940]:main():gmm-acc-stats-twofeats.cc:140) Average like for this file is -48.4067 over 549 frames.
LOG (gmm-acc-stats-twofeats[5.5.1009~1-e4940]:main():gmm-acc-stats-twofeats.cc:140) Average like for this file is -46.4359 over 577 frames.
LOG (gmm-acc-stats-twofeats[5.5.1009~1-e4940]:main():gmm-acc-stats-twofeats.cc:140) Average like for this file is -46.9288 over 379 frames.
LOG (gmm-acc-stats-twofeats[5.5.1009~1-e4940]:main():gmm-acc-stats-twofeats.cc:140) Average like for this file is -46.8166 over 501 frames.
LOG (gmm-acc-stats-twofeats[5.5.1009~1-e4940]:main():gmm-acc-stats-twofeats.cc:140) Average like for this file is -44.6457 over 341 frames.
LOG (gmm-acc-stats-twofeats[5.5.1009~1-e4940]:main():gmm-acc-stats-twofeats.cc:140) Average like for this file is -46.2817 over 536 frames.
LOG (gmm-acc-stats-twofeats[5.5.1009~1-e4940]:main():gmm-acc-stats-twofeats.cc:140) Average like for this file is -46.0358 over 637 frames.
LOG (gmm-acc-stats-twofeats[5.5.1009~1-e4940]:main():gmm-acc-stats-twofeats.cc:146) Avg like per frame so far is -47.7517
LOG (gmm-acc-stats-twofeats[5.5.1009~1-e4940]:main():gmm-acc-stats-twofeats.cc:140) Average like for this file is -46.5661 over 586 frames.
LOG (gmm-acc-stats-twofeats[5.5.1009~1-e4940]:main():gmm-acc-stats-twofeats.cc:140) Average like for this file is -44.5611 over 579 frames.
LOG (gmm-acc-stats-twofeats[5.5.1009~1-e4940]:main():gmm-acc-stats-twofeats.cc:140) Average like for this file is -44.3609 over 368 frames.
LOG (gmm-acc-stats-twofeats[5.5.1009~1-e4940]:main():gmm-acc-stats-twofeats.cc:140) Average like for this file is -48.6433 over 739 frames.
LOG (gmm-acc-stats-twofeats[5.5.1009~1-e4940]:main():gmm-acc-stats-twofeats.cc:140) Average like for this file is -46.8442 over 823 frames.
LOG (gmm-acc-stats-twofeats[5.5.1009~1-e4940]:main():gmm-acc-stats-twofeats.cc:140) Average like for this file is -44.0008 over 434 frames.
LOG (gmm-acc-stats-twofeats[5.5.1009~1-e4940]:main():gmm-acc-stats-twofeats.cc:140) Average like for this file is -46.9422 over 458 frames.
LOG (gmm-acc-stats-twofeats[5.5.1009~1-e4940]:main():gmm-acc-stats-twofeats.cc:140) Average like for this file is -50.0482 over 762 frames.
LOG (gmm-acc-stats-twofeats[5.5.1009~1-e4940]:main():gmm-acc-stats-twofeats.cc:140) Average like for this file is -45.418 over 459 frames.
LOG (gmm-acc-stats-twofeats[5.5.1009~1-e4940]:main():gmm-acc-stats-twofeats.cc:140) Average like for this file is -43.9416 over 500 frames.
LOG (gmm-acc-stats-twofeats[5.5.1009~1-e4940]:main():gmm-acc-stats-twofeats.cc:146) Avg like per frame so far is -47.6184
LOG (gmm-acc-stats-twofeats[5.5.1009~1-e4940]:main():gmm-acc-stats-twofeats.cc:140) Average like for this file is -46.5571 over 489 frames.
LOG (gmm-acc-stats-twofeats[5.5.1009~1-e4940]:main():gmm-acc-stats-twofeats.cc:140) Average like for this file is -47.4711 over 593 frames.
LOG (gmm-acc-stats-twofeats[5.5.1009~1-e4940]:main():gmm-acc-stats-twofeats.cc:140) Average like for this file is -47.8229 over 618 frames.
LOG (gmm-acc-stats-twofeats[5.5.1009~1-e4940]:main():gmm-acc-stats-twofeats.cc:140) Average like for this file is -46.3096 over 449 frames.
LOG (gmm-acc-stats-twofeats[5.5.1009~1-e4940]:main():gmm-acc-stats-twofeats.cc:140) Average like for this file is -44.7812 over 374 frames.
LOG (gmm-acc-stats-twofeats[5.5.1009~1-e4940]:main():gmm-acc-stats-twofeats.cc:140) Average like for this file is -46.9679 over 851 frames.
LOG (gmm-acc-stats-twofeats[5.5.1009~1-e4940]:main():gmm-acc-stats-twofeats.cc:140) Average like for this file is -41.8808 over 360 frames.
LOG (gmm-acc-stats-twofeats[5.5.1009~1-e4940]:main():gmm-acc-stats-twofeats.cc:140) Average like for this file is -47.2273 over 428 frames.
LOG (gmm-acc-stats-twofeats[5.5.1009~1-e4940]:main():gmm-acc-stats-twofeats.cc:140) Average like for this file is -45.4465 over 468 frames.
LOG (gmm-acc-stats-twofeats[5.5.1009~1-e4940]:main():gmm-acc-stats-twofeats.cc:140) Average like for this file is -45.7295 over 421 frames.
LOG (gmm-acc-stats-twofeats[5.5.1009~1-e4940]:main():gmm-acc-stats-twofeats.cc:146) Avg like per frame so far is -47.5031
LOG (gmm-acc-stats-twofeats[5.5.1009~1-e4940]:main():gmm-acc-stats-twofeats.cc:140) Average like for this file is -45.2437 over 488 frames.
LOG (gmm-acc-stats-twofeats[5.5.1009~1-e4940]:main():gmm-acc-stats-twofeats.cc:140) Average like for this file is -46.6734 over 496 frames.
LOG (gmm-acc-stats-twofeats[5.5.1009~1-e4940]:main():gmm-acc-stats-twofeats.cc:140) Average like for this file is -45.6051 over 471 frames.
LOG (gmm-acc-stats-twofeats[5.5.1009~1-e4940]:main():gmm-acc-stats-twofeats.cc:140) Average like for this file is -44.5259 over 536 frames.
LOG (gmm-acc-stats-twofeats[5.5.1009~1-e4940]:main():gmm-acc-stats-twofeats.cc:140) Average like for this file is -48.7455 over 586 frames.
LOG (gmm-acc-stats-twofeats[5.5.1009~1-e4940]:main():gmm-acc-stats-twofeats.cc:140) Average like for this file is -49.3005 over 1214 frames.
LOG (gmm-acc-stats-twofeats[5.5.1009~1-e4940]:main():gmm-acc-stats-twofeats.cc:140) Average like for this file is -48.8928 over 692 frames.
LOG (gmm-acc-stats-twofeats[5.5.1009~1-e4940]:main():gmm-acc-stats-twofeats.cc:140) Average like for this file is -48.2203 over 579 frames.
LOG (gmm-acc-stats-twofeats[5.5.1009~1-e4940]:main():gmm-acc-stats-twofeats.cc:140) Average like for this file is -48.3471 over 772 frames.
LOG (gmm-acc-stats-twofeats[5.5.1009~1-e4940]:main():gmm-acc-stats-twofeats.cc:140) Average like for this file is -48.1495 over 648 frames.
LOG (gmm-acc-stats-twofeats[5.5.1009~1-e4940]:main():gmm-acc-stats-twofeats.cc:146) Avg like per frame so far is -47.524
LOG (gmm-acc-stats-twofeats[5.5.1009~1-e4940]:main():gmm-acc-stats-twofeats.cc:140) Average like for this file is -44.5176 over 473 frames.
LOG (gmm-acc-stats-twofeats[5.5.1009~1-e4940]:main():gmm-acc-stats-twofeats.cc:140) Average like for this file is -43.769 over 391 frames.
LOG (gmm-acc-stats-twofeats[5.5.1009~1-e4940]:main():gmm-acc-stats-twofeats.cc:140) Average like for this file is -49.1002 over 435 frames.
LOG (gmm-acc-stats-twofeats[5.5.1009~1-e4940]:main():gmm-acc-stats-twofeats.cc:140) Average like for this file is -45.0389 over 556 frames.
LOG (gmm-acc-stats-twofeats[5.5.1009~1-e4940]:main():gmm-acc-stats-twofeats.cc:140) Average like for this file is -44.4128 over 455 frames.
LOG (gmm-acc-stats-twofeats[5.5.1009~1-e4940]:main():gmm-acc-stats-twofeats.cc:140) Average like for this file is -50.679 over 741 frames.
LOG (gmm-acc-stats-twofeats[5.5.1009~1-e4940]:main():gmm-acc-stats-twofeats.cc:140) Average like for this file is -45.6097 over 393 frames.
LOG (gmm-acc-stats-twofeats[5.5.1009~1-e4940]:main():gmm-acc-stats-twofeats.cc:140) Average like for this file is -47.678 over 486 frames.
LOG (gmm-acc-stats-twofeats[5.5.1009~1-e4940]:main():gmm-acc-stats-twofeats.cc:140) Average like for this file is -50.4283 over 634 frames.
LOG (gmm-acc-stats-twofeats[5.5.1009~1-e4940]:main():gmm-acc-stats-twofeats.cc:140) Average like for this file is -48.3591 over 668 frames.
LOG (gmm-acc-stats-twofeats[5.5.1009~1-e4940]:main():gmm-acc-stats-twofeats.cc:146) Avg like per frame so far is -47.5105
LOG (gmm-acc-stats-twofeats[5.5.1009~1-e4940]:main():gmm-acc-stats-twofeats.cc:140) Average like for this file is -46.8468 over 752 frames.
LOG (gmm-acc-stats-twofeats[5.5.1009~1-e4940]:main():gmm-acc-stats-twofeats.cc:140) Average like for this file is -46.2011 over 484 frames.
LOG (gmm-acc-stats-twofeats[5.5.1009~1-e4940]:main():gmm-acc-stats-twofeats.cc:140) Average like for this file is -50.0297 over 1002 frames.
LOG (gmm-acc-stats-twofeats[5.5.1009~1-e4940]:main():gmm-acc-stats-twofeats.cc:140) Average like for this file is -47.5349 over 539 frames.
LOG (gmm-acc-stats-twofeats[5.5.1009~1-e4940]:main():gmm-acc-stats-twofeats.cc:140) Average like for this file is -46.5898 over 793 frames.
LOG (gmm-acc-stats-twofeats[5.5.1009~1-e4940]:main():gmm-acc-stats-twofeats.cc:140) Average like for this file is -48.2097 over 620 frames.
LOG (gmm-acc-stats-twofeats[5.5.1009~1-e4940]:main():gmm-acc-stats-twofeats.cc:140) Average like for this file is -46.8353 over 508 frames.
LOG (gmm-acc-stats-twofeats[5.5.1009~1-e4940]:main():gmm-acc-stats-twofeats.cc:140) Average like for this file is -48.7863 over 723 frames.
LOG (gmm-acc-stats-twofeats[5.5.1009~1-e4940]:main():gmm-acc-stats-twofeats.cc:140) Average like for this file is -50.527 over 841 frames.
LOG (gmm-acc-stats-twofeats[5.5.1009~1-e4940]:main():gmm-acc-stats-twofeats.cc:140) Average like for this file is -45.9418 over 451 frames.
LOG (gmm-acc-stats-twofeats[5.5.1009~1-e4940]:main():gmm-acc-stats-twofeats.cc:146) Avg like per frame so far is -47.5563
LOG (gmm-acc-stats-twofeats[5.5.1009~1-e4940]:main():gmm-acc-stats-twofeats.cc:140) Average like for this file is -46.3772 over 594 frames.
LOG (gmm-acc-stats-twofeats[5.5.1009~1-e4940]:main():gmm-acc-stats-twofeats.cc:140) Average like for this file is -46.4409 over 788 frames.
LOG (gmm-acc-stats-twofeats[5.5.1009~1-e4940]:main():gmm-acc-stats-twofeats.cc:140) Average like for this file is -46.1313 over 615 frames.
LOG (gmm-acc-stats-twofeats[5.5.1009~1-e4940]:main():gmm-acc-stats-twofeats.cc:140) Average like for this file is -49.5172 over 382 frames.
LOG (gmm-acc-stats-twofeats[5.5.1009~1-e4940]:main():gmm-acc-stats-twofeats.cc:140) Average like for this file is -47.481 over 374 frames.
LOG (gmm-acc-stats-twofeats[5.5.1009~1-e4940]:main():gmm-acc-stats-twofeats.cc:140) Average like for this file is -48.2605 over 408 frames.
LOG (gmm-acc-stats-twofeats[5.5.1009~1-e4940]:main():gmm-acc-stats-twofeats.cc:140) Average like for this file is -45.6695 over 370 frames.
LOG (gmm-acc-stats-twofeats[5.5.1009~1-e4940]:main():gmm-acc-stats-twofeats.cc:140) Average like for this file is -52.6904 over 576 frames.
LOG (gmm-acc-stats-twofeats[5.5.1009~1-e4940]:main():gmm-acc-stats-twofeats.cc:140) Average like for this file is -47.6846 over 533 frames.
LOG (gmm-acc-stats-twofeats[5.5.1009~1-e4940]:main():gmm-acc-stats-twofeats.cc:140) Average like for this file is -48.7094 over 375 frames.
LOG (gmm-acc-stats-twofeats[5.5.1009~1-e4940]:main():gmm-acc-stats-twofeats.cc:146) Avg like per frame so far is -47.5724
LOG (gmm-acc-stats-twofeats[5.5.1009~1-e4940]:main():gmm-acc-stats-twofeats.cc:140) Average like for this file is -48.1095 over 475 frames.
LOG (gmm-acc-stats-twofeats[5.5.1009~1-e4940]:main():gmm-acc-stats-twofeats.cc:140) Average like for this file is -43.2991 over 476 frames.
LOG (gmm-acc-stats-twofeats[5.5.1009~1-e4940]:main():gmm-acc-stats-twofeats.cc:140) Average like for this file is -44.9657 over 518 frames.
LOG (gmm-acc-stats-twofeats[5.5.1009~1-e4940]:main():gmm-acc-stats-twofeats.cc:140) Average like for this file is -50.7368 over 335 frames.
LOG (gmm-acc-stats-twofeats[5.5.1009~1-e4940]:main():gmm-acc-stats-twofeats.cc:140) Average like for this file is -44.4864 over 505 frames.
LOG (gmm-acc-stats-twofeats[5.5.1009~1-e4940]:main():gmm-acc-stats-twofeats.cc:140) Average like for this file is -43.7902 over 405 frames.
LOG (gmm-acc-stats-twofeats[5.5.1009~1-e4940]:main():gmm-acc-stats-twofeats.cc:140) Average like for this file is -47.1882 over 466 frames.
LOG (gmm-acc-stats-twofeats[5.5.1009~1-e4940]:main():gmm-acc-stats-twofeats.cc:140) Average like for this file is -43.6356 over 321 frames.
LOG (gmm-acc-stats-twofeats[5.5.1009~1-e4940]:main():gmm-acc-stats-twofeats.cc:140) Average like for this file is -44.1309 over 397 frames.
LOG (gmm-acc-stats-twofeats[5.5.1009~1-e4940]:main():gmm-acc-stats-twofeats.cc:140) Average like for this file is -49.7581 over 772 frames.
LOG (gmm-acc-stats-twofeats[5.5.1009~1-e4940]:main():gmm-acc-stats-twofeats.cc:146) Avg like per frame so far is -47.4997
LOG (gmm-acc-stats-twofeats[5.5.1009~1-e4940]:main():gmm-acc-stats-twofeats.cc:140) Average like for this file is -47.953 over 275 frames.
LOG (gmm-acc-stats-twofeats[5.5.1009~1-e4940]:main():gmm-acc-stats-twofeats.cc:140) Average like for this file is -48.6377 over 384 frames.
LOG (gmm-acc-stats-twofeats[5.5.1009~1-e4940]:main():gmm-acc-stats-twofeats.cc:140) Average like for this file is -47.7335 over 494 frames.
LOG (gmm-acc-stats-twofeats[5.5.1009~1-e4940]:main():gmm-acc-stats-twofeats.cc:140) Average like for this file is -47.8644 over 440 frames.
LOG (gmm-acc-stats-twofeats[5.5.1009~1-e4940]:main():gmm-acc-stats-twofeats.cc:140) Average like for this file is -48.949 over 452 frames.
LOG (gmm-acc-stats-twofeats[5.5.1009~1-e4940]:main():gmm-acc-stats-twofeats.cc:140) Average like for this file is -49.3844 over 580 frames.
LOG (gmm-acc-stats-twofeats[5.5.1009~1-e4940]:main():gmm-acc-stats-twofeats.cc:140) Average like for this file is -46.148 over 386 frames.
LOG (gmm-acc-stats-twofeats[5.5.1009~1-e4940]:main():gmm-acc-stats-twofeats.cc:140) Average like for this file is -43.7923 over 656 frames.
LOG (gmm-acc-stats-twofeats[5.5.1009~1-e4940]:main():gmm-acc-stats-twofeats.cc:140) Average like for this file is -46.0643 over 434 frames.
LOG (gmm-acc-stats-twofeats[5.5.1009~1-e4940]:main():gmm-acc-stats-twofeats.cc:140) Average like for this file is -43.5962 over 598 frames.
LOG (gmm-acc-stats-twofeats[5.5.1009~1-e4940]:main():gmm-acc-stats-twofeats.cc:146) Avg like per frame so far is -47.4632
LOG (gmm-acc-stats-twofeats[5.5.1009~1-e4940]:main():gmm-acc-stats-twofeats.cc:140) Average like for this file is -47.2105 over 501 frames.
LOG (gmm-acc-stats-twofeats[5.5.1009~1-e4940]:main():gmm-acc-stats-twofeats.cc:140) Average like for this file is -46.5923 over 685 frames.
LOG (gmm-acc-stats-twofeats[5.5.1009~1-e4940]:main():gmm-acc-stats-twofeats.cc:140) Average like for this file is -48.2718 over 302 frames.
LOG (gmm-acc-stats-twofeats[5.5.1009~1-e4940]:main():gmm-acc-stats-twofeats.cc:140) Average like for this file is -45.8241 over 347 frames.
LOG (gmm-acc-stats-twofeats[5.5.1009~1-e4940]:main():gmm-acc-stats-twofeats.cc:140) Average like for this file is -44.4506 over 402 frames.
LOG (gmm-acc-stats-twofeats[5.5.1009~1-e4940]:main():gmm-acc-stats-twofeats.cc:140) Average like for this file is -48.6851 over 348 frames.
LOG (gmm-acc-stats-twofeats[5.5.1009~1-e4940]:main():gmm-acc-stats-twofeats.cc:140) Average like for this file is -44.4984 over 324 frames.
LOG (gmm-acc-stats-twofeats[5.5.1009~1-e4940]:main():gmm-acc-stats-twofeats.cc:140) Average like for this file is -47.5328 over 476 frames.
LOG (gmm-acc-stats-twofeats[5.5.1009~1-e4940]:main():gmm-acc-stats-twofeats.cc:140) Average like for this file is -48.8963 over 372 frames.
LOG (gmm-acc-stats-twofeats[5.5.1009~1-e4940]:main():gmm-acc-stats-twofeats.cc:140) Average like for this file is -47.342 over 476 frames.
LOG (gmm-acc-stats-twofeats[5.5.1009~1-e4940]:main():gmm-acc-stats-twofeats.cc:146) Avg like per frame so far is -47.4393
LOG (gmm-acc-stats-twofeats[5.5.1009~1-e4940]:main():gmm-acc-stats-twofeats.cc:140) Average like for this file is -48.8812 over 640 frames.
LOG (gmm-acc-stats-twofeats[5.5.1009~1-e4940]:main():gmm-acc-stats-twofeats.cc:140) Average like for this file is -48.1567 over 562 frames.
LOG (gmm-acc-stats-twofeats[5.5.1009~1-e4940]:main():gmm-acc-stats-twofeats.cc:140) Average like for this file is -45.6511 over 443 frames.
LOG (gmm-acc-stats-twofeats[5.5.1009~1-e4940]:main():gmm-acc-stats-twofeats.cc:140) Average like for this file is -45.6316 over 314 frames.
LOG (gmm-acc-stats-twofeats[5.5.1009~1-e4940]:main():gmm-acc-stats-twofeats.cc:140) Average like for this file is -46.4704 over 412 frames.
LOG (gmm-acc-stats-twofeats[5.5.1009~1-e4940]:main():gmm-acc-stats-twofeats.cc:140) Average like for this file is -45.4449 over 461 frames.
LOG (gmm-acc-stats-twofeats[5.5.1009~1-e4940]:main():gmm-acc-stats-twofeats.cc:140) Average like for this file is -45.9651 over 499 frames.
LOG (gmm-acc-stats-twofeats[5.5.1009~1-e4940]:main():gmm-acc-stats-twofeats.cc:140) Average like for this file is -43.0338 over 668 frames.
LOG (gmm-acc-stats-twofeats[5.5.1009~1-e4940]:main():gmm-acc-stats-twofeats.cc:140) Average like for this file is -47.4689 over 769 frames.
LOG (gmm-acc-stats-twofeats[5.5.1009~1-e4940]:main():gmm-acc-stats-twofeats.cc:140) Average like for this file is -47.0279 over 372 frames.
LOG (gmm-acc-stats-twofeats[5.5.1009~1-e4940]:main():gmm-acc-stats-twofeats.cc:146) Avg like per frame so far is -47.3879
LOG (gmm-acc-stats-twofeats[5.5.1009~1-e4940]:main():gmm-acc-stats-twofeats.cc:140) Average like for this file is -47.0969 over 472 frames.
LOG (gmm-acc-stats-twofeats[5.5.1009~1-e4940]:main():gmm-acc-stats-twofeats.cc:140) Average like for this file is -48.7617 over 498 frames.
LOG (gmm-acc-stats-twofeats[5.5.1009~1-e4940]:main():gmm-acc-stats-twofeats.cc:140) Average like for this file is -46.2598 over 666 frames.
LOG (gmm-acc-stats-twofeats[5.5.1009~1-e4940]:main():gmm-acc-stats-twofeats.cc:140) Average like for this file is -50.9916 over 519 frames.
LOG (gmm-acc-stats-twofeats[5.5.1009~1-e4940]:main():gmm-acc-stats-twofeats.cc:140) Average like for this file is -47.9834 over 475 frames.
LOG (gmm-acc-stats-twofeats[5.5.1009~1-e4940]:main():gmm-acc-stats-twofeats.cc:140) Average like for this file is -46.3744 over 935 frames.
LOG (gmm-acc-stats-twofeats[5.5.1009~1-e4940]:main():gmm-acc-stats-twofeats.cc:140) Average like for this file is -46.9782 over 435 frames.
LOG (gmm-acc-stats-twofeats[5.5.1009~1-e4940]:main():gmm-acc-stats-twofeats.cc:140) Average like for this file is -48.5424 over 415 frames.
LOG (gmm-acc-stats-twofeats[5.5.1009~1-e4940]:main():gmm-acc-stats-twofeats.cc:140) Average like for this file is -47.3301 over 718 frames.
LOG (gmm-acc-stats-twofeats[5.5.1009~1-e4940]:main():gmm-acc-stats-twofeats.cc:140) Average like for this file is -47.47 over 568 frames.
LOG (gmm-acc-stats-twofeats[5.5.1009~1-e4940]:main():gmm-acc-stats-twofeats.cc:146) Avg like per frame so far is -47.4002
LOG (gmm-acc-stats-twofeats[5.5.1009~1-e4940]:main():gmm-acc-stats-twofeats.cc:140) Average like for this file is -48.3703 over 593 frames.
LOG (gmm-acc-stats-twofeats[5.5.1009~1-e4940]:main():gmm-acc-stats-twofeats.cc:140) Average like for this file is -47.2072 over 383 frames.
LOG (gmm-acc-stats-twofeats[5.5.1009~1-e4940]:main():gmm-acc-stats-twofeats.cc:140) Average like for this file is -47.5546 over 399 frames.
LOG (gmm-acc-stats-twofeats[5.5.1009~1-e4940]:main():gmm-acc-stats-twofeats.cc:140) Average like for this file is -46.662 over 472 frames.
LOG (gmm-acc-stats-twofeats[5.5.1009~1-e4940]:main():gmm-acc-stats-twofeats.cc:140) Average like for this file is -49.2776 over 644 frames.
LOG (gmm-acc-stats-twofeats[5.5.1009~1-e4940]:main():gmm-acc-stats-twofeats.cc:140) Average like for this file is -47.3185 over 462 frames.
LOG (gmm-acc-stats-twofeats[5.5.1009~1-e4940]:main():gmm-acc-stats-twofeats.cc:140) Average like for this file is -50.4232 over 547 frames.
LOG (gmm-acc-stats-twofeats[5.5.1009~1-e4940]:main():gmm-acc-stats-twofeats.cc:140) Average like for this file is -45.5678 over 399 frames.
LOG (gmm-acc-stats-twofeats[5.5.1009~1-e4940]:main():gmm-acc-stats-twofeats.cc:140) Average like for this file is -48.0077 over 361 frames.
LOG (gmm-acc-stats-twofeats[5.5.1009~1-e4940]:main():gmm-acc-stats-twofeats.cc:140) Average like for this file is -47.3402 over 450 frames.
LOG (gmm-acc-stats-twofeats[5.5.1009~1-e4940]:main():gmm-acc-stats-twofeats.cc:146) Avg like per frame so far is -47.4228
LOG (gmm-acc-stats-twofeats[5.5.1009~1-e4940]:main():gmm-acc-stats-twofeats.cc:140) Average like for this file is -47.9456 over 458 frames.
LOG (gmm-acc-stats-twofeats[5.5.1009~1-e4940]:main():gmm-acc-stats-twofeats.cc:140) Average like for this file is -47.6773 over 599 frames.
LOG (gmm-acc-stats-twofeats[5.5.1009~1-e4940]:main():gmm-acc-stats-twofeats.cc:140) Average like for this file is -47.6223 over 816 frames.
LOG (gmm-acc-stats-twofeats[5.5.1009~1-e4940]:main():gmm-acc-stats-twofeats.cc:140) Average like for this file is -48.6677 over 452 frames.
LOG (gmm-acc-stats-twofeats[5.5.1009~1-e4940]:main():gmm-acc-stats-twofeats.cc:140) Average like for this file is -47.6596 over 412 frames.
LOG (gmm-acc-stats-twofeats[5.5.1009~1-e4940]:main():gmm-acc-stats-twofeats.cc:140) Average like for this file is -49.2667 over 437 frames.
LOG (gmm-acc-stats-twofeats[5.5.1009~1-e4940]:main():gmm-acc-stats-twofeats.cc:140) Average like for this file is -45.9928 over 347 frames.
LOG (gmm-acc-stats-twofeats[5.5.1009~1-e4940]:main():gmm-acc-stats-twofeats.cc:140) Average like for this file is -46.5142 over 347 frames.
LOG (gmm-acc-stats-twofeats[5.5.1009~1-e4940]:main():gmm-acc-stats-twofeats.cc:140) Average like for this file is -47.4135 over 666 frames.
LOG (gmm-acc-stats-twofeats[5.5.1009~1-e4940]:main():gmm-acc-stats-twofeats.cc:140) Average like for this file is -47.944 over 364 frames.
LOG (gmm-acc-stats-twofeats[5.5.1009~1-e4940]:main():gmm-acc-stats-twofeats.cc:146) Avg like per frame so far is -47.4348
LOG (gmm-acc-stats-twofeats[5.5.1009~1-e4940]:main():gmm-acc-stats-twofeats.cc:140) Average like for this file is -49.7255 over 352 frames.
LOG (gmm-acc-stats-twofeats[5.5.1009~1-e4940]:main():gmm-acc-stats-twofeats.cc:140) Average like for this file is -48.5171 over 704 frames.
LOG (gmm-acc-stats-twofeats[5.5.1009~1-e4940]:main():gmm-acc-stats-twofeats.cc:140) Average like for this file is -45.139 over 476 frames.
LOG (gmm-acc-stats-twofeats[5.5.1009~1-e4940]:main():gmm-acc-stats-twofeats.cc:140) Average like for this file is -48.8073 over 697 frames.
LOG (gmm-acc-stats-twofeats[5.5.1009~1-e4940]:main():gmm-acc-stats-twofeats.cc:140) Average like for this file is -50.337 over 415 frames.
LOG (gmm-acc-stats-twofeats[5.5.1009~1-e4940]:main():gmm-acc-stats-twofeats.cc:140) Average like for this file is -49.2439 over 417 frames.
LOG (gmm-acc-stats-twofeats[5.5.1009~1-e4940]:main():gmm-acc-stats-twofeats.cc:140) Average like for this file is -48.7533 over 442 frames.
LOG (gmm-acc-stats-twofeats[5.5.1009~1-e4940]:main():gmm-acc-stats-twofeats.cc:140) Average like for this file is -48.5818 over 596 frames.
LOG (gmm-acc-stats-twofeats[5.5.1009~1-e4940]:main():gmm-acc-stats-twofeats.cc:140) Average like for this file is -49.0151 over 363 frames.
LOG (gmm-acc-stats-twofeats[5.5.1009~1-e4940]:main():gmm-acc-stats-twofeats.cc:140) Average like for this file is -48.0596 over 481 frames.
LOG (gmm-acc-stats-twofeats[5.5.1009~1-e4940]:main():gmm-acc-stats-twofeats.cc:146) Avg like per frame so far is -47.4806
LOG (gmm-acc-stats-twofeats[5.5.1009~1-e4940]:main():gmm-acc-stats-twofeats.cc:140) Average like for this file is -47.5168 over 345 frames.
LOG (gmm-acc-stats-twofeats[5.5.1009~1-e4940]:main():gmm-acc-stats-twofeats.cc:140) Average like for this file is -48.138 over 346 frames.
LOG (gmm-acc-stats-twofeats[5.5.1009~1-e4940]:main():gmm-acc-stats-twofeats.cc:140) Average like for this file is -48.9931 over 345 frames.
LOG (gmm-acc-stats-twofeats[5.5.1009~1-e4940]:main():gmm-acc-stats-twofeats.cc:140) Average like for this file is -47.9651 over 332 frames.
LOG (gmm-acc-stats-twofeats[5.5.1009~1-e4940]:main():gmm-acc-stats-twofeats.cc:140) Average like for this file is -48.3607 over 393 frames.
LOG (gmm-acc-stats-twofeats[5.5.1009~1-e4940]:main():gmm-acc-stats-twofeats.cc:140) Average like for this file is -49.1564 over 509 frames.
LOG (gmm-acc-stats-twofeats[5.5.1009~1-e4940]:main():gmm-acc-stats-twofeats.cc:140) Average like for this file is -48.7917 over 726 frames.
LOG (gmm-acc-stats-twofeats[5.5.1009~1-e4940]:main():gmm-acc-stats-twofeats.cc:140) Average like for this file is -47.7667 over 414 frames.
LOG (gmm-acc-stats-twofeats[5.5.1009~1-e4940]:main():gmm-acc-stats-twofeats.cc:140) Average like for this file is -50.3997 over 544 frames.
LOG (gmm-acc-stats-twofeats[5.5.1009~1-e4940]:main():gmm-acc-stats-twofeats.cc:140) Average like for this file is -53.1069 over 470 frames.
LOG (gmm-acc-stats-twofeats[5.5.1009~1-e4940]:main():gmm-acc-stats-twofeats.cc:146) Avg like per frame so far is -47.5399
LOG (gmm-acc-stats-twofeats[5.5.1009~1-e4940]:main():gmm-acc-stats-twofeats.cc:140) Average like for this file is -48.6714 over 333 frames.
LOG (gmm-acc-stats-twofeats[5.5.1009~1-e4940]:main():gmm-acc-stats-twofeats.cc:140) Average like for this file is -51.1556 over 528 frames.
LOG (gmm-acc-stats-twofeats[5.5.1009~1-e4940]:main():gmm-acc-stats-twofeats.cc:140) Average like for this file is -50.8161 over 411 frames.
LOG (gmm-acc-stats-twofeats[5.5.1009~1-e4940]:main():gmm-acc-stats-twofeats.cc:140) Average like for this file is -48.4383 over 649 frames.
LOG (gmm-acc-stats-twofeats[5.5.1009~1-e4940]:main():gmm-acc-stats-twofeats.cc:140) Average like for this file is -47.9617 over 479 frames.
LOG (gmm-acc-stats-twofeats[5.5.1009~1-e4940]:main():gmm-acc-stats-twofeats.cc:140) Average like for this file is -47.5471 over 211 frames.
LOG (gmm-acc-stats-twofeats[5.5.1009~1-e4940]:main():gmm-acc-stats-twofeats.cc:140) Average like for this file is -48.4425 over 428 frames.
LOG (gmm-acc-stats-twofeats[5.5.1009~1-e4940]:main():gmm-acc-stats-twofeats.cc:140) Average like for this file is -48.3189 over 517 frames.
LOG (gmm-acc-stats-twofeats[5.5.1009~1-e4940]:main():gmm-acc-stats-twofeats.cc:140) Average like for this file is -45.2519 over 428 frames.
LOG (gmm-acc-stats-twofeats[5.5.1009~1-e4940]:main():gmm-acc-stats-twofeats.cc:140) Average like for this file is -45.4366 over 373 frames.
LOG (gmm-acc-stats-twofeats[5.5.1009~1-e4940]:main():gmm-acc-stats-twofeats.cc:146) Avg like per frame so far is -47.5665
LOG (gmm-acc-stats-twofeats[5.5.1009~1-e4940]:main():gmm-acc-stats-twofeats.cc:140) Average like for this file is -47.9242 over 531 frames.
LOG (gmm-acc-stats-twofeats[5.5.1009~1-e4940]:main():gmm-acc-stats-twofeats.cc:140) Average like for this file is -46.4996 over 376 frames.
LOG (gmm-acc-stats-twofeats[5.5.1009~1-e4940]:main():gmm-acc-stats-twofeats.cc:140) Average like for this file is -48.1786 over 491 frames.
LOG (gmm-acc-stats-twofeats[5.5.1009~1-e4940]:main():gmm-acc-stats-twofeats.cc:140) Average like for this file is -48.9595 over 443 frames.
LOG (gmm-acc-stats-twofeats[5.5.1009~1-e4940]:main():gmm-acc-stats-twofeats.cc:140) Average like for this file is -48.0442 over 431 frames.
LOG (gmm-acc-stats-twofeats[5.5.1009~1-e4940]:main():gmm-acc-stats-twofeats.cc:140) Average like for this file is -50.709 over 414 frames.
LOG (gmm-acc-stats-twofeats[5.5.1009~1-e4940]:main():gmm-acc-stats-twofeats.cc:140) Average like for this file is -47.2162 over 646 frames.
LOG (gmm-acc-stats-twofeats[5.5.1009~1-e4940]:main():gmm-acc-stats-twofeats.cc:140) Average like for this file is -49.2171 over 584 frames.
LOG (gmm-acc-stats-twofeats[5.5.1009~1-e4940]:main():gmm-acc-stats-twofeats.cc:140) Average like for this file is -48.6355 over 327 frames.
LOG (gmm-acc-stats-twofeats[5.5.1009~1-e4940]:main():gmm-acc-stats-twofeats.cc:140) Average like for this file is -51.2018 over 453 frames.
LOG (gmm-acc-stats-twofeats[5.5.1009~1-e4940]:main():gmm-acc-stats-twofeats.cc:146) Avg like per frame so far is -47.6033
LOG (gmm-acc-stats-twofeats[5.5.1009~1-e4940]:main():gmm-acc-stats-twofeats.cc:140) Average like for this file is -47.23 over 470 frames.
LOG (gmm-acc-stats-twofeats[5.5.1009~1-e4940]:main():gmm-acc-stats-twofeats.cc:140) Average like for this file is -48.9927 over 616 frames.
LOG (gmm-acc-stats-twofeats[5.5.1009~1-e4940]:main():gmm-acc-stats-twofeats.cc:140) Average like for this file is -47.8429 over 427 frames.
LOG (gmm-acc-stats-twofeats[5.5.1009~1-e4940]:main():gmm-acc-stats-twofeats.cc:140) Average like for this file is -49.0674 over 448 frames.
LOG (gmm-acc-stats-twofeats[5.5.1009~1-e4940]:main():gmm-acc-stats-twofeats.cc:140) Average like for this file is -50.508 over 530 frames.
LOG (gmm-acc-stats-twofeats[5.5.1009~1-e4940]:main():gmm-acc-stats-twofeats.cc:140) Average like for this file is -50.4162 over 515 frames.
LOG (gmm-acc-stats-twofeats[5.5.1009~1-e4940]:main():gmm-acc-stats-twofeats.cc:140) Average like for this file is -46.9834 over 553 frames.
LOG (gmm-acc-stats-twofeats[5.5.1009~1-e4940]:main():gmm-acc-stats-twofeats.cc:140) Average like for this file is -49.6665 over 541 frames.
LOG (gmm-acc-stats-twofeats[5.5.1009~1-e4940]:main():gmm-acc-stats-twofeats.cc:140) Average like for this file is -48.5328 over 528 frames.
LOG (gmm-acc-stats-twofeats[5.5.1009~1-e4940]:main():gmm-acc-stats-twofeats.cc:140) Average like for this file is -51.0798 over 489 frames.
LOG (gmm-acc-stats-twofeats[5.5.1009~1-e4940]:main():gmm-acc-stats-twofeats.cc:146) Avg like per frame so far is -47.6564
LOG (gmm-acc-stats-twofeats[5.5.1009~1-e4940]:main():gmm-acc-stats-twofeats.cc:140) Average like for this file is -45.4986 over 395 frames.
LOG (gmm-acc-stats-twofeats[5.5.1009~1-e4940]:main():gmm-acc-stats-twofeats.cc:140) Average like for this file is -48.5085 over 452 frames.
LOG (gmm-acc-stats-twofeats[5.5.1009~1-e4940]:main():gmm-acc-stats-twofeats.cc:140) Average like for this file is -48.4761 over 488 frames.
LOG (gmm-acc-stats-twofeats[5.5.1009~1-e4940]:main():gmm-acc-stats-twofeats.cc:140) Average like for this file is -46.18 over 542 frames.
LOG (gmm-acc-stats-twofeats[5.5.1009~1-e4940]:main():gmm-acc-stats-twofeats.cc:140) Average like for this file is -48.6183 over 559 frames.
LOG (gmm-acc-stats-twofeats[5.5.1009~1-e4940]:main():gmm-acc-stats-twofeats.cc:140) Average like for this file is -47.9086 over 558 frames.
LOG (gmm-acc-stats-twofeats[5.5.1009~1-e4940]:main():gmm-acc-stats-twofeats.cc:140) Average like for this file is -47.8283 over 430 frames.
LOG (gmm-acc-stats-twofeats[5.5.1009~1-e4940]:main():gmm-acc-stats-twofeats.cc:140) Average like for this file is -47.7286 over 415 frames.
LOG (gmm-acc-stats-twofeats[5.5.1009~1-e4940]:main():gmm-acc-stats-twofeats.cc:140) Average like for this file is -47.665 over 333 frames.
LOG (gmm-acc-stats-twofeats[5.5.1009~1-e4940]:main():gmm-acc-stats-twofeats.cc:140) Average like for this file is -47.9193 over 461 frames.
LOG (gmm-acc-stats-twofeats[5.5.1009~1-e4940]:main():gmm-acc-stats-twofeats.cc:146) Avg like per frame so far is -47.6566
LOG (gmm-acc-stats-twofeats[5.5.1009~1-e4940]:main():gmm-acc-stats-twofeats.cc:140) Average like for this file is -46.4131 over 332 frames.
LOG (gmm-acc-stats-twofeats[5.5.1009~1-e4940]:main():gmm-acc-stats-twofeats.cc:140) Average like for this file is -45.5046 over 380 frames.
LOG (gmm-acc-stats-twofeats[5.5.1009~1-e4940]:main():gmm-acc-stats-twofeats.cc:140) Average like for this file is -47.0944 over 608 frames.
LOG (gmm-acc-stats-twofeats[5.5.1009~1-e4940]:main():gmm-acc-stats-twofeats.cc:140) Average like for this file is -50.9458 over 383 frames.
LOG (gmm-acc-stats-twofeats[5.5.1009~1-e4940]:main():gmm-acc-stats-twofeats.cc:140) Average like for this file is -48.5966 over 504 frames.
LOG (gmm-acc-stats-twofeats[5.5.1009~1-e4940]:main():gmm-acc-stats-twofeats.cc:140) Average like for this file is -52.3233 over 413 frames.
LOG (gmm-acc-stats-twofeats[5.5.1009~1-e4940]:main():gmm-acc-stats-twofeats.cc:140) Average like for this file is -48.9251 over 539 frames.
LOG (gmm-acc-stats-twofeats[5.5.1009~1-e4940]:main():gmm-acc-stats-twofeats.cc:140) Average like for this file is -47.9475 over 515 frames.
LOG (gmm-acc-stats-twofeats[5.5.1009~1-e4940]:main():gmm-acc-stats-twofeats.cc:140) Average like for this file is -49.4011 over 506 frames.
LOG (gmm-acc-stats-twofeats[5.5.1009~1-e4940]:main():gmm-acc-stats-twofeats.cc:140) Average like for this file is -53.3575 over 394 frames.
LOG (gmm-acc-stats-twofeats[5.5.1009~1-e4940]:main():gmm-acc-stats-twofeats.cc:146) Avg like per frame so far is -47.6974
LOG (gmm-acc-stats-twofeats[5.5.1009~1-e4940]:main():gmm-acc-stats-twofeats.cc:140) Average like for this file is -48.0307 over 331 frames.
LOG (gmm-acc-stats-twofeats[5.5.1009~1-e4940]:main():gmm-acc-stats-twofeats.cc:140) Average like for this file is -49.645 over 446 frames.
LOG (gmm-acc-stats-twofeats[5.5.1009~1-e4940]:main():gmm-acc-stats-twofeats.cc:140) Average like for this file is -44.9155 over 370 frames.
LOG (gmm-acc-stats-twofeats[5.5.1009~1-e4940]:main():gmm-acc-stats-twofeats.cc:140) Average like for this file is -46.5987 over 479 frames.
LOG (gmm-acc-stats-twofeats[5.5.1009~1-e4940]:main():gmm-acc-stats-twofeats.cc:140) Average like for this file is -49.834 over 412 frames.
LOG (gmm-acc-stats-twofeats[5.5.1009~1-e4940]:main():gmm-acc-stats-twofeats.cc:140) Average like for this file is -48.843 over 393 frames.
LOG (gmm-acc-stats-twofeats[5.5.1009~1-e4940]:main():gmm-acc-stats-twofeats.cc:140) Average like for this file is -50.3668 over 473 frames.
LOG (gmm-acc-stats-twofeats[5.5.1009~1-e4940]:main():gmm-acc-stats-twofeats.cc:140) Average like for this file is -49.381 over 590 frames.
LOG (gmm-acc-stats-twofeats[5.5.1009~1-e4940]:main():gmm-acc-stats-twofeats.cc:140) Average like for this file is -49.9113 over 521 frames.
LOG (gmm-acc-stats-twofeats[5.5.1009~1-e4940]:main():gmm-acc-stats-twofeats.cc:140) Average like for this file is -50.0504 over 359 frames.
LOG (gmm-acc-stats-twofeats[5.5.1009~1-e4940]:main():gmm-acc-stats-twofeats.cc:146) Avg like per frame so far is -47.7301
LOG (gmm-acc-stats-twofeats[5.5.1009~1-e4940]:main():gmm-acc-stats-twofeats.cc:140) Average like for this file is -49.712 over 406 frames.
LOG (gmm-acc-stats-twofeats[5.5.1009~1-e4940]:main():gmm-acc-stats-twofeats.cc:140) Average like for this file is -48.0985 over 521 frames.
LOG (gmm-acc-stats-twofeats[5.5.1009~1-e4940]:main():gmm-acc-stats-twofeats.cc:140) Average like for this file is -47.7545 over 392 frames.
LOG (gmm-acc-stats-twofeats[5.5.1009~1-e4940]:main():gmm-acc-stats-twofeats.cc:140) Average like for this file is -45.8868 over 464 frames.
LOG (gmm-acc-stats-twofeats[5.5.1009~1-e4940]:main():gmm-acc-stats-twofeats.cc:140) Average like for this file is -45.1054 over 346 frames.
LOG (gmm-acc-stats-twofeats[5.5.1009~1-e4940]:main():gmm-acc-stats-twofeats.cc:140) Average like for this file is -44.6785 over 437 frames.
LOG (gmm-acc-stats-twofeats[5.5.1009~1-e4940]:main():gmm-acc-stats-twofeats.cc:140) Average like for this file is -46.5803 over 409 frames.
LOG (gmm-acc-stats-twofeats[5.5.1009~1-e4940]:main():gmm-acc-stats-twofeats.cc:140) Average like for this file is -47.1049 over 470 frames.
LOG (gmm-acc-stats-twofeats[5.5.1009~1-e4940]:main():gmm-acc-stats-twofeats.cc:140) Average like for this file is -48.1233 over 578 frames.
LOG (gmm-acc-stats-twofeats[5.5.1009~1-e4940]:main():gmm-acc-stats-twofeats.cc:140) Average like for this file is -46.989 over 384 frames.
LOG (gmm-acc-stats-twofeats[5.5.1009~1-e4940]:main():gmm-acc-stats-twofeats.cc:146) Avg like per frame so far is -47.7116
LOG (gmm-acc-stats-twofeats[5.5.1009~1-e4940]:main():gmm-acc-stats-twofeats.cc:140) Average like for this file is -46.6594 over 416 frames.
LOG (gmm-acc-stats-twofeats[5.5.1009~1-e4940]:main():gmm-acc-stats-twofeats.cc:140) Average like for this file is -44.3134 over 355 frames.
LOG (gmm-acc-stats-twofeats[5.5.1009~1-e4940]:main():gmm-acc-stats-twofeats.cc:140) Average like for this file is -45.3297 over 651 frames.
LOG (gmm-acc-stats-twofeats[5.5.1009~1-e4940]:main():gmm-acc-stats-twofeats.cc:140) Average like for this file is -48.2965 over 590 frames.
LOG (gmm-acc-stats-twofeats[5.5.1009~1-e4940]:main():gmm-acc-stats-twofeats.cc:140) Average like for this file is -47.8354 over 564 frames.
LOG (gmm-acc-stats-twofeats[5.5.1009~1-e4940]:main():gmm-acc-stats-twofeats.cc:140) Average like for this file is -46.5192 over 636 frames.
LOG (gmm-acc-stats-twofeats[5.5.1009~1-e4940]:main():gmm-acc-stats-twofeats.cc:140) Average like for this file is -46.3695 over 364 frames.
LOG (gmm-acc-stats-twofeats[5.5.1009~1-e4940]:main():gmm-acc-stats-twofeats.cc:140) Average like for this file is -45.0995 over 403 frames.
LOG (gmm-acc-stats-twofeats[5.5.1009~1-e4940]:main():gmm-acc-stats-twofeats.cc:140) Average like for this file is -40.4169 over 242 frames.
LOG (gmm-acc-stats-twofeats[5.5.1009~1-e4940]:main():gmm-acc-stats-twofeats.cc:140) Average like for this file is -47.3677 over 631 frames.
LOG (gmm-acc-stats-twofeats[5.5.1009~1-e4940]:main():gmm-acc-stats-twofeats.cc:146) Avg like per frame so far is -47.6681
LOG (gmm-acc-stats-twofeats[5.5.1009~1-e4940]:main():gmm-acc-stats-twofeats.cc:140) Average like for this file is -44.721 over 566 frames.
LOG (gmm-acc-stats-twofeats[5.5.1009~1-e4940]:main():gmm-acc-stats-twofeats.cc:140) Average like for this file is -47.6626 over 1254 frames.
LOG (gmm-acc-stats-twofeats[5.5.1009~1-e4940]:main():gmm-acc-stats-twofeats.cc:140) Average like for this file is -43.7239 over 226 frames.
LOG (gmm-acc-stats-twofeats[5.5.1009~1-e4940]:main():gmm-acc-stats-twofeats.cc:140) Average like for this file is -46.0332 over 492 frames.
LOG (gmm-acc-stats-twofeats[5.5.1009~1-e4940]:main():gmm-acc-stats-twofeats.cc:140) Average like for this file is -43.1189 over 498 frames.
LOG (gmm-acc-stats-twofeats[5.5.1009~1-e4940]:main():gmm-acc-stats-twofeats.cc:140) Average like for this file is -43.9844 over 439 frames.
LOG (gmm-acc-stats-twofeats[5.5.1009~1-e4940]:main():gmm-acc-stats-twofeats.cc:140) Average like for this file is -44.3838 over 499 frames.
LOG (gmm-acc-stats-twofeats[5.5.1009~1-e4940]:main():gmm-acc-stats-twofeats.cc:140) Average like for this file is -44.5834 over 464 frames.
LOG (gmm-acc-stats-twofeats[5.5.1009~1-e4940]:main():gmm-acc-stats-twofeats.cc:140) Average like for this file is -45.8742 over 454 frames.
LOG (gmm-acc-stats-twofeats[5.5.1009~1-e4940]:main():gmm-acc-stats-twofeats.cc:140) Average like for this file is -43.4194 over 370 frames.
LOG (gmm-acc-stats-twofeats[5.5.1009~1-e4940]:main():gmm-acc-stats-twofeats.cc:146) Avg like per frame so far is -47.5922
LOG (gmm-acc-stats-twofeats[5.5.1009~1-e4940]:main():gmm-acc-stats-twofeats.cc:140) Average like for this file is -43.5015 over 421 frames.
LOG (gmm-acc-stats-twofeats[5.5.1009~1-e4940]:main():gmm-acc-stats-twofeats.cc:140) Average like for this file is -50.3184 over 737 frames.
LOG (gmm-acc-stats-twofeats[5.5.1009~1-e4940]:main():gmm-acc-stats-twofeats.cc:140) Average like for this file is -50.1772 over 305 frames.
LOG (gmm-acc-stats-twofeats[5.5.1009~1-e4940]:main():gmm-acc-stats-twofeats.cc:140) Average like for this file is -48.1181 over 496 frames.
LOG (gmm-acc-stats-twofeats[5.5.1009~1-e4940]:main():gmm-acc-stats-twofeats.cc:140) Average like for this file is -45.4657 over 827 frames.
LOG (gmm-acc-stats-twofeats[5.5.1009~1-e4940]:main():gmm-acc-stats-twofeats.cc:140) Average like for this file is -45.9705 over 318 frames.
LOG (gmm-acc-stats-twofeats[5.5.1009~1-e4940]:main():gmm-acc-stats-twofeats.cc:140) Average like for this file is -44.6826 over 313 frames.
LOG (gmm-acc-stats-twofeats[5.5.1009~1-e4940]:main():gmm-acc-stats-twofeats.cc:140) Average like for this file is -46.2922 over 385 frames.
LOG (gmm-acc-stats-twofeats[5.5.1009~1-e4940]:main():gmm-acc-stats-twofeats.cc:140) Average like for this file is -46.5221 over 582 frames.
LOG (gmm-acc-stats-twofeats[5.5.1009~1-e4940]:main():gmm-acc-stats-twofeats.cc:140) Average like for this file is -46.4729 over 468 frames.
LOG (gmm-acc-stats-twofeats[5.5.1009~1-e4940]:main():gmm-acc-stats-twofeats.cc:146) Avg like per frame so far is -47.5719
LOG (gmm-acc-stats-twofeats[5.5.1009~1-e4940]:main():gmm-acc-stats-twofeats.cc:140) Average like for this file is -43.7004 over 369 frames.
LOG (gmm-acc-stats-twofeats[5.5.1009~1-e4940]:main():gmm-acc-stats-twofeats.cc:140) Average like for this file is -46.5399 over 434 frames.
LOG (gmm-acc-stats-twofeats[5.5.1009~1-e4940]:main():gmm-acc-stats-twofeats.cc:140) Average like for this file is -43.877 over 413 frames.
LOG (gmm-acc-stats-twofeats[5.5.1009~1-e4940]:main():gmm-acc-stats-twofeats.cc:140) Average like for this file is -46.8775 over 412 frames.
LOG (gmm-acc-stats-twofeats[5.5.1009~1-e4940]:main():gmm-acc-stats-twofeats.cc:140) Average like for this file is -46.7845 over 504 frames.
LOG (gmm-acc-stats-twofeats[5.5.1009~1-e4940]:main():gmm-acc-stats-twofeats.cc:140) Average like for this file is -47.2462 over 395 frames.
LOG (gmm-acc-stats-twofeats[5.5.1009~1-e4940]:main():gmm-acc-stats-twofeats.cc:140) Average like for this file is -44.143 over 230 frames.
LOG (gmm-acc-stats-twofeats[5.5.1009~1-e4940]:main():gmm-acc-stats-twofeats.cc:140) Average like for this file is -49.0572 over 507 frames.
LOG (gmm-acc-stats-twofeats[5.5.1009~1-e4940]:main():gmm-acc-stats-twofeats.cc:140) Average like for this file is -48.8704 over 382 frames.
LOG (gmm-acc-stats-twofeats[5.5.1009~1-e4940]:main():gmm-acc-stats-twofeats.cc:140) Average like for this file is -50.0739 over 622 frames.
LOG (gmm-acc-stats-twofeats[5.5.1009~1-e4940]:main():gmm-acc-stats-twofeats.cc:146) Avg like per frame so far is -47.5594
LOG (gmm-acc-stats-twofeats[5.5.1009~1-e4940]:main():gmm-acc-stats-twofeats.cc:140) Average like for this file is -50.5884 over 710 frames.
LOG (gmm-acc-stats-twofeats[5.5.1009~1-e4940]:main():gmm-acc-stats-twofeats.cc:140) Average like for this file is -48.8286 over 621 frames.
LOG (gmm-acc-stats-twofeats[5.5.1009~1-e4940]:main():gmm-acc-stats-twofeats.cc:140) Average like for this file is -48.8571 over 577 frames.
LOG (gmm-acc-stats-twofeats[5.5.1009~1-e4940]:main():gmm-acc-stats-twofeats.cc:140) Average like for this file is -48.1577 over 664 frames.
LOG (gmm-acc-stats-twofeats[5.5.1009~1-e4940]:main():gmm-acc-stats-twofeats.cc:140) Average like for this file is -47.3611 over 392 frames.
LOG (gmm-acc-stats-twofeats[5.5.1009~1-e4940]:main():gmm-acc-stats-twofeats.cc:140) Average like for this file is -47.9207 over 461 frames.
LOG (gmm-acc-stats-twofeats[5.5.1009~1-e4940]:main():gmm-acc-stats-twofeats.cc:140) Average like for this file is -47.6495 over 483 frames.
LOG (gmm-acc-stats-twofeats[5.5.1009~1-e4940]:main():gmm-acc-stats-twofeats.cc:140) Average like for this file is -49.0438 over 267 frames.
LOG (gmm-acc-stats-twofeats[5.5.1009~1-e4940]:main():gmm-acc-stats-twofeats.cc:140) Average like for this file is -48.205 over 598 frames.
LOG (gmm-acc-stats-twofeats[5.5.1009~1-e4940]:main():gmm-acc-stats-twofeats.cc:140) Average like for this file is -46.1096 over 322 frames.
LOG (gmm-acc-stats-twofeats[5.5.1009~1-e4940]:main():gmm-acc-stats-twofeats.cc:146) Avg like per frame so far is -47.5844
LOG (gmm-acc-stats-twofeats[5.5.1009~1-e4940]:main():gmm-acc-stats-twofeats.cc:140) Average like for this file is -47.5148 over 410 frames.
LOG (gmm-acc-stats-twofeats[5.5.1009~1-e4940]:main():gmm-acc-stats-twofeats.cc:140) Average like for this file is -44.9966 over 469 frames.
LOG (gmm-acc-stats-twofeats[5.5.1009~1-e4940]:main():gmm-acc-stats-twofeats.cc:140) Average like for this file is -49.7326 over 377 frames.
LOG (gmm-acc-stats-twofeats[5.5.1009~1-e4940]:main():gmm-acc-stats-twofeats.cc:140) Average like for this file is -46.2513 over 466 frames.
LOG (gmm-acc-stats-twofeats[5.5.1009~1-e4940]:main():gmm-acc-stats-twofeats.cc:140) Average like for this file is -47.2608 over 386 frames.
LOG (gmm-acc-stats-twofeats[5.5.1009~1-e4940]:main():gmm-acc-stats-twofeats.cc:140) Average like for this file is -47.9227 over 480 frames.
LOG (gmm-acc-stats-twofeats[5.5.1009~1-e4940]:main():gmm-acc-stats-twofeats.cc:140) Average like for this file is -47.4734 over 437 frames.
LOG (gmm-acc-stats-twofeats[5.5.1009~1-e4940]:main():gmm-acc-stats-twofeats.cc:140) Average like for this file is -48.5749 over 630 frames.
LOG (gmm-acc-stats-twofeats[5.5.1009~1-e4940]:main():gmm-acc-stats-twofeats.cc:140) Average like for this file is -48.0572 over 624 frames.
LOG (gmm-acc-stats-twofeats[5.5.1009~1-e4940]:main():gmm-acc-stats-twofeats.cc:140) Average like for this file is -51.6908 over 476 frames.
LOG (gmm-acc-stats-twofeats[5.5.1009~1-e4940]:main():gmm-acc-stats-twofeats.cc:146) Avg like per frame so far is -47.5941
LOG (gmm-acc-stats-twofeats[5.5.1009~1-e4940]:main():gmm-acc-stats-twofeats.cc:140) Average like for this file is -47.8863 over 201 frames.
LOG (gmm-acc-stats-twofeats[5.5.1009~1-e4940]:main():gmm-acc-stats-twofeats.cc:140) Average like for this file is -49.1944 over 607 frames.
LOG (gmm-acc-stats-twofeats[5.5.1009~1-e4940]:main():gmm-acc-stats-twofeats.cc:140) Average like for this file is -49.3284 over 383 frames.
LOG (gmm-acc-stats-twofeats[5.5.1009~1-e4940]:main():gmm-acc-stats-twofeats.cc:140) Average like for this file is -50.8489 over 652 frames.
LOG (gmm-acc-stats-twofeats[5.5.1009~1-e4940]:main():gmm-acc-stats-twofeats.cc:140) Average like for this file is -49.7061 over 752 frames.
LOG (gmm-acc-stats-twofeats[5.5.1009~1-e4940]:main():gmm-acc-stats-twofeats.cc:140) Average like for this file is -47.1711 over 495 frames.
LOG (gmm-acc-stats-twofeats[5.5.1009~1-e4940]:main():gmm-acc-stats-twofeats.cc:140) Average like for this file is -48.6228 over 368 frames.
LOG (gmm-acc-stats-twofeats[5.5.1009~1-e4940]:main():gmm-acc-stats-twofeats.cc:140) Average like for this file is -47.6394 over 487 frames.
LOG (gmm-acc-stats-twofeats[5.5.1009~1-e4940]:main():gmm-acc-stats-twofeats.cc:140) Average like for this file is -47.4657 over 232 frames.
LOG (gmm-acc-stats-twofeats[5.5.1009~1-e4940]:main():gmm-acc-stats-twofeats.cc:140) Average like for this file is -47.7613 over 465 frames.
LOG (gmm-acc-stats-twofeats[5.5.1009~1-e4940]:main():gmm-acc-stats-twofeats.cc:146) Avg like per frame so far is -47.6236
LOG (gmm-acc-stats-twofeats[5.5.1009~1-e4940]:main():gmm-acc-stats-twofeats.cc:140) Average like for this file is -44.322 over 450 frames.
LOG (gmm-acc-stats-twofeats[5.5.1009~1-e4940]:main():gmm-acc-stats-twofeats.cc:140) Average like for this file is -44.6795 over 472 frames.
LOG (ali-to-post[5.5.1009~1-e4940]:main():ali-to-post.cc:73) Converted 392 alignments.
LOG (gmm-acc-stats-twofeats[5.5.1009~1-e4940]:main():gmm-acc-stats-twofeats.cc:140) Average like for this file is -47.0342 over 376 frames.
LOG (gmm-acc-stats-twofeats[5.5.1009~1-e4940]:main():gmm-acc-stats-twofeats.cc:140) Average like for this file is -47.1141 over 858 frames.
LOG (gmm-acc-stats-twofeats[5.5.1009~1-e4940]:main():gmm-acc-stats-twofeats.cc:140) Average like for this file is -46.6738 over 382 frames.
LOG (gmm-acc-stats-twofeats[5.5.1009~1-e4940]:main():gmm-acc-stats-twofeats.cc:140) Average like for this file is -44.0468 over 383 frames.
LOG (apply-cmvn[5.5.1009~1-e4940]:main():apply-cmvn.cc:162) Applied cepstral mean normalization to 410 utterances, errors on 0
LOG (gmm-acc-stats-twofeats[5.5.1009~1-e4940]:main():gmm-acc-stats-twofeats.cc:140) Average like for this file is -45.4165 over 373 frames.
LOG (apply-cmvn[5.5.1009~1-e4940]:main():apply-cmvn.cc:162) Applied cepstral mean normalization to 410 utterances, errors on 0
LOG (gmm-acc-stats-twofeats[5.5.1009~1-e4940]:main():gmm-acc-stats-twofeats.cc:140) Average like for this file is -44.3184 over 469 frames.
LOG (gmm-acc-stats-twofeats[5.5.1009~1-e4940]:main():gmm-acc-stats-twofeats.cc:140) Average like for this file is -48.3288 over 488 frames.
LOG (gmm-acc-stats-twofeats[5.5.1009~1-e4940]:main():gmm-acc-stats-twofeats.cc:140) Average like for this file is -45.9863 over 403 frames.
LOG (gmm-acc-stats-twofeats[5.5.1009~1-e4940]:main():gmm-acc-stats-twofeats.cc:146) Avg like per frame so far is -47.583
LOG (transform-feats[5.5.1009~1-e4940]:main():transform-feats.cc:158) Overall average [pseudo-]logdet is -98.9864 over 201109 frames.
LOG (transform-feats[5.5.1009~1-e4940]:main():transform-feats.cc:161) Applied transform to 410 utterances; 0 had errors.
LOG (gmm-acc-stats-twofeats[5.5.1009~1-e4940]:main():gmm-acc-stats-twofeats.cc:140) Average like for this file is -50.0795 over 418 frames.
LOG (transform-feats[5.5.1009~1-e4940]:main():transform-feats.cc:158) Overall average logdet is 1.20486 over 201109 frames.
LOG (transform-feats[5.5.1009~1-e4940]:main():transform-feats.cc:161) Applied transform to 410 utterances; 0 had errors.
LOG (transform-feats[5.5.1009~1-e4940]:main():transform-feats.cc:158) Overall average [pseudo-]logdet is -98.9864 over 201109 frames.
LOG (transform-feats[5.5.1009~1-e4940]:main():transform-feats.cc:161) Applied transform to 410 utterances; 0 had errors.
LOG (gmm-acc-stats-twofeats[5.5.1009~1-e4940]:main():gmm-acc-stats-twofeats.cc:140) Average like for this file is -49.4308 over 627 frames.
LOG (gmm-acc-stats-twofeats[5.5.1009~1-e4940]:main():gmm-acc-stats-twofeats.cc:150) Done 392 files, 18 with no posteriors, 0 with no second features, 0 with other errors.
LOG (gmm-acc-stats-twofeats[5.5.1009~1-e4940]:main():gmm-acc-stats-twofeats.cc:155) Overall avg like per frame (Gaussian only) = -47.5942 over 196784 frames.
LOG (gmm-acc-stats-twofeats[5.5.1009~1-e4940]:main():gmm-acc-stats-twofeats.cc:163) Written accs.
# Accounting: time=3 threads=1
# Ended (code 0) at Tue Jun 14 11:04:40 UTC 2022, elapsed time 3 seconds
