# ali-to-post "ark:gunzip -c telugu_exp/tri3_cleaned/ali.67.gz|" ark:- | gmm-acc-stats-twofeats telugu_exp/tri3_cleaned/35.mdl "ark,s,cs:apply-cmvn  --utt2spk=ark:telugu_data/train_cleaned/split100/67/utt2spk scp:telugu_data/train_cleaned/split100/67/cmvn.scp scp:telugu_data/train_cleaned/split100/67/feats.scp ark:- | splice-feats  ark:- ark:- | transform-feats telugu_exp/tri3_ali_cleaned/final.mat ark:- ark:- | transform-feats --utt2spk=ark:telugu_data/train_cleaned/split100/67/utt2spk ark:telugu_exp/tri3_cleaned/trans.67 ark:- ark:- |" "ark,s,cs:apply-cmvn  --utt2spk=ark:telugu_data/train_cleaned/split100/67/utt2spk scp:telugu_data/train_cleaned/split100/67/cmvn.scp scp:telugu_data/train_cleaned/split100/67/feats.scp ark:- | splice-feats  ark:- ark:- | transform-feats telugu_exp/tri3_ali_cleaned/final.mat ark:- ark:- |" ark,s,cs:- telugu_exp/tri3_cleaned/35.67.acc 
# Started at Tue Jun 14 11:04:41 UTC 2022
#
ali-to-post 'ark:gunzip -c telugu_exp/tri3_cleaned/ali.67.gz|' ark:- 
gmm-acc-stats-twofeats telugu_exp/tri3_cleaned/35.mdl 'ark,s,cs:apply-cmvn  --utt2spk=ark:telugu_data/train_cleaned/split100/67/utt2spk scp:telugu_data/train_cleaned/split100/67/cmvn.scp scp:telugu_data/train_cleaned/split100/67/feats.scp ark:- | splice-feats  ark:- ark:- | transform-feats telugu_exp/tri3_ali_cleaned/final.mat ark:- ark:- | transform-feats --utt2spk=ark:telugu_data/train_cleaned/split100/67/utt2spk ark:telugu_exp/tri3_cleaned/trans.67 ark:- ark:- |' 'ark,s,cs:apply-cmvn  --utt2spk=ark:telugu_data/train_cleaned/split100/67/utt2spk scp:telugu_data/train_cleaned/split100/67/cmvn.scp scp:telugu_data/train_cleaned/split100/67/feats.scp ark:- | splice-feats  ark:- ark:- | transform-feats telugu_exp/tri3_ali_cleaned/final.mat ark:- ark:- |' ark,s,cs:- telugu_exp/tri3_cleaned/35.67.acc 
apply-cmvn --utt2spk=ark:telugu_data/train_cleaned/split100/67/utt2spk scp:telugu_data/train_cleaned/split100/67/cmvn.scp scp:telugu_data/train_cleaned/split100/67/feats.scp ark:- 
splice-feats ark:- ark:- 
transform-feats telugu_exp/tri3_ali_cleaned/final.mat ark:- ark:- 
transform-feats --utt2spk=ark:telugu_data/train_cleaned/split100/67/utt2spk ark:telugu_exp/tri3_cleaned/trans.67 ark:- ark:- 
apply-cmvn --utt2spk=ark:telugu_data/train_cleaned/split100/67/utt2spk scp:telugu_data/train_cleaned/split100/67/cmvn.scp scp:telugu_data/train_cleaned/split100/67/feats.scp ark:- 
transform-feats telugu_exp/tri3_ali_cleaned/final.mat ark:- ark:- 
splice-feats ark:- ark:- 
LOG (gmm-acc-stats-twofeats[5.5.1009~1-e4940]:main():gmm-acc-stats-twofeats.cc:140) Average like for this file is -34.6999 over 64 frames.
LOG (gmm-acc-stats-twofeats[5.5.1009~1-e4940]:main():gmm-acc-stats-twofeats.cc:140) Average like for this file is -47.2935 over 73 frames.
LOG (gmm-acc-stats-twofeats[5.5.1009~1-e4940]:main():gmm-acc-stats-twofeats.cc:140) Average like for this file is -47.5907 over 88 frames.
LOG (gmm-acc-stats-twofeats[5.5.1009~1-e4940]:main():gmm-acc-stats-twofeats.cc:140) Average like for this file is -48.1481 over 105 frames.
LOG (gmm-acc-stats-twofeats[5.5.1009~1-e4940]:main():gmm-acc-stats-twofeats.cc:140) Average like for this file is -46.3401 over 54 frames.
LOG (gmm-acc-stats-twofeats[5.5.1009~1-e4940]:main():gmm-acc-stats-twofeats.cc:140) Average like for this file is -43.5181 over 84 frames.
LOG (gmm-acc-stats-twofeats[5.5.1009~1-e4940]:main():gmm-acc-stats-twofeats.cc:140) Average like for this file is -43.0625 over 72 frames.
LOG (gmm-acc-stats-twofeats[5.5.1009~1-e4940]:main():gmm-acc-stats-twofeats.cc:140) Average like for this file is -40.0872 over 53 frames.
LOG (gmm-acc-stats-twofeats[5.5.1009~1-e4940]:main():gmm-acc-stats-twofeats.cc:140) Average like for this file is -43.1469 over 84 frames.
LOG (gmm-acc-stats-twofeats[5.5.1009~1-e4940]:main():gmm-acc-stats-twofeats.cc:140) Average like for this file is -43.4885 over 68 frames.
LOG (gmm-acc-stats-twofeats[5.5.1009~1-e4940]:main():gmm-acc-stats-twofeats.cc:146) Avg like per frame so far is -44.136
LOG (gmm-acc-stats-twofeats[5.5.1009~1-e4940]:main():gmm-acc-stats-twofeats.cc:140) Average like for this file is -45.6476 over 97 frames.
LOG (gmm-acc-stats-twofeats[5.5.1009~1-e4940]:main():gmm-acc-stats-twofeats.cc:140) Average like for this file is -48.2652 over 96 frames.
LOG (gmm-acc-stats-twofeats[5.5.1009~1-e4940]:main():gmm-acc-stats-twofeats.cc:140) Average like for this file is -46.8874 over 74 frames.
LOG (gmm-acc-stats-twofeats[5.5.1009~1-e4940]:main():gmm-acc-stats-twofeats.cc:140) Average like for this file is -45.3142 over 281 frames.
LOG (gmm-acc-stats-twofeats[5.5.1009~1-e4940]:main():gmm-acc-stats-twofeats.cc:140) Average like for this file is -39.8174 over 154 frames.
LOG (gmm-acc-stats-twofeats[5.5.1009~1-e4940]:main():gmm-acc-stats-twofeats.cc:140) Average like for this file is -43.2512 over 200 frames.
LOG (gmm-acc-stats-twofeats[5.5.1009~1-e4940]:main():gmm-acc-stats-twofeats.cc:140) Average like for this file is -32.523 over 114 frames.
LOG (gmm-acc-stats-twofeats[5.5.1009~1-e4940]:main():gmm-acc-stats-twofeats.cc:140) Average like for this file is -35.0955 over 111 frames.
LOG (gmm-acc-stats-twofeats[5.5.1009~1-e4940]:main():gmm-acc-stats-twofeats.cc:140) Average like for this file is -45.1025 over 86 frames.
LOG (gmm-acc-stats-twofeats[5.5.1009~1-e4940]:main():gmm-acc-stats-twofeats.cc:140) Average like for this file is -45.315 over 89 frames.
LOG (gmm-acc-stats-twofeats[5.5.1009~1-e4940]:main():gmm-acc-stats-twofeats.cc:146) Avg like per frame so far is -43.206
LOG (gmm-acc-stats-twofeats[5.5.1009~1-e4940]:main():gmm-acc-stats-twofeats.cc:140) Average like for this file is -48.1987 over 92 frames.
LOG (gmm-acc-stats-twofeats[5.5.1009~1-e4940]:main():gmm-acc-stats-twofeats.cc:140) Average like for this file is -43.7938 over 127 frames.
LOG (gmm-acc-stats-twofeats[5.5.1009~1-e4940]:main():gmm-acc-stats-twofeats.cc:140) Average like for this file is -37.8654 over 226 frames.
LOG (gmm-acc-stats-twofeats[5.5.1009~1-e4940]:main():gmm-acc-stats-twofeats.cc:140) Average like for this file is -43.3169 over 104 frames.
LOG (gmm-acc-stats-twofeats[5.5.1009~1-e4940]:main():gmm-acc-stats-twofeats.cc:140) Average like for this file is -38.1406 over 106 frames.
LOG (gmm-acc-stats-twofeats[5.5.1009~1-e4940]:main():gmm-acc-stats-twofeats.cc:140) Average like for this file is -39.6655 over 123 frames.
LOG (gmm-acc-stats-twofeats[5.5.1009~1-e4940]:main():gmm-acc-stats-twofeats.cc:140) Average like for this file is -40.8456 over 294 frames.
LOG (gmm-acc-stats-twofeats[5.5.1009~1-e4940]:main():gmm-acc-stats-twofeats.cc:140) Average like for this file is -43.6512 over 137 frames.
LOG (gmm-acc-stats-twofeats[5.5.1009~1-e4940]:main():gmm-acc-stats-twofeats.cc:140) Average like for this file is -39.6803 over 97 frames.
LOG (gmm-acc-stats-twofeats[5.5.1009~1-e4940]:main():gmm-acc-stats-twofeats.cc:140) Average like for this file is -41.6154 over 158 frames.
LOG (gmm-acc-stats-twofeats[5.5.1009~1-e4940]:main():gmm-acc-stats-twofeats.cc:146) Avg like per frame so far is -42.3914
LOG (gmm-acc-stats-twofeats[5.5.1009~1-e4940]:main():gmm-acc-stats-twofeats.cc:140) Average like for this file is -44.2277 over 101 frames.
LOG (gmm-acc-stats-twofeats[5.5.1009~1-e4940]:main():gmm-acc-stats-twofeats.cc:140) Average like for this file is -45.1196 over 97 frames.
LOG (gmm-acc-stats-twofeats[5.5.1009~1-e4940]:main():gmm-acc-stats-twofeats.cc:140) Average like for this file is -42.2351 over 163 frames.
LOG (gmm-acc-stats-twofeats[5.5.1009~1-e4940]:main():gmm-acc-stats-twofeats.cc:140) Average like for this file is -43.8442 over 159 frames.
LOG (gmm-acc-stats-twofeats[5.5.1009~1-e4940]:main():gmm-acc-stats-twofeats.cc:140) Average like for this file is -42.689 over 71 frames.
LOG (gmm-acc-stats-twofeats[5.5.1009~1-e4940]:main():gmm-acc-stats-twofeats.cc:140) Average like for this file is -40.8106 over 56 frames.
LOG (gmm-acc-stats-twofeats[5.5.1009~1-e4940]:main():gmm-acc-stats-twofeats.cc:140) Average like for this file is -45.2363 over 327 frames.
LOG (gmm-acc-stats-twofeats[5.5.1009~1-e4940]:main():gmm-acc-stats-twofeats.cc:140) Average like for this file is -35.2123 over 113 frames.
LOG (gmm-acc-stats-twofeats[5.5.1009~1-e4940]:main():gmm-acc-stats-twofeats.cc:140) Average like for this file is -39.9754 over 309 frames.
LOG (gmm-acc-stats-twofeats[5.5.1009~1-e4940]:main():gmm-acc-stats-twofeats.cc:140) Average like for this file is -45.6975 over 187 frames.
LOG (gmm-acc-stats-twofeats[5.5.1009~1-e4940]:main():gmm-acc-stats-twofeats.cc:146) Avg like per frame so far is -42.5051
LOG (gmm-acc-stats-twofeats[5.5.1009~1-e4940]:main():gmm-acc-stats-twofeats.cc:140) Average like for this file is -40.3081 over 109 frames.
LOG (gmm-acc-stats-twofeats[5.5.1009~1-e4940]:main():gmm-acc-stats-twofeats.cc:140) Average like for this file is -40.4258 over 129 frames.
LOG (gmm-acc-stats-twofeats[5.5.1009~1-e4940]:main():gmm-acc-stats-twofeats.cc:140) Average like for this file is -46.1481 over 204 frames.
LOG (gmm-acc-stats-twofeats[5.5.1009~1-e4940]:main():gmm-acc-stats-twofeats.cc:140) Average like for this file is -43.6442 over 87 frames.
LOG (gmm-acc-stats-twofeats[5.5.1009~1-e4940]:main():gmm-acc-stats-twofeats.cc:140) Average like for this file is -41.8078 over 73 frames.
LOG (gmm-acc-stats-twofeats[5.5.1009~1-e4940]:main():gmm-acc-stats-twofeats.cc:140) Average like for this file is -34.1808 over 86 frames.
LOG (gmm-acc-stats-twofeats[5.5.1009~1-e4940]:main():gmm-acc-stats-twofeats.cc:140) Average like for this file is -41.7053 over 141 frames.
LOG (gmm-acc-stats-twofeats[5.5.1009~1-e4940]:main():gmm-acc-stats-twofeats.cc:140) Average like for this file is -42.6541 over 154 frames.
LOG (gmm-acc-stats-twofeats[5.5.1009~1-e4940]:main():gmm-acc-stats-twofeats.cc:140) Average like for this file is -49.2179 over 118 frames.
LOG (gmm-acc-stats-twofeats[5.5.1009~1-e4940]:main():gmm-acc-stats-twofeats.cc:140) Average like for this file is -48.797 over 88 frames.
LOG (gmm-acc-stats-twofeats[5.5.1009~1-e4940]:main():gmm-acc-stats-twofeats.cc:146) Avg like per frame so far is -42.6362
LOG (gmm-acc-stats-twofeats[5.5.1009~1-e4940]:main():gmm-acc-stats-twofeats.cc:140) Average like for this file is -47.4609 over 191 frames.
LOG (gmm-acc-stats-twofeats[5.5.1009~1-e4940]:main():gmm-acc-stats-twofeats.cc:140) Average like for this file is -50.6626 over 86 frames.
LOG (gmm-acc-stats-twofeats[5.5.1009~1-e4940]:main():gmm-acc-stats-twofeats.cc:140) Average like for this file is -45.343 over 68 frames.
LOG (gmm-acc-stats-twofeats[5.5.1009~1-e4940]:main():gmm-acc-stats-twofeats.cc:140) Average like for this file is -31.5137 over 62 frames.
LOG (gmm-acc-stats-twofeats[5.5.1009~1-e4940]:main():gmm-acc-stats-twofeats.cc:140) Average like for this file is -42.4325 over 72 frames.
LOG (gmm-acc-stats-twofeats[5.5.1009~1-e4940]:main():gmm-acc-stats-twofeats.cc:140) Average like for this file is -40.8013 over 131 frames.
LOG (gmm-acc-stats-twofeats[5.5.1009~1-e4940]:main():gmm-acc-stats-twofeats.cc:140) Average like for this file is -40.6442 over 113 frames.
LOG (gmm-acc-stats-twofeats[5.5.1009~1-e4940]:main():gmm-acc-stats-twofeats.cc:140) Average like for this file is -42.8666 over 81 frames.
LOG (gmm-acc-stats-twofeats[5.5.1009~1-e4940]:main():gmm-acc-stats-twofeats.cc:140) Average like for this file is -38.8037 over 177 frames.
LOG (gmm-acc-stats-twofeats[5.5.1009~1-e4940]:main():gmm-acc-stats-twofeats.cc:140) Average like for this file is -44.0326 over 113 frames.
LOG (gmm-acc-stats-twofeats[5.5.1009~1-e4940]:main():gmm-acc-stats-twofeats.cc:146) Avg like per frame so far is -42.653
LOG (gmm-acc-stats-twofeats[5.5.1009~1-e4940]:main():gmm-acc-stats-twofeats.cc:140) Average like for this file is -47.6374 over 81 frames.
LOG (gmm-acc-stats-twofeats[5.5.1009~1-e4940]:main():gmm-acc-stats-twofeats.cc:140) Average like for this file is -34.2393 over 53 frames.
LOG (gmm-acc-stats-twofeats[5.5.1009~1-e4940]:main():gmm-acc-stats-twofeats.cc:140) Average like for this file is -43.5435 over 121 frames.
LOG (gmm-acc-stats-twofeats[5.5.1009~1-e4940]:main():gmm-acc-stats-twofeats.cc:140) Average like for this file is -38.291 over 73 frames.
LOG (gmm-acc-stats-twofeats[5.5.1009~1-e4940]:main():gmm-acc-stats-twofeats.cc:140) Average like for this file is -35.9625 over 66 frames.
LOG (gmm-acc-stats-twofeats[5.5.1009~1-e4940]:main():gmm-acc-stats-twofeats.cc:140) Average like for this file is -48.8552 over 67 frames.
LOG (gmm-acc-stats-twofeats[5.5.1009~1-e4940]:main():gmm-acc-stats-twofeats.cc:140) Average like for this file is -46.6353 over 66 frames.
LOG (gmm-acc-stats-twofeats[5.5.1009~1-e4940]:main():gmm-acc-stats-twofeats.cc:140) Average like for this file is -48.0878 over 260 frames.
LOG (gmm-acc-stats-twofeats[5.5.1009~1-e4940]:main():gmm-acc-stats-twofeats.cc:140) Average like for this file is -42.9826 over 113 frames.
LOG (gmm-acc-stats-twofeats[5.5.1009~1-e4940]:main():gmm-acc-stats-twofeats.cc:140) Average like for this file is -40.3526 over 96 frames.
LOG (gmm-acc-stats-twofeats[5.5.1009~1-e4940]:main():gmm-acc-stats-twofeats.cc:146) Avg like per frame so far is -42.7979
LOG (gmm-acc-stats-twofeats[5.5.1009~1-e4940]:main():gmm-acc-stats-twofeats.cc:140) Average like for this file is -44.3926 over 232 frames.
LOG (gmm-acc-stats-twofeats[5.5.1009~1-e4940]:main():gmm-acc-stats-twofeats.cc:140) Average like for this file is -46.975 over 159 frames.
LOG (gmm-acc-stats-twofeats[5.5.1009~1-e4940]:main():gmm-acc-stats-twofeats.cc:140) Average like for this file is -34.4271 over 267 frames.
LOG (gmm-acc-stats-twofeats[5.5.1009~1-e4940]:main():gmm-acc-stats-twofeats.cc:140) Average like for this file is -46.7788 over 88 frames.
LOG (gmm-acc-stats-twofeats[5.5.1009~1-e4940]:main():gmm-acc-stats-twofeats.cc:140) Average like for this file is -45.8602 over 133 frames.
LOG (gmm-acc-stats-twofeats[5.5.1009~1-e4940]:main():gmm-acc-stats-twofeats.cc:140) Average like for this file is -46.3755 over 149 frames.
LOG (gmm-acc-stats-twofeats[5.5.1009~1-e4940]:main():gmm-acc-stats-twofeats.cc:140) Average like for this file is -46.7451 over 188 frames.
LOG (gmm-acc-stats-twofeats[5.5.1009~1-e4940]:main():gmm-acc-stats-twofeats.cc:140) Average like for this file is -47.2103 over 99 frames.
LOG (gmm-acc-stats-twofeats[5.5.1009~1-e4940]:main():gmm-acc-stats-twofeats.cc:140) Average like for this file is -35.7247 over 72 frames.
LOG (gmm-acc-stats-twofeats[5.5.1009~1-e4940]:main():gmm-acc-stats-twofeats.cc:140) Average like for this file is -49.6926 over 61 frames.
LOG (gmm-acc-stats-twofeats[5.5.1009~1-e4940]:main():gmm-acc-stats-twofeats.cc:146) Avg like per frame so far is -42.9181
LOG (gmm-acc-stats-twofeats[5.5.1009~1-e4940]:main():gmm-acc-stats-twofeats.cc:140) Average like for this file is -44.796 over 152 frames.
LOG (gmm-acc-stats-twofeats[5.5.1009~1-e4940]:main():gmm-acc-stats-twofeats.cc:140) Average like for this file is -47.3217 over 110 frames.
LOG (gmm-acc-stats-twofeats[5.5.1009~1-e4940]:main():gmm-acc-stats-twofeats.cc:140) Average like for this file is -44.7665 over 72 frames.
LOG (gmm-acc-stats-twofeats[5.5.1009~1-e4940]:main():gmm-acc-stats-twofeats.cc:140) Average like for this file is -46.2599 over 152 frames.
LOG (gmm-acc-stats-twofeats[5.5.1009~1-e4940]:main():gmm-acc-stats-twofeats.cc:140) Average like for this file is -52.0235 over 391 frames.
LOG (gmm-acc-stats-twofeats[5.5.1009~1-e4940]:main():gmm-acc-stats-twofeats.cc:140) Average like for this file is -48.0682 over 147 frames.
LOG (gmm-acc-stats-twofeats[5.5.1009~1-e4940]:main():gmm-acc-stats-twofeats.cc:140) Average like for this file is -43.6317 over 499 frames.
LOG (gmm-acc-stats-twofeats[5.5.1009~1-e4940]:main():gmm-acc-stats-twofeats.cc:140) Average like for this file is -47.5359 over 227 frames.
LOG (gmm-acc-stats-twofeats[5.5.1009~1-e4940]:main():gmm-acc-stats-twofeats.cc:140) Average like for this file is -47.0532 over 386 frames.
LOG (gmm-acc-stats-twofeats[5.5.1009~1-e4940]:main():gmm-acc-stats-twofeats.cc:140) Average like for this file is -43.093 over 153 frames.
LOG (gmm-acc-stats-twofeats[5.5.1009~1-e4940]:main():gmm-acc-stats-twofeats.cc:146) Avg like per frame so far is -43.6411
LOG (gmm-acc-stats-twofeats[5.5.1009~1-e4940]:main():gmm-acc-stats-twofeats.cc:140) Average like for this file is -46.2371 over 101 frames.
LOG (gmm-acc-stats-twofeats[5.5.1009~1-e4940]:main():gmm-acc-stats-twofeats.cc:140) Average like for this file is -44.6397 over 157 frames.
LOG (gmm-acc-stats-twofeats[5.5.1009~1-e4940]:main():gmm-acc-stats-twofeats.cc:140) Average like for this file is -46.7882 over 171 frames.
LOG (gmm-acc-stats-twofeats[5.5.1009~1-e4940]:main():gmm-acc-stats-twofeats.cc:140) Average like for this file is -44.26 over 72 frames.
LOG (gmm-acc-stats-twofeats[5.5.1009~1-e4940]:main():gmm-acc-stats-twofeats.cc:140) Average like for this file is -39.0425 over 69 frames.
LOG (gmm-acc-stats-twofeats[5.5.1009~1-e4940]:main():gmm-acc-stats-twofeats.cc:140) Average like for this file is -34.0114 over 292 frames.
LOG (gmm-acc-stats-twofeats[5.5.1009~1-e4940]:main():gmm-acc-stats-twofeats.cc:140) Average like for this file is -44.0818 over 79 frames.
LOG (gmm-acc-stats-twofeats[5.5.1009~1-e4940]:main():gmm-acc-stats-twofeats.cc:140) Average like for this file is -41.2281 over 222 frames.
LOG (gmm-acc-stats-twofeats[5.5.1009~1-e4940]:main():gmm-acc-stats-twofeats.cc:140) Average like for this file is -43.2575 over 174 frames.
LOG (gmm-acc-stats-twofeats[5.5.1009~1-e4940]:main():gmm-acc-stats-twofeats.cc:140) Average like for this file is -40.6753 over 198 frames.
LOG (gmm-acc-stats-twofeats[5.5.1009~1-e4940]:main():gmm-acc-stats-twofeats.cc:146) Avg like per frame so far is -43.4005
LOG (gmm-acc-stats-twofeats[5.5.1009~1-e4940]:main():gmm-acc-stats-twofeats.cc:140) Average like for this file is -44.8572 over 203 frames.
LOG (gmm-acc-stats-twofeats[5.5.1009~1-e4940]:main():gmm-acc-stats-twofeats.cc:140) Average like for this file is -40.7116 over 88 frames.
LOG (gmm-acc-stats-twofeats[5.5.1009~1-e4940]:main():gmm-acc-stats-twofeats.cc:140) Average like for this file is -47.7211 over 93 frames.
LOG (gmm-acc-stats-twofeats[5.5.1009~1-e4940]:main():gmm-acc-stats-twofeats.cc:140) Average like for this file is -37.2456 over 56 frames.
LOG (gmm-acc-stats-twofeats[5.5.1009~1-e4940]:main():gmm-acc-stats-twofeats.cc:140) Average like for this file is -44.594 over 226 frames.
LOG (gmm-acc-stats-twofeats[5.5.1009~1-e4940]:main():gmm-acc-stats-twofeats.cc:140) Average like for this file is -46.9918 over 101 frames.
LOG (gmm-acc-stats-twofeats[5.5.1009~1-e4940]:main():gmm-acc-stats-twofeats.cc:140) Average like for this file is -46.1901 over 121 frames.
LOG (gmm-acc-stats-twofeats[5.5.1009~1-e4940]:main():gmm-acc-stats-twofeats.cc:140) Average like for this file is -44.0122 over 440 frames.
LOG (gmm-acc-stats-twofeats[5.5.1009~1-e4940]:main():gmm-acc-stats-twofeats.cc:140) Average like for this file is -38.9695 over 86 frames.
LOG (gmm-acc-stats-twofeats[5.5.1009~1-e4940]:main():gmm-acc-stats-twofeats.cc:140) Average like for this file is -43.6235 over 177 frames.
LOG (gmm-acc-stats-twofeats[5.5.1009~1-e4940]:main():gmm-acc-stats-twofeats.cc:146) Avg like per frame so far is -43.4671
LOG (gmm-acc-stats-twofeats[5.5.1009~1-e4940]:main():gmm-acc-stats-twofeats.cc:140) Average like for this file is -39.3137 over 260 frames.
LOG (gmm-acc-stats-twofeats[5.5.1009~1-e4940]:main():gmm-acc-stats-twofeats.cc:140) Average like for this file is -38.776 over 72 frames.
LOG (gmm-acc-stats-twofeats[5.5.1009~1-e4940]:main():gmm-acc-stats-twofeats.cc:140) Average like for this file is -44.2033 over 72 frames.
LOG (gmm-acc-stats-twofeats[5.5.1009~1-e4940]:main():gmm-acc-stats-twofeats.cc:140) Average like for this file is -42.0652 over 91 frames.
LOG (gmm-acc-stats-twofeats[5.5.1009~1-e4940]:main():gmm-acc-stats-twofeats.cc:140) Average like for this file is -44.2487 over 195 frames.
LOG (gmm-acc-stats-twofeats[5.5.1009~1-e4940]:main():gmm-acc-stats-twofeats.cc:140) Average like for this file is -41.4694 over 134 frames.
LOG (gmm-acc-stats-twofeats[5.5.1009~1-e4940]:main():gmm-acc-stats-twofeats.cc:140) Average like for this file is -43.215 over 97 frames.
LOG (gmm-acc-stats-twofeats[5.5.1009~1-e4940]:main():gmm-acc-stats-twofeats.cc:140) Average like for this file is -40.3201 over 88 frames.
LOG (gmm-acc-stats-twofeats[5.5.1009~1-e4940]:main():gmm-acc-stats-twofeats.cc:140) Average like for this file is -46.2572 over 126 frames.
LOG (gmm-acc-stats-twofeats[5.5.1009~1-e4940]:main():gmm-acc-stats-twofeats.cc:140) Average like for this file is -46.8312 over 306 frames.
LOG (gmm-acc-stats-twofeats[5.5.1009~1-e4940]:main():gmm-acc-stats-twofeats.cc:146) Avg like per frame so far is -43.4354
LOG (gmm-acc-stats-twofeats[5.5.1009~1-e4940]:main():gmm-acc-stats-twofeats.cc:140) Average like for this file is -43.531 over 197 frames.
LOG (gmm-acc-stats-twofeats[5.5.1009~1-e4940]:main():gmm-acc-stats-twofeats.cc:140) Average like for this file is -49.1099 over 59 frames.
LOG (gmm-acc-stats-twofeats[5.5.1009~1-e4940]:main():gmm-acc-stats-twofeats.cc:140) Average like for this file is -45.7833 over 196 frames.
LOG (gmm-acc-stats-twofeats[5.5.1009~1-e4940]:main():gmm-acc-stats-twofeats.cc:140) Average like for this file is -46.1082 over 99 frames.
LOG (gmm-acc-stats-twofeats[5.5.1009~1-e4940]:main():gmm-acc-stats-twofeats.cc:140) Average like for this file is -46.9483 over 104 frames.
LOG (gmm-acc-stats-twofeats[5.5.1009~1-e4940]:main():gmm-acc-stats-twofeats.cc:140) Average like for this file is -41.4085 over 111 frames.
LOG (gmm-acc-stats-twofeats[5.5.1009~1-e4940]:main():gmm-acc-stats-twofeats.cc:140) Average like for this file is -39.5544 over 98 frames.
LOG (gmm-acc-stats-twofeats[5.5.1009~1-e4940]:main():gmm-acc-stats-twofeats.cc:140) Average like for this file is -41.8114 over 106 frames.
LOG (gmm-acc-stats-twofeats[5.5.1009~1-e4940]:main():gmm-acc-stats-twofeats.cc:140) Average like for this file is -42.1541 over 72 frames.
LOG (gmm-acc-stats-twofeats[5.5.1009~1-e4940]:main():gmm-acc-stats-twofeats.cc:140) Average like for this file is -42.6462 over 216 frames.
LOG (gmm-acc-stats-twofeats[5.5.1009~1-e4940]:main():gmm-acc-stats-twofeats.cc:146) Avg like per frame so far is -43.4579
LOG (gmm-acc-stats-twofeats[5.5.1009~1-e4940]:main():gmm-acc-stats-twofeats.cc:140) Average like for this file is -41.504 over 120 frames.
LOG (gmm-acc-stats-twofeats[5.5.1009~1-e4940]:main():gmm-acc-stats-twofeats.cc:140) Average like for this file is -46.5093 over 311 frames.
LOG (gmm-acc-stats-twofeats[5.5.1009~1-e4940]:main():gmm-acc-stats-twofeats.cc:140) Average like for this file is -42.4507 over 167 frames.
LOG (gmm-acc-stats-twofeats[5.5.1009~1-e4940]:main():gmm-acc-stats-twofeats.cc:140) Average like for this file is -40.1156 over 137 frames.
LOG (gmm-acc-stats-twofeats[5.5.1009~1-e4940]:main():gmm-acc-stats-twofeats.cc:140) Average like for this file is -39.1329 over 148 frames.
LOG (gmm-acc-stats-twofeats[5.5.1009~1-e4940]:main():gmm-acc-stats-twofeats.cc:140) Average like for this file is -42.4666 over 212 frames.
LOG (gmm-acc-stats-twofeats[5.5.1009~1-e4940]:main():gmm-acc-stats-twofeats.cc:140) Average like for this file is -47.5194 over 142 frames.
LOG (gmm-acc-stats-twofeats[5.5.1009~1-e4940]:main():gmm-acc-stats-twofeats.cc:140) Average like for this file is -40.9414 over 169 frames.
LOG (gmm-acc-stats-twofeats[5.5.1009~1-e4940]:main():gmm-acc-stats-twofeats.cc:140) Average like for this file is -39.2918 over 104 frames.
LOG (gmm-acc-stats-twofeats[5.5.1009~1-e4940]:main():gmm-acc-stats-twofeats.cc:140) Average like for this file is -22.4247 over 99 frames.
LOG (gmm-acc-stats-twofeats[5.5.1009~1-e4940]:main():gmm-acc-stats-twofeats.cc:146) Avg like per frame so far is -43.298
LOG (gmm-acc-stats-twofeats[5.5.1009~1-e4940]:main():gmm-acc-stats-twofeats.cc:140) Average like for this file is -31.7491 over 58 frames.
LOG (gmm-acc-stats-twofeats[5.5.1009~1-e4940]:main():gmm-acc-stats-twofeats.cc:140) Average like for this file is -48.0683 over 66 frames.
LOG (gmm-acc-stats-twofeats[5.5.1009~1-e4940]:main():gmm-acc-stats-twofeats.cc:140) Average like for this file is -40.4598 over 153 frames.
LOG (gmm-acc-stats-twofeats[5.5.1009~1-e4940]:main():gmm-acc-stats-twofeats.cc:140) Average like for this file is -43.0954 over 211 frames.
LOG (gmm-acc-stats-twofeats[5.5.1009~1-e4940]:main():gmm-acc-stats-twofeats.cc:140) Average like for this file is -43.4436 over 137 frames.
LOG (gmm-acc-stats-twofeats[5.5.1009~1-e4940]:main():gmm-acc-stats-twofeats.cc:140) Average like for this file is -43.9856 over 102 frames.
LOG (gmm-acc-stats-twofeats[5.5.1009~1-e4940]:main():gmm-acc-stats-twofeats.cc:140) Average like for this file is -38.2791 over 93 frames.
LOG (gmm-acc-stats-twofeats[5.5.1009~1-e4940]:main():gmm-acc-stats-twofeats.cc:140) Average like for this file is -40.7433 over 93 frames.
LOG (gmm-acc-stats-twofeats[5.5.1009~1-e4940]:main():gmm-acc-stats-twofeats.cc:140) Average like for this file is -46.1334 over 102 frames.
LOG (gmm-acc-stats-twofeats[5.5.1009~1-e4940]:main():gmm-acc-stats-twofeats.cc:140) Average like for this file is -44.2625 over 178 frames.
LOG (gmm-acc-stats-twofeats[5.5.1009~1-e4940]:main():gmm-acc-stats-twofeats.cc:146) Avg like per frame so far is -43.2504
LOG (gmm-acc-stats-twofeats[5.5.1009~1-e4940]:main():gmm-acc-stats-twofeats.cc:140) Average like for this file is -46.0858 over 92 frames.
LOG (gmm-acc-stats-twofeats[5.5.1009~1-e4940]:main():gmm-acc-stats-twofeats.cc:140) Average like for this file is -46.8982 over 140 frames.
LOG (gmm-acc-stats-twofeats[5.5.1009~1-e4940]:main():gmm-acc-stats-twofeats.cc:140) Average like for this file is -45.3778 over 81 frames.
LOG (gmm-acc-stats-twofeats[5.5.1009~1-e4940]:main():gmm-acc-stats-twofeats.cc:140) Average like for this file is -46.5245 over 68 frames.
LOG (gmm-acc-stats-twofeats[5.5.1009~1-e4940]:main():gmm-acc-stats-twofeats.cc:140) Average like for this file is -45.4128 over 89 frames.
LOG (gmm-acc-stats-twofeats[5.5.1009~1-e4940]:main():gmm-acc-stats-twofeats.cc:140) Average like for this file is -43.9735 over 56 frames.
LOG (gmm-acc-stats-twofeats[5.5.1009~1-e4940]:main():gmm-acc-stats-twofeats.cc:140) Average like for this file is -36.265 over 166 frames.
LOG (gmm-acc-stats-twofeats[5.5.1009~1-e4940]:main():gmm-acc-stats-twofeats.cc:140) Average like for this file is -49.9258 over 73 frames.
LOG (gmm-acc-stats-twofeats[5.5.1009~1-e4940]:main():gmm-acc-stats-twofeats.cc:140) Average like for this file is -45.221 over 51 frames.
LOG (gmm-acc-stats-twofeats[5.5.1009~1-e4940]:main():gmm-acc-stats-twofeats.cc:140) Average like for this file is -41.8935 over 94 frames.
LOG (gmm-acc-stats-twofeats[5.5.1009~1-e4940]:main():gmm-acc-stats-twofeats.cc:146) Avg like per frame so far is -43.2828
LOG (gmm-acc-stats-twofeats[5.5.1009~1-e4940]:main():gmm-acc-stats-twofeats.cc:140) Average like for this file is -47.0464 over 238 frames.
LOG (gmm-acc-stats-twofeats[5.5.1009~1-e4940]:main():gmm-acc-stats-twofeats.cc:140) Average like for this file is -43.139 over 109 frames.
LOG (gmm-acc-stats-twofeats[5.5.1009~1-e4940]:main():gmm-acc-stats-twofeats.cc:140) Average like for this file is -43.2905 over 73 frames.
LOG (gmm-acc-stats-twofeats[5.5.1009~1-e4940]:main():gmm-acc-stats-twofeats.cc:140) Average like for this file is -46.1496 over 156 frames.
LOG (gmm-acc-stats-twofeats[5.5.1009~1-e4940]:main():gmm-acc-stats-twofeats.cc:140) Average like for this file is -41.7434 over 71 frames.
LOG (gmm-acc-stats-twofeats[5.5.1009~1-e4940]:main():gmm-acc-stats-twofeats.cc:140) Average like for this file is -45.2455 over 91 frames.
LOG (gmm-acc-stats-twofeats[5.5.1009~1-e4940]:main():gmm-acc-stats-twofeats.cc:140) Average like for this file is -45.3455 over 56 frames.
LOG (gmm-acc-stats-twofeats[5.5.1009~1-e4940]:main():gmm-acc-stats-twofeats.cc:140) Average like for this file is -42.4699 over 51 frames.
LOG (gmm-acc-stats-twofeats[5.5.1009~1-e4940]:main():gmm-acc-stats-twofeats.cc:140) Average like for this file is -39.2911 over 77 frames.
LOG (gmm-acc-stats-twofeats[5.5.1009~1-e4940]:main():gmm-acc-stats-twofeats.cc:140) Average like for this file is -46.5888 over 116 frames.
LOG (gmm-acc-stats-twofeats[5.5.1009~1-e4940]:main():gmm-acc-stats-twofeats.cc:146) Avg like per frame so far is -43.351
LOG (gmm-acc-stats-twofeats[5.5.1009~1-e4940]:main():gmm-acc-stats-twofeats.cc:140) Average like for this file is -46.1035 over 58 frames.
LOG (gmm-acc-stats-twofeats[5.5.1009~1-e4940]:main():gmm-acc-stats-twofeats.cc:140) Average like for this file is -49.4213 over 69 frames.
LOG (gmm-acc-stats-twofeats[5.5.1009~1-e4940]:main():gmm-acc-stats-twofeats.cc:140) Average like for this file is -41.7072 over 86 frames.
LOG (gmm-acc-stats-twofeats[5.5.1009~1-e4940]:main():gmm-acc-stats-twofeats.cc:140) Average like for this file is -37.9325 over 56 frames.
LOG (gmm-acc-stats-twofeats[5.5.1009~1-e4940]:main():gmm-acc-stats-twofeats.cc:140) Average like for this file is -41.8783 over 108 frames.
LOG (gmm-acc-stats-twofeats[5.5.1009~1-e4940]:main():gmm-acc-stats-twofeats.cc:140) Average like for this file is -40.1251 over 63 frames.
LOG (gmm-acc-stats-twofeats[5.5.1009~1-e4940]:main():gmm-acc-stats-twofeats.cc:140) Average like for this file is -41.2461 over 139 frames.
LOG (gmm-acc-stats-twofeats[5.5.1009~1-e4940]:main():gmm-acc-stats-twofeats.cc:140) Average like for this file is -46.2505 over 61 frames.
LOG (gmm-acc-stats-twofeats[5.5.1009~1-e4940]:main():gmm-acc-stats-twofeats.cc:140) Average like for this file is -44.4934 over 69 frames.
LOG (gmm-acc-stats-twofeats[5.5.1009~1-e4940]:main():gmm-acc-stats-twofeats.cc:140) Average like for this file is -40.17 over 99 frames.
LOG (gmm-acc-stats-twofeats[5.5.1009~1-e4940]:main():gmm-acc-stats-twofeats.cc:146) Avg like per frame so far is -43.3263
LOG (gmm-acc-stats-twofeats[5.5.1009~1-e4940]:main():gmm-acc-stats-twofeats.cc:140) Average like for this file is -44.0773 over 67 frames.
LOG (gmm-acc-stats-twofeats[5.5.1009~1-e4940]:main():gmm-acc-stats-twofeats.cc:140) Average like for this file is -45.5645 over 188 frames.
LOG (gmm-acc-stats-twofeats[5.5.1009~1-e4940]:main():gmm-acc-stats-twofeats.cc:140) Average like for this file is -45.8762 over 96 frames.
LOG (gmm-acc-stats-twofeats[5.5.1009~1-e4940]:main():gmm-acc-stats-twofeats.cc:140) Average like for this file is -42.8506 over 52 frames.
LOG (gmm-acc-stats-twofeats[5.5.1009~1-e4940]:main():gmm-acc-stats-twofeats.cc:140) Average like for this file is -43.5706 over 153 frames.
LOG (gmm-acc-stats-twofeats[5.5.1009~1-e4940]:main():gmm-acc-stats-twofeats.cc:140) Average like for this file is -45.1344 over 238 frames.
LOG (gmm-acc-stats-twofeats[5.5.1009~1-e4940]:main():gmm-acc-stats-twofeats.cc:140) Average like for this file is -46.0653 over 120 frames.
LOG (gmm-acc-stats-twofeats[5.5.1009~1-e4940]:main():gmm-acc-stats-twofeats.cc:140) Average like for this file is -45.3641 over 57 frames.
LOG (gmm-acc-stats-twofeats[5.5.1009~1-e4940]:main():gmm-acc-stats-twofeats.cc:140) Average like for this file is -43.8261 over 66 frames.
LOG (gmm-acc-stats-twofeats[5.5.1009~1-e4940]:main():gmm-acc-stats-twofeats.cc:140) Average like for this file is -49.8964 over 56 frames.
LOG (gmm-acc-stats-twofeats[5.5.1009~1-e4940]:main():gmm-acc-stats-twofeats.cc:146) Avg like per frame so far is -43.4078
LOG (gmm-acc-stats-twofeats[5.5.1009~1-e4940]:main():gmm-acc-stats-twofeats.cc:140) Average like for this file is -43.2 over 91 frames.
LOG (gmm-acc-stats-twofeats[5.5.1009~1-e4940]:main():gmm-acc-stats-twofeats.cc:140) Average like for this file is -40.6088 over 124 frames.
LOG (gmm-acc-stats-twofeats[5.5.1009~1-e4940]:main():gmm-acc-stats-twofeats.cc:140) Average like for this file is -45.9296 over 88 frames.
LOG (gmm-acc-stats-twofeats[5.5.1009~1-e4940]:main():gmm-acc-stats-twofeats.cc:140) Average like for this file is -41.3433 over 144 frames.
LOG (gmm-acc-stats-twofeats[5.5.1009~1-e4940]:main():gmm-acc-stats-twofeats.cc:140) Average like for this file is -42.8097 over 141 frames.
LOG (gmm-acc-stats-twofeats[5.5.1009~1-e4940]:main():gmm-acc-stats-twofeats.cc:140) Average like for this file is -45.542 over 119 frames.
LOG (gmm-acc-stats-twofeats[5.5.1009~1-e4940]:main():gmm-acc-stats-twofeats.cc:140) Average like for this file is -46.0838 over 133 frames.
LOG (gmm-acc-stats-twofeats[5.5.1009~1-e4940]:main():gmm-acc-stats-twofeats.cc:140) Average like for this file is -43.7629 over 72 frames.
LOG (gmm-acc-stats-twofeats[5.5.1009~1-e4940]:main():gmm-acc-stats-twofeats.cc:140) Average like for this file is -46.3003 over 165 frames.
LOG (gmm-acc-stats-twofeats[5.5.1009~1-e4940]:main():gmm-acc-stats-twofeats.cc:140) Average like for this file is -48.2672 over 52 frames.
LOG (gmm-acc-stats-twofeats[5.5.1009~1-e4940]:main():gmm-acc-stats-twofeats.cc:146) Avg like per frame so far is -43.4405
LOG (gmm-acc-stats-twofeats[5.5.1009~1-e4940]:main():gmm-acc-stats-twofeats.cc:140) Average like for this file is -48.1753 over 294 frames.
LOG (gmm-acc-stats-twofeats[5.5.1009~1-e4940]:main():gmm-acc-stats-twofeats.cc:140) Average like for this file is -46.7249 over 58 frames.
LOG (gmm-acc-stats-twofeats[5.5.1009~1-e4940]:main():gmm-acc-stats-twofeats.cc:140) Average like for this file is -48.6453 over 119 frames.
LOG (gmm-acc-stats-twofeats[5.5.1009~1-e4940]:main():gmm-acc-stats-twofeats.cc:140) Average like for this file is -40.253 over 93 frames.
LOG (gmm-acc-stats-twofeats[5.5.1009~1-e4940]:main():gmm-acc-stats-twofeats.cc:140) Average like for this file is -47.7132 over 71 frames.
LOG (gmm-acc-stats-twofeats[5.5.1009~1-e4940]:main():gmm-acc-stats-twofeats.cc:140) Average like for this file is -39.8205 over 66 frames.
LOG (gmm-acc-stats-twofeats[5.5.1009~1-e4940]:main():gmm-acc-stats-twofeats.cc:140) Average like for this file is -36.3639 over 72 frames.
LOG (gmm-acc-stats-twofeats[5.5.1009~1-e4940]:main():gmm-acc-stats-twofeats.cc:140) Average like for this file is -44.5135 over 84 frames.
LOG (gmm-acc-stats-twofeats[5.5.1009~1-e4940]:main():gmm-acc-stats-twofeats.cc:140) Average like for this file is -39.8151 over 184 frames.
LOG (gmm-acc-stats-twofeats[5.5.1009~1-e4940]:main():gmm-acc-stats-twofeats.cc:140) Average like for this file is -42.4982 over 132 frames.
LOG (gmm-acc-stats-twofeats[5.5.1009~1-e4940]:main():gmm-acc-stats-twofeats.cc:146) Avg like per frame so far is -43.4687
LOG (gmm-acc-stats-twofeats[5.5.1009~1-e4940]:main():gmm-acc-stats-twofeats.cc:140) Average like for this file is -47.0488 over 62 frames.
LOG (gmm-acc-stats-twofeats[5.5.1009~1-e4940]:main():gmm-acc-stats-twofeats.cc:140) Average like for this file is -44.3094 over 124 frames.
LOG (gmm-acc-stats-twofeats[5.5.1009~1-e4940]:main():gmm-acc-stats-twofeats.cc:140) Average like for this file is -41.5903 over 100 frames.
LOG (gmm-acc-stats-twofeats[5.5.1009~1-e4940]:main():gmm-acc-stats-twofeats.cc:140) Average like for this file is -43.72 over 68 frames.
LOG (gmm-acc-stats-twofeats[5.5.1009~1-e4940]:main():gmm-acc-stats-twofeats.cc:140) Average like for this file is -47.7099 over 141 frames.
LOG (gmm-acc-stats-twofeats[5.5.1009~1-e4940]:main():gmm-acc-stats-twofeats.cc:140) Average like for this file is -44.7021 over 63 frames.
LOG (gmm-acc-stats-twofeats[5.5.1009~1-e4940]:main():gmm-acc-stats-twofeats.cc:140) Average like for this file is -43.932 over 122 frames.
LOG (gmm-acc-stats-twofeats[5.5.1009~1-e4940]:main():gmm-acc-stats-twofeats.cc:140) Average like for this file is -47.1104 over 64 frames.
LOG (gmm-acc-stats-twofeats[5.5.1009~1-e4940]:main():gmm-acc-stats-twofeats.cc:140) Average like for this file is -44.9674 over 124 frames.
LOG (gmm-acc-stats-twofeats[5.5.1009~1-e4940]:main():gmm-acc-stats-twofeats.cc:140) Average like for this file is -46.2708 over 78 frames.
LOG (gmm-acc-stats-twofeats[5.5.1009~1-e4940]:main():gmm-acc-stats-twofeats.cc:146) Avg like per frame so far is -43.5235
LOG (gmm-acc-stats-twofeats[5.5.1009~1-e4940]:main():gmm-acc-stats-twofeats.cc:140) Average like for this file is -41.1114 over 76 frames.
LOG (gmm-acc-stats-twofeats[5.5.1009~1-e4940]:main():gmm-acc-stats-twofeats.cc:140) Average like for this file is -36.4092 over 73 frames.
LOG (gmm-acc-stats-twofeats[5.5.1009~1-e4940]:main():gmm-acc-stats-twofeats.cc:140) Average like for this file is -43.3727 over 77 frames.
LOG (gmm-acc-stats-twofeats[5.5.1009~1-e4940]:main():gmm-acc-stats-twofeats.cc:140) Average like for this file is -45.6967 over 86 frames.
LOG (gmm-acc-stats-twofeats[5.5.1009~1-e4940]:main():gmm-acc-stats-twofeats.cc:140) Average like for this file is -38.1049 over 73 frames.
LOG (gmm-acc-stats-twofeats[5.5.1009~1-e4940]:main():gmm-acc-stats-twofeats.cc:140) Average like for this file is -47.3491 over 56 frames.
LOG (gmm-acc-stats-twofeats[5.5.1009~1-e4940]:main():gmm-acc-stats-twofeats.cc:140) Average like for this file is -42.2431 over 66 frames.
LOG (gmm-acc-stats-twofeats[5.5.1009~1-e4940]:main():gmm-acc-stats-twofeats.cc:140) Average like for this file is -49.6019 over 74 frames.
LOG (gmm-acc-stats-twofeats[5.5.1009~1-e4940]:main():gmm-acc-stats-twofeats.cc:140) Average like for this file is -36.7935 over 312 frames.
LOG (gmm-acc-stats-twofeats[5.5.1009~1-e4940]:main():gmm-acc-stats-twofeats.cc:140) Average like for this file is -36.2826 over 131 frames.
LOG (gmm-acc-stats-twofeats[5.5.1009~1-e4940]:main():gmm-acc-stats-twofeats.cc:146) Avg like per frame so far is -43.406
LOG (gmm-acc-stats-twofeats[5.5.1009~1-e4940]:main():gmm-acc-stats-twofeats.cc:140) Average like for this file is -46.509 over 139 frames.
LOG (gmm-acc-stats-twofeats[5.5.1009~1-e4940]:main():gmm-acc-stats-twofeats.cc:140) Average like for this file is -46.0168 over 108 frames.
LOG (gmm-acc-stats-twofeats[5.5.1009~1-e4940]:main():gmm-acc-stats-twofeats.cc:140) Average like for this file is -46.8417 over 137 frames.
LOG (gmm-acc-stats-twofeats[5.5.1009~1-e4940]:main():gmm-acc-stats-twofeats.cc:140) Average like for this file is -45.7724 over 98 frames.
LOG (gmm-acc-stats-twofeats[5.5.1009~1-e4940]:main():gmm-acc-stats-twofeats.cc:140) Average like for this file is -44.7649 over 173 frames.
LOG (gmm-acc-stats-twofeats[5.5.1009~1-e4940]:main():gmm-acc-stats-twofeats.cc:140) Average like for this file is -49.4629 over 88 frames.
LOG (gmm-acc-stats-twofeats[5.5.1009~1-e4940]:main():gmm-acc-stats-twofeats.cc:140) Average like for this file is -41.0434 over 331 frames.
LOG (gmm-acc-stats-twofeats[5.5.1009~1-e4940]:main():gmm-acc-stats-twofeats.cc:140) Average like for this file is -44.766 over 112 frames.
LOG (gmm-acc-stats-twofeats[5.5.1009~1-e4940]:main():gmm-acc-stats-twofeats.cc:140) Average like for this file is -45.0586 over 131 frames.
LOG (gmm-acc-stats-twofeats[5.5.1009~1-e4940]:main():gmm-acc-stats-twofeats.cc:140) Average like for this file is -42.073 over 123 frames.
LOG (gmm-acc-stats-twofeats[5.5.1009~1-e4940]:main():gmm-acc-stats-twofeats.cc:146) Avg like per frame so far is -43.459
LOG (gmm-acc-stats-twofeats[5.5.1009~1-e4940]:main():gmm-acc-stats-twofeats.cc:140) Average like for this file is -43.7468 over 158 frames.
LOG (gmm-acc-stats-twofeats[5.5.1009~1-e4940]:main():gmm-acc-stats-twofeats.cc:140) Average like for this file is -46.5212 over 98 frames.
LOG (gmm-acc-stats-twofeats[5.5.1009~1-e4940]:main():gmm-acc-stats-twofeats.cc:140) Average like for this file is -48.889 over 137 frames.
LOG (gmm-acc-stats-twofeats[5.5.1009~1-e4940]:main():gmm-acc-stats-twofeats.cc:140) Average like for this file is -47.6698 over 181 frames.
LOG (gmm-acc-stats-twofeats[5.5.1009~1-e4940]:main():gmm-acc-stats-twofeats.cc:140) Average like for this file is -46.8556 over 102 frames.
LOG (gmm-acc-stats-twofeats[5.5.1009~1-e4940]:main():gmm-acc-stats-twofeats.cc:140) Average like for this file is -41.906 over 347 frames.
LOG (gmm-acc-stats-twofeats[5.5.1009~1-e4940]:main():gmm-acc-stats-twofeats.cc:140) Average like for this file is -41.0361 over 204 frames.
LOG (gmm-acc-stats-twofeats[5.5.1009~1-e4940]:main():gmm-acc-stats-twofeats.cc:140) Average like for this file is -43.6482 over 68 frames.
LOG (gmm-acc-stats-twofeats[5.5.1009~1-e4940]:main():gmm-acc-stats-twofeats.cc:140) Average like for this file is -48.5212 over 78 frames.
LOG (gmm-acc-stats-twofeats[5.5.1009~1-e4940]:main():gmm-acc-stats-twofeats.cc:140) Average like for this file is -47.5147 over 67 frames.
LOG (gmm-acc-stats-twofeats[5.5.1009~1-e4940]:main():gmm-acc-stats-twofeats.cc:146) Avg like per frame so far is -43.5171
LOG (gmm-acc-stats-twofeats[5.5.1009~1-e4940]:main():gmm-acc-stats-twofeats.cc:140) Average like for this file is -49.4399 over 103 frames.
LOG (gmm-acc-stats-twofeats[5.5.1009~1-e4940]:main():gmm-acc-stats-twofeats.cc:140) Average like for this file is -45.1125 over 132 frames.
LOG (gmm-acc-stats-twofeats[5.5.1009~1-e4940]:main():gmm-acc-stats-twofeats.cc:140) Average like for this file is -46.2938 over 114 frames.
LOG (gmm-acc-stats-twofeats[5.5.1009~1-e4940]:main():gmm-acc-stats-twofeats.cc:140) Average like for this file is -42.1335 over 117 frames.
LOG (gmm-acc-stats-twofeats[5.5.1009~1-e4940]:main():gmm-acc-stats-twofeats.cc:140) Average like for this file is -46.401 over 77 frames.
LOG (gmm-acc-stats-twofeats[5.5.1009~1-e4940]:main():gmm-acc-stats-twofeats.cc:140) Average like for this file is -45.7288 over 84 frames.
LOG (gmm-acc-stats-twofeats[5.5.1009~1-e4940]:main():gmm-acc-stats-twofeats.cc:140) Average like for this file is -50.1249 over 149 frames.
LOG (gmm-acc-stats-twofeats[5.5.1009~1-e4940]:main():gmm-acc-stats-twofeats.cc:140) Average like for this file is -46.3515 over 104 frames.
LOG (gmm-acc-stats-twofeats[5.5.1009~1-e4940]:main():gmm-acc-stats-twofeats.cc:140) Average like for this file is -44.0189 over 69 frames.
LOG (gmm-acc-stats-twofeats[5.5.1009~1-e4940]:main():gmm-acc-stats-twofeats.cc:140) Average like for this file is -45.6831 over 127 frames.
LOG (gmm-acc-stats-twofeats[5.5.1009~1-e4940]:main():gmm-acc-stats-twofeats.cc:146) Avg like per frame so far is -43.6077
LOG (gmm-acc-stats-twofeats[5.5.1009~1-e4940]:main():gmm-acc-stats-twofeats.cc:140) Average like for this file is -44.8377 over 84 frames.
LOG (gmm-acc-stats-twofeats[5.5.1009~1-e4940]:main():gmm-acc-stats-twofeats.cc:140) Average like for this file is -43.1231 over 86 frames.
LOG (gmm-acc-stats-twofeats[5.5.1009~1-e4940]:main():gmm-acc-stats-twofeats.cc:140) Average like for this file is -45.7538 over 101 frames.
LOG (gmm-acc-stats-twofeats[5.5.1009~1-e4940]:main():gmm-acc-stats-twofeats.cc:140) Average like for this file is -49.1201 over 63 frames.
LOG (gmm-acc-stats-twofeats[5.5.1009~1-e4940]:main():gmm-acc-stats-twofeats.cc:140) Average like for this file is -49.4451 over 107 frames.
LOG (gmm-acc-stats-twofeats[5.5.1009~1-e4940]:main():gmm-acc-stats-twofeats.cc:140) Average like for this file is -43.5926 over 71 frames.
LOG (gmm-acc-stats-twofeats[5.5.1009~1-e4940]:main():gmm-acc-stats-twofeats.cc:140) Average like for this file is -45.776 over 261 frames.
LOG (gmm-acc-stats-twofeats[5.5.1009~1-e4940]:main():gmm-acc-stats-twofeats.cc:140) Average like for this file is -40.9864 over 68 frames.
LOG (gmm-acc-stats-twofeats[5.5.1009~1-e4940]:main():gmm-acc-stats-twofeats.cc:140) Average like for this file is -48.3978 over 193 frames.
LOG (gmm-acc-stats-twofeats[5.5.1009~1-e4940]:main():gmm-acc-stats-twofeats.cc:140) Average like for this file is -48.6949 over 314 frames.
LOG (gmm-acc-stats-twofeats[5.5.1009~1-e4940]:main():gmm-acc-stats-twofeats.cc:146) Avg like per frame so far is -43.7294
LOG (gmm-acc-stats-twofeats[5.5.1009~1-e4940]:main():gmm-acc-stats-twofeats.cc:140) Average like for this file is -39.7053 over 67 frames.
LOG (gmm-acc-stats-twofeats[5.5.1009~1-e4940]:main():gmm-acc-stats-twofeats.cc:140) Average like for this file is -46.8204 over 119 frames.
LOG (gmm-acc-stats-twofeats[5.5.1009~1-e4940]:main():gmm-acc-stats-twofeats.cc:140) Average like for this file is -45.7985 over 69 frames.
LOG (gmm-acc-stats-twofeats[5.5.1009~1-e4940]:main():gmm-acc-stats-twofeats.cc:140) Average like for this file is -46.4315 over 186 frames.
LOG (gmm-acc-stats-twofeats[5.5.1009~1-e4940]:main():gmm-acc-stats-twofeats.cc:140) Average like for this file is -43.9201 over 59 frames.
LOG (gmm-acc-stats-twofeats[5.5.1009~1-e4940]:main():gmm-acc-stats-twofeats.cc:140) Average like for this file is -47.7968 over 254 frames.
LOG (gmm-acc-stats-twofeats[5.5.1009~1-e4940]:main():gmm-acc-stats-twofeats.cc:140) Average like for this file is -35.8516 over 204 frames.
LOG (gmm-acc-stats-twofeats[5.5.1009~1-e4940]:main():gmm-acc-stats-twofeats.cc:140) Average like for this file is -43.8188 over 219 frames.
LOG (gmm-acc-stats-twofeats[5.5.1009~1-e4940]:main():gmm-acc-stats-twofeats.cc:140) Average like for this file is -46.8842 over 131 frames.
LOG (gmm-acc-stats-twofeats[5.5.1009~1-e4940]:main():gmm-acc-stats-twofeats.cc:140) Average like for this file is -44.8741 over 237 frames.
LOG (gmm-acc-stats-twofeats[5.5.1009~1-e4940]:main():gmm-acc-stats-twofeats.cc:146) Avg like per frame so far is -43.7542
LOG (gmm-acc-stats-twofeats[5.5.1009~1-e4940]:main():gmm-acc-stats-twofeats.cc:140) Average like for this file is -40.1071 over 86 frames.
LOG (gmm-acc-stats-twofeats[5.5.1009~1-e4940]:main():gmm-acc-stats-twofeats.cc:140) Average like for this file is -49.2825 over 189 frames.
LOG (gmm-acc-stats-twofeats[5.5.1009~1-e4940]:main():gmm-acc-stats-twofeats.cc:140) Average like for this file is -46.931 over 136 frames.
LOG (gmm-acc-stats-twofeats[5.5.1009~1-e4940]:main():gmm-acc-stats-twofeats.cc:140) Average like for this file is -42.8269 over 74 frames.
LOG (gmm-acc-stats-twofeats[5.5.1009~1-e4940]:main():gmm-acc-stats-twofeats.cc:140) Average like for this file is -43.8581 over 141 frames.
LOG (gmm-acc-stats-twofeats[5.5.1009~1-e4940]:main():gmm-acc-stats-twofeats.cc:140) Average like for this file is -46.8188 over 211 frames.
LOG (gmm-acc-stats-twofeats[5.5.1009~1-e4940]:main():gmm-acc-stats-twofeats.cc:140) Average like for this file is -47.1162 over 77 frames.
LOG (gmm-acc-stats-twofeats[5.5.1009~1-e4940]:main():gmm-acc-stats-twofeats.cc:140) Average like for this file is -34.1723 over 164 frames.
LOG (gmm-acc-stats-twofeats[5.5.1009~1-e4940]:main():gmm-acc-stats-twofeats.cc:140) Average like for this file is -46.5416 over 73 frames.
LOG (gmm-acc-stats-twofeats[5.5.1009~1-e4940]:main():gmm-acc-stats-twofeats.cc:140) Average like for this file is -39.0843 over 288 frames.
LOG (gmm-acc-stats-twofeats[5.5.1009~1-e4940]:main():gmm-acc-stats-twofeats.cc:146) Avg like per frame so far is -43.7354
LOG (gmm-acc-stats-twofeats[5.5.1009~1-e4940]:main():gmm-acc-stats-twofeats.cc:140) Average like for this file is -47.903 over 131 frames.
LOG (gmm-acc-stats-twofeats[5.5.1009~1-e4940]:main():gmm-acc-stats-twofeats.cc:140) Average like for this file is -44.2183 over 102 frames.
LOG (gmm-acc-stats-twofeats[5.5.1009~1-e4940]:main():gmm-acc-stats-twofeats.cc:140) Average like for this file is -40.8363 over 53 frames.
LOG (gmm-acc-stats-twofeats[5.5.1009~1-e4940]:main():gmm-acc-stats-twofeats.cc:140) Average like for this file is -38.2408 over 174 frames.
LOG (gmm-acc-stats-twofeats[5.5.1009~1-e4940]:main():gmm-acc-stats-twofeats.cc:140) Average like for this file is -34.0574 over 211 frames.
LOG (gmm-acc-stats-twofeats[5.5.1009~1-e4940]:main():gmm-acc-stats-twofeats.cc:140) Average like for this file is -40.2771 over 228 frames.
LOG (gmm-acc-stats-twofeats[5.5.1009~1-e4940]:main():gmm-acc-stats-twofeats.cc:140) Average like for this file is -34.9372 over 98 frames.
LOG (gmm-acc-stats-twofeats[5.5.1009~1-e4940]:main():gmm-acc-stats-twofeats.cc:140) Average like for this file is -40.257 over 73 frames.
LOG (gmm-acc-stats-twofeats[5.5.1009~1-e4940]:main():gmm-acc-stats-twofeats.cc:140) Average like for this file is -38.519 over 180 frames.
LOG (gmm-acc-stats-twofeats[5.5.1009~1-e4940]:main():gmm-acc-stats-twofeats.cc:140) Average like for this file is -42.0178 over 199 frames.
LOG (gmm-acc-stats-twofeats[5.5.1009~1-e4940]:main():gmm-acc-stats-twofeats.cc:146) Avg like per frame so far is -43.5867
LOG (gmm-acc-stats-twofeats[5.5.1009~1-e4940]:main():gmm-acc-stats-twofeats.cc:140) Average like for this file is -48.1532 over 64 frames.
LOG (gmm-acc-stats-twofeats[5.5.1009~1-e4940]:main():gmm-acc-stats-twofeats.cc:140) Average like for this file is -48.2977 over 51 frames.
LOG (gmm-acc-stats-twofeats[5.5.1009~1-e4940]:main():gmm-acc-stats-twofeats.cc:140) Average like for this file is -45.0376 over 58 frames.
LOG (gmm-acc-stats-twofeats[5.5.1009~1-e4940]:main():gmm-acc-stats-twofeats.cc:140) Average like for this file is -39.6296 over 58 frames.
LOG (gmm-acc-stats-twofeats[5.5.1009~1-e4940]:main():gmm-acc-stats-twofeats.cc:140) Average like for this file is -46.2149 over 126 frames.
LOG (gmm-acc-stats-twofeats[5.5.1009~1-e4940]:main():gmm-acc-stats-twofeats.cc:140) Average like for this file is -43.8506 over 98 frames.
LOG (gmm-acc-stats-twofeats[5.5.1009~1-e4940]:main():gmm-acc-stats-twofeats.cc:140) Average like for this file is -46.2974 over 254 frames.
LOG (gmm-acc-stats-twofeats[5.5.1009~1-e4940]:main():gmm-acc-stats-twofeats.cc:140) Average like for this file is -45.072 over 238 frames.
LOG (gmm-acc-stats-twofeats[5.5.1009~1-e4940]:main():gmm-acc-stats-twofeats.cc:140) Average like for this file is -41.4653 over 96 frames.
LOG (gmm-acc-stats-twofeats[5.5.1009~1-e4940]:main():gmm-acc-stats-twofeats.cc:140) Average like for this file is -49.0574 over 102 frames.
LOG (gmm-acc-stats-twofeats[5.5.1009~1-e4940]:main():gmm-acc-stats-twofeats.cc:146) Avg like per frame so far is -43.6405
LOG (gmm-acc-stats-twofeats[5.5.1009~1-e4940]:main():gmm-acc-stats-twofeats.cc:140) Average like for this file is -47.4309 over 77 frames.
LOG (gmm-acc-stats-twofeats[5.5.1009~1-e4940]:main():gmm-acc-stats-twofeats.cc:140) Average like for this file is -42.2383 over 86 frames.
LOG (gmm-acc-stats-twofeats[5.5.1009~1-e4940]:main():gmm-acc-stats-twofeats.cc:140) Average like for this file is -41.5573 over 105 frames.
LOG (gmm-acc-stats-twofeats[5.5.1009~1-e4940]:main():gmm-acc-stats-twofeats.cc:140) Average like for this file is -44.8136 over 102 frames.
LOG (gmm-acc-stats-twofeats[5.5.1009~1-e4940]:main():gmm-acc-stats-twofeats.cc:140) Average like for this file is -40.7905 over 165 frames.
LOG (gmm-acc-stats-twofeats[5.5.1009~1-e4940]:main():gmm-acc-stats-twofeats.cc:140) Average like for this file is -46.9822 over 255 frames.
LOG (gmm-acc-stats-twofeats[5.5.1009~1-e4940]:main():gmm-acc-stats-twofeats.cc:140) Average like for this file is -42.188 over 112 frames.
LOG (gmm-acc-stats-twofeats[5.5.1009~1-e4940]:main():gmm-acc-stats-twofeats.cc:140) Average like for this file is -42.0103 over 184 frames.
LOG (gmm-acc-stats-twofeats[5.5.1009~1-e4940]:main():gmm-acc-stats-twofeats.cc:140) Average like for this file is -44.6878 over 94 frames.
LOG (gmm-acc-stats-twofeats[5.5.1009~1-e4940]:main():gmm-acc-stats-twofeats.cc:140) Average like for this file is -49.1074 over 88 frames.
LOG (gmm-acc-stats-twofeats[5.5.1009~1-e4940]:main():gmm-acc-stats-twofeats.cc:146) Avg like per frame so far is -43.6544
LOG (gmm-acc-stats-twofeats[5.5.1009~1-e4940]:main():gmm-acc-stats-twofeats.cc:140) Average like for this file is -42.3031 over 91 frames.
LOG (gmm-acc-stats-twofeats[5.5.1009~1-e4940]:main():gmm-acc-stats-twofeats.cc:140) Average like for this file is -47.3771 over 51 frames.
LOG (gmm-acc-stats-twofeats[5.5.1009~1-e4940]:main():gmm-acc-stats-twofeats.cc:140) Average like for this file is -42.5568 over 102 frames.
LOG (gmm-acc-stats-twofeats[5.5.1009~1-e4940]:main():gmm-acc-stats-twofeats.cc:140) Average like for this file is -43.1511 over 81 frames.
LOG (gmm-acc-stats-twofeats[5.5.1009~1-e4940]:main():gmm-acc-stats-twofeats.cc:140) Average like for this file is -43.5671 over 83 frames.
LOG (gmm-acc-stats-twofeats[5.5.1009~1-e4940]:main():gmm-acc-stats-twofeats.cc:140) Average like for this file is -44.3181 over 163 frames.
LOG (gmm-acc-stats-twofeats[5.5.1009~1-e4940]:main():gmm-acc-stats-twofeats.cc:140) Average like for this file is -40.9241 over 93 frames.
LOG (gmm-acc-stats-twofeats[5.5.1009~1-e4940]:main():gmm-acc-stats-twofeats.cc:140) Average like for this file is -35.8179 over 73 frames.
LOG (gmm-acc-stats-twofeats[5.5.1009~1-e4940]:main():gmm-acc-stats-twofeats.cc:140) Average like for this file is -41.2568 over 119 frames.
LOG (gmm-acc-stats-twofeats[5.5.1009~1-e4940]:main():gmm-acc-stats-twofeats.cc:140) Average like for this file is -41.9407 over 82 frames.
LOG (gmm-acc-stats-twofeats[5.5.1009~1-e4940]:main():gmm-acc-stats-twofeats.cc:146) Avg like per frame so far is -43.625
LOG (gmm-acc-stats-twofeats[5.5.1009~1-e4940]:main():gmm-acc-stats-twofeats.cc:140) Average like for this file is -47.4381 over 102 frames.
LOG (gmm-acc-stats-twofeats[5.5.1009~1-e4940]:main():gmm-acc-stats-twofeats.cc:140) Average like for this file is -40.2421 over 99 frames.
LOG (gmm-acc-stats-twofeats[5.5.1009~1-e4940]:main():gmm-acc-stats-twofeats.cc:140) Average like for this file is -31.9907 over 89 frames.
LOG (gmm-acc-stats-twofeats[5.5.1009~1-e4940]:main():gmm-acc-stats-twofeats.cc:140) Average like for this file is -39.2759 over 131 frames.
LOG (gmm-acc-stats-twofeats[5.5.1009~1-e4940]:main():gmm-acc-stats-twofeats.cc:140) Average like for this file is -23.1734 over 73 frames.
LOG (gmm-acc-stats-twofeats[5.5.1009~1-e4940]:main():gmm-acc-stats-twofeats.cc:140) Average like for this file is -41.7879 over 130 frames.
LOG (gmm-acc-stats-twofeats[5.5.1009~1-e4940]:main():gmm-acc-stats-twofeats.cc:140) Average like for this file is -38.3159 over 157 frames.
LOG (gmm-acc-stats-twofeats[5.5.1009~1-e4940]:main():gmm-acc-stats-twofeats.cc:140) Average like for this file is -42.9287 over 138 frames.
LOG (gmm-acc-stats-twofeats[5.5.1009~1-e4940]:main():gmm-acc-stats-twofeats.cc:140) Average like for this file is -22.5974 over 81 frames.
LOG (gmm-acc-stats-twofeats[5.5.1009~1-e4940]:main():gmm-acc-stats-twofeats.cc:140) Average like for this file is -36.9636 over 56 frames.
LOG (gmm-acc-stats-twofeats[5.5.1009~1-e4940]:main():gmm-acc-stats-twofeats.cc:146) Avg like per frame so far is -43.4787
LOG (gmm-acc-stats-twofeats[5.5.1009~1-e4940]:main():gmm-acc-stats-twofeats.cc:140) Average like for this file is -21.3609 over 92 frames.
LOG (gmm-acc-stats-twofeats[5.5.1009~1-e4940]:main():gmm-acc-stats-twofeats.cc:140) Average like for this file is -49.4888 over 76 frames.
LOG (gmm-acc-stats-twofeats[5.5.1009~1-e4940]:main():gmm-acc-stats-twofeats.cc:140) Average like for this file is -31.9769 over 114 frames.
LOG (gmm-acc-stats-twofeats[5.5.1009~1-e4940]:main():gmm-acc-stats-twofeats.cc:140) Average like for this file is -40.7533 over 99 frames.
LOG (gmm-acc-stats-twofeats[5.5.1009~1-e4940]:main():gmm-acc-stats-twofeats.cc:140) Average like for this file is -40.9688 over 117 frames.
LOG (gmm-acc-stats-twofeats[5.5.1009~1-e4940]:main():gmm-acc-stats-twofeats.cc:140) Average like for this file is -45.3067 over 123 frames.
LOG (gmm-acc-stats-twofeats[5.5.1009~1-e4940]:main():gmm-acc-stats-twofeats.cc:140) Average like for this file is -39.2677 over 287 frames.
LOG (gmm-acc-stats-twofeats[5.5.1009~1-e4940]:main():gmm-acc-stats-twofeats.cc:140) Average like for this file is -38.4265 over 178 frames.
LOG (gmm-acc-stats-twofeats[5.5.1009~1-e4940]:main():gmm-acc-stats-twofeats.cc:140) Average like for this file is -38.601 over 87 frames.
LOG (gmm-acc-stats-twofeats[5.5.1009~1-e4940]:main():gmm-acc-stats-twofeats.cc:140) Average like for this file is -44.522 over 144 frames.
LOG (gmm-acc-stats-twofeats[5.5.1009~1-e4940]:main():gmm-acc-stats-twofeats.cc:146) Avg like per frame so far is -43.3521
LOG (gmm-acc-stats-twofeats[5.5.1009~1-e4940]:main():gmm-acc-stats-twofeats.cc:140) Average like for this file is -37.0695 over 129 frames.
LOG (gmm-acc-stats-twofeats[5.5.1009~1-e4940]:main():gmm-acc-stats-twofeats.cc:140) Average like for this file is -42.1286 over 124 frames.
LOG (gmm-acc-stats-twofeats[5.5.1009~1-e4940]:main():gmm-acc-stats-twofeats.cc:140) Average like for this file is -41.0232 over 171 frames.
LOG (gmm-acc-stats-twofeats[5.5.1009~1-e4940]:main():gmm-acc-stats-twofeats.cc:140) Average like for this file is -33.578 over 103 frames.
LOG (gmm-acc-stats-twofeats[5.5.1009~1-e4940]:main():gmm-acc-stats-twofeats.cc:140) Average like for this file is -44.929 over 356 frames.
LOG (gmm-acc-stats-twofeats[5.5.1009~1-e4940]:main():gmm-acc-stats-twofeats.cc:140) Average like for this file is -31.459 over 77 frames.
LOG (gmm-acc-stats-twofeats[5.5.1009~1-e4940]:main():gmm-acc-stats-twofeats.cc:140) Average like for this file is -42.4192 over 133 frames.
LOG (gmm-acc-stats-twofeats[5.5.1009~1-e4940]:main():gmm-acc-stats-twofeats.cc:140) Average like for this file is -42.8493 over 146 frames.
LOG (gmm-acc-stats-twofeats[5.5.1009~1-e4940]:main():gmm-acc-stats-twofeats.cc:140) Average like for this file is -47.4303 over 347 frames.
LOG (gmm-acc-stats-twofeats[5.5.1009~1-e4940]:main():gmm-acc-stats-twofeats.cc:140) Average like for this file is -45.862 over 166 frames.
LOG (gmm-acc-stats-twofeats[5.5.1009~1-e4940]:main():gmm-acc-stats-twofeats.cc:146) Avg like per frame so far is -43.3285
LOG (gmm-acc-stats-twofeats[5.5.1009~1-e4940]:main():gmm-acc-stats-twofeats.cc:140) Average like for this file is -41.3828 over 54 frames.
LOG (gmm-acc-stats-twofeats[5.5.1009~1-e4940]:main():gmm-acc-stats-twofeats.cc:140) Average like for this file is -43.708 over 208 frames.
LOG (gmm-acc-stats-twofeats[5.5.1009~1-e4940]:main():gmm-acc-stats-twofeats.cc:140) Average like for this file is -40.4021 over 346 frames.
LOG (gmm-acc-stats-twofeats[5.5.1009~1-e4940]:main():gmm-acc-stats-twofeats.cc:140) Average like for this file is -42.9623 over 301 frames.
LOG (gmm-acc-stats-twofeats[5.5.1009~1-e4940]:main():gmm-acc-stats-twofeats.cc:140) Average like for this file is -44.6109 over 343 frames.
LOG (gmm-acc-stats-twofeats[5.5.1009~1-e4940]:main():gmm-acc-stats-twofeats.cc:140) Average like for this file is -36.5095 over 68 frames.
LOG (gmm-acc-stats-twofeats[5.5.1009~1-e4940]:main():gmm-acc-stats-twofeats.cc:140) Average like for this file is -39.9698 over 122 frames.
LOG (gmm-acc-stats-twofeats[5.5.1009~1-e4940]:main():gmm-acc-stats-twofeats.cc:140) Average like for this file is -42.7656 over 237 frames.
LOG (gmm-acc-stats-twofeats[5.5.1009~1-e4940]:main():gmm-acc-stats-twofeats.cc:140) Average like for this file is -44.8001 over 89 frames.
LOG (gmm-acc-stats-twofeats[5.5.1009~1-e4940]:main():gmm-acc-stats-twofeats.cc:140) Average like for this file is -43.512 over 172 frames.
LOG (gmm-acc-stats-twofeats[5.5.1009~1-e4940]:main():gmm-acc-stats-twofeats.cc:146) Avg like per frame so far is -43.2962
LOG (gmm-acc-stats-twofeats[5.5.1009~1-e4940]:main():gmm-acc-stats-twofeats.cc:140) Average like for this file is -43.5268 over 93 frames.
LOG (gmm-acc-stats-twofeats[5.5.1009~1-e4940]:main():gmm-acc-stats-twofeats.cc:140) Average like for this file is -47.325 over 138 frames.
LOG (gmm-acc-stats-twofeats[5.5.1009~1-e4940]:main():gmm-acc-stats-twofeats.cc:140) Average like for this file is -48.2429 over 425 frames.
LOG (gmm-acc-stats-twofeats[5.5.1009~1-e4940]:main():gmm-acc-stats-twofeats.cc:140) Average like for this file is -46.1021 over 511 frames.
LOG (gmm-acc-stats-twofeats[5.5.1009~1-e4940]:main():gmm-acc-stats-twofeats.cc:140) Average like for this file is -41.2453 over 167 frames.
LOG (gmm-acc-stats-twofeats[5.5.1009~1-e4940]:main():gmm-acc-stats-twofeats.cc:140) Average like for this file is -43.2905 over 123 frames.
LOG (gmm-acc-stats-twofeats[5.5.1009~1-e4940]:main():gmm-acc-stats-twofeats.cc:140) Average like for this file is -36.378 over 83 frames.
LOG (gmm-acc-stats-twofeats[5.5.1009~1-e4940]:main():gmm-acc-stats-twofeats.cc:140) Average like for this file is -40.9633 over 267 frames.
LOG (gmm-acc-stats-twofeats[5.5.1009~1-e4940]:main():gmm-acc-stats-twofeats.cc:140) Average like for this file is -44.2187 over 133 frames.
LOG (gmm-acc-stats-twofeats[5.5.1009~1-e4940]:main():gmm-acc-stats-twofeats.cc:140) Average like for this file is -44.7287 over 299 frames.
LOG (gmm-acc-stats-twofeats[5.5.1009~1-e4940]:main():gmm-acc-stats-twofeats.cc:146) Avg like per frame so far is -43.3584
LOG (gmm-acc-stats-twofeats[5.5.1009~1-e4940]:main():gmm-acc-stats-twofeats.cc:140) Average like for this file is -46.1166 over 389 frames.
LOG (gmm-acc-stats-twofeats[5.5.1009~1-e4940]:main():gmm-acc-stats-twofeats.cc:140) Average like for this file is -43.6686 over 358 frames.
LOG (gmm-acc-stats-twofeats[5.5.1009~1-e4940]:main():gmm-acc-stats-twofeats.cc:140) Average like for this file is -45.2965 over 102 frames.
LOG (gmm-acc-stats-twofeats[5.5.1009~1-e4940]:main():gmm-acc-stats-twofeats.cc:140) Average like for this file is -42.6978 over 93 frames.
LOG (gmm-acc-stats-twofeats[5.5.1009~1-e4940]:main():gmm-acc-stats-twofeats.cc:140) Average like for this file is -39.6228 over 193 frames.
LOG (gmm-acc-stats-twofeats[5.5.1009~1-e4940]:main():gmm-acc-stats-twofeats.cc:140) Average like for this file is -43.4737 over 241 frames.
LOG (gmm-acc-stats-twofeats[5.5.1009~1-e4940]:main():gmm-acc-stats-twofeats.cc:140) Average like for this file is -41.6279 over 159 frames.
LOG (gmm-acc-stats-twofeats[5.5.1009~1-e4940]:main():gmm-acc-stats-twofeats.cc:140) Average like for this file is -43.2161 over 117 frames.
LOG (gmm-acc-stats-twofeats[5.5.1009~1-e4940]:main():gmm-acc-stats-twofeats.cc:140) Average like for this file is -45.2643 over 78 frames.
LOG (gmm-acc-stats-twofeats[5.5.1009~1-e4940]:main():gmm-acc-stats-twofeats.cc:140) Average like for this file is -39.1284 over 131 frames.
LOG (gmm-acc-stats-twofeats[5.5.1009~1-e4940]:main():gmm-acc-stats-twofeats.cc:146) Avg like per frame so far is -43.357
LOG (gmm-acc-stats-twofeats[5.5.1009~1-e4940]:main():gmm-acc-stats-twofeats.cc:140) Average like for this file is -41.3967 over 228 frames.
LOG (gmm-acc-stats-twofeats[5.5.1009~1-e4940]:main():gmm-acc-stats-twofeats.cc:140) Average like for this file is -42.2259 over 86 frames.
LOG (gmm-acc-stats-twofeats[5.5.1009~1-e4940]:main():gmm-acc-stats-twofeats.cc:140) Average like for this file is -41.5604 over 196 frames.
LOG (gmm-acc-stats-twofeats[5.5.1009~1-e4940]:main():gmm-acc-stats-twofeats.cc:140) Average like for this file is -51.9716 over 51 frames.
LOG (gmm-acc-stats-twofeats[5.5.1009~1-e4940]:main():gmm-acc-stats-twofeats.cc:140) Average like for this file is -47.3717 over 208 frames.
LOG (gmm-acc-stats-twofeats[5.5.1009~1-e4940]:main():gmm-acc-stats-twofeats.cc:140) Average like for this file is -43.9682 over 93 frames.
LOG (gmm-acc-stats-twofeats[5.5.1009~1-e4940]:main():gmm-acc-stats-twofeats.cc:140) Average like for this file is -38.4347 over 267 frames.
LOG (gmm-acc-stats-twofeats[5.5.1009~1-e4940]:main():gmm-acc-stats-twofeats.cc:140) Average like for this file is -42.477 over 136 frames.
LOG (gmm-acc-stats-twofeats[5.5.1009~1-e4940]:main():gmm-acc-stats-twofeats.cc:140) Average like for this file is -46.075 over 78 frames.
LOG (gmm-acc-stats-twofeats[5.5.1009~1-e4940]:main():gmm-acc-stats-twofeats.cc:140) Average like for this file is -40.4508 over 199 frames.
LOG (gmm-acc-stats-twofeats[5.5.1009~1-e4940]:main():gmm-acc-stats-twofeats.cc:146) Avg like per frame so far is -43.3316
LOG (gmm-acc-stats-twofeats[5.5.1009~1-e4940]:main():gmm-acc-stats-twofeats.cc:140) Average like for this file is -44.5387 over 98 frames.
LOG (gmm-acc-stats-twofeats[5.5.1009~1-e4940]:main():gmm-acc-stats-twofeats.cc:140) Average like for this file is -41.6215 over 94 frames.
LOG (gmm-acc-stats-twofeats[5.5.1009~1-e4940]:main():gmm-acc-stats-twofeats.cc:140) Average like for this file is -42.0894 over 236 frames.
LOG (gmm-acc-stats-twofeats[5.5.1009~1-e4940]:main():gmm-acc-stats-twofeats.cc:140) Average like for this file is -39.9673 over 67 frames.
LOG (gmm-acc-stats-twofeats[5.5.1009~1-e4940]:main():gmm-acc-stats-twofeats.cc:140) Average like for this file is -42.8037 over 51 frames.
LOG (gmm-acc-stats-twofeats[5.5.1009~1-e4940]:main():gmm-acc-stats-twofeats.cc:140) Average like for this file is -48.4584 over 272 frames.
LOG (gmm-acc-stats-twofeats[5.5.1009~1-e4940]:main():gmm-acc-stats-twofeats.cc:140) Average like for this file is -43.761 over 451 frames.
LOG (gmm-acc-stats-twofeats[5.5.1009~1-e4940]:main():gmm-acc-stats-twofeats.cc:140) Average like for this file is -40.0242 over 121 frames.
LOG (gmm-acc-stats-twofeats[5.5.1009~1-e4940]:main():gmm-acc-stats-twofeats.cc:140) Average like for this file is -48.3822 over 91 frames.
LOG (gmm-acc-stats-twofeats[5.5.1009~1-e4940]:main():gmm-acc-stats-twofeats.cc:140) Average like for this file is -52.0098 over 179 frames.
LOG (gmm-acc-stats-twofeats[5.5.1009~1-e4940]:main():gmm-acc-stats-twofeats.cc:146) Avg like per frame so far is -43.3788
LOG (gmm-acc-stats-twofeats[5.5.1009~1-e4940]:main():gmm-acc-stats-twofeats.cc:140) Average like for this file is -47.0705 over 145 frames.
LOG (gmm-acc-stats-twofeats[5.5.1009~1-e4940]:main():gmm-acc-stats-twofeats.cc:140) Average like for this file is -47.2339 over 346 frames.
LOG (gmm-acc-stats-twofeats[5.5.1009~1-e4940]:main():gmm-acc-stats-twofeats.cc:140) Average like for this file is -47.5854 over 381 frames.
LOG (gmm-acc-stats-twofeats[5.5.1009~1-e4940]:main():gmm-acc-stats-twofeats.cc:140) Average like for this file is -48.2872 over 416 frames.
LOG (gmm-acc-stats-twofeats[5.5.1009~1-e4940]:main():gmm-acc-stats-twofeats.cc:140) Average like for this file is -43.812 over 93 frames.
LOG (ali-to-post[5.5.1009~1-e4940]:main():ali-to-post.cc:73) Converted 438 alignments.
LOG (gmm-acc-stats-twofeats[5.5.1009~1-e4940]:main():gmm-acc-stats-twofeats.cc:140) Average like for this file is -39.1284 over 117 frames.
LOG (gmm-acc-stats-twofeats[5.5.1009~1-e4940]:main():gmm-acc-stats-twofeats.cc:140) Average like for this file is -45.3059 over 366 frames.
LOG (gmm-acc-stats-twofeats[5.5.1009~1-e4940]:main():gmm-acc-stats-twofeats.cc:140) Average like for this file is -48.9866 over 129 frames.
LOG (gmm-acc-stats-twofeats[5.5.1009~1-e4940]:main():gmm-acc-stats-twofeats.cc:140) Average like for this file is -49.932 over 635 frames.
LOG (gmm-acc-stats-twofeats[5.5.1009~1-e4940]:main():gmm-acc-stats-twofeats.cc:140) Average like for this file is -49.111 over 267 frames.
LOG (gmm-acc-stats-twofeats[5.5.1009~1-e4940]:main():gmm-acc-stats-twofeats.cc:146) Avg like per frame so far is -43.588
LOG (gmm-acc-stats-twofeats[5.5.1009~1-e4940]:main():gmm-acc-stats-twofeats.cc:140) Average like for this file is -47.384 over 252 frames.
LOG (gmm-acc-stats-twofeats[5.5.1009~1-e4940]:main():gmm-acc-stats-twofeats.cc:140) Average like for this file is -40.3932 over 68 frames.
LOG (apply-cmvn[5.5.1009~1-e4940]:main():apply-cmvn.cc:162) Applied cepstral mean normalization to 442 utterances, errors on 0
LOG (gmm-acc-stats-twofeats[5.5.1009~1-e4940]:main():gmm-acc-stats-twofeats.cc:140) Average like for this file is -48.608 over 202 frames.
LOG (gmm-acc-stats-twofeats[5.5.1009~1-e4940]:main():gmm-acc-stats-twofeats.cc:140) Average like for this file is -47.8984 over 84 frames.
LOG (gmm-acc-stats-twofeats[5.5.1009~1-e4940]:main():gmm-acc-stats-twofeats.cc:140) Average like for this file is -49.6671 over 131 frames.
LOG (gmm-acc-stats-twofeats[5.5.1009~1-e4940]:main():gmm-acc-stats-twofeats.cc:140) Average like for this file is -45.3139 over 131 frames.
LOG (apply-cmvn[5.5.1009~1-e4940]:main():apply-cmvn.cc:162) Applied cepstral mean normalization to 442 utterances, errors on 0
LOG (gmm-acc-stats-twofeats[5.5.1009~1-e4940]:main():gmm-acc-stats-twofeats.cc:140) Average like for this file is -46.9236 over 243 frames.
LOG (gmm-acc-stats-twofeats[5.5.1009~1-e4940]:main():gmm-acc-stats-twofeats.cc:140) Average like for this file is -47.8642 over 128 frames.
LOG (gmm-acc-stats-twofeats[5.5.1009~1-e4940]:main():gmm-acc-stats-twofeats.cc:140) Average like for this file is -49.939 over 119 frames.
LOG (gmm-acc-stats-twofeats[5.5.1009~1-e4940]:main():gmm-acc-stats-twofeats.cc:140) Average like for this file is -42.9529 over 273 frames.
LOG (gmm-acc-stats-twofeats[5.5.1009~1-e4940]:main():gmm-acc-stats-twofeats.cc:146) Avg like per frame so far is -43.6729
LOG (gmm-acc-stats-twofeats[5.5.1009~1-e4940]:main():gmm-acc-stats-twofeats.cc:140) Average like for this file is -45.9161 over 209 frames.
LOG (gmm-acc-stats-twofeats[5.5.1009~1-e4940]:main():gmm-acc-stats-twofeats.cc:140) Average like for this file is -45.3322 over 114 frames.
LOG (gmm-acc-stats-twofeats[5.5.1009~1-e4940]:main():gmm-acc-stats-twofeats.cc:140) Average like for this file is -47.1747 over 181 frames.
LOG (transform-feats[5.5.1009~1-e4940]:main():transform-feats.cc:158) Overall average [pseudo-]logdet is -98.9864 over 61985 frames.
LOG (transform-feats[5.5.1009~1-e4940]:main():transform-feats.cc:161) Applied transform to 442 utterances; 0 had errors.
LOG (gmm-acc-stats-twofeats[5.5.1009~1-e4940]:main():gmm-acc-stats-twofeats.cc:140) Average like for this file is -47.7683 over 233 frames.
LOG (gmm-acc-stats-twofeats[5.5.1009~1-e4940]:main():gmm-acc-stats-twofeats.cc:140) Average like for this file is -39.4382 over 149 frames.
LOG (gmm-acc-stats-twofeats[5.5.1009~1-e4940]:main():gmm-acc-stats-twofeats.cc:140) Average like for this file is -43.0725 over 92 frames.
LOG (transform-feats[5.5.1009~1-e4940]:main():transform-feats.cc:158) Overall average logdet is 0.0753169 over 61985 frames.
LOG (transform-feats[5.5.1009~1-e4940]:main():transform-feats.cc:161) Applied transform to 442 utterances; 0 had errors.
LOG (transform-feats[5.5.1009~1-e4940]:main():transform-feats.cc:158) Overall average [pseudo-]logdet is -98.9864 over 61985 frames.
LOG (transform-feats[5.5.1009~1-e4940]:main():transform-feats.cc:161) Applied transform to 442 utterances; 0 had errors.
LOG (gmm-acc-stats-twofeats[5.5.1009~1-e4940]:main():gmm-acc-stats-twofeats.cc:140) Average like for this file is -49.9913 over 307 frames.
LOG (gmm-acc-stats-twofeats[5.5.1009~1-e4940]:main():gmm-acc-stats-twofeats.cc:140) Average like for this file is -43.1154 over 151 frames.
LOG (gmm-acc-stats-twofeats[5.5.1009~1-e4940]:main():gmm-acc-stats-twofeats.cc:150) Done 438 files, 4 with no posteriors, 0 with no second features, 0 with other errors.
LOG (gmm-acc-stats-twofeats[5.5.1009~1-e4940]:main():gmm-acc-stats-twofeats.cc:155) Overall avg like per frame (Gaussian only) = -43.7286 over 61275 frames.
LOG (gmm-acc-stats-twofeats[5.5.1009~1-e4940]:main():gmm-acc-stats-twofeats.cc:163) Written accs.
# Accounting: time=2 threads=1
# Ended (code 0) at Tue Jun 14 11:04:43 UTC 2022, elapsed time 2 seconds
