# ali-to-post "ark:gunzip -c telugu_exp/tri3_cleaned/ali.84.gz|" ark:- | gmm-acc-stats-twofeats telugu_exp/tri3_cleaned/35.mdl "ark,s,cs:apply-cmvn  --utt2spk=ark:telugu_data/train_cleaned/split100/84/utt2spk scp:telugu_data/train_cleaned/split100/84/cmvn.scp scp:telugu_data/train_cleaned/split100/84/feats.scp ark:- | splice-feats  ark:- ark:- | transform-feats telugu_exp/tri3_ali_cleaned/final.mat ark:- ark:- | transform-feats --utt2spk=ark:telugu_data/train_cleaned/split100/84/utt2spk ark:telugu_exp/tri3_cleaned/trans.84 ark:- ark:- |" "ark,s,cs:apply-cmvn  --utt2spk=ark:telugu_data/train_cleaned/split100/84/utt2spk scp:telugu_data/train_cleaned/split100/84/cmvn.scp scp:telugu_data/train_cleaned/split100/84/feats.scp ark:- | splice-feats  ark:- ark:- | transform-feats telugu_exp/tri3_ali_cleaned/final.mat ark:- ark:- |" ark,s,cs:- telugu_exp/tri3_cleaned/35.84.acc 
# Started at Tue Jun 14 11:04:43 UTC 2022
#
gmm-acc-stats-twofeats telugu_exp/tri3_cleaned/35.mdl 'ark,s,cs:apply-cmvn  --utt2spk=ark:telugu_data/train_cleaned/split100/84/utt2spk scp:telugu_data/train_cleaned/split100/84/cmvn.scp scp:telugu_data/train_cleaned/split100/84/feats.scp ark:- | splice-feats  ark:- ark:- | transform-feats telugu_exp/tri3_ali_cleaned/final.mat ark:- ark:- | transform-feats --utt2spk=ark:telugu_data/train_cleaned/split100/84/utt2spk ark:telugu_exp/tri3_cleaned/trans.84 ark:- ark:- |' 'ark,s,cs:apply-cmvn  --utt2spk=ark:telugu_data/train_cleaned/split100/84/utt2spk scp:telugu_data/train_cleaned/split100/84/cmvn.scp scp:telugu_data/train_cleaned/split100/84/feats.scp ark:- | splice-feats  ark:- ark:- | transform-feats telugu_exp/tri3_ali_cleaned/final.mat ark:- ark:- |' ark,s,cs:- telugu_exp/tri3_cleaned/35.84.acc 
ali-to-post 'ark:gunzip -c telugu_exp/tri3_cleaned/ali.84.gz|' ark:- 
transform-feats telugu_exp/tri3_ali_cleaned/final.mat ark:- ark:- 
splice-feats ark:- ark:- 
apply-cmvn --utt2spk=ark:telugu_data/train_cleaned/split100/84/utt2spk scp:telugu_data/train_cleaned/split100/84/cmvn.scp scp:telugu_data/train_cleaned/split100/84/feats.scp ark:- 
transform-feats --utt2spk=ark:telugu_data/train_cleaned/split100/84/utt2spk ark:telugu_exp/tri3_cleaned/trans.84 ark:- ark:- 
apply-cmvn --utt2spk=ark:telugu_data/train_cleaned/split100/84/utt2spk scp:telugu_data/train_cleaned/split100/84/cmvn.scp scp:telugu_data/train_cleaned/split100/84/feats.scp ark:- 
splice-feats ark:- ark:- 
transform-feats telugu_exp/tri3_ali_cleaned/final.mat ark:- ark:- 
LOG (gmm-acc-stats-twofeats[5.5.1009~1-e4940]:main():gmm-acc-stats-twofeats.cc:140) Average like for this file is -47.4881 over 126 frames.
LOG (gmm-acc-stats-twofeats[5.5.1009~1-e4940]:main():gmm-acc-stats-twofeats.cc:140) Average like for this file is -49.4791 over 144 frames.
LOG (gmm-acc-stats-twofeats[5.5.1009~1-e4940]:main():gmm-acc-stats-twofeats.cc:140) Average like for this file is -49.0786 over 214 frames.
LOG (gmm-acc-stats-twofeats[5.5.1009~1-e4940]:main():gmm-acc-stats-twofeats.cc:140) Average like for this file is -44.562 over 132 frames.
LOG (gmm-acc-stats-twofeats[5.5.1009~1-e4940]:main():gmm-acc-stats-twofeats.cc:140) Average like for this file is -47.3734 over 148 frames.
LOG (gmm-acc-stats-twofeats[5.5.1009~1-e4940]:main():gmm-acc-stats-twofeats.cc:140) Average like for this file is -46.685 over 163 frames.
LOG (gmm-acc-stats-twofeats[5.5.1009~1-e4940]:main():gmm-acc-stats-twofeats.cc:140) Average like for this file is -47.7223 over 523 frames.
LOG (gmm-acc-stats-twofeats[5.5.1009~1-e4940]:main():gmm-acc-stats-twofeats.cc:140) Average like for this file is -52.7675 over 78 frames.
LOG (gmm-acc-stats-twofeats[5.5.1009~1-e4940]:main():gmm-acc-stats-twofeats.cc:140) Average like for this file is -43.3504 over 133 frames.
LOG (gmm-acc-stats-twofeats[5.5.1009~1-e4940]:main():gmm-acc-stats-twofeats.cc:140) Average like for this file is -40.6537 over 127 frames.
LOG (gmm-acc-stats-twofeats[5.5.1009~1-e4940]:main():gmm-acc-stats-twofeats.cc:146) Avg like per frame so far is -47.0457
LOG (gmm-acc-stats-twofeats[5.5.1009~1-e4940]:main():gmm-acc-stats-twofeats.cc:140) Average like for this file is -44.2209 over 116 frames.
LOG (gmm-acc-stats-twofeats[5.5.1009~1-e4940]:main():gmm-acc-stats-twofeats.cc:140) Average like for this file is -38.6841 over 82 frames.
LOG (gmm-acc-stats-twofeats[5.5.1009~1-e4940]:main():gmm-acc-stats-twofeats.cc:140) Average like for this file is -45.1635 over 258 frames.
LOG (gmm-acc-stats-twofeats[5.5.1009~1-e4940]:main():gmm-acc-stats-twofeats.cc:140) Average like for this file is -42.9747 over 98 frames.
LOG (gmm-acc-stats-twofeats[5.5.1009~1-e4940]:main():gmm-acc-stats-twofeats.cc:140) Average like for this file is -44.8851 over 339 frames.
LOG (gmm-acc-stats-twofeats[5.5.1009~1-e4940]:main():gmm-acc-stats-twofeats.cc:140) Average like for this file is -44.475 over 238 frames.
LOG (gmm-acc-stats-twofeats[5.5.1009~1-e4940]:main():gmm-acc-stats-twofeats.cc:140) Average like for this file is -40.2929 over 94 frames.
LOG (gmm-acc-stats-twofeats[5.5.1009~1-e4940]:main():gmm-acc-stats-twofeats.cc:140) Average like for this file is -45.571 over 277 frames.
LOG (gmm-acc-stats-twofeats[5.5.1009~1-e4940]:main():gmm-acc-stats-twofeats.cc:140) Average like for this file is -44.5718 over 173 frames.
LOG (gmm-acc-stats-twofeats[5.5.1009~1-e4940]:main():gmm-acc-stats-twofeats.cc:140) Average like for this file is -45.9335 over 92 frames.
LOG (gmm-acc-stats-twofeats[5.5.1009~1-e4940]:main():gmm-acc-stats-twofeats.cc:146) Avg like per frame so far is -45.6911
LOG (gmm-acc-stats-twofeats[5.5.1009~1-e4940]:main():gmm-acc-stats-twofeats.cc:140) Average like for this file is -45.3384 over 286 frames.
LOG (gmm-acc-stats-twofeats[5.5.1009~1-e4940]:main():gmm-acc-stats-twofeats.cc:140) Average like for this file is -45.0253 over 118 frames.
LOG (gmm-acc-stats-twofeats[5.5.1009~1-e4940]:main():gmm-acc-stats-twofeats.cc:140) Average like for this file is -44.3311 over 392 frames.
LOG (gmm-acc-stats-twofeats[5.5.1009~1-e4940]:main():gmm-acc-stats-twofeats.cc:140) Average like for this file is -44.3508 over 250 frames.
LOG (gmm-acc-stats-twofeats[5.5.1009~1-e4940]:main():gmm-acc-stats-twofeats.cc:140) Average like for this file is -48.738 over 85 frames.
LOG (gmm-acc-stats-twofeats[5.5.1009~1-e4940]:main():gmm-acc-stats-twofeats.cc:140) Average like for this file is -42.032 over 108 frames.
LOG (gmm-acc-stats-twofeats[5.5.1009~1-e4940]:main():gmm-acc-stats-twofeats.cc:140) Average like for this file is -45.8127 over 354 frames.
LOG (gmm-acc-stats-twofeats[5.5.1009~1-e4940]:main():gmm-acc-stats-twofeats.cc:140) Average like for this file is -48.0378 over 114 frames.
LOG (gmm-acc-stats-twofeats[5.5.1009~1-e4940]:main():gmm-acc-stats-twofeats.cc:140) Average like for this file is -44.8867 over 152 frames.
LOG (gmm-acc-stats-twofeats[5.5.1009~1-e4940]:main():gmm-acc-stats-twofeats.cc:140) Average like for this file is -43.7506 over 86 frames.
LOG (gmm-acc-stats-twofeats[5.5.1009~1-e4940]:main():gmm-acc-stats-twofeats.cc:146) Avg like per frame so far is -45.4797
LOG (gmm-acc-stats-twofeats[5.5.1009~1-e4940]:main():gmm-acc-stats-twofeats.cc:140) Average like for this file is -45.8555 over 352 frames.
LOG (gmm-acc-stats-twofeats[5.5.1009~1-e4940]:main():gmm-acc-stats-twofeats.cc:140) Average like for this file is -46.4946 over 456 frames.
LOG (gmm-acc-stats-twofeats[5.5.1009~1-e4940]:main():gmm-acc-stats-twofeats.cc:140) Average like for this file is -45.8093 over 499 frames.
LOG (gmm-acc-stats-twofeats[5.5.1009~1-e4940]:main():gmm-acc-stats-twofeats.cc:140) Average like for this file is -47.9705 over 127 frames.
LOG (gmm-acc-stats-twofeats[5.5.1009~1-e4940]:main():gmm-acc-stats-twofeats.cc:140) Average like for this file is -43.1447 over 192 frames.
LOG (gmm-acc-stats-twofeats[5.5.1009~1-e4940]:main():gmm-acc-stats-twofeats.cc:140) Average like for this file is -46.359 over 97 frames.
LOG (gmm-acc-stats-twofeats[5.5.1009~1-e4940]:main():gmm-acc-stats-twofeats.cc:140) Average like for this file is -48.4745 over 216 frames.
LOG (gmm-acc-stats-twofeats[5.5.1009~1-e4940]:main():gmm-acc-stats-twofeats.cc:140) Average like for this file is -47.7839 over 585 frames.
LOG (gmm-acc-stats-twofeats[5.5.1009~1-e4940]:main():gmm-acc-stats-twofeats.cc:140) Average like for this file is -45.418 over 84 frames.
LOG (gmm-acc-stats-twofeats[5.5.1009~1-e4940]:main():gmm-acc-stats-twofeats.cc:140) Average like for this file is -50.3827 over 309 frames.
LOG (gmm-acc-stats-twofeats[5.5.1009~1-e4940]:main():gmm-acc-stats-twofeats.cc:146) Avg like per frame so far is -45.9808
LOG (gmm-acc-stats-twofeats[5.5.1009~1-e4940]:main():gmm-acc-stats-twofeats.cc:140) Average like for this file is -47.9538 over 117 frames.
LOG (gmm-acc-stats-twofeats[5.5.1009~1-e4940]:main():gmm-acc-stats-twofeats.cc:140) Average like for this file is -47.9238 over 246 frames.
LOG (gmm-acc-stats-twofeats[5.5.1009~1-e4940]:main():gmm-acc-stats-twofeats.cc:140) Average like for this file is -46.6601 over 121 frames.
LOG (gmm-acc-stats-twofeats[5.5.1009~1-e4940]:main():gmm-acc-stats-twofeats.cc:140) Average like for this file is -45.5797 over 222 frames.
LOG (gmm-acc-stats-twofeats[5.5.1009~1-e4940]:main():gmm-acc-stats-twofeats.cc:140) Average like for this file is -44.6584 over 108 frames.
LOG (gmm-acc-stats-twofeats[5.5.1009~1-e4940]:main():gmm-acc-stats-twofeats.cc:140) Average like for this file is -45.299 over 119 frames.
LOG (gmm-acc-stats-twofeats[5.5.1009~1-e4940]:main():gmm-acc-stats-twofeats.cc:140) Average like for this file is -46.0989 over 321 frames.
LOG (gmm-acc-stats-twofeats[5.5.1009~1-e4940]:main():gmm-acc-stats-twofeats.cc:140) Average like for this file is -46.4278 over 199 frames.
LOG (gmm-acc-stats-twofeats[5.5.1009~1-e4940]:main():gmm-acc-stats-twofeats.cc:140) Average like for this file is -46.655 over 307 frames.
LOG (gmm-acc-stats-twofeats[5.5.1009~1-e4940]:main():gmm-acc-stats-twofeats.cc:140) Average like for this file is -45.3193 over 279 frames.
LOG (gmm-acc-stats-twofeats[5.5.1009~1-e4940]:main():gmm-acc-stats-twofeats.cc:146) Avg like per frame so far is -46.0408
LOG (gmm-acc-stats-twofeats[5.5.1009~1-e4940]:main():gmm-acc-stats-twofeats.cc:140) Average like for this file is -42.7005 over 133 frames.
LOG (gmm-acc-stats-twofeats[5.5.1009~1-e4940]:main():gmm-acc-stats-twofeats.cc:140) Average like for this file is -47.2755 over 217 frames.
LOG (gmm-acc-stats-twofeats[5.5.1009~1-e4940]:main():gmm-acc-stats-twofeats.cc:140) Average like for this file is -39.025 over 108 frames.
LOG (gmm-acc-stats-twofeats[5.5.1009~1-e4940]:main():gmm-acc-stats-twofeats.cc:140) Average like for this file is -41.777 over 119 frames.
LOG (gmm-acc-stats-twofeats[5.5.1009~1-e4940]:main():gmm-acc-stats-twofeats.cc:140) Average like for this file is -41.3017 over 63 frames.
LOG (gmm-acc-stats-twofeats[5.5.1009~1-e4940]:main():gmm-acc-stats-twofeats.cc:140) Average like for this file is -50.0426 over 120 frames.
LOG (gmm-acc-stats-twofeats[5.5.1009~1-e4940]:main():gmm-acc-stats-twofeats.cc:140) Average like for this file is -46.6044 over 476 frames.
LOG (gmm-acc-stats-twofeats[5.5.1009~1-e4940]:main():gmm-acc-stats-twofeats.cc:140) Average like for this file is -40.9233 over 182 frames.
LOG (gmm-acc-stats-twofeats[5.5.1009~1-e4940]:main():gmm-acc-stats-twofeats.cc:140) Average like for this file is -46.8992 over 372 frames.
LOG (gmm-acc-stats-twofeats[5.5.1009~1-e4940]:main():gmm-acc-stats-twofeats.cc:140) Average like for this file is -45.6596 over 102 frames.
LOG (gmm-acc-stats-twofeats[5.5.1009~1-e4940]:main():gmm-acc-stats-twofeats.cc:146) Avg like per frame so far is -45.9078
LOG (gmm-acc-stats-twofeats[5.5.1009~1-e4940]:main():gmm-acc-stats-twofeats.cc:140) Average like for this file is -46.0481 over 314 frames.
LOG (gmm-acc-stats-twofeats[5.5.1009~1-e4940]:main():gmm-acc-stats-twofeats.cc:140) Average like for this file is -46.542 over 89 frames.
LOG (gmm-acc-stats-twofeats[5.5.1009~1-e4940]:main():gmm-acc-stats-twofeats.cc:140) Average like for this file is -52.3505 over 176 frames.
LOG (gmm-acc-stats-twofeats[5.5.1009~1-e4940]:main():gmm-acc-stats-twofeats.cc:140) Average like for this file is -37.19 over 101 frames.
LOG (gmm-acc-stats-twofeats[5.5.1009~1-e4940]:main():gmm-acc-stats-twofeats.cc:140) Average like for this file is -48.2411 over 594 frames.
LOG (gmm-acc-stats-twofeats[5.5.1009~1-e4940]:main():gmm-acc-stats-twofeats.cc:140) Average like for this file is -43.7869 over 303 frames.
LOG (gmm-acc-stats-twofeats[5.5.1009~1-e4940]:main():gmm-acc-stats-twofeats.cc:140) Average like for this file is -47.9861 over 152 frames.
LOG (gmm-acc-stats-twofeats[5.5.1009~1-e4940]:main():gmm-acc-stats-twofeats.cc:140) Average like for this file is -42.685 over 73 frames.
LOG (gmm-acc-stats-twofeats[5.5.1009~1-e4940]:main():gmm-acc-stats-twofeats.cc:140) Average like for this file is -44.459 over 107 frames.
LOG (gmm-acc-stats-twofeats[5.5.1009~1-e4940]:main():gmm-acc-stats-twofeats.cc:140) Average like for this file is -40.2086 over 107 frames.
LOG (gmm-acc-stats-twofeats[5.5.1009~1-e4940]:main():gmm-acc-stats-twofeats.cc:146) Avg like per frame so far is -45.9365
LOG (gmm-acc-stats-twofeats[5.5.1009~1-e4940]:main():gmm-acc-stats-twofeats.cc:140) Average like for this file is -49.0727 over 69 frames.
LOG (gmm-acc-stats-twofeats[5.5.1009~1-e4940]:main():gmm-acc-stats-twofeats.cc:140) Average like for this file is -46.4663 over 560 frames.
LOG (gmm-acc-stats-twofeats[5.5.1009~1-e4940]:main():gmm-acc-stats-twofeats.cc:140) Average like for this file is -46.8344 over 379 frames.
LOG (gmm-acc-stats-twofeats[5.5.1009~1-e4940]:main():gmm-acc-stats-twofeats.cc:140) Average like for this file is -48.4477 over 377 frames.
LOG (gmm-acc-stats-twofeats[5.5.1009~1-e4940]:main():gmm-acc-stats-twofeats.cc:140) Average like for this file is -44.3538 over 72 frames.
LOG (gmm-acc-stats-twofeats[5.5.1009~1-e4940]:main():gmm-acc-stats-twofeats.cc:140) Average like for this file is -49.5871 over 92 frames.
LOG (gmm-acc-stats-twofeats[5.5.1009~1-e4940]:main():gmm-acc-stats-twofeats.cc:140) Average like for this file is -44.6302 over 59 frames.
LOG (gmm-acc-stats-twofeats[5.5.1009~1-e4940]:main():gmm-acc-stats-twofeats.cc:140) Average like for this file is -42.1636 over 62 frames.
LOG (gmm-acc-stats-twofeats[5.5.1009~1-e4940]:main():gmm-acc-stats-twofeats.cc:140) Average like for this file is -48.786 over 146 frames.
LOG (gmm-acc-stats-twofeats[5.5.1009~1-e4940]:main():gmm-acc-stats-twofeats.cc:140) Average like for this file is -45.4875 over 158 frames.
LOG (gmm-acc-stats-twofeats[5.5.1009~1-e4940]:main():gmm-acc-stats-twofeats.cc:146) Avg like per frame so far is -46.0624
LOG (gmm-acc-stats-twofeats[5.5.1009~1-e4940]:main():gmm-acc-stats-twofeats.cc:140) Average like for this file is -47.0605 over 61 frames.
LOG (gmm-acc-stats-twofeats[5.5.1009~1-e4940]:main():gmm-acc-stats-twofeats.cc:140) Average like for this file is -49.7014 over 161 frames.
LOG (gmm-acc-stats-twofeats[5.5.1009~1-e4940]:main():gmm-acc-stats-twofeats.cc:140) Average like for this file is -53.408 over 82 frames.
LOG (gmm-acc-stats-twofeats[5.5.1009~1-e4940]:main():gmm-acc-stats-twofeats.cc:140) Average like for this file is -47.8069 over 336 frames.
LOG (gmm-acc-stats-twofeats[5.5.1009~1-e4940]:main():gmm-acc-stats-twofeats.cc:140) Average like for this file is -43.1047 over 54 frames.
LOG (gmm-acc-stats-twofeats[5.5.1009~1-e4940]:main():gmm-acc-stats-twofeats.cc:140) Average like for this file is -49.419 over 276 frames.
LOG (gmm-acc-stats-twofeats[5.5.1009~1-e4940]:main():gmm-acc-stats-twofeats.cc:140) Average like for this file is -44.0844 over 139 frames.
LOG (gmm-acc-stats-twofeats[5.5.1009~1-e4940]:main():gmm-acc-stats-twofeats.cc:140) Average like for this file is -46.2892 over 218 frames.
LOG (gmm-acc-stats-twofeats[5.5.1009~1-e4940]:main():gmm-acc-stats-twofeats.cc:140) Average like for this file is -45.0722 over 268 frames.
LOG (gmm-acc-stats-twofeats[5.5.1009~1-e4940]:main():gmm-acc-stats-twofeats.cc:140) Average like for this file is -40.413 over 73 frames.
LOG (gmm-acc-stats-twofeats[5.5.1009~1-e4940]:main():gmm-acc-stats-twofeats.cc:146) Avg like per frame so far is -46.1567
LOG (gmm-acc-stats-twofeats[5.5.1009~1-e4940]:main():gmm-acc-stats-twofeats.cc:140) Average like for this file is -48.1371 over 146 frames.
LOG (gmm-acc-stats-twofeats[5.5.1009~1-e4940]:main():gmm-acc-stats-twofeats.cc:140) Average like for this file is -45.3571 over 237 frames.
LOG (gmm-acc-stats-twofeats[5.5.1009~1-e4940]:main():gmm-acc-stats-twofeats.cc:140) Average like for this file is -45.3455 over 350 frames.
LOG (gmm-acc-stats-twofeats[5.5.1009~1-e4940]:main():gmm-acc-stats-twofeats.cc:140) Average like for this file is -49.0921 over 96 frames.
LOG (gmm-acc-stats-twofeats[5.5.1009~1-e4940]:main():gmm-acc-stats-twofeats.cc:140) Average like for this file is -47.8969 over 282 frames.
LOG (gmm-acc-stats-twofeats[5.5.1009~1-e4940]:main():gmm-acc-stats-twofeats.cc:140) Average like for this file is -34.7563 over 141 frames.
LOG (gmm-acc-stats-twofeats[5.5.1009~1-e4940]:main():gmm-acc-stats-twofeats.cc:140) Average like for this file is -46.1086 over 79 frames.
LOG (gmm-acc-stats-twofeats[5.5.1009~1-e4940]:main():gmm-acc-stats-twofeats.cc:140) Average like for this file is -44.4008 over 124 frames.
LOG (gmm-acc-stats-twofeats[5.5.1009~1-e4940]:main():gmm-acc-stats-twofeats.cc:140) Average like for this file is -46.4332 over 291 frames.
LOG (gmm-acc-stats-twofeats[5.5.1009~1-e4940]:main():gmm-acc-stats-twofeats.cc:140) Average like for this file is -39.498 over 107 frames.
LOG (gmm-acc-stats-twofeats[5.5.1009~1-e4940]:main():gmm-acc-stats-twofeats.cc:146) Avg like per frame so far is -46.0624
LOG (gmm-acc-stats-twofeats[5.5.1009~1-e4940]:main():gmm-acc-stats-twofeats.cc:140) Average like for this file is -46.2748 over 227 frames.
LOG (gmm-acc-stats-twofeats[5.5.1009~1-e4940]:main():gmm-acc-stats-twofeats.cc:140) Average like for this file is -45.3195 over 80 frames.
LOG (gmm-acc-stats-twofeats[5.5.1009~1-e4940]:main():gmm-acc-stats-twofeats.cc:140) Average like for this file is -45.8914 over 71 frames.
LOG (gmm-acc-stats-twofeats[5.5.1009~1-e4940]:main():gmm-acc-stats-twofeats.cc:140) Average like for this file is -45.1356 over 63 frames.
LOG (gmm-acc-stats-twofeats[5.5.1009~1-e4940]:main():gmm-acc-stats-twofeats.cc:140) Average like for this file is -38.7419 over 68 frames.
LOG (gmm-acc-stats-twofeats[5.5.1009~1-e4940]:main():gmm-acc-stats-twofeats.cc:140) Average like for this file is -51.3905 over 119 frames.
LOG (gmm-acc-stats-twofeats[5.5.1009~1-e4940]:main():gmm-acc-stats-twofeats.cc:140) Average like for this file is -49.7844 over 58 frames.
LOG (gmm-acc-stats-twofeats[5.5.1009~1-e4940]:main():gmm-acc-stats-twofeats.cc:140) Average like for this file is -50.9118 over 254 frames.
LOG (gmm-acc-stats-twofeats[5.5.1009~1-e4940]:main():gmm-acc-stats-twofeats.cc:140) Average like for this file is -50.9802 over 173 frames.
LOG (gmm-acc-stats-twofeats[5.5.1009~1-e4940]:main():gmm-acc-stats-twofeats.cc:140) Average like for this file is -50.096 over 566 frames.
LOG (gmm-acc-stats-twofeats[5.5.1009~1-e4940]:main():gmm-acc-stats-twofeats.cc:146) Avg like per frame so far is -46.2777
LOG (gmm-acc-stats-twofeats[5.5.1009~1-e4940]:main():gmm-acc-stats-twofeats.cc:140) Average like for this file is -43.6628 over 199 frames.
LOG (gmm-acc-stats-twofeats[5.5.1009~1-e4940]:main():gmm-acc-stats-twofeats.cc:140) Average like for this file is -44.1686 over 119 frames.
LOG (gmm-acc-stats-twofeats[5.5.1009~1-e4940]:main():gmm-acc-stats-twofeats.cc:140) Average like for this file is -50.3583 over 128 frames.
LOG (gmm-acc-stats-twofeats[5.5.1009~1-e4940]:main():gmm-acc-stats-twofeats.cc:140) Average like for this file is -47.9102 over 181 frames.
LOG (gmm-acc-stats-twofeats[5.5.1009~1-e4940]:main():gmm-acc-stats-twofeats.cc:140) Average like for this file is -47.2238 over 158 frames.
LOG (gmm-acc-stats-twofeats[5.5.1009~1-e4940]:main():gmm-acc-stats-twofeats.cc:140) Average like for this file is -48.8473 over 112 frames.
LOG (gmm-acc-stats-twofeats[5.5.1009~1-e4940]:main():gmm-acc-stats-twofeats.cc:140) Average like for this file is -49.3434 over 118 frames.
LOG (gmm-acc-stats-twofeats[5.5.1009~1-e4940]:main():gmm-acc-stats-twofeats.cc:140) Average like for this file is -44.0801 over 117 frames.
LOG (gmm-acc-stats-twofeats[5.5.1009~1-e4940]:main():gmm-acc-stats-twofeats.cc:140) Average like for this file is -48.67 over 67 frames.
LOG (gmm-acc-stats-twofeats[5.5.1009~1-e4940]:main():gmm-acc-stats-twofeats.cc:140) Average like for this file is -45.2662 over 103 frames.
LOG (gmm-acc-stats-twofeats[5.5.1009~1-e4940]:main():gmm-acc-stats-twofeats.cc:146) Avg like per frame so far is -46.3059
LOG (gmm-acc-stats-twofeats[5.5.1009~1-e4940]:main():gmm-acc-stats-twofeats.cc:140) Average like for this file is -49.3164 over 91 frames.
LOG (gmm-acc-stats-twofeats[5.5.1009~1-e4940]:main():gmm-acc-stats-twofeats.cc:140) Average like for this file is -40.7543 over 149 frames.
LOG (gmm-acc-stats-twofeats[5.5.1009~1-e4940]:main():gmm-acc-stats-twofeats.cc:140) Average like for this file is -43.675 over 174 frames.
LOG (gmm-acc-stats-twofeats[5.5.1009~1-e4940]:main():gmm-acc-stats-twofeats.cc:140) Average like for this file is -47.8255 over 565 frames.
LOG (gmm-acc-stats-twofeats[5.5.1009~1-e4940]:main():gmm-acc-stats-twofeats.cc:140) Average like for this file is -46.4096 over 249 frames.
LOG (gmm-acc-stats-twofeats[5.5.1009~1-e4940]:main():gmm-acc-stats-twofeats.cc:140) Average like for this file is -46.4458 over 176 frames.
LOG (gmm-acc-stats-twofeats[5.5.1009~1-e4940]:main():gmm-acc-stats-twofeats.cc:140) Average like for this file is -42.09 over 113 frames.
LOG (gmm-acc-stats-twofeats[5.5.1009~1-e4940]:main():gmm-acc-stats-twofeats.cc:140) Average like for this file is -48.1163 over 598 frames.
LOG (gmm-acc-stats-twofeats[5.5.1009~1-e4940]:main():gmm-acc-stats-twofeats.cc:140) Average like for this file is -45.8211 over 261 frames.
LOG (gmm-acc-stats-twofeats[5.5.1009~1-e4940]:main():gmm-acc-stats-twofeats.cc:140) Average like for this file is -43.1546 over 211 frames.
LOG (gmm-acc-stats-twofeats[5.5.1009~1-e4940]:main():gmm-acc-stats-twofeats.cc:146) Avg like per frame so far is -46.2946
LOG (gmm-acc-stats-twofeats[5.5.1009~1-e4940]:main():gmm-acc-stats-twofeats.cc:140) Average like for this file is -47.8732 over 264 frames.
LOG (gmm-acc-stats-twofeats[5.5.1009~1-e4940]:main():gmm-acc-stats-twofeats.cc:140) Average like for this file is -43.6985 over 294 frames.
LOG (gmm-acc-stats-twofeats[5.5.1009~1-e4940]:main():gmm-acc-stats-twofeats.cc:140) Average like for this file is -44.8372 over 152 frames.
LOG (gmm-acc-stats-twofeats[5.5.1009~1-e4940]:main():gmm-acc-stats-twofeats.cc:140) Average like for this file is -45.8859 over 88 frames.
LOG (gmm-acc-stats-twofeats[5.5.1009~1-e4940]:main():gmm-acc-stats-twofeats.cc:140) Average like for this file is -45.66 over 109 frames.
LOG (gmm-acc-stats-twofeats[5.5.1009~1-e4940]:main():gmm-acc-stats-twofeats.cc:140) Average like for this file is -42.3828 over 89 frames.
LOG (gmm-acc-stats-twofeats[5.5.1009~1-e4940]:main():gmm-acc-stats-twofeats.cc:140) Average like for this file is -46.0288 over 67 frames.
LOG (gmm-acc-stats-twofeats[5.5.1009~1-e4940]:main():gmm-acc-stats-twofeats.cc:140) Average like for this file is -39.9132 over 132 frames.
LOG (gmm-acc-stats-twofeats[5.5.1009~1-e4940]:main():gmm-acc-stats-twofeats.cc:140) Average like for this file is -41.412 over 92 frames.
LOG (gmm-acc-stats-twofeats[5.5.1009~1-e4940]:main():gmm-acc-stats-twofeats.cc:140) Average like for this file is -43.5524 over 154 frames.
LOG (gmm-acc-stats-twofeats[5.5.1009~1-e4940]:main():gmm-acc-stats-twofeats.cc:146) Avg like per frame so far is -46.1921
LOG (gmm-acc-stats-twofeats[5.5.1009~1-e4940]:main():gmm-acc-stats-twofeats.cc:140) Average like for this file is -31.9239 over 82 frames.
LOG (gmm-acc-stats-twofeats[5.5.1009~1-e4940]:main():gmm-acc-stats-twofeats.cc:140) Average like for this file is -44.9855 over 319 frames.
LOG (gmm-acc-stats-twofeats[5.5.1009~1-e4940]:main():gmm-acc-stats-twofeats.cc:140) Average like for this file is -38.7123 over 127 frames.
LOG (gmm-acc-stats-twofeats[5.5.1009~1-e4940]:main():gmm-acc-stats-twofeats.cc:140) Average like for this file is -28.8384 over 88 frames.
LOG (gmm-acc-stats-twofeats[5.5.1009~1-e4940]:main():gmm-acc-stats-twofeats.cc:140) Average like for this file is -36.1479 over 128 frames.
LOG (gmm-acc-stats-twofeats[5.5.1009~1-e4940]:main():gmm-acc-stats-twofeats.cc:140) Average like for this file is -42.1162 over 117 frames.
LOG (gmm-acc-stats-twofeats[5.5.1009~1-e4940]:main():gmm-acc-stats-twofeats.cc:140) Average like for this file is -44.6387 over 68 frames.
LOG (gmm-acc-stats-twofeats[5.5.1009~1-e4940]:main():gmm-acc-stats-twofeats.cc:140) Average like for this file is -47.6977 over 87 frames.
LOG (gmm-acc-stats-twofeats[5.5.1009~1-e4940]:main():gmm-acc-stats-twofeats.cc:140) Average like for this file is -45.7793 over 102 frames.
LOG (gmm-acc-stats-twofeats[5.5.1009~1-e4940]:main():gmm-acc-stats-twofeats.cc:140) Average like for this file is -44.6109 over 141 frames.
LOG (gmm-acc-stats-twofeats[5.5.1009~1-e4940]:main():gmm-acc-stats-twofeats.cc:146) Avg like per frame so far is -45.9776
LOG (gmm-acc-stats-twofeats[5.5.1009~1-e4940]:main():gmm-acc-stats-twofeats.cc:140) Average like for this file is -47.8632 over 290 frames.
LOG (gmm-acc-stats-twofeats[5.5.1009~1-e4940]:main():gmm-acc-stats-twofeats.cc:140) Average like for this file is -47.9059 over 90 frames.
LOG (gmm-acc-stats-twofeats[5.5.1009~1-e4940]:main():gmm-acc-stats-twofeats.cc:140) Average like for this file is -43.9785 over 134 frames.
LOG (gmm-acc-stats-twofeats[5.5.1009~1-e4940]:main():gmm-acc-stats-twofeats.cc:140) Average like for this file is -36.1553 over 84 frames.
LOG (gmm-acc-stats-twofeats[5.5.1009~1-e4940]:main():gmm-acc-stats-twofeats.cc:140) Average like for this file is -43.8218 over 136 frames.
LOG (gmm-acc-stats-twofeats[5.5.1009~1-e4940]:main():gmm-acc-stats-twofeats.cc:140) Average like for this file is -39.4463 over 255 frames.
LOG (gmm-acc-stats-twofeats[5.5.1009~1-e4940]:main():gmm-acc-stats-twofeats.cc:140) Average like for this file is -51.4207 over 84 frames.
LOG (gmm-acc-stats-twofeats[5.5.1009~1-e4940]:main():gmm-acc-stats-twofeats.cc:140) Average like for this file is -40.5986 over 160 frames.
LOG (gmm-acc-stats-twofeats[5.5.1009~1-e4940]:main():gmm-acc-stats-twofeats.cc:140) Average like for this file is -48.7696 over 103 frames.
LOG (gmm-acc-stats-twofeats[5.5.1009~1-e4940]:main():gmm-acc-stats-twofeats.cc:140) Average like for this file is -35.5271 over 98 frames.
LOG (gmm-acc-stats-twofeats[5.5.1009~1-e4940]:main():gmm-acc-stats-twofeats.cc:146) Avg like per frame so far is -45.8602
LOG (gmm-acc-stats-twofeats[5.5.1009~1-e4940]:main():gmm-acc-stats-twofeats.cc:140) Average like for this file is -43.3349 over 77 frames.
LOG (gmm-acc-stats-twofeats[5.5.1009~1-e4940]:main():gmm-acc-stats-twofeats.cc:140) Average like for this file is -51.0363 over 56 frames.
LOG (gmm-acc-stats-twofeats[5.5.1009~1-e4940]:main():gmm-acc-stats-twofeats.cc:140) Average like for this file is -44.9307 over 82 frames.
LOG (gmm-acc-stats-twofeats[5.5.1009~1-e4940]:main():gmm-acc-stats-twofeats.cc:140) Average like for this file is -46.1967 over 230 frames.
LOG (gmm-acc-stats-twofeats[5.5.1009~1-e4940]:main():gmm-acc-stats-twofeats.cc:140) Average like for this file is -43.3975 over 109 frames.
LOG (gmm-acc-stats-twofeats[5.5.1009~1-e4940]:main():gmm-acc-stats-twofeats.cc:140) Average like for this file is -46.2823 over 183 frames.
LOG (gmm-acc-stats-twofeats[5.5.1009~1-e4940]:main():gmm-acc-stats-twofeats.cc:140) Average like for this file is -42.4731 over 284 frames.
LOG (gmm-acc-stats-twofeats[5.5.1009~1-e4940]:main():gmm-acc-stats-twofeats.cc:140) Average like for this file is -45.2107 over 133 frames.
LOG (gmm-acc-stats-twofeats[5.5.1009~1-e4940]:main():gmm-acc-stats-twofeats.cc:140) Average like for this file is -41.825 over 132 frames.
LOG (gmm-acc-stats-twofeats[5.5.1009~1-e4940]:main():gmm-acc-stats-twofeats.cc:140) Average like for this file is -49.3197 over 65 frames.
LOG (gmm-acc-stats-twofeats[5.5.1009~1-e4940]:main():gmm-acc-stats-twofeats.cc:146) Avg like per frame so far is -45.8132
LOG (gmm-acc-stats-twofeats[5.5.1009~1-e4940]:main():gmm-acc-stats-twofeats.cc:140) Average like for this file is -41.1884 over 199 frames.
LOG (gmm-acc-stats-twofeats[5.5.1009~1-e4940]:main():gmm-acc-stats-twofeats.cc:140) Average like for this file is -41.8136 over 161 frames.
LOG (gmm-acc-stats-twofeats[5.5.1009~1-e4940]:main():gmm-acc-stats-twofeats.cc:140) Average like for this file is -41.5086 over 108 frames.
LOG (gmm-acc-stats-twofeats[5.5.1009~1-e4940]:main():gmm-acc-stats-twofeats.cc:140) Average like for this file is -44.0145 over 144 frames.
LOG (gmm-acc-stats-twofeats[5.5.1009~1-e4940]:main():gmm-acc-stats-twofeats.cc:140) Average like for this file is -44.6496 over 123 frames.
LOG (gmm-acc-stats-twofeats[5.5.1009~1-e4940]:main():gmm-acc-stats-twofeats.cc:140) Average like for this file is -34.597 over 83 frames.
LOG (gmm-acc-stats-twofeats[5.5.1009~1-e4940]:main():gmm-acc-stats-twofeats.cc:140) Average like for this file is -41.1467 over 108 frames.
LOG (gmm-acc-stats-twofeats[5.5.1009~1-e4940]:main():gmm-acc-stats-twofeats.cc:140) Average like for this file is -42.7243 over 269 frames.
LOG (gmm-acc-stats-twofeats[5.5.1009~1-e4940]:main():gmm-acc-stats-twofeats.cc:140) Average like for this file is -47.3058 over 101 frames.
LOG (gmm-acc-stats-twofeats[5.5.1009~1-e4940]:main():gmm-acc-stats-twofeats.cc:140) Average like for this file is -35.6832 over 63 frames.
LOG (gmm-acc-stats-twofeats[5.5.1009~1-e4940]:main():gmm-acc-stats-twofeats.cc:146) Avg like per frame so far is -45.6526
LOG (gmm-acc-stats-twofeats[5.5.1009~1-e4940]:main():gmm-acc-stats-twofeats.cc:140) Average like for this file is -45.8194 over 88 frames.
LOG (gmm-acc-stats-twofeats[5.5.1009~1-e4940]:main():gmm-acc-stats-twofeats.cc:140) Average like for this file is -44.7938 over 328 frames.
LOG (gmm-acc-stats-twofeats[5.5.1009~1-e4940]:main():gmm-acc-stats-twofeats.cc:140) Average like for this file is -39.3043 over 99 frames.
LOG (gmm-acc-stats-twofeats[5.5.1009~1-e4940]:main():gmm-acc-stats-twofeats.cc:140) Average like for this file is -19.0794 over 87 frames.
LOG (gmm-acc-stats-twofeats[5.5.1009~1-e4940]:main():gmm-acc-stats-twofeats.cc:140) Average like for this file is -44.4206 over 82 frames.
LOG (gmm-acc-stats-twofeats[5.5.1009~1-e4940]:main():gmm-acc-stats-twofeats.cc:140) Average like for this file is -53.3025 over 765 frames.
LOG (gmm-acc-stats-twofeats[5.5.1009~1-e4940]:main():gmm-acc-stats-twofeats.cc:140) Average like for this file is -37.003 over 215 frames.
LOG (gmm-acc-stats-twofeats[5.5.1009~1-e4940]:main():gmm-acc-stats-twofeats.cc:140) Average like for this file is -32.6603 over 79 frames.
LOG (gmm-acc-stats-twofeats[5.5.1009~1-e4940]:main():gmm-acc-stats-twofeats.cc:140) Average like for this file is -48.6998 over 129 frames.
LOG (gmm-acc-stats-twofeats[5.5.1009~1-e4940]:main():gmm-acc-stats-twofeats.cc:140) Average like for this file is -46.5998 over 116 frames.
LOG (gmm-acc-stats-twofeats[5.5.1009~1-e4940]:main():gmm-acc-stats-twofeats.cc:146) Avg like per frame so far is -45.6573
LOG (gmm-acc-stats-twofeats[5.5.1009~1-e4940]:main():gmm-acc-stats-twofeats.cc:140) Average like for this file is -42.2013 over 241 frames.
LOG (gmm-acc-stats-twofeats[5.5.1009~1-e4940]:main():gmm-acc-stats-twofeats.cc:140) Average like for this file is -44.6937 over 187 frames.
LOG (gmm-acc-stats-twofeats[5.5.1009~1-e4940]:main():gmm-acc-stats-twofeats.cc:140) Average like for this file is -42.2994 over 113 frames.
LOG (gmm-acc-stats-twofeats[5.5.1009~1-e4940]:main():gmm-acc-stats-twofeats.cc:140) Average like for this file is -52.7402 over 123 frames.
LOG (gmm-acc-stats-twofeats[5.5.1009~1-e4940]:main():gmm-acc-stats-twofeats.cc:140) Average like for this file is -47.9268 over 87 frames.
LOG (gmm-acc-stats-twofeats[5.5.1009~1-e4940]:main():gmm-acc-stats-twofeats.cc:140) Average like for this file is -40.4525 over 246 frames.
LOG (gmm-acc-stats-twofeats[5.5.1009~1-e4940]:main():gmm-acc-stats-twofeats.cc:140) Average like for this file is -41.9828 over 86 frames.
LOG (gmm-acc-stats-twofeats[5.5.1009~1-e4940]:main():gmm-acc-stats-twofeats.cc:140) Average like for this file is -49.9822 over 86 frames.
LOG (gmm-acc-stats-twofeats[5.5.1009~1-e4940]:main():gmm-acc-stats-twofeats.cc:140) Average like for this file is -47.8517 over 184 frames.
LOG (gmm-acc-stats-twofeats[5.5.1009~1-e4940]:main():gmm-acc-stats-twofeats.cc:140) Average like for this file is -44.4668 over 96 frames.
LOG (gmm-acc-stats-twofeats[5.5.1009~1-e4940]:main():gmm-acc-stats-twofeats.cc:146) Avg like per frame so far is -45.622
LOG (gmm-acc-stats-twofeats[5.5.1009~1-e4940]:main():gmm-acc-stats-twofeats.cc:140) Average like for this file is -39.3025 over 143 frames.
LOG (gmm-acc-stats-twofeats[5.5.1009~1-e4940]:main():gmm-acc-stats-twofeats.cc:140) Average like for this file is -30.9414 over 102 frames.
LOG (gmm-acc-stats-twofeats[5.5.1009~1-e4940]:main():gmm-acc-stats-twofeats.cc:140) Average like for this file is -33.9537 over 206 frames.
LOG (gmm-acc-stats-twofeats[5.5.1009~1-e4940]:main():gmm-acc-stats-twofeats.cc:140) Average like for this file is -39.8553 over 134 frames.
LOG (gmm-acc-stats-twofeats[5.5.1009~1-e4940]:main():gmm-acc-stats-twofeats.cc:140) Average like for this file is -43.1708 over 197 frames.
LOG (gmm-acc-stats-twofeats[5.5.1009~1-e4940]:main():gmm-acc-stats-twofeats.cc:140) Average like for this file is -44.9466 over 319 frames.
LOG (gmm-acc-stats-twofeats[5.5.1009~1-e4940]:main():gmm-acc-stats-twofeats.cc:140) Average like for this file is -26.7574 over 81 frames.
LOG (gmm-acc-stats-twofeats[5.5.1009~1-e4940]:main():gmm-acc-stats-twofeats.cc:140) Average like for this file is -42.2241 over 83 frames.
LOG (gmm-acc-stats-twofeats[5.5.1009~1-e4940]:main():gmm-acc-stats-twofeats.cc:140) Average like for this file is -47.9197 over 61 frames.
LOG (gmm-acc-stats-twofeats[5.5.1009~1-e4940]:main():gmm-acc-stats-twofeats.cc:140) Average like for this file is -47.9882 over 99 frames.
LOG (gmm-acc-stats-twofeats[5.5.1009~1-e4940]:main():gmm-acc-stats-twofeats.cc:146) Avg like per frame so far is -45.4143
LOG (gmm-acc-stats-twofeats[5.5.1009~1-e4940]:main():gmm-acc-stats-twofeats.cc:140) Average like for this file is -47.2804 over 141 frames.
LOG (gmm-acc-stats-twofeats[5.5.1009~1-e4940]:main():gmm-acc-stats-twofeats.cc:140) Average like for this file is -47.1098 over 100 frames.
LOG (gmm-acc-stats-twofeats[5.5.1009~1-e4940]:main():gmm-acc-stats-twofeats.cc:140) Average like for this file is -46.587 over 191 frames.
LOG (gmm-acc-stats-twofeats[5.5.1009~1-e4940]:main():gmm-acc-stats-twofeats.cc:140) Average like for this file is -44.5484 over 222 frames.
LOG (gmm-acc-stats-twofeats[5.5.1009~1-e4940]:main():gmm-acc-stats-twofeats.cc:140) Average like for this file is -43.0539 over 386 frames.
LOG (gmm-acc-stats-twofeats[5.5.1009~1-e4940]:main():gmm-acc-stats-twofeats.cc:140) Average like for this file is -38.458 over 120 frames.
LOG (gmm-acc-stats-twofeats[5.5.1009~1-e4940]:main():gmm-acc-stats-twofeats.cc:140) Average like for this file is -37.5858 over 158 frames.
LOG (gmm-acc-stats-twofeats[5.5.1009~1-e4940]:main():gmm-acc-stats-twofeats.cc:140) Average like for this file is -44.251 over 81 frames.
LOG (gmm-acc-stats-twofeats[5.5.1009~1-e4940]:main():gmm-acc-stats-twofeats.cc:140) Average like for this file is -39.6515 over 118 frames.
LOG (gmm-acc-stats-twofeats[5.5.1009~1-e4940]:main():gmm-acc-stats-twofeats.cc:140) Average like for this file is -40.159 over 104 frames.
LOG (gmm-acc-stats-twofeats[5.5.1009~1-e4940]:main():gmm-acc-stats-twofeats.cc:146) Avg like per frame so far is -45.3153
LOG (gmm-acc-stats-twofeats[5.5.1009~1-e4940]:main():gmm-acc-stats-twofeats.cc:140) Average like for this file is -41.7536 over 178 frames.
LOG (gmm-acc-stats-twofeats[5.5.1009~1-e4940]:main():gmm-acc-stats-twofeats.cc:140) Average like for this file is -43.0212 over 121 frames.
LOG (gmm-acc-stats-twofeats[5.5.1009~1-e4940]:main():gmm-acc-stats-twofeats.cc:140) Average like for this file is -45.5038 over 191 frames.
LOG (gmm-acc-stats-twofeats[5.5.1009~1-e4940]:main():gmm-acc-stats-twofeats.cc:140) Average like for this file is -46.1921 over 153 frames.
LOG (gmm-acc-stats-twofeats[5.5.1009~1-e4940]:main():gmm-acc-stats-twofeats.cc:140) Average like for this file is -39.292 over 96 frames.
LOG (gmm-acc-stats-twofeats[5.5.1009~1-e4940]:main():gmm-acc-stats-twofeats.cc:140) Average like for this file is -38.926 over 147 frames.
LOG (gmm-acc-stats-twofeats[5.5.1009~1-e4940]:main():gmm-acc-stats-twofeats.cc:140) Average like for this file is -44.2834 over 61 frames.
LOG (gmm-acc-stats-twofeats[5.5.1009~1-e4940]:main():gmm-acc-stats-twofeats.cc:140) Average like for this file is -40.524 over 84 frames.
LOG (gmm-acc-stats-twofeats[5.5.1009~1-e4940]:main():gmm-acc-stats-twofeats.cc:140) Average like for this file is -42.1544 over 102 frames.
LOG (gmm-acc-stats-twofeats[5.5.1009~1-e4940]:main():gmm-acc-stats-twofeats.cc:140) Average like for this file is -43.9634 over 197 frames.
LOG (gmm-acc-stats-twofeats[5.5.1009~1-e4940]:main():gmm-acc-stats-twofeats.cc:146) Avg like per frame so far is -45.2326
LOG (gmm-acc-stats-twofeats[5.5.1009~1-e4940]:main():gmm-acc-stats-twofeats.cc:140) Average like for this file is -45.3936 over 231 frames.
LOG (gmm-acc-stats-twofeats[5.5.1009~1-e4940]:main():gmm-acc-stats-twofeats.cc:140) Average like for this file is -46.0854 over 201 frames.
LOG (gmm-acc-stats-twofeats[5.5.1009~1-e4940]:main():gmm-acc-stats-twofeats.cc:140) Average like for this file is -43.755 over 90 frames.
LOG (gmm-acc-stats-twofeats[5.5.1009~1-e4940]:main():gmm-acc-stats-twofeats.cc:140) Average like for this file is -43.4933 over 153 frames.
LOG (gmm-acc-stats-twofeats[5.5.1009~1-e4940]:main():gmm-acc-stats-twofeats.cc:140) Average like for this file is -43.2826 over 133 frames.
LOG (gmm-acc-stats-twofeats[5.5.1009~1-e4940]:main():gmm-acc-stats-twofeats.cc:140) Average like for this file is -34.2246 over 87 frames.
LOG (gmm-acc-stats-twofeats[5.5.1009~1-e4940]:main():gmm-acc-stats-twofeats.cc:140) Average like for this file is -46.2833 over 289 frames.
LOG (gmm-acc-stats-twofeats[5.5.1009~1-e4940]:main():gmm-acc-stats-twofeats.cc:140) Average like for this file is -46.9995 over 473 frames.
LOG (gmm-acc-stats-twofeats[5.5.1009~1-e4940]:main():gmm-acc-stats-twofeats.cc:140) Average like for this file is -45.3337 over 203 frames.
LOG (gmm-acc-stats-twofeats[5.5.1009~1-e4940]:main():gmm-acc-stats-twofeats.cc:140) Average like for this file is -42.2527 over 113 frames.
LOG (gmm-acc-stats-twofeats[5.5.1009~1-e4940]:main():gmm-acc-stats-twofeats.cc:146) Avg like per frame so far is -45.2187
LOG (gmm-acc-stats-twofeats[5.5.1009~1-e4940]:main():gmm-acc-stats-twofeats.cc:140) Average like for this file is -42.6643 over 111 frames.
LOG (gmm-acc-stats-twofeats[5.5.1009~1-e4940]:main():gmm-acc-stats-twofeats.cc:140) Average like for this file is -39.8344 over 123 frames.
LOG (gmm-acc-stats-twofeats[5.5.1009~1-e4940]:main():gmm-acc-stats-twofeats.cc:140) Average like for this file is -45.0627 over 72 frames.
LOG (gmm-acc-stats-twofeats[5.5.1009~1-e4940]:main():gmm-acc-stats-twofeats.cc:140) Average like for this file is -37.1368 over 146 frames.
LOG (gmm-acc-stats-twofeats[5.5.1009~1-e4940]:main():gmm-acc-stats-twofeats.cc:140) Average like for this file is -44.8003 over 232 frames.
LOG (gmm-acc-stats-twofeats[5.5.1009~1-e4940]:main():gmm-acc-stats-twofeats.cc:140) Average like for this file is -47.8183 over 81 frames.
LOG (gmm-acc-stats-twofeats[5.5.1009~1-e4940]:main():gmm-acc-stats-twofeats.cc:140) Average like for this file is -47.8234 over 208 frames.
LOG (gmm-acc-stats-twofeats[5.5.1009~1-e4940]:main():gmm-acc-stats-twofeats.cc:140) Average like for this file is -50.2728 over 111 frames.
LOG (gmm-acc-stats-twofeats[5.5.1009~1-e4940]:main():gmm-acc-stats-twofeats.cc:140) Average like for this file is -40.709 over 68 frames.
LOG (gmm-acc-stats-twofeats[5.5.1009~1-e4940]:main():gmm-acc-stats-twofeats.cc:140) Average like for this file is -44.6621 over 76 frames.
LOG (gmm-acc-stats-twofeats[5.5.1009~1-e4940]:main():gmm-acc-stats-twofeats.cc:146) Avg like per frame so far is -45.1894
LOG (gmm-acc-stats-twofeats[5.5.1009~1-e4940]:main():gmm-acc-stats-twofeats.cc:140) Average like for this file is -25.5454 over 68 frames.
LOG (gmm-acc-stats-twofeats[5.5.1009~1-e4940]:main():gmm-acc-stats-twofeats.cc:140) Average like for this file is -48.4608 over 53 frames.
LOG (gmm-acc-stats-twofeats[5.5.1009~1-e4940]:main():gmm-acc-stats-twofeats.cc:140) Average like for this file is -48.912 over 129 frames.
LOG (gmm-acc-stats-twofeats[5.5.1009~1-e4940]:main():gmm-acc-stats-twofeats.cc:140) Average like for this file is -33.95 over 64 frames.
LOG (gmm-acc-stats-twofeats[5.5.1009~1-e4940]:main():gmm-acc-stats-twofeats.cc:140) Average like for this file is -46.2575 over 93 frames.
LOG (gmm-acc-stats-twofeats[5.5.1009~1-e4940]:main():gmm-acc-stats-twofeats.cc:140) Average like for this file is -45.0084 over 143 frames.
LOG (gmm-acc-stats-twofeats[5.5.1009~1-e4940]:main():gmm-acc-stats-twofeats.cc:140) Average like for this file is -46.7824 over 93 frames.
LOG (gmm-acc-stats-twofeats[5.5.1009~1-e4940]:main():gmm-acc-stats-twofeats.cc:140) Average like for this file is -43.1713 over 238 frames.
LOG (gmm-acc-stats-twofeats[5.5.1009~1-e4940]:main():gmm-acc-stats-twofeats.cc:140) Average like for this file is -43.5747 over 79 frames.
LOG (gmm-acc-stats-twofeats[5.5.1009~1-e4940]:main():gmm-acc-stats-twofeats.cc:140) Average like for this file is -45.4394 over 146 frames.
LOG (gmm-acc-stats-twofeats[5.5.1009~1-e4940]:main():gmm-acc-stats-twofeats.cc:146) Avg like per frame so far is -45.1499
LOG (gmm-acc-stats-twofeats[5.5.1009~1-e4940]:main():gmm-acc-stats-twofeats.cc:140) Average like for this file is -39.928 over 128 frames.
LOG (gmm-acc-stats-twofeats[5.5.1009~1-e4940]:main():gmm-acc-stats-twofeats.cc:140) Average like for this file is -40.9118 over 330 frames.
LOG (gmm-acc-stats-twofeats[5.5.1009~1-e4940]:main():gmm-acc-stats-twofeats.cc:140) Average like for this file is -44.1291 over 118 frames.
LOG (gmm-acc-stats-twofeats[5.5.1009~1-e4940]:main():gmm-acc-stats-twofeats.cc:140) Average like for this file is -48.0446 over 78 frames.
LOG (gmm-acc-stats-twofeats[5.5.1009~1-e4940]:main():gmm-acc-stats-twofeats.cc:140) Average like for this file is -44.482 over 98 frames.
LOG (gmm-acc-stats-twofeats[5.5.1009~1-e4940]:main():gmm-acc-stats-twofeats.cc:140) Average like for this file is -34.6999 over 87 frames.
LOG (gmm-acc-stats-twofeats[5.5.1009~1-e4940]:main():gmm-acc-stats-twofeats.cc:140) Average like for this file is -42.3197 over 134 frames.
LOG (gmm-acc-stats-twofeats[5.5.1009~1-e4940]:main():gmm-acc-stats-twofeats.cc:140) Average like for this file is -38.9353 over 134 frames.
LOG (gmm-acc-stats-twofeats[5.5.1009~1-e4940]:main():gmm-acc-stats-twofeats.cc:140) Average like for this file is -42.1174 over 56 frames.
LOG (gmm-acc-stats-twofeats[5.5.1009~1-e4940]:main():gmm-acc-stats-twofeats.cc:140) Average like for this file is -43.6837 over 167 frames.
LOG (gmm-acc-stats-twofeats[5.5.1009~1-e4940]:main():gmm-acc-stats-twofeats.cc:146) Avg like per frame so far is -45.0501
LOG (gmm-acc-stats-twofeats[5.5.1009~1-e4940]:main():gmm-acc-stats-twofeats.cc:140) Average like for this file is -42.1404 over 111 frames.
LOG (gmm-acc-stats-twofeats[5.5.1009~1-e4940]:main():gmm-acc-stats-twofeats.cc:140) Average like for this file is -45.9077 over 141 frames.
LOG (gmm-acc-stats-twofeats[5.5.1009~1-e4940]:main():gmm-acc-stats-twofeats.cc:140) Average like for this file is -39.192 over 138 frames.
LOG (gmm-acc-stats-twofeats[5.5.1009~1-e4940]:main():gmm-acc-stats-twofeats.cc:140) Average like for this file is -44.7311 over 243 frames.
LOG (gmm-acc-stats-twofeats[5.5.1009~1-e4940]:main():gmm-acc-stats-twofeats.cc:140) Average like for this file is -49.3533 over 497 frames.
LOG (gmm-acc-stats-twofeats[5.5.1009~1-e4940]:main():gmm-acc-stats-twofeats.cc:140) Average like for this file is -46.2481 over 203 frames.
LOG (gmm-acc-stats-twofeats[5.5.1009~1-e4940]:main():gmm-acc-stats-twofeats.cc:140) Average like for this file is -47.8768 over 204 frames.
LOG (gmm-acc-stats-twofeats[5.5.1009~1-e4940]:main():gmm-acc-stats-twofeats.cc:140) Average like for this file is -42.9438 over 63 frames.
LOG (gmm-acc-stats-twofeats[5.5.1009~1-e4940]:main():gmm-acc-stats-twofeats.cc:140) Average like for this file is -44.427 over 77 frames.
LOG (gmm-acc-stats-twofeats[5.5.1009~1-e4940]:main():gmm-acc-stats-twofeats.cc:140) Average like for this file is -46.3665 over 167 frames.
LOG (gmm-acc-stats-twofeats[5.5.1009~1-e4940]:main():gmm-acc-stats-twofeats.cc:146) Avg like per frame so far is -45.0903
LOG (gmm-acc-stats-twofeats[5.5.1009~1-e4940]:main():gmm-acc-stats-twofeats.cc:140) Average like for this file is -47.1541 over 76 frames.
LOG (gmm-acc-stats-twofeats[5.5.1009~1-e4940]:main():gmm-acc-stats-twofeats.cc:140) Average like for this file is -44.9264 over 303 frames.
LOG (gmm-acc-stats-twofeats[5.5.1009~1-e4940]:main():gmm-acc-stats-twofeats.cc:140) Average like for this file is -39.5948 over 279 frames.
LOG (gmm-acc-stats-twofeats[5.5.1009~1-e4940]:main():gmm-acc-stats-twofeats.cc:140) Average like for this file is -43.9316 over 89 frames.
LOG (gmm-acc-stats-twofeats[5.5.1009~1-e4940]:main():gmm-acc-stats-twofeats.cc:140) Average like for this file is -40.9931 over 173 frames.
LOG (gmm-acc-stats-twofeats[5.5.1009~1-e4940]:main():gmm-acc-stats-twofeats.cc:140) Average like for this file is -39.3388 over 135 frames.
LOG (gmm-acc-stats-twofeats[5.5.1009~1-e4940]:main():gmm-acc-stats-twofeats.cc:140) Average like for this file is -46.1176 over 206 frames.
LOG (gmm-acc-stats-twofeats[5.5.1009~1-e4940]:main():gmm-acc-stats-twofeats.cc:140) Average like for this file is -43.1951 over 193 frames.
LOG (gmm-acc-stats-twofeats[5.5.1009~1-e4940]:main():gmm-acc-stats-twofeats.cc:140) Average like for this file is -43.4914 over 144 frames.
LOG (gmm-acc-stats-twofeats[5.5.1009~1-e4940]:main():gmm-acc-stats-twofeats.cc:140) Average like for this file is -43.412 over 133 frames.
LOG (gmm-acc-stats-twofeats[5.5.1009~1-e4940]:main():gmm-acc-stats-twofeats.cc:146) Avg like per frame so far is -45.0168
LOG (gmm-acc-stats-twofeats[5.5.1009~1-e4940]:main():gmm-acc-stats-twofeats.cc:140) Average like for this file is -45.5647 over 62 frames.
LOG (gmm-acc-stats-twofeats[5.5.1009~1-e4940]:main():gmm-acc-stats-twofeats.cc:140) Average like for this file is -50.2835 over 109 frames.
LOG (gmm-acc-stats-twofeats[5.5.1009~1-e4940]:main():gmm-acc-stats-twofeats.cc:140) Average like for this file is -47.2694 over 57 frames.
LOG (gmm-acc-stats-twofeats[5.5.1009~1-e4940]:main():gmm-acc-stats-twofeats.cc:140) Average like for this file is -47.266 over 241 frames.
LOG (gmm-acc-stats-twofeats[5.5.1009~1-e4940]:main():gmm-acc-stats-twofeats.cc:140) Average like for this file is -50.1143 over 257 frames.
LOG (gmm-acc-stats-twofeats[5.5.1009~1-e4940]:main():gmm-acc-stats-twofeats.cc:140) Average like for this file is -39.6031 over 119 frames.
LOG (gmm-acc-stats-twofeats[5.5.1009~1-e4940]:main():gmm-acc-stats-twofeats.cc:140) Average like for this file is -44.7681 over 97 frames.
LOG (gmm-acc-stats-twofeats[5.5.1009~1-e4940]:main():gmm-acc-stats-twofeats.cc:140) Average like for this file is -45.629 over 138 frames.
LOG (gmm-acc-stats-twofeats[5.5.1009~1-e4940]:main():gmm-acc-stats-twofeats.cc:140) Average like for this file is -47.9988 over 350 frames.
LOG (gmm-acc-stats-twofeats[5.5.1009~1-e4940]:main():gmm-acc-stats-twofeats.cc:140) Average like for this file is -42.3141 over 89 frames.
LOG (gmm-acc-stats-twofeats[5.5.1009~1-e4940]:main():gmm-acc-stats-twofeats.cc:146) Avg like per frame so far is -45.0721
LOG (gmm-acc-stats-twofeats[5.5.1009~1-e4940]:main():gmm-acc-stats-twofeats.cc:140) Average like for this file is -48.3738 over 272 frames.
LOG (gmm-acc-stats-twofeats[5.5.1009~1-e4940]:main():gmm-acc-stats-twofeats.cc:140) Average like for this file is -47.3386 over 335 frames.
LOG (gmm-acc-stats-twofeats[5.5.1009~1-e4940]:main():gmm-acc-stats-twofeats.cc:140) Average like for this file is -39.6225 over 77 frames.
LOG (gmm-acc-stats-twofeats[5.5.1009~1-e4940]:main():gmm-acc-stats-twofeats.cc:140) Average like for this file is -47.0643 over 158 frames.
LOG (gmm-acc-stats-twofeats[5.5.1009~1-e4940]:main():gmm-acc-stats-twofeats.cc:140) Average like for this file is -45.6602 over 120 frames.
LOG (gmm-acc-stats-twofeats[5.5.1009~1-e4940]:main():gmm-acc-stats-twofeats.cc:140) Average like for this file is -49.9293 over 82 frames.
LOG (gmm-acc-stats-twofeats[5.5.1009~1-e4940]:main():gmm-acc-stats-twofeats.cc:140) Average like for this file is -43.6323 over 104 frames.
LOG (gmm-acc-stats-twofeats[5.5.1009~1-e4940]:main():gmm-acc-stats-twofeats.cc:140) Average like for this file is -41.7615 over 121 frames.
LOG (gmm-acc-stats-twofeats[5.5.1009~1-e4940]:main():gmm-acc-stats-twofeats.cc:140) Average like for this file is -49.4008 over 184 frames.
LOG (gmm-acc-stats-twofeats[5.5.1009~1-e4940]:main():gmm-acc-stats-twofeats.cc:140) Average like for this file is -39.9847 over 143 frames.
LOG (gmm-acc-stats-twofeats[5.5.1009~1-e4940]:main():gmm-acc-stats-twofeats.cc:146) Avg like per frame so far is -45.1015
LOG (gmm-acc-stats-twofeats[5.5.1009~1-e4940]:main():gmm-acc-stats-twofeats.cc:140) Average like for this file is -42.0317 over 52 frames.
LOG (gmm-acc-stats-twofeats[5.5.1009~1-e4940]:main():gmm-acc-stats-twofeats.cc:140) Average like for this file is -48.5979 over 181 frames.
LOG (gmm-acc-stats-twofeats[5.5.1009~1-e4940]:main():gmm-acc-stats-twofeats.cc:140) Average like for this file is -38.3287 over 107 frames.
LOG (gmm-acc-stats-twofeats[5.5.1009~1-e4940]:main():gmm-acc-stats-twofeats.cc:140) Average like for this file is -45.1291 over 239 frames.
LOG (gmm-acc-stats-twofeats[5.5.1009~1-e4940]:main():gmm-acc-stats-twofeats.cc:140) Average like for this file is -48.1671 over 98 frames.
LOG (gmm-acc-stats-twofeats[5.5.1009~1-e4940]:main():gmm-acc-stats-twofeats.cc:140) Average like for this file is -46.1119 over 97 frames.
LOG (gmm-acc-stats-twofeats[5.5.1009~1-e4940]:main():gmm-acc-stats-twofeats.cc:140) Average like for this file is -46.1926 over 162 frames.
LOG (gmm-acc-stats-twofeats[5.5.1009~1-e4940]:main():gmm-acc-stats-twofeats.cc:140) Average like for this file is -46.4757 over 138 frames.
LOG (gmm-acc-stats-twofeats[5.5.1009~1-e4940]:main():gmm-acc-stats-twofeats.cc:140) Average like for this file is -43.7347 over 153 frames.
LOG (gmm-acc-stats-twofeats[5.5.1009~1-e4940]:main():gmm-acc-stats-twofeats.cc:140) Average like for this file is -43.299 over 322 frames.
LOG (gmm-acc-stats-twofeats[5.5.1009~1-e4940]:main():gmm-acc-stats-twofeats.cc:146) Avg like per frame so far is -45.0965
LOG (gmm-acc-stats-twofeats[5.5.1009~1-e4940]:main():gmm-acc-stats-twofeats.cc:140) Average like for this file is -40.6888 over 101 frames.
LOG (gmm-acc-stats-twofeats[5.5.1009~1-e4940]:main():gmm-acc-stats-twofeats.cc:140) Average like for this file is -45.0438 over 158 frames.
LOG (gmm-acc-stats-twofeats[5.5.1009~1-e4940]:main():gmm-acc-stats-twofeats.cc:140) Average like for this file is -37.6979 over 189 frames.
LOG (gmm-acc-stats-twofeats[5.5.1009~1-e4940]:main():gmm-acc-stats-twofeats.cc:140) Average like for this file is -41.6468 over 84 frames.
LOG (gmm-acc-stats-twofeats[5.5.1009~1-e4940]:main():gmm-acc-stats-twofeats.cc:140) Average like for this file is -45.1948 over 146 frames.
LOG (gmm-acc-stats-twofeats[5.5.1009~1-e4940]:main():gmm-acc-stats-twofeats.cc:140) Average like for this file is -46.2916 over 147 frames.
LOG (gmm-acc-stats-twofeats[5.5.1009~1-e4940]:main():gmm-acc-stats-twofeats.cc:140) Average like for this file is -40.0399 over 86 frames.
LOG (gmm-acc-stats-twofeats[5.5.1009~1-e4940]:main():gmm-acc-stats-twofeats.cc:140) Average like for this file is -44.1302 over 121 frames.
LOG (gmm-acc-stats-twofeats[5.5.1009~1-e4940]:main():gmm-acc-stats-twofeats.cc:140) Average like for this file is -49.7577 over 192 frames.
LOG (gmm-acc-stats-twofeats[5.5.1009~1-e4940]:main():gmm-acc-stats-twofeats.cc:140) Average like for this file is -46.3971 over 167 frames.
LOG (gmm-acc-stats-twofeats[5.5.1009~1-e4940]:main():gmm-acc-stats-twofeats.cc:146) Avg like per frame so far is -45.0713
LOG (gmm-acc-stats-twofeats[5.5.1009~1-e4940]:main():gmm-acc-stats-twofeats.cc:140) Average like for this file is -46.8083 over 338 frames.
LOG (gmm-acc-stats-twofeats[5.5.1009~1-e4940]:main():gmm-acc-stats-twofeats.cc:140) Average like for this file is -42.395 over 67 frames.
LOG (gmm-acc-stats-twofeats[5.5.1009~1-e4940]:main():gmm-acc-stats-twofeats.cc:140) Average like for this file is -46.7 over 117 frames.
LOG (gmm-acc-stats-twofeats[5.5.1009~1-e4940]:main():gmm-acc-stats-twofeats.cc:140) Average like for this file is -43.2595 over 106 frames.
LOG (gmm-acc-stats-twofeats[5.5.1009~1-e4940]:main():gmm-acc-stats-twofeats.cc:140) Average like for this file is -48.5801 over 161 frames.
LOG (gmm-acc-stats-twofeats[5.5.1009~1-e4940]:main():gmm-acc-stats-twofeats.cc:140) Average like for this file is -50.6568 over 233 frames.
LOG (gmm-acc-stats-twofeats[5.5.1009~1-e4940]:main():gmm-acc-stats-twofeats.cc:140) Average like for this file is -45.0877 over 272 frames.
LOG (gmm-acc-stats-twofeats[5.5.1009~1-e4940]:main():gmm-acc-stats-twofeats.cc:140) Average like for this file is -48.2635 over 423 frames.
LOG (gmm-acc-stats-twofeats[5.5.1009~1-e4940]:main():gmm-acc-stats-twofeats.cc:140) Average like for this file is -48.9729 over 244 frames.
LOG (gmm-acc-stats-twofeats[5.5.1009~1-e4940]:main():gmm-acc-stats-twofeats.cc:140) Average like for this file is -47.8212 over 152 frames.
LOG (gmm-acc-stats-twofeats[5.5.1009~1-e4940]:main():gmm-acc-stats-twofeats.cc:146) Avg like per frame so far is -45.1583
LOG (gmm-acc-stats-twofeats[5.5.1009~1-e4940]:main():gmm-acc-stats-twofeats.cc:140) Average like for this file is -47.458 over 276 frames.
LOG (gmm-acc-stats-twofeats[5.5.1009~1-e4940]:main():gmm-acc-stats-twofeats.cc:140) Average like for this file is -40.3368 over 179 frames.
LOG (gmm-acc-stats-twofeats[5.5.1009~1-e4940]:main():gmm-acc-stats-twofeats.cc:140) Average like for this file is -50.9115 over 66 frames.
LOG (gmm-acc-stats-twofeats[5.5.1009~1-e4940]:main():gmm-acc-stats-twofeats.cc:140) Average like for this file is -49.723 over 77 frames.
LOG (gmm-acc-stats-twofeats[5.5.1009~1-e4940]:main():gmm-acc-stats-twofeats.cc:140) Average like for this file is -50.9682 over 111 frames.
LOG (gmm-acc-stats-twofeats[5.5.1009~1-e4940]:main():gmm-acc-stats-twofeats.cc:140) Average like for this file is -35.1913 over 187 frames.
LOG (gmm-acc-stats-twofeats[5.5.1009~1-e4940]:main():gmm-acc-stats-twofeats.cc:140) Average like for this file is -47.9131 over 193 frames.
LOG (gmm-acc-stats-twofeats[5.5.1009~1-e4940]:main():gmm-acc-stats-twofeats.cc:140) Average like for this file is -45.2862 over 459 frames.
LOG (gmm-acc-stats-twofeats[5.5.1009~1-e4940]:main():gmm-acc-stats-twofeats.cc:140) Average like for this file is -41.8775 over 161 frames.
LOG (gmm-acc-stats-twofeats[5.5.1009~1-e4940]:main():gmm-acc-stats-twofeats.cc:140) Average like for this file is -45.5994 over 129 frames.
LOG (gmm-acc-stats-twofeats[5.5.1009~1-e4940]:main():gmm-acc-stats-twofeats.cc:146) Avg like per frame so far is -45.1482
LOG (gmm-acc-stats-twofeats[5.5.1009~1-e4940]:main():gmm-acc-stats-twofeats.cc:140) Average like for this file is -44.6524 over 258 frames.
LOG (gmm-acc-stats-twofeats[5.5.1009~1-e4940]:main():gmm-acc-stats-twofeats.cc:140) Average like for this file is -49.203 over 108 frames.
LOG (gmm-acc-stats-twofeats[5.5.1009~1-e4940]:main():gmm-acc-stats-twofeats.cc:140) Average like for this file is -40.0298 over 94 frames.
LOG (gmm-acc-stats-twofeats[5.5.1009~1-e4940]:main():gmm-acc-stats-twofeats.cc:140) Average like for this file is -41.1219 over 221 frames.
LOG (gmm-acc-stats-twofeats[5.5.1009~1-e4940]:main():gmm-acc-stats-twofeats.cc:140) Average like for this file is -47.4166 over 486 frames.
LOG (gmm-acc-stats-twofeats[5.5.1009~1-e4940]:main():gmm-acc-stats-twofeats.cc:140) Average like for this file is -47.7215 over 186 frames.
LOG (gmm-acc-stats-twofeats[5.5.1009~1-e4940]:main():gmm-acc-stats-twofeats.cc:140) Average like for this file is -48.1527 over 154 frames.
LOG (gmm-acc-stats-twofeats[5.5.1009~1-e4940]:main():gmm-acc-stats-twofeats.cc:140) Average like for this file is -44.0916 over 164 frames.
LOG (gmm-acc-stats-twofeats[5.5.1009~1-e4940]:main():gmm-acc-stats-twofeats.cc:140) Average like for this file is -44.2896 over 176 frames.
LOG (gmm-acc-stats-twofeats[5.5.1009~1-e4940]:main():gmm-acc-stats-twofeats.cc:140) Average like for this file is -47.7772 over 109 frames.
LOG (gmm-acc-stats-twofeats[5.5.1009~1-e4940]:main():gmm-acc-stats-twofeats.cc:146) Avg like per frame so far is -45.1636
LOG (gmm-acc-stats-twofeats[5.5.1009~1-e4940]:main():gmm-acc-stats-twofeats.cc:140) Average like for this file is -53.3171 over 65 frames.
LOG (gmm-acc-stats-twofeats[5.5.1009~1-e4940]:main():gmm-acc-stats-twofeats.cc:140) Average like for this file is -43.0477 over 149 frames.
LOG (gmm-acc-stats-twofeats[5.5.1009~1-e4940]:main():gmm-acc-stats-twofeats.cc:140) Average like for this file is -46.1062 over 163 frames.
LOG (gmm-acc-stats-twofeats[5.5.1009~1-e4940]:main():gmm-acc-stats-twofeats.cc:140) Average like for this file is -45.5025 over 103 frames.
LOG (gmm-acc-stats-twofeats[5.5.1009~1-e4940]:main():gmm-acc-stats-twofeats.cc:140) Average like for this file is -43.9665 over 209 frames.
LOG (gmm-acc-stats-twofeats[5.5.1009~1-e4940]:main():gmm-acc-stats-twofeats.cc:140) Average like for this file is -44.5525 over 107 frames.
LOG (gmm-acc-stats-twofeats[5.5.1009~1-e4940]:main():gmm-acc-stats-twofeats.cc:140) Average like for this file is -43.2962 over 169 frames.
LOG (gmm-acc-stats-twofeats[5.5.1009~1-e4940]:main():gmm-acc-stats-twofeats.cc:140) Average like for this file is -42.8214 over 182 frames.
LOG (gmm-acc-stats-twofeats[5.5.1009~1-e4940]:main():gmm-acc-stats-twofeats.cc:140) Average like for this file is -44.852 over 91 frames.
LOG (gmm-acc-stats-twofeats[5.5.1009~1-e4940]:main():gmm-acc-stats-twofeats.cc:140) Average like for this file is -46.3674 over 122 frames.
LOG (gmm-acc-stats-twofeats[5.5.1009~1-e4940]:main():gmm-acc-stats-twofeats.cc:146) Avg like per frame so far is -45.1551
LOG (gmm-acc-stats-twofeats[5.5.1009~1-e4940]:main():gmm-acc-stats-twofeats.cc:140) Average like for this file is -43.0288 over 283 frames.
LOG (gmm-acc-stats-twofeats[5.5.1009~1-e4940]:main():gmm-acc-stats-twofeats.cc:140) Average like for this file is -47.3353 over 131 frames.
LOG (gmm-acc-stats-twofeats[5.5.1009~1-e4940]:main():gmm-acc-stats-twofeats.cc:140) Average like for this file is -38.0779 over 161 frames.
LOG (gmm-acc-stats-twofeats[5.5.1009~1-e4940]:main():gmm-acc-stats-twofeats.cc:140) Average like for this file is -49.7279 over 123 frames.
LOG (gmm-acc-stats-twofeats[5.5.1009~1-e4940]:main():gmm-acc-stats-twofeats.cc:140) Average like for this file is -42.5024 over 110 frames.
LOG (gmm-acc-stats-twofeats[5.5.1009~1-e4940]:main():gmm-acc-stats-twofeats.cc:140) Average like for this file is -47.0802 over 234 frames.
LOG (gmm-acc-stats-twofeats[5.5.1009~1-e4940]:main():gmm-acc-stats-twofeats.cc:140) Average like for this file is -50.2686 over 115 frames.
LOG (gmm-acc-stats-twofeats[5.5.1009~1-e4940]:main():gmm-acc-stats-twofeats.cc:140) Average like for this file is -48.3848 over 236 frames.
LOG (gmm-acc-stats-twofeats[5.5.1009~1-e4940]:main():gmm-acc-stats-twofeats.cc:140) Average like for this file is -48.8533 over 344 frames.
LOG (gmm-acc-stats-twofeats[5.5.1009~1-e4940]:main():gmm-acc-stats-twofeats.cc:140) Average like for this file is -41.3158 over 223 frames.
LOG (gmm-acc-stats-twofeats[5.5.1009~1-e4940]:main():gmm-acc-stats-twofeats.cc:146) Avg like per frame so far is -45.1711
LOG (gmm-acc-stats-twofeats[5.5.1009~1-e4940]:main():gmm-acc-stats-twofeats.cc:140) Average like for this file is -45.7693 over 365 frames.
LOG (gmm-acc-stats-twofeats[5.5.1009~1-e4940]:main():gmm-acc-stats-twofeats.cc:140) Average like for this file is -52.0744 over 357 frames.
LOG (gmm-acc-stats-twofeats[5.5.1009~1-e4940]:main():gmm-acc-stats-twofeats.cc:140) Average like for this file is -49.2922 over 180 frames.
LOG (gmm-acc-stats-twofeats[5.5.1009~1-e4940]:main():gmm-acc-stats-twofeats.cc:140) Average like for this file is -48.1626 over 113 frames.
LOG (gmm-acc-stats-twofeats[5.5.1009~1-e4940]:main():gmm-acc-stats-twofeats.cc:140) Average like for this file is -53.7531 over 109 frames.
LOG (gmm-acc-stats-twofeats[5.5.1009~1-e4940]:main():gmm-acc-stats-twofeats.cc:140) Average like for this file is -53.6552 over 186 frames.
LOG (gmm-acc-stats-twofeats[5.5.1009~1-e4940]:main():gmm-acc-stats-twofeats.cc:140) Average like for this file is -51.0663 over 108 frames.
LOG (gmm-acc-stats-twofeats[5.5.1009~1-e4940]:main():gmm-acc-stats-twofeats.cc:140) Average like for this file is -42.8957 over 119 frames.
LOG (gmm-acc-stats-twofeats[5.5.1009~1-e4940]:main():gmm-acc-stats-twofeats.cc:140) Average like for this file is -48.2692 over 59 frames.
LOG (gmm-acc-stats-twofeats[5.5.1009~1-e4940]:main():gmm-acc-stats-twofeats.cc:140) Average like for this file is -46.5194 over 84 frames.
LOG (gmm-acc-stats-twofeats[5.5.1009~1-e4940]:main():gmm-acc-stats-twofeats.cc:146) Avg like per frame so far is -45.2758
LOG (gmm-acc-stats-twofeats[5.5.1009~1-e4940]:main():gmm-acc-stats-twofeats.cc:140) Average like for this file is -48.6059 over 167 frames.
LOG (gmm-acc-stats-twofeats[5.5.1009~1-e4940]:main():gmm-acc-stats-twofeats.cc:140) Average like for this file is -45.8606 over 78 frames.
LOG (gmm-acc-stats-twofeats[5.5.1009~1-e4940]:main():gmm-acc-stats-twofeats.cc:140) Average like for this file is -42.3724 over 139 frames.
LOG (gmm-acc-stats-twofeats[5.5.1009~1-e4940]:main():gmm-acc-stats-twofeats.cc:140) Average like for this file is -42.6935 over 94 frames.
LOG (gmm-acc-stats-twofeats[5.5.1009~1-e4940]:main():gmm-acc-stats-twofeats.cc:140) Average like for this file is -50.8187 over 163 frames.
LOG (gmm-acc-stats-twofeats[5.5.1009~1-e4940]:main():gmm-acc-stats-twofeats.cc:140) Average like for this file is -49.9898 over 234 frames.
LOG (gmm-acc-stats-twofeats[5.5.1009~1-e4940]:main():gmm-acc-stats-twofeats.cc:140) Average like for this file is -40.737 over 53 frames.
LOG (gmm-acc-stats-twofeats[5.5.1009~1-e4940]:main():gmm-acc-stats-twofeats.cc:140) Average like for this file is -41.5483 over 172 frames.
LOG (gmm-acc-stats-twofeats[5.5.1009~1-e4940]:main():gmm-acc-stats-twofeats.cc:140) Average like for this file is -40.6423 over 97 frames.
LOG (gmm-acc-stats-twofeats[5.5.1009~1-e4940]:main():gmm-acc-stats-twofeats.cc:140) Average like for this file is -34.8622 over 62 frames.
LOG (gmm-acc-stats-twofeats[5.5.1009~1-e4940]:main():gmm-acc-stats-twofeats.cc:146) Avg like per frame so far is -45.2756
LOG (gmm-acc-stats-twofeats[5.5.1009~1-e4940]:main():gmm-acc-stats-twofeats.cc:140) Average like for this file is -45.3606 over 431 frames.
LOG (gmm-acc-stats-twofeats[5.5.1009~1-e4940]:main():gmm-acc-stats-twofeats.cc:140) Average like for this file is -48.2007 over 93 frames.
LOG (gmm-acc-stats-twofeats[5.5.1009~1-e4940]:main():gmm-acc-stats-twofeats.cc:140) Average like for this file is -44.2662 over 501 frames.
LOG (gmm-acc-stats-twofeats[5.5.1009~1-e4940]:main():gmm-acc-stats-twofeats.cc:140) Average like for this file is -43.8685 over 246 frames.
LOG (gmm-acc-stats-twofeats[5.5.1009~1-e4940]:main():gmm-acc-stats-twofeats.cc:140) Average like for this file is -44.5016 over 262 frames.
LOG (gmm-acc-stats-twofeats[5.5.1009~1-e4940]:main():gmm-acc-stats-twofeats.cc:140) Average like for this file is -42.1883 over 97 frames.
LOG (gmm-acc-stats-twofeats[5.5.1009~1-e4940]:main():gmm-acc-stats-twofeats.cc:140) Average like for this file is -49.9247 over 122 frames.
LOG (gmm-acc-stats-twofeats[5.5.1009~1-e4940]:main():gmm-acc-stats-twofeats.cc:140) Average like for this file is -50.9594 over 78 frames.
LOG (gmm-acc-stats-twofeats[5.5.1009~1-e4940]:main():gmm-acc-stats-twofeats.cc:140) Average like for this file is -47.7101 over 319 frames.
LOG (gmm-acc-stats-twofeats[5.5.1009~1-e4940]:main():gmm-acc-stats-twofeats.cc:140) Average like for this file is -46.6926 over 266 frames.
LOG (gmm-acc-stats-twofeats[5.5.1009~1-e4940]:main():gmm-acc-stats-twofeats.cc:146) Avg like per frame so far is -45.2916
LOG (gmm-acc-stats-twofeats[5.5.1009~1-e4940]:main():gmm-acc-stats-twofeats.cc:140) Average like for this file is -46.0727 over 278 frames.
LOG (gmm-acc-stats-twofeats[5.5.1009~1-e4940]:main():gmm-acc-stats-twofeats.cc:140) Average like for this file is -43.7732 over 93 frames.
LOG (gmm-acc-stats-twofeats[5.5.1009~1-e4940]:main():gmm-acc-stats-twofeats.cc:140) Average like for this file is -51.1426 over 101 frames.
LOG (gmm-acc-stats-twofeats[5.5.1009~1-e4940]:main():gmm-acc-stats-twofeats.cc:140) Average like for this file is -48.946 over 142 frames.
LOG (gmm-acc-stats-twofeats[5.5.1009~1-e4940]:main():gmm-acc-stats-twofeats.cc:140) Average like for this file is -38.3461 over 63 frames.
LOG (gmm-acc-stats-twofeats[5.5.1009~1-e4940]:main():gmm-acc-stats-twofeats.cc:140) Average like for this file is -41.8568 over 212 frames.
LOG (gmm-acc-stats-twofeats[5.5.1009~1-e4940]:main():gmm-acc-stats-twofeats.cc:140) Average like for this file is -41.6609 over 56 frames.
LOG (gmm-acc-stats-twofeats[5.5.1009~1-e4940]:main():gmm-acc-stats-twofeats.cc:140) Average like for this file is -47.4446 over 70 frames.
LOG (gmm-acc-stats-twofeats[5.5.1009~1-e4940]:main():gmm-acc-stats-twofeats.cc:140) Average like for this file is -46.1014 over 491 frames.
LOG (gmm-acc-stats-twofeats[5.5.1009~1-e4940]:main():gmm-acc-stats-twofeats.cc:140) Average like for this file is -46.7698 over 252 frames.
LOG (gmm-acc-stats-twofeats[5.5.1009~1-e4940]:main():gmm-acc-stats-twofeats.cc:146) Avg like per frame so far is -45.3019
LOG (gmm-acc-stats-twofeats[5.5.1009~1-e4940]:main():gmm-acc-stats-twofeats.cc:140) Average like for this file is -44.0859 over 132 frames.
LOG (gmm-acc-stats-twofeats[5.5.1009~1-e4940]:main():gmm-acc-stats-twofeats.cc:140) Average like for this file is -44.8643 over 61 frames.
LOG (gmm-acc-stats-twofeats[5.5.1009~1-e4940]:main():gmm-acc-stats-twofeats.cc:140) Average like for this file is -45.8613 over 425 frames.
LOG (gmm-acc-stats-twofeats[5.5.1009~1-e4940]:main():gmm-acc-stats-twofeats.cc:140) Average like for this file is -47.2682 over 164 frames.
LOG (gmm-acc-stats-twofeats[5.5.1009~1-e4940]:main():gmm-acc-stats-twofeats.cc:140) Average like for this file is -44.8242 over 197 frames.
LOG (gmm-acc-stats-twofeats[5.5.1009~1-e4940]:main():gmm-acc-stats-twofeats.cc:140) Average like for this file is -46.6392 over 114 frames.
LOG (gmm-acc-stats-twofeats[5.5.1009~1-e4940]:main():gmm-acc-stats-twofeats.cc:140) Average like for this file is -45.3589 over 134 frames.
LOG (gmm-acc-stats-twofeats[5.5.1009~1-e4940]:main():gmm-acc-stats-twofeats.cc:140) Average like for this file is -46.4734 over 87 frames.
LOG (gmm-acc-stats-twofeats[5.5.1009~1-e4940]:main():gmm-acc-stats-twofeats.cc:140) Average like for this file is -46.8623 over 228 frames.
LOG (gmm-acc-stats-twofeats[5.5.1009~1-e4940]:main():gmm-acc-stats-twofeats.cc:140) Average like for this file is -45.7315 over 104 frames.
LOG (gmm-acc-stats-twofeats[5.5.1009~1-e4940]:main():gmm-acc-stats-twofeats.cc:146) Avg like per frame so far is -45.3147
LOG (gmm-acc-stats-twofeats[5.5.1009~1-e4940]:main():gmm-acc-stats-twofeats.cc:140) Average like for this file is -40.7409 over 89 frames.
LOG (gmm-acc-stats-twofeats[5.5.1009~1-e4940]:main():gmm-acc-stats-twofeats.cc:140) Average like for this file is -45.8986 over 194 frames.
LOG (gmm-acc-stats-twofeats[5.5.1009~1-e4940]:main():gmm-acc-stats-twofeats.cc:140) Average like for this file is -44.3483 over 166 frames.
LOG (gmm-acc-stats-twofeats[5.5.1009~1-e4940]:main():gmm-acc-stats-twofeats.cc:140) Average like for this file is -45.7448 over 164 frames.
LOG (gmm-acc-stats-twofeats[5.5.1009~1-e4940]:main():gmm-acc-stats-twofeats.cc:140) Average like for this file is -39.5061 over 76 frames.
LOG (gmm-acc-stats-twofeats[5.5.1009~1-e4940]:main():gmm-acc-stats-twofeats.cc:140) Average like for this file is -45.058 over 296 frames.
LOG (gmm-acc-stats-twofeats[5.5.1009~1-e4940]:main():gmm-acc-stats-twofeats.cc:140) Average like for this file is -44.3928 over 131 frames.
LOG (gmm-acc-stats-twofeats[5.5.1009~1-e4940]:main():gmm-acc-stats-twofeats.cc:140) Average like for this file is -43.1786 over 90 frames.
LOG (gmm-acc-stats-twofeats[5.5.1009~1-e4940]:main():gmm-acc-stats-twofeats.cc:140) Average like for this file is -44.3876 over 128 frames.
LOG (ali-to-post[5.5.1009~1-e4940]:main():ali-to-post.cc:73) Converted 458 alignments.
LOG (gmm-acc-stats-twofeats[5.5.1009~1-e4940]:main():gmm-acc-stats-twofeats.cc:140) Average like for this file is -44.5799 over 149 frames.
LOG (gmm-acc-stats-twofeats[5.5.1009~1-e4940]:main():gmm-acc-stats-twofeats.cc:146) Avg like per frame so far is -45.2954
LOG (gmm-acc-stats-twofeats[5.5.1009~1-e4940]:main():gmm-acc-stats-twofeats.cc:140) Average like for this file is -33.4583 over 72 frames.
LOG (gmm-acc-stats-twofeats[5.5.1009~1-e4940]:main():gmm-acc-stats-twofeats.cc:140) Average like for this file is -34.2647 over 84 frames.
LOG (gmm-acc-stats-twofeats[5.5.1009~1-e4940]:main():gmm-acc-stats-twofeats.cc:140) Average like for this file is -36.6556 over 73 frames.
LOG (gmm-acc-stats-twofeats[5.5.1009~1-e4940]:main():gmm-acc-stats-twofeats.cc:140) Average like for this file is -37.3624 over 82 frames.
LOG (gmm-acc-stats-twofeats[5.5.1009~1-e4940]:main():gmm-acc-stats-twofeats.cc:140) Average like for this file is -45.6608 over 209 frames.
LOG (gmm-acc-stats-twofeats[5.5.1009~1-e4940]:main():gmm-acc-stats-twofeats.cc:140) Average like for this file is -42.5699 over 248 frames.
LOG (gmm-acc-stats-twofeats[5.5.1009~1-e4940]:main():gmm-acc-stats-twofeats.cc:140) Average like for this file is -45.2146 over 254 frames.
LOG (gmm-acc-stats-twofeats[5.5.1009~1-e4940]:main():gmm-acc-stats-twofeats.cc:140) Average like for this file is -45.5244 over 108 frames.
LOG (apply-cmvn[5.5.1009~1-e4940]:main():apply-cmvn.cc:162) Applied cepstral mean normalization to 459 utterances, errors on 0
LOG (gmm-acc-stats-twofeats[5.5.1009~1-e4940]:main():gmm-acc-stats-twofeats.cc:140) Average like for this file is -46.1143 over 527 frames.
LOG (gmm-acc-stats-twofeats[5.5.1009~1-e4940]:main():gmm-acc-stats-twofeats.cc:140) Average like for this file is -45.2375 over 177 frames.
LOG (gmm-acc-stats-twofeats[5.5.1009~1-e4940]:main():gmm-acc-stats-twofeats.cc:146) Avg like per frame so far is -45.2532
LOG (apply-cmvn[5.5.1009~1-e4940]:main():apply-cmvn.cc:162) Applied cepstral mean normalization to 459 utterances, errors on 0
LOG (gmm-acc-stats-twofeats[5.5.1009~1-e4940]:main():gmm-acc-stats-twofeats.cc:140) Average like for this file is -46.3313 over 483 frames.
LOG (gmm-acc-stats-twofeats[5.5.1009~1-e4940]:main():gmm-acc-stats-twofeats.cc:140) Average like for this file is -40.5646 over 334 frames.
LOG (gmm-acc-stats-twofeats[5.5.1009~1-e4940]:main():gmm-acc-stats-twofeats.cc:140) Average like for this file is -46.3596 over 374 frames.
LOG (gmm-acc-stats-twofeats[5.5.1009~1-e4940]:main():gmm-acc-stats-twofeats.cc:140) Average like for this file is -40.333 over 278 frames.
LOG (transform-feats[5.5.1009~1-e4940]:main():transform-feats.cc:158) Overall average [pseudo-]logdet is -98.9864 over 79203 frames.
LOG (transform-feats[5.5.1009~1-e4940]:main():transform-feats.cc:161) Applied transform to 459 utterances; 0 had errors.
LOG (gmm-acc-stats-twofeats[5.5.1009~1-e4940]:main():gmm-acc-stats-twofeats.cc:140) Average like for this file is -46.6864 over 394 frames.
LOG (gmm-acc-stats-twofeats[5.5.1009~1-e4940]:main():gmm-acc-stats-twofeats.cc:140) Average like for this file is -32.0092 over 95 frames.
LOG (transform-feats[5.5.1009~1-e4940]:main():transform-feats.cc:158) Overall average [pseudo-]logdet is -98.9864 over 79203 frames.
LOG (transform-feats[5.5.1009~1-e4940]:main():transform-feats.cc:161) Applied transform to 459 utterances; 0 had errors.
LOG (transform-feats[5.5.1009~1-e4940]:main():transform-feats.cc:158) Overall average logdet is 0.280576 over 79203 frames.
LOG (transform-feats[5.5.1009~1-e4940]:main():transform-feats.cc:161) Applied transform to 459 utterances; 0 had errors.
LOG (gmm-acc-stats-twofeats[5.5.1009~1-e4940]:main():gmm-acc-stats-twofeats.cc:140) Average like for this file is -43.5175 over 218 frames.
LOG (gmm-acc-stats-twofeats[5.5.1009~1-e4940]:main():gmm-acc-stats-twofeats.cc:140) Average like for this file is -46.849 over 262 frames.
LOG (gmm-acc-stats-twofeats[5.5.1009~1-e4940]:main():gmm-acc-stats-twofeats.cc:150) Done 458 files, 1 with no posteriors, 0 with no second features, 0 with other errors.
LOG (gmm-acc-stats-twofeats[5.5.1009~1-e4940]:main():gmm-acc-stats-twofeats.cc:155) Overall avg like per frame (Gaussian only) = -45.2197 over 79091 frames.
LOG (gmm-acc-stats-twofeats[5.5.1009~1-e4940]:main():gmm-acc-stats-twofeats.cc:163) Written accs.
# Accounting: time=2 threads=1
# Ended (code 0) at Tue Jun 14 11:04:45 UTC 2022, elapsed time 2 seconds
