# gmm-align-compiled --transition-scale=1.0 --acoustic-scale=0.1 --self-loop-scale=0.1 --beam=10 --retry-beam=40 --careful=false "gmm-boost-silence --boost=1.0 1 telugu_exp/tri3_cleaned/20.mdl - |" "ark:gunzip -c telugu_exp/tri3_cleaned/fsts.7.gz|" "ark,s,cs:apply-cmvn  --utt2spk=ark:telugu_data/train_cleaned/split100/7/utt2spk scp:telugu_data/train_cleaned/split100/7/cmvn.scp scp:telugu_data/train_cleaned/split100/7/feats.scp ark:- | splice-feats  ark:- ark:- | transform-feats telugu_exp/tri3_ali_cleaned/final.mat ark:- ark:- | transform-feats --utt2spk=ark:telugu_data/train_cleaned/split100/7/utt2spk ark:telugu_exp/tri3_cleaned/trans.7 ark:- ark:- |" "ark:|gzip -c >telugu_exp/tri3_cleaned/ali.7.gz" 
# Started at Tue Jun 14 10:57:47 UTC 2022
#
gmm-align-compiled --transition-scale=1.0 --acoustic-scale=0.1 --self-loop-scale=0.1 --beam=10 --retry-beam=40 --careful=false 'gmm-boost-silence --boost=1.0 1 telugu_exp/tri3_cleaned/20.mdl - |' 'ark:gunzip -c telugu_exp/tri3_cleaned/fsts.7.gz|' 'ark,s,cs:apply-cmvn  --utt2spk=ark:telugu_data/train_cleaned/split100/7/utt2spk scp:telugu_data/train_cleaned/split100/7/cmvn.scp scp:telugu_data/train_cleaned/split100/7/feats.scp ark:- | splice-feats  ark:- ark:- | transform-feats telugu_exp/tri3_ali_cleaned/final.mat ark:- ark:- | transform-feats --utt2spk=ark:telugu_data/train_cleaned/split100/7/utt2spk ark:telugu_exp/tri3_cleaned/trans.7 ark:- ark:- |' 'ark:|gzip -c >telugu_exp/tri3_cleaned/ali.7.gz' 
gmm-boost-silence --boost=1.0 1 telugu_exp/tri3_cleaned/20.mdl - 
WARNING (gmm-boost-silence[5.5.1009~1-e4940]:main():gmm-boost-silence.cc:82) The pdfs for the silence phones may be shared by other phones (note: this probably does not matter.)
LOG (gmm-boost-silence[5.5.1009~1-e4940]:main():gmm-boost-silence.cc:93) Boosted weights for 3 pdfs, by factor of 1
LOG (gmm-boost-silence[5.5.1009~1-e4940]:main():gmm-boost-silence.cc:103) Wrote model to -
transform-feats --utt2spk=ark:telugu_data/train_cleaned/split100/7/utt2spk ark:telugu_exp/tri3_cleaned/trans.7 ark:- ark:- 
splice-feats ark:- ark:- 
transform-feats telugu_exp/tri3_ali_cleaned/final.mat ark:- ark:- 
apply-cmvn --utt2spk=ark:telugu_data/train_cleaned/split100/7/utt2spk scp:telugu_data/train_cleaned/split100/7/cmvn.scp scp:telugu_data/train_cleaned/split100/7/feats.scp ark:- 
LOG (gmm-align-compiled[5.5.1009~1-e4940]:main():gmm-align-compiled.cc:127) 000240201-1
LOG (gmm-align-compiled[5.5.1009~1-e4940]:main():gmm-align-compiled.cc:127) 000240209-1
LOG (gmm-align-compiled[5.5.1009~1-e4940]:main():gmm-align-compiled.cc:127) 000240211-1
LOG (gmm-align-compiled[5.5.1009~1-e4940]:main():gmm-align-compiled.cc:127) 000240223-1
WARNING (gmm-align-compiled[5.5.1009~1-e4940]:AlignUtteranceWrapper():decoder-wrappers.cc:617) Retrying utterance 000240223-1 with beam 40
WARNING (gmm-align-compiled[5.5.1009~1-e4940]:AlignUtteranceWrapper():decoder-wrappers.cc:626) Did not successfully decode file 000240223-1, len = 890
LOG (gmm-align-compiled[5.5.1009~1-e4940]:main():gmm-align-compiled.cc:127) 000240223-2
LOG (gmm-align-compiled[5.5.1009~1-e4940]:main():gmm-align-compiled.cc:127) 000240227-1
LOG (gmm-align-compiled[5.5.1009~1-e4940]:main():gmm-align-compiled.cc:127) 000240235-1
LOG (gmm-align-compiled[5.5.1009~1-e4940]:main():gmm-align-compiled.cc:127) 000240248-1
LOG (gmm-align-compiled[5.5.1009~1-e4940]:main():gmm-align-compiled.cc:127) 000240253-1
LOG (gmm-align-compiled[5.5.1009~1-e4940]:main():gmm-align-compiled.cc:127) 000240271-1
LOG (gmm-align-compiled[5.5.1009~1-e4940]:main():gmm-align-compiled.cc:127) 000240310-1
LOG (gmm-align-compiled[5.5.1009~1-e4940]:main():gmm-align-compiled.cc:127) 000240311-1
LOG (gmm-align-compiled[5.5.1009~1-e4940]:main():gmm-align-compiled.cc:127) 000240315-1
LOG (gmm-align-compiled[5.5.1009~1-e4940]:main():gmm-align-compiled.cc:127) 000240331-1
LOG (gmm-align-compiled[5.5.1009~1-e4940]:main():gmm-align-compiled.cc:127) 000240334-1
LOG (gmm-align-compiled[5.5.1009~1-e4940]:main():gmm-align-compiled.cc:127) 000240349-1
LOG (gmm-align-compiled[5.5.1009~1-e4940]:main():gmm-align-compiled.cc:127) 000240354-1
LOG (gmm-align-compiled[5.5.1009~1-e4940]:main():gmm-align-compiled.cc:127) 000240365-1
LOG (gmm-align-compiled[5.5.1009~1-e4940]:main():gmm-align-compiled.cc:127) 000240367-1
LOG (gmm-align-compiled[5.5.1009~1-e4940]:main():gmm-align-compiled.cc:127) 000240373-1
LOG (gmm-align-compiled[5.5.1009~1-e4940]:main():gmm-align-compiled.cc:127) 000240376-1
LOG (gmm-align-compiled[5.5.1009~1-e4940]:main():gmm-align-compiled.cc:127) 000240383-1
LOG (gmm-align-compiled[5.5.1009~1-e4940]:main():gmm-align-compiled.cc:127) 000240390-1
LOG (gmm-align-compiled[5.5.1009~1-e4940]:main():gmm-align-compiled.cc:127) 000240398-1
LOG (gmm-align-compiled[5.5.1009~1-e4940]:main():gmm-align-compiled.cc:127) 000240403-1
LOG (gmm-align-compiled[5.5.1009~1-e4940]:main():gmm-align-compiled.cc:127) 000240412-1
LOG (gmm-align-compiled[5.5.1009~1-e4940]:main():gmm-align-compiled.cc:127) 000240413-1
LOG (gmm-align-compiled[5.5.1009~1-e4940]:main():gmm-align-compiled.cc:127) 000240416-1
LOG (gmm-align-compiled[5.5.1009~1-e4940]:main():gmm-align-compiled.cc:127) 000240422-1
LOG (gmm-align-compiled[5.5.1009~1-e4940]:main():gmm-align-compiled.cc:127) 000240445-1
LOG (gmm-align-compiled[5.5.1009~1-e4940]:main():gmm-align-compiled.cc:127) 000240450-1
LOG (gmm-align-compiled[5.5.1009~1-e4940]:main():gmm-align-compiled.cc:127) 000240465-1
LOG (gmm-align-compiled[5.5.1009~1-e4940]:main():gmm-align-compiled.cc:127) 000240467-1
LOG (gmm-align-compiled[5.5.1009~1-e4940]:main():gmm-align-compiled.cc:127) 000240471-1
LOG (gmm-align-compiled[5.5.1009~1-e4940]:main():gmm-align-compiled.cc:127) 000240476-1
LOG (gmm-align-compiled[5.5.1009~1-e4940]:main():gmm-align-compiled.cc:127) 000240484-1
LOG (gmm-align-compiled[5.5.1009~1-e4940]:main():gmm-align-compiled.cc:127) 000240485-1
LOG (gmm-align-compiled[5.5.1009~1-e4940]:main():gmm-align-compiled.cc:127) 000240487-1
LOG (gmm-align-compiled[5.5.1009~1-e4940]:main():gmm-align-compiled.cc:127) 000240491-1
LOG (gmm-align-compiled[5.5.1009~1-e4940]:main():gmm-align-compiled.cc:127) 000250006-1
LOG (gmm-align-compiled[5.5.1009~1-e4940]:main():gmm-align-compiled.cc:127) 000250007-1
LOG (gmm-align-compiled[5.5.1009~1-e4940]:main():gmm-align-compiled.cc:127) 000250015-1
LOG (gmm-align-compiled[5.5.1009~1-e4940]:main():gmm-align-compiled.cc:127) 000250023-1
LOG (gmm-align-compiled[5.5.1009~1-e4940]:main():gmm-align-compiled.cc:127) 000250034-1
LOG (gmm-align-compiled[5.5.1009~1-e4940]:main():gmm-align-compiled.cc:127) 000250040-1
LOG (gmm-align-compiled[5.5.1009~1-e4940]:main():gmm-align-compiled.cc:127) 000250052-1
LOG (gmm-align-compiled[5.5.1009~1-e4940]:main():gmm-align-compiled.cc:127) 000250061-1
LOG (gmm-align-compiled[5.5.1009~1-e4940]:main():gmm-align-compiled.cc:127) 000250065-1
LOG (gmm-align-compiled[5.5.1009~1-e4940]:main():gmm-align-compiled.cc:127) 000250096-1
LOG (gmm-align-compiled[5.5.1009~1-e4940]:main():gmm-align-compiled.cc:127) 000250103-1
LOG (gmm-align-compiled[5.5.1009~1-e4940]:main():gmm-align-compiled.cc:127) 000250113-1
LOG (gmm-align-compiled[5.5.1009~1-e4940]:main():gmm-align-compiled.cc:127) 000250114-1
LOG (gmm-align-compiled[5.5.1009~1-e4940]:main():gmm-align-compiled.cc:127) 000250122-1
LOG (gmm-align-compiled[5.5.1009~1-e4940]:main():gmm-align-compiled.cc:127) 000250126-1
LOG (gmm-align-compiled[5.5.1009~1-e4940]:main():gmm-align-compiled.cc:127) 000250134-1
LOG (gmm-align-compiled[5.5.1009~1-e4940]:main():gmm-align-compiled.cc:127) 000250138-1
LOG (gmm-align-compiled[5.5.1009~1-e4940]:main():gmm-align-compiled.cc:127) 000250150-1
LOG (gmm-align-compiled[5.5.1009~1-e4940]:main():gmm-align-compiled.cc:127) 000250159-1
LOG (gmm-align-compiled[5.5.1009~1-e4940]:main():gmm-align-compiled.cc:127) 000250167-1
LOG (gmm-align-compiled[5.5.1009~1-e4940]:main():gmm-align-compiled.cc:127) 000250174-1
LOG (gmm-align-compiled[5.5.1009~1-e4940]:main():gmm-align-compiled.cc:127) 000250178-1
LOG (gmm-align-compiled[5.5.1009~1-e4940]:main():gmm-align-compiled.cc:127) 000250194-1
LOG (gmm-align-compiled[5.5.1009~1-e4940]:main():gmm-align-compiled.cc:127) 000250195-1
LOG (gmm-align-compiled[5.5.1009~1-e4940]:main():gmm-align-compiled.cc:127) 000250205-1
LOG (gmm-align-compiled[5.5.1009~1-e4940]:main():gmm-align-compiled.cc:127) 000250210-1
LOG (gmm-align-compiled[5.5.1009~1-e4940]:main():gmm-align-compiled.cc:127) 000250216-1
LOG (gmm-align-compiled[5.5.1009~1-e4940]:main():gmm-align-compiled.cc:127) 000250228-1
LOG (gmm-align-compiled[5.5.1009~1-e4940]:main():gmm-align-compiled.cc:127) 000250230-1
LOG (gmm-align-compiled[5.5.1009~1-e4940]:main():gmm-align-compiled.cc:127) 000250234-1
LOG (gmm-align-compiled[5.5.1009~1-e4940]:main():gmm-align-compiled.cc:127) 000250235-1
LOG (gmm-align-compiled[5.5.1009~1-e4940]:main():gmm-align-compiled.cc:127) 000250250-1
LOG (gmm-align-compiled[5.5.1009~1-e4940]:main():gmm-align-compiled.cc:127) 000250252-1
LOG (gmm-align-compiled[5.5.1009~1-e4940]:main():gmm-align-compiled.cc:127) 000250253-1
LOG (gmm-align-compiled[5.5.1009~1-e4940]:main():gmm-align-compiled.cc:127) 000250257-1
LOG (gmm-align-compiled[5.5.1009~1-e4940]:main():gmm-align-compiled.cc:127) 000250259-1
LOG (gmm-align-compiled[5.5.1009~1-e4940]:main():gmm-align-compiled.cc:127) 000250265-1
LOG (gmm-align-compiled[5.5.1009~1-e4940]:main():gmm-align-compiled.cc:127) 000250271-1
LOG (gmm-align-compiled[5.5.1009~1-e4940]:main():gmm-align-compiled.cc:127) 000250274-1
LOG (gmm-align-compiled[5.5.1009~1-e4940]:main():gmm-align-compiled.cc:127) 000250276-1
LOG (gmm-align-compiled[5.5.1009~1-e4940]:main():gmm-align-compiled.cc:127) 000250278-1
LOG (gmm-align-compiled[5.5.1009~1-e4940]:main():gmm-align-compiled.cc:127) 000250280-1
LOG (gmm-align-compiled[5.5.1009~1-e4940]:main():gmm-align-compiled.cc:127) 000250281-1
LOG (gmm-align-compiled[5.5.1009~1-e4940]:main():gmm-align-compiled.cc:127) 000250286-1
LOG (gmm-align-compiled[5.5.1009~1-e4940]:main():gmm-align-compiled.cc:127) 000250287-1
LOG (gmm-align-compiled[5.5.1009~1-e4940]:main():gmm-align-compiled.cc:127) 000250290-1
LOG (gmm-align-compiled[5.5.1009~1-e4940]:main():gmm-align-compiled.cc:127) 000250292-1
LOG (gmm-align-compiled[5.5.1009~1-e4940]:main():gmm-align-compiled.cc:127) 000250293-1
LOG (gmm-align-compiled[5.5.1009~1-e4940]:main():gmm-align-compiled.cc:127) 000250296-1
LOG (gmm-align-compiled[5.5.1009~1-e4940]:main():gmm-align-compiled.cc:127) 000250300-1
LOG (gmm-align-compiled[5.5.1009~1-e4940]:main():gmm-align-compiled.cc:127) 000250302-1
LOG (gmm-align-compiled[5.5.1009~1-e4940]:main():gmm-align-compiled.cc:127) 000250315-1
LOG (gmm-align-compiled[5.5.1009~1-e4940]:main():gmm-align-compiled.cc:127) 000250318-1
LOG (gmm-align-compiled[5.5.1009~1-e4940]:main():gmm-align-compiled.cc:127) 000250331-1
LOG (gmm-align-compiled[5.5.1009~1-e4940]:main():gmm-align-compiled.cc:127) 000250332-1
LOG (gmm-align-compiled[5.5.1009~1-e4940]:main():gmm-align-compiled.cc:127) 000250337-1
LOG (gmm-align-compiled[5.5.1009~1-e4940]:main():gmm-align-compiled.cc:127) 000250344-1
LOG (gmm-align-compiled[5.5.1009~1-e4940]:main():gmm-align-compiled.cc:127) 000250348-1
LOG (gmm-align-compiled[5.5.1009~1-e4940]:main():gmm-align-compiled.cc:127) 000250350-1
LOG (gmm-align-compiled[5.5.1009~1-e4940]:main():gmm-align-compiled.cc:127) 000250357-1
LOG (gmm-align-compiled[5.5.1009~1-e4940]:main():gmm-align-compiled.cc:127) 000250367-1
LOG (gmm-align-compiled[5.5.1009~1-e4940]:main():gmm-align-compiled.cc:127) 000250381-1
LOG (gmm-align-compiled[5.5.1009~1-e4940]:main():gmm-align-compiled.cc:127) 000250400-1
LOG (gmm-align-compiled[5.5.1009~1-e4940]:main():gmm-align-compiled.cc:127) 000250410-1
LOG (gmm-align-compiled[5.5.1009~1-e4940]:main():gmm-align-compiled.cc:127) 000250411-1
LOG (gmm-align-compiled[5.5.1009~1-e4940]:main():gmm-align-compiled.cc:127) 000250415-1
LOG (gmm-align-compiled[5.5.1009~1-e4940]:main():gmm-align-compiled.cc:127) 000250420-1
LOG (gmm-align-compiled[5.5.1009~1-e4940]:main():gmm-align-compiled.cc:127) 000250424-1
LOG (gmm-align-compiled[5.5.1009~1-e4940]:main():gmm-align-compiled.cc:127) 000250433-1
LOG (gmm-align-compiled[5.5.1009~1-e4940]:main():gmm-align-compiled.cc:127) 000250445-1
LOG (gmm-align-compiled[5.5.1009~1-e4940]:main():gmm-align-compiled.cc:127) 000250447-1
LOG (gmm-align-compiled[5.5.1009~1-e4940]:main():gmm-align-compiled.cc:127) 000250451-1
LOG (gmm-align-compiled[5.5.1009~1-e4940]:main():gmm-align-compiled.cc:127) 000250452-1
LOG (gmm-align-compiled[5.5.1009~1-e4940]:main():gmm-align-compiled.cc:127) 000250477-1
LOG (gmm-align-compiled[5.5.1009~1-e4940]:main():gmm-align-compiled.cc:127) 000250482-1
LOG (gmm-align-compiled[5.5.1009~1-e4940]:main():gmm-align-compiled.cc:127) 000250497-1
LOG (gmm-align-compiled[5.5.1009~1-e4940]:main():gmm-align-compiled.cc:127) 000280002-1
LOG (gmm-align-compiled[5.5.1009~1-e4940]:main():gmm-align-compiled.cc:127) 000280003-1
LOG (gmm-align-compiled[5.5.1009~1-e4940]:main():gmm-align-compiled.cc:127) 000280004-1
LOG (gmm-align-compiled[5.5.1009~1-e4940]:main():gmm-align-compiled.cc:127) 000280006-1
LOG (gmm-align-compiled[5.5.1009~1-e4940]:main():gmm-align-compiled.cc:127) 000280006-2
LOG (gmm-align-compiled[5.5.1009~1-e4940]:main():gmm-align-compiled.cc:127) 000280007-1
WARNING (gmm-align-compiled[5.5.1009~1-e4940]:AlignUtteranceWrapper():decoder-wrappers.cc:617) Retrying utterance 000280007-1 with beam 40
WARNING (gmm-align-compiled[5.5.1009~1-e4940]:AlignUtteranceWrapper():decoder-wrappers.cc:626) Did not successfully decode file 000280007-1, len = 346
LOG (gmm-align-compiled[5.5.1009~1-e4940]:main():gmm-align-compiled.cc:127) 000280007-2
LOG (gmm-align-compiled[5.5.1009~1-e4940]:main():gmm-align-compiled.cc:127) 000280009-1
LOG (gmm-align-compiled[5.5.1009~1-e4940]:main():gmm-align-compiled.cc:127) 000280012-1
LOG (gmm-align-compiled[5.5.1009~1-e4940]:main():gmm-align-compiled.cc:127) 000280017-1
LOG (gmm-align-compiled[5.5.1009~1-e4940]:main():gmm-align-compiled.cc:127) 000280018-1
LOG (gmm-align-compiled[5.5.1009~1-e4940]:main():gmm-align-compiled.cc:127) 000280019-1
LOG (gmm-align-compiled[5.5.1009~1-e4940]:main():gmm-align-compiled.cc:127) 000280020-1
LOG (gmm-align-compiled[5.5.1009~1-e4940]:main():gmm-align-compiled.cc:127) 000280021-1
LOG (gmm-align-compiled[5.5.1009~1-e4940]:main():gmm-align-compiled.cc:127) 000280022-1
LOG (gmm-align-compiled[5.5.1009~1-e4940]:main():gmm-align-compiled.cc:127) 000280023-1
LOG (gmm-align-compiled[5.5.1009~1-e4940]:main():gmm-align-compiled.cc:127) 000280024-1
LOG (gmm-align-compiled[5.5.1009~1-e4940]:main():gmm-align-compiled.cc:127) 000280025-1
LOG (gmm-align-compiled[5.5.1009~1-e4940]:main():gmm-align-compiled.cc:127) 000280026-1
LOG (gmm-align-compiled[5.5.1009~1-e4940]:main():gmm-align-compiled.cc:127) 000280027-1
LOG (gmm-align-compiled[5.5.1009~1-e4940]:main():gmm-align-compiled.cc:127) 000280031-1
LOG (gmm-align-compiled[5.5.1009~1-e4940]:main():gmm-align-compiled.cc:127) 000280032-1
LOG (gmm-align-compiled[5.5.1009~1-e4940]:main():gmm-align-compiled.cc:127) 000280033-1
LOG (gmm-align-compiled[5.5.1009~1-e4940]:main():gmm-align-compiled.cc:127) 000280035-1
LOG (gmm-align-compiled[5.5.1009~1-e4940]:main():gmm-align-compiled.cc:127) 000280036-1
LOG (gmm-align-compiled[5.5.1009~1-e4940]:main():gmm-align-compiled.cc:127) 000280037-1
LOG (gmm-align-compiled[5.5.1009~1-e4940]:main():gmm-align-compiled.cc:127) 000280038-1
LOG (gmm-align-compiled[5.5.1009~1-e4940]:main():gmm-align-compiled.cc:127) 000280039-1
LOG (gmm-align-compiled[5.5.1009~1-e4940]:main():gmm-align-compiled.cc:127) 000280042-1
LOG (gmm-align-compiled[5.5.1009~1-e4940]:main():gmm-align-compiled.cc:127) 000280043-1
LOG (gmm-align-compiled[5.5.1009~1-e4940]:main():gmm-align-compiled.cc:127) 000280044-1
LOG (gmm-align-compiled[5.5.1009~1-e4940]:main():gmm-align-compiled.cc:127) 000280051-1
LOG (gmm-align-compiled[5.5.1009~1-e4940]:main():gmm-align-compiled.cc:127) 000280053-1
LOG (gmm-align-compiled[5.5.1009~1-e4940]:main():gmm-align-compiled.cc:127) 000280054-1
LOG (gmm-align-compiled[5.5.1009~1-e4940]:main():gmm-align-compiled.cc:127) 000280055-1
LOG (gmm-align-compiled[5.5.1009~1-e4940]:main():gmm-align-compiled.cc:127) 000280056-1
LOG (gmm-align-compiled[5.5.1009~1-e4940]:main():gmm-align-compiled.cc:127) 000280057-1
LOG (gmm-align-compiled[5.5.1009~1-e4940]:main():gmm-align-compiled.cc:127) 000280058-1
LOG (gmm-align-compiled[5.5.1009~1-e4940]:main():gmm-align-compiled.cc:127) 000280060-1
LOG (gmm-align-compiled[5.5.1009~1-e4940]:main():gmm-align-compiled.cc:127) 000280062-1
LOG (gmm-align-compiled[5.5.1009~1-e4940]:main():gmm-align-compiled.cc:127) 000280064-1
LOG (gmm-align-compiled[5.5.1009~1-e4940]:main():gmm-align-compiled.cc:127) 000280065-1
LOG (gmm-align-compiled[5.5.1009~1-e4940]:main():gmm-align-compiled.cc:127) 000280066-1
LOG (gmm-align-compiled[5.5.1009~1-e4940]:main():gmm-align-compiled.cc:127) 000280068-1
LOG (gmm-align-compiled[5.5.1009~1-e4940]:main():gmm-align-compiled.cc:127) 000280071-1
LOG (gmm-align-compiled[5.5.1009~1-e4940]:main():gmm-align-compiled.cc:127) 000280073-1
LOG (gmm-align-compiled[5.5.1009~1-e4940]:main():gmm-align-compiled.cc:127) 000280074-1
LOG (gmm-align-compiled[5.5.1009~1-e4940]:main():gmm-align-compiled.cc:127) 000280075-1
LOG (gmm-align-compiled[5.5.1009~1-e4940]:main():gmm-align-compiled.cc:127) 000280077-1
LOG (gmm-align-compiled[5.5.1009~1-e4940]:main():gmm-align-compiled.cc:127) 000280078-1
LOG (gmm-align-compiled[5.5.1009~1-e4940]:main():gmm-align-compiled.cc:127) 000280079-1
LOG (gmm-align-compiled[5.5.1009~1-e4940]:main():gmm-align-compiled.cc:127) 000280080-1
LOG (gmm-align-compiled[5.5.1009~1-e4940]:main():gmm-align-compiled.cc:127) 000280083-1
LOG (gmm-align-compiled[5.5.1009~1-e4940]:main():gmm-align-compiled.cc:127) 000280085-1
LOG (gmm-align-compiled[5.5.1009~1-e4940]:main():gmm-align-compiled.cc:127) 000280086-1
LOG (gmm-align-compiled[5.5.1009~1-e4940]:main():gmm-align-compiled.cc:127) 000280087-1
LOG (gmm-align-compiled[5.5.1009~1-e4940]:main():gmm-align-compiled.cc:127) 000280091-1
LOG (gmm-align-compiled[5.5.1009~1-e4940]:main():gmm-align-compiled.cc:127) 000280092-1
LOG (gmm-align-compiled[5.5.1009~1-e4940]:main():gmm-align-compiled.cc:127) 000280093-1
LOG (gmm-align-compiled[5.5.1009~1-e4940]:main():gmm-align-compiled.cc:127) 000280096-1
LOG (gmm-align-compiled[5.5.1009~1-e4940]:main():gmm-align-compiled.cc:127) 000280098-1
LOG (gmm-align-compiled[5.5.1009~1-e4940]:main():gmm-align-compiled.cc:127) 000280099-1
LOG (gmm-align-compiled[5.5.1009~1-e4940]:main():gmm-align-compiled.cc:127) 000280100-1
LOG (gmm-align-compiled[5.5.1009~1-e4940]:main():gmm-align-compiled.cc:127) 000280101-1
LOG (gmm-align-compiled[5.5.1009~1-e4940]:main():gmm-align-compiled.cc:127) 000280102-1
LOG (gmm-align-compiled[5.5.1009~1-e4940]:main():gmm-align-compiled.cc:127) 000280105-1
LOG (gmm-align-compiled[5.5.1009~1-e4940]:main():gmm-align-compiled.cc:127) 000280110-1
LOG (gmm-align-compiled[5.5.1009~1-e4940]:main():gmm-align-compiled.cc:127) 000280113-1
WARNING (gmm-align-compiled[5.5.1009~1-e4940]:AlignUtteranceWrapper():decoder-wrappers.cc:617) Retrying utterance 000280113-1 with beam 40
WARNING (gmm-align-compiled[5.5.1009~1-e4940]:AlignUtteranceWrapper():decoder-wrappers.cc:626) Did not successfully decode file 000280113-1, len = 152
LOG (gmm-align-compiled[5.5.1009~1-e4940]:main():gmm-align-compiled.cc:127) 000280113-2
LOG (gmm-align-compiled[5.5.1009~1-e4940]:main():gmm-align-compiled.cc:127) 000280114-1
LOG (gmm-align-compiled[5.5.1009~1-e4940]:main():gmm-align-compiled.cc:127) 000280116-1
LOG (gmm-align-compiled[5.5.1009~1-e4940]:main():gmm-align-compiled.cc:127) 000280117-1
LOG (gmm-align-compiled[5.5.1009~1-e4940]:main():gmm-align-compiled.cc:127) 000280121-1
LOG (gmm-align-compiled[5.5.1009~1-e4940]:main():gmm-align-compiled.cc:127) 000280125-1
LOG (gmm-align-compiled[5.5.1009~1-e4940]:main():gmm-align-compiled.cc:127) 000280133-1
LOG (gmm-align-compiled[5.5.1009~1-e4940]:main():gmm-align-compiled.cc:127) 000280136-1
LOG (gmm-align-compiled[5.5.1009~1-e4940]:main():gmm-align-compiled.cc:127) 000280137-1
LOG (gmm-align-compiled[5.5.1009~1-e4940]:main():gmm-align-compiled.cc:127) 000280140-1
LOG (gmm-align-compiled[5.5.1009~1-e4940]:main():gmm-align-compiled.cc:127) 000280141-1
LOG (gmm-align-compiled[5.5.1009~1-e4940]:main():gmm-align-compiled.cc:127) 000280145-1
LOG (gmm-align-compiled[5.5.1009~1-e4940]:main():gmm-align-compiled.cc:127) 000280147-1
LOG (gmm-align-compiled[5.5.1009~1-e4940]:main():gmm-align-compiled.cc:127) 000280148-1
LOG (gmm-align-compiled[5.5.1009~1-e4940]:main():gmm-align-compiled.cc:127) 000280149-1
LOG (gmm-align-compiled[5.5.1009~1-e4940]:main():gmm-align-compiled.cc:127) 000280151-1
LOG (gmm-align-compiled[5.5.1009~1-e4940]:main():gmm-align-compiled.cc:127) 000280152-1
LOG (gmm-align-compiled[5.5.1009~1-e4940]:main():gmm-align-compiled.cc:127) 000280155-1
LOG (gmm-align-compiled[5.5.1009~1-e4940]:main():gmm-align-compiled.cc:127) 000280156-1
LOG (gmm-align-compiled[5.5.1009~1-e4940]:main():gmm-align-compiled.cc:127) 000280159-1
LOG (gmm-align-compiled[5.5.1009~1-e4940]:main():gmm-align-compiled.cc:127) 000280162-1
LOG (gmm-align-compiled[5.5.1009~1-e4940]:main():gmm-align-compiled.cc:127) 000280164-1
LOG (gmm-align-compiled[5.5.1009~1-e4940]:main():gmm-align-compiled.cc:127) 000280165-1
LOG (gmm-align-compiled[5.5.1009~1-e4940]:main():gmm-align-compiled.cc:127) 000280167-1
LOG (gmm-align-compiled[5.5.1009~1-e4940]:main():gmm-align-compiled.cc:127) 000280169-1
LOG (gmm-align-compiled[5.5.1009~1-e4940]:main():gmm-align-compiled.cc:127) 000280170-1
LOG (gmm-align-compiled[5.5.1009~1-e4940]:main():gmm-align-compiled.cc:127) 000280172-1
LOG (gmm-align-compiled[5.5.1009~1-e4940]:main():gmm-align-compiled.cc:127) 000280173-1
LOG (gmm-align-compiled[5.5.1009~1-e4940]:main():gmm-align-compiled.cc:127) 000280174-1
LOG (gmm-align-compiled[5.5.1009~1-e4940]:main():gmm-align-compiled.cc:127) 000280177-1
LOG (gmm-align-compiled[5.5.1009~1-e4940]:main():gmm-align-compiled.cc:127) 000280178-1
LOG (gmm-align-compiled[5.5.1009~1-e4940]:main():gmm-align-compiled.cc:127) 000280184-1
LOG (gmm-align-compiled[5.5.1009~1-e4940]:main():gmm-align-compiled.cc:127) 000280189-1
LOG (gmm-align-compiled[5.5.1009~1-e4940]:main():gmm-align-compiled.cc:127) 000280196-1
WARNING (gmm-align-compiled[5.5.1009~1-e4940]:AlignUtteranceWrapper():decoder-wrappers.cc:617) Retrying utterance 000280196-1 with beam 40
WARNING (gmm-align-compiled[5.5.1009~1-e4940]:AlignUtteranceWrapper():decoder-wrappers.cc:626) Did not successfully decode file 000280196-1, len = 386
LOG (gmm-align-compiled[5.5.1009~1-e4940]:main():gmm-align-compiled.cc:127) 000280197-1
LOG (gmm-align-compiled[5.5.1009~1-e4940]:main():gmm-align-compiled.cc:127) 000280198-1
LOG (gmm-align-compiled[5.5.1009~1-e4940]:main():gmm-align-compiled.cc:127) 000280199-1
LOG (gmm-align-compiled[5.5.1009~1-e4940]:main():gmm-align-compiled.cc:127) 000280200-1
LOG (gmm-align-compiled[5.5.1009~1-e4940]:main():gmm-align-compiled.cc:127) 000280201-1
LOG (gmm-align-compiled[5.5.1009~1-e4940]:main():gmm-align-compiled.cc:127) 000280206-1
LOG (gmm-align-compiled[5.5.1009~1-e4940]:main():gmm-align-compiled.cc:127) 000280216-1
LOG (gmm-align-compiled[5.5.1009~1-e4940]:main():gmm-align-compiled.cc:127) 000280221-1
LOG (gmm-align-compiled[5.5.1009~1-e4940]:main():gmm-align-compiled.cc:127) 000280226-1
LOG (gmm-align-compiled[5.5.1009~1-e4940]:main():gmm-align-compiled.cc:127) 000280233-1
LOG (gmm-align-compiled[5.5.1009~1-e4940]:main():gmm-align-compiled.cc:127) 000280236-1
LOG (gmm-align-compiled[5.5.1009~1-e4940]:main():gmm-align-compiled.cc:127) 000280241-1
LOG (gmm-align-compiled[5.5.1009~1-e4940]:main():gmm-align-compiled.cc:127) 000280244-1
LOG (gmm-align-compiled[5.5.1009~1-e4940]:main():gmm-align-compiled.cc:127) 000280245-1
LOG (gmm-align-compiled[5.5.1009~1-e4940]:main():gmm-align-compiled.cc:127) 000280249-1
LOG (gmm-align-compiled[5.5.1009~1-e4940]:main():gmm-align-compiled.cc:127) 000280254-1
LOG (gmm-align-compiled[5.5.1009~1-e4940]:main():gmm-align-compiled.cc:127) 000280262-1
LOG (gmm-align-compiled[5.5.1009~1-e4940]:main():gmm-align-compiled.cc:127) 000280273-1
LOG (gmm-align-compiled[5.5.1009~1-e4940]:main():gmm-align-compiled.cc:127) 000280278-1
LOG (gmm-align-compiled[5.5.1009~1-e4940]:main():gmm-align-compiled.cc:127) 000280283-1
LOG (gmm-align-compiled[5.5.1009~1-e4940]:main():gmm-align-compiled.cc:127) 000280286-1
LOG (gmm-align-compiled[5.5.1009~1-e4940]:main():gmm-align-compiled.cc:127) 000280290-1
LOG (gmm-align-compiled[5.5.1009~1-e4940]:main():gmm-align-compiled.cc:127) 000280297-1
LOG (gmm-align-compiled[5.5.1009~1-e4940]:main():gmm-align-compiled.cc:127) 000280303-1
LOG (gmm-align-compiled[5.5.1009~1-e4940]:main():gmm-align-compiled.cc:127) 000280318-1
LOG (gmm-align-compiled[5.5.1009~1-e4940]:main():gmm-align-compiled.cc:127) 000280322-1
LOG (gmm-align-compiled[5.5.1009~1-e4940]:main():gmm-align-compiled.cc:127) 000280346-1
LOG (gmm-align-compiled[5.5.1009~1-e4940]:main():gmm-align-compiled.cc:127) 000280351-1
LOG (gmm-align-compiled[5.5.1009~1-e4940]:main():gmm-align-compiled.cc:127) 000280361-1
LOG (gmm-align-compiled[5.5.1009~1-e4940]:main():gmm-align-compiled.cc:127) 000280369-1
LOG (gmm-align-compiled[5.5.1009~1-e4940]:main():gmm-align-compiled.cc:127) 000280370-1
LOG (gmm-align-compiled[5.5.1009~1-e4940]:main():gmm-align-compiled.cc:127) 000280403-1
LOG (gmm-align-compiled[5.5.1009~1-e4940]:main():gmm-align-compiled.cc:127) 000280450-1
LOG (gmm-align-compiled[5.5.1009~1-e4940]:main():gmm-align-compiled.cc:127) 000280461-1
LOG (gmm-align-compiled[5.5.1009~1-e4940]:main():gmm-align-compiled.cc:127) 000280462-1
LOG (gmm-align-compiled[5.5.1009~1-e4940]:main():gmm-align-compiled.cc:127) 000280463-1
LOG (gmm-align-compiled[5.5.1009~1-e4940]:main():gmm-align-compiled.cc:127) 000280478-1
LOG (gmm-align-compiled[5.5.1009~1-e4940]:main():gmm-align-compiled.cc:127) 000280482-1
LOG (gmm-align-compiled[5.5.1009~1-e4940]:main():gmm-align-compiled.cc:127) 000280487-1
LOG (gmm-align-compiled[5.5.1009~1-e4940]:main():gmm-align-compiled.cc:127) 000280493-1
LOG (gmm-align-compiled[5.5.1009~1-e4940]:main():gmm-align-compiled.cc:127) 000280495-1
LOG (gmm-align-compiled[5.5.1009~1-e4940]:main():gmm-align-compiled.cc:127) 000280496-1
LOG (gmm-align-compiled[5.5.1009~1-e4940]:main():gmm-align-compiled.cc:127) 000280499-1
LOG (gmm-align-compiled[5.5.1009~1-e4940]:main():gmm-align-compiled.cc:127) 000280500-1
LOG (gmm-align-compiled[5.5.1009~1-e4940]:main():gmm-align-compiled.cc:127) 000300005-1
LOG (gmm-align-compiled[5.5.1009~1-e4940]:main():gmm-align-compiled.cc:127) 000300010-1
LOG (gmm-align-compiled[5.5.1009~1-e4940]:main():gmm-align-compiled.cc:127) 000300012-1
LOG (gmm-align-compiled[5.5.1009~1-e4940]:main():gmm-align-compiled.cc:127) 000300016-1
LOG (gmm-align-compiled[5.5.1009~1-e4940]:main():gmm-align-compiled.cc:127) 000300018-1
LOG (gmm-align-compiled[5.5.1009~1-e4940]:main():gmm-align-compiled.cc:127) 000300021-1
LOG (gmm-align-compiled[5.5.1009~1-e4940]:main():gmm-align-compiled.cc:127) 000300023-1
LOG (gmm-align-compiled[5.5.1009~1-e4940]:main():gmm-align-compiled.cc:127) 000300027-1
LOG (gmm-align-compiled[5.5.1009~1-e4940]:main():gmm-align-compiled.cc:127) 000300029-1
LOG (gmm-align-compiled[5.5.1009~1-e4940]:main():gmm-align-compiled.cc:127) 000300030-1
LOG (gmm-align-compiled[5.5.1009~1-e4940]:main():gmm-align-compiled.cc:127) 000300032-1
LOG (gmm-align-compiled[5.5.1009~1-e4940]:main():gmm-align-compiled.cc:127) 000300038-1
LOG (gmm-align-compiled[5.5.1009~1-e4940]:main():gmm-align-compiled.cc:127) 000300043-1
LOG (gmm-align-compiled[5.5.1009~1-e4940]:main():gmm-align-compiled.cc:127) 000300047-1
LOG (gmm-align-compiled[5.5.1009~1-e4940]:main():gmm-align-compiled.cc:127) 000300053-1
LOG (gmm-align-compiled[5.5.1009~1-e4940]:main():gmm-align-compiled.cc:127) 000300057-1
LOG (gmm-align-compiled[5.5.1009~1-e4940]:main():gmm-align-compiled.cc:127) 000300064-1
LOG (gmm-align-compiled[5.5.1009~1-e4940]:main():gmm-align-compiled.cc:127) 000300070-1
LOG (gmm-align-compiled[5.5.1009~1-e4940]:main():gmm-align-compiled.cc:127) 000300076-1
LOG (gmm-align-compiled[5.5.1009~1-e4940]:main():gmm-align-compiled.cc:127) 000300078-1
LOG (gmm-align-compiled[5.5.1009~1-e4940]:main():gmm-align-compiled.cc:127) 000300083-1
LOG (gmm-align-compiled[5.5.1009~1-e4940]:main():gmm-align-compiled.cc:127) 000300084-1
LOG (gmm-align-compiled[5.5.1009~1-e4940]:main():gmm-align-compiled.cc:127) 000300085-1
LOG (gmm-align-compiled[5.5.1009~1-e4940]:main():gmm-align-compiled.cc:127) 000300087-1
LOG (gmm-align-compiled[5.5.1009~1-e4940]:main():gmm-align-compiled.cc:127) 000300091-1
LOG (gmm-align-compiled[5.5.1009~1-e4940]:main():gmm-align-compiled.cc:127) 000300093-1
LOG (gmm-align-compiled[5.5.1009~1-e4940]:main():gmm-align-compiled.cc:127) 000300099-1
LOG (gmm-align-compiled[5.5.1009~1-e4940]:main():gmm-align-compiled.cc:127) 000300100-1
LOG (gmm-align-compiled[5.5.1009~1-e4940]:main():gmm-align-compiled.cc:127) 000300102-1
LOG (gmm-align-compiled[5.5.1009~1-e4940]:main():gmm-align-compiled.cc:127) 000300107-1
LOG (gmm-align-compiled[5.5.1009~1-e4940]:main():gmm-align-compiled.cc:127) 000300111-1
LOG (gmm-align-compiled[5.5.1009~1-e4940]:main():gmm-align-compiled.cc:127) 000300112-1
LOG (gmm-align-compiled[5.5.1009~1-e4940]:main():gmm-align-compiled.cc:127) 000300120-1
LOG (gmm-align-compiled[5.5.1009~1-e4940]:main():gmm-align-compiled.cc:127) 000300123-1
LOG (gmm-align-compiled[5.5.1009~1-e4940]:main():gmm-align-compiled.cc:127) 000300124-1
LOG (gmm-align-compiled[5.5.1009~1-e4940]:main():gmm-align-compiled.cc:127) 000300125-1
LOG (gmm-align-compiled[5.5.1009~1-e4940]:main():gmm-align-compiled.cc:127) 000300126-1
LOG (gmm-align-compiled[5.5.1009~1-e4940]:main():gmm-align-compiled.cc:127) 000300128-1
LOG (gmm-align-compiled[5.5.1009~1-e4940]:main():gmm-align-compiled.cc:127) 000300134-1
LOG (gmm-align-compiled[5.5.1009~1-e4940]:main():gmm-align-compiled.cc:127) 000300143-1
LOG (gmm-align-compiled[5.5.1009~1-e4940]:main():gmm-align-compiled.cc:127) 000300145-1
LOG (gmm-align-compiled[5.5.1009~1-e4940]:main():gmm-align-compiled.cc:127) 000300149-1
LOG (gmm-align-compiled[5.5.1009~1-e4940]:main():gmm-align-compiled.cc:127) 000300150-1
LOG (gmm-align-compiled[5.5.1009~1-e4940]:main():gmm-align-compiled.cc:127) 000300152-1
LOG (gmm-align-compiled[5.5.1009~1-e4940]:main():gmm-align-compiled.cc:127) 000300154-1
LOG (gmm-align-compiled[5.5.1009~1-e4940]:main():gmm-align-compiled.cc:127) 000300155-1
LOG (gmm-align-compiled[5.5.1009~1-e4940]:main():gmm-align-compiled.cc:127) 000300175-1
LOG (gmm-align-compiled[5.5.1009~1-e4940]:main():gmm-align-compiled.cc:127) 000300177-1
LOG (gmm-align-compiled[5.5.1009~1-e4940]:main():gmm-align-compiled.cc:127) 000300179-1
LOG (gmm-align-compiled[5.5.1009~1-e4940]:main():gmm-align-compiled.cc:127) 000300182-1
LOG (gmm-align-compiled[5.5.1009~1-e4940]:main():gmm-align-compiled.cc:127) 000300184-1
LOG (gmm-align-compiled[5.5.1009~1-e4940]:main():gmm-align-compiled.cc:127) 000300186-1
LOG (gmm-align-compiled[5.5.1009~1-e4940]:main():gmm-align-compiled.cc:127) 000300192-1
LOG (gmm-align-compiled[5.5.1009~1-e4940]:main():gmm-align-compiled.cc:127) 000300196-1
LOG (gmm-align-compiled[5.5.1009~1-e4940]:main():gmm-align-compiled.cc:127) 000300207-1
LOG (gmm-align-compiled[5.5.1009~1-e4940]:main():gmm-align-compiled.cc:127) 000300209-1
LOG (gmm-align-compiled[5.5.1009~1-e4940]:main():gmm-align-compiled.cc:127) 000300222-1
LOG (gmm-align-compiled[5.5.1009~1-e4940]:main():gmm-align-compiled.cc:127) 000300223-1
LOG (gmm-align-compiled[5.5.1009~1-e4940]:main():gmm-align-compiled.cc:127) 000300232-1
LOG (gmm-align-compiled[5.5.1009~1-e4940]:main():gmm-align-compiled.cc:127) 000300239-1
LOG (gmm-align-compiled[5.5.1009~1-e4940]:main():gmm-align-compiled.cc:127) 000300241-1
LOG (gmm-align-compiled[5.5.1009~1-e4940]:main():gmm-align-compiled.cc:127) 000300242-1
LOG (gmm-align-compiled[5.5.1009~1-e4940]:main():gmm-align-compiled.cc:127) 000300247-1
LOG (gmm-align-compiled[5.5.1009~1-e4940]:main():gmm-align-compiled.cc:127) 000300250-1
LOG (gmm-align-compiled[5.5.1009~1-e4940]:main():gmm-align-compiled.cc:127) 000300256-1
LOG (gmm-align-compiled[5.5.1009~1-e4940]:main():gmm-align-compiled.cc:127) 000300257-1
LOG (gmm-align-compiled[5.5.1009~1-e4940]:main():gmm-align-compiled.cc:127) 000300258-1
LOG (gmm-align-compiled[5.5.1009~1-e4940]:main():gmm-align-compiled.cc:127) 000300262-1
LOG (gmm-align-compiled[5.5.1009~1-e4940]:main():gmm-align-compiled.cc:127) 000300272-1
LOG (gmm-align-compiled[5.5.1009~1-e4940]:main():gmm-align-compiled.cc:127) 000300274-1
LOG (gmm-align-compiled[5.5.1009~1-e4940]:main():gmm-align-compiled.cc:127) 000300275-1
LOG (gmm-align-compiled[5.5.1009~1-e4940]:main():gmm-align-compiled.cc:127) 000300277-1
LOG (gmm-align-compiled[5.5.1009~1-e4940]:main():gmm-align-compiled.cc:127) 000300278-1
LOG (gmm-align-compiled[5.5.1009~1-e4940]:main():gmm-align-compiled.cc:127) 000300280-1
LOG (gmm-align-compiled[5.5.1009~1-e4940]:main():gmm-align-compiled.cc:127) 000300281-1
LOG (gmm-align-compiled[5.5.1009~1-e4940]:main():gmm-align-compiled.cc:127) 000300282-1
LOG (gmm-align-compiled[5.5.1009~1-e4940]:main():gmm-align-compiled.cc:127) 000300285-1
LOG (gmm-align-compiled[5.5.1009~1-e4940]:main():gmm-align-compiled.cc:127) 000300287-1
LOG (gmm-align-compiled[5.5.1009~1-e4940]:main():gmm-align-compiled.cc:127) 000300288-1
LOG (gmm-align-compiled[5.5.1009~1-e4940]:main():gmm-align-compiled.cc:127) 000300291-1
LOG (gmm-align-compiled[5.5.1009~1-e4940]:main():gmm-align-compiled.cc:127) 000300293-1
LOG (gmm-align-compiled[5.5.1009~1-e4940]:main():gmm-align-compiled.cc:127) 000300295-1
LOG (gmm-align-compiled[5.5.1009~1-e4940]:main():gmm-align-compiled.cc:127) 000300296-1
LOG (gmm-align-compiled[5.5.1009~1-e4940]:main():gmm-align-compiled.cc:127) 000300297-1
LOG (gmm-align-compiled[5.5.1009~1-e4940]:main():gmm-align-compiled.cc:127) 000300299-1
LOG (gmm-align-compiled[5.5.1009~1-e4940]:main():gmm-align-compiled.cc:127) 000300306-1
LOG (gmm-align-compiled[5.5.1009~1-e4940]:main():gmm-align-compiled.cc:127) 000300307-1
LOG (gmm-align-compiled[5.5.1009~1-e4940]:main():gmm-align-compiled.cc:127) 000300313-1
LOG (gmm-align-compiled[5.5.1009~1-e4940]:main():gmm-align-compiled.cc:127) 000300316-1
LOG (gmm-align-compiled[5.5.1009~1-e4940]:main():gmm-align-compiled.cc:127) 000300318-1
LOG (gmm-align-compiled[5.5.1009~1-e4940]:main():gmm-align-compiled.cc:127) 000300319-1
LOG (gmm-align-compiled[5.5.1009~1-e4940]:main():gmm-align-compiled.cc:127) 000300321-1
LOG (gmm-align-compiled[5.5.1009~1-e4940]:main():gmm-align-compiled.cc:127) 000300324-1
LOG (gmm-align-compiled[5.5.1009~1-e4940]:main():gmm-align-compiled.cc:127) 000300326-1
LOG (gmm-align-compiled[5.5.1009~1-e4940]:main():gmm-align-compiled.cc:127) 000300329-1
LOG (gmm-align-compiled[5.5.1009~1-e4940]:main():gmm-align-compiled.cc:127) 000300330-1
LOG (gmm-align-compiled[5.5.1009~1-e4940]:main():gmm-align-compiled.cc:127) 000300332-1
LOG (gmm-align-compiled[5.5.1009~1-e4940]:main():gmm-align-compiled.cc:127) 000300333-1
LOG (gmm-align-compiled[5.5.1009~1-e4940]:main():gmm-align-compiled.cc:127) 000300343-1
LOG (gmm-align-compiled[5.5.1009~1-e4940]:main():gmm-align-compiled.cc:127) 000300344-1
LOG (gmm-align-compiled[5.5.1009~1-e4940]:main():gmm-align-compiled.cc:127) 000300345-1
LOG (gmm-align-compiled[5.5.1009~1-e4940]:main():gmm-align-compiled.cc:127) 000300349-1
LOG (gmm-align-compiled[5.5.1009~1-e4940]:main():gmm-align-compiled.cc:127) 000300350-1
LOG (gmm-align-compiled[5.5.1009~1-e4940]:main():gmm-align-compiled.cc:127) 000300354-1
LOG (gmm-align-compiled[5.5.1009~1-e4940]:main():gmm-align-compiled.cc:127) 000300357-1
LOG (gmm-align-compiled[5.5.1009~1-e4940]:main():gmm-align-compiled.cc:127) 000300360-1
LOG (gmm-align-compiled[5.5.1009~1-e4940]:main():gmm-align-compiled.cc:127) 000300361-1
LOG (gmm-align-compiled[5.5.1009~1-e4940]:main():gmm-align-compiled.cc:127) 000300365-1
LOG (gmm-align-compiled[5.5.1009~1-e4940]:main():gmm-align-compiled.cc:127) 000300367-1
LOG (gmm-align-compiled[5.5.1009~1-e4940]:main():gmm-align-compiled.cc:127) 000300369-1
LOG (gmm-align-compiled[5.5.1009~1-e4940]:main():gmm-align-compiled.cc:127) 000300370-1
LOG (gmm-align-compiled[5.5.1009~1-e4940]:main():gmm-align-compiled.cc:127) 000300377-1
LOG (gmm-align-compiled[5.5.1009~1-e4940]:main():gmm-align-compiled.cc:127) 000300378-1
LOG (gmm-align-compiled[5.5.1009~1-e4940]:main():gmm-align-compiled.cc:127) 000300399-1
LOG (gmm-align-compiled[5.5.1009~1-e4940]:main():gmm-align-compiled.cc:127) 000300402-1
LOG (gmm-align-compiled[5.5.1009~1-e4940]:main():gmm-align-compiled.cc:127) 000300411-1
LOG (gmm-align-compiled[5.5.1009~1-e4940]:main():gmm-align-compiled.cc:127) 000300418-1
LOG (gmm-align-compiled[5.5.1009~1-e4940]:main():gmm-align-compiled.cc:127) 000300427-1
LOG (gmm-align-compiled[5.5.1009~1-e4940]:main():gmm-align-compiled.cc:127) 000300429-1
LOG (gmm-align-compiled[5.5.1009~1-e4940]:main():gmm-align-compiled.cc:127) 000300434-1
LOG (gmm-align-compiled[5.5.1009~1-e4940]:main():gmm-align-compiled.cc:127) 000300436-1
LOG (gmm-align-compiled[5.5.1009~1-e4940]:main():gmm-align-compiled.cc:127) 000300459-1
LOG (gmm-align-compiled[5.5.1009~1-e4940]:main():gmm-align-compiled.cc:127) 000300463-1
LOG (gmm-align-compiled[5.5.1009~1-e4940]:main():gmm-align-compiled.cc:127) 000300474-1
LOG (gmm-align-compiled[5.5.1009~1-e4940]:main():gmm-align-compiled.cc:127) 000300475-1
LOG (gmm-align-compiled[5.5.1009~1-e4940]:main():gmm-align-compiled.cc:127) 000300489-1
LOG (gmm-align-compiled[5.5.1009~1-e4940]:main():gmm-align-compiled.cc:127) 000300491-1
LOG (gmm-align-compiled[5.5.1009~1-e4940]:main():gmm-align-compiled.cc:127) 000310002-1
LOG (gmm-align-compiled[5.5.1009~1-e4940]:main():gmm-align-compiled.cc:127) 000310003-1
LOG (gmm-align-compiled[5.5.1009~1-e4940]:main():gmm-align-compiled.cc:127) 000310004-1
LOG (gmm-align-compiled[5.5.1009~1-e4940]:main():gmm-align-compiled.cc:127) 000310006-1
LOG (gmm-align-compiled[5.5.1009~1-e4940]:main():gmm-align-compiled.cc:127) 000310008-1
LOG (gmm-align-compiled[5.5.1009~1-e4940]:main():gmm-align-compiled.cc:127) 000310009-1
LOG (gmm-align-compiled[5.5.1009~1-e4940]:main():gmm-align-compiled.cc:127) 000310014-1
LOG (gmm-align-compiled[5.5.1009~1-e4940]:main():gmm-align-compiled.cc:127) 000310016-1
LOG (gmm-align-compiled[5.5.1009~1-e4940]:main():gmm-align-compiled.cc:127) 000310017-1
LOG (gmm-align-compiled[5.5.1009~1-e4940]:main():gmm-align-compiled.cc:127) 000310020-1
LOG (gmm-align-compiled[5.5.1009~1-e4940]:main():gmm-align-compiled.cc:127) 000310021-1
LOG (gmm-align-compiled[5.5.1009~1-e4940]:main():gmm-align-compiled.cc:127) 000310023-1
LOG (apply-cmvn[5.5.1009~1-e4940]:main():apply-cmvn.cc:162) Applied cepstral mean normalization to 404 utterances, errors on 0
LOG (gmm-align-compiled[5.5.1009~1-e4940]:main():gmm-align-compiled.cc:127) 000310024-1
LOG (gmm-align-compiled[5.5.1009~1-e4940]:main():gmm-align-compiled.cc:127) 000310026-1
LOG (gmm-align-compiled[5.5.1009~1-e4940]:main():gmm-align-compiled.cc:127) 000310029-1
LOG (transform-feats[5.5.1009~1-e4940]:main():transform-feats.cc:158) Overall average [pseudo-]logdet is -98.9864 over 237845 frames.
LOG (transform-feats[5.5.1009~1-e4940]:main():transform-feats.cc:161) Applied transform to 404 utterances; 0 had errors.
LOG (transform-feats[5.5.1009~1-e4940]:main():transform-feats.cc:158) Overall average logdet is 4.66107 over 237845 frames.
LOG (transform-feats[5.5.1009~1-e4940]:main():transform-feats.cc:161) Applied transform to 404 utterances; 0 had errors.
LOG (gmm-align-compiled[5.5.1009~1-e4940]:main():gmm-align-compiled.cc:127) 000310030-1
LOG (gmm-align-compiled[5.5.1009~1-e4940]:main():gmm-align-compiled.cc:135) Overall log-likelihood per frame is -48.2962 over 236071 frames.
LOG (gmm-align-compiled[5.5.1009~1-e4940]:main():gmm-align-compiled.cc:137) Retried 4 out of 404 utterances.
LOG (gmm-align-compiled[5.5.1009~1-e4940]:main():gmm-align-compiled.cc:139) Done 400, errors on 4
# Accounting: time=9 threads=1
# Ended (code 0) at Tue Jun 14 10:57:56 UTC 2022, elapsed time 9 seconds
