# gmm-acc-stats-ali telugu_exp/tri2/6.mdl "ark,s,cs:apply-cmvn  --utt2spk=ark:telugu_data/train/split8/3/utt2spk scp:telugu_data/train/split8/3/cmvn.scp scp:telugu_data/train/split8/3/feats.scp ark:- | splice-feats  ark:- ark:- | transform-feats telugu_exp/tri2/6.mat ark:- ark:- |" "ark,s,cs:gunzip -c telugu_exp/tri2/ali.3.gz|" telugu_exp/tri2/6.3.acc 
# Started at Mon Jun 13 23:36:08 UTC 2022
#
gmm-acc-stats-ali telugu_exp/tri2/6.mdl 'ark,s,cs:apply-cmvn  --utt2spk=ark:telugu_data/train/split8/3/utt2spk scp:telugu_data/train/split8/3/cmvn.scp scp:telugu_data/train/split8/3/feats.scp ark:- | splice-feats  ark:- ark:- | transform-feats telugu_exp/tri2/6.mat ark:- ark:- |' 'ark,s,cs:gunzip -c telugu_exp/tri2/ali.3.gz|' telugu_exp/tri2/6.3.acc 
apply-cmvn --utt2spk=ark:telugu_data/train/split8/3/utt2spk scp:telugu_data/train/split8/3/cmvn.scp scp:telugu_data/train/split8/3/feats.scp ark:- 
splice-feats ark:- ark:- 
transform-feats telugu_exp/tri2/6.mat ark:- ark:- 
LOG (gmm-acc-stats-ali[5.5.1009~1-e4940]:main():gmm-acc-stats-ali.cc:105) Processed 50 utterances; for utterance 001950242 avg. like is -60.7628 over 555 frames.
LOG (gmm-acc-stats-ali[5.5.1009~1-e4940]:main():gmm-acc-stats-ali.cc:105) Processed 100 utterances; for utterance 001960092 avg. like is -55.7407 over 727 frames.
LOG (gmm-acc-stats-ali[5.5.1009~1-e4940]:main():gmm-acc-stats-ali.cc:105) Processed 150 utterances; for utterance 001960266 avg. like is -52.953 over 597 frames.
LOG (gmm-acc-stats-ali[5.5.1009~1-e4940]:main():gmm-acc-stats-ali.cc:105) Processed 200 utterances; for utterance 001970028 avg. like is -57.3289 over 761 frames.
LOG (gmm-acc-stats-ali[5.5.1009~1-e4940]:main():gmm-acc-stats-ali.cc:105) Processed 250 utterances; for utterance 001970336 avg. like is -55.8382 over 839 frames.
LOG (gmm-acc-stats-ali[5.5.1009~1-e4940]:main():gmm-acc-stats-ali.cc:105) Processed 300 utterances; for utterance 001980031 avg. like is -55.7775 over 695 frames.
LOG (gmm-acc-stats-ali[5.5.1009~1-e4940]:main():gmm-acc-stats-ali.cc:105) Processed 350 utterances; for utterance 001980332 avg. like is -58.5616 over 858 frames.
LOG (gmm-acc-stats-ali[5.5.1009~1-e4940]:main():gmm-acc-stats-ali.cc:105) Processed 400 utterances; for utterance 001980486 avg. like is -56.1453 over 1085 frames.
WARNING (gmm-acc-stats-ali[5.5.1009~1-e4940]:main():gmm-acc-stats-ali.cc:79) No alignment for utterance 001990251
LOG (gmm-acc-stats-ali[5.5.1009~1-e4940]:main():gmm-acc-stats-ali.cc:105) Processed 450 utterances; for utterance 001990295 avg. like is -51.917 over 757 frames.
LOG (gmm-acc-stats-ali[5.5.1009~1-e4940]:main():gmm-acc-stats-ali.cc:105) Processed 500 utterances; for utterance 002000040 avg. like is -57.9036 over 1222 frames.
WARNING (gmm-acc-stats-ali[5.5.1009~1-e4940]:main():gmm-acc-stats-ali.cc:79) No alignment for utterance 002000106
LOG (gmm-acc-stats-ali[5.5.1009~1-e4940]:main():gmm-acc-stats-ali.cc:105) Processed 550 utterances; for utterance 002000323 avg. like is -59.0164 over 500 frames.
LOG (gmm-acc-stats-ali[5.5.1009~1-e4940]:main():gmm-acc-stats-ali.cc:105) Processed 600 utterances; for utterance 002000495 avg. like is -57.5362 over 603 frames.
LOG (gmm-acc-stats-ali[5.5.1009~1-e4940]:main():gmm-acc-stats-ali.cc:105) Processed 650 utterances; for utterance 002010280 avg. like is -51.6382 over 496 frames.
LOG (gmm-acc-stats-ali[5.5.1009~1-e4940]:main():gmm-acc-stats-ali.cc:105) Processed 700 utterances; for utterance 002010455 avg. like is -57.0707 over 571 frames.
LOG (gmm-acc-stats-ali[5.5.1009~1-e4940]:main():gmm-acc-stats-ali.cc:105) Processed 750 utterances; for utterance 002020124 avg. like is -57.0778 over 1194 frames.
LOG (gmm-acc-stats-ali[5.5.1009~1-e4940]:main():gmm-acc-stats-ali.cc:105) Processed 800 utterances; for utterance 002020299 avg. like is -52.3599 over 483 frames.
LOG (gmm-acc-stats-ali[5.5.1009~1-e4940]:main():gmm-acc-stats-ali.cc:105) Processed 850 utterances; for utterance 002030237 avg. like is -48.4918 over 386 frames.
LOG (gmm-acc-stats-ali[5.5.1009~1-e4940]:main():gmm-acc-stats-ali.cc:105) Processed 900 utterances; for utterance 002040053 avg. like is -58.3002 over 933 frames.
LOG (gmm-acc-stats-ali[5.5.1009~1-e4940]:main():gmm-acc-stats-ali.cc:105) Processed 950 utterances; for utterance 002040328 avg. like is -58.4031 over 463 frames.
LOG (gmm-acc-stats-ali[5.5.1009~1-e4940]:main():gmm-acc-stats-ali.cc:105) Processed 1000 utterances; for utterance 002060053 avg. like is -53.2916 over 731 frames.
LOG (gmm-acc-stats-ali[5.5.1009~1-e4940]:main():gmm-acc-stats-ali.cc:105) Processed 1050 utterances; for utterance 002060485 avg. like is -52.5466 over 1077 frames.
LOG (gmm-acc-stats-ali[5.5.1009~1-e4940]:main():gmm-acc-stats-ali.cc:105) Processed 1100 utterances; for utterance 002070422 avg. like is -51.7533 over 583 frames.
LOG (gmm-acc-stats-ali[5.5.1009~1-e4940]:main():gmm-acc-stats-ali.cc:105) Processed 1150 utterances; for utterance 002080143 avg. like is -54.0843 over 495 frames.
LOG (gmm-acc-stats-ali[5.5.1009~1-e4940]:main():gmm-acc-stats-ali.cc:105) Processed 1200 utterances; for utterance 002080431 avg. like is -53.604 over 456 frames.
LOG (gmm-acc-stats-ali[5.5.1009~1-e4940]:main():gmm-acc-stats-ali.cc:105) Processed 1250 utterances; for utterance 002090082 avg. like is -55.169 over 663 frames.
LOG (gmm-acc-stats-ali[5.5.1009~1-e4940]:main():gmm-acc-stats-ali.cc:105) Processed 1300 utterances; for utterance 002100073 avg. like is -55.8002 over 471 frames.
LOG (gmm-acc-stats-ali[5.5.1009~1-e4940]:main():gmm-acc-stats-ali.cc:105) Processed 1350 utterances; for utterance 002100255 avg. like is -55.5289 over 961 frames.
LOG (gmm-acc-stats-ali[5.5.1009~1-e4940]:main():gmm-acc-stats-ali.cc:105) Processed 1400 utterances; for utterance 002110002 avg. like is -48.6979 over 359 frames.
WARNING (gmm-acc-stats-ali[5.5.1009~1-e4940]:main():gmm-acc-stats-ali.cc:79) No alignment for utterance 002110076
WARNING (gmm-acc-stats-ali[5.5.1009~1-e4940]:main():gmm-acc-stats-ali.cc:79) No alignment for utterance 002110090
LOG (gmm-acc-stats-ali[5.5.1009~1-e4940]:main():gmm-acc-stats-ali.cc:105) Processed 1450 utterances; for utterance 002110167 avg. like is -52.86 over 439 frames.
LOG (gmm-acc-stats-ali[5.5.1009~1-e4940]:main():gmm-acc-stats-ali.cc:105) Processed 1500 utterances; for utterance 002110260 avg. like is -56.2709 over 671 frames.
LOG (gmm-acc-stats-ali[5.5.1009~1-e4940]:main():gmm-acc-stats-ali.cc:105) Processed 1550 utterances; for utterance 002110376 avg. like is -55.0851 over 949 frames.
LOG (gmm-acc-stats-ali[5.5.1009~1-e4940]:main():gmm-acc-stats-ali.cc:105) Processed 1600 utterances; for utterance 002120169 avg. like is -53.2764 over 679 frames.
WARNING (gmm-acc-stats-ali[5.5.1009~1-e4940]:main():gmm-acc-stats-ali.cc:79) No alignment for utterance 002120289
LOG (gmm-acc-stats-ali[5.5.1009~1-e4940]:main():gmm-acc-stats-ali.cc:105) Processed 1650 utterances; for utterance 002120345 avg. like is -52.6849 over 507 frames.
WARNING (gmm-acc-stats-ali[5.5.1009~1-e4940]:main():gmm-acc-stats-ali.cc:79) No alignment for utterance 002120437
LOG (gmm-acc-stats-ali[5.5.1009~1-e4940]:main():gmm-acc-stats-ali.cc:105) Processed 1700 utterances; for utterance 002120456 avg. like is -54.9503 over 765 frames.
LOG (gmm-acc-stats-ali[5.5.1009~1-e4940]:main():gmm-acc-stats-ali.cc:105) Processed 1750 utterances; for utterance 002130119 avg. like is -56.3151 over 1078 frames.
LOG (gmm-acc-stats-ali[5.5.1009~1-e4940]:main():gmm-acc-stats-ali.cc:105) Processed 1800 utterances; for utterance 002130362 avg. like is -55.9413 over 652 frames.
LOG (gmm-acc-stats-ali[5.5.1009~1-e4940]:main():gmm-acc-stats-ali.cc:105) Processed 1850 utterances; for utterance 002140076 avg. like is -52.0469 over 757 frames.
LOG (gmm-acc-stats-ali[5.5.1009~1-e4940]:main():gmm-acc-stats-ali.cc:105) Processed 1900 utterances; for utterance 002140227 avg. like is -52.4353 over 548 frames.
WARNING (gmm-acc-stats-ali[5.5.1009~1-e4940]:main():gmm-acc-stats-ali.cc:79) No alignment for utterance 002140285
LOG (gmm-acc-stats-ali[5.5.1009~1-e4940]:main():gmm-acc-stats-ali.cc:105) Processed 1950 utterances; for utterance 002140430 avg. like is -51.976 over 517 frames.
LOG (gmm-acc-stats-ali[5.5.1009~1-e4940]:main():gmm-acc-stats-ali.cc:105) Processed 2000 utterances; for utterance 002150271 avg. like is -57.404 over 654 frames.
LOG (gmm-acc-stats-ali[5.5.1009~1-e4940]:main():gmm-acc-stats-ali.cc:105) Processed 2050 utterances; for utterance 002180132 avg. like is -49.9329 over 539 frames.
LOG (gmm-acc-stats-ali[5.5.1009~1-e4940]:main():gmm-acc-stats-ali.cc:105) Processed 2100 utterances; for utterance 002180266 avg. like is -53.0594 over 784 frames.
LOG (gmm-acc-stats-ali[5.5.1009~1-e4940]:main():gmm-acc-stats-ali.cc:105) Processed 2150 utterances; for utterance 002180461 avg. like is -48.9184 over 893 frames.
LOG (gmm-acc-stats-ali[5.5.1009~1-e4940]:main():gmm-acc-stats-ali.cc:105) Processed 2200 utterances; for utterance 002190301 avg. like is -55.5503 over 528 frames.
LOG (gmm-acc-stats-ali[5.5.1009~1-e4940]:main():gmm-acc-stats-ali.cc:105) Processed 2250 utterances; for utterance 002190475 avg. like is -57.0692 over 522 frames.
LOG (gmm-acc-stats-ali[5.5.1009~1-e4940]:main():gmm-acc-stats-ali.cc:105) Processed 2300 utterances; for utterance 002200252 avg. like is -54.4864 over 484 frames.
LOG (gmm-acc-stats-ali[5.5.1009~1-e4940]:main():gmm-acc-stats-ali.cc:105) Processed 2350 utterances; for utterance 002200468 avg. like is -54.3802 over 372 frames.
LOG (gmm-acc-stats-ali[5.5.1009~1-e4940]:main():gmm-acc-stats-ali.cc:105) Processed 2400 utterances; for utterance 002210163 avg. like is -59.0373 over 363 frames.
LOG (gmm-acc-stats-ali[5.5.1009~1-e4940]:main():gmm-acc-stats-ali.cc:105) Processed 2450 utterances; for utterance 002210344 avg. like is -56.3965 over 333 frames.
LOG (gmm-acc-stats-ali[5.5.1009~1-e4940]:main():gmm-acc-stats-ali.cc:105) Processed 2500 utterances; for utterance 002220088 avg. like is -51.695 over 464 frames.
WARNING (gmm-acc-stats-ali[5.5.1009~1-e4940]:main():gmm-acc-stats-ali.cc:79) No alignment for utterance 002220106
LOG (gmm-acc-stats-ali[5.5.1009~1-e4940]:main():gmm-acc-stats-ali.cc:105) Processed 2550 utterances; for utterance 002220263 avg. like is -55.6408 over 368 frames.
LOG (gmm-acc-stats-ali[5.5.1009~1-e4940]:main():gmm-acc-stats-ali.cc:105) Processed 2600 utterances; for utterance 002230033 avg. like is -58.7733 over 839 frames.
LOG (gmm-acc-stats-ali[5.5.1009~1-e4940]:main():gmm-acc-stats-ali.cc:105) Processed 2650 utterances; for utterance 002230220 avg. like is -56.2073 over 421 frames.
LOG (gmm-acc-stats-ali[5.5.1009~1-e4940]:main():gmm-acc-stats-ali.cc:105) Processed 2700 utterances; for utterance 002230417 avg. like is -58.2503 over 402 frames.
LOG (gmm-acc-stats-ali[5.5.1009~1-e4940]:main():gmm-acc-stats-ali.cc:105) Processed 2750 utterances; for utterance 002240137 avg. like is -53.5909 over 421 frames.
LOG (gmm-acc-stats-ali[5.5.1009~1-e4940]:main():gmm-acc-stats-ali.cc:105) Processed 2800 utterances; for utterance 002240350 avg. like is -52.1743 over 300 frames.
LOG (gmm-acc-stats-ali[5.5.1009~1-e4940]:main():gmm-acc-stats-ali.cc:105) Processed 2850 utterances; for utterance 002250096 avg. like is -51.4999 over 302 frames.
LOG (gmm-acc-stats-ali[5.5.1009~1-e4940]:main():gmm-acc-stats-ali.cc:105) Processed 2900 utterances; for utterance 002250314 avg. like is -54.1931 over 430 frames.
LOG (gmm-acc-stats-ali[5.5.1009~1-e4940]:main():gmm-acc-stats-ali.cc:105) Processed 2950 utterances; for utterance 002260047 avg. like is -54.2038 over 424 frames.
LOG (gmm-acc-stats-ali[5.5.1009~1-e4940]:main():gmm-acc-stats-ali.cc:105) Processed 3000 utterances; for utterance 002260289 avg. like is -57.1783 over 408 frames.
LOG (gmm-acc-stats-ali[5.5.1009~1-e4940]:main():gmm-acc-stats-ali.cc:105) Processed 3050 utterances; for utterance 002270045 avg. like is -48.3558 over 337 frames.
LOG (gmm-acc-stats-ali[5.5.1009~1-e4940]:main():gmm-acc-stats-ali.cc:105) Processed 3100 utterances; for utterance 002270246 avg. like is -50.4007 over 381 frames.
LOG (gmm-acc-stats-ali[5.5.1009~1-e4940]:main():gmm-acc-stats-ali.cc:105) Processed 3150 utterances; for utterance 002280077 avg. like is -50.3418 over 448 frames.
LOG (gmm-acc-stats-ali[5.5.1009~1-e4940]:main():gmm-acc-stats-ali.cc:105) Processed 3200 utterances; for utterance 002280318 avg. like is -49.6715 over 291 frames.
LOG (gmm-acc-stats-ali[5.5.1009~1-e4940]:main():gmm-acc-stats-ali.cc:105) Processed 3250 utterances; for utterance 002280499 avg. like is -54.9098 over 452 frames.
LOG (gmm-acc-stats-ali[5.5.1009~1-e4940]:main():gmm-acc-stats-ali.cc:105) Processed 3300 utterances; for utterance TE0013-TE0015_1-B.013 avg. like is -51.4086 over 163 frames.
LOG (gmm-acc-stats-ali[5.5.1009~1-e4940]:main():gmm-acc-stats-ali.cc:105) Processed 3350 utterances; for utterance TE0013-TE0015_2-B.071 avg. like is -44.3138 over 96 frames.
LOG (gmm-acc-stats-ali[5.5.1009~1-e4940]:main():gmm-acc-stats-ali.cc:105) Processed 3400 utterances; for utterance TE0025-TE0026_1-B.310 avg. like is -50.648 over 168 frames.
LOG (gmm-acc-stats-ali[5.5.1009~1-e4940]:main():gmm-acc-stats-ali.cc:105) Processed 3450 utterances; for utterance TE0025-TE0027_2-A.202 avg. like is -57.1226 over 184 frames.
LOG (gmm-acc-stats-ali[5.5.1009~1-e4940]:main():gmm-acc-stats-ali.cc:105) Processed 3500 utterances; for utterance TE0053-TE0054_2-A.103 avg. like is -55.8559 over 309 frames.
LOG (gmm-acc-stats-ali[5.5.1009~1-e4940]:main():gmm-acc-stats-ali.cc:105) Processed 3550 utterances; for utterance TE0053-TE0055_1-A.346 avg. like is -49.3585 over 78 frames.
LOG (gmm-acc-stats-ali[5.5.1009~1-e4940]:main():gmm-acc-stats-ali.cc:105) Processed 3600 utterances; for utterance TE0053-TE0055_2-B.025 avg. like is -57.8616 over 83 frames.
LOG (gmm-acc-stats-ali[5.5.1009~1-e4940]:main():gmm-acc-stats-ali.cc:105) Processed 3650 utterances; for utterance TE0170-TE0172_1-A.091 avg. like is -47.9452 over 63 frames.
LOG (gmm-acc-stats-ali[5.5.1009~1-e4940]:main():gmm-acc-stats-ali.cc:105) Processed 3700 utterances; for utterance TE0170-TE0172_2-A.291 avg. like is -59.9658 over 276 frames.
LOG (gmm-acc-stats-ali[5.5.1009~1-e4940]:main():gmm-acc-stats-ali.cc:105) Processed 3750 utterances; for utterance TE0171-TE0172_2-A.172 avg. like is -54.9754 over 87 frames.
LOG (gmm-acc-stats-ali[5.5.1009~1-e4940]:main():gmm-acc-stats-ali.cc:105) Processed 3800 utterances; for utterance TE0389-TE0391_1-A.170 avg. like is -45.737 over 257 frames.
LOG (gmm-acc-stats-ali[5.5.1009~1-e4940]:main():gmm-acc-stats-ali.cc:105) Processed 3850 utterances; for utterance TE0389-TE0391_2-B.137 avg. like is -48.2232 over 82 frames.
LOG (gmm-acc-stats-ali[5.5.1009~1-e4940]:main():gmm-acc-stats-ali.cc:105) Processed 3900 utterances; for utterance TE0390-TE0392_1-A.431 avg. like is -51.4833 over 113 frames.
LOG (gmm-acc-stats-ali[5.5.1009~1-e4940]:main():gmm-acc-stats-ali.cc:105) Processed 3950 utterances; for utterance TE0390-TE0392_2-B.209 avg. like is -49.9918 over 208 frames.
LOG (gmm-acc-stats-ali[5.5.1009~1-e4940]:main():gmm-acc-stats-ali.cc:105) Processed 4000 utterances; for utterance TE0391-TE0392_1-A.441 avg. like is -55.9387 over 109 frames.
LOG (gmm-acc-stats-ali[5.5.1009~1-e4940]:main():gmm-acc-stats-ali.cc:105) Processed 4050 utterances; for utterance TE0391-TE0392_2-A.230 avg. like is -42.1957 over 74 frames.
LOG (gmm-acc-stats-ali[5.5.1009~1-e4940]:main():gmm-acc-stats-ali.cc:105) Processed 4100 utterances; for utterance TE0391-TE0392_2-B.304 avg. like is -54.2474 over 363 frames.
LOG (gmm-acc-stats-ali[5.5.1009~1-e4940]:main():gmm-acc-stats-ali.cc:105) Processed 4150 utterances; for utterance TE0405-TE0406_1-B.396 avg. like is -45.6084 over 101 frames.
LOG (gmm-acc-stats-ali[5.5.1009~1-e4940]:main():gmm-acc-stats-ali.cc:105) Processed 4200 utterances; for utterance TE0405-TE0407_1-A.096 avg. like is -40.4062 over 89 frames.
LOG (gmm-acc-stats-ali[5.5.1009~1-e4940]:main():gmm-acc-stats-ali.cc:105) Processed 4250 utterances; for utterance TE0405-TE0407_2-A.374 avg. like is -44.9104 over 238 frames.
LOG (gmm-acc-stats-ali[5.5.1009~1-e4940]:main():gmm-acc-stats-ali.cc:105) Processed 4300 utterances; for utterance TE0406-TE0408_1-A.227 avg. like is -49.4936 over 146 frames.
LOG (gmm-acc-stats-ali[5.5.1009~1-e4940]:main():gmm-acc-stats-ali.cc:105) Processed 4350 utterances; for utterance TE0406-TE0408_2-B.069 avg. like is -52.2277 over 96 frames.
LOG (gmm-acc-stats-ali[5.5.1009~1-e4940]:main():gmm-acc-stats-ali.cc:105) Processed 4400 utterances; for utterance TE0407-TE0408_2-B.038 avg. like is -52.8904 over 299 frames.
LOG (gmm-acc-stats-ali[5.5.1009~1-e4940]:main():gmm-acc-stats-ali.cc:105) Processed 4450 utterances; for utterance TE0409-TE0410_1-B.289 avg. like is -50.3676 over 328 frames.
LOG (gmm-acc-stats-ali[5.5.1009~1-e4940]:main():gmm-acc-stats-ali.cc:105) Processed 4500 utterances; for utterance TE0409-TE0411_2-A.004 avg. like is -50.3882 over 124 frames.
LOG (gmm-acc-stats-ali[5.5.1009~1-e4940]:main():gmm-acc-stats-ali.cc:105) Processed 4550 utterances; for utterance TE0410-TE0412_1-B.036 avg. like is -38.3309 over 82 frames.
LOG (gmm-acc-stats-ali[5.5.1009~1-e4940]:main():gmm-acc-stats-ali.cc:105) Processed 4600 utterances; for utterance TE0410-TE0412_2-B.176 avg. like is -50.0515 over 183 frames.
LOG (gmm-acc-stats-ali[5.5.1009~1-e4940]:main():gmm-acc-stats-ali.cc:105) Processed 4650 utterances; for utterance TE0411-TE0412_1-A.152 avg. like is -33.7733 over 84 frames.
LOG (gmm-acc-stats-ali[5.5.1009~1-e4940]:main():gmm-acc-stats-ali.cc:105) Processed 4700 utterances; for utterance TE0411-TE0412_2-B.118 avg. like is -40.9656 over 74 frames.
LOG (gmm-acc-stats-ali[5.5.1009~1-e4940]:main():gmm-acc-stats-ali.cc:105) Processed 4750 utterances; for utterance TE0413-TE0415_1-A.304 avg. like is -43.5053 over 83 frames.
LOG (gmm-acc-stats-ali[5.5.1009~1-e4940]:main():gmm-acc-stats-ali.cc:105) Processed 4800 utterances; for utterance TE0414-TE0416_1-A.016 avg. like is -45.1196 over 147 frames.
LOG (gmm-acc-stats-ali[5.5.1009~1-e4940]:main():gmm-acc-stats-ali.cc:105) Processed 4850 utterances; for utterance TE0414-TE0416_2-A.184 avg. like is -49.6124 over 168 frames.
LOG (gmm-acc-stats-ali[5.5.1009~1-e4940]:main():gmm-acc-stats-ali.cc:105) Processed 4900 utterances; for utterance TE0415-TE0416_1-A.383 avg. like is -50.0779 over 138 frames.
LOG (gmm-acc-stats-ali[5.5.1009~1-e4940]:main():gmm-acc-stats-ali.cc:105) Processed 4950 utterances; for utterance TE0415-TE0416_2-B.213 avg. like is -46.0648 over 92 frames.
LOG (gmm-acc-stats-ali[5.5.1009~1-e4940]:main():gmm-acc-stats-ali.cc:105) Processed 5000 utterances; for utterance TE0417-TE0418_1-B.254 avg. like is -40.648 over 59 frames.
LOG (gmm-acc-stats-ali[5.5.1009~1-e4940]:main():gmm-acc-stats-ali.cc:105) Processed 5050 utterances; for utterance TE0417-TE0418_2-B.254 avg. like is -37.9532 over 58 frames.
LOG (gmm-acc-stats-ali[5.5.1009~1-e4940]:main():gmm-acc-stats-ali.cc:105) Processed 5100 utterances; for utterance TE0418-TE0420_1-A.375 avg. like is -40.5079 over 92 frames.
LOG (gmm-acc-stats-ali[5.5.1009~1-e4940]:main():gmm-acc-stats-ali.cc:105) Processed 5150 utterances; for utterance TE0418-TE0420_2-B.270 avg. like is -54.336 over 236 frames.
LOG (gmm-acc-stats-ali[5.5.1009~1-e4940]:main():gmm-acc-stats-ali.cc:105) Processed 5200 utterances; for utterance TE0419-TE0420_2-A.034 avg. like is -47.4808 over 386 frames.
LOG (gmm-acc-stats-ali[5.5.1009~1-e4940]:main():gmm-acc-stats-ali.cc:105) Processed 5250 utterances; for utterance TE0421-TE0423_1-A.290 avg. like is -46.5516 over 123 frames.
LOG (gmm-acc-stats-ali[5.5.1009~1-e4940]:main():gmm-acc-stats-ali.cc:105) Processed 5300 utterances; for utterance TE0422-TE0424_1-B.106 avg. like is -48.2494 over 127 frames.
LOG (gmm-acc-stats-ali[5.5.1009~1-e4940]:main():gmm-acc-stats-ali.cc:105) Processed 5350 utterances; for utterance TE0423-TE0424_1-A.172 avg. like is -42.7923 over 81 frames.
LOG (gmm-acc-stats-ali[5.5.1009~1-e4940]:main():gmm-acc-stats-ali.cc:105) Processed 5400 utterances; for utterance TE0423-TE0424_1-B.381 avg. like is -48.0279 over 249 frames.
LOG (gmm-acc-stats-ali[5.5.1009~1-e4940]:main():gmm-acc-stats-ali.cc:105) Processed 5450 utterances; for utterance TE0425-TE0426_1-A.393 avg. like is -48.464 over 227 frames.
LOG (apply-cmvn[5.5.1009~1-e4940]:main():apply-cmvn.cc:162) Applied cepstral mean normalization to 5493 utterances, errors on 0
LOG (transform-feats[5.5.1009~1-e4940]:main():transform-feats.cc:158) Overall average [pseudo-]logdet is -99.4352 over 2.29229e+06 frames.
LOG (transform-feats[5.5.1009~1-e4940]:main():transform-feats.cc:161) Applied transform to 5493 utterances; 0 had errors.
LOG (gmm-acc-stats-ali[5.5.1009~1-e4940]:main():gmm-acc-stats-ali.cc:112) Done 5485 files, 8 with errors.
LOG (gmm-acc-stats-ali[5.5.1009~1-e4940]:main():gmm-acc-stats-ali.cc:115) Overall avg like per frame (Gaussian only) = -53.736 over 2286068 frames.
LOG (gmm-acc-stats-ali[5.5.1009~1-e4940]:main():gmm-acc-stats-ali.cc:123) Written accs.
# Accounting: time=5 threads=1
# Ended (code 0) at Mon Jun 13 23:36:13 UTC 2022, elapsed time 5 seconds
