# gmm-acc-stats-ali telugu_exp/tri2/11.mdl "ark,s,cs:apply-cmvn  --utt2spk=ark:telugu_data/train/split8/4/utt2spk scp:telugu_data/train/split8/4/cmvn.scp scp:telugu_data/train/split8/4/feats.scp ark:- | splice-feats  ark:- ark:- | transform-feats telugu_exp/tri2/6.mat ark:- ark:- |" "ark,s,cs:gunzip -c telugu_exp/tri2/ali.4.gz|" telugu_exp/tri2/11.4.acc 
# Started at Mon Jun 13 23:37:37 UTC 2022
#
gmm-acc-stats-ali telugu_exp/tri2/11.mdl 'ark,s,cs:apply-cmvn  --utt2spk=ark:telugu_data/train/split8/4/utt2spk scp:telugu_data/train/split8/4/cmvn.scp scp:telugu_data/train/split8/4/feats.scp ark:- | splice-feats  ark:- ark:- | transform-feats telugu_exp/tri2/6.mat ark:- ark:- |' 'ark,s,cs:gunzip -c telugu_exp/tri2/ali.4.gz|' telugu_exp/tri2/11.4.acc 
apply-cmvn --utt2spk=ark:telugu_data/train/split8/4/utt2spk scp:telugu_data/train/split8/4/cmvn.scp scp:telugu_data/train/split8/4/feats.scp ark:- 
transform-feats telugu_exp/tri2/6.mat ark:- ark:- 
splice-feats ark:- ark:- 
LOG (gmm-acc-stats-ali[5.5.1009~1-e4940]:main():gmm-acc-stats-ali.cc:105) Processed 50 utterances; for utterance TE0425-TE0427_2-A.317 avg. like is -42.5026 over 131 frames.
LOG (gmm-acc-stats-ali[5.5.1009~1-e4940]:main():gmm-acc-stats-ali.cc:105) Processed 100 utterances; for utterance TE0426-TE0428_1-B.178 avg. like is -46.1539 over 67 frames.
LOG (gmm-acc-stats-ali[5.5.1009~1-e4940]:main():gmm-acc-stats-ali.cc:105) Processed 150 utterances; for utterance TE0426-TE0428_2-B.103 avg. like is -42.9035 over 76 frames.
LOG (gmm-acc-stats-ali[5.5.1009~1-e4940]:main():gmm-acc-stats-ali.cc:105) Processed 200 utterances; for utterance TE0427-TE0428_1-A.399 avg. like is -46.7255 over 52 frames.
LOG (gmm-acc-stats-ali[5.5.1009~1-e4940]:main():gmm-acc-stats-ali.cc:105) Processed 250 utterances; for utterance TE0427-TE0428_2-A.424 avg. like is -43.7861 over 149 frames.
LOG (gmm-acc-stats-ali[5.5.1009~1-e4940]:main():gmm-acc-stats-ali.cc:105) Processed 300 utterances; for utterance TE0429-TE0430_1-B.194 avg. like is -45.362 over 62 frames.
LOG (gmm-acc-stats-ali[5.5.1009~1-e4940]:main():gmm-acc-stats-ali.cc:105) Processed 350 utterances; for utterance TE0429-TE0431_1-A.219 avg. like is -43.858 over 72 frames.
LOG (gmm-acc-stats-ali[5.5.1009~1-e4940]:main():gmm-acc-stats-ali.cc:105) Processed 400 utterances; for utterance TE0430-TE0432_1-A.411 avg. like is -47.983 over 194 frames.
LOG (gmm-acc-stats-ali[5.5.1009~1-e4940]:main():gmm-acc-stats-ali.cc:105) Processed 450 utterances; for utterance TE0430-TE0432_2-B.361 avg. like is -44.3197 over 153 frames.
LOG (gmm-acc-stats-ali[5.5.1009~1-e4940]:main():gmm-acc-stats-ali.cc:105) Processed 500 utterances; for utterance TE0431-TE0432_2-A.052 avg. like is -46.1478 over 365 frames.
LOG (gmm-acc-stats-ali[5.5.1009~1-e4940]:main():gmm-acc-stats-ali.cc:105) Processed 550 utterances; for utterance TE0433-TE0434_1-A.192 avg. like is -46.4789 over 209 frames.
LOG (gmm-acc-stats-ali[5.5.1009~1-e4940]:main():gmm-acc-stats-ali.cc:105) Processed 600 utterances; for utterance TE0433-TE0435_1-A.204 avg. like is -46.8743 over 75 frames.
LOG (gmm-acc-stats-ali[5.5.1009~1-e4940]:main():gmm-acc-stats-ali.cc:105) Processed 650 utterances; for utterance TE0434-TE0436_1-A.111 avg. like is -40.7588 over 58 frames.
LOG (gmm-acc-stats-ali[5.5.1009~1-e4940]:main():gmm-acc-stats-ali.cc:105) Processed 700 utterances; for utterance TE0435-TE0436_1-A.116 avg. like is -52.0197 over 112 frames.
LOG (gmm-acc-stats-ali[5.5.1009~1-e4940]:main():gmm-acc-stats-ali.cc:105) Processed 750 utterances; for utterance TE0435-TE0436_1-B.208 avg. like is -49.5626 over 229 frames.
LOG (gmm-acc-stats-ali[5.5.1009~1-e4940]:main():gmm-acc-stats-ali.cc:105) Processed 800 utterances; for utterance TE0435-TE0436_2-B.287 avg. like is -51.4658 over 149 frames.
LOG (gmm-acc-stats-ali[5.5.1009~1-e4940]:main():gmm-acc-stats-ali.cc:105) Processed 850 utterances; for utterance TE0437-TE0438_2-A.227 avg. like is -50.0897 over 86 frames.
LOG (gmm-acc-stats-ali[5.5.1009~1-e4940]:main():gmm-acc-stats-ali.cc:105) Processed 900 utterances; for utterance TE0437-TE0439_1-B.166 avg. like is -42.1775 over 84 frames.
LOG (gmm-acc-stats-ali[5.5.1009~1-e4940]:main():gmm-acc-stats-ali.cc:105) Processed 950 utterances; for utterance TE0437-TE0439_2-B.120 avg. like is -40.3814 over 48 frames.
LOG (gmm-acc-stats-ali[5.5.1009~1-e4940]:main():gmm-acc-stats-ali.cc:105) Processed 1000 utterances; for utterance TE0438-TE0440_2-A.090 avg. like is -47.4473 over 71 frames.
LOG (gmm-acc-stats-ali[5.5.1009~1-e4940]:main():gmm-acc-stats-ali.cc:105) Processed 1050 utterances; for utterance TE0439-TE0440_1-B.087 avg. like is -55.6634 over 134 frames.
LOG (gmm-acc-stats-ali[5.5.1009~1-e4940]:main():gmm-acc-stats-ali.cc:105) Processed 1100 utterances; for utterance TE0439-TE0440_2-B.131 avg. like is -49.2423 over 68 frames.
LOG (gmm-acc-stats-ali[5.5.1009~1-e4940]:main():gmm-acc-stats-ali.cc:105) Processed 1150 utterances; for utterance TE0441-TE0442_1-B.046 avg. like is -51.689 over 267 frames.
LOG (gmm-acc-stats-ali[5.5.1009~1-e4940]:main():gmm-acc-stats-ali.cc:105) Processed 1200 utterances; for utterance TE0441-TE0443_1-A.044 avg. like is -50.6651 over 141 frames.
LOG (gmm-acc-stats-ali[5.5.1009~1-e4940]:main():gmm-acc-stats-ali.cc:105) Processed 1250 utterances; for utterance TE0441-TE0443_2-A.196 avg. like is -45.9855 over 66 frames.
LOG (gmm-acc-stats-ali[5.5.1009~1-e4940]:main():gmm-acc-stats-ali.cc:105) Processed 1300 utterances; for utterance TE0442-TE0444_1-A.162 avg. like is -53.3936 over 215 frames.
LOG (gmm-acc-stats-ali[5.5.1009~1-e4940]:main():gmm-acc-stats-ali.cc:105) Processed 1350 utterances; for utterance TE0442-TE0444_2-A.194 avg. like is -44.7329 over 146 frames.
LOG (gmm-acc-stats-ali[5.5.1009~1-e4940]:main():gmm-acc-stats-ali.cc:105) Processed 1400 utterances; for utterance TE0443-TE0444_1-A.067 avg. like is -48.2708 over 112 frames.
LOG (gmm-acc-stats-ali[5.5.1009~1-e4940]:main():gmm-acc-stats-ali.cc:105) Processed 1450 utterances; for utterance TE0445-TE0446_1-A.457 avg. like is -47.2864 over 217 frames.
LOG (gmm-acc-stats-ali[5.5.1009~1-e4940]:main():gmm-acc-stats-ali.cc:105) Processed 1500 utterances; for utterance TE0446-TE0448_2-A.032 avg. like is -44.8575 over 451 frames.
LOG (gmm-acc-stats-ali[5.5.1009~1-e4940]:main():gmm-acc-stats-ali.cc:105) Processed 1550 utterances; for utterance TE0447-TE0448_2-A.259 avg. like is -48.814 over 552 frames.
LOG (gmm-acc-stats-ali[5.5.1009~1-e4940]:main():gmm-acc-stats-ali.cc:105) Processed 1600 utterances; for utterance TE0449-TE0450_2-B.419 avg. like is -45.0894 over 376 frames.
LOG (gmm-acc-stats-ali[5.5.1009~1-e4940]:main():gmm-acc-stats-ali.cc:105) Processed 1650 utterances; for utterance TE0449-TE0451_2-B.061 avg. like is -53.2535 over 211 frames.
LOG (gmm-acc-stats-ali[5.5.1009~1-e4940]:main():gmm-acc-stats-ali.cc:105) Processed 1700 utterances; for utterance TE0450-TE0452_1-A.200 avg. like is -48.4178 over 215 frames.
LOG (gmm-acc-stats-ali[5.5.1009~1-e4940]:main():gmm-acc-stats-ali.cc:105) Processed 1750 utterances; for utterance TE0450-TE0452_2-B.375 avg. like is -49.0447 over 313 frames.
LOG (gmm-acc-stats-ali[5.5.1009~1-e4940]:main():gmm-acc-stats-ali.cc:105) Processed 1800 utterances; for utterance TE0451-TE0452_2-A.114 avg. like is -46.8686 over 101 frames.
LOG (gmm-acc-stats-ali[5.5.1009~1-e4940]:main():gmm-acc-stats-ali.cc:105) Processed 1850 utterances; for utterance TE0453-TE0454_2-A.404 avg. like is -45.2588 over 108 frames.
LOG (gmm-acc-stats-ali[5.5.1009~1-e4940]:main():gmm-acc-stats-ali.cc:105) Processed 1900 utterances; for utterance TE0453-TE0455_2-A.162 avg. like is -41.0603 over 96 frames.
LOG (gmm-acc-stats-ali[5.5.1009~1-e4940]:main():gmm-acc-stats-ali.cc:105) Processed 1950 utterances; for utterance TE0453-TE0455_2-B.559 avg. like is -44.4004 over 154 frames.
LOG (gmm-acc-stats-ali[5.5.1009~1-e4940]:main():gmm-acc-stats-ali.cc:105) Processed 2000 utterances; for utterance TE0454-TE0456_1-B.200 avg. like is -49.7622 over 102 frames.
LOG (gmm-acc-stats-ali[5.5.1009~1-e4940]:main():gmm-acc-stats-ali.cc:105) Processed 2050 utterances; for utterance TE0454-TE0456_2-B.298 avg. like is -52.6499 over 276 frames.
WARNING (gmm-acc-stats-ali[5.5.1009~1-e4940]:main():gmm-acc-stats-ali.cc:79) No alignment for utterance TE0454-TE0456_2-B.408
LOG (gmm-acc-stats-ali[5.5.1009~1-e4940]:main():gmm-acc-stats-ali.cc:105) Processed 2100 utterances; for utterance TE0455-TE0456_1-A.450 avg. like is -51.1732 over 91 frames.
LOG (gmm-acc-stats-ali[5.5.1009~1-e4940]:main():gmm-acc-stats-ali.cc:105) Processed 2150 utterances; for utterance TE0455-TE0456_2-A.046 avg. like is -46.4615 over 119 frames.
LOG (gmm-acc-stats-ali[5.5.1009~1-e4940]:main():gmm-acc-stats-ali.cc:105) Processed 2200 utterances; for utterance TE0455-TE0456_2-B.208 avg. like is -45.1365 over 151 frames.
LOG (gmm-acc-stats-ali[5.5.1009~1-e4940]:main():gmm-acc-stats-ali.cc:105) Processed 2250 utterances; for utterance TE0457-TE0458_1-B.267 avg. like is -39.7752 over 92 frames.
LOG (gmm-acc-stats-ali[5.5.1009~1-e4940]:main():gmm-acc-stats-ali.cc:105) Processed 2300 utterances; for utterance TE0457-TE0458_1-B.687 avg. like is -51.6187 over 51 frames.
LOG (gmm-acc-stats-ali[5.5.1009~1-e4940]:main():gmm-acc-stats-ali.cc:105) Processed 2350 utterances; for utterance TE0457-TE0458_2-A.318 avg. like is -44.2946 over 204 frames.
LOG (gmm-acc-stats-ali[5.5.1009~1-e4940]:main():gmm-acc-stats-ali.cc:105) Processed 2400 utterances; for utterance TE0457-TE0459_2-A.273 avg. like is -37.9174 over 134 frames.
LOG (gmm-acc-stats-ali[5.5.1009~1-e4940]:main():gmm-acc-stats-ali.cc:105) Processed 2450 utterances; for utterance TE0458-TE0460_2-A.186 avg. like is -43.9453 over 139 frames.
LOG (gmm-acc-stats-ali[5.5.1009~1-e4940]:main():gmm-acc-stats-ali.cc:105) Processed 2500 utterances; for utterance TE0459-TE0460_1-A.249 avg. like is -46.3088 over 316 frames.
LOG (gmm-acc-stats-ali[5.5.1009~1-e4940]:main():gmm-acc-stats-ali.cc:105) Processed 2550 utterances; for utterance TE0461-TE0462_1-B.242 avg. like is -46.8001 over 203 frames.
LOG (gmm-acc-stats-ali[5.5.1009~1-e4940]:main():gmm-acc-stats-ali.cc:105) Processed 2600 utterances; for utterance TE0461-TE0463_2-A.214 avg. like is -41.3795 over 92 frames.
LOG (gmm-acc-stats-ali[5.5.1009~1-e4940]:main():gmm-acc-stats-ali.cc:105) Processed 2650 utterances; for utterance TE0462-TE0464_1-B.426 avg. like is -46.346 over 98 frames.
LOG (gmm-acc-stats-ali[5.5.1009~1-e4940]:main():gmm-acc-stats-ali.cc:105) Processed 2700 utterances; for utterance TE0463-TE0464_1-A.381 avg. like is -49.8976 over 148 frames.
LOG (gmm-acc-stats-ali[5.5.1009~1-e4940]:main():gmm-acc-stats-ali.cc:105) Processed 2750 utterances; for utterance TE0465-TE0466_1-A.077 avg. like is -45.9736 over 53 frames.
LOG (gmm-acc-stats-ali[5.5.1009~1-e4940]:main():gmm-acc-stats-ali.cc:105) Processed 2800 utterances; for utterance TE0465-TE0466_2-A.155 avg. like is -40.0931 over 58 frames.
LOG (gmm-acc-stats-ali[5.5.1009~1-e4940]:main():gmm-acc-stats-ali.cc:105) Processed 2850 utterances; for utterance TE0465-TE0467_1-B.222 avg. like is -48.3207 over 258 frames.
LOG (gmm-acc-stats-ali[5.5.1009~1-e4940]:main():gmm-acc-stats-ali.cc:105) Processed 2900 utterances; for utterance TE0466-TE0468_2-B.009 avg. like is -47.599 over 256 frames.
LOG (gmm-acc-stats-ali[5.5.1009~1-e4940]:main():gmm-acc-stats-ali.cc:105) Processed 2950 utterances; for utterance TE0469-TE0470_2-A.313 avg. like is -39.468 over 104 frames.
LOG (gmm-acc-stats-ali[5.5.1009~1-e4940]:main():gmm-acc-stats-ali.cc:105) Processed 3000 utterances; for utterance TE0469-TE0471_2-B.309 avg. like is -48.9045 over 140 frames.
LOG (gmm-acc-stats-ali[5.5.1009~1-e4940]:main():gmm-acc-stats-ali.cc:105) Processed 3050 utterances; for utterance TE0470-TE0472_2-B.319 avg. like is -50.8878 over 354 frames.
LOG (gmm-acc-stats-ali[5.5.1009~1-e4940]:main():gmm-acc-stats-ali.cc:105) Processed 3100 utterances; for utterance TE0473-TE0474_1-A.315 avg. like is -44.5654 over 112 frames.
LOG (gmm-acc-stats-ali[5.5.1009~1-e4940]:main():gmm-acc-stats-ali.cc:105) Processed 3150 utterances; for utterance TE0473-TE0475_1-A.319 avg. like is -42.6017 over 207 frames.
LOG (gmm-acc-stats-ali[5.5.1009~1-e4940]:main():gmm-acc-stats-ali.cc:105) Processed 3200 utterances; for utterance TE0473-TE0475_2-B.294 avg. like is -47.4588 over 437 frames.
LOG (gmm-acc-stats-ali[5.5.1009~1-e4940]:main():gmm-acc-stats-ali.cc:105) Processed 3250 utterances; for utterance TE0475-TE0476_2-A.099 avg. like is -44.5832 over 77 frames.
LOG (gmm-acc-stats-ali[5.5.1009~1-e4940]:main():gmm-acc-stats-ali.cc:105) Processed 3300 utterances; for utterance TE0477-TE0479_1-B.269 avg. like is -45.2351 over 146 frames.
LOG (gmm-acc-stats-ali[5.5.1009~1-e4940]:main():gmm-acc-stats-ali.cc:105) Processed 3350 utterances; for utterance TE0479-TE0480_1-A.064 avg. like is -43.0998 over 99 frames.
LOG (gmm-acc-stats-ali[5.5.1009~1-e4940]:main():gmm-acc-stats-ali.cc:105) Processed 3400 utterances; for utterance TE0481-TE0482_1-B.233 avg. like is -45.2912 over 123 frames.
LOG (gmm-acc-stats-ali[5.5.1009~1-e4940]:main():gmm-acc-stats-ali.cc:105) Processed 3450 utterances; for utterance TE0481-TE0483_1-A.199 avg. like is -49.6178 over 126 frames.
LOG (gmm-acc-stats-ali[5.5.1009~1-e4940]:main():gmm-acc-stats-ali.cc:105) Processed 3500 utterances; for utterance TE0482-TE0484_1-A.430 avg. like is -48.8635 over 278 frames.
LOG (gmm-acc-stats-ali[5.5.1009~1-e4940]:main():gmm-acc-stats-ali.cc:105) Processed 3550 utterances; for utterance TE0482-TE0484_2-B.275 avg. like is -43.3849 over 166 frames.
LOG (gmm-acc-stats-ali[5.5.1009~1-e4940]:main():gmm-acc-stats-ali.cc:105) Processed 3600 utterances; for utterance TE0485-TE0486_1-A.216 avg. like is -45.5936 over 326 frames.
LOG (gmm-acc-stats-ali[5.5.1009~1-e4940]:main():gmm-acc-stats-ali.cc:105) Processed 3650 utterances; for utterance TE0485-TE0487_2-A.027 avg. like is -45.9942 over 209 frames.
LOG (gmm-acc-stats-ali[5.5.1009~1-e4940]:main():gmm-acc-stats-ali.cc:105) Processed 3700 utterances; for utterance TE0486-TE0488_1-B.153 avg. like is -57.5837 over 313 frames.
LOG (gmm-acc-stats-ali[5.5.1009~1-e4940]:main():gmm-acc-stats-ali.cc:105) Processed 3750 utterances; for utterance TE0487-TE0488_2-A.077 avg. like is -47.3656 over 201 frames.
LOG (gmm-acc-stats-ali[5.5.1009~1-e4940]:main():gmm-acc-stats-ali.cc:105) Processed 3800 utterances; for utterance TE0487-TE0488_2-B.343 avg. like is -53.956 over 323 frames.
LOG (gmm-acc-stats-ali[5.5.1009~1-e4940]:main():gmm-acc-stats-ali.cc:105) Processed 3850 utterances; for utterance TE0489-TE0491_2-A.112 avg. like is -50.7464 over 62 frames.
LOG (gmm-acc-stats-ali[5.5.1009~1-e4940]:main():gmm-acc-stats-ali.cc:105) Processed 3900 utterances; for utterance TE0491-TE0492_2-B.273 avg. like is -48.8302 over 179 frames.
LOG (gmm-acc-stats-ali[5.5.1009~1-e4940]:main():gmm-acc-stats-ali.cc:105) Processed 3950 utterances; for utterance TE0493-TE0494_2-A.461 avg. like is -42.3818 over 59 frames.
LOG (gmm-acc-stats-ali[5.5.1009~1-e4940]:main():gmm-acc-stats-ali.cc:105) Processed 4000 utterances; for utterance TE0493-TE0495_2-A.642 avg. like is -36.3156 over 47 frames.
LOG (gmm-acc-stats-ali[5.5.1009~1-e4940]:main():gmm-acc-stats-ali.cc:105) Processed 4050 utterances; for utterance TE0494-TE0496_2-A.404 avg. like is -47.8 over 108 frames.
LOG (gmm-acc-stats-ali[5.5.1009~1-e4940]:main():gmm-acc-stats-ali.cc:105) Processed 4100 utterances; for utterance TE0495-TE0496_2-A.054 avg. like is -48.1059 over 667 frames.
LOG (gmm-acc-stats-ali[5.5.1009~1-e4940]:main():gmm-acc-stats-ali.cc:105) Processed 4150 utterances; for utterance TE0497-TE0498_1-A.277 avg. like is -47.6889 over 64 frames.
LOG (gmm-acc-stats-ali[5.5.1009~1-e4940]:main():gmm-acc-stats-ali.cc:105) Processed 4200 utterances; for utterance TE0497-TE0499_2-B.242 avg. like is -52.7298 over 383 frames.
LOG (gmm-acc-stats-ali[5.5.1009~1-e4940]:main():gmm-acc-stats-ali.cc:105) Processed 4250 utterances; for utterance TE0501-TE0502_1-A.008 avg. like is -46.8599 over 91 frames.
LOG (gmm-acc-stats-ali[5.5.1009~1-e4940]:main():gmm-acc-stats-ali.cc:105) Processed 4300 utterances; for utterance TE0501-TE0503_1-A.093 avg. like is -42.0432 over 72 frames.
LOG (gmm-acc-stats-ali[5.5.1009~1-e4940]:main():gmm-acc-stats-ali.cc:105) Processed 4350 utterances; for utterance TE0501-TE0503_2-B.165 avg. like is -47.2434 over 113 frames.
LOG (gmm-acc-stats-ali[5.5.1009~1-e4940]:main():gmm-acc-stats-ali.cc:105) Processed 4400 utterances; for utterance TE0502-TE0504_2-A.015 avg. like is -46.3127 over 331 frames.
LOG (gmm-acc-stats-ali[5.5.1009~1-e4940]:main():gmm-acc-stats-ali.cc:105) Processed 4450 utterances; for utterance TE0503-TE0504_2-A.122 avg. like is -45.2145 over 290 frames.
LOG (gmm-acc-stats-ali[5.5.1009~1-e4940]:main():gmm-acc-stats-ali.cc:105) Processed 4500 utterances; for utterance TE0505-TE0506_1-B.046 avg. like is -46.1673 over 273 frames.
LOG (gmm-acc-stats-ali[5.5.1009~1-e4940]:main():gmm-acc-stats-ali.cc:105) Processed 4550 utterances; for utterance TE0505-TE0507_1-B.184 avg. like is -52.182 over 153 frames.
LOG (gmm-acc-stats-ali[5.5.1009~1-e4940]:main():gmm-acc-stats-ali.cc:105) Processed 4600 utterances; for utterance TE0506-TE0508_2-B.064 avg. like is -55.0928 over 726 frames.
LOG (gmm-acc-stats-ali[5.5.1009~1-e4940]:main():gmm-acc-stats-ali.cc:105) Processed 4650 utterances; for utterance TE0507-TE0508_1-A.089 avg. like is -50.7207 over 428 frames.
LOG (gmm-acc-stats-ali[5.5.1009~1-e4940]:main():gmm-acc-stats-ali.cc:105) Processed 4700 utterances; for utterance TE0507-TE0508_1-B.180 avg. like is -49.3693 over 592 frames.
LOG (gmm-acc-stats-ali[5.5.1009~1-e4940]:main():gmm-acc-stats-ali.cc:105) Processed 4750 utterances; for utterance TE0507-TE0508_2-A.316 avg. like is -53.0045 over 636 frames.
LOG (gmm-acc-stats-ali[5.5.1009~1-e4940]:main():gmm-acc-stats-ali.cc:105) Processed 4800 utterances; for utterance TE0509-TE0511_1-B.151 avg. like is -44.8734 over 84 frames.
LOG (gmm-acc-stats-ali[5.5.1009~1-e4940]:main():gmm-acc-stats-ali.cc:105) Processed 4850 utterances; for utterance TE0510-TE0512_1-B.108 avg. like is -52.5426 over 108 frames.
LOG (gmm-acc-stats-ali[5.5.1009~1-e4940]:main():gmm-acc-stats-ali.cc:105) Processed 4900 utterances; for utterance TE0511-TE0512_1-A.193 avg. like is -36.5833 over 178 frames.
LOG (gmm-acc-stats-ali[5.5.1009~1-e4940]:main():gmm-acc-stats-ali.cc:105) Processed 4950 utterances; for utterance TE0513-TE0514_1-A.488 avg. like is -48.8032 over 133 frames.
LOG (gmm-acc-stats-ali[5.5.1009~1-e4940]:main():gmm-acc-stats-ali.cc:105) Processed 5000 utterances; for utterance TE0513-TE0515_2-A.123 avg. like is -44.4516 over 108 frames.
LOG (gmm-acc-stats-ali[5.5.1009~1-e4940]:main():gmm-acc-stats-ali.cc:105) Processed 5050 utterances; for utterance TE0514-TE0516_1-B.188 avg. like is -48.5918 over 74 frames.
LOG (gmm-acc-stats-ali[5.5.1009~1-e4940]:main():gmm-acc-stats-ali.cc:105) Processed 5100 utterances; for utterance TE0515-TE0516_1-B.246 avg. like is -44.9813 over 232 frames.
LOG (gmm-acc-stats-ali[5.5.1009~1-e4940]:main():gmm-acc-stats-ali.cc:105) Processed 5150 utterances; for utterance TE0517-TE0518_2-A.385 avg. like is -57.2971 over 149 frames.
LOG (gmm-acc-stats-ali[5.5.1009~1-e4940]:main():gmm-acc-stats-ali.cc:105) Processed 5200 utterances; for utterance TE0517-TE0519_2-A.016 avg. like is -49.2556 over 189 frames.
LOG (gmm-acc-stats-ali[5.5.1009~1-e4940]:main():gmm-acc-stats-ali.cc:105) Processed 5250 utterances; for utterance TE0518-TE0520_2-A.130 avg. like is -44.0537 over 78 frames.
LOG (gmm-acc-stats-ali[5.5.1009~1-e4940]:main():gmm-acc-stats-ali.cc:105) Processed 5300 utterances; for utterance TE0519-TE0520_1-B.053 avg. like is -51.3727 over 201 frames.
LOG (gmm-acc-stats-ali[5.5.1009~1-e4940]:main():gmm-acc-stats-ali.cc:105) Processed 5350 utterances; for utterance TE0521-TE0522_2-A.115 avg. like is -42.0328 over 263 frames.
LOG (gmm-acc-stats-ali[5.5.1009~1-e4940]:main():gmm-acc-stats-ali.cc:105) Processed 5400 utterances; for utterance TE0521-TE0523_2-B.075 avg. like is -43.951 over 86 frames.
LOG (gmm-acc-stats-ali[5.5.1009~1-e4940]:main():gmm-acc-stats-ali.cc:105) Processed 5450 utterances; for utterance TE0522-TE0524_2-A.242 avg. like is -46.6608 over 269 frames.
LOG (apply-cmvn[5.5.1009~1-e4940]:main():apply-cmvn.cc:162) Applied cepstral mean normalization to 5494 utterances, errors on 0
LOG (transform-feats[5.5.1009~1-e4940]:main():transform-feats.cc:158) Overall average [pseudo-]logdet is -99.4352 over 918523 frames.
LOG (transform-feats[5.5.1009~1-e4940]:main():transform-feats.cc:161) Applied transform to 5494 utterances; 0 had errors.
LOG (gmm-acc-stats-ali[5.5.1009~1-e4940]:main():gmm-acc-stats-ali.cc:112) Done 5493 files, 1 with errors.
LOG (gmm-acc-stats-ali[5.5.1009~1-e4940]:main():gmm-acc-stats-ali.cc:115) Overall avg like per frame (Gaussian only) = -47.8046 over 917945 frames.
LOG (gmm-acc-stats-ali[5.5.1009~1-e4940]:main():gmm-acc-stats-ali.cc:123) Written accs.
# Accounting: time=3 threads=1
# Ended (code 0) at Mon Jun 13 23:37:40 UTC 2022, elapsed time 3 seconds
