# gmm-gselect --n=30 telugu_exp/nnet3_cleaned_1d/diag_ubm/0.dubm "ark,s,cs:apply-cmvn-online --config=conf/online_cmvn.conf --spk2utt=ark:telugu_exp/nnet3_cleaned_1d/diag_ubm/train_cleaned_sp_hires_subset/split30/10/spk2utt telugu_exp/nnet3_cleaned_1d/diag_ubm/global_cmvn.stats scp:telugu_exp/nnet3_cleaned_1d/diag_ubm/train_cleaned_sp_hires_subset/split30/10/feats.scp ark:- | splice-feats --left-context=3 --right-context=3 ark:- ark:- | transform-feats telugu_exp/nnet3_cleaned_1d/diag_ubm/final.mat ark:- ark:- | subsample-feats --n=2 ark:- ark:- |" "ark:|gzip -c >telugu_exp/nnet3_cleaned_1d/diag_ubm/gselect.10.gz" 
# Started at Tue Jun 14 21:21:26 UTC 2022
#
gmm-gselect --n=30 telugu_exp/nnet3_cleaned_1d/diag_ubm/0.dubm 'ark,s,cs:apply-cmvn-online --config=conf/online_cmvn.conf --spk2utt=ark:telugu_exp/nnet3_cleaned_1d/diag_ubm/train_cleaned_sp_hires_subset/split30/10/spk2utt telugu_exp/nnet3_cleaned_1d/diag_ubm/global_cmvn.stats scp:telugu_exp/nnet3_cleaned_1d/diag_ubm/train_cleaned_sp_hires_subset/split30/10/feats.scp ark:- | splice-feats --left-context=3 --right-context=3 ark:- ark:- | transform-feats telugu_exp/nnet3_cleaned_1d/diag_ubm/final.mat ark:- ark:- | subsample-feats --n=2 ark:- ark:- |' 'ark:|gzip -c >telugu_exp/nnet3_cleaned_1d/diag_ubm/gselect.10.gz' 
transform-feats telugu_exp/nnet3_cleaned_1d/diag_ubm/final.mat ark:- ark:- 
subsample-feats --n=2 ark:- ark:- 
splice-feats --left-context=3 --right-context=3 ark:- ark:- 
apply-cmvn-online --config=conf/online_cmvn.conf --spk2utt=ark:telugu_exp/nnet3_cleaned_1d/diag_ubm/train_cleaned_sp_hires_subset/split30/10/spk2utt telugu_exp/nnet3_cleaned_1d/diag_ubm/global_cmvn.stats scp:telugu_exp/nnet3_cleaned_1d/diag_ubm/train_cleaned_sp_hires_subset/split30/10/feats.scp ark:- 
LOG (gmm-gselect[5.5.1009~1-e4940]:main():gmm-gselect.cc:114) For 0'th file, average UBM likelihood over 60 frames is -58.2902
LOG (gmm-gselect[5.5.1009~1-e4940]:main():gmm-gselect.cc:114) For 10'th file, average UBM likelihood over 197 frames is -59.3215
LOG (gmm-gselect[5.5.1009~1-e4940]:main():gmm-gselect.cc:114) For 20'th file, average UBM likelihood over 51 frames is -57.5688
LOG (gmm-gselect[5.5.1009~1-e4940]:main():gmm-gselect.cc:114) For 30'th file, average UBM likelihood over 87 frames is -53.0412
LOG (gmm-gselect[5.5.1009~1-e4940]:main():gmm-gselect.cc:114) For 40'th file, average UBM likelihood over 134 frames is -59.4751
LOG (gmm-gselect[5.5.1009~1-e4940]:main():gmm-gselect.cc:114) For 50'th file, average UBM likelihood over 76 frames is -58.6818
LOG (gmm-gselect[5.5.1009~1-e4940]:main():gmm-gselect.cc:114) For 60'th file, average UBM likelihood over 298 frames is -49.4762
LOG (gmm-gselect[5.5.1009~1-e4940]:main():gmm-gselect.cc:114) For 70'th file, average UBM likelihood over 41 frames is -61.3422
LOG (gmm-gselect[5.5.1009~1-e4940]:main():gmm-gselect.cc:114) For 80'th file, average UBM likelihood over 232 frames is -54.8973
LOG (gmm-gselect[5.5.1009~1-e4940]:main():gmm-gselect.cc:114) For 90'th file, average UBM likelihood over 122 frames is -58.0328
LOG (gmm-gselect[5.5.1009~1-e4940]:main():gmm-gselect.cc:114) For 100'th file, average UBM likelihood over 134 frames is -57.5656
LOG (gmm-gselect[5.5.1009~1-e4940]:main():gmm-gselect.cc:114) For 110'th file, average UBM likelihood over 284 frames is -58.967
LOG (gmm-gselect[5.5.1009~1-e4940]:main():gmm-gselect.cc:114) For 120'th file, average UBM likelihood over 43 frames is -58.0311
LOG (gmm-gselect[5.5.1009~1-e4940]:main():gmm-gselect.cc:114) For 130'th file, average UBM likelihood over 211 frames is -57.4639
LOG (gmm-gselect[5.5.1009~1-e4940]:main():gmm-gselect.cc:114) For 140'th file, average UBM likelihood over 206 frames is -59.1273
LOG (gmm-gselect[5.5.1009~1-e4940]:main():gmm-gselect.cc:114) For 150'th file, average UBM likelihood over 106 frames is -55.2
LOG (gmm-gselect[5.5.1009~1-e4940]:main():gmm-gselect.cc:114) For 160'th file, average UBM likelihood over 97 frames is -57.6803
LOG (gmm-gselect[5.5.1009~1-e4940]:main():gmm-gselect.cc:114) For 170'th file, average UBM likelihood over 75 frames is -54.2322
LOG (gmm-gselect[5.5.1009~1-e4940]:main():gmm-gselect.cc:114) For 180'th file, average UBM likelihood over 42 frames is -58.212
LOG (gmm-gselect[5.5.1009~1-e4940]:main():gmm-gselect.cc:114) For 190'th file, average UBM likelihood over 306 frames is -54.4399
LOG (gmm-gselect[5.5.1009~1-e4940]:main():gmm-gselect.cc:114) For 200'th file, average UBM likelihood over 177 frames is -53.2367
LOG (gmm-gselect[5.5.1009~1-e4940]:main():gmm-gselect.cc:114) For 210'th file, average UBM likelihood over 52 frames is -59.714
LOG (gmm-gselect[5.5.1009~1-e4940]:main():gmm-gselect.cc:114) For 220'th file, average UBM likelihood over 250 frames is -58.6771
LOG (gmm-gselect[5.5.1009~1-e4940]:main():gmm-gselect.cc:114) For 230'th file, average UBM likelihood over 198 frames is -56.4236
LOG (gmm-gselect[5.5.1009~1-e4940]:main():gmm-gselect.cc:114) For 240'th file, average UBM likelihood over 62 frames is -56.3886
LOG (gmm-gselect[5.5.1009~1-e4940]:main():gmm-gselect.cc:114) For 250'th file, average UBM likelihood over 51 frames is -46.6684
LOG (gmm-gselect[5.5.1009~1-e4940]:main():gmm-gselect.cc:114) For 260'th file, average UBM likelihood over 94 frames is -49.6097
LOG (gmm-gselect[5.5.1009~1-e4940]:main():gmm-gselect.cc:114) For 270'th file, average UBM likelihood over 99 frames is -49.8902
LOG (gmm-gselect[5.5.1009~1-e4940]:main():gmm-gselect.cc:114) For 280'th file, average UBM likelihood over 67 frames is -55.9198
LOG (gmm-gselect[5.5.1009~1-e4940]:main():gmm-gselect.cc:114) For 290'th file, average UBM likelihood over 37 frames is -51.445
LOG (gmm-gselect[5.5.1009~1-e4940]:main():gmm-gselect.cc:114) For 300'th file, average UBM likelihood over 156 frames is -54.6186
LOG (gmm-gselect[5.5.1009~1-e4940]:main():gmm-gselect.cc:114) For 310'th file, average UBM likelihood over 109 frames is -49.2604
LOG (gmm-gselect[5.5.1009~1-e4940]:main():gmm-gselect.cc:114) For 320'th file, average UBM likelihood over 52 frames is -49.124
LOG (gmm-gselect[5.5.1009~1-e4940]:main():gmm-gselect.cc:114) For 330'th file, average UBM likelihood over 122 frames is -58.8888
LOG (gmm-gselect[5.5.1009~1-e4940]:main():gmm-gselect.cc:114) For 340'th file, average UBM likelihood over 183 frames is -56.0589
LOG (gmm-gselect[5.5.1009~1-e4940]:main():gmm-gselect.cc:114) For 350'th file, average UBM likelihood over 217 frames is -42.381
LOG (gmm-gselect[5.5.1009~1-e4940]:main():gmm-gselect.cc:114) For 360'th file, average UBM likelihood over 121 frames is -41.6374
LOG (gmm-gselect[5.5.1009~1-e4940]:main():gmm-gselect.cc:114) For 370'th file, average UBM likelihood over 220 frames is -45.1774
LOG (gmm-gselect[5.5.1009~1-e4940]:main():gmm-gselect.cc:114) For 380'th file, average UBM likelihood over 560 frames is -47.0206
LOG (gmm-gselect[5.5.1009~1-e4940]:main():gmm-gselect.cc:114) For 390'th file, average UBM likelihood over 338 frames is -47.1767
LOG (gmm-gselect[5.5.1009~1-e4940]:main():gmm-gselect.cc:114) For 400'th file, average UBM likelihood over 301 frames is -45.1256
LOG (gmm-gselect[5.5.1009~1-e4940]:main():gmm-gselect.cc:114) For 410'th file, average UBM likelihood over 394 frames is -47.1562
LOG (gmm-gselect[5.5.1009~1-e4940]:main():gmm-gselect.cc:114) For 420'th file, average UBM likelihood over 248 frames is -46.8278
LOG (gmm-gselect[5.5.1009~1-e4940]:main():gmm-gselect.cc:114) For 430'th file, average UBM likelihood over 307 frames is -47.2149
LOG (gmm-gselect[5.5.1009~1-e4940]:main():gmm-gselect.cc:114) For 440'th file, average UBM likelihood over 402 frames is -47.2435
LOG (gmm-gselect[5.5.1009~1-e4940]:main():gmm-gselect.cc:114) For 450'th file, average UBM likelihood over 206 frames is -46.5567
LOG (gmm-gselect[5.5.1009~1-e4940]:main():gmm-gselect.cc:114) For 460'th file, average UBM likelihood over 236 frames is -44.771
LOG (gmm-gselect[5.5.1009~1-e4940]:main():gmm-gselect.cc:114) For 470'th file, average UBM likelihood over 256 frames is -44.8651
LOG (gmm-gselect[5.5.1009~1-e4940]:main():gmm-gselect.cc:114) For 480'th file, average UBM likelihood over 323 frames is -47.2825
LOG (gmm-gselect[5.5.1009~1-e4940]:main():gmm-gselect.cc:114) For 490'th file, average UBM likelihood over 365 frames is -49.7238
LOG (gmm-gselect[5.5.1009~1-e4940]:main():gmm-gselect.cc:114) For 500'th file, average UBM likelihood over 304 frames is -47.9848
LOG (gmm-gselect[5.5.1009~1-e4940]:main():gmm-gselect.cc:114) For 510'th file, average UBM likelihood over 276 frames is -43.8402
LOG (gmm-gselect[5.5.1009~1-e4940]:main():gmm-gselect.cc:114) For 520'th file, average UBM likelihood over 302 frames is -47.4304
LOG (gmm-gselect[5.5.1009~1-e4940]:main():gmm-gselect.cc:114) For 530'th file, average UBM likelihood over 254 frames is -46.0287
LOG (gmm-gselect[5.5.1009~1-e4940]:main():gmm-gselect.cc:114) For 540'th file, average UBM likelihood over 414 frames is -44.1098
LOG (gmm-gselect[5.5.1009~1-e4940]:main():gmm-gselect.cc:114) For 550'th file, average UBM likelihood over 243 frames is -45.5837
LOG (gmm-gselect[5.5.1009~1-e4940]:main():gmm-gselect.cc:114) For 560'th file, average UBM likelihood over 277 frames is -45.7796
LOG (gmm-gselect[5.5.1009~1-e4940]:main():gmm-gselect.cc:114) For 570'th file, average UBM likelihood over 334 frames is -49.6902
LOG (gmm-gselect[5.5.1009~1-e4940]:main():gmm-gselect.cc:114) For 580'th file, average UBM likelihood over 438 frames is -49.9288
LOG (gmm-gselect[5.5.1009~1-e4940]:main():gmm-gselect.cc:114) For 590'th file, average UBM likelihood over 478 frames is -50.6087
LOG (gmm-gselect[5.5.1009~1-e4940]:main():gmm-gselect.cc:114) For 600'th file, average UBM likelihood over 282 frames is -48.7469
LOG (gmm-gselect[5.5.1009~1-e4940]:main():gmm-gselect.cc:114) For 610'th file, average UBM likelihood over 386 frames is -50.8525
LOG (gmm-gselect[5.5.1009~1-e4940]:main():gmm-gselect.cc:114) For 620'th file, average UBM likelihood over 221 frames is -48.6259
LOG (gmm-gselect[5.5.1009~1-e4940]:main():gmm-gselect.cc:114) For 630'th file, average UBM likelihood over 475 frames is -52.7198
LOG (gmm-gselect[5.5.1009~1-e4940]:main():gmm-gselect.cc:114) For 640'th file, average UBM likelihood over 391 frames is -47.6601
LOG (gmm-gselect[5.5.1009~1-e4940]:main():gmm-gselect.cc:114) For 650'th file, average UBM likelihood over 230 frames is -50.5875
LOG (gmm-gselect[5.5.1009~1-e4940]:main():gmm-gselect.cc:114) For 660'th file, average UBM likelihood over 471 frames is -49.9809
LOG (gmm-gselect[5.5.1009~1-e4940]:main():gmm-gselect.cc:114) For 670'th file, average UBM likelihood over 275 frames is -47.1886
LOG (gmm-gselect[5.5.1009~1-e4940]:main():gmm-gselect.cc:114) For 680'th file, average UBM likelihood over 179 frames is -45.9726
LOG (gmm-gselect[5.5.1009~1-e4940]:main():gmm-gselect.cc:114) For 690'th file, average UBM likelihood over 310 frames is -46.7772
LOG (gmm-gselect[5.5.1009~1-e4940]:main():gmm-gselect.cc:114) For 700'th file, average UBM likelihood over 401 frames is -50.5981
LOG (gmm-gselect[5.5.1009~1-e4940]:main():gmm-gselect.cc:114) For 710'th file, average UBM likelihood over 251 frames is -44.6598
LOG (gmm-gselect[5.5.1009~1-e4940]:main():gmm-gselect.cc:114) For 720'th file, average UBM likelihood over 274 frames is -47.0899
LOG (gmm-gselect[5.5.1009~1-e4940]:main():gmm-gselect.cc:114) For 730'th file, average UBM likelihood over 309 frames is -45.3431
LOG (gmm-gselect[5.5.1009~1-e4940]:main():gmm-gselect.cc:114) For 740'th file, average UBM likelihood over 349 frames is -49.6431
LOG (gmm-gselect[5.5.1009~1-e4940]:main():gmm-gselect.cc:114) For 750'th file, average UBM likelihood over 279 frames is -48.1799
LOG (gmm-gselect[5.5.1009~1-e4940]:main():gmm-gselect.cc:114) For 760'th file, average UBM likelihood over 503 frames is -49.7101
LOG (gmm-gselect[5.5.1009~1-e4940]:main():gmm-gselect.cc:114) For 770'th file, average UBM likelihood over 261 frames is -47.5447
LOG (gmm-gselect[5.5.1009~1-e4940]:main():gmm-gselect.cc:114) For 780'th file, average UBM likelihood over 211 frames is -44.0569
LOG (gmm-gselect[5.5.1009~1-e4940]:main():gmm-gselect.cc:114) For 790'th file, average UBM likelihood over 330 frames is -46.1824
LOG (gmm-gselect[5.5.1009~1-e4940]:main():gmm-gselect.cc:114) For 800'th file, average UBM likelihood over 251 frames is -44.4073
LOG (gmm-gselect[5.5.1009~1-e4940]:main():gmm-gselect.cc:114) For 810'th file, average UBM likelihood over 558 frames is -56.9061
LOG (gmm-gselect[5.5.1009~1-e4940]:main():gmm-gselect.cc:114) For 820'th file, average UBM likelihood over 983 frames is -54.6648
LOG (gmm-gselect[5.5.1009~1-e4940]:main():gmm-gselect.cc:114) For 830'th file, average UBM likelihood over 330 frames is -54.5878
LOG (gmm-gselect[5.5.1009~1-e4940]:main():gmm-gselect.cc:114) For 840'th file, average UBM likelihood over 246 frames is -45.697
LOG (gmm-gselect[5.5.1009~1-e4940]:main():gmm-gselect.cc:114) For 850'th file, average UBM likelihood over 316 frames is -45.3585
LOG (gmm-gselect[5.5.1009~1-e4940]:main():gmm-gselect.cc:114) For 860'th file, average UBM likelihood over 254 frames is -43.8416
LOG (gmm-gselect[5.5.1009~1-e4940]:main():gmm-gselect.cc:114) For 870'th file, average UBM likelihood over 259 frames is -46.4694
LOG (gmm-gselect[5.5.1009~1-e4940]:main():gmm-gselect.cc:114) For 880'th file, average UBM likelihood over 275 frames is -45.8868
LOG (gmm-gselect[5.5.1009~1-e4940]:main():gmm-gselect.cc:114) For 890'th file, average UBM likelihood over 199 frames is -45.8549
LOG (gmm-gselect[5.5.1009~1-e4940]:main():gmm-gselect.cc:114) For 900'th file, average UBM likelihood over 493 frames is -50.7321
LOG (gmm-gselect[5.5.1009~1-e4940]:main():gmm-gselect.cc:114) For 910'th file, average UBM likelihood over 291 frames is -49.6127
LOG (gmm-gselect[5.5.1009~1-e4940]:main():gmm-gselect.cc:114) For 920'th file, average UBM likelihood over 274 frames is -46.7584
LOG (gmm-gselect[5.5.1009~1-e4940]:main():gmm-gselect.cc:114) For 930'th file, average UBM likelihood over 254 frames is -48.5018
LOG (gmm-gselect[5.5.1009~1-e4940]:main():gmm-gselect.cc:114) For 940'th file, average UBM likelihood over 284 frames is -44.8602
LOG (gmm-gselect[5.5.1009~1-e4940]:main():gmm-gselect.cc:114) For 950'th file, average UBM likelihood over 285 frames is -46.7417
LOG (gmm-gselect[5.5.1009~1-e4940]:main():gmm-gselect.cc:114) For 960'th file, average UBM likelihood over 424 frames is -46.7099
LOG (gmm-gselect[5.5.1009~1-e4940]:main():gmm-gselect.cc:114) For 970'th file, average UBM likelihood over 330 frames is -42.883
LOG (gmm-gselect[5.5.1009~1-e4940]:main():gmm-gselect.cc:114) For 980'th file, average UBM likelihood over 292 frames is -41.6468
LOG (gmm-gselect[5.5.1009~1-e4940]:main():gmm-gselect.cc:114) For 990'th file, average UBM likelihood over 323 frames is -48.6056
LOG (gmm-gselect[5.5.1009~1-e4940]:main():gmm-gselect.cc:114) For 1000'th file, average UBM likelihood over 449 frames is -45.1469
LOG (gmm-gselect[5.5.1009~1-e4940]:main():gmm-gselect.cc:114) For 1010'th file, average UBM likelihood over 279 frames is -47.4743
LOG (gmm-gselect[5.5.1009~1-e4940]:main():gmm-gselect.cc:114) For 1020'th file, average UBM likelihood over 189 frames is -43.4097
LOG (gmm-gselect[5.5.1009~1-e4940]:main():gmm-gselect.cc:114) For 1030'th file, average UBM likelihood over 288 frames is -44.9822
LOG (gmm-gselect[5.5.1009~1-e4940]:main():gmm-gselect.cc:114) For 1040'th file, average UBM likelihood over 189 frames is -45.214
LOG (gmm-gselect[5.5.1009~1-e4940]:main():gmm-gselect.cc:114) For 1050'th file, average UBM likelihood over 252 frames is -46.0147
LOG (gmm-gselect[5.5.1009~1-e4940]:main():gmm-gselect.cc:114) For 1060'th file, average UBM likelihood over 434 frames is -53.216
LOG (gmm-gselect[5.5.1009~1-e4940]:main():gmm-gselect.cc:114) For 1070'th file, average UBM likelihood over 353 frames is -53.9694
LOG (apply-cmvn-online[5.5.1009~1-e4940]:main():apply-cmvn-online.cc:133) Applied online CMVN to 1082 files, or 548497 frames.
LOG (transform-feats[5.5.1009~1-e4940]:main():transform-feats.cc:158) Overall average [pseudo-]logdet is -127.761 over 548497 frames.
LOG (transform-feats[5.5.1009~1-e4940]:main():transform-feats.cc:161) Applied transform to 1082 utterances; 0 had errors.
LOG (subsample-feats[5.5.1009~1-e4940]:main():subsample-feats.cc:115) Processed 1082 feature matrices; 0 with errors.
LOG (subsample-feats[5.5.1009~1-e4940]:main():subsample-feats.cc:117) Processed 548497 input frames and 274507 output frames.
LOG (gmm-gselect[5.5.1009~1-e4940]:main():gmm-gselect.cc:114) For 1080'th file, average UBM likelihood over 256 frames is -44.6104
LOG (gmm-gselect[5.5.1009~1-e4940]:main():gmm-gselect.cc:125) Done 1082 files, 0 with errors, average UBM log-likelihood is -49.0124 over 274507 frames.
# Accounting: time=13 threads=1
# Ended (code 0) at Tue Jun 14 21:21:39 UTC 2022, elapsed time 13 seconds
