# lattice-align-phones --replace-output-symbols=true telugu_exp/chain_cleaned_1d/tri3_cleaned_train_cleaned_sp_lats/final.mdl "ark:gunzip -c telugu_exp/chain_cleaned_1d/tri3_cleaned_train_cleaned_sp_lats/lat.100.gz |" ark:- | chain-get-supervision --lattice-input=true --frame-subsampling-factor=3 --right-tolerance=5 --left-tolerance=5 --convert-to-pdfs=false telugu_exp/chain_cleaned_1d/tdnn1d_sp/tree telugu_exp/chain_cleaned_1d/tdnn1d_sp/0.trans_mdl ark:- ark:- | nnet3-chain-get-egs --online-ivectors=scp:telugu_exp/nnet3_cleaned_1d/ivectors_train_cleaned_sp_hires/ivector_online.scp --online-ivector-period=10 --srand=$[100+0] --left-context=29 --right-context=29 --num-frames=150,110,100 --frame-subsampling-factor=3 --compress=true --num-frames-overlap=0 --transition-model=telugu_exp/chain_cleaned_1d/tdnn1d_sp/0.trans_mdl "ark,s,cs:utils/filter_scp.pl --exclude telugu_exp/chain_cleaned_1d/tdnn1d_sp/egs/valid_uttlist telugu_data/train_cleaned_sp_hires/split100/100/feats.scp | apply-cmvn-online --config=conf/online_cmvn.conf --spk2utt=ark:telugu_data/train_cleaned_sp_hires/split100/100/spk2utt telugu_exp/chain_cleaned_1d/tdnn1d_sp/egs/global_cmvn.stats scp:- ark:- |" ark,s,cs:- ark:- | nnet3-chain-copy-egs --random=true --srand=$[100+0] ark:- ark:telugu_exp/chain_cleaned_1d/tdnn1d_sp/egs/cegs_orig.100.1.ark ark:telugu_exp/chain_cleaned_1d/tdnn1d_sp/egs/cegs_orig.100.2.ark ark:telugu_exp/chain_cleaned_1d/tdnn1d_sp/egs/cegs_orig.100.3.ark ark:telugu_exp/chain_cleaned_1d/tdnn1d_sp/egs/cegs_orig.100.4.ark ark:telugu_exp/chain_cleaned_1d/tdnn1d_sp/egs/cegs_orig.100.5.ark ark:telugu_exp/chain_cleaned_1d/tdnn1d_sp/egs/cegs_orig.100.6.ark ark:telugu_exp/chain_cleaned_1d/tdnn1d_sp/egs/cegs_orig.100.7.ark ark:telugu_exp/chain_cleaned_1d/tdnn1d_sp/egs/cegs_orig.100.8.ark ark:telugu_exp/chain_cleaned_1d/tdnn1d_sp/egs/cegs_orig.100.9.ark 
# Started at Wed Jun 15 01:47:39 UTC 2022
#
chain-get-supervision --lattice-input=true --frame-subsampling-factor=3 --right-tolerance=5 --left-tolerance=5 --convert-to-pdfs=false telugu_exp/chain_cleaned_1d/tdnn1d_sp/tree telugu_exp/chain_cleaned_1d/tdnn1d_sp/0.trans_mdl ark:- ark:- 
lattice-align-phones --replace-output-symbols=true telugu_exp/chain_cleaned_1d/tri3_cleaned_train_cleaned_sp_lats/final.mdl 'ark:gunzip -c telugu_exp/chain_cleaned_1d/tri3_cleaned_train_cleaned_sp_lats/lat.100.gz |' ark:- 
nnet3-chain-get-egs --online-ivectors=scp:telugu_exp/nnet3_cleaned_1d/ivectors_train_cleaned_sp_hires/ivector_online.scp --online-ivector-period=10 --srand=100 --left-context=29 --right-context=29 --num-frames=150,110,100 --frame-subsampling-factor=3 --compress=true --num-frames-overlap=0 --transition-model=telugu_exp/chain_cleaned_1d/tdnn1d_sp/0.trans_mdl 'ark,s,cs:utils/filter_scp.pl --exclude telugu_exp/chain_cleaned_1d/tdnn1d_sp/egs/valid_uttlist telugu_data/train_cleaned_sp_hires/split100/100/feats.scp | apply-cmvn-online --config=conf/online_cmvn.conf --spk2utt=ark:telugu_data/train_cleaned_sp_hires/split100/100/spk2utt telugu_exp/chain_cleaned_1d/tdnn1d_sp/egs/global_cmvn.stats scp:- ark:- |' ark,s,cs:- ark:- 
LOG (nnet3-chain-get-egs[5.5.1009~1-e4940]:ComputeDerived():nnet-example-utils.cc:346) Rounding up --num-frames=150,110,100 to multiples of --frame-subsampling-factor=3, to: 150,111,102
nnet3-chain-copy-egs --random=true --srand=100 ark:- ark:telugu_exp/chain_cleaned_1d/tdnn1d_sp/egs/cegs_orig.100.1.ark ark:telugu_exp/chain_cleaned_1d/tdnn1d_sp/egs/cegs_orig.100.2.ark ark:telugu_exp/chain_cleaned_1d/tdnn1d_sp/egs/cegs_orig.100.3.ark ark:telugu_exp/chain_cleaned_1d/tdnn1d_sp/egs/cegs_orig.100.4.ark ark:telugu_exp/chain_cleaned_1d/tdnn1d_sp/egs/cegs_orig.100.5.ark ark:telugu_exp/chain_cleaned_1d/tdnn1d_sp/egs/cegs_orig.100.6.ark ark:telugu_exp/chain_cleaned_1d/tdnn1d_sp/egs/cegs_orig.100.7.ark ark:telugu_exp/chain_cleaned_1d/tdnn1d_sp/egs/cegs_orig.100.8.ark ark:telugu_exp/chain_cleaned_1d/tdnn1d_sp/egs/cegs_orig.100.9.ark 
apply-cmvn-online --config=conf/online_cmvn.conf --spk2utt=ark:telugu_data/train_cleaned_sp_hires/split100/100/spk2utt telugu_exp/chain_cleaned_1d/tdnn1d_sp/egs/global_cmvn.stats scp:- ark:- 
WARNING (apply-cmvn-online[5.5.1009~1-e4940]:main():apply-cmvn-online.cc:84) No features for utterance tem_02812_01983310219-1
WARNING (apply-cmvn-online[5.5.1009~1-e4940]:main():apply-cmvn-online.cc:84) No features for utterance tem_03338_00864736772-1
WARNING (apply-cmvn-online[5.5.1009~1-e4940]:main():apply-cmvn-online.cc:84) No features for utterance tem_03338_01677759831-1
WARNING (apply-cmvn-online[5.5.1009~1-e4940]:main():apply-cmvn-online.cc:84) No features for utterance tem_05479_01749811946-1
WARNING (nnet3-chain-get-egs[5.5.1009~1-e4940]:ProcessFile():nnet3-chain-get-egs.cc:134) Not producing egs for utterance tem_06359_02125756845-1 because it is too short: 100 frames.
WARNING (nnet3-chain-get-egs[5.5.1009~1-e4940]:ProcessFile():nnet3-chain-get-egs.cc:134) Not producing egs for utterance tem_07220_02142685524-1 because it is too short: 101 frames.
WARNING (nnet3-chain-get-egs[5.5.1009~1-e4940]:ProcessFile():nnet3-chain-get-egs.cc:134) Not producing egs for utterance tem_08680_01506668263-1 because it is too short: 100 frames.
WARNING (apply-cmvn-online[5.5.1009~1-e4940]:main():apply-cmvn-online.cc:84) No features for utterance tem_08680_01934605723-1
WARNING (apply-cmvn-online[5.5.1009~1-e4940]:main():apply-cmvn-online.cc:84) No features for utterance tem_09015_00810454139-1
LOG (lattice-align-phones[5.5.1009~1-e4940]:main():lattice-align-phones.cc:105) Successfully aligned 1702 lattices; 0 had errors.
LOG (chain-get-supervision[5.5.1009~1-e4940]:main():chain-get-supervision.cc:150) Generated chain supervision information for 1702 utterances, errors on 0
LOG (apply-cmvn-online[5.5.1009~1-e4940]:main():apply-cmvn-online.cc:133) Applied online CMVN to 1696 files, or 609336 frames.
WARNING (nnet3-chain-get-egs[5.5.1009~1-e4940]:main():nnet3-chain-get-egs.cc:442) 3 utterances had errors and could not be processed.
LOG (nnet3-chain-get-egs[5.5.1009~1-e4940]:~UtteranceSplitter():nnet-example-utils.cc:372) Split 1696 utts, with total length 609336 frames (1.6926 hours assuming 100 frames per second) into 4714 chunks.
LOG (nnet3-chain-get-egs[5.5.1009~1-e4940]:~UtteranceSplitter():nnet-example-utils.cc:382) Average chunk length was 131.346 frames; overlap between adjacent chunks was 2.09884% of input length; length of output was 101.613% of input length (minus overlap = 99.5146%).
LOG (nnet3-chain-get-egs[5.5.1009~1-e4940]:~UtteranceSplitter():nnet-example-utils.cc:398) Output frames are distributed among chunk-sizes as follows: 102 = 21.04%, 111 = 12.24%, 150 = 66.72%
LOG (nnet3-chain-copy-egs[5.5.1009~1-e4940]:main():nnet3-chain-copy-egs.cc:395) Read 4714 neural-network training examples, wrote 4714
# Accounting: time=10 threads=1
# Ended (code 0) at Wed Jun 15 01:47:49 UTC 2022, elapsed time 10 seconds
