# lattice-align-phones --replace-output-symbols=true telugu_exp/chain_cleaned_1d/tri3_cleaned_train_cleaned_sp_lats/final.mdl "ark:gunzip -c telugu_exp/chain_cleaned_1d/tri3_cleaned_train_cleaned_sp_lats/lat.70.gz |" ark:- | chain-get-supervision --lattice-input=true --frame-subsampling-factor=3 --right-tolerance=5 --left-tolerance=5 --convert-to-pdfs=false telugu_exp/chain_cleaned_1d/tdnn1d_sp/tree telugu_exp/chain_cleaned_1d/tdnn1d_sp/0.trans_mdl ark:- ark:- | nnet3-chain-get-egs --online-ivectors=scp:telugu_exp/nnet3_cleaned_1d/ivectors_train_cleaned_sp_hires/ivector_online.scp --online-ivector-period=10 --srand=$[70+0] --left-context=29 --right-context=29 --num-frames=150,110,100 --frame-subsampling-factor=3 --compress=true --num-frames-overlap=0 --transition-model=telugu_exp/chain_cleaned_1d/tdnn1d_sp/0.trans_mdl "ark,s,cs:utils/filter_scp.pl --exclude telugu_exp/chain_cleaned_1d/tdnn1d_sp/egs/valid_uttlist telugu_data/train_cleaned_sp_hires/split100/70/feats.scp | apply-cmvn-online --config=conf/online_cmvn.conf --spk2utt=ark:telugu_data/train_cleaned_sp_hires/split100/70/spk2utt telugu_exp/chain_cleaned_1d/tdnn1d_sp/egs/global_cmvn.stats scp:- ark:- |" ark,s,cs:- ark:- | nnet3-chain-copy-egs --random=true --srand=$[70+0] ark:- ark:telugu_exp/chain_cleaned_1d/tdnn1d_sp/egs/cegs_orig.70.1.ark ark:telugu_exp/chain_cleaned_1d/tdnn1d_sp/egs/cegs_orig.70.2.ark ark:telugu_exp/chain_cleaned_1d/tdnn1d_sp/egs/cegs_orig.70.3.ark ark:telugu_exp/chain_cleaned_1d/tdnn1d_sp/egs/cegs_orig.70.4.ark ark:telugu_exp/chain_cleaned_1d/tdnn1d_sp/egs/cegs_orig.70.5.ark ark:telugu_exp/chain_cleaned_1d/tdnn1d_sp/egs/cegs_orig.70.6.ark ark:telugu_exp/chain_cleaned_1d/tdnn1d_sp/egs/cegs_orig.70.7.ark ark:telugu_exp/chain_cleaned_1d/tdnn1d_sp/egs/cegs_orig.70.8.ark ark:telugu_exp/chain_cleaned_1d/tdnn1d_sp/egs/cegs_orig.70.9.ark 
# Started at Wed Jun 15 01:47:02 UTC 2022
#
chain-get-supervision --lattice-input=true --frame-subsampling-factor=3 --right-tolerance=5 --left-tolerance=5 --convert-to-pdfs=false telugu_exp/chain_cleaned_1d/tdnn1d_sp/tree telugu_exp/chain_cleaned_1d/tdnn1d_sp/0.trans_mdl ark:- ark:- 
lattice-align-phones --replace-output-symbols=true telugu_exp/chain_cleaned_1d/tri3_cleaned_train_cleaned_sp_lats/final.mdl 'ark:gunzip -c telugu_exp/chain_cleaned_1d/tri3_cleaned_train_cleaned_sp_lats/lat.70.gz |' ark:- 
nnet3-chain-get-egs --online-ivectors=scp:telugu_exp/nnet3_cleaned_1d/ivectors_train_cleaned_sp_hires/ivector_online.scp --online-ivector-period=10 --srand=70 --left-context=29 --right-context=29 --num-frames=150,110,100 --frame-subsampling-factor=3 --compress=true --num-frames-overlap=0 --transition-model=telugu_exp/chain_cleaned_1d/tdnn1d_sp/0.trans_mdl 'ark,s,cs:utils/filter_scp.pl --exclude telugu_exp/chain_cleaned_1d/tdnn1d_sp/egs/valid_uttlist telugu_data/train_cleaned_sp_hires/split100/70/feats.scp | apply-cmvn-online --config=conf/online_cmvn.conf --spk2utt=ark:telugu_data/train_cleaned_sp_hires/split100/70/spk2utt telugu_exp/chain_cleaned_1d/tdnn1d_sp/egs/global_cmvn.stats scp:- ark:- |' ark,s,cs:- ark:- 
LOG (nnet3-chain-get-egs[5.5.1009~1-e4940]:ComputeDerived():nnet-example-utils.cc:346) Rounding up --num-frames=150,110,100 to multiples of --frame-subsampling-factor=3, to: 150,111,102
nnet3-chain-copy-egs --random=true --srand=70 ark:- ark:telugu_exp/chain_cleaned_1d/tdnn1d_sp/egs/cegs_orig.70.1.ark ark:telugu_exp/chain_cleaned_1d/tdnn1d_sp/egs/cegs_orig.70.2.ark ark:telugu_exp/chain_cleaned_1d/tdnn1d_sp/egs/cegs_orig.70.3.ark ark:telugu_exp/chain_cleaned_1d/tdnn1d_sp/egs/cegs_orig.70.4.ark ark:telugu_exp/chain_cleaned_1d/tdnn1d_sp/egs/cegs_orig.70.5.ark ark:telugu_exp/chain_cleaned_1d/tdnn1d_sp/egs/cegs_orig.70.6.ark ark:telugu_exp/chain_cleaned_1d/tdnn1d_sp/egs/cegs_orig.70.7.ark ark:telugu_exp/chain_cleaned_1d/tdnn1d_sp/egs/cegs_orig.70.8.ark ark:telugu_exp/chain_cleaned_1d/tdnn1d_sp/egs/cegs_orig.70.9.ark 
apply-cmvn-online --config=conf/online_cmvn.conf --spk2utt=ark:telugu_data/train_cleaned_sp_hires/split100/70/spk2utt telugu_exp/chain_cleaned_1d/tdnn1d_sp/egs/global_cmvn.stats scp:- ark:- 
WARNING (nnet3-chain-get-egs[5.5.1009~1-e4940]:main():nnet3-chain-get-egs.cc:393) No pdf-level posterior for key sp1.1-000170204-1
WARNING (nnet3-chain-get-egs[5.5.1009~1-e4940]:main():nnet3-chain-get-egs.cc:393) No pdf-level posterior for key sp1.1-000180421-1
WARNING (nnet3-chain-get-egs[5.5.1009~1-e4940]:main():nnet3-chain-get-egs.cc:393) No pdf-level posterior for key sp1.1-000240223-1
WARNING (apply-cmvn-online[5.5.1009~1-e4940]:main():apply-cmvn-online.cc:84) No features for utterance sp1.1-000240331-1
WARNING (nnet3-chain-get-egs[5.5.1009~1-e4940]:main():nnet3-chain-get-egs.cc:393) No pdf-level posterior for key sp1.1-000280196-1
WARNING (apply-cmvn-online[5.5.1009~1-e4940]:main():apply-cmvn-online.cc:84) No features for utterance sp1.1-000310023-1
WARNING (nnet3-chain-get-egs[5.5.1009~1-e4940]:ProcessFile():nnet3-chain-get-egs.cc:134) Not producing egs for utterance sp1.1-000320309-1 because it is too short: 78 frames.
WARNING (nnet3-chain-get-egs[5.5.1009~1-e4940]:main():nnet3-chain-get-egs.cc:393) No pdf-level posterior for key sp1.1-000330391-1
WARNING (apply-cmvn-online[5.5.1009~1-e4940]:main():apply-cmvn-online.cc:84) No features for utterance sp1.1-000330396-1
WARNING (nnet3-chain-get-egs[5.5.1009~1-e4940]:main():nnet3-chain-get-egs.cc:393) No pdf-level posterior for key sp1.1-000340241-1
WARNING (nnet3-chain-get-egs[5.5.1009~1-e4940]:main():nnet3-chain-get-egs.cc:393) No pdf-level posterior for key sp1.1-000340377-1
WARNING (nnet3-chain-get-egs[5.5.1009~1-e4940]:main():nnet3-chain-get-egs.cc:393) No pdf-level posterior for key sp1.1-000350079-1
LOG (lattice-align-phones[5.5.1009~1-e4940]:main():lattice-align-phones.cc:105) Successfully aligned 1426 lattices; 0 had errors.
LOG (chain-get-supervision[5.5.1009~1-e4940]:main():chain-get-supervision.cc:150) Generated chain supervision information for 1426 utterances, errors on 0
LOG (apply-cmvn-online[5.5.1009~1-e4940]:main():apply-cmvn-online.cc:133) Applied online CMVN to 1431 files, or 779371 frames.
WARNING (nnet3-chain-get-egs[5.5.1009~1-e4940]:main():nnet3-chain-get-egs.cc:442) 9 utterances had errors and could not be processed.
LOG (nnet3-chain-get-egs[5.5.1009~1-e4940]:~UtteranceSplitter():nnet-example-utils.cc:372) Split 1423 utts, with total length 775797 frames (2.15499 hours assuming 100 frames per second) into 5716 chunks.
LOG (nnet3-chain-get-egs[5.5.1009~1-e4940]:~UtteranceSplitter():nnet-example-utils.cc:382) Average chunk length was 137.137 frames; overlap between adjacent chunks was 1.3403% of input length; length of output was 101.041% of input length (minus overlap = 99.7011%).
LOG (nnet3-chain-get-egs[5.5.1009~1-e4940]:~UtteranceSplitter():nnet-example-utils.cc:398) Output frames are distributed among chunk-sizes as follows: 102 = 13.88%, 111 = 8.1%, 150 = 78.02%
LOG (nnet3-chain-copy-egs[5.5.1009~1-e4940]:main():nnet3-chain-copy-egs.cc:395) Read 5716 neural-network training examples, wrote 5716
# Accounting: time=32 threads=1
# Ended (code 0) at Wed Jun 15 01:47:34 UTC 2022, elapsed time 32 seconds
