# gmm-acc-stats-ali telugu_exp/tri3/13.mdl "ark,s,cs:apply-cmvn  --utt2spk=ark:telugu_data/train/split8/8/utt2spk scp:telugu_data/train/split8/8/cmvn.scp scp:telugu_data/train/split8/8/feats.scp ark:- | splice-feats  ark:- ark:- | transform-feats telugu_exp/tri2_ali/final.mat ark:- ark:- | transform-feats --utt2spk=ark:telugu_data/train/split8/8/utt2spk ark:telugu_exp/tri3/trans.8 ark:- ark:- |" "ark,s,cs:gunzip -c telugu_exp/tri3/ali.8.gz|" telugu_exp/tri3/13.8.acc 
# Started at Tue Jun 14 08:10:04 UTC 2022
#
gmm-acc-stats-ali telugu_exp/tri3/13.mdl 'ark,s,cs:apply-cmvn  --utt2spk=ark:telugu_data/train/split8/8/utt2spk scp:telugu_data/train/split8/8/cmvn.scp scp:telugu_data/train/split8/8/feats.scp ark:- | splice-feats  ark:- ark:- | transform-feats telugu_exp/tri2_ali/final.mat ark:- ark:- | transform-feats --utt2spk=ark:telugu_data/train/split8/8/utt2spk ark:telugu_exp/tri3/trans.8 ark:- ark:- |' 'ark,s,cs:gunzip -c telugu_exp/tri3/ali.8.gz|' telugu_exp/tri3/13.8.acc 
transform-feats telugu_exp/tri2_ali/final.mat ark:- ark:- 
apply-cmvn --utt2spk=ark:telugu_data/train/split8/8/utt2spk scp:telugu_data/train/split8/8/cmvn.scp scp:telugu_data/train/split8/8/feats.scp ark:- 
splice-feats ark:- ark:- 
transform-feats --utt2spk=ark:telugu_data/train/split8/8/utt2spk ark:telugu_exp/tri3/trans.8 ark:- ark:- 
LOG (gmm-acc-stats-ali[5.5.1009~1-e4940]:main():gmm-acc-stats-ali.cc:105) Processed 50 utterances; for utterance TE4029-TE4030_1-A.234 avg. like is -46.4133 over 152 frames.
LOG (gmm-acc-stats-ali[5.5.1009~1-e4940]:main():gmm-acc-stats-ali.cc:105) Processed 100 utterances; for utterance TE4029-TE4030_2-B.233 avg. like is -53.7028 over 62 frames.
LOG (gmm-acc-stats-ali[5.5.1009~1-e4940]:main():gmm-acc-stats-ali.cc:105) Processed 150 utterances; for utterance TE4029-TE4031_2-B.148 avg. like is -40.1109 over 58 frames.
LOG (gmm-acc-stats-ali[5.5.1009~1-e4940]:main():gmm-acc-stats-ali.cc:105) Processed 200 utterances; for utterance TE4031-TE4032_1-A.190 avg. like is -57.127 over 99 frames.
LOG (gmm-acc-stats-ali[5.5.1009~1-e4940]:main():gmm-acc-stats-ali.cc:105) Processed 250 utterances; for utterance TE4033-TE4034_1-A.297 avg. like is -48.3357 over 576 frames.
LOG (gmm-acc-stats-ali[5.5.1009~1-e4940]:main():gmm-acc-stats-ali.cc:105) Processed 300 utterances; for utterance TE4033-TE4035_2-A.110 avg. like is -50.373 over 324 frames.
LOG (gmm-acc-stats-ali[5.5.1009~1-e4940]:main():gmm-acc-stats-ali.cc:105) Processed 350 utterances; for utterance TE4034-TE4036_1-B.285 avg. like is -47.4877 over 171 frames.
LOG (gmm-acc-stats-ali[5.5.1009~1-e4940]:main():gmm-acc-stats-ali.cc:105) Processed 400 utterances; for utterance TE4035-TE4036_1-B.181 avg. like is -51.8327 over 79 frames.
LOG (gmm-acc-stats-ali[5.5.1009~1-e4940]:main():gmm-acc-stats-ali.cc:105) Processed 450 utterances; for utterance TE4037-TE4038_2-B.169 avg. like is -46.8953 over 68 frames.
LOG (gmm-acc-stats-ali[5.5.1009~1-e4940]:main():gmm-acc-stats-ali.cc:105) Processed 500 utterances; for utterance TE4037-TE4039_2-B.212 avg. like is -46.1512 over 71 frames.
LOG (gmm-acc-stats-ali[5.5.1009~1-e4940]:main():gmm-acc-stats-ali.cc:105) Processed 550 utterances; for utterance TE4039-TE4040_1-A.136 avg. like is -42.4449 over 72 frames.
LOG (gmm-acc-stats-ali[5.5.1009~1-e4940]:main():gmm-acc-stats-ali.cc:105) Processed 600 utterances; for utterance TE4041-TE4042_1-B.148 avg. like is -51.9461 over 62 frames.
LOG (gmm-acc-stats-ali[5.5.1009~1-e4940]:main():gmm-acc-stats-ali.cc:105) Processed 650 utterances; for utterance TE4041-TE4043_2-B.047 avg. like is -54.2493 over 75 frames.
LOG (gmm-acc-stats-ali[5.5.1009~1-e4940]:main():gmm-acc-stats-ali.cc:105) Processed 700 utterances; for utterance TE4043-TE4044_1-A.157 avg. like is -51.5141 over 96 frames.
LOG (gmm-acc-stats-ali[5.5.1009~1-e4940]:main():gmm-acc-stats-ali.cc:105) Processed 750 utterances; for utterance TE4045-TE4046_1-A.106 avg. like is -60.5733 over 139 frames.
LOG (gmm-acc-stats-ali[5.5.1009~1-e4940]:main():gmm-acc-stats-ali.cc:105) Processed 800 utterances; for utterance TE4045-TE4047_2-B.014 avg. like is -42.4771 over 79 frames.
LOG (gmm-acc-stats-ali[5.5.1009~1-e4940]:main():gmm-acc-stats-ali.cc:105) Processed 850 utterances; for utterance TE4047-TE4048_1-A.123 avg. like is -51.7117 over 78 frames.
LOG (gmm-acc-stats-ali[5.5.1009~1-e4940]:main():gmm-acc-stats-ali.cc:105) Processed 900 utterances; for utterance TE4049-TE4050_1-B.104 avg. like is -44.7905 over 93 frames.
LOG (gmm-acc-stats-ali[5.5.1009~1-e4940]:main():gmm-acc-stats-ali.cc:105) Processed 950 utterances; for utterance TE4049-TE4051_2-B.108 avg. like is -51.4604 over 389 frames.
LOG (gmm-acc-stats-ali[5.5.1009~1-e4940]:main():gmm-acc-stats-ali.cc:105) Processed 1000 utterances; for utterance TE4051-TE4052_1-B.075 avg. like is -54.3974 over 464 frames.
LOG (gmm-acc-stats-ali[5.5.1009~1-e4940]:main():gmm-acc-stats-ali.cc:105) Processed 1050 utterances; for utterance TE4053-TE4054_2-A.138 avg. like is -53.6585 over 142 frames.
LOG (gmm-acc-stats-ali[5.5.1009~1-e4940]:main():gmm-acc-stats-ali.cc:105) Processed 1100 utterances; for utterance TE4053-TE4055_2-B.091 avg. like is -50.127 over 412 frames.
LOG (gmm-acc-stats-ali[5.5.1009~1-e4940]:main():gmm-acc-stats-ali.cc:105) Processed 1150 utterances; for utterance TE4054-TE4056_2-A.084 avg. like is -48.5178 over 121 frames.
LOG (gmm-acc-stats-ali[5.5.1009~1-e4940]:main():gmm-acc-stats-ali.cc:105) Processed 1200 utterances; for utterance TE4055-TE4056_2-A.041 avg. like is -50.6743 over 98 frames.
LOG (gmm-acc-stats-ali[5.5.1009~1-e4940]:main():gmm-acc-stats-ali.cc:105) Processed 1250 utterances; for utterance TE4057-TE4059_1-A.139 avg. like is -52.249 over 289 frames.
LOG (gmm-acc-stats-ali[5.5.1009~1-e4940]:main():gmm-acc-stats-ali.cc:105) Processed 1300 utterances; for utterance TE4058-TE4060_2-B.093 avg. like is -52.1432 over 283 frames.
LOG (gmm-acc-stats-ali[5.5.1009~1-e4940]:main():gmm-acc-stats-ali.cc:105) Processed 1350 utterances; for utterance TE4061-TE4062_1-A.014 avg. like is -54.0604 over 593 frames.
LOG (gmm-acc-stats-ali[5.5.1009~1-e4940]:main():gmm-acc-stats-ali.cc:105) Processed 1400 utterances; for utterance TE4061-TE4063_1-A.136 avg. like is -48.0977 over 111 frames.
LOG (gmm-acc-stats-ali[5.5.1009~1-e4940]:main():gmm-acc-stats-ali.cc:105) Processed 1450 utterances; for utterance TE4062-TE4064_2-A.168 avg. like is -53.7839 over 123 frames.
LOG (gmm-acc-stats-ali[5.5.1009~1-e4940]:main():gmm-acc-stats-ali.cc:105) Processed 1500 utterances; for utterance TE4409-TE4410_1-A.048 avg. like is -47.5616 over 57 frames.
LOG (gmm-acc-stats-ali[5.5.1009~1-e4940]:main():gmm-acc-stats-ali.cc:105) Processed 1550 utterances; for utterance TE4409-TE4411_2-A.146 avg. like is -50.3173 over 383 frames.
LOG (gmm-acc-stats-ali[5.5.1009~1-e4940]:main():gmm-acc-stats-ali.cc:105) Processed 1600 utterances; for utterance TE4410-TE4412_1-B.068 avg. like is -53.0678 over 229 frames.
LOG (gmm-acc-stats-ali[5.5.1009~1-e4940]:main():gmm-acc-stats-ali.cc:105) Processed 1650 utterances; for utterance TE4411-TE4412_1-A.079 avg. like is -47.6459 over 71 frames.
LOG (gmm-acc-stats-ali[5.5.1009~1-e4940]:main():gmm-acc-stats-ali.cc:105) Processed 1700 utterances; for utterance TE4411-TE4412_2-A.318 avg. like is -40.7234 over 61 frames.
LOG (gmm-acc-stats-ali[5.5.1009~1-e4940]:main():gmm-acc-stats-ali.cc:105) Processed 1750 utterances; for utterance TE4425-TE4426_2-B.075 avg. like is -53.8739 over 141 frames.
LOG (gmm-acc-stats-ali[5.5.1009~1-e4940]:main():gmm-acc-stats-ali.cc:105) Processed 1800 utterances; for utterance TE4425-TE4427_1-B.254 avg. like is -51.2878 over 76 frames.
WARNING (gmm-acc-stats-ali[5.5.1009~1-e4940]:main():gmm-acc-stats-ali.cc:79) No alignment for utterance TE4426-TE4428_2-B.285
LOG (gmm-acc-stats-ali[5.5.1009~1-e4940]:main():gmm-acc-stats-ali.cc:105) Processed 1850 utterances; for utterance TE4427-TE4428_1-B.222 avg. like is -56.0578 over 114 frames.
LOG (gmm-acc-stats-ali[5.5.1009~1-e4940]:main():gmm-acc-stats-ali.cc:105) Processed 1900 utterances; for utterance TE4430-TE4432_1-B.082 avg. like is -47.4657 over 224 frames.
LOG (gmm-acc-stats-ali[5.5.1009~1-e4940]:main():gmm-acc-stats-ali.cc:105) Processed 1950 utterances; for utterance tef_01033_00535564778 avg. like is -47.3254 over 442 frames.
LOG (gmm-acc-stats-ali[5.5.1009~1-e4940]:main():gmm-acc-stats-ali.cc:105) Processed 2000 utterances; for utterance tef_01908_00092604450 avg. like is -43.7779 over 450 frames.
WARNING (gmm-acc-stats-ali[5.5.1009~1-e4940]:main():gmm-acc-stats-ali.cc:79) No alignment for utterance tef_01908_00564720112
LOG (gmm-acc-stats-ali[5.5.1009~1-e4940]:main():gmm-acc-stats-ali.cc:105) Processed 2050 utterances; for utterance tef_01908_00982369047 avg. like is -43.2845 over 459 frames.
WARNING (gmm-acc-stats-ali[5.5.1009~1-e4940]:main():gmm-acc-stats-ali.cc:79) No alignment for utterance tef_01908_01431323916
LOG (gmm-acc-stats-ali[5.5.1009~1-e4940]:main():gmm-acc-stats-ali.cc:105) Processed 2100 utterances; for utterance tef_01908_01640219610 avg. like is -44.9506 over 493 frames.
WARNING (gmm-acc-stats-ali[5.5.1009~1-e4940]:main():gmm-acc-stats-ali.cc:79) No alignment for utterance tef_01908_01705732741
LOG (gmm-acc-stats-ali[5.5.1009~1-e4940]:main():gmm-acc-stats-ali.cc:105) Processed 2150 utterances; for utterance tef_02828_01316476013 avg. like is -44.6435 over 416 frames.
LOG (gmm-acc-stats-ali[5.5.1009~1-e4940]:main():gmm-acc-stats-ali.cc:105) Processed 2200 utterances; for utterance tef_03689_01262428265 avg. like is -35.7965 over 399 frames.
WARNING (gmm-acc-stats-ali[5.5.1009~1-e4940]:main():gmm-acc-stats-ali.cc:79) No alignment for utterance tef_03689_01994116811
LOG (gmm-acc-stats-ali[5.5.1009~1-e4940]:main():gmm-acc-stats-ali.cc:105) Processed 2250 utterances; for utterance tef_03910_00330150825 avg. like is -41.8457 over 553 frames.
WARNING (gmm-acc-stats-ali[5.5.1009~1-e4940]:main():gmm-acc-stats-ali.cc:79) No alignment for utterance tef_03910_00385756616
WARNING (gmm-acc-stats-ali[5.5.1009~1-e4940]:main():gmm-acc-stats-ali.cc:79) No alignment for utterance tef_03910_01960878262
LOG (gmm-acc-stats-ali[5.5.1009~1-e4940]:main():gmm-acc-stats-ali.cc:105) Processed 2300 utterances; for utterance tef_03910_02033357643 avg. like is -38.1881 over 271 frames.
LOG (gmm-acc-stats-ali[5.5.1009~1-e4940]:main():gmm-acc-stats-ali.cc:105) Processed 2350 utterances; for utterance tef_04213_01623873036 avg. like is -45.1195 over 399 frames.
LOG (gmm-acc-stats-ali[5.5.1009~1-e4940]:main():gmm-acc-stats-ali.cc:105) Processed 2400 utterances; for utterance tef_04261_00746104558 avg. like is -43.8842 over 391 frames.
WARNING (gmm-acc-stats-ali[5.5.1009~1-e4940]:main():gmm-acc-stats-ali.cc:79) No alignment for utterance tef_04261_01178612372
LOG (gmm-acc-stats-ali[5.5.1009~1-e4940]:main():gmm-acc-stats-ali.cc:105) Processed 2450 utterances; for utterance tef_04261_01939143103 avg. like is -39.909 over 399 frames.
LOG (gmm-acc-stats-ali[5.5.1009~1-e4940]:main():gmm-acc-stats-ali.cc:105) Processed 2500 utterances; for utterance tef_04830_00922722627 avg. like is -42.9243 over 331 frames.
WARNING (gmm-acc-stats-ali[5.5.1009~1-e4940]:main():gmm-acc-stats-ali.cc:79) No alignment for utterance tef_04830_01772291831
LOG (gmm-acc-stats-ali[5.5.1009~1-e4940]:main():gmm-acc-stats-ali.cc:105) Processed 2550 utterances; for utterance tef_05181_00101134570 avg. like is -43.6988 over 433 frames.
WARNING (gmm-acc-stats-ali[5.5.1009~1-e4940]:main():gmm-acc-stats-ali.cc:79) No alignment for utterance tef_05181_01500213819
LOG (gmm-acc-stats-ali[5.5.1009~1-e4940]:main():gmm-acc-stats-ali.cc:105) Processed 2600 utterances; for utterance tef_05181_01752918450 avg. like is -45.5152 over 288 frames.
WARNING (gmm-acc-stats-ali[5.5.1009~1-e4940]:main():gmm-acc-stats-ali.cc:79) No alignment for utterance tef_05484_01441614684
LOG (gmm-acc-stats-ali[5.5.1009~1-e4940]:main():gmm-acc-stats-ali.cc:105) Processed 2650 utterances; for utterance tef_05484_01654078163 avg. like is -40.306 over 391 frames.
LOG (gmm-acc-stats-ali[5.5.1009~1-e4940]:main():gmm-acc-stats-ali.cc:105) Processed 2700 utterances; for utterance tef_05691_00557760083 avg. like is -40.4271 over 484 frames.
LOG (gmm-acc-stats-ali[5.5.1009~1-e4940]:main():gmm-acc-stats-ali.cc:105) Processed 2750 utterances; for utterance tef_05691_01401414793 avg. like is -40.1196 over 536 frames.
LOG (gmm-acc-stats-ali[5.5.1009~1-e4940]:main():gmm-acc-stats-ali.cc:105) Processed 2800 utterances; for utterance tef_05705_00242771620 avg. like is -39.1303 over 647 frames.
WARNING (gmm-acc-stats-ali[5.5.1009~1-e4940]:main():gmm-acc-stats-ali.cc:79) No alignment for utterance tef_05705_01311186783
LOG (gmm-acc-stats-ali[5.5.1009~1-e4940]:main():gmm-acc-stats-ali.cc:105) Processed 2850 utterances; for utterance tef_05705_01486403302 avg. like is -38.2209 over 510 frames.
LOG (gmm-acc-stats-ali[5.5.1009~1-e4940]:main():gmm-acc-stats-ali.cc:105) Processed 2900 utterances; for utterance tef_05994_00746215488 avg. like is -42.3291 over 570 frames.
LOG (gmm-acc-stats-ali[5.5.1009~1-e4940]:main():gmm-acc-stats-ali.cc:105) Processed 2950 utterances; for utterance tef_05994_01671034440 avg. like is -41.3024 over 561 frames.
LOG (gmm-acc-stats-ali[5.5.1009~1-e4940]:main():gmm-acc-stats-ali.cc:105) Processed 3000 utterances; for utterance tef_06008_00700920207 avg. like is -44.3547 over 604 frames.
WARNING (gmm-acc-stats-ali[5.5.1009~1-e4940]:main():gmm-acc-stats-ali.cc:79) No alignment for utterance tef_06566_00308875287
LOG (gmm-acc-stats-ali[5.5.1009~1-e4940]:main():gmm-acc-stats-ali.cc:105) Processed 3050 utterances; for utterance tef_06566_00634530518 avg. like is -48.4286 over 348 frames.
WARNING (gmm-acc-stats-ali[5.5.1009~1-e4940]:main():gmm-acc-stats-ali.cc:79) No alignment for utterance tef_06625_00006301189
LOG (gmm-acc-stats-ali[5.5.1009~1-e4940]:main():gmm-acc-stats-ali.cc:105) Processed 3100 utterances; for utterance tef_06625_00332893079 avg. like is -44.7951 over 237 frames.
LOG (gmm-acc-stats-ali[5.5.1009~1-e4940]:main():gmm-acc-stats-ali.cc:105) Processed 3150 utterances; for utterance tef_06625_01427938116 avg. like is -47.0457 over 314 frames.
LOG (gmm-acc-stats-ali[5.5.1009~1-e4940]:main():gmm-acc-stats-ali.cc:105) Processed 3200 utterances; for utterance tef_06869_00626236676 avg. like is -40.807 over 348 frames.
LOG (gmm-acc-stats-ali[5.5.1009~1-e4940]:main():gmm-acc-stats-ali.cc:105) Processed 3250 utterances; for utterance tef_06928_00023470279 avg. like is -35.4469 over 911 frames.
WARNING (gmm-acc-stats-ali[5.5.1009~1-e4940]:main():gmm-acc-stats-ali.cc:79) No alignment for utterance tef_06928_01836764500
LOG (gmm-acc-stats-ali[5.5.1009~1-e4940]:main():gmm-acc-stats-ali.cc:105) Processed 3300 utterances; for utterance tef_07789_00283439085 avg. like is -47.6784 over 314 frames.
WARNING (gmm-acc-stats-ali[5.5.1009~1-e4940]:main():gmm-acc-stats-ali.cc:79) No alignment for utterance tef_07789_01338702906
LOG (gmm-acc-stats-ali[5.5.1009~1-e4940]:main():gmm-acc-stats-ali.cc:105) Processed 3350 utterances; for utterance tef_07789_01506126399 avg. like is -45.8099 over 263 frames.
LOG (gmm-acc-stats-ali[5.5.1009~1-e4940]:main():gmm-acc-stats-ali.cc:105) Processed 3400 utterances; for utterance tef_08318_00427275464 avg. like is -51.1915 over 433 frames.
LOG (gmm-acc-stats-ali[5.5.1009~1-e4940]:main():gmm-acc-stats-ali.cc:105) Processed 3450 utterances; for utterance tef_08318_01365936473 avg. like is -47.1818 over 322 frames.
LOG (gmm-acc-stats-ali[5.5.1009~1-e4940]:main():gmm-acc-stats-ali.cc:105) Processed 3500 utterances; for utterance tef_08318_02066214943 avg. like is -44.3132 over 348 frames.
WARNING (gmm-acc-stats-ali[5.5.1009~1-e4940]:main():gmm-acc-stats-ali.cc:79) No alignment for utterance tef_08664_01272825717
WARNING (gmm-acc-stats-ali[5.5.1009~1-e4940]:main():gmm-acc-stats-ali.cc:79) No alignment for utterance tef_08664_01524452724
LOG (gmm-acc-stats-ali[5.5.1009~1-e4940]:main():gmm-acc-stats-ali.cc:105) Processed 3550 utterances; for utterance tef_08664_01594412687 avg. like is -44.1719 over 612 frames.
LOG (gmm-acc-stats-ali[5.5.1009~1-e4940]:main():gmm-acc-stats-ali.cc:105) Processed 3600 utterances; for utterance tef_08712_01014352541 avg. like is -39.1318 over 288 frames.
LOG (gmm-acc-stats-ali[5.5.1009~1-e4940]:main():gmm-acc-stats-ali.cc:105) Processed 3650 utterances; for utterance tef_09281_00705586421 avg. like is -44.7811 over 425 frames.
LOG (gmm-acc-stats-ali[5.5.1009~1-e4940]:main():gmm-acc-stats-ali.cc:105) Processed 3700 utterances; for utterance tef_09935_00032228600 avg. like is -43.5928 over 476 frames.
WARNING (gmm-acc-stats-ali[5.5.1009~1-e4940]:main():gmm-acc-stats-ali.cc:79) No alignment for utterance tef_09935_00993140213
LOG (gmm-acc-stats-ali[5.5.1009~1-e4940]:main():gmm-acc-stats-ali.cc:105) Processed 3750 utterances; for utterance tef_09935_01509935317 avg. like is -41.9572 over 263 frames.
LOG (gmm-acc-stats-ali[5.5.1009~1-e4940]:main():gmm-acc-stats-ali.cc:105) Processed 3800 utterances; for utterance tem_00682_00107716361 avg. like is -40.1612 over 800 frames.
WARNING (gmm-acc-stats-ali[5.5.1009~1-e4940]:main():gmm-acc-stats-ali.cc:79) No alignment for utterance tem_00682_00631852062
LOG (gmm-acc-stats-ali[5.5.1009~1-e4940]:main():gmm-acc-stats-ali.cc:105) Processed 3850 utterances; for utterance tem_00682_00894114061 avg. like is -41.3529 over 800 frames.
WARNING (gmm-acc-stats-ali[5.5.1009~1-e4940]:main():gmm-acc-stats-ali.cc:79) No alignment for utterance tem_00682_01211106085
LOG (gmm-acc-stats-ali[5.5.1009~1-e4940]:main():gmm-acc-stats-ali.cc:105) Processed 3900 utterances; for utterance tem_00682_01395247164 avg. like is -42.3791 over 681 frames.
WARNING (gmm-acc-stats-ali[5.5.1009~1-e4940]:main():gmm-acc-stats-ali.cc:79) No alignment for utterance tem_00682_01500932293
LOG (gmm-acc-stats-ali[5.5.1009~1-e4940]:main():gmm-acc-stats-ali.cc:105) Processed 3950 utterances; for utterance tem_00682_02053435638 avg. like is -38.1635 over 1039 frames.
LOG (gmm-acc-stats-ali[5.5.1009~1-e4940]:main():gmm-acc-stats-ali.cc:105) Processed 4000 utterances; for utterance tem_00974_01088048977 avg. like is -42.8601 over 416 frames.
LOG (gmm-acc-stats-ali[5.5.1009~1-e4940]:main():gmm-acc-stats-ali.cc:105) Processed 4050 utterances; for utterance tem_02769_00394724657 avg. like is -45.8579 over 851 frames.
WARNING (gmm-acc-stats-ali[5.5.1009~1-e4940]:main():gmm-acc-stats-ali.cc:79) No alignment for utterance tem_02769_01178416567
LOG (gmm-acc-stats-ali[5.5.1009~1-e4940]:main():gmm-acc-stats-ali.cc:105) Processed 4100 utterances; for utterance tem_02769_01304285847 avg. like is -36.401 over 749 frames.
LOG (gmm-acc-stats-ali[5.5.1009~1-e4940]:main():gmm-acc-stats-ali.cc:105) Processed 4150 utterances; for utterance tem_02812_00075283965 avg. like is -44.5608 over 399 frames.
LOG (gmm-acc-stats-ali[5.5.1009~1-e4940]:main():gmm-acc-stats-ali.cc:105) Processed 4200 utterances; for utterance tem_02812_00933866814 avg. like is -42.1264 over 254 frames.
WARNING (gmm-acc-stats-ali[5.5.1009~1-e4940]:main():gmm-acc-stats-ali.cc:79) No alignment for utterance tem_02812_01159953118
LOG (gmm-acc-stats-ali[5.5.1009~1-e4940]:main():gmm-acc-stats-ali.cc:105) Processed 4250 utterances; for utterance tem_02812_01713374644 avg. like is -45.4929 over 331 frames.
LOG (gmm-acc-stats-ali[5.5.1009~1-e4940]:main():gmm-acc-stats-ali.cc:105) Processed 4300 utterances; for utterance tem_03338_00261947576 avg. like is -47.7207 over 391 frames.
LOG (gmm-acc-stats-ali[5.5.1009~1-e4940]:main():gmm-acc-stats-ali.cc:105) Processed 4350 utterances; for utterance tem_03338_01013973981 avg. like is -47.0987 over 263 frames.
WARNING (gmm-acc-stats-ali[5.5.1009~1-e4940]:main():gmm-acc-stats-ali.cc:79) No alignment for utterance tem_03338_01375629143
WARNING (gmm-acc-stats-ali[5.5.1009~1-e4940]:main():gmm-acc-stats-ali.cc:79) No alignment for utterance tem_03338_01604291040
LOG (gmm-acc-stats-ali[5.5.1009~1-e4940]:main():gmm-acc-stats-ali.cc:105) Processed 4400 utterances; for utterance tem_03338_01690209488 avg. like is -42.5501 over 527 frames.
WARNING (gmm-acc-stats-ali[5.5.1009~1-e4940]:main():gmm-acc-stats-ali.cc:79) No alignment for utterance tem_03338_01697588410
WARNING (gmm-acc-stats-ali[5.5.1009~1-e4940]:main():gmm-acc-stats-ali.cc:79) No alignment for utterance tem_03338_01948870353
WARNING (gmm-acc-stats-ali[5.5.1009~1-e4940]:main():gmm-acc-stats-ali.cc:79) No alignment for utterance tem_03338_02035569102
LOG (gmm-acc-stats-ali[5.5.1009~1-e4940]:main():gmm-acc-stats-ali.cc:105) Processed 4450 utterances; for utterance tem_04272_00220587228 avg. like is -39.8087 over 604 frames.
WARNING (gmm-acc-stats-ali[5.5.1009~1-e4940]:main():gmm-acc-stats-ali.cc:79) No alignment for utterance tem_04272_00288589227
WARNING (gmm-acc-stats-ali[5.5.1009~1-e4940]:main():gmm-acc-stats-ali.cc:79) No alignment for utterance tem_04272_00849168583
LOG (gmm-acc-stats-ali[5.5.1009~1-e4940]:main():gmm-acc-stats-ali.cc:105) Processed 4500 utterances; for utterance tem_04272_00959475865 avg. like is -38.0043 over 800 frames.
WARNING (gmm-acc-stats-ali[5.5.1009~1-e4940]:main():gmm-acc-stats-ali.cc:79) No alignment for utterance tem_04272_01090245032
LOG (gmm-acc-stats-ali[5.5.1009~1-e4940]:main():gmm-acc-stats-ali.cc:105) Processed 4550 utterances; for utterance tem_04272_01615247336 avg. like is -36.091 over 749 frames.
LOG (gmm-acc-stats-ali[5.5.1009~1-e4940]:main():gmm-acc-stats-ali.cc:105) Processed 4600 utterances; for utterance tem_04771_00535842669 avg. like is -40.685 over 348 frames.
LOG (gmm-acc-stats-ali[5.5.1009~1-e4940]:main():gmm-acc-stats-ali.cc:105) Processed 4650 utterances; for utterance tem_05425_00014159320 avg. like is -48.0868 over 578 frames.
LOG (gmm-acc-stats-ali[5.5.1009~1-e4940]:main():gmm-acc-stats-ali.cc:105) Processed 4700 utterances; for utterance tem_05425_01632694767 avg. like is -42.4285 over 553 frames.
LOG (gmm-acc-stats-ali[5.5.1009~1-e4940]:main():gmm-acc-stats-ali.cc:105) Processed 4750 utterances; for utterance tem_05479_00844691508 avg. like is -44.7612 over 373 frames.
LOG (gmm-acc-stats-ali[5.5.1009~1-e4940]:main():gmm-acc-stats-ali.cc:105) Processed 4800 utterances; for utterance tem_06359_00312043864 avg. like is -39.8408 over 629 frames.
WARNING (gmm-acc-stats-ali[5.5.1009~1-e4940]:main():gmm-acc-stats-ali.cc:79) No alignment for utterance tem_06359_00922492021
LOG (gmm-acc-stats-ali[5.5.1009~1-e4940]:main():gmm-acc-stats-ali.cc:105) Processed 4850 utterances; for utterance tem_06359_01436101976 avg. like is -42.5098 over 501 frames.
LOG (gmm-acc-stats-ali[5.5.1009~1-e4940]:main():gmm-acc-stats-ali.cc:105) Processed 4900 utterances; for utterance tem_06582_02020929743 avg. like is -49.8667 over 800 frames.
LOG (gmm-acc-stats-ali[5.5.1009~1-e4940]:main():gmm-acc-stats-ali.cc:105) Processed 4950 utterances; for utterance tem_07220_00214632187 avg. like is -45.4898 over 570 frames.
LOG (gmm-acc-stats-ali[5.5.1009~1-e4940]:main():gmm-acc-stats-ali.cc:105) Processed 5000 utterances; for utterance tem_07220_01543520576 avg. like is -44.0136 over 629 frames.
LOG (gmm-acc-stats-ali[5.5.1009~1-e4940]:main():gmm-acc-stats-ali.cc:105) Processed 5050 utterances; for utterance tem_08377_01551821694 avg. like is -38.3324 over 553 frames.
LOG (gmm-acc-stats-ali[5.5.1009~1-e4940]:main():gmm-acc-stats-ali.cc:105) Processed 5100 utterances; for utterance tem_08680_00641287844 avg. like is -41.5304 over 348 frames.
WARNING (gmm-acc-stats-ali[5.5.1009~1-e4940]:main():gmm-acc-stats-ali.cc:79) No alignment for utterance tem_08680_01073139273
LOG (gmm-acc-stats-ali[5.5.1009~1-e4940]:main():gmm-acc-stats-ali.cc:105) Processed 5150 utterances; for utterance tem_08680_01463156150 avg. like is -43.8296 over 433 frames.
WARNING (gmm-acc-stats-ali[5.5.1009~1-e4940]:main():gmm-acc-stats-ali.cc:79) No alignment for utterance tem_08680_01506668263
WARNING (gmm-acc-stats-ali[5.5.1009~1-e4940]:main():gmm-acc-stats-ali.cc:79) No alignment for utterance tem_08680_02051709478
LOG (gmm-acc-stats-ali[5.5.1009~1-e4940]:main():gmm-acc-stats-ali.cc:105) Processed 5200 utterances; for utterance tem_09015_00061521170 avg. like is -43.1434 over 339 frames.
WARNING (gmm-acc-stats-ali[5.5.1009~1-e4940]:main():gmm-acc-stats-ali.cc:79) No alignment for utterance tem_09015_00675150581
WARNING (gmm-acc-stats-ali[5.5.1009~1-e4940]:main():gmm-acc-stats-ali.cc:79) No alignment for utterance tem_09015_00728950763
LOG (gmm-acc-stats-ali[5.5.1009~1-e4940]:main():gmm-acc-stats-ali.cc:105) Processed 5250 utterances; for utterance tem_09015_00799895751 avg. like is -40.1245 over 467 frames.
WARNING (gmm-acc-stats-ali[5.5.1009~1-e4940]:main():gmm-acc-stats-ali.cc:79) No alignment for utterance tem_09015_01179487207
LOG (gmm-acc-stats-ali[5.5.1009~1-e4940]:main():gmm-acc-stats-ali.cc:105) Processed 5300 utterances; for utterance tem_09015_01578238128 avg. like is -37.1022 over 382 frames.
WARNING (gmm-acc-stats-ali[5.5.1009~1-e4940]:main():gmm-acc-stats-ali.cc:79) No alignment for utterance tem_09015_02024169177
LOG (gmm-acc-stats-ali[5.5.1009~1-e4940]:main():gmm-acc-stats-ali.cc:105) Processed 5350 utterances; for utterance tem_09222_00726603085 avg. like is -41.9918 over 322 frames.
LOG (gmm-acc-stats-ali[5.5.1009~1-e4940]:main():gmm-acc-stats-ali.cc:105) Processed 5400 utterances; for utterance tem_09525_00529591926 avg. like is -51.2368 over 356 frames.
LOG (gmm-acc-stats-ali[5.5.1009~1-e4940]:main():gmm-acc-stats-ali.cc:105) Processed 5450 utterances; for utterance tem_09584_01276424775 avg. like is -39.2934 over 655 frames.
LOG (apply-cmvn[5.5.1009~1-e4940]:main():apply-cmvn.cc:162) Applied cepstral mean normalization to 5497 utterances, errors on 0
LOG (transform-feats[5.5.1009~1-e4940]:main():transform-feats.cc:158) Overall average [pseudo-]logdet is -98.9864 over 2.04747e+06 frames.
LOG (transform-feats[5.5.1009~1-e4940]:main():transform-feats.cc:161) Applied transform to 5497 utterances; 0 had errors.
LOG (transform-feats[5.5.1009~1-e4940]:main():transform-feats.cc:158) Overall average logdet is -2.00735 over 2.04747e+06 frames.
LOG (transform-feats[5.5.1009~1-e4940]:main():transform-feats.cc:161) Applied transform to 5497 utterances; 0 had errors.
LOG (gmm-acc-stats-ali[5.5.1009~1-e4940]:main():gmm-acc-stats-ali.cc:112) Done 5457 files, 40 with errors.
LOG (gmm-acc-stats-ali[5.5.1009~1-e4940]:main():gmm-acc-stats-ali.cc:115) Overall avg like per frame (Gaussian only) = -43.9426 over 2028858 frames.
LOG (gmm-acc-stats-ali[5.5.1009~1-e4940]:main():gmm-acc-stats-ali.cc:123) Written accs.
# Accounting: time=8 threads=1
# Ended (code 0) at Tue Jun 14 08:10:12 UTC 2022, elapsed time 8 seconds
