# gmm-acc-stats-ali telugu_exp/tri3/11.mdl "ark,s,cs:apply-cmvn  --utt2spk=ark:telugu_data/train/split8/2/utt2spk scp:telugu_data/train/split8/2/cmvn.scp scp:telugu_data/train/split8/2/feats.scp ark:- | splice-feats  ark:- ark:- | transform-feats telugu_exp/tri2_ali/final.mat ark:- ark:- | transform-feats --utt2spk=ark:telugu_data/train/split8/2/utt2spk ark:telugu_exp/tri3/trans.2 ark:- ark:- |" "ark,s,cs:gunzip -c telugu_exp/tri3/ali.2.gz|" telugu_exp/tri3/11.2.acc 
# Started at Tue Jun 14 08:07:38 UTC 2022
#
gmm-acc-stats-ali telugu_exp/tri3/11.mdl 'ark,s,cs:apply-cmvn  --utt2spk=ark:telugu_data/train/split8/2/utt2spk scp:telugu_data/train/split8/2/cmvn.scp scp:telugu_data/train/split8/2/feats.scp ark:- | splice-feats  ark:- ark:- | transform-feats telugu_exp/tri2_ali/final.mat ark:- ark:- | transform-feats --utt2spk=ark:telugu_data/train/split8/2/utt2spk ark:telugu_exp/tri3/trans.2 ark:- ark:- |' 'ark,s,cs:gunzip -c telugu_exp/tri3/ali.2.gz|' telugu_exp/tri3/11.2.acc 
transform-feats --utt2spk=ark:telugu_data/train/split8/2/utt2spk ark:telugu_exp/tri3/trans.2 ark:- ark:- 
splice-feats ark:- ark:- 
apply-cmvn --utt2spk=ark:telugu_data/train/split8/2/utt2spk scp:telugu_data/train/split8/2/cmvn.scp scp:telugu_data/train/split8/2/feats.scp ark:- 
transform-feats telugu_exp/tri2_ali/final.mat ark:- ark:- 
LOG (gmm-acc-stats-ali[5.5.1009~1-e4940]:main():gmm-acc-stats-ali.cc:105) Processed 50 utterances; for utterance 000570437 avg. like is -44.3521 over 645 frames.
LOG (gmm-acc-stats-ali[5.5.1009~1-e4940]:main():gmm-acc-stats-ali.cc:105) Processed 100 utterances; for utterance 000580145 avg. like is -51.0851 over 342 frames.
LOG (gmm-acc-stats-ali[5.5.1009~1-e4940]:main():gmm-acc-stats-ali.cc:105) Processed 150 utterances; for utterance 000580293 avg. like is -48.9475 over 371 frames.
WARNING (gmm-acc-stats-ali[5.5.1009~1-e4940]:main():gmm-acc-stats-ali.cc:79) No alignment for utterance 000580411
WARNING (gmm-acc-stats-ali[5.5.1009~1-e4940]:main():gmm-acc-stats-ali.cc:79) No alignment for utterance 000580426
LOG (gmm-acc-stats-ali[5.5.1009~1-e4940]:main():gmm-acc-stats-ali.cc:105) Processed 200 utterances; for utterance 000580442 avg. like is -49.6172 over 576 frames.
LOG (gmm-acc-stats-ali[5.5.1009~1-e4940]:main():gmm-acc-stats-ali.cc:105) Processed 250 utterances; for utterance 000590057 avg. like is -49.1422 over 578 frames.
WARNING (gmm-acc-stats-ali[5.5.1009~1-e4940]:main():gmm-acc-stats-ali.cc:79) No alignment for utterance 000590062
LOG (gmm-acc-stats-ali[5.5.1009~1-e4940]:main():gmm-acc-stats-ali.cc:105) Processed 300 utterances; for utterance 000590281 avg. like is -47.1415 over 648 frames.
LOG (gmm-acc-stats-ali[5.5.1009~1-e4940]:main():gmm-acc-stats-ali.cc:105) Processed 350 utterances; for utterance 000590431 avg. like is -46.6423 over 321 frames.
LOG (gmm-acc-stats-ali[5.5.1009~1-e4940]:main():gmm-acc-stats-ali.cc:105) Processed 400 utterances; for utterance 000600015 avg. like is -44.9067 over 592 frames.
LOG (gmm-acc-stats-ali[5.5.1009~1-e4940]:main():gmm-acc-stats-ali.cc:105) Processed 450 utterances; for utterance 000600217 avg. like is -48.2306 over 499 frames.
LOG (gmm-acc-stats-ali[5.5.1009~1-e4940]:main():gmm-acc-stats-ali.cc:105) Processed 500 utterances; for utterance 000600428 avg. like is -53.5505 over 841 frames.
WARNING (gmm-acc-stats-ali[5.5.1009~1-e4940]:main():gmm-acc-stats-ali.cc:79) No alignment for utterance 000600477
LOG (gmm-acc-stats-ali[5.5.1009~1-e4940]:main():gmm-acc-stats-ali.cc:105) Processed 550 utterances; for utterance 000610017 avg. like is -57.9614 over 793 frames.
WARNING (gmm-acc-stats-ali[5.5.1009~1-e4940]:main():gmm-acc-stats-ali.cc:79) No alignment for utterance 000610144
LOG (gmm-acc-stats-ali[5.5.1009~1-e4940]:main():gmm-acc-stats-ali.cc:105) Processed 600 utterances; for utterance 000610156 avg. like is -48.1609 over 522 frames.
LOG (gmm-acc-stats-ali[5.5.1009~1-e4940]:main():gmm-acc-stats-ali.cc:105) Processed 650 utterances; for utterance 000610268 avg. like is -49.7262 over 363 frames.
LOG (gmm-acc-stats-ali[5.5.1009~1-e4940]:main():gmm-acc-stats-ali.cc:105) Processed 700 utterances; for utterance 000610444 avg. like is -47.4874 over 547 frames.
LOG (gmm-acc-stats-ali[5.5.1009~1-e4940]:main():gmm-acc-stats-ali.cc:105) Processed 750 utterances; for utterance 000630086 avg. like is -50.22 over 460 frames.
LOG (gmm-acc-stats-ali[5.5.1009~1-e4940]:main():gmm-acc-stats-ali.cc:105) Processed 800 utterances; for utterance 000630288 avg. like is -48.6332 over 530 frames.
LOG (gmm-acc-stats-ali[5.5.1009~1-e4940]:main():gmm-acc-stats-ali.cc:105) Processed 850 utterances; for utterance 000630415 avg. like is -58.0005 over 740 frames.
WARNING (gmm-acc-stats-ali[5.5.1009~1-e4940]:main():gmm-acc-stats-ali.cc:79) No alignment for utterance 000640076
LOG (gmm-acc-stats-ali[5.5.1009~1-e4940]:main():gmm-acc-stats-ali.cc:105) Processed 900 utterances; for utterance 000640136 avg. like is -52.5578 over 451 frames.
LOG (gmm-acc-stats-ali[5.5.1009~1-e4940]:main():gmm-acc-stats-ali.cc:105) Processed 950 utterances; for utterance 000640315 avg. like is -53.7246 over 1024 frames.
WARNING (gmm-acc-stats-ali[5.5.1009~1-e4940]:main():gmm-acc-stats-ali.cc:79) No alignment for utterance 000640342
LOG (gmm-acc-stats-ali[5.5.1009~1-e4940]:main():gmm-acc-stats-ali.cc:105) Processed 1000 utterances; for utterance 000650073 avg. like is -55.1457 over 969 frames.
LOG (gmm-acc-stats-ali[5.5.1009~1-e4940]:main():gmm-acc-stats-ali.cc:105) Processed 1050 utterances; for utterance 000650319 avg. like is -47.2033 over 317 frames.
LOG (gmm-acc-stats-ali[5.5.1009~1-e4940]:main():gmm-acc-stats-ali.cc:105) Processed 1100 utterances; for utterance 000660062 avg. like is -51.438 over 749 frames.
LOG (gmm-acc-stats-ali[5.5.1009~1-e4940]:main():gmm-acc-stats-ali.cc:105) Processed 1150 utterances; for utterance 000660419 avg. like is -45.8168 over 274 frames.
LOG (gmm-acc-stats-ali[5.5.1009~1-e4940]:main():gmm-acc-stats-ali.cc:105) Processed 1200 utterances; for utterance 000670105 avg. like is -44.1559 over 377 frames.
LOG (gmm-acc-stats-ali[5.5.1009~1-e4940]:main():gmm-acc-stats-ali.cc:105) Processed 1250 utterances; for utterance 000670188 avg. like is -47.7509 over 474 frames.
LOG (gmm-acc-stats-ali[5.5.1009~1-e4940]:main():gmm-acc-stats-ali.cc:105) Processed 1300 utterances; for utterance 000670265 avg. like is -54.3741 over 774 frames.
LOG (gmm-acc-stats-ali[5.5.1009~1-e4940]:main():gmm-acc-stats-ali.cc:105) Processed 1350 utterances; for utterance 000670370 avg. like is -43.1442 over 376 frames.
WARNING (gmm-acc-stats-ali[5.5.1009~1-e4940]:main():gmm-acc-stats-ali.cc:79) No alignment for utterance 000680012
LOG (gmm-acc-stats-ali[5.5.1009~1-e4940]:main():gmm-acc-stats-ali.cc:105) Processed 1400 utterances; for utterance 000680020 avg. like is -57.3304 over 813 frames.
LOG (gmm-acc-stats-ali[5.5.1009~1-e4940]:main():gmm-acc-stats-ali.cc:105) Processed 1450 utterances; for utterance 000680147 avg. like is -55.9135 over 726 frames.
LOG (gmm-acc-stats-ali[5.5.1009~1-e4940]:main():gmm-acc-stats-ali.cc:105) Processed 1500 utterances; for utterance 000680424 avg. like is -57.0589 over 1239 frames.
LOG (gmm-acc-stats-ali[5.5.1009~1-e4940]:main():gmm-acc-stats-ali.cc:105) Processed 1550 utterances; for utterance 000690115 avg. like is -48.43 over 392 frames.
WARNING (gmm-acc-stats-ali[5.5.1009~1-e4940]:main():gmm-acc-stats-ali.cc:79) No alignment for utterance 000690158
LOG (gmm-acc-stats-ali[5.5.1009~1-e4940]:main():gmm-acc-stats-ali.cc:105) Processed 1600 utterances; for utterance 000690288 avg. like is -48.9012 over 548 frames.
LOG (gmm-acc-stats-ali[5.5.1009~1-e4940]:main():gmm-acc-stats-ali.cc:105) Processed 1650 utterances; for utterance 000690449 avg. like is -49.1272 over 602 frames.
LOG (gmm-acc-stats-ali[5.5.1009~1-e4940]:main():gmm-acc-stats-ali.cc:105) Processed 1700 utterances; for utterance 000700217 avg. like is -51.9994 over 578 frames.
LOG (gmm-acc-stats-ali[5.5.1009~1-e4940]:main():gmm-acc-stats-ali.cc:105) Processed 1750 utterances; for utterance 000700394 avg. like is -49.1186 over 296 frames.
LOG (gmm-acc-stats-ali[5.5.1009~1-e4940]:main():gmm-acc-stats-ali.cc:105) Processed 1800 utterances; for utterance 000710179 avg. like is -54.7534 over 682 frames.
LOG (gmm-acc-stats-ali[5.5.1009~1-e4940]:main():gmm-acc-stats-ali.cc:105) Processed 1850 utterances; for utterance 000730167 avg. like is -44.1517 over 411 frames.
LOG (gmm-acc-stats-ali[5.5.1009~1-e4940]:main():gmm-acc-stats-ali.cc:105) Processed 1900 utterances; for utterance 000730298 avg. like is -46.0938 over 520 frames.
LOG (gmm-acc-stats-ali[5.5.1009~1-e4940]:main():gmm-acc-stats-ali.cc:105) Processed 1950 utterances; for utterance 000740104 avg. like is -48.6523 over 368 frames.
WARNING (gmm-acc-stats-ali[5.5.1009~1-e4940]:main():gmm-acc-stats-ali.cc:79) No alignment for utterance 000740223
LOG (gmm-acc-stats-ali[5.5.1009~1-e4940]:main():gmm-acc-stats-ali.cc:105) Processed 2000 utterances; for utterance 000740414 avg. like is -51.1436 over 332 frames.
LOG (gmm-acc-stats-ali[5.5.1009~1-e4940]:main():gmm-acc-stats-ali.cc:105) Processed 2050 utterances; for utterance 000750430 avg. like is -50.6348 over 572 frames.
WARNING (gmm-acc-stats-ali[5.5.1009~1-e4940]:main():gmm-acc-stats-ali.cc:79) No alignment for utterance 000750487
LOG (gmm-acc-stats-ali[5.5.1009~1-e4940]:main():gmm-acc-stats-ali.cc:105) Processed 2100 utterances; for utterance 000770210 avg. like is -53.8236 over 1476 frames.
LOG (gmm-acc-stats-ali[5.5.1009~1-e4940]:main():gmm-acc-stats-ali.cc:105) Processed 2150 utterances; for utterance 000780496 avg. like is -53.9177 over 1022 frames.
LOG (gmm-acc-stats-ali[5.5.1009~1-e4940]:main():gmm-acc-stats-ali.cc:105) Processed 2200 utterances; for utterance 000840219 avg. like is -51.7235 over 525 frames.
LOG (gmm-acc-stats-ali[5.5.1009~1-e4940]:main():gmm-acc-stats-ali.cc:105) Processed 2250 utterances; for utterance 000850049 avg. like is -46.536 over 531 frames.
LOG (gmm-acc-stats-ali[5.5.1009~1-e4940]:main():gmm-acc-stats-ali.cc:105) Processed 2300 utterances; for utterance 000850275 avg. like is -47.8759 over 626 frames.
LOG (gmm-acc-stats-ali[5.5.1009~1-e4940]:main():gmm-acc-stats-ali.cc:105) Processed 2350 utterances; for utterance 000860136 avg. like is -45.8284 over 387 frames.
LOG (gmm-acc-stats-ali[5.5.1009~1-e4940]:main():gmm-acc-stats-ali.cc:105) Processed 2400 utterances; for utterance 000860320 avg. like is -46.8048 over 534 frames.
WARNING (gmm-acc-stats-ali[5.5.1009~1-e4940]:main():gmm-acc-stats-ali.cc:79) No alignment for utterance 000860489
LOG (gmm-acc-stats-ali[5.5.1009~1-e4940]:main():gmm-acc-stats-ali.cc:105) Processed 2450 utterances; for utterance 000860498 avg. like is -48.6411 over 472 frames.
LOG (gmm-acc-stats-ali[5.5.1009~1-e4940]:main():gmm-acc-stats-ali.cc:105) Processed 2500 utterances; for utterance 000880144 avg. like is -49.8931 over 217 frames.
LOG (gmm-acc-stats-ali[5.5.1009~1-e4940]:main():gmm-acc-stats-ali.cc:105) Processed 2550 utterances; for utterance 000880281 avg. like is -49.4678 over 232 frames.
LOG (gmm-acc-stats-ali[5.5.1009~1-e4940]:main():gmm-acc-stats-ali.cc:105) Processed 2600 utterances; for utterance 000880441 avg. like is -48.3123 over 184 frames.
LOG (gmm-acc-stats-ali[5.5.1009~1-e4940]:main():gmm-acc-stats-ali.cc:105) Processed 2650 utterances; for utterance 000910307 avg. like is -45.1069 over 552 frames.
LOG (gmm-acc-stats-ali[5.5.1009~1-e4940]:main():gmm-acc-stats-ali.cc:105) Processed 2700 utterances; for utterance 000920055 avg. like is -50.3045 over 455 frames.
LOG (gmm-acc-stats-ali[5.5.1009~1-e4940]:main():gmm-acc-stats-ali.cc:105) Processed 2750 utterances; for utterance 000920465 avg. like is -48.272 over 579 frames.
LOG (gmm-acc-stats-ali[5.5.1009~1-e4940]:main():gmm-acc-stats-ali.cc:105) Processed 2800 utterances; for utterance 000940156 avg. like is -45.737 over 239 frames.
LOG (gmm-acc-stats-ali[5.5.1009~1-e4940]:main():gmm-acc-stats-ali.cc:105) Processed 2850 utterances; for utterance 000940273 avg. like is -43.1357 over 263 frames.
LOG (gmm-acc-stats-ali[5.5.1009~1-e4940]:main():gmm-acc-stats-ali.cc:105) Processed 2900 utterances; for utterance 000940385 avg. like is -45.357 over 455 frames.
LOG (gmm-acc-stats-ali[5.5.1009~1-e4940]:main():gmm-acc-stats-ali.cc:105) Processed 2950 utterances; for utterance 000950128 avg. like is -44.7941 over 569 frames.
LOG (gmm-acc-stats-ali[5.5.1009~1-e4940]:main():gmm-acc-stats-ali.cc:105) Processed 3000 utterances; for utterance 000950436 avg. like is -59.1917 over 869 frames.
LOG (gmm-acc-stats-ali[5.5.1009~1-e4940]:main():gmm-acc-stats-ali.cc:105) Processed 3050 utterances; for utterance 000960297 avg. like is -47.1694 over 443 frames.
LOG (gmm-acc-stats-ali[5.5.1009~1-e4940]:main():gmm-acc-stats-ali.cc:105) Processed 3100 utterances; for utterance 000990320 avg. like is -50.2795 over 556 frames.
LOG (gmm-acc-stats-ali[5.5.1009~1-e4940]:main():gmm-acc-stats-ali.cc:105) Processed 3150 utterances; for utterance 001000092 avg. like is -51.5482 over 677 frames.
WARNING (gmm-acc-stats-ali[5.5.1009~1-e4940]:main():gmm-acc-stats-ali.cc:79) No alignment for utterance 001000098
LOG (gmm-acc-stats-ali[5.5.1009~1-e4940]:main():gmm-acc-stats-ali.cc:105) Processed 3200 utterances; for utterance 001000371 avg. like is -51.1182 over 554 frames.
WARNING (gmm-acc-stats-ali[5.5.1009~1-e4940]:main():gmm-acc-stats-ali.cc:79) No alignment for utterance 001000455
LOG (gmm-acc-stats-ali[5.5.1009~1-e4940]:main():gmm-acc-stats-ali.cc:105) Processed 3250 utterances; for utterance 001010192 avg. like is -52.7558 over 727 frames.
LOG (gmm-acc-stats-ali[5.5.1009~1-e4940]:main():gmm-acc-stats-ali.cc:105) Processed 3300 utterances; for utterance 001010431 avg. like is -50.4283 over 354 frames.
LOG (gmm-acc-stats-ali[5.5.1009~1-e4940]:main():gmm-acc-stats-ali.cc:105) Processed 3350 utterances; for utterance 001020160 avg. like is -46.9862 over 555 frames.
LOG (gmm-acc-stats-ali[5.5.1009~1-e4940]:main():gmm-acc-stats-ali.cc:105) Processed 3400 utterances; for utterance 001020395 avg. like is -55.0169 over 863 frames.
LOG (gmm-acc-stats-ali[5.5.1009~1-e4940]:main():gmm-acc-stats-ali.cc:105) Processed 3450 utterances; for utterance 001050148 avg. like is -52.2398 over 449 frames.
LOG (gmm-acc-stats-ali[5.5.1009~1-e4940]:main():gmm-acc-stats-ali.cc:105) Processed 3500 utterances; for utterance 001050354 avg. like is -51.1682 over 746 frames.
LOG (gmm-acc-stats-ali[5.5.1009~1-e4940]:main():gmm-acc-stats-ali.cc:105) Processed 3550 utterances; for utterance 001060068 avg. like is -43.9469 over 547 frames.
WARNING (gmm-acc-stats-ali[5.5.1009~1-e4940]:main():gmm-acc-stats-ali.cc:79) No alignment for utterance 001060117
LOG (gmm-acc-stats-ali[5.5.1009~1-e4940]:main():gmm-acc-stats-ali.cc:105) Processed 3600 utterances; for utterance 001060269 avg. like is -51.2557 over 741 frames.
LOG (gmm-acc-stats-ali[5.5.1009~1-e4940]:main():gmm-acc-stats-ali.cc:105) Processed 3650 utterances; for utterance 001060478 avg. like is -46.3254 over 665 frames.
LOG (gmm-acc-stats-ali[5.5.1009~1-e4940]:main():gmm-acc-stats-ali.cc:105) Processed 3700 utterances; for utterance 001070228 avg. like is -46.2948 over 451 frames.
LOG (gmm-acc-stats-ali[5.5.1009~1-e4940]:main():gmm-acc-stats-ali.cc:105) Processed 3750 utterances; for utterance 001310043 avg. like is -50.8935 over 725 frames.
LOG (gmm-acc-stats-ali[5.5.1009~1-e4940]:main():gmm-acc-stats-ali.cc:105) Processed 3800 utterances; for utterance 001310212 avg. like is -47.1083 over 512 frames.
LOG (gmm-acc-stats-ali[5.5.1009~1-e4940]:main():gmm-acc-stats-ali.cc:105) Processed 3850 utterances; for utterance 001310298 avg. like is -46.1841 over 420 frames.
LOG (gmm-acc-stats-ali[5.5.1009~1-e4940]:main():gmm-acc-stats-ali.cc:105) Processed 3900 utterances; for utterance 001310463 avg. like is -45.0519 over 519 frames.
LOG (gmm-acc-stats-ali[5.5.1009~1-e4940]:main():gmm-acc-stats-ali.cc:105) Processed 3950 utterances; for utterance 001350090 avg. like is -45.6099 over 338 frames.
LOG (gmm-acc-stats-ali[5.5.1009~1-e4940]:main():gmm-acc-stats-ali.cc:105) Processed 4000 utterances; for utterance 001350355 avg. like is -54.2986 over 937 frames.
LOG (gmm-acc-stats-ali[5.5.1009~1-e4940]:main():gmm-acc-stats-ali.cc:105) Processed 4050 utterances; for utterance 001360074 avg. like is -48.9019 over 482 frames.
LOG (gmm-acc-stats-ali[5.5.1009~1-e4940]:main():gmm-acc-stats-ali.cc:105) Processed 4100 utterances; for utterance 001360272 avg. like is -49.5183 over 479 frames.
LOG (gmm-acc-stats-ali[5.5.1009~1-e4940]:main():gmm-acc-stats-ali.cc:105) Processed 4150 utterances; for utterance 001360467 avg. like is -52.6399 over 693 frames.
LOG (gmm-acc-stats-ali[5.5.1009~1-e4940]:main():gmm-acc-stats-ali.cc:105) Processed 4200 utterances; for utterance 001370135 avg. like is -53.7997 over 577 frames.
LOG (gmm-acc-stats-ali[5.5.1009~1-e4940]:main():gmm-acc-stats-ali.cc:105) Processed 4250 utterances; for utterance 001370334 avg. like is -43.4378 over 439 frames.
LOG (gmm-acc-stats-ali[5.5.1009~1-e4940]:main():gmm-acc-stats-ali.cc:105) Processed 4300 utterances; for utterance 001400135 avg. like is -50.5606 over 984 frames.
LOG (gmm-acc-stats-ali[5.5.1009~1-e4940]:main():gmm-acc-stats-ali.cc:105) Processed 4350 utterances; for utterance 001400322 avg. like is -51.4284 over 895 frames.
LOG (gmm-acc-stats-ali[5.5.1009~1-e4940]:main():gmm-acc-stats-ali.cc:105) Processed 4400 utterances; for utterance 001400398 avg. like is -51.5175 over 970 frames.
WARNING (gmm-acc-stats-ali[5.5.1009~1-e4940]:main():gmm-acc-stats-ali.cc:79) No alignment for utterance 001820086
LOG (gmm-acc-stats-ali[5.5.1009~1-e4940]:main():gmm-acc-stats-ali.cc:105) Processed 4450 utterances; for utterance 001820097 avg. like is -52.8309 over 753 frames.
LOG (gmm-acc-stats-ali[5.5.1009~1-e4940]:main():gmm-acc-stats-ali.cc:105) Processed 4500 utterances; for utterance 001820365 avg. like is -50.022 over 568 frames.
LOG (gmm-acc-stats-ali[5.5.1009~1-e4940]:main():gmm-acc-stats-ali.cc:105) Processed 4550 utterances; for utterance 001830135 avg. like is -52.5029 over 876 frames.
LOG (gmm-acc-stats-ali[5.5.1009~1-e4940]:main():gmm-acc-stats-ali.cc:105) Processed 4600 utterances; for utterance 001830474 avg. like is -56.9148 over 1000 frames.
LOG (gmm-acc-stats-ali[5.5.1009~1-e4940]:main():gmm-acc-stats-ali.cc:105) Processed 4650 utterances; for utterance 001840208 avg. like is -47.0195 over 564 frames.
LOG (gmm-acc-stats-ali[5.5.1009~1-e4940]:main():gmm-acc-stats-ali.cc:105) Processed 4700 utterances; for utterance 001850096 avg. like is -58.0274 over 1164 frames.
LOG (gmm-acc-stats-ali[5.5.1009~1-e4940]:main():gmm-acc-stats-ali.cc:105) Processed 4750 utterances; for utterance 001850267 avg. like is -57.3072 over 801 frames.
LOG (gmm-acc-stats-ali[5.5.1009~1-e4940]:main():gmm-acc-stats-ali.cc:105) Processed 4800 utterances; for utterance 001860047 avg. like is -49.594 over 623 frames.
LOG (gmm-acc-stats-ali[5.5.1009~1-e4940]:main():gmm-acc-stats-ali.cc:105) Processed 4850 utterances; for utterance 001860237 avg. like is -49.9009 over 517 frames.
LOG (gmm-acc-stats-ali[5.5.1009~1-e4940]:main():gmm-acc-stats-ali.cc:105) Processed 4900 utterances; for utterance 001860492 avg. like is -51.6738 over 1088 frames.
LOG (gmm-acc-stats-ali[5.5.1009~1-e4940]:main():gmm-acc-stats-ali.cc:105) Processed 4950 utterances; for utterance 001870254 avg. like is -59.0336 over 972 frames.
LOG (gmm-acc-stats-ali[5.5.1009~1-e4940]:main():gmm-acc-stats-ali.cc:105) Processed 5000 utterances; for utterance 001870472 avg. like is -55.4817 over 902 frames.
LOG (gmm-acc-stats-ali[5.5.1009~1-e4940]:main():gmm-acc-stats-ali.cc:105) Processed 5050 utterances; for utterance 001880212 avg. like is -55.187 over 691 frames.
LOG (gmm-acc-stats-ali[5.5.1009~1-e4940]:main():gmm-acc-stats-ali.cc:105) Processed 5100 utterances; for utterance 001880407 avg. like is -54.1705 over 636 frames.
WARNING (gmm-acc-stats-ali[5.5.1009~1-e4940]:main():gmm-acc-stats-ali.cc:79) No alignment for utterance 001880461
LOG (gmm-acc-stats-ali[5.5.1009~1-e4940]:main():gmm-acc-stats-ali.cc:105) Processed 5150 utterances; for utterance 001890112 avg. like is -48.4535 over 465 frames.
LOG (gmm-acc-stats-ali[5.5.1009~1-e4940]:main():gmm-acc-stats-ali.cc:105) Processed 5200 utterances; for utterance 001890352 avg. like is -48.0735 over 530 frames.
LOG (gmm-acc-stats-ali[5.5.1009~1-e4940]:main():gmm-acc-stats-ali.cc:105) Processed 5250 utterances; for utterance 001900156 avg. like is -58.8196 over 842 frames.
LOG (gmm-acc-stats-ali[5.5.1009~1-e4940]:main():gmm-acc-stats-ali.cc:105) Processed 5300 utterances; for utterance 001900453 avg. like is -56.314 over 667 frames.
LOG (gmm-acc-stats-ali[5.5.1009~1-e4940]:main():gmm-acc-stats-ali.cc:105) Processed 5350 utterances; for utterance 001920001 avg. like is -52.0409 over 845 frames.
LOG (gmm-acc-stats-ali[5.5.1009~1-e4940]:main():gmm-acc-stats-ali.cc:105) Processed 5400 utterances; for utterance 001920207 avg. like is -53.0828 over 603 frames.
WARNING (gmm-acc-stats-ali[5.5.1009~1-e4940]:main():gmm-acc-stats-ali.cc:79) No alignment for utterance 001920274
LOG (gmm-acc-stats-ali[5.5.1009~1-e4940]:main():gmm-acc-stats-ali.cc:105) Processed 5450 utterances; for utterance 001920294 avg. like is -52.5853 over 627 frames.
LOG (apply-cmvn[5.5.1009~1-e4940]:main():apply-cmvn.cc:162) Applied cepstral mean normalization to 5492 utterances, errors on 0
LOG (transform-feats[5.5.1009~1-e4940]:main():transform-feats.cc:158) Overall average [pseudo-]logdet is -98.9864 over 3.22298e+06 frames.
LOG (transform-feats[5.5.1009~1-e4940]:main():transform-feats.cc:161) Applied transform to 5492 utterances; 0 had errors.
LOG (transform-feats[5.5.1009~1-e4940]:main():transform-feats.cc:158) Overall average logdet is 4.44345 over 3.22298e+06 frames.
LOG (transform-feats[5.5.1009~1-e4940]:main():transform-feats.cc:161) Applied transform to 5492 utterances; 0 had errors.
LOG (gmm-acc-stats-ali[5.5.1009~1-e4940]:main():gmm-acc-stats-ali.cc:112) Done 5474 files, 18 with errors.
LOG (gmm-acc-stats-ali[5.5.1009~1-e4940]:main():gmm-acc-stats-ali.cc:115) Overall avg like per frame (Gaussian only) = -50.8547 over 3210392 frames.
LOG (gmm-acc-stats-ali[5.5.1009~1-e4940]:main():gmm-acc-stats-ali.cc:123) Written accs.
# Accounting: time=10 threads=1
# Ended (code 0) at Tue Jun 14 08:07:48 UTC 2022, elapsed time 10 seconds
