# gmm-acc-stats-ali telugu_exp/tri3/19.mdl "ark,s,cs:apply-cmvn  --utt2spk=ark:telugu_data/train/split8/3/utt2spk scp:telugu_data/train/split8/3/cmvn.scp scp:telugu_data/train/split8/3/feats.scp ark:- | splice-feats  ark:- ark:- | transform-feats telugu_exp/tri2_ali/final.mat ark:- ark:- | transform-feats --utt2spk=ark:telugu_data/train/split8/3/utt2spk ark:telugu_exp/tri3/trans.3 ark:- ark:- |" "ark,s,cs:gunzip -c telugu_exp/tri3/ali.3.gz|" telugu_exp/tri3/19.3.acc 
# Started at Tue Jun 14 08:11:20 UTC 2022
#
gmm-acc-stats-ali telugu_exp/tri3/19.mdl 'ark,s,cs:apply-cmvn  --utt2spk=ark:telugu_data/train/split8/3/utt2spk scp:telugu_data/train/split8/3/cmvn.scp scp:telugu_data/train/split8/3/feats.scp ark:- | splice-feats  ark:- ark:- | transform-feats telugu_exp/tri2_ali/final.mat ark:- ark:- | transform-feats --utt2spk=ark:telugu_data/train/split8/3/utt2spk ark:telugu_exp/tri3/trans.3 ark:- ark:- |' 'ark,s,cs:gunzip -c telugu_exp/tri3/ali.3.gz|' telugu_exp/tri3/19.3.acc 
splice-feats ark:- ark:- 
transform-feats --utt2spk=ark:telugu_data/train/split8/3/utt2spk ark:telugu_exp/tri3/trans.3 ark:- ark:- 
apply-cmvn --utt2spk=ark:telugu_data/train/split8/3/utt2spk scp:telugu_data/train/split8/3/cmvn.scp scp:telugu_data/train/split8/3/feats.scp ark:- 
transform-feats telugu_exp/tri2_ali/final.mat ark:- ark:- 
LOG (gmm-acc-stats-ali[5.5.1009~1-e4940]:main():gmm-acc-stats-ali.cc:105) Processed 50 utterances; for utterance 001950242 avg. like is -55.8064 over 555 frames.
LOG (gmm-acc-stats-ali[5.5.1009~1-e4940]:main():gmm-acc-stats-ali.cc:105) Processed 100 utterances; for utterance 001960092 avg. like is -48.1177 over 727 frames.
LOG (gmm-acc-stats-ali[5.5.1009~1-e4940]:main():gmm-acc-stats-ali.cc:105) Processed 150 utterances; for utterance 001960266 avg. like is -46.7641 over 597 frames.
LOG (gmm-acc-stats-ali[5.5.1009~1-e4940]:main():gmm-acc-stats-ali.cc:105) Processed 200 utterances; for utterance 001970028 avg. like is -51.7335 over 761 frames.
LOG (gmm-acc-stats-ali[5.5.1009~1-e4940]:main():gmm-acc-stats-ali.cc:105) Processed 250 utterances; for utterance 001970336 avg. like is -51.1343 over 839 frames.
LOG (gmm-acc-stats-ali[5.5.1009~1-e4940]:main():gmm-acc-stats-ali.cc:105) Processed 300 utterances; for utterance 001980031 avg. like is -47.1896 over 695 frames.
LOG (gmm-acc-stats-ali[5.5.1009~1-e4940]:main():gmm-acc-stats-ali.cc:105) Processed 350 utterances; for utterance 001980332 avg. like is -50.0043 over 858 frames.
LOG (gmm-acc-stats-ali[5.5.1009~1-e4940]:main():gmm-acc-stats-ali.cc:105) Processed 400 utterances; for utterance 001980486 avg. like is -54.4323 over 1085 frames.
WARNING (gmm-acc-stats-ali[5.5.1009~1-e4940]:main():gmm-acc-stats-ali.cc:79) No alignment for utterance 001990251
LOG (gmm-acc-stats-ali[5.5.1009~1-e4940]:main():gmm-acc-stats-ali.cc:105) Processed 450 utterances; for utterance 001990295 avg. like is -54.5245 over 757 frames.
LOG (gmm-acc-stats-ali[5.5.1009~1-e4940]:main():gmm-acc-stats-ali.cc:105) Processed 500 utterances; for utterance 002000040 avg. like is -48.0051 over 1222 frames.
WARNING (gmm-acc-stats-ali[5.5.1009~1-e4940]:main():gmm-acc-stats-ali.cc:79) No alignment for utterance 002000106
LOG (gmm-acc-stats-ali[5.5.1009~1-e4940]:main():gmm-acc-stats-ali.cc:105) Processed 550 utterances; for utterance 002000323 avg. like is -53.4465 over 500 frames.
LOG (gmm-acc-stats-ali[5.5.1009~1-e4940]:main():gmm-acc-stats-ali.cc:105) Processed 600 utterances; for utterance 002000495 avg. like is -48.5054 over 603 frames.
LOG (gmm-acc-stats-ali[5.5.1009~1-e4940]:main():gmm-acc-stats-ali.cc:105) Processed 650 utterances; for utterance 002010280 avg. like is -45.0129 over 496 frames.
LOG (gmm-acc-stats-ali[5.5.1009~1-e4940]:main():gmm-acc-stats-ali.cc:105) Processed 700 utterances; for utterance 002010455 avg. like is -50.633 over 571 frames.
LOG (gmm-acc-stats-ali[5.5.1009~1-e4940]:main():gmm-acc-stats-ali.cc:105) Processed 750 utterances; for utterance 002020124 avg. like is -47.7318 over 1194 frames.
LOG (gmm-acc-stats-ali[5.5.1009~1-e4940]:main():gmm-acc-stats-ali.cc:105) Processed 800 utterances; for utterance 002020299 avg. like is -45.8285 over 483 frames.
LOG (gmm-acc-stats-ali[5.5.1009~1-e4940]:main():gmm-acc-stats-ali.cc:105) Processed 850 utterances; for utterance 002030237 avg. like is -42.9773 over 386 frames.
LOG (gmm-acc-stats-ali[5.5.1009~1-e4940]:main():gmm-acc-stats-ali.cc:105) Processed 900 utterances; for utterance 002040053 avg. like is -51.2806 over 933 frames.
LOG (gmm-acc-stats-ali[5.5.1009~1-e4940]:main():gmm-acc-stats-ali.cc:105) Processed 950 utterances; for utterance 002040328 avg. like is -53.0717 over 463 frames.
LOG (gmm-acc-stats-ali[5.5.1009~1-e4940]:main():gmm-acc-stats-ali.cc:105) Processed 1000 utterances; for utterance 002060053 avg. like is -52.6546 over 731 frames.
LOG (gmm-acc-stats-ali[5.5.1009~1-e4940]:main():gmm-acc-stats-ali.cc:105) Processed 1050 utterances; for utterance 002060485 avg. like is -52.3766 over 1077 frames.
LOG (gmm-acc-stats-ali[5.5.1009~1-e4940]:main():gmm-acc-stats-ali.cc:105) Processed 1100 utterances; for utterance 002070422 avg. like is -49.1298 over 583 frames.
LOG (gmm-acc-stats-ali[5.5.1009~1-e4940]:main():gmm-acc-stats-ali.cc:105) Processed 1150 utterances; for utterance 002080143 avg. like is -49.4157 over 495 frames.
LOG (gmm-acc-stats-ali[5.5.1009~1-e4940]:main():gmm-acc-stats-ali.cc:105) Processed 1200 utterances; for utterance 002080431 avg. like is -48.4533 over 456 frames.
LOG (gmm-acc-stats-ali[5.5.1009~1-e4940]:main():gmm-acc-stats-ali.cc:105) Processed 1250 utterances; for utterance 002090082 avg. like is -49.9897 over 663 frames.
LOG (gmm-acc-stats-ali[5.5.1009~1-e4940]:main():gmm-acc-stats-ali.cc:105) Processed 1300 utterances; for utterance 002100073 avg. like is -50.3998 over 471 frames.
LOG (gmm-acc-stats-ali[5.5.1009~1-e4940]:main():gmm-acc-stats-ali.cc:105) Processed 1350 utterances; for utterance 002100255 avg. like is -49.5057 over 961 frames.
LOG (gmm-acc-stats-ali[5.5.1009~1-e4940]:main():gmm-acc-stats-ali.cc:105) Processed 1400 utterances; for utterance 002110002 avg. like is -42.3113 over 359 frames.
WARNING (gmm-acc-stats-ali[5.5.1009~1-e4940]:main():gmm-acc-stats-ali.cc:79) No alignment for utterance 002110090
LOG (gmm-acc-stats-ali[5.5.1009~1-e4940]:main():gmm-acc-stats-ali.cc:105) Processed 1450 utterances; for utterance 002110162 avg. like is -47.0765 over 565 frames.
LOG (gmm-acc-stats-ali[5.5.1009~1-e4940]:main():gmm-acc-stats-ali.cc:105) Processed 1500 utterances; for utterance 002110259 avg. like is -47.1965 over 643 frames.
LOG (gmm-acc-stats-ali[5.5.1009~1-e4940]:main():gmm-acc-stats-ali.cc:105) Processed 1550 utterances; for utterance 002110375 avg. like is -48.6134 over 766 frames.
LOG (gmm-acc-stats-ali[5.5.1009~1-e4940]:main():gmm-acc-stats-ali.cc:105) Processed 1600 utterances; for utterance 002120150 avg. like is -47.7368 over 529 frames.
WARNING (gmm-acc-stats-ali[5.5.1009~1-e4940]:main():gmm-acc-stats-ali.cc:79) No alignment for utterance 002120289
LOG (gmm-acc-stats-ali[5.5.1009~1-e4940]:main():gmm-acc-stats-ali.cc:105) Processed 1650 utterances; for utterance 002120334 avg. like is -45.9231 over 645 frames.
LOG (gmm-acc-stats-ali[5.5.1009~1-e4940]:main():gmm-acc-stats-ali.cc:105) Processed 1700 utterances; for utterance 002120450 avg. like is -51.0925 over 749 frames.
LOG (gmm-acc-stats-ali[5.5.1009~1-e4940]:main():gmm-acc-stats-ali.cc:105) Processed 1750 utterances; for utterance 002130117 avg. like is -49.2742 over 457 frames.
LOG (gmm-acc-stats-ali[5.5.1009~1-e4940]:main():gmm-acc-stats-ali.cc:105) Processed 1800 utterances; for utterance 002130351 avg. like is -47.4671 over 599 frames.
LOG (gmm-acc-stats-ali[5.5.1009~1-e4940]:main():gmm-acc-stats-ali.cc:105) Processed 1850 utterances; for utterance 002140071 avg. like is -52.5393 over 641 frames.
LOG (gmm-acc-stats-ali[5.5.1009~1-e4940]:main():gmm-acc-stats-ali.cc:105) Processed 1900 utterances; for utterance 002140224 avg. like is -51.7446 over 883 frames.
WARNING (gmm-acc-stats-ali[5.5.1009~1-e4940]:main():gmm-acc-stats-ali.cc:79) No alignment for utterance 002140285
LOG (gmm-acc-stats-ali[5.5.1009~1-e4940]:main():gmm-acc-stats-ali.cc:105) Processed 1950 utterances; for utterance 002140425 avg. like is -48.1078 over 475 frames.
LOG (gmm-acc-stats-ali[5.5.1009~1-e4940]:main():gmm-acc-stats-ali.cc:105) Processed 2000 utterances; for utterance 002150242 avg. like is -45.7804 over 416 frames.
LOG (gmm-acc-stats-ali[5.5.1009~1-e4940]:main():gmm-acc-stats-ali.cc:105) Processed 2050 utterances; for utterance 002180119 avg. like is -47.2696 over 489 frames.
LOG (gmm-acc-stats-ali[5.5.1009~1-e4940]:main():gmm-acc-stats-ali.cc:105) Processed 2100 utterances; for utterance 002180264 avg. like is -50.0746 over 1039 frames.
LOG (gmm-acc-stats-ali[5.5.1009~1-e4940]:main():gmm-acc-stats-ali.cc:105) Processed 2150 utterances; for utterance 002180442 avg. like is -54.8909 over 1020 frames.
LOG (gmm-acc-stats-ali[5.5.1009~1-e4940]:main():gmm-acc-stats-ali.cc:105) Processed 2200 utterances; for utterance 002190296 avg. like is -49.9295 over 750 frames.
LOG (gmm-acc-stats-ali[5.5.1009~1-e4940]:main():gmm-acc-stats-ali.cc:105) Processed 2250 utterances; for utterance 002190469 avg. like is -51.1085 over 390 frames.
LOG (gmm-acc-stats-ali[5.5.1009~1-e4940]:main():gmm-acc-stats-ali.cc:105) Processed 2300 utterances; for utterance 002200246 avg. like is -49.1655 over 668 frames.
LOG (gmm-acc-stats-ali[5.5.1009~1-e4940]:main():gmm-acc-stats-ali.cc:105) Processed 2350 utterances; for utterance 002200459 avg. like is -45.5285 over 324 frames.
LOG (gmm-acc-stats-ali[5.5.1009~1-e4940]:main():gmm-acc-stats-ali.cc:105) Processed 2400 utterances; for utterance 002210154 avg. like is -50.4961 over 442 frames.
LOG (gmm-acc-stats-ali[5.5.1009~1-e4940]:main():gmm-acc-stats-ali.cc:105) Processed 2450 utterances; for utterance 002210341 avg. like is -49.8673 over 430 frames.
LOG (gmm-acc-stats-ali[5.5.1009~1-e4940]:main():gmm-acc-stats-ali.cc:105) Processed 2500 utterances; for utterance 002220083 avg. like is -45.2315 over 448 frames.
LOG (gmm-acc-stats-ali[5.5.1009~1-e4940]:main():gmm-acc-stats-ali.cc:105) Processed 2550 utterances; for utterance 002220251 avg. like is -53.6762 over 688 frames.
LOG (gmm-acc-stats-ali[5.5.1009~1-e4940]:main():gmm-acc-stats-ali.cc:105) Processed 2600 utterances; for utterance 002230024 avg. like is -49.603 over 725 frames.
LOG (gmm-acc-stats-ali[5.5.1009~1-e4940]:main():gmm-acc-stats-ali.cc:105) Processed 2650 utterances; for utterance 002230207 avg. like is -48.6587 over 353 frames.
LOG (gmm-acc-stats-ali[5.5.1009~1-e4940]:main():gmm-acc-stats-ali.cc:105) Processed 2700 utterances; for utterance 002230398 avg. like is -52.6012 over 429 frames.
LOG (gmm-acc-stats-ali[5.5.1009~1-e4940]:main():gmm-acc-stats-ali.cc:105) Processed 2750 utterances; for utterance 002240123 avg. like is -45.0367 over 441 frames.
LOG (gmm-acc-stats-ali[5.5.1009~1-e4940]:main():gmm-acc-stats-ali.cc:105) Processed 2800 utterances; for utterance 002240334 avg. like is -44.0338 over 374 frames.
LOG (gmm-acc-stats-ali[5.5.1009~1-e4940]:main():gmm-acc-stats-ali.cc:105) Processed 2850 utterances; for utterance 002250081 avg. like is -50.8312 over 615 frames.
LOG (gmm-acc-stats-ali[5.5.1009~1-e4940]:main():gmm-acc-stats-ali.cc:105) Processed 2900 utterances; for utterance 002250309 avg. like is -46.0089 over 451 frames.
LOG (gmm-acc-stats-ali[5.5.1009~1-e4940]:main():gmm-acc-stats-ali.cc:105) Processed 2950 utterances; for utterance 002260042 avg. like is -47.1064 over 313 frames.
LOG (gmm-acc-stats-ali[5.5.1009~1-e4940]:main():gmm-acc-stats-ali.cc:105) Processed 3000 utterances; for utterance 002260278 avg. like is -46.9835 over 299 frames.
LOG (gmm-acc-stats-ali[5.5.1009~1-e4940]:main():gmm-acc-stats-ali.cc:105) Processed 3050 utterances; for utterance 002270039 avg. like is -43.8362 over 343 frames.
LOG (gmm-acc-stats-ali[5.5.1009~1-e4940]:main():gmm-acc-stats-ali.cc:105) Processed 3100 utterances; for utterance 002270241 avg. like is -45.4289 over 509 frames.
LOG (gmm-acc-stats-ali[5.5.1009~1-e4940]:main():gmm-acc-stats-ali.cc:105) Processed 3150 utterances; for utterance 002280050 avg. like is -46.265 over 352 frames.
LOG (gmm-acc-stats-ali[5.5.1009~1-e4940]:main():gmm-acc-stats-ali.cc:105) Processed 3200 utterances; for utterance 002280310 avg. like is -44.4462 over 508 frames.
LOG (gmm-acc-stats-ali[5.5.1009~1-e4940]:main():gmm-acc-stats-ali.cc:105) Processed 3250 utterances; for utterance 002280487 avg. like is -47.3901 over 313 frames.
LOG (gmm-acc-stats-ali[5.5.1009~1-e4940]:main():gmm-acc-stats-ali.cc:105) Processed 3300 utterances; for utterance TE0013-TE0015_1-A.112 avg. like is -41.4315 over 231 frames.
LOG (gmm-acc-stats-ali[5.5.1009~1-e4940]:main():gmm-acc-stats-ali.cc:105) Processed 3350 utterances; for utterance TE0013-TE0015_2-B.059 avg. like is -35.8202 over 111 frames.
LOG (gmm-acc-stats-ali[5.5.1009~1-e4940]:main():gmm-acc-stats-ali.cc:105) Processed 3400 utterances; for utterance TE0025-TE0026_1-B.212 avg. like is -45.596 over 204 frames.
LOG (gmm-acc-stats-ali[5.5.1009~1-e4940]:main():gmm-acc-stats-ali.cc:105) Processed 3450 utterances; for utterance TE0025-TE0027_2-A.164 avg. like is -49.2033 over 99 frames.
LOG (gmm-acc-stats-ali[5.5.1009~1-e4940]:main():gmm-acc-stats-ali.cc:105) Processed 3500 utterances; for utterance TE0053-TE0054_2-A.065 avg. like is -43.5588 over 53 frames.
LOG (gmm-acc-stats-ali[5.5.1009~1-e4940]:main():gmm-acc-stats-ali.cc:105) Processed 3550 utterances; for utterance TE0053-TE0055_1-A.238 avg. like is -43.3231 over 77 frames.
LOG (gmm-acc-stats-ali[5.5.1009~1-e4940]:main():gmm-acc-stats-ali.cc:105) Processed 3600 utterances; for utterance TE0053-TE0055_2-B.005 avg. like is -47.6454 over 112 frames.
LOG (gmm-acc-stats-ali[5.5.1009~1-e4940]:main():gmm-acc-stats-ali.cc:105) Processed 3650 utterances; for utterance TE0170-TE0172_1-A.059 avg. like is -50.6541 over 245 frames.
LOG (gmm-acc-stats-ali[5.5.1009~1-e4940]:main():gmm-acc-stats-ali.cc:105) Processed 3700 utterances; for utterance TE0170-TE0172_2-A.252 avg. like is -46.4136 over 211 frames.
LOG (gmm-acc-stats-ali[5.5.1009~1-e4940]:main():gmm-acc-stats-ali.cc:105) Processed 3750 utterances; for utterance TE0171-TE0172_2-A.036 avg. like is -54.3835 over 128 frames.
LOG (gmm-acc-stats-ali[5.5.1009~1-e4940]:main():gmm-acc-stats-ali.cc:105) Processed 3800 utterances; for utterance TE0389-TE0390_2-B.165 avg. like is -39.9376 over 104 frames.
LOG (gmm-acc-stats-ali[5.5.1009~1-e4940]:main():gmm-acc-stats-ali.cc:105) Processed 3850 utterances; for utterance TE0389-TE0391_2-B.091 avg. like is -40.1932 over 112 frames.
LOG (gmm-acc-stats-ali[5.5.1009~1-e4940]:main():gmm-acc-stats-ali.cc:105) Processed 3900 utterances; for utterance TE0390-TE0392_1-A.345 avg. like is -48.1094 over 226 frames.
LOG (gmm-acc-stats-ali[5.5.1009~1-e4940]:main():gmm-acc-stats-ali.cc:105) Processed 3950 utterances; for utterance TE0390-TE0392_2-B.147 avg. like is -35.3779 over 71 frames.
LOG (gmm-acc-stats-ali[5.5.1009~1-e4940]:main():gmm-acc-stats-ali.cc:105) Processed 4000 utterances; for utterance TE0391-TE0392_1-A.433 avg. like is -46.8244 over 571 frames.
LOG (gmm-acc-stats-ali[5.5.1009~1-e4940]:main():gmm-acc-stats-ali.cc:105) Processed 4050 utterances; for utterance TE0391-TE0392_2-A.146 avg. like is -44.1214 over 112 frames.
LOG (gmm-acc-stats-ali[5.5.1009~1-e4940]:main():gmm-acc-stats-ali.cc:105) Processed 4100 utterances; for utterance TE0391-TE0392_2-B.295 avg. like is -44.0792 over 353 frames.
LOG (gmm-acc-stats-ali[5.5.1009~1-e4940]:main():gmm-acc-stats-ali.cc:105) Processed 4150 utterances; for utterance TE0405-TE0406_1-B.381 avg. like is -39.7629 over 83 frames.
LOG (gmm-acc-stats-ali[5.5.1009~1-e4940]:main():gmm-acc-stats-ali.cc:105) Processed 4200 utterances; for utterance TE0405-TE0407_1-A.043 avg. like is -33.6212 over 49 frames.
LOG (gmm-acc-stats-ali[5.5.1009~1-e4940]:main():gmm-acc-stats-ali.cc:105) Processed 4250 utterances; for utterance TE0405-TE0407_2-A.328 avg. like is -41.1422 over 93 frames.
LOG (gmm-acc-stats-ali[5.5.1009~1-e4940]:main():gmm-acc-stats-ali.cc:105) Processed 4300 utterances; for utterance TE0406-TE0408_1-A.211 avg. like is -47.2068 over 374 frames.
LOG (gmm-acc-stats-ali[5.5.1009~1-e4940]:main():gmm-acc-stats-ali.cc:105) Processed 4350 utterances; for utterance TE0406-TE0408_2-B.050 avg. like is -49.9608 over 224 frames.
LOG (gmm-acc-stats-ali[5.5.1009~1-e4940]:main():gmm-acc-stats-ali.cc:105) Processed 4400 utterances; for utterance TE0407-TE0408_2-A.404 avg. like is -35.9241 over 106 frames.
LOG (gmm-acc-stats-ali[5.5.1009~1-e4940]:main():gmm-acc-stats-ali.cc:105) Processed 4450 utterances; for utterance TE0409-TE0410_1-B.270 avg. like is -44.8251 over 263 frames.
LOG (gmm-acc-stats-ali[5.5.1009~1-e4940]:main():gmm-acc-stats-ali.cc:105) Processed 4500 utterances; for utterance TE0409-TE0411_1-B.272 avg. like is -39.3262 over 58 frames.
LOG (gmm-acc-stats-ali[5.5.1009~1-e4940]:main():gmm-acc-stats-ali.cc:105) Processed 4550 utterances; for utterance TE0410-TE0412_1-B.026 avg. like is -37.0408 over 91 frames.
LOG (gmm-acc-stats-ali[5.5.1009~1-e4940]:main():gmm-acc-stats-ali.cc:105) Processed 4600 utterances; for utterance TE0410-TE0412_2-B.136 avg. like is -48.355 over 532 frames.
LOG (gmm-acc-stats-ali[5.5.1009~1-e4940]:main():gmm-acc-stats-ali.cc:105) Processed 4650 utterances; for utterance TE0411-TE0412_1-A.130 avg. like is -33.0569 over 81 frames.
LOG (gmm-acc-stats-ali[5.5.1009~1-e4940]:main():gmm-acc-stats-ali.cc:105) Processed 4700 utterances; for utterance TE0411-TE0412_2-B.078 avg. like is -45.2139 over 140 frames.
LOG (gmm-acc-stats-ali[5.5.1009~1-e4940]:main():gmm-acc-stats-ali.cc:105) Processed 4750 utterances; for utterance TE0413-TE0415_1-A.092 avg. like is -50.0765 over 336 frames.
LOG (gmm-acc-stats-ali[5.5.1009~1-e4940]:main():gmm-acc-stats-ali.cc:105) Processed 4800 utterances; for utterance TE0413-TE0415_2-B.551 avg. like is -46.5033 over 106 frames.
LOG (gmm-acc-stats-ali[5.5.1009~1-e4940]:main():gmm-acc-stats-ali.cc:105) Processed 4850 utterances; for utterance TE0414-TE0416_2-A.104 avg. like is -46.1608 over 66 frames.
LOG (gmm-acc-stats-ali[5.5.1009~1-e4940]:main():gmm-acc-stats-ali.cc:105) Processed 4900 utterances; for utterance TE0415-TE0416_1-A.368 avg. like is -49.7843 over 96 frames.
LOG (gmm-acc-stats-ali[5.5.1009~1-e4940]:main():gmm-acc-stats-ali.cc:105) Processed 4950 utterances; for utterance TE0415-TE0416_2-B.178 avg. like is -46.0433 over 189 frames.
LOG (gmm-acc-stats-ali[5.5.1009~1-e4940]:main():gmm-acc-stats-ali.cc:105) Processed 5000 utterances; for utterance TE0417-TE0418_1-B.232 avg. like is -36.755 over 57 frames.
LOG (gmm-acc-stats-ali[5.5.1009~1-e4940]:main():gmm-acc-stats-ali.cc:105) Processed 5050 utterances; for utterance TE0417-TE0418_2-B.243 avg. like is -39.9919 over 52 frames.
LOG (gmm-acc-stats-ali[5.5.1009~1-e4940]:main():gmm-acc-stats-ali.cc:105) Processed 5100 utterances; for utterance TE0418-TE0420_1-A.338 avg. like is -42.4847 over 62 frames.
LOG (gmm-acc-stats-ali[5.5.1009~1-e4940]:main():gmm-acc-stats-ali.cc:105) Processed 5150 utterances; for utterance TE0418-TE0420_2-B.095 avg. like is -42.1552 over 116 frames.
LOG (gmm-acc-stats-ali[5.5.1009~1-e4940]:main():gmm-acc-stats-ali.cc:105) Processed 5200 utterances; for utterance TE0419-TE0420_2-A.016 avg. like is -43.2044 over 493 frames.
LOG (gmm-acc-stats-ali[5.5.1009~1-e4940]:main():gmm-acc-stats-ali.cc:105) Processed 5250 utterances; for utterance TE0421-TE0423_1-A.179 avg. like is -41.3449 over 107 frames.
LOG (gmm-acc-stats-ali[5.5.1009~1-e4940]:main():gmm-acc-stats-ali.cc:105) Processed 5300 utterances; for utterance TE0422-TE0424_1-B.018 avg. like is -43.6528 over 99 frames.
LOG (gmm-acc-stats-ali[5.5.1009~1-e4940]:main():gmm-acc-stats-ali.cc:105) Processed 5350 utterances; for utterance TE0423-TE0424_1-A.107 avg. like is -41.8768 over 72 frames.
LOG (gmm-acc-stats-ali[5.5.1009~1-e4940]:main():gmm-acc-stats-ali.cc:105) Processed 5400 utterances; for utterance TE0423-TE0424_1-B.365 avg. like is -39.5792 over 69 frames.
LOG (gmm-acc-stats-ali[5.5.1009~1-e4940]:main():gmm-acc-stats-ali.cc:105) Processed 5450 utterances; for utterance TE0425-TE0426_1-A.359 avg. like is -48.3932 over 45 frames.
LOG (apply-cmvn[5.5.1009~1-e4940]:main():apply-cmvn.cc:162) Applied cepstral mean normalization to 5493 utterances, errors on 0
LOG (transform-feats[5.5.1009~1-e4940]:main():transform-feats.cc:158) Overall average [pseudo-]logdet is -98.9864 over 2.29229e+06 frames.
LOG (transform-feats[5.5.1009~1-e4940]:main():transform-feats.cc:161) Applied transform to 5493 utterances; 0 had errors.
LOG (transform-feats[5.5.1009~1-e4940]:main():transform-feats.cc:158) Overall average logdet is 2.63234 over 2.29229e+06 frames.
LOG (transform-feats[5.5.1009~1-e4940]:main():transform-feats.cc:161) Applied transform to 5493 utterances; 0 had errors.
LOG (gmm-acc-stats-ali[5.5.1009~1-e4940]:main():gmm-acc-stats-ali.cc:112) Done 5488 files, 5 with errors.
LOG (gmm-acc-stats-ali[5.5.1009~1-e4940]:main():gmm-acc-stats-ali.cc:115) Overall avg like per frame (Gaussian only) = -49.0147 over 2288411 frames.
LOG (gmm-acc-stats-ali[5.5.1009~1-e4940]:main():gmm-acc-stats-ali.cc:123) Written accs.
# Accounting: time=10 threads=1
# Ended (code 0) at Tue Jun 14 08:11:30 UTC 2022, elapsed time 10 seconds
