# gmm-latgen-faster --max-active=7000 --beam=15.0 --lattice-beam=6.0 --acoustic-scale=0.083333 --allow-partial=false --word-symbol-table=telugu_exp/tri3_cleaned_work/graphs/words.txt telugu_exp/tri3_cleaned_work/final.mdl scp:telugu_exp/tri3_cleaned_work/lats/split_fsts/HCLG.fsts.37.scp "ark,s,cs:apply-cmvn  --utt2spk=ark:telugu_data/train/split100/37/utt2spk scp:telugu_data/train/split100/37/cmvn.scp scp:telugu_data/train/split100/37/feats.scp ark:- | splice-feats  ark:- ark:- | transform-feats telugu_exp/tri3_cleaned_work/final.mat ark:- ark:- | transform-feats --utt2spk=ark:telugu_data/train/split100/37/utt2spk scp:telugu_exp/tri3_cleaned_work/lats/trans.scp ark:- ark:- |" "ark:|gzip -c > telugu_exp/tri3_cleaned_work/lats/lat.37.gz" 
# Started at Tue Jun 14 09:28:40 UTC 2022
#
gmm-latgen-faster --max-active=7000 --beam=15.0 --lattice-beam=6.0 --acoustic-scale=0.083333 --allow-partial=false --word-symbol-table=telugu_exp/tri3_cleaned_work/graphs/words.txt telugu_exp/tri3_cleaned_work/final.mdl scp:telugu_exp/tri3_cleaned_work/lats/split_fsts/HCLG.fsts.37.scp 'ark,s,cs:apply-cmvn  --utt2spk=ark:telugu_data/train/split100/37/utt2spk scp:telugu_data/train/split100/37/cmvn.scp scp:telugu_data/train/split100/37/feats.scp ark:- | splice-feats  ark:- ark:- | transform-feats telugu_exp/tri3_cleaned_work/final.mat ark:- ark:- | transform-feats --utt2spk=ark:telugu_data/train/split100/37/utt2spk scp:telugu_exp/tri3_cleaned_work/lats/trans.scp ark:- ark:- |' 'ark:|gzip -c > telugu_exp/tri3_cleaned_work/lats/lat.37.gz' 
splice-feats ark:- ark:- 
apply-cmvn --utt2spk=ark:telugu_data/train/split100/37/utt2spk scp:telugu_data/train/split100/37/cmvn.scp scp:telugu_data/train/split100/37/feats.scp ark:- 
transform-feats --utt2spk=ark:telugu_data/train/split100/37/utt2spk scp:telugu_exp/tri3_cleaned_work/lats/trans.scp ark:- ark:- 
transform-feats telugu_exp/tri3_cleaned_work/final.mat ark:- ark:- 
TE0053-TE0055_2-B.172 గీత దాటకుండా లేదు గీత దాటి వస్తేనే నేను బిక్షం తీసుకుంటాను 
LOG (gmm-latgen-faster[5.5.1009~1-e4940]:DecodeUtteranceLatticeFaster():decoder-wrappers.cc:375) Log-like per frame for utterance TE0053-TE0055_2-B.172 is -4.16292 over 450 frames.
TE0053-TE0055_2-B.176 దాటి 
LOG (gmm-latgen-faster[5.5.1009~1-e4940]:DecodeUtteranceLatticeFaster():decoder-wrappers.cc:375) Log-like per frame for utterance TE0053-TE0055_2-B.176 is -4.06042 over 86 frames.
TE0053-TE0055_2-B.194 నేనూ ఒస్తాను లేకపోతే నేను రాను 
LOG (gmm-latgen-faster[5.5.1009~1-e4940]:DecodeUtteranceLatticeFaster():decoder-wrappers.cc:375) Log-like per frame for utterance TE0053-TE0055_2-B.194 is -4.37332 over 281 frames.
TE0053-TE0055_2-B.195 రాముడు వొచ్చి రావణాసురుడుతో యుద్ధం చేస్తేనే 
LOG (gmm-latgen-faster[5.5.1009~1-e4940]:DecodeUtteranceLatticeFaster():decoder-wrappers.cc:375) Log-like per frame for utterance TE0053-TE0055_2-B.195 is -4.03856 over 361 frames.
TE0053-TE0055_2-B.203 యుద్ధం చేసి యుద్ధం చేసి తన్నునీ అని 
LOG (gmm-latgen-faster[5.5.1009~1-e4940]:DecodeUtteranceLatticeFaster():decoder-wrappers.cc:375) Log-like per frame for utterance TE0053-TE0055_2-B.203 is -4.40577 over 283 frames.
TE0053-TE0055_2-B.237 ఒకసారీ 
LOG (gmm-latgen-faster[5.5.1009~1-e4940]:DecodeUtteranceLatticeFaster():decoder-wrappers.cc:375) Log-like per frame for utterance TE0053-TE0055_2-B.237 is -3.35913 over 131 frames.
TE0053-TE0055_2-B.242 పర్వతాన్నే లేపుకొని వస్తాడు 
LOG (gmm-latgen-faster[5.5.1009~1-e4940]:DecodeUtteranceLatticeFaster():decoder-wrappers.cc:375) Log-like per frame for utterance TE0053-TE0055_2-B.242 is -3.84332 over 273 frames.
TE0053-TE0055_2-B.246 పట్టాభిషేకం అయిన తర్వాత కూడా తనకు ఏది ఇష్టమైనదో అది చేయాలనుకుంటాడు ఆంజనేయస్వామి అప్పుడు 
LOG (gmm-latgen-faster[5.5.1009~1-e4940]:DecodeUtteranceLatticeFaster():decoder-wrappers.cc:375) Log-like per frame for utterance TE0053-TE0055_2-B.246 is -4.00725 over 597 frames.
TE0053-TE0055_2-B.256 రామాయణం ప్రకారం అయితే కాలేదు తను 
LOG (gmm-latgen-faster[5.5.1009~1-e4940]:DecodeUtteranceLatticeFaster():decoder-wrappers.cc:375) Log-like per frame for utterance TE0053-TE0055_2-B.256 is -3.91815 over 363 frames.
TE0053-TE0055_2-B.264 రాముడు అంటే చాలా ఇష్టం తనకు ఇష్టమైన ఏదైనా పని చేయాలి అని 
LOG (gmm-latgen-faster[5.5.1009~1-e4940]:DecodeUtteranceLatticeFaster():decoder-wrappers.cc:375) Log-like per frame for utterance TE0053-TE0055_2-B.264 is -4.02936 over 406 frames.
TE0053-TE0055_2-B.267 దగ్గరకు వెళ్లి ఆంజనేయస్వామి వెళ్ళే సరికి తన పాపిట్లో సింధూరం పెట్టుకుంటుంది 
LOG (gmm-latgen-faster[5.5.1009~1-e4940]:DecodeUtteranceLatticeFaster():decoder-wrappers.cc:375) Log-like per frame for utterance TE0053-TE0055_2-B.267 is -4.12123 over 441 frames.
TE0053-TE0055_2-B.280 సీతదేవి ఏడవకు 
LOG (gmm-latgen-faster[5.5.1009~1-e4940]:DecodeUtteranceLatticeFaster():decoder-wrappers.cc:375) Log-like per frame for utterance TE0053-TE0055_2-B.280 is -4.19911 over 186 frames.
TE0053-TE0055_2-B.291 చూపిస్తా 
LOG (gmm-latgen-faster[5.5.1009~1-e4940]:DecodeUtteranceLatticeFaster():decoder-wrappers.cc:375) Log-like per frame for utterance TE0053-TE0055_2-B.291 is -4.26192 over 104 frames.
TE0170-TE0172_1-A.003 నీ పేరు 
LOG (gmm-latgen-faster[5.5.1009~1-e4940]:DecodeUtteranceLatticeFaster():decoder-wrappers.cc:375) Log-like per frame for utterance TE0170-TE0172_1-A.003 is -3.68406 over 66 frames.
TE0170-TE0172_1-A.040 ఇప్పుడు 
LOG (gmm-latgen-faster[5.5.1009~1-e4940]:DecodeUtteranceLatticeFaster():decoder-wrappers.cc:375) Log-like per frame for utterance TE0170-TE0172_1-A.040 is -4.11791 over 59 frames.
TE0170-TE0172_1-A.052 తగ్గుతుంది 
LOG (gmm-latgen-faster[5.5.1009~1-e4940]:DecodeUtteranceLatticeFaster():decoder-wrappers.cc:375) Log-like per frame for utterance TE0170-TE0172_1-A.052 is -4.44943 over 79 frames.
TE0170-TE0172_1-A.059 తగ్గితే రూపాయి వివా తగ్గుతడి బాగా తగ్గిపోతుంది 
LOG (gmm-latgen-faster[5.5.1009~1-e4940]:DecodeUtteranceLatticeFaster():decoder-wrappers.cc:375) Log-like per frame for utterance TE0170-TE0172_1-A.059 is -4.20184 over 245 frames.
TE0170-TE0172_1-A.086 నేను నేను 
LOG (gmm-latgen-faster[5.5.1009~1-e4940]:DecodeUtteranceLatticeFaster():decoder-wrappers.cc:375) Log-like per frame for utterance TE0170-TE0172_1-A.086 is -2.76987 over 119 frames.
TE0170-TE0172_1-A.087 నా 
LOG (gmm-latgen-faster[5.5.1009~1-e4940]:DecodeUtteranceLatticeFaster():decoder-wrappers.cc:375) Log-like per frame for utterance TE0170-TE0172_1-A.087 is -2.39245 over 108 frames.
TE0170-TE0172_1-A.091 ఇంకా 
LOG (gmm-latgen-faster[5.5.1009~1-e4940]:DecodeUtteranceLatticeFaster():decoder-wrappers.cc:375) Log-like per frame for utterance TE0170-TE0172_1-A.091 is -3.65615 over 63 frames.
TE0170-TE0172_1-A.107 నేను ఎటువంటి పని చెయ్యాలన్న భయం వేస్తుంది 
LOG (gmm-latgen-faster[5.5.1009~1-e4940]:DecodeUtteranceLatticeFaster():decoder-wrappers.cc:375) Log-like per frame for utterance TE0170-TE0172_1-A.107 is -3.98095 over 239 frames.
TE0170-TE0172_1-A.159 ఒక 
LOG (gmm-latgen-faster[5.5.1009~1-e4940]:DecodeUtteranceLatticeFaster():decoder-wrappers.cc:375) Log-like per frame for utterance TE0170-TE0172_1-A.159 is -3.83618 over 67 frames.
TE0170-TE0172_1-A.164 ఒక్కసారిగ పెరుగుతుంది 
LOG (gmm-latgen-faster[5.5.1009~1-e4940]:DecodeUtteranceLatticeFaster():decoder-wrappers.cc:375) Log-like per frame for utterance TE0170-TE0172_1-A.164 is -3.99913 over 165 frames.
TE0170-TE0172_1-A.185 జరుగుతుంది ఎందుకంటె 
LOG (gmm-latgen-faster[5.5.1009~1-e4940]:DecodeUtteranceLatticeFaster():decoder-wrappers.cc:375) Log-like per frame for utterance TE0170-TE0172_1-A.185 is -3.46941 over 139 frames.
TE0170-TE0172_1-A.200 ఆలోచిస్తుంటే 
LOG (gmm-latgen-faster[5.5.1009~1-e4940]:DecodeUtteranceLatticeFaster():decoder-wrappers.cc:375) Log-like per frame for utterance TE0170-TE0172_1-A.200 is -3.95 over 144 frames.
TE0170-TE0172_1-A.201 అదే కాకుండా 
LOG (gmm-latgen-faster[5.5.1009~1-e4940]:DecodeUtteranceLatticeFaster():decoder-wrappers.cc:375) Log-like per frame for utterance TE0170-TE0172_1-A.201 is -4.03844 over 148 frames.
TE0170-TE0172_1-A.262 కానీ 
LOG (gmm-latgen-faster[5.5.1009~1-e4940]:DecodeUtteranceLatticeFaster():decoder-wrappers.cc:375) Log-like per frame for utterance TE0170-TE0172_1-A.262 is -3.99961 over 63 frames.
TE0170-TE0172_1-A.268 ఉండట్లేదు 
LOG (gmm-latgen-faster[5.5.1009~1-e4940]:DecodeUtteranceLatticeFaster():decoder-wrappers.cc:375) Log-like per frame for utterance TE0170-TE0172_1-A.268 is -3.97577 over 87 frames.
TE0170-TE0172_1-A.296 చాలా మంచిది 
LOG (gmm-latgen-faster[5.5.1009~1-e4940]:DecodeUtteranceLatticeFaster():decoder-wrappers.cc:375) Log-like per frame for utterance TE0170-TE0172_1-A.296 is -3.3798 over 183 frames.
TE0170-TE0172_1-A.343 ఇప్పుడు 
LOG (gmm-latgen-faster[5.5.1009~1-e4940]:DecodeUtteranceLatticeFaster():decoder-wrappers.cc:375) Log-like per frame for utterance TE0170-TE0172_1-A.343 is -4.90037 over 56 frames.
TE0170-TE0172_1-A.358 ఆ బాధపడుతున్నారు ఇంకొకటి చూసుకుంటే 
LOG (gmm-latgen-faster[5.5.1009~1-e4940]:DecodeUtteranceLatticeFaster():decoder-wrappers.cc:375) Log-like per frame for utterance TE0170-TE0172_1-A.358 is -3.72076 over 262 frames.
TE0170-TE0172_1-A.376 నేను 
LOG (gmm-latgen-faster[5.5.1009~1-e4940]:DecodeUtteranceLatticeFaster():decoder-wrappers.cc:375) Log-like per frame for utterance TE0170-TE0172_1-A.376 is -4.3651 over 64 frames.
TE0170-TE0172_1-A.398 దాని వల్ల ఏం ఉపయోగం డబ్బుల్ పెట్టినా కొన్ని 
LOG (gmm-latgen-faster[5.5.1009~1-e4940]:DecodeUtteranceLatticeFaster():decoder-wrappers.cc:375) Log-like per frame for utterance TE0170-TE0172_1-A.398 is -4.01632 over 276 frames.
TE0170-TE0172_1-A.404 తీస్కుంటే మంచిది 
LOG (gmm-latgen-faster[5.5.1009~1-e4940]:DecodeUtteranceLatticeFaster():decoder-wrappers.cc:375) Log-like per frame for utterance TE0170-TE0172_1-A.404 is -3.77905 over 134 frames.
TE0170-TE0172_1-A.447 బాగుంటది 
LOG (gmm-latgen-faster[5.5.1009~1-e4940]:DecodeUtteranceLatticeFaster():decoder-wrappers.cc:375) Log-like per frame for utterance TE0170-TE0172_1-A.447 is -3.61485 over 88 frames.
TE0170-TE0172_1-B.002 నా పేరు ఫణి శ్రీ దేవన 
LOG (gmm-latgen-faster[5.5.1009~1-e4940]:DecodeUtteranceLatticeFaster():decoder-wrappers.cc:375) Log-like per frame for utterance TE0170-TE0172_1-B.002 is -4.44976 over 141 frames.
TE0170-TE0172_1-B.062 ఇప్పుడేంటంటే నాకు ఇద్దరు పిల్లలు 
LOG (gmm-latgen-faster[5.5.1009~1-e4940]:DecodeUtteranceLatticeFaster():decoder-wrappers.cc:375) Log-like per frame for utterance TE0170-TE0172_1-B.062 is -4.46564 over 218 frames.
TE0170-TE0172_1-B.083 ఎందుకంటే ఇప్పుడు మేమే ఉన్నాం 
LOG (gmm-latgen-faster[5.5.1009~1-e4940]:DecodeUtteranceLatticeFaster():decoder-wrappers.cc:375) Log-like per frame for utterance TE0170-TE0172_1-B.083 is -4.01321 over 159 frames.
TE0170-TE0172_1-B.085 అది పెరిగిపోయిందంటే అది కొనాలంటే చాలా కష్టం కదా 
LOG (gmm-latgen-faster[5.5.1009~1-e4940]:DecodeUtteranceLatticeFaster():decoder-wrappers.cc:375) Log-like per frame for utterance TE0170-TE0172_1-B.085 is -4.30031 over 244 frames.
TE0170-TE0172_1-B.104 ఒకటేసారి పెరగడంతో ఇబ్బంది ఐపొద్ది 
LOG (gmm-latgen-faster[5.5.1009~1-e4940]:DecodeUtteranceLatticeFaster():decoder-wrappers.cc:375) Log-like per frame for utterance TE0170-TE0172_1-B.104 is -4.25974 over 210 frames.
TE0170-TE0172_1-B.108 ఒకటేసారి పెరిగిపోయింది 
LOG (gmm-latgen-faster[5.5.1009~1-e4940]:DecodeUtteranceLatticeFaster():decoder-wrappers.cc:375) Log-like per frame for utterance TE0170-TE0172_1-B.108 is -4.68961 over 122 frames.
TE0170-TE0172_1-B.113 అన్నీ అంతే 
LOG (gmm-latgen-faster[5.5.1009~1-e4940]:DecodeUtteranceLatticeFaster():decoder-wrappers.cc:375) Log-like per frame for utterance TE0170-TE0172_1-B.113 is -4.01618 over 98 frames.
TE0170-TE0172_1-B.180 మళ్ళీ మళ్ళీ ఆలోచించాల్సి వస్తుంది 
LOG (gmm-latgen-faster[5.5.1009~1-e4940]:DecodeUtteranceLatticeFaster():decoder-wrappers.cc:375) Log-like per frame for utterance TE0170-TE0172_1-B.180 is -4.45077 over 208 frames.
TE0170-TE0172_1-B.202 ఇప్పుడు 
LOG (gmm-latgen-faster[5.5.1009~1-e4940]:DecodeUtteranceLatticeFaster():decoder-wrappers.cc:375) Log-like per frame for utterance TE0170-TE0172_1-B.202 is -4.79704 over 88 frames.
TE0170-TE0172_1-B.209 బావుంటది మంచిగుంటది 
LOG (gmm-latgen-faster[5.5.1009~1-e4940]:DecodeUtteranceLatticeFaster():decoder-wrappers.cc:375) Log-like per frame for utterance TE0170-TE0172_1-B.209 is -4.5297 over 188 frames.
TE0170-TE0172_1-B.215 చాలా కష్టం 
LOG (gmm-latgen-faster[5.5.1009~1-e4940]:DecodeUtteranceLatticeFaster():decoder-wrappers.cc:375) Log-like per frame for utterance TE0170-TE0172_1-B.215 is -4.64419 over 127 frames.
TE0170-TE0172_1-B.231 ప్రతిదీ ఏంటంటే మనకీ నిత్యవసర వస్తువులు 
LOG (gmm-latgen-faster[5.5.1009~1-e4940]:DecodeUtteranceLatticeFaster():decoder-wrappers.cc:375) Log-like per frame for utterance TE0170-TE0172_1-B.231 is -4.53187 over 308 frames.
TE0170-TE0172_1-B.242 అందరికి అందుబాటులో ఉండాలి 
LOG (gmm-latgen-faster[5.5.1009~1-e4940]:DecodeUtteranceLatticeFaster():decoder-wrappers.cc:375) Log-like per frame for utterance TE0170-TE0172_1-B.242 is -4.40332 over 196 frames.
TE0170-TE0172_2-A.010 చాలా ఉపయోగాలున్నయ్ 
LOG (gmm-latgen-faster[5.5.1009~1-e4940]:DecodeUtteranceLatticeFaster():decoder-wrappers.cc:375) Log-like per frame for utterance TE0170-TE0172_2-A.010 is -3.35139 over 162 frames.
TE0170-TE0172_2-A.023 ఎందుకంటే 
LOG (gmm-latgen-faster[5.5.1009~1-e4940]:DecodeUtteranceLatticeFaster():decoder-wrappers.cc:375) Log-like per frame for utterance TE0170-TE0172_2-A.023 is -3.72944 over 108 frames.
TE0170-TE0172_2-A.033 లేనివాడికి ఇవ్వడమనేది 
LOG (gmm-latgen-faster[5.5.1009~1-e4940]:DecodeUtteranceLatticeFaster():decoder-wrappers.cc:375) Log-like per frame for utterance TE0170-TE0172_2-A.033 is -3.54171 over 227 frames.
TE0170-TE0172_2-A.036 అది మనకి దేవుడు దగ్గర నుండి అమ్మ దగ్గర నుండి 
LOG (gmm-latgen-faster[5.5.1009~1-e4940]:DecodeUtteranceLatticeFaster():decoder-wrappers.cc:375) Log-like per frame for utterance TE0170-TE0172_2-A.036 is -3.50694 over 334 frames.
TE0170-TE0172_2-A.041 వా విలువలు చూసుకుంటే 
LOG (gmm-latgen-faster[5.5.1009~1-e4940]:DecodeUtteranceLatticeFaster():decoder-wrappers.cc:375) Log-like per frame for utterance TE0170-TE0172_2-A.041 is -3.74843 over 184 frames.
TE0170-TE0172_2-A.044 ఎటువంటి విలువలు చూసుకున్నా కాని 
LOG (gmm-latgen-faster[5.5.1009~1-e4940]:DecodeUtteranceLatticeFaster():decoder-wrappers.cc:375) Log-like per frame for utterance TE0170-TE0172_2-A.044 is -3.67633 over 179 frames.
TE0170-TE0172_2-A.046 చేయడం వల్ల 
LOG (gmm-latgen-faster[5.5.1009~1-e4940]:DecodeUtteranceLatticeFaster():decoder-wrappers.cc:375) Log-like per frame for utterance TE0170-TE0172_2-A.046 is -3.45154 over 127 frames.
TE0170-TE0172_2-A.056 మనం 
LOG (gmm-latgen-faster[5.5.1009~1-e4940]:DecodeUtteranceLatticeFaster():decoder-wrappers.cc:375) Log-like per frame for utterance TE0170-TE0172_2-A.056 is -3.69358 over 73 frames.
TE0170-TE0172_2-A.072 అవును 
LOG (gmm-latgen-faster[5.5.1009~1-e4940]:DecodeUtteranceLatticeFaster():decoder-wrappers.cc:375) Log-like per frame for utterance TE0170-TE0172_2-A.072 is -3.82079 over 73 frames.
TE0170-TE0172_2-A.078 అవును 
LOG (gmm-latgen-faster[5.5.1009~1-e4940]:DecodeUtteranceLatticeFaster():decoder-wrappers.cc:375) Log-like per frame for utterance TE0170-TE0172_2-A.078 is -3.23465 over 58 frames.
TE0170-TE0172_2-A.116 డబ్బు 
LOG (gmm-latgen-faster[5.5.1009~1-e4940]:DecodeUtteranceLatticeFaster():decoder-wrappers.cc:375) Log-like per frame for utterance TE0170-TE0172_2-A.116 is -3.88619 over 71 frames.
TE0170-TE0172_2-A.119 అలా జుసుకుంట్టే 
LOG (gmm-latgen-faster[5.5.1009~1-e4940]:DecodeUtteranceLatticeFaster():decoder-wrappers.cc:375) Log-like per frame for utterance TE0170-TE0172_2-A.119 is -4.37772 over 118 frames.
TE0170-TE0172_2-A.186 ఎవరైతే 
LOG (gmm-latgen-faster[5.5.1009~1-e4940]:DecodeUtteranceLatticeFaster():decoder-wrappers.cc:375) Log-like per frame for utterance TE0170-TE0172_2-A.186 is -4.48596 over 94 frames.
TE0170-TE0172_2-A.188 కానీ 
LOG (gmm-latgen-faster[5.5.1009~1-e4940]:DecodeUtteranceLatticeFaster():decoder-wrappers.cc:375) Log-like per frame for utterance TE0170-TE0172_2-A.188 is -3.80734 over 76 frames.
TE0170-TE0172_2-A.194 అలా జరుగుతలేదు 
LOG (gmm-latgen-faster[5.5.1009~1-e4940]:DecodeUtteranceLatticeFaster():decoder-wrappers.cc:375) Log-like per frame for utterance TE0170-TE0172_2-A.194 is -3.92359 over 128 frames.
TE0170-TE0172_2-A.202 చూసుకుంటే 
LOG (gmm-latgen-faster[5.5.1009~1-e4940]:DecodeUtteranceLatticeFaster():decoder-wrappers.cc:375) Log-like per frame for utterance TE0170-TE0172_2-A.202 is -4.78312 over 88 frames.
TE0170-TE0172_2-A.206 ఇచ్చేస్తున్నారు అది ప్రాణం విలువ లేకుండా పోతుంది 
LOG (gmm-latgen-faster[5.5.1009~1-e4940]:DecodeUtteranceLatticeFaster():decoder-wrappers.cc:375) Log-like per frame for utterance TE0170-TE0172_2-A.206 is -3.94039 over 249 frames.
TE0170-TE0172_2-A.232 చూసుకుంటే కూడా 
LOG (gmm-latgen-faster[5.5.1009~1-e4940]:DecodeUtteranceLatticeFaster():decoder-wrappers.cc:375) Log-like per frame for utterance TE0170-TE0172_2-A.232 is -3.91164 over 121 frames.
TE0170-TE0172_2-A.252 వెళ్ళొచ్చు వాళ్ళతో ఉండొచ్చు చేయొచ్చు 
LOG (gmm-latgen-faster[5.5.1009~1-e4940]:DecodeUtteranceLatticeFaster():decoder-wrappers.cc:375) Log-like per frame for utterance TE0170-TE0172_2-A.252 is -3.83333 over 211 frames.
TE0170-TE0172_2-A.264 అక్కడుంటారు 
LOG (gmm-latgen-faster[5.5.1009~1-e4940]:DecodeUtteranceLatticeFaster():decoder-wrappers.cc:375) Log-like per frame for utterance TE0170-TE0172_2-A.264 is -4.15723 over 129 frames.
TE0170-TE0172_2-A.287 ఎప్పుడంటే 
LOG (gmm-latgen-faster[5.5.1009~1-e4940]:DecodeUtteranceLatticeFaster():decoder-wrappers.cc:375) Log-like per frame for utterance TE0170-TE0172_2-A.287 is -4.25365 over 101 frames.
TE0170-TE0172_2-A.291 వచ్చింది ఇంక వాళ్ళకి ఖర్చుపెట్టాలి 
LOG (gmm-latgen-faster[5.5.1009~1-e4940]:DecodeUtteranceLatticeFaster():decoder-wrappers.cc:375) Log-like per frame for utterance TE0170-TE0172_2-A.291 is -4.57767 over 276 frames.
TE0170-TE0172_2-A.293 అవసరం లే 
LOG (gmm-latgen-faster[5.5.1009~1-e4940]:DecodeUtteranceLatticeFaster():decoder-wrappers.cc:375) Log-like per frame for utterance TE0170-TE0172_2-A.293 is -4.39532 over 99 frames.
TE0170-TE0172_2-A.302 డబ్బు గురించి ఆలోచించే వాళ్ళు చాలా చాలా ఎక్కువ అయిపోయారు ఎందుకంటే 
LOG (gmm-latgen-faster[5.5.1009~1-e4940]:DecodeUtteranceLatticeFaster():decoder-wrappers.cc:375) Log-like per frame for utterance TE0170-TE0172_2-A.302 is -3.86173 over 368 frames.
TE0170-TE0172_2-A.311 సేవా రూపంగా 
LOG (gmm-latgen-faster[5.5.1009~1-e4940]:DecodeUtteranceLatticeFaster():decoder-wrappers.cc:375) Log-like per frame for utterance TE0170-TE0172_2-A.311 is -4.10382 over 134 frames.
TE0170-TE0172_2-A.330 అవును మా ఇంట్లో 
LOG (gmm-latgen-faster[5.5.1009~1-e4940]:DecodeUtteranceLatticeFaster():decoder-wrappers.cc:375) Log-like per frame for utterance TE0170-TE0172_2-A.330 is -4.21872 over 109 frames.
TE0170-TE0172_2-A.332 మా ఇంట్లో అలానే ఉంటాది చాలా బాగుంటది ఎందుకు 
LOG (gmm-latgen-faster[5.5.1009~1-e4940]:DecodeUtteranceLatticeFaster():decoder-wrappers.cc:375) Log-like per frame for utterance TE0170-TE0172_2-A.332 is -3.77962 over 251 frames.
TE0170-TE0172_2-A.344 మా నాన్న 
LOG (gmm-latgen-faster[5.5.1009~1-e4940]:DecodeUtteranceLatticeFaster():decoder-wrappers.cc:375) Log-like per frame for utterance TE0170-TE0172_2-A.344 is -3.85955 over 121 frames.
TE0170-TE0172_2-A.355 భయం 
LOG (gmm-latgen-faster[5.5.1009~1-e4940]:DecodeUtteranceLatticeFaster():decoder-wrappers.cc:375) Log-like per frame for utterance TE0170-TE0172_2-A.355 is -4.07919 over 79 frames.
TE0170-TE0172_2-A.375 అది మంచిది 
LOG (gmm-latgen-faster[5.5.1009~1-e4940]:DecodeUtteranceLatticeFaster():decoder-wrappers.cc:375) Log-like per frame for utterance TE0170-TE0172_2-A.375 is -4.38617 over 94 frames.
TE0170-TE0172_2-A.391 అన్నీ చూసుకుంటే గూడ చాలా 
LOG (gmm-latgen-faster[5.5.1009~1-e4940]:DecodeUtteranceLatticeFaster():decoder-wrappers.cc:375) Log-like per frame for utterance TE0170-TE0172_2-A.391 is -3.30597 over 249 frames.
TE0170-TE0172_2-A.404 అది చాలా తప్పు అవుతుంది అక్కడా 
LOG (gmm-latgen-faster[5.5.1009~1-e4940]:DecodeUtteranceLatticeFaster():decoder-wrappers.cc:375) Log-like per frame for utterance TE0170-TE0172_2-A.404 is -3.58538 over 183 frames.
TE0170-TE0172_2-A.412 మనల్నీ చూసి నేర్చుకోవాలి 
LOG (gmm-latgen-faster[5.5.1009~1-e4940]:DecodeUtteranceLatticeFaster():decoder-wrappers.cc:375) Log-like per frame for utterance TE0170-TE0172_2-A.412 is -3.80029 over 213 frames.
TE0170-TE0172_2-A.419 అనే ఆలోచనా 
LOG (gmm-latgen-faster[5.5.1009~1-e4940]:DecodeUtteranceLatticeFaster():decoder-wrappers.cc:375) Log-like per frame for utterance TE0170-TE0172_2-A.419 is -3.56609 over 92 frames.
TE0170-TE0172_2-B.049 మన 
LOG (gmm-latgen-faster[5.5.1009~1-e4940]:DecodeUtteranceLatticeFaster():decoder-wrappers.cc:375) Log-like per frame for utterance TE0170-TE0172_2-B.049 is -4.5169 over 65 frames.
TE0170-TE0172_2-B.109 వస్తారు 
LOG (gmm-latgen-faster[5.5.1009~1-e4940]:DecodeUtteranceLatticeFaster():decoder-wrappers.cc:375) Log-like per frame for utterance TE0170-TE0172_2-B.109 is -4.47649 over 89 frames.
TE0170-TE0172_2-B.119 అవును 
LOG (gmm-latgen-faster[5.5.1009~1-e4940]:DecodeUtteranceLatticeFaster():decoder-wrappers.cc:375) Log-like per frame for utterance TE0170-TE0172_2-B.119 is -3.83965 over 84 frames.
TE0170-TE0172_2-B.127 అవును 
LOG (gmm-latgen-faster[5.5.1009~1-e4940]:DecodeUtteranceLatticeFaster():decoder-wrappers.cc:375) Log-like per frame for utterance TE0170-TE0172_2-B.127 is -4.29286 over 73 frames.
TE0170-TE0172_2-B.136 పాపం చాలా ఇబ్బందులు పడుతున్నారు 
LOG (gmm-latgen-faster[5.5.1009~1-e4940]:DecodeUtteranceLatticeFaster():decoder-wrappers.cc:375) Log-like per frame for utterance TE0170-TE0172_2-B.136 is -4.03358 over 197 frames.
TE0170-TE0172_2-B.168 ఆ చూస్తున్నారు 
LOG (gmm-latgen-faster[5.5.1009~1-e4940]:DecodeUtteranceLatticeFaster():decoder-wrappers.cc:375) Log-like per frame for utterance TE0170-TE0172_2-B.168 is -4.62832 over 132 frames.
TE0170-TE0172_2-B.197 చాలా ఉంటది 
LOG (gmm-latgen-faster[5.5.1009~1-e4940]:DecodeUtteranceLatticeFaster():decoder-wrappers.cc:375) Log-like per frame for utterance TE0170-TE0172_2-B.197 is -4.11356 over 96 frames.
TE0170-TE0172_2-B.200 చిన్ మనకి ఇంట్లో చిన్న పిల్లలు ఉంటారు వాళ్ళు ఉంటే చూసుకుంటారు 
LOG (gmm-latgen-faster[5.5.1009~1-e4940]:DecodeUtteranceLatticeFaster():decoder-wrappers.cc:375) Log-like per frame for utterance TE0170-TE0172_2-B.200 is -4.37271 over 269 frames.
TE0170-TE0172_2-B.203 ఇంటిని కూడా చూసుకుంటారు 
LOG (gmm-latgen-faster[5.5.1009~1-e4940]:DecodeUtteranceLatticeFaster():decoder-wrappers.cc:375) Log-like per frame for utterance TE0170-TE0172_2-B.203 is -4.50157 over 133 frames.
TE0170-TE0172_2-B.211 పెద్దవాళ్ళ భయం 
LOG (gmm-latgen-faster[5.5.1009~1-e4940]:DecodeUtteranceLatticeFaster():decoder-wrappers.cc:375) Log-like per frame for utterance TE0170-TE0172_2-B.211 is -3.75924 over 109 frames.
TE0170-TE0172_2-B.231 మనం గూడా 
LOG (gmm-latgen-faster[5.5.1009~1-e4940]:DecodeUtteranceLatticeFaster():decoder-wrappers.cc:375) Log-like per frame for utterance TE0170-TE0172_2-B.231 is -4.49238 over 111 frames.
TE0171-TE0172_1-A.017 అవునా 
LOG (gmm-latgen-faster[5.5.1009~1-e4940]:DecodeUtteranceLatticeFaster():decoder-wrappers.cc:375) Log-like per frame for utterance TE0171-TE0172_1-A.017 is -3.62699 over 71 frames.
TE0171-TE0172_1-A.116 అవునా 
LOG (gmm-latgen-faster[5.5.1009~1-e4940]:DecodeUtteranceLatticeFaster():decoder-wrappers.cc:375) Log-like per frame for utterance TE0171-TE0172_1-A.116 is -3.65292 over 68 frames.
TE0171-TE0172_1-A.155 అవును 
LOG (gmm-latgen-faster[5.5.1009~1-e4940]:DecodeUtteranceLatticeFaster():decoder-wrappers.cc:375) Log-like per frame for utterance TE0171-TE0172_1-A.155 is -3.66829 over 73 frames.
TE0171-TE0172_1-A.174 ఎహే ఎక్కువ 
LOG (gmm-latgen-faster[5.5.1009~1-e4940]:DecodeUtteranceLatticeFaster():decoder-wrappers.cc:375) Log-like per frame for utterance TE0171-TE0172_1-A.174 is -4.38172 over 82 frames.
TE0171-TE0172_1-A.255 అవును ఇంతే 
LOG (gmm-latgen-faster[5.5.1009~1-e4940]:DecodeUtteranceLatticeFaster():decoder-wrappers.cc:375) Log-like per frame for utterance TE0171-TE0172_1-A.255 is -3.78497 over 134 frames.
TE0171-TE0172_1-A.276 అవునా 
LOG (gmm-latgen-faster[5.5.1009~1-e4940]:DecodeUtteranceLatticeFaster():decoder-wrappers.cc:375) Log-like per frame for utterance TE0171-TE0172_1-A.276 is -3.76624 over 84 frames.
TE0171-TE0172_1-A.289 అవును 
LOG (gmm-latgen-faster[5.5.1009~1-e4940]:DecodeUtteranceLatticeFaster():decoder-wrappers.cc:375) Log-like per frame for utterance TE0171-TE0172_1-A.289 is -3.51217 over 77 frames.
TE0171-TE0172_1-A.295 అవునా 
LOG (gmm-latgen-faster[5.5.1009~1-e4940]:DecodeUtteranceLatticeFaster():decoder-wrappers.cc:375) Log-like per frame for utterance TE0171-TE0172_1-A.295 is -3.34956 over 75 frames.
TE0171-TE0172_1-A.299 అవునా 
LOG (gmm-latgen-faster[5.5.1009~1-e4940]:DecodeUtteranceLatticeFaster():decoder-wrappers.cc:375) Log-like per frame for utterance TE0171-TE0172_1-A.299 is -3.61531 over 88 frames.
TE0171-TE0172_1-B.009 బాబు పాపా 
LOG (gmm-latgen-faster[5.5.1009~1-e4940]:DecodeUtteranceLatticeFaster():decoder-wrappers.cc:375) Log-like per frame for utterance TE0171-TE0172_1-B.009 is -4.66358 over 108 frames.
TE0171-TE0172_1-B.088 ఆడపిల్లలు ఏంటంటే తానా కాళ్ళ మీదకి తను నిలబడాలని 
LOG (gmm-latgen-faster[5.5.1009~1-e4940]:DecodeUtteranceLatticeFaster():decoder-wrappers.cc:375) Log-like per frame for utterance TE0171-TE0172_1-B.088 is -4.54894 over 368 frames.
TE0171-TE0172_1-B.122 కదా 
LOG (gmm-latgen-faster[5.5.1009~1-e4940]:DecodeUtteranceLatticeFaster():decoder-wrappers.cc:375) Log-like per frame for utterance TE0171-TE0172_1-B.122 is -4.64628 over 45 frames.
TE0171-TE0172_1-B.141 ఉండొచ్చు కాని 
LOG (gmm-latgen-faster[5.5.1009~1-e4940]:DecodeUtteranceLatticeFaster():decoder-wrappers.cc:375) Log-like per frame for utterance TE0171-TE0172_1-B.141 is -4.35645 over 128 frames.
TE0171-TE0172_1-B.158 వాళ్ళు ల్యాకపోతే చాలా కష్టం 
LOG (gmm-latgen-faster[5.5.1009~1-e4940]:DecodeUtteranceLatticeFaster():decoder-wrappers.cc:375) Log-like per frame for utterance TE0171-TE0172_1-B.158 is -4.40201 over 176 frames.
TE0171-TE0172_1-B.166 నాకు అమ్మ లేదు 
LOG (gmm-latgen-faster[5.5.1009~1-e4940]:DecodeUtteranceLatticeFaster():decoder-wrappers.cc:375) Log-like per frame for utterance TE0171-TE0172_1-B.166 is -4.97479 over 173 frames.
TE0171-TE0172_1-B.173 అంటే పిండు లు రవ్వలు 
LOG (gmm-latgen-faster[5.5.1009~1-e4940]:DecodeUtteranceLatticeFaster():decoder-wrappers.cc:375) Log-like per frame for utterance TE0171-TE0172_1-B.173 is -4.39839 over 171 frames.
TE0171-TE0172_1-B.193 ఆయన ఏంటంటే 
LOG (gmm-latgen-faster[5.5.1009~1-e4940]:DecodeUtteranceLatticeFaster():decoder-wrappers.cc:375) Log-like per frame for utterance TE0171-TE0172_1-B.193 is -4.2479 over 146 frames.
TE0171-TE0172_1-B.213 మా అక్కకి కూతుర్లు ఉన్నారు కదా ముగ్గురు 
LOG (gmm-latgen-faster[5.5.1009~1-e4940]:DecodeUtteranceLatticeFaster():decoder-wrappers.cc:375) Log-like per frame for utterance TE0171-TE0172_1-B.213 is -4.76546 over 198 frames.
TE0171-TE0172_1-B.242 వాళ్ళని మించిన వాళ్ళు ఎవరు లేరు కదా ఈ ప్రపంచంలో 
LOG (gmm-latgen-faster[5.5.1009~1-e4940]:DecodeUtteranceLatticeFaster():decoder-wrappers.cc:375) Log-like per frame for utterance TE0171-TE0172_1-B.242 is -4.18185 over 269 frames.
TE0171-TE0172_1-B.266 ఎలా ఉంటుందో చెప్పలేము కదా 
LOG (gmm-latgen-faster[5.5.1009~1-e4940]:DecodeUtteranceLatticeFaster():decoder-wrappers.cc:375) Log-like per frame for utterance TE0171-TE0172_1-B.266 is -4.45524 over 208 frames.
TE0171-TE0172_1-B.333 నాన్నగారు నేను జుసుకున్నం అమ్మని 
LOG (gmm-latgen-faster[5.5.1009~1-e4940]:DecodeUtteranceLatticeFaster():decoder-wrappers.cc:375) Log-like per frame for utterance TE0171-TE0172_1-B.333 is -4.65033 over 188 frames.
TE0171-TE0172_2-A.014 అవును మంచిగ లస్సి ఇలాంటివన్నీ ఇస్తున్నారు 
LOG (gmm-latgen-faster[5.5.1009~1-e4940]:DecodeUtteranceLatticeFaster():decoder-wrappers.cc:375) Log-like per frame for utterance TE0171-TE0172_2-A.014 is -4.29582 over 264 frames.
TE0171-TE0172_2-A.032 అవును చాలా కష్టం అవుతది 
LOG (gmm-latgen-faster[5.5.1009~1-e4940]:DecodeUtteranceLatticeFaster():decoder-wrappers.cc:375) Log-like per frame for utterance TE0171-TE0172_2-A.032 is -4.18015 over 176 frames.
TE0171-TE0172_2-A.036 తెలుసుకొని చూస్తే 
LOG (gmm-latgen-faster[5.5.1009~1-e4940]:DecodeUtteranceLatticeFaster():decoder-wrappers.cc:375) Log-like per frame for utterance TE0171-TE0172_2-A.036 is -4.53915 over 128 frames.
TE0171-TE0172_2-A.079 చెప్పండి ఇంకా 
LOG (gmm-latgen-faster[5.5.1009~1-e4940]:DecodeUtteranceLatticeFaster():decoder-wrappers.cc:375) Log-like per frame for utterance TE0171-TE0172_2-A.079 is -4.38324 over 82 frames.
TE0171-TE0172_2-A.131 ఉండదు 
LOG (gmm-latgen-faster[5.5.1009~1-e4940]:DecodeUtteranceLatticeFaster():decoder-wrappers.cc:375) Log-like per frame for utterance TE0171-TE0172_2-A.131 is -4.31469 over 88 frames.
TE0171-TE0172_2-A.172 అదే మనము 
LOG (gmm-latgen-faster[5.5.1009~1-e4940]:DecodeUtteranceLatticeFaster():decoder-wrappers.cc:375) Log-like per frame for utterance TE0171-TE0172_2-A.172 is -4.34371 over 87 frames.
TE0171-TE0172_2-A.239 అవును 
LOG (gmm-latgen-faster[5.5.1009~1-e4940]:DecodeUtteranceLatticeFaster():decoder-wrappers.cc:375) Log-like per frame for utterance TE0171-TE0172_2-A.239 is -3.41737 over 66 frames.
TE0171-TE0172_2-A.259 అవును 
LOG (gmm-latgen-faster[5.5.1009~1-e4940]:DecodeUtteranceLatticeFaster():decoder-wrappers.cc:375) Log-like per frame for utterance TE0171-TE0172_2-A.259 is -3.3163 over 57 frames.
TE0171-TE0172_2-A.267 అవును చాలా కష్టం 
LOG (gmm-latgen-faster[5.5.1009~1-e4940]:DecodeUtteranceLatticeFaster():decoder-wrappers.cc:375) Log-like per frame for utterance TE0171-TE0172_2-A.267 is -4.21481 over 137 frames.
TE0171-TE0172_2-A.277 ఆహా అవునా 
LOG (gmm-latgen-faster[5.5.1009~1-e4940]:DecodeUtteranceLatticeFaster():decoder-wrappers.cc:375) Log-like per frame for utterance TE0171-TE0172_2-A.277 is -3.53957 over 122 frames.
TE0171-TE0172_2-A.296 అవును 
LOG (gmm-latgen-faster[5.5.1009~1-e4940]:DecodeUtteranceLatticeFaster():decoder-wrappers.cc:375) Log-like per frame for utterance TE0171-TE0172_2-A.296 is -3.88218 over 78 frames.
TE0171-TE0172_2-A.302 అవును 
LOG (gmm-latgen-faster[5.5.1009~1-e4940]:DecodeUtteranceLatticeFaster():decoder-wrappers.cc:375) Log-like per frame for utterance TE0171-TE0172_2-A.302 is -3.50938 over 72 frames.
TE0171-TE0172_2-A.317 ఏం జేయాలి 
LOG (gmm-latgen-faster[5.5.1009~1-e4940]:DecodeUtteranceLatticeFaster():decoder-wrappers.cc:375) Log-like per frame for utterance TE0171-TE0172_2-A.317 is -3.9836 over 109 frames.
TE0171-TE0172_2-A.333 మళ్ళీ ఎప్పుడు కలుద్దాం 
LOG (gmm-latgen-faster[5.5.1009~1-e4940]:DecodeUtteranceLatticeFaster():decoder-wrappers.cc:375) Log-like per frame for utterance TE0171-TE0172_2-A.333 is -4.15623 over 109 frames.
TE0171-TE0172_2-B.020 తగాడానికి ఎంత ఇబ్బంది పడుతున్నం 
LOG (gmm-latgen-faster[5.5.1009~1-e4940]:DecodeUtteranceLatticeFaster():decoder-wrappers.cc:375) Log-like per frame for utterance TE0171-TE0172_2-B.020 is -4.11843 over 183 frames.
TE0171-TE0172_2-B.061 అలాగే పక్షులు ఉన్నాయి గదా 
LOG (gmm-latgen-faster[5.5.1009~1-e4940]:DecodeUtteranceLatticeFaster():decoder-wrappers.cc:375) Log-like per frame for utterance TE0171-TE0172_2-B.061 is -4.51155 over 210 frames.
TE0171-TE0172_2-B.084 ఇంకా 
LOG (gmm-latgen-faster[5.5.1009~1-e4940]:DecodeUtteranceLatticeFaster():decoder-wrappers.cc:375) Log-like per frame for utterance TE0171-TE0172_2-B.084 is -4.15209 over 73 frames.
TE0171-TE0172_2-B.134 వచ్చిన 
LOG (gmm-latgen-faster[5.5.1009~1-e4940]:DecodeUtteranceLatticeFaster():decoder-wrappers.cc:375) Log-like per frame for utterance TE0171-TE0172_2-B.134 is -4.93161 over 98 frames.
TE0171-TE0172_2-B.146 అవి చూసి కొంచెం ఒక్కొక్కసారి 
LOG (gmm-latgen-faster[5.5.1009~1-e4940]:DecodeUtteranceLatticeFaster():decoder-wrappers.cc:375) Log-like per frame for utterance TE0171-TE0172_2-B.146 is -4.41709 over 214 frames.
TE0171-TE0172_2-B.174 ఏంటంటే అట్లనే చూస్తూ ఉండపోలేము కదా ఏదైనా ఎవరిదైన తప్ 
LOG (gmm-latgen-faster[5.5.1009~1-e4940]:DecodeUtteranceLatticeFaster():decoder-wrappers.cc:375) Log-like per frame for utterance TE0171-TE0172_2-B.174 is -4.28541 over 392 frames.
TE0171-TE0172_2-B.226 కానీ నాకు 
LOG (gmm-latgen-faster[5.5.1009~1-e4940]:DecodeUtteranceLatticeFaster():decoder-wrappers.cc:375) Log-like per frame for utterance TE0171-TE0172_2-B.226 is -4.57785 over 124 frames.
TE0171-TE0172_2-B.227 ఇవ్వాలని కొంచెం 
LOG (gmm-latgen-faster[5.5.1009~1-e4940]:DecodeUtteranceLatticeFaster():decoder-wrappers.cc:375) Log-like per frame for utterance TE0171-TE0172_2-B.227 is -4.2125 over 153 frames.
TE0171-TE0172_2-B.250 అన్ని సదుపాయాలున్న కొంతమంది చదువుకోరు పిల్లలు 
LOG (gmm-latgen-faster[5.5.1009~1-e4940]:DecodeUtteranceLatticeFaster():decoder-wrappers.cc:375) Log-like per frame for utterance TE0171-TE0172_2-B.250 is -4.37856 over 239 frames.
TE0171-TE0172_2-B.254 ఏంటంటే అవకాశాలు ఉన్నప్పుడు మనం సద్వినియోగం చేసుకొని 
LOG (gmm-latgen-faster[5.5.1009~1-e4940]:DecodeUtteranceLatticeFaster():decoder-wrappers.cc:375) Log-like per frame for utterance TE0171-TE0172_2-B.254 is -4.39288 over 314 frames.
TE0389-TE0390_1-A.093 ఇప్పుడు దానికి తోడు మీరు 
LOG (gmm-latgen-faster[5.5.1009~1-e4940]:DecodeUtteranceLatticeFaster():decoder-wrappers.cc:375) Log-like per frame for utterance TE0389-TE0390_1-A.093 is -3.45222 over 168 frames.
TE0389-TE0390_1-A.215 చెప్పు 
LOG (gmm-latgen-faster[5.5.1009~1-e4940]:DecodeUtteranceLatticeFaster():decoder-wrappers.cc:375) Log-like per frame for utterance TE0389-TE0390_1-A.215 is -3.79461 over 74 frames.
TE0389-TE0390_1-A.261 ముహూర్తం తెల్లవారుజామున రెండు గంటలకి వచ్చింది 
LOG (gmm-latgen-faster[5.5.1009~1-e4940]:DecodeUtteranceLatticeFaster():decoder-wrappers.cc:375) Log-like per frame for utterance TE0389-TE0390_1-A.261 is -3.85565 over 237 frames.
TE0389-TE0390_1-B.007 గుర్తు రావట్లేదు రా 
LOG (gmm-latgen-faster[5.5.1009~1-e4940]:DecodeUtteranceLatticeFaster():decoder-wrappers.cc:375) Log-like per frame for utterance TE0389-TE0390_1-B.007 is -3.56423 over 123 frames.
TE0389-TE0390_1-B.031 నువ్వే చెప్పాలి 
LOG (gmm-latgen-faster[5.5.1009~1-e4940]:DecodeUtteranceLatticeFaster():decoder-wrappers.cc:375) Log-like per frame for utterance TE0389-TE0390_1-B.031 is -3.59497 over 101 frames.
TE0389-TE0390_1-B.129 అక్కడ 
LOG (gmm-latgen-faster[5.5.1009~1-e4940]:DecodeUtteranceLatticeFaster():decoder-wrappers.cc:375) Log-like per frame for utterance TE0389-TE0390_1-B.129 is -3.89711 over 76 frames.
TE0389-TE0390_1-B.161 ఆ అదే 
LOG (gmm-latgen-faster[5.5.1009~1-e4940]:DecodeUtteranceLatticeFaster():decoder-wrappers.cc:375) Log-like per frame for utterance TE0389-TE0390_1-B.161 is -3.2398 over 67 frames.
TE0389-TE0390_1-B.171 అదే 
LOG (gmm-latgen-faster[5.5.1009~1-e4940]:DecodeUtteranceLatticeFaster():decoder-wrappers.cc:375) Log-like per frame for utterance TE0389-TE0390_1-B.171 is -3.30084 over 63 frames.
TE0389-TE0390_1-B.229 అందులోనే 
LOG (gmm-latgen-faster[5.5.1009~1-e4940]:DecodeUtteranceLatticeFaster():decoder-wrappers.cc:375) Log-like per frame for utterance TE0389-TE0390_1-B.229 is -3.54155 over 78 frames.
TE0389-TE0390_1-B.249 మొన్న దీనికి 
LOG (gmm-latgen-faster[5.5.1009~1-e4940]:DecodeUtteranceLatticeFaster():decoder-wrappers.cc:375) Log-like per frame for utterance TE0389-TE0390_1-B.249 is -3.35191 over 213 frames.
TE0389-TE0390_1-B.260 పాప 
LOG (gmm-latgen-faster[5.5.1009~1-e4940]:DecodeUtteranceLatticeFaster():decoder-wrappers.cc:375) Log-like per frame for utterance TE0389-TE0390_1-B.260 is -3.6877 over 74 frames.
TE0389-TE0390_1-B.353 ఆడు 
LOG (gmm-latgen-faster[5.5.1009~1-e4940]:DecodeUtteranceLatticeFaster():decoder-wrappers.cc:375) Log-like per frame for utterance TE0389-TE0390_1-B.353 is -3.95796 over 68 frames.
TE0389-TE0390_1-B.358 మనకి మురికి 
LOG (gmm-latgen-faster[5.5.1009~1-e4940]:DecodeUtteranceLatticeFaster():decoder-wrappers.cc:375) Log-like per frame for utterance TE0389-TE0390_1-B.358 is -4.18014 over 103 frames.
TE0389-TE0390_2-A.004 నేనే చెప్పు 
LOG (gmm-latgen-faster[5.5.1009~1-e4940]:DecodeUtteranceLatticeFaster():decoder-wrappers.cc:375) Log-like per frame for utterance TE0389-TE0390_2-A.004 is -3.66547 over 88 frames.
TE0389-TE0390_2-A.010 నువ్వేం చేస్త్నావ్ 
LOG (gmm-latgen-faster[5.5.1009~1-e4940]:DecodeUtteranceLatticeFaster():decoder-wrappers.cc:375) Log-like per frame for utterance TE0389-TE0390_2-A.010 is -3.4017 over 109 frames.
TE0389-TE0390_2-A.064 మర్చిపోయావా 
LOG (gmm-latgen-faster[5.5.1009~1-e4940]:DecodeUtteranceLatticeFaster():decoder-wrappers.cc:375) Log-like per frame for utterance TE0389-TE0390_2-A.064 is -3.61615 over 93 frames.
TE0389-TE0390_2-A.084 ఎక్కడికి 
LOG (gmm-latgen-faster[5.5.1009~1-e4940]:DecodeUtteranceLatticeFaster():decoder-wrappers.cc:375) Log-like per frame for utterance TE0389-TE0390_2-A.084 is -4.09263 over 62 frames.
TE0389-TE0390_2-A.086 ఎక్కడికి 
LOG (gmm-latgen-faster[5.5.1009~1-e4940]:DecodeUtteranceLatticeFaster():decoder-wrappers.cc:375) Log-like per frame for utterance TE0389-TE0390_2-A.086 is -4.18775 over 61 frames.
TE0389-TE0390_2-A.088 ఆ 
LOG (gmm-latgen-faster[5.5.1009~1-e4940]:DecodeUtteranceLatticeFaster():decoder-wrappers.cc:375) Log-like per frame for utterance TE0389-TE0390_2-A.088 is -2.82146 over 92 frames.
TE0389-TE0390_2-A.166 ఇంకేంటి మరి ఏం చేస్తున్నారు 
LOG (gmm-latgen-faster[5.5.1009~1-e4940]:DecodeUtteranceLatticeFaster():decoder-wrappers.cc:375) Log-like per frame for utterance TE0389-TE0390_2-A.166 is -3.62928 over 179 frames.
TE0389-TE0390_2-A.229 అలాగే 
LOG (gmm-latgen-faster[5.5.1009~1-e4940]:DecodeUtteranceLatticeFaster():decoder-wrappers.cc:375) Log-like per frame for utterance TE0389-TE0390_2-A.229 is -3.71223 over 53 frames.
TE0389-TE0390_2-A.273 వారం నుంచి అక్కడ 
LOG (gmm-latgen-faster[5.5.1009~1-e4940]:DecodeUtteranceLatticeFaster():decoder-wrappers.cc:375) Log-like per frame for utterance TE0389-TE0390_2-A.273 is -3.95334 over 119 frames.
TE0389-TE0390_2-B.002 ఈశ్వర్ 
LOG (gmm-latgen-faster[5.5.1009~1-e4940]:DecodeUtteranceLatticeFaster():decoder-wrappers.cc:375) Log-like per frame for utterance TE0389-TE0390_2-B.002 is -4.13428 over 77 frames.
TE0389-TE0390_2-B.116 ఆహా మల్లీ వెళ్ళాం 
LOG (gmm-latgen-faster[5.5.1009~1-e4940]:DecodeUtteranceLatticeFaster():decoder-wrappers.cc:375) Log-like per frame for utterance TE0389-TE0390_2-B.116 is -3.53406 over 125 frames.
TE0389-TE0390_2-B.148 తిరుపతి 
LOG (gmm-latgen-faster[5.5.1009~1-e4940]:DecodeUtteranceLatticeFaster():decoder-wrappers.cc:375) Log-like per frame for utterance TE0389-TE0390_2-B.148 is -3.92134 over 72 frames.
TE0389-TE0390_2-B.151 నువ్వు నేను చైతన్య గాడు 
LOG (gmm-latgen-faster[5.5.1009~1-e4940]:DecodeUtteranceLatticeFaster():decoder-wrappers.cc:375) Log-like per frame for utterance TE0389-TE0390_2-B.151 is -3.65866 over 169 frames.
TE0389-TE0390_2-B.153 సుభాన్ గాడు 
LOG (gmm-latgen-faster[5.5.1009~1-e4940]:DecodeUtteranceLatticeFaster():decoder-wrappers.cc:375) Log-like per frame for utterance TE0389-TE0390_2-B.153 is -3.93345 over 99 frames.
TE0389-TE0390_2-B.164 అది ఇంకా అటుపకున్న చిన్న చిన్న గుల్లన్నీ తిరిగేసి 
LOG (gmm-latgen-faster[5.5.1009~1-e4940]:DecodeUtteranceLatticeFaster():decoder-wrappers.cc:375) Log-like per frame for utterance TE0389-TE0390_2-B.164 is -3.67453 over 353 frames.
TE0389-TE0390_2-B.165 విజయవాడ 
LOG (gmm-latgen-faster[5.5.1009~1-e4940]:DecodeUtteranceLatticeFaster():decoder-wrappers.cc:375) Log-like per frame for utterance TE0389-TE0390_2-B.165 is -3.30465 over 104 frames.
TE0389-TE0390_2-B.233 ఇక్కడ నుంచి కాదు 
LOG (gmm-latgen-faster[5.5.1009~1-e4940]:DecodeUtteranceLatticeFaster():decoder-wrappers.cc:375) Log-like per frame for utterance TE0389-TE0390_2-B.233 is -3.93149 over 103 frames.
TE0389-TE0390_2-B.335 ఎక్కడా 
LOG (gmm-latgen-faster[5.5.1009~1-e4940]:DecodeUtteranceLatticeFaster():decoder-wrappers.cc:375) Log-like per frame for utterance TE0389-TE0390_2-B.335 is -4.00729 over 87 frames.
TE0389-TE0391_1-A.170 ఆ అంత లేదు అంత సీను లేదు 
LOG (gmm-latgen-faster[5.5.1009~1-e4940]:DecodeUtteranceLatticeFaster():decoder-wrappers.cc:375) Log-like per frame for utterance TE0389-TE0391_1-A.170 is -3.42357 over 257 frames.
TE0389-TE0391_1-A.395 ఇంకా అంటే చెప్పడానికి ఏం లేదు 
LOG (gmm-latgen-faster[5.5.1009~1-e4940]:DecodeUtteranceLatticeFaster():decoder-wrappers.cc:375) Log-like per frame for utterance TE0389-TE0391_1-A.395 is -3.19383 over 246 frames.
TE0389-TE0391_1-A.400 నేను చెప్పేది వాడికి నచ్చదు వాడు చెప్పేది నాకు నచ్చదు 
LOG (gmm-latgen-faster[5.5.1009~1-e4940]:DecodeUtteranceLatticeFaster():decoder-wrappers.cc:375) Log-like per frame for utterance TE0389-TE0391_1-A.400 is -3.84931 over 270 frames.
TE0389-TE0391_1-B.028 అంతే 
LOG (gmm-latgen-faster[5.5.1009~1-e4940]:DecodeUtteranceLatticeFaster():decoder-wrappers.cc:375) Log-like per frame for utterance TE0389-TE0391_1-B.028 is -3.60295 over 102 frames.
TE0389-TE0391_1-B.063 నా 
LOG (gmm-latgen-faster[5.5.1009~1-e4940]:DecodeUtteranceLatticeFaster():decoder-wrappers.cc:375) Log-like per frame for utterance TE0389-TE0391_1-B.063 is -2.96782 over 73 frames.
TE0389-TE0391_1-B.065 ఆ ఇంకా ఏం బాగా 
LOG (gmm-latgen-faster[5.5.1009~1-e4940]:DecodeUtteranceLatticeFaster():decoder-wrappers.cc:375) Log-like per frame for utterance TE0389-TE0391_1-B.065 is -3.22486 over 166 frames.
TE0389-TE0391_1-B.073 నా 
LOG (gmm-latgen-faster[5.5.1009~1-e4940]:DecodeUtteranceLatticeFaster():decoder-wrappers.cc:375) Log-like per frame for utterance TE0389-TE0391_1-B.073 is -2.69523 over 78 frames.
TE0389-TE0391_1-B.085 నా 
LOG (gmm-latgen-faster[5.5.1009~1-e4940]:DecodeUtteranceLatticeFaster():decoder-wrappers.cc:375) Log-like per frame for utterance TE0389-TE0391_1-B.085 is -2.96197 over 98 frames.
TE0389-TE0391_1-B.087 ఏమి లేదు 
LOG (gmm-latgen-faster[5.5.1009~1-e4940]:DecodeUtteranceLatticeFaster():decoder-wrappers.cc:375) Log-like per frame for utterance TE0389-TE0391_1-B.087 is -3.74303 over 114 frames.
TE0389-TE0391_1-B.113 ఏ 
LOG (gmm-latgen-faster[5.5.1009~1-e4940]:DecodeUtteranceLatticeFaster():decoder-wrappers.cc:375) Log-like per frame for utterance TE0389-TE0391_1-B.113 is -3.72455 over 64 frames.
TE0389-TE0391_1-B.129 నా 
LOG (gmm-latgen-faster[5.5.1009~1-e4940]:DecodeUtteranceLatticeFaster():decoder-wrappers.cc:375) Log-like per frame for utterance TE0389-TE0391_1-B.129 is -2.93197 over 63 frames.
TE0389-TE0391_1-B.135 నా 
LOG (gmm-latgen-faster[5.5.1009~1-e4940]:DecodeUtteranceLatticeFaster():decoder-wrappers.cc:375) Log-like per frame for utterance TE0389-TE0391_1-B.135 is -2.49082 over 79 frames.
TE0389-TE0391_1-B.137 నా 
LOG (gmm-latgen-faster[5.5.1009~1-e4940]:DecodeUtteranceLatticeFaster():decoder-wrappers.cc:375) Log-like per frame for utterance TE0389-TE0391_1-B.137 is -2.56508 over 72 frames.
TE0389-TE0391_1-B.141 మనమే పెట్టుకోవాలా 
LOG (gmm-latgen-faster[5.5.1009~1-e4940]:DecodeUtteranceLatticeFaster():decoder-wrappers.cc:375) Log-like per frame for utterance TE0389-TE0391_1-B.141 is -3.88175 over 119 frames.
TE0389-TE0391_1-B.143 అబ్బా 
LOG (gmm-latgen-faster[5.5.1009~1-e4940]:DecodeUtteranceLatticeFaster():decoder-wrappers.cc:375) Log-like per frame for utterance TE0389-TE0391_1-B.143 is -3.8602 over 81 frames.
TE0389-TE0391_1-B.145 చెప్పు నువ్వే 
LOG (gmm-latgen-faster[5.5.1009~1-e4940]:DecodeUtteranceLatticeFaster():decoder-wrappers.cc:375) Log-like per frame for utterance TE0389-TE0391_1-B.145 is -3.48235 over 153 frames.
TE0389-TE0391_1-B.166 చూసుకొని ఇంకా వచ్చేశాను నేను 
LOG (gmm-latgen-faster[5.5.1009~1-e4940]:DecodeUtteranceLatticeFaster():decoder-wrappers.cc:375) Log-like per frame for utterance TE0389-TE0391_1-B.166 is -3.88346 over 178 frames.
TE0389-TE0391_1-B.183 ఏమో నాకు తెలీదు 
LOG (gmm-latgen-faster[5.5.1009~1-e4940]:DecodeUtteranceLatticeFaster():decoder-wrappers.cc:375) Log-like per frame for utterance TE0389-TE0391_1-B.183 is -3.95951 over 113 frames.
TE0389-TE0391_1-B.191 నీకేం తెలుసా 
LOG (gmm-latgen-faster[5.5.1009~1-e4940]:DecodeUtteranceLatticeFaster():decoder-wrappers.cc:375) Log-like per frame for utterance TE0389-TE0391_1-B.191 is -4.01104 over 122 frames.
TE0389-TE0391_1-B.197 అలవాటా బాగా 
LOG (gmm-latgen-faster[5.5.1009~1-e4940]:DecodeUtteranceLatticeFaster():decoder-wrappers.cc:375) Log-like per frame for utterance TE0389-TE0391_1-B.197 is -3.6784 over 127 frames.
TE0389-TE0391_1-B.201 ఇంకా ఏం చేస్తావ్ 
LOG (gmm-latgen-faster[5.5.1009~1-e4940]:DecodeUtteranceLatticeFaster():decoder-wrappers.cc:375) Log-like per frame for utterance TE0389-TE0391_1-B.201 is -3.81206 over 104 frames.
TE0389-TE0391_1-B.205 నా 
LOG (gmm-latgen-faster[5.5.1009~1-e4940]:DecodeUtteranceLatticeFaster():decoder-wrappers.cc:375) Log-like per frame for utterance TE0389-TE0391_1-B.205 is -2.69115 over 54 frames.
TE0389-TE0391_1-B.207 ఆ 
LOG (gmm-latgen-faster[5.5.1009~1-e4940]:DecodeUtteranceLatticeFaster():decoder-wrappers.cc:375) Log-like per frame for utterance TE0389-TE0391_1-B.207 is -2.47438 over 63 frames.
TE0389-TE0391_1-B.209 ఆ 
LOG (gmm-latgen-faster[5.5.1009~1-e4940]:DecodeUtteranceLatticeFaster():decoder-wrappers.cc:375) Log-like per frame for utterance TE0389-TE0391_1-B.209 is -2.52721 over 53 frames.
TE0389-TE0391_1-B.211 ఆ 
LOG (gmm-latgen-faster[5.5.1009~1-e4940]:DecodeUtteranceLatticeFaster():decoder-wrappers.cc:375) Log-like per frame for utterance TE0389-TE0391_1-B.211 is -2.36512 over 67 frames.
TE0389-TE0391_1-B.217 నా 
LOG (gmm-latgen-faster[5.5.1009~1-e4940]:DecodeUtteranceLatticeFaster():decoder-wrappers.cc:375) Log-like per frame for utterance TE0389-TE0391_1-B.217 is -2.53379 over 68 frames.
TE0389-TE0391_1-B.221 నా 
LOG (gmm-latgen-faster[5.5.1009~1-e4940]:DecodeUtteranceLatticeFaster():decoder-wrappers.cc:375) Log-like per frame for utterance TE0389-TE0391_1-B.221 is -2.64733 over 76 frames.
TE0389-TE0391_1-B.227 అబ్బో 
LOG (gmm-latgen-faster[5.5.1009~1-e4940]:DecodeUtteranceLatticeFaster():decoder-wrappers.cc:375) Log-like per frame for utterance TE0389-TE0391_1-B.227 is -3.09189 over 65 frames.
TE0389-TE0391_1-B.235 అవునా 
LOG (gmm-latgen-faster[5.5.1009~1-e4940]:DecodeUtteranceLatticeFaster():decoder-wrappers.cc:375) Log-like per frame for utterance TE0389-TE0391_1-B.235 is -3.5012 over 56 frames.
TE0389-TE0391_1-B.241 ఆ 
LOG (gmm-latgen-faster[5.5.1009~1-e4940]:DecodeUtteranceLatticeFaster():decoder-wrappers.cc:375) Log-like per frame for utterance TE0389-TE0391_1-B.241 is -2.75618 over 79 frames.
TE0389-TE0391_1-B.245 ఆ 
LOG (gmm-latgen-faster[5.5.1009~1-e4940]:DecodeUtteranceLatticeFaster():decoder-wrappers.cc:375) Log-like per frame for utterance TE0389-TE0391_1-B.245 is -2.44781 over 69 frames.
TE0389-TE0391_1-B.255 ఆ 
LOG (gmm-latgen-faster[5.5.1009~1-e4940]:DecodeUtteranceLatticeFaster():decoder-wrappers.cc:375) Log-like per frame for utterance TE0389-TE0391_1-B.255 is -2.39395 over 66 frames.
TE0389-TE0391_1-B.257 ఆ 
LOG (gmm-latgen-faster[5.5.1009~1-e4940]:DecodeUtteranceLatticeFaster():decoder-wrappers.cc:375) Log-like per frame for utterance TE0389-TE0391_1-B.257 is -2.31451 over 61 frames.
TE0389-TE0391_1-B.263 ఆ 
LOG (gmm-latgen-faster[5.5.1009~1-e4940]:DecodeUtteranceLatticeFaster():decoder-wrappers.cc:375) Log-like per frame for utterance TE0389-TE0391_1-B.263 is -2.29626 over 72 frames.
TE0389-TE0391_1-B.289 ఆ 
LOG (gmm-latgen-faster[5.5.1009~1-e4940]:DecodeUtteranceLatticeFaster():decoder-wrappers.cc:375) Log-like per frame for utterance TE0389-TE0391_1-B.289 is -2.81973 over 61 frames.
TE0389-TE0391_1-B.291 ఆ 
LOG (gmm-latgen-faster[5.5.1009~1-e4940]:DecodeUtteranceLatticeFaster():decoder-wrappers.cc:375) Log-like per frame for utterance TE0389-TE0391_1-B.291 is -2.55179 over 61 frames.
TE0389-TE0391_1-B.306 ఏదైనా బాగా 
LOG (gmm-latgen-faster[5.5.1009~1-e4940]:DecodeUtteranceLatticeFaster():decoder-wrappers.cc:375) Log-like per frame for utterance TE0389-TE0391_1-B.306 is -3.42025 over 169 frames.
TE0389-TE0391_1-B.308 ఎక్కువగా 
LOG (gmm-latgen-faster[5.5.1009~1-e4940]:DecodeUtteranceLatticeFaster():decoder-wrappers.cc:375) Log-like per frame for utterance TE0389-TE0391_1-B.308 is -3.75057 over 117 frames.
TE0389-TE0391_1-B.321 ఇంకేంటి చెప్పు 
LOG (gmm-latgen-faster[5.5.1009~1-e4940]:DecodeUtteranceLatticeFaster():decoder-wrappers.cc:375) Log-like per frame for utterance TE0389-TE0391_1-B.321 is -3.53723 over 152 frames.
TE0389-TE0391_1-B.340 ఏమో ఇంకా తెలిదు దానికి 
LOG (gmm-latgen-faster[5.5.1009~1-e4940]:DecodeUtteranceLatticeFaster():decoder-wrappers.cc:375) Log-like per frame for utterance TE0389-TE0391_1-B.340 is -3.51064 over 231 frames.
TE0389-TE0391_2-B.020 ఉదయం 
LOG (gmm-latgen-faster[5.5.1009~1-e4940]:DecodeUtteranceLatticeFaster():decoder-wrappers.cc:375) Log-like per frame for utterance TE0389-TE0391_2-B.020 is -3.82995 over 92 frames.
TE0389-TE0391_2-B.038 దాన్ని పూడ్చకుండ అలాగే వదిలేసారంట 
LOG (gmm-latgen-faster[5.5.1009~1-e4940]:DecodeUtteranceLatticeFaster():decoder-wrappers.cc:375) Log-like per frame for utterance TE0389-TE0391_2-B.038 is -4.13323 over 250 frames.
TE0389-TE0391_2-B.040 వచ్చి వెళ్ళిన వాళ్ళకి చాలా 
LOG (gmm-latgen-faster[5.5.1009~1-e4940]:DecodeUtteranceLatticeFaster():decoder-wrappers.cc:375) Log-like per frame for utterance TE0389-TE0391_2-B.040 is -3.77812 over 275 frames.
TE0389-TE0391_2-B.041 అడ్డంగా 
LOG (gmm-latgen-faster[5.5.1009~1-e4940]:DecodeUtteranceLatticeFaster():decoder-wrappers.cc:375) Log-like per frame for utterance TE0389-TE0391_2-B.041 is -3.54196 over 99 frames.
TE0389-TE0391_2-B.044 ఇంకా 
LOG (gmm-latgen-faster[5.5.1009~1-e4940]:DecodeUtteranceLatticeFaster():decoder-wrappers.cc:375) Log-like per frame for utterance TE0389-TE0391_2-B.044 is -3.36892 over 89 frames.
TE0389-TE0391_2-B.048 ఇంకా ఏం చేయలేదు 
LOG (gmm-latgen-faster[5.5.1009~1-e4940]:DecodeUtteranceLatticeFaster():decoder-wrappers.cc:375) Log-like per frame for utterance TE0389-TE0391_2-B.048 is -3.89238 over 137 frames.
TE0389-TE0391_2-B.087 ఏమీ లేదు 
LOG (gmm-latgen-faster[5.5.1009~1-e4940]:DecodeUtteranceLatticeFaster():decoder-wrappers.cc:375) Log-like per frame for utterance TE0389-TE0391_2-B.087 is -3.94248 over 111 frames.
TE0389-TE0391_2-B.091 వాళ్ళు 
LOG (gmm-latgen-faster[5.5.1009~1-e4940]:DecodeUtteranceLatticeFaster():decoder-wrappers.cc:375) Log-like per frame for utterance TE0389-TE0391_2-B.091 is -3.33014 over 112 frames.
TE0389-TE0391_2-B.108 ఏమో నాకు తెలియలేదు 
LOG (gmm-latgen-faster[5.5.1009~1-e4940]:DecodeUtteranceLatticeFaster():decoder-wrappers.cc:375) Log-like per frame for utterance TE0389-TE0391_2-B.108 is -3.75691 over 114 frames.
TE0389-TE0391_2-B.120 లక్ష్యం 
LOG (gmm-latgen-faster[5.5.1009~1-e4940]:DecodeUtteranceLatticeFaster():decoder-wrappers.cc:375) Log-like per frame for utterance TE0389-TE0391_2-B.120 is -3.74239 over 71 frames.
TE0389-TE0391_2-B.137 చెప్పనా 
LOG (gmm-latgen-faster[5.5.1009~1-e4940]:DecodeUtteranceLatticeFaster():decoder-wrappers.cc:375) Log-like per frame for utterance TE0389-TE0391_2-B.137 is -3.66925 over 82 frames.
TE0389-TE0391_2-B.144 అప్పుడు 
LOG (gmm-latgen-faster[5.5.1009~1-e4940]:DecodeUtteranceLatticeFaster():decoder-wrappers.cc:375) Log-like per frame for utterance TE0389-TE0391_2-B.144 is -3.33112 over 67 frames.
TE0389-TE0391_2-B.146 ఆయనా మాట్లాడారు 
LOG (gmm-latgen-faster[5.5.1009~1-e4940]:DecodeUtteranceLatticeFaster():decoder-wrappers.cc:375) Log-like per frame for utterance TE0389-TE0391_2-B.146 is -3.94524 over 164 frames.
TE0389-TE0391_2-B.148 వచ్చేసింది ఇప్పటి వరకు నీరు చెట్టు 
LOG (gmm-latgen-faster[5.5.1009~1-e4940]:DecodeUtteranceLatticeFaster():decoder-wrappers.cc:375) Log-like per frame for utterance TE0389-TE0391_2-B.148 is -3.88526 over 292 frames.
TE0389-TE0391_2-B.149 కార్యక్రమం కింద చాలా 
LOG (gmm-latgen-faster[5.5.1009~1-e4940]:DecodeUtteranceLatticeFaster():decoder-wrappers.cc:375) Log-like per frame for utterance TE0389-TE0391_2-B.149 is -3.56894 over 157 frames.
TE0389-TE0391_2-B.150 పూర్తి చేసినా పనులను తనిఖి చేస్తున్నట్లు గా తెలిపారు అన్నమాట 
LOG (gmm-latgen-faster[5.5.1009~1-e4940]:DecodeUtteranceLatticeFaster():decoder-wrappers.cc:375) Log-like per frame for utterance TE0389-TE0391_2-B.150 is -3.97835 over 335 frames.
TE0389-TE0391_2-B.153 కొన్ని కొన్ని చోట్ల అక్రమాల గుర్తించారు 
LOG (gmm-latgen-faster[5.5.1009~1-e4940]:DecodeUtteranceLatticeFaster():decoder-wrappers.cc:375) Log-like per frame for utterance TE0389-TE0391_2-B.153 is -3.94876 over 299 frames.
TE0389-TE0391_2-B.158 ఇదా 
LOG (gmm-latgen-faster[5.5.1009~1-e4940]:DecodeUtteranceLatticeFaster():decoder-wrappers.cc:375) Log-like per frame for utterance TE0389-TE0391_2-B.158 is -3.78252 over 88 frames.
TE0389-TE0391_2-B.167 ఆయన హామీ ఇచ్చారు 
LOG (gmm-latgen-faster[5.5.1009~1-e4940]:DecodeUtteranceLatticeFaster():decoder-wrappers.cc:375) Log-like per frame for utterance TE0389-TE0391_2-B.167 is -4.0001 over 172 frames.
TE0389-TE0391_2-B.169 రైలు ఢీ కొని యువకు ఒక యువకుడు 
LOG (gmm-latgen-faster[5.5.1009~1-e4940]:DecodeUtteranceLatticeFaster():decoder-wrappers.cc:375) Log-like per frame for utterance TE0389-TE0391_2-B.169 is -4.01248 over 281 frames.
TE0389-TE0391_2-B.170 చనిపోయారు 
LOG (gmm-latgen-faster[5.5.1009~1-e4940]:DecodeUtteranceLatticeFaster():decoder-wrappers.cc:375) Log-like per frame for utterance TE0389-TE0391_2-B.170 is -3.4976 over 91 frames.
TE0389-TE0391_2-B.179 కొత్తపేట 
LOG (gmm-latgen-faster[5.5.1009~1-e4940]:DecodeUtteranceLatticeFaster():decoder-wrappers.cc:375) Log-like per frame for utterance TE0389-TE0391_2-B.179 is -4.22931 over 81 frames.
TE0389-TE0391_2-B.181 భూమికి ఆరోగ్యం పెట్టుబడి ఆదా 
LOG (gmm-latgen-faster[5.5.1009~1-e4940]:DecodeUtteranceLatticeFaster():decoder-wrappers.cc:375) Log-like per frame for utterance TE0389-TE0391_2-B.181 is -4.02249 over 253 frames.
TE0389-TE0391_2-B.186 గతంలో పోలిస్తే ఈ ఏడాది మెట్టా ప్రాంతంలో రైతులు 
LOG (gmm-latgen-faster[5.5.1009~1-e4940]:DecodeUtteranceLatticeFaster():decoder-wrappers.cc:375) Log-like per frame for utterance TE0389-TE0391_2-B.186 is -3.77598 over 470 frames.
TE0389-TE0391_2-B.187 వీటి వినియోగానికి ముందుకు వస్తున్నారు 
LOG (gmm-latgen-faster[5.5.1009~1-e4940]:DecodeUtteranceLatticeFaster():decoder-wrappers.cc:375) Log-like per frame for utterance TE0389-TE0391_2-B.187 is -3.81463 over 274 frames.
TE0389-TE0391_2-B.190 కోరుకొండ మండలంలో కనీసం ఒక ఎకరంలోని వీటి సాగు జరగలేదు 
LOG (gmm-latgen-faster[5.5.1009~1-e4940]:DecodeUtteranceLatticeFaster():decoder-wrappers.cc:375) Log-like per frame for utterance TE0389-TE0391_2-B.190 is -3.93907 over 549 frames.
TE0389-TE0391_2-B.194 సుతం వర్షాకాలం 
LOG (gmm-latgen-faster[5.5.1009~1-e4940]:DecodeUtteranceLatticeFaster():decoder-wrappers.cc:375) Log-like per frame for utterance TE0389-TE0391_2-B.194 is -3.9708 over 132 frames.
TE0389-TE0391_2-B.199 ఈ పచ్చి రొట్టి విత్తనాలు వేసేందుకు ఇదే మంచి సమయమని 
LOG (gmm-latgen-faster[5.5.1009~1-e4940]:DecodeUtteranceLatticeFaster():decoder-wrappers.cc:375) Log-like per frame for utterance TE0389-TE0391_2-B.199 is -3.94273 over 436 frames.
TE0389-TE0391_2-B.207 రోజు రోజుకు పెరిగిపోతున్న రసాయనిక ఎరువులు ప్రభావంతో 
LOG (gmm-latgen-faster[5.5.1009~1-e4940]:DecodeUtteranceLatticeFaster():decoder-wrappers.cc:375) Log-like per frame for utterance TE0389-TE0391_2-B.207 is -4.02518 over 492 frames.
TE0389-TE0391_2-B.208 పెట్టుబడులు వ్య వ్యయం 
LOG (gmm-latgen-faster[5.5.1009~1-e4940]:DecodeUtteranceLatticeFaster():decoder-wrappers.cc:375) Log-like per frame for utterance TE0389-TE0391_2-B.208 is -3.79086 over 206 frames.
TE0389-TE0391_2-B.213 ఏ విధమైన పంటలు పండవని పరిస్థితులు చెబుతాయంటా 
LOG (gmm-latgen-faster[5.5.1009~1-e4940]:DecodeUtteranceLatticeFaster():decoder-wrappers.cc:375) Log-like per frame for utterance TE0389-TE0391_2-B.213 is -3.7642 over 354 frames.
TE0389-TE0391_2-B.215 ఈ నేపధ్యంలో ఇప్పటికే ప్రకృతి సాగుపై అవగాహన పెంచుతూ పెంచుతున్నా 
LOG (gmm-latgen-faster[5.5.1009~1-e4940]:DecodeUtteranceLatticeFaster():decoder-wrappers.cc:375) Log-like per frame for utterance TE0389-TE0391_2-B.215 is -4.12235 over 579 frames.
TE0389-TE0391_2-B.222 వినియోగంలో రైతులు ఇప్పటి ఇప్పుడికిప్పుడే 
LOG (gmm-latgen-faster[5.5.1009~1-e4940]:DecodeUtteranceLatticeFaster():decoder-wrappers.cc:375) Log-like per frame for utterance TE0389-TE0391_2-B.222 is -3.88 over 331 frames.
TE0389-TE0391_2-B.223 ఆసక్తి చూపుతున్నారంటా 
LOG (gmm-latgen-faster[5.5.1009~1-e4940]:DecodeUtteranceLatticeFaster():decoder-wrappers.cc:375) Log-like per frame for utterance TE0389-TE0391_2-B.223 is -4.20788 over 182 frames.
TE0389-TE0391_2-B.227 రైతులకు రా రాతీ పై అందుబాటులో ఉంచగా సుమారు పది వేల హెక్టేరులులో 
LOG (gmm-latgen-faster[5.5.1009~1-e4940]:DecodeUtteranceLatticeFaster():decoder-wrappers.cc:375) Log-like per frame for utterance TE0389-TE0391_2-B.227 is -4.16897 over 634 frames.
TE0389-TE0391_2-B.236 ఉంది చెప్పనా 
LOG (gmm-latgen-faster[5.5.1009~1-e4940]:DecodeUtteranceLatticeFaster():decoder-wrappers.cc:375) Log-like per frame for utterance TE0389-TE0391_2-B.236 is -3.96172 over 144 frames.
TE0389-TE0391_2-B.241 ఉపసమనం గోరంత 
LOG (gmm-latgen-faster[5.5.1009~1-e4940]:DecodeUtteranceLatticeFaster():decoder-wrappers.cc:375) Log-like per frame for utterance TE0389-TE0391_2-B.241 is -4.20057 over 168 frames.
TE0389-TE0391_2-B.248 అంతర్జాతీయులు చాల నిరాశ చెందారు 
LOG (gmm-latgen-faster[5.5.1009~1-e4940]:DecodeUtteranceLatticeFaster():decoder-wrappers.cc:375) Log-like per frame for utterance TE0389-TE0391_2-B.248 is -4.28284 over 243 frames.
TE0389-TE0391_2-B.250 గత వారం ప్రజా వాణి నిర్వహించే సమయంలోనే 
LOG (gmm-latgen-faster[5.5.1009~1-e4940]:DecodeUtteranceLatticeFaster():decoder-wrappers.cc:375) Log-like per frame for utterance TE0389-TE0391_2-B.250 is -3.99587 over 397 frames.
TE0389-TE0391_2-B.253 దూరదృశ్యా సమావేశానికి తప్పనిసరిగా 
LOG (gmm-latgen-faster[5.5.1009~1-e4940]:DecodeUtteranceLatticeFaster():decoder-wrappers.cc:375) Log-like per frame for utterance TE0389-TE0391_2-B.253 is -4.24484 over 319 frames.
TE0389-TE0391_2-B.258 ఉండటంతో అక్కడి అక్కడికి వెళ్లారు 
LOG (gmm-latgen-faster[5.5.1009~1-e4940]:DecodeUtteranceLatticeFaster():decoder-wrappers.cc:375) Log-like per frame for utterance TE0389-TE0391_2-B.258 is -3.9349 over 295 frames.
TE0389-TE0391_2-B.260 దీనితో ప్రజావాణి 
LOG (gmm-latgen-faster[5.5.1009~1-e4940]:DecodeUtteranceLatticeFaster():decoder-wrappers.cc:375) Log-like per frame for utterance TE0389-TE0391_2-B.260 is -4.13773 over 180 frames.
TE0389-TE0391_2-B.298 వంటి ఎన్నో అవకాశాలు ఇచ్చారంట అక్కడ 
LOG (gmm-latgen-faster[5.5.1009~1-e4940]:DecodeUtteranceLatticeFaster():decoder-wrappers.cc:375) Log-like per frame for utterance TE0389-TE0391_2-B.298 is -3.87305 over 248 frames.
TE0389-TE0391_2-B.300 ఈ ఇరవై ఒకటో తారీఖున అంట ఉదయం పది గంటలకు 
LOG (gmm-latgen-faster[5.5.1009~1-e4940]:DecodeUtteranceLatticeFaster():decoder-wrappers.cc:375) Log-like per frame for utterance TE0389-TE0391_2-B.300 is -3.95164 over 383 frames.
TE0389-TE0391_2-B.314 ఆహా ఏం లేదు 
LOG (gmm-latgen-faster[5.5.1009~1-e4940]:DecodeUtteranceLatticeFaster():decoder-wrappers.cc:375) Log-like per frame for utterance TE0389-TE0391_2-B.314 is -3.42295 over 124 frames.
TE0389-TE0391_2-B.322 ఇంకేంటి చెప్పు 
LOG (gmm-latgen-faster[5.5.1009~1-e4940]:DecodeUtteranceLatticeFaster():decoder-wrappers.cc:375) Log-like per frame for utterance TE0389-TE0391_2-B.322 is -3.70846 over 134 frames.
TE0389-TE0391_2-B.326 అదా 
LOG (gmm-latgen-faster[5.5.1009~1-e4940]:DecodeUtteranceLatticeFaster():decoder-wrappers.cc:375) Log-like per frame for utterance TE0389-TE0391_2-B.326 is -3.87296 over 98 frames.
TE0389-TE0391_2-B.337 పెళ్లి బృందాలు ఇబ్బందులు ఎదురవుతున్నయంట 
LOG (gmm-latgen-faster[5.5.1009~1-e4940]:DecodeUtteranceLatticeFaster():decoder-wrappers.cc:375) Log-like per frame for utterance TE0389-TE0391_2-B.337 is -3.91855 over 331 frames.
TE0389-TE0391_2-B.349 బాగా అది పాత కళ్యాణ మండపం అయిన అంటే 
LOG (gmm-latgen-faster[5.5.1009~1-e4940]:DecodeUtteranceLatticeFaster():decoder-wrappers.cc:375) Log-like per frame for utterance TE0389-TE0391_2-B.349 is -4.13334 over 291 frames.
TE0389-TE0391_2-B.351 మరి పాతదిఅయితే పదిహేను వేల నుంచి ముప్పయ్ ఐదు వేల వరకు పెడుతున్నరంటా 
LOG (gmm-latgen-faster[5.5.1009~1-e4940]:DecodeUtteranceLatticeFaster():decoder-wrappers.cc:375) Log-like per frame for utterance TE0389-TE0391_2-B.351 is -4.02867 over 498 frames.
TE0389-TE0391_2-B.353 నా 
LOG (gmm-latgen-faster[5.5.1009~1-e4940]:DecodeUtteranceLatticeFaster():decoder-wrappers.cc:375) Log-like per frame for utterance TE0389-TE0391_2-B.353 is -2.9762 over 81 frames.
TE0389-TE0391_2-B.357 అక్కడ విషయం 
LOG (gmm-latgen-faster[5.5.1009~1-e4940]:DecodeUtteranceLatticeFaster():decoder-wrappers.cc:375) Log-like per frame for utterance TE0389-TE0391_2-B.357 is -4.06637 over 101 frames.
TE0390-TE0392_1-A.028 బాగా 
LOG (gmm-latgen-faster[5.5.1009~1-e4940]:DecodeUtteranceLatticeFaster():decoder-wrappers.cc:375) Log-like per frame for utterance TE0390-TE0392_1-A.028 is -3.72118 over 54 frames.
TE0390-TE0392_1-A.108 ఇంకా ఉనాయి 
LOG (gmm-latgen-faster[5.5.1009~1-e4940]:DecodeUtteranceLatticeFaster():decoder-wrappers.cc:375) Log-like per frame for utterance TE0390-TE0392_1-A.108 is -3.76075 over 108 frames.
TE0390-TE0392_1-A.125 లేదు 
LOG (gmm-latgen-faster[5.5.1009~1-e4940]:DecodeUtteranceLatticeFaster():decoder-wrappers.cc:375) Log-like per frame for utterance TE0390-TE0392_1-A.125 is -3.43597 over 93 frames.
TE0390-TE0392_1-A.197 ఇప్పుడు ఈ సంవత్సరం ఏందో 
LOG (gmm-latgen-faster[5.5.1009~1-e4940]:DecodeUtteranceLatticeFaster():decoder-wrappers.cc:375) Log-like per frame for utterance TE0390-TE0392_1-A.197 is -3.87767 over 153 frames.
TE0390-TE0392_1-A.199 అందుకే 
LOG (gmm-latgen-faster[5.5.1009~1-e4940]:DecodeUtteranceLatticeFaster():decoder-wrappers.cc:375) Log-like per frame for utterance TE0390-TE0392_1-A.199 is -3.75984 over 66 frames.
TE0390-TE0392_1-A.345 అలా చాల బాగుంది నాలుగు సార్లు చూసాం 
LOG (gmm-latgen-faster[5.5.1009~1-e4940]:DecodeUtteranceLatticeFaster():decoder-wrappers.cc:375) Log-like per frame for utterance TE0390-TE0392_1-A.345 is -4.0221 over 226 frames.
TE0390-TE0392_1-A.410 ఆ చేశేశాను 
LOG (gmm-latgen-faster[5.5.1009~1-e4940]:DecodeUtteranceLatticeFaster():decoder-wrappers.cc:375) Log-like per frame for utterance TE0390-TE0392_1-A.410 is -3.77196 over 102 frames.
TE0390-TE0392_1-A.412 పప్పు మామిడికాయ 
LOG (gmm-latgen-faster[5.5.1009~1-e4940]:DecodeUtteranceLatticeFaster():decoder-wrappers.cc:375) Log-like per frame for utterance TE0390-TE0392_1-A.412 is -4.52952 over 78 frames.
TE0390-TE0392_1-A.431 పంచాయతి ఉంది కదా 
LOG (gmm-latgen-faster[5.5.1009~1-e4940]:DecodeUtteranceLatticeFaster():decoder-wrappers.cc:375) Log-like per frame for utterance TE0390-TE0392_1-A.431 is -3.86144 over 113 frames.
TE0390-TE0392_1-A.489 మా తమ్ముడు ఉంటాడు 
LOG (gmm-latgen-faster[5.5.1009~1-e4940]:DecodeUtteranceLatticeFaster():decoder-wrappers.cc:375) Log-like per frame for utterance TE0390-TE0392_1-A.489 is -3.82341 over 144 frames.
TE0390-TE0392_1-A.526 ఆహా 
LOG (gmm-latgen-faster[5.5.1009~1-e4940]:DecodeUtteranceLatticeFaster():decoder-wrappers.cc:375) Log-like per frame for utterance TE0390-TE0392_1-A.526 is -2.82218 over 62 frames.
TE0390-TE0392_1-B.036 అవునా 
LOG (gmm-latgen-faster[5.5.1009~1-e4940]:DecodeUtteranceLatticeFaster():decoder-wrappers.cc:375) Log-like per frame for utterance TE0390-TE0392_1-B.036 is -2.88189 over 74 frames.
TE0390-TE0392_1-B.038 ఇంకా 
LOG (gmm-latgen-faster[5.5.1009~1-e4940]:DecodeUtteranceLatticeFaster():decoder-wrappers.cc:375) Log-like per frame for utterance TE0390-TE0392_1-B.038 is -3.59687 over 47 frames.
TE0390-TE0392_1-B.064 ఎంతొచ్చింది 
LOG (gmm-latgen-faster[5.5.1009~1-e4940]:DecodeUtteranceLatticeFaster():decoder-wrappers.cc:375) Log-like per frame for utterance TE0390-TE0392_1-B.064 is -3.85419 over 93 frames.
TE0390-TE0392_1-B.076 ఇంకా 
LOG (gmm-latgen-faster[5.5.1009~1-e4940]:DecodeUtteranceLatticeFaster():decoder-wrappers.cc:375) Log-like per frame for utterance TE0390-TE0392_1-B.076 is -3.29448 over 51 frames.
TE0390-TE0392_1-B.122 ఇంకా 
LOG (gmm-latgen-faster[5.5.1009~1-e4940]:DecodeUtteranceLatticeFaster():decoder-wrappers.cc:375) Log-like per frame for utterance TE0390-TE0392_1-B.122 is -3.42848 over 81 frames.
TE0390-TE0392_1-B.156 అవునా 
LOG (gmm-latgen-faster[5.5.1009~1-e4940]:DecodeUtteranceLatticeFaster():decoder-wrappers.cc:375) Log-like per frame for utterance TE0390-TE0392_1-B.156 is -2.79089 over 73 frames.
TE0390-TE0392_1-B.180 చెప్పన్నయ్య ఇంకా 
LOG (gmm-latgen-faster[5.5.1009~1-e4940]:DecodeUtteranceLatticeFaster():decoder-wrappers.cc:375) Log-like per frame for utterance TE0390-TE0392_1-B.180 is -3.36489 over 108 frames.
TE0390-TE0392_1-B.190 ఇంకా చెప్పు నువ్వే చెప్పాలి కదా 
LOG (gmm-latgen-faster[5.5.1009~1-e4940]:DecodeUtteranceLatticeFaster():decoder-wrappers.cc:375) Log-like per frame for utterance TE0390-TE0392_1-B.190 is -3.78034 over 202 frames.
TE0390-TE0392_1-B.196 అందరితో కలిసి ఉంటాద 
LOG (gmm-latgen-faster[5.5.1009~1-e4940]:DecodeUtteranceLatticeFaster():decoder-wrappers.cc:375) Log-like per frame for utterance TE0390-TE0392_1-B.196 is -3.78008 over 148 frames.
TE0390-TE0392_1-B.202 ఇంకా చెప్పు 
LOG (gmm-latgen-faster[5.5.1009~1-e4940]:DecodeUtteranceLatticeFaster():decoder-wrappers.cc:375) Log-like per frame for utterance TE0390-TE0392_1-B.202 is -3.4727 over 82 frames.
TE0390-TE0392_1-B.212 తప్పేముంది దానిలో 
LOG (gmm-latgen-faster[5.5.1009~1-e4940]:DecodeUtteranceLatticeFaster():decoder-wrappers.cc:375) Log-like per frame for utterance TE0390-TE0392_1-B.212 is -3.75812 over 157 frames.
TE0390-TE0392_1-B.220 తర్వాత నువ్ మార్చుకో 
LOG (gmm-latgen-faster[5.5.1009~1-e4940]:DecodeUtteranceLatticeFaster():decoder-wrappers.cc:375) Log-like per frame for utterance TE0390-TE0392_1-B.220 is -4.24263 over 128 frames.
TE0390-TE0392_1-B.236 అంతేనా ఇంకేం లేదా 
LOG (gmm-latgen-faster[5.5.1009~1-e4940]:DecodeUtteranceLatticeFaster():decoder-wrappers.cc:375) Log-like per frame for utterance TE0390-TE0392_1-B.236 is -3.64916 over 144 frames.
TE0390-TE0392_1-B.260 చెప్పు 
LOG (gmm-latgen-faster[5.5.1009~1-e4940]:DecodeUtteranceLatticeFaster():decoder-wrappers.cc:375) Log-like per frame for utterance TE0390-TE0392_1-B.260 is -3.82533 over 96 frames.
TE0390-TE0392_1-B.268 అవునా 
LOG (gmm-latgen-faster[5.5.1009~1-e4940]:DecodeUtteranceLatticeFaster():decoder-wrappers.cc:375) Log-like per frame for utterance TE0390-TE0392_1-B.268 is -3.09305 over 64 frames.
TE0390-TE0392_1-B.270 ఇంకా 
LOG (gmm-latgen-faster[5.5.1009~1-e4940]:DecodeUtteranceLatticeFaster():decoder-wrappers.cc:375) Log-like per frame for utterance TE0390-TE0392_1-B.270 is -3.44317 over 73 frames.
TE0390-TE0392_1-B.280 మరే 
LOG (gmm-latgen-faster[5.5.1009~1-e4940]:DecodeUtteranceLatticeFaster():decoder-wrappers.cc:375) Log-like per frame for utterance TE0390-TE0392_1-B.280 is -3.58959 over 91 frames.
TE0390-TE0392_1-B.305 ఇంకా 
LOG (gmm-latgen-faster[5.5.1009~1-e4940]:DecodeUtteranceLatticeFaster():decoder-wrappers.cc:375) Log-like per frame for utterance TE0390-TE0392_1-B.305 is -3.24801 over 78 frames.
TE0390-TE0392_1-B.321 ఎక్కడా 
LOG (gmm-latgen-faster[5.5.1009~1-e4940]:DecodeUtteranceLatticeFaster():decoder-wrappers.cc:375) Log-like per frame for utterance TE0390-TE0392_1-B.321 is -4.06311 over 78 frames.
TE0390-TE0392_1-B.343 ఇంకా చెప్పన్నయ్య 
LOG (gmm-latgen-faster[5.5.1009~1-e4940]:DecodeUtteranceLatticeFaster():decoder-wrappers.cc:375) Log-like per frame for utterance TE0390-TE0392_1-B.343 is -3.6272 over 162 frames.
TE0390-TE0392_1-B.345 ఏం చేస్తం చెప్పు 
LOG (gmm-latgen-faster[5.5.1009~1-e4940]:DecodeUtteranceLatticeFaster():decoder-wrappers.cc:375) Log-like per frame for utterance TE0390-TE0392_1-B.345 is -3.81949 over 164 frames.
TE0390-TE0392_1-B.366 ఇంకా 
LOG (gmm-latgen-faster[5.5.1009~1-e4940]:DecodeUtteranceLatticeFaster():decoder-wrappers.cc:375) Log-like per frame for utterance TE0390-TE0392_1-B.366 is -3.29472 over 93 frames.
TE0390-TE0392_1-B.368 ఇంకా 
LOG (gmm-latgen-faster[5.5.1009~1-e4940]:DecodeUtteranceLatticeFaster():decoder-wrappers.cc:375) Log-like per frame for utterance TE0390-TE0392_1-B.368 is -3.35054 over 86 frames.
TE0390-TE0392_1-B.388 అందుకు ఆ 
LOG (gmm-latgen-faster[5.5.1009~1-e4940]:DecodeUtteranceLatticeFaster():decoder-wrappers.cc:375) Log-like per frame for utterance TE0390-TE0392_1-B.388 is -3.71357 over 118 frames.
TE0390-TE0392_2-A.006 ఎక్కడా 
LOG (gmm-latgen-faster[5.5.1009~1-e4940]:DecodeUtteranceLatticeFaster():decoder-wrappers.cc:375) Log-like per frame for utterance TE0390-TE0392_2-A.006 is -3.90781 over 67 frames.
TE0390-TE0392_2-A.051 ఏం మరి చెప్పాను వాడికి వాడిష్టం మనమేం చేయలేం కదా 
LOG (gmm-latgen-faster[5.5.1009~1-e4940]:DecodeUtteranceLatticeFaster():decoder-wrappers.cc:375) Log-like per frame for utterance TE0390-TE0392_2-A.051 is -3.61054 over 299 frames.
TE0390-TE0392_2-A.057 తెలీదు మరి ఇంకా రాలేదు 
LOG (gmm-latgen-faster[5.5.1009~1-e4940]:DecodeUtteranceLatticeFaster():decoder-wrappers.cc:375) Log-like per frame for utterance TE0390-TE0392_2-A.057 is -3.54276 over 122 frames.
TE0390-TE0392_2-A.071 నువ్వే చెప్పాలి 
LOG (gmm-latgen-faster[5.5.1009~1-e4940]:DecodeUtteranceLatticeFaster():decoder-wrappers.cc:375) Log-like per frame for utterance TE0390-TE0392_2-A.071 is -3.67991 over 124 frames.
TE0390-TE0392_2-A.133 ఆ నేర్చుకున్నాను 
LOG (gmm-latgen-faster[5.5.1009~1-e4940]:DecodeUtteranceLatticeFaster():decoder-wrappers.cc:375) Log-like per frame for utterance TE0390-TE0392_2-A.133 is -3.76425 over 98 frames.
TE0390-TE0392_2-A.143 ఆ ఉంది 
LOG (gmm-latgen-faster[5.5.1009~1-e4940]:DecodeUtteranceLatticeFaster():decoder-wrappers.cc:375) Log-like per frame for utterance TE0390-TE0392_2-A.143 is -3.40761 over 68 frames.
TE0390-TE0392_2-A.163 ఆ చూశాను 
LOG (gmm-latgen-faster[5.5.1009~1-e4940]:DecodeUtteranceLatticeFaster():decoder-wrappers.cc:375) Log-like per frame for utterance TE0390-TE0392_2-A.163 is -3.6424 over 88 frames.
TE0390-TE0392_2-A.197 నేర్చుకోలేదు 
LOG (gmm-latgen-faster[5.5.1009~1-e4940]:DecodeUtteranceLatticeFaster():decoder-wrappers.cc:375) Log-like per frame for utterance TE0390-TE0392_2-A.197 is -4.24285 over 76 frames.
TE0390-TE0392_2-A.209 ఆహా 
LOG (gmm-latgen-faster[5.5.1009~1-e4940]:DecodeUtteranceLatticeFaster():decoder-wrappers.cc:375) Log-like per frame for utterance TE0390-TE0392_2-A.209 is -3.12225 over 68 frames.
TE0390-TE0392_2-A.259 లేదు చూడలేదు 
LOG (gmm-latgen-faster[5.5.1009~1-e4940]:DecodeUtteranceLatticeFaster():decoder-wrappers.cc:375) Log-like per frame for utterance TE0390-TE0392_2-A.259 is -3.65315 over 126 frames.
TE0390-TE0392_2-A.303 వెళ్తే వెళ్త లేదంటే లేదు లేదంటే 
LOG (gmm-latgen-faster[5.5.1009~1-e4940]:DecodeUtteranceLatticeFaster():decoder-wrappers.cc:375) Log-like per frame for utterance TE0390-TE0392_2-A.303 is -3.5934 over 261 frames.
TE0390-TE0392_2-A.305 ఇంట్లోనే ఉండాలి 
LOG (gmm-latgen-faster[5.5.1009~1-e4940]:DecodeUtteranceLatticeFaster():decoder-wrappers.cc:375) Log-like per frame for utterance TE0390-TE0392_2-A.305 is -3.72792 over 131 frames.
TE0390-TE0392_2-A.329 ఏం చెప్పను 
LOG (gmm-latgen-faster[5.5.1009~1-e4940]:DecodeUtteranceLatticeFaster():decoder-wrappers.cc:375) Log-like per frame for utterance TE0390-TE0392_2-A.329 is -3.58001 over 68 frames.
TE0390-TE0392_2-A.349 నువ్వే చెప్పాలి 
LOG (gmm-latgen-faster[5.5.1009~1-e4940]:DecodeUtteranceLatticeFaster():decoder-wrappers.cc:375) Log-like per frame for utterance TE0390-TE0392_2-A.349 is -3.46432 over 93 frames.
TE0390-TE0392_2-A.385 నేను చెప్పడానికి ఏంలేదు నువ్వే చెప్పాలి 
LOG (gmm-latgen-faster[5.5.1009~1-e4940]:DecodeUtteranceLatticeFaster():decoder-wrappers.cc:375) Log-like per frame for utterance TE0390-TE0392_2-A.385 is -3.64663 over 201 frames.
TE0390-TE0392_2-A.460 మొత్తం 
LOG (gmm-latgen-faster[5.5.1009~1-e4940]:DecodeUtteranceLatticeFaster():decoder-wrappers.cc:375) Log-like per frame for utterance TE0390-TE0392_2-A.460 is -4.10315 over 84 frames.
TE0390-TE0392_2-A.521 ఇంకా ఏమున్నయి నువ్వే చెప్పాలి 
LOG (gmm-latgen-faster[5.5.1009~1-e4940]:DecodeUtteranceLatticeFaster():decoder-wrappers.cc:375) Log-like per frame for utterance TE0390-TE0392_2-A.521 is -3.66425 over 124 frames.
TE0390-TE0392_2-B.033 ఏ కాకినాడ పొన్నూరు దగ్గరే కదా 
LOG (gmm-latgen-faster[5.5.1009~1-e4940]:DecodeUtteranceLatticeFaster():decoder-wrappers.cc:375) Log-like per frame for utterance TE0390-TE0392_2-B.033 is -3.76499 over 233 frames.
TE0390-TE0392_2-B.056 ఎప్పుడొస్తాడు 
LOG (gmm-latgen-faster[5.5.1009~1-e4940]:DecodeUtteranceLatticeFaster():decoder-wrappers.cc:375) Log-like per frame for utterance TE0390-TE0392_2-B.056 is -3.66436 over 92 frames.
TE0390-TE0392_2-B.084 ఏమైంది 
LOG (gmm-latgen-faster[5.5.1009~1-e4940]:DecodeUtteranceLatticeFaster():decoder-wrappers.cc:375) Log-like per frame for utterance TE0390-TE0392_2-B.084 is -3.59665 over 69 frames.
TE0390-TE0392_2-B.147 ఆహా 
LOG (gmm-latgen-faster[5.5.1009~1-e4940]:DecodeUtteranceLatticeFaster():decoder-wrappers.cc:375) Log-like per frame for utterance TE0390-TE0392_2-B.147 is -2.91105 over 71 frames.
TE0390-TE0392_2-B.169 ఏ 
LOG (gmm-latgen-faster[5.5.1009~1-e4940]:DecodeUtteranceLatticeFaster():decoder-wrappers.cc:375) Log-like per frame for utterance TE0390-TE0392_2-B.169 is -3.40046 over 74 frames.
TE0390-TE0392_2-B.186 అవునా 
LOG (gmm-latgen-faster[5.5.1009~1-e4940]:DecodeUtteranceLatticeFaster():decoder-wrappers.cc:375) Log-like per frame for utterance TE0390-TE0392_2-B.186 is -3.08082 over 87 frames.
TE0390-TE0392_2-B.209 ఆ ఇంకా ఏం చేస్తావు మరి 
LOG (gmm-latgen-faster[5.5.1009~1-e4940]:DecodeUtteranceLatticeFaster():decoder-wrappers.cc:375) Log-like per frame for utterance TE0390-TE0392_2-B.209 is -3.53952 over 208 frames.
TE0390-TE0392_2-B.227 ఆహా ఇంకా చెప్పుఅన్నయ 
LOG (gmm-latgen-faster[5.5.1009~1-e4940]:DecodeUtteranceLatticeFaster():decoder-wrappers.cc:375) Log-like per frame for utterance TE0390-TE0392_2-B.227 is -3.65592 over 172 frames.
TE0390-TE0392_2-B.257 ఎందుకు 
LOG (gmm-latgen-faster[5.5.1009~1-e4940]:DecodeUtteranceLatticeFaster():decoder-wrappers.cc:375) Log-like per frame for utterance TE0390-TE0392_2-B.257 is -3.65181 over 69 frames.
TE0390-TE0392_2-B.271 మొత్తం తిరుగుతారా 
LOG (gmm-latgen-faster[5.5.1009~1-e4940]:DecodeUtteranceLatticeFaster():decoder-wrappers.cc:375) Log-like per frame for utterance TE0390-TE0392_2-B.271 is -3.56055 over 131 frames.
TE0390-TE0392_2-B.273 ఇంకా 
LOG (gmm-latgen-faster[5.5.1009~1-e4940]:DecodeUtteranceLatticeFaster():decoder-wrappers.cc:375) Log-like per frame for utterance TE0390-TE0392_2-B.273 is -3.19446 over 68 frames.
TE0390-TE0392_2-B.277 అవునా 
LOG (gmm-latgen-faster[5.5.1009~1-e4940]:DecodeUtteranceLatticeFaster():decoder-wrappers.cc:375) Log-like per frame for utterance TE0390-TE0392_2-B.277 is -2.90405 over 78 frames.
TE0390-TE0392_2-B.309 ఎందుకు 
LOG (gmm-latgen-faster[5.5.1009~1-e4940]:DecodeUtteranceLatticeFaster():decoder-wrappers.cc:375) Log-like per frame for utterance TE0390-TE0392_2-B.309 is -3.51019 over 71 frames.
TE0390-TE0392_2-B.393 నువ్వే చెప్పాలి 
LOG (gmm-latgen-faster[5.5.1009~1-e4940]:DecodeUtteranceLatticeFaster():decoder-wrappers.cc:375) Log-like per frame for utterance TE0390-TE0392_2-B.393 is -3.97157 over 102 frames.
TE0391-TE0392_1-A.010 ఆ అమ్మాయికీ 
LOG (gmm-latgen-faster[5.5.1009~1-e4940]:DecodeUtteranceLatticeFaster():decoder-wrappers.cc:375) Log-like per frame for utterance TE0391-TE0392_1-A.010 is -3.5959 over 128 frames.
TE0391-TE0392_1-A.032 ఇప్పుడు ప్రస్తుతానికి ఆ అమ్మాయిని ఇంకా 
LOG (gmm-latgen-faster[5.5.1009~1-e4940]:DecodeUtteranceLatticeFaster():decoder-wrappers.cc:375) Log-like per frame for utterance TE0391-TE0392_1-A.032 is -3.68631 over 258 frames.
TE0391-TE0392_1-A.037 లేదు ఎందుకంటే 
LOG (gmm-latgen-faster[5.5.1009~1-e4940]:DecodeUtteranceLatticeFaster():decoder-wrappers.cc:375) Log-like per frame for utterance TE0391-TE0392_1-A.037 is -3.6188 over 149 frames.
TE0391-TE0392_1-A.051 చెప్పాలంటే 
LOG (gmm-latgen-faster[5.5.1009~1-e4940]:DecodeUtteranceLatticeFaster():decoder-wrappers.cc:375) Log-like per frame for utterance TE0391-TE0392_1-A.051 is -4.10026 over 83 frames.
TE0391-TE0392_1-A.098 వెయ్యలేదు 
LOG (gmm-latgen-faster[5.5.1009~1-e4940]:DecodeUtteranceLatticeFaster():decoder-wrappers.cc:375) Log-like per frame for utterance TE0391-TE0392_1-A.098 is -3.48335 over 91 frames.
TE0391-TE0392_1-A.112 ఇంకా 
LOG (gmm-latgen-faster[5.5.1009~1-e4940]:DecodeUtteranceLatticeFaster():decoder-wrappers.cc:375) Log-like per frame for utterance TE0391-TE0392_1-A.112 is -3.70691 over 126 frames.
TE0391-TE0392_1-A.142 బజ్జీలు 
LOG (gmm-latgen-faster[5.5.1009~1-e4940]:DecodeUtteranceLatticeFaster():decoder-wrappers.cc:375) Log-like per frame for utterance TE0391-TE0392_1-A.142 is -4.22088 over 84 frames.
TE0391-TE0392_1-A.158 కాని అల్లు అర్జున్ అంటే నాకు ఎంత ఇష్టమో 
LOG (gmm-latgen-faster[5.5.1009~1-e4940]:DecodeUtteranceLatticeFaster():decoder-wrappers.cc:375) Log-like per frame for utterance TE0391-TE0392_1-A.158 is -4.25772 over 198 frames.
TE0391-TE0392_1-A.166 హ అడిగాను అడిగి 
LOG (gmm-latgen-faster[5.5.1009~1-e4940]:DecodeUtteranceLatticeFaster():decoder-wrappers.cc:375) Log-like per frame for utterance TE0391-TE0392_1-A.166 is -3.47462 over 197 frames.
TE0391-TE0392_1-A.170 అది వచ్చి వెళ్ళిపోయింది కూడా 
LOG (gmm-latgen-faster[5.5.1009~1-e4940]:DecodeUtteranceLatticeFaster():decoder-wrappers.cc:375) Log-like per frame for utterance TE0391-TE0392_1-A.170 is -4.0243 over 131 frames.
TE0391-TE0392_1-A.174 ఆయన్ని అడిగి 
LOG (gmm-latgen-faster[5.5.1009~1-e4940]:DecodeUtteranceLatticeFaster():decoder-wrappers.cc:375) Log-like per frame for utterance TE0391-TE0392_1-A.174 is -3.55276 over 158 frames.
TE0391-TE0392_1-A.183 అంతేనా 
LOG (gmm-latgen-faster[5.5.1009~1-e4940]:DecodeUtteranceLatticeFaster():decoder-wrappers.cc:375) Log-like per frame for utterance TE0391-TE0392_1-A.183 is -3.27866 over 109 frames.
TE0391-TE0392_1-A.185 అప్పుడూ 
LOG (gmm-latgen-faster[5.5.1009~1-e4940]:DecodeUtteranceLatticeFaster():decoder-wrappers.cc:375) Log-like per frame for utterance TE0391-TE0392_1-A.185 is -2.78366 over 110 frames.
TE0391-TE0392_1-A.191 బావుంది కదా 
LOG (gmm-latgen-faster[5.5.1009~1-e4940]:DecodeUtteranceLatticeFaster():decoder-wrappers.cc:375) Log-like per frame for utterance TE0391-TE0392_1-A.191 is -3.67466 over 118 frames.
TE0391-TE0392_1-A.212 ఏ ఎందుకివ్వరు 
LOG (gmm-latgen-faster[5.5.1009~1-e4940]:DecodeUtteranceLatticeFaster():decoder-wrappers.cc:375) Log-like per frame for utterance TE0391-TE0392_1-A.212 is -3.6932 over 146 frames.
TE0391-TE0392_1-A.218 నాకేం ఏం తెలీదు 
LOG (gmm-latgen-faster[5.5.1009~1-e4940]:DecodeUtteranceLatticeFaster():decoder-wrappers.cc:375) Log-like per frame for utterance TE0391-TE0392_1-A.218 is -3.70042 over 133 frames.
TE0391-TE0392_1-A.227 బావుంటదా అసలు 
LOG (gmm-latgen-faster[5.5.1009~1-e4940]:DecodeUtteranceLatticeFaster():decoder-wrappers.cc:375) Log-like per frame for utterance TE0391-TE0392_1-A.227 is -3.579 over 123 frames.
TE0391-TE0392_1-A.233 ఎలా చేశారు 
LOG (gmm-latgen-faster[5.5.1009~1-e4940]:DecodeUtteranceLatticeFaster():decoder-wrappers.cc:375) Log-like per frame for utterance TE0391-TE0392_1-A.233 is -4.24185 over 113 frames.
TE0391-TE0392_1-A.239 అందరూ కలిసి అందరూ 
LOG (gmm-latgen-faster[5.5.1009~1-e4940]:DecodeUtteranceLatticeFaster():decoder-wrappers.cc:375) Log-like per frame for utterance TE0391-TE0392_1-A.239 is -3.53342 over 204 frames.
TE0391-TE0392_1-A.249 అప్పుడు బావుంటాయ్ 
LOG (gmm-latgen-faster[5.5.1009~1-e4940]:DecodeUtteranceLatticeFaster():decoder-wrappers.cc:375) Log-like per frame for utterance TE0391-TE0392_1-A.249 is -3.89038 over 104 frames.
TE0391-TE0392_1-A.257 అవునా 
LOG (gmm-latgen-faster[5.5.1009~1-e4940]:DecodeUtteranceLatticeFaster():decoder-wrappers.cc:375) Log-like per frame for utterance TE0391-TE0392_1-A.257 is -3.81713 over 92 frames.
TE0391-TE0392_1-A.284 చెప్పు 
LOG (gmm-latgen-faster[5.5.1009~1-e4940]:DecodeUtteranceLatticeFaster():decoder-wrappers.cc:375) Log-like per frame for utterance TE0391-TE0392_1-A.284 is -3.89112 over 78 frames.
TE0391-TE0392_1-A.286 ఏం చెప్పను ఇంకా 
LOG (gmm-latgen-faster[5.5.1009~1-e4940]:DecodeUtteranceLatticeFaster():decoder-wrappers.cc:375) Log-like per frame for utterance TE0391-TE0392_1-A.286 is -3.61076 over 158 frames.
TE0391-TE0392_1-A.294 అవునా 
LOG (gmm-latgen-faster[5.5.1009~1-e4940]:DecodeUtteranceLatticeFaster():decoder-wrappers.cc:375) Log-like per frame for utterance TE0391-TE0392_1-A.294 is -3.6416 over 62 frames.
TE0391-TE0392_1-A.300 వాళ్ళు చెప్పారు 
LOG (gmm-latgen-faster[5.5.1009~1-e4940]:DecodeUtteranceLatticeFaster():decoder-wrappers.cc:375) Log-like per frame for utterance TE0391-TE0392_1-A.300 is -3.55907 over 84 frames.
TE0391-TE0392_1-A.343 బాగా 
LOG (gmm-latgen-faster[5.5.1009~1-e4940]:DecodeUtteranceLatticeFaster():decoder-wrappers.cc:375) Log-like per frame for utterance TE0391-TE0392_1-A.343 is -2.87044 over 119 frames.
TE0391-TE0392_1-A.371 వాళ్ళని అతనిని పెళ్లి చేసుకుందంట చేసుకుంటే 
LOG (gmm-latgen-faster[5.5.1009~1-e4940]:DecodeUtteranceLatticeFaster():decoder-wrappers.cc:375) Log-like per frame for utterance TE0391-TE0392_1-A.371 is -3.87625 over 341 frames.
TE0391-TE0392_1-A.377 చేస్తే 
LOG (gmm-latgen-faster[5.5.1009~1-e4940]:DecodeUtteranceLatticeFaster():decoder-wrappers.cc:375) Log-like per frame for utterance TE0391-TE0392_1-A.377 is -3.31723 over 89 frames.
TE0391-TE0392_1-A.387 బాగా డబ్బులు సంపాదించుకోవచ్చు అన్నారంట 
LOG (gmm-latgen-faster[5.5.1009~1-e4940]:DecodeUtteranceLatticeFaster():decoder-wrappers.cc:375) Log-like per frame for utterance TE0391-TE0392_1-A.387 is -3.86215 over 249 frames.
TE0391-TE0392_1-A.396 డబ్బు 
LOG (gmm-latgen-faster[5.5.1009~1-e4940]:DecodeUtteranceLatticeFaster():decoder-wrappers.cc:375) Log-like per frame for utterance TE0391-TE0392_1-A.396 is -3.92572 over 72 frames.
TE0391-TE0392_1-A.398 తెలీదు 
LOG (gmm-latgen-faster[5.5.1009~1-e4940]:DecodeUtteranceLatticeFaster():decoder-wrappers.cc:375) Log-like per frame for utterance TE0391-TE0392_1-A.398 is -3.98519 over 92 frames.
TE0391-TE0392_1-A.401 నకిలాగా డబ్బు దొరికింది ఏం చేద్దాం అనేసి 
LOG (gmm-latgen-faster[5.5.1009~1-e4940]:DecodeUtteranceLatticeFaster():decoder-wrappers.cc:375) Log-like per frame for utterance TE0391-TE0392_1-A.401 is -3.61552 over 296 frames.
TE0391-TE0392_1-A.403 అంటే 
LOG (gmm-latgen-faster[5.5.1009~1-e4940]:DecodeUtteranceLatticeFaster():decoder-wrappers.cc:375) Log-like per frame for utterance TE0391-TE0392_1-A.403 is -3.57766 over 68 frames.
TE0391-TE0392_1-A.411 కట్టుకున్న తర్వాత ఆ ఇంట్లోని ఎలా ఉండొచ్చు అనేసి 
LOG (gmm-latgen-faster[5.5.1009~1-e4940]:DecodeUtteranceLatticeFaster():decoder-wrappers.cc:375) Log-like per frame for utterance TE0391-TE0392_1-A.411 is -3.77011 over 422 frames.
TE0391-TE0392_1-A.414 చేసుకొని 
LOG (gmm-latgen-faster[5.5.1009~1-e4940]:DecodeUtteranceLatticeFaster():decoder-wrappers.cc:375) Log-like per frame for utterance TE0391-TE0392_1-A.414 is -3.57909 over 106 frames.
TE0391-TE0392_1-A.420 అనేసి అన్నారంట 
LOG (gmm-latgen-faster[5.5.1009~1-e4940]:DecodeUtteranceLatticeFaster():decoder-wrappers.cc:375) Log-like per frame for utterance TE0391-TE0392_1-A.420 is -4.20892 over 111 frames.
TE0391-TE0392_1-A.422 తర్వాత 
LOG (gmm-latgen-faster[5.5.1009~1-e4940]:DecodeUtteranceLatticeFaster():decoder-wrappers.cc:375) Log-like per frame for utterance TE0391-TE0392_1-A.422 is -3.39605 over 113 frames.
TE0391-TE0392_1-A.429 అయితే 
LOG (gmm-latgen-faster[5.5.1009~1-e4940]:DecodeUtteranceLatticeFaster():decoder-wrappers.cc:375) Log-like per frame for utterance TE0391-TE0392_1-A.429 is -3.18987 over 86 frames.
TE0391-TE0392_1-A.431 అయితే సరే ని ఇష్టం అనేసి 
LOG (gmm-latgen-faster[5.5.1009~1-e4940]:DecodeUtteranceLatticeFaster():decoder-wrappers.cc:375) Log-like per frame for utterance TE0391-TE0392_1-A.431 is -4.22386 over 235 frames.
TE0391-TE0392_1-A.433 అ డబ్బులు దాచుకుని డబ్బులుని ఇంకా రెట్టింపు చేయడానికి ప్రయత్నిస్తూ అలాగా 
LOG (gmm-latgen-faster[5.5.1009~1-e4940]:DecodeUtteranceLatticeFaster():decoder-wrappers.cc:375) Log-like per frame for utterance TE0391-TE0392_1-A.433 is -3.816 over 571 frames.
TE0391-TE0392_1-A.436 సంపాదిస్తే 
LOG (gmm-latgen-faster[5.5.1009~1-e4940]:DecodeUtteranceLatticeFaster():decoder-wrappers.cc:375) Log-like per frame for utterance TE0391-TE0392_1-A.436 is -3.66389 over 112 frames.
TE0391-TE0392_1-A.438 వాళ్ళు ఇప్పుడు అయితే ప్రస్తుతానికి చాలా డబ్బున్దేవాళ్ళు అయిపోయారు 
LOG (gmm-latgen-faster[5.5.1009~1-e4940]:DecodeUtteranceLatticeFaster():decoder-wrappers.cc:375) Log-like per frame for utterance TE0391-TE0392_1-A.438 is -3.97805 over 341 frames.
TE0391-TE0392_1-A.441 అనేది కట్టారు 
LOG (gmm-latgen-faster[5.5.1009~1-e4940]:DecodeUtteranceLatticeFaster():decoder-wrappers.cc:375) Log-like per frame for utterance TE0391-TE0392_1-A.441 is -4.39602 over 109 frames.
TE0391-TE0392_1-A.451 కోపంగా ఉండి ఎవరితోటి మాట్లాడకుండా 
LOG (gmm-latgen-faster[5.5.1009~1-e4940]:DecodeUtteranceLatticeFaster():decoder-wrappers.cc:375) Log-like per frame for utterance TE0391-TE0392_1-A.451 is -3.81954 over 329 frames.
TE0391-TE0392_1-A.459 పిల్లలా 
LOG (gmm-latgen-faster[5.5.1009~1-e4940]:DecodeUtteranceLatticeFaster():decoder-wrappers.cc:375) Log-like per frame for utterance TE0391-TE0392_1-A.459 is -3.61558 over 74 frames.
TE0391-TE0392_1-A.461 వాళ్ల అమ్మ దగ్గరే ఉన్నారు 
LOG (gmm-latgen-faster[5.5.1009~1-e4940]:DecodeUtteranceLatticeFaster():decoder-wrappers.cc:375) Log-like per frame for utterance TE0391-TE0392_1-A.461 is -3.78692 over 118 frames.
TE0391-TE0392_1-A.475 అలా 
LOG (gmm-latgen-faster[5.5.1009~1-e4940]:DecodeUtteranceLatticeFaster():decoder-wrappers.cc:375) Log-like per frame for utterance TE0391-TE0392_1-A.475 is -3.27683 over 77 frames.
TE0391-TE0392_1-A.496 వీళ్ళు కోపంగా ఉంటారు 
LOG (gmm-latgen-faster[5.5.1009~1-e4940]:DecodeUtteranceLatticeFaster():decoder-wrappers.cc:375) Log-like per frame for utterance TE0391-TE0392_1-A.496 is -3.76141 over 154 frames.
TE0391-TE0392_1-A.500 ఒప్పుకోరు 
LOG (gmm-latgen-faster[5.5.1009~1-e4940]:DecodeUtteranceLatticeFaster():decoder-wrappers.cc:375) Log-like per frame for utterance TE0391-TE0392_1-A.500 is -4.04384 over 78 frames.
TE0391-TE0392_1-A.511 అప్పుడు చేస్తారు 
LOG (gmm-latgen-faster[5.5.1009~1-e4940]:DecodeUtteranceLatticeFaster():decoder-wrappers.cc:375) Log-like per frame for utterance TE0391-TE0392_1-A.511 is -3.46247 over 134 frames.
TE0391-TE0392_1-A.517 చదువుకోవాలి 
LOG (gmm-latgen-faster[5.5.1009~1-e4940]:DecodeUtteranceLatticeFaster():decoder-wrappers.cc:375) Log-like per frame for utterance TE0391-TE0392_1-A.517 is -3.36297 over 111 frames.
TE0391-TE0392_1-A.525 కట్టుకోవాలి 
LOG (gmm-latgen-faster[5.5.1009~1-e4940]:DecodeUtteranceLatticeFaster():decoder-wrappers.cc:375) Log-like per frame for utterance TE0391-TE0392_1-A.525 is -3.74958 over 96 frames.
TE0391-TE0392_1-B.014 మరి పాప బతికే ఉందా 
LOG (gmm-latgen-faster[5.5.1009~1-e4940]:DecodeUtteranceLatticeFaster():decoder-wrappers.cc:375) Log-like per frame for utterance TE0391-TE0392_1-B.014 is -3.83878 over 159 frames.
TE0391-TE0392_1-B.044 తీస్కెల్లారా ఏమైంది 
LOG (gmm-latgen-faster[5.5.1009~1-e4940]:DecodeUtteranceLatticeFaster():decoder-wrappers.cc:375) Log-like per frame for utterance TE0391-TE0392_1-B.044 is -3.66186 over 139 frames.
TE0391-TE0392_1-B.048 ఆహా ఇంకా 
LOG (gmm-latgen-faster[5.5.1009~1-e4940]:DecodeUtteranceLatticeFaster():decoder-wrappers.cc:375) Log-like per frame for utterance TE0391-TE0392_1-B.048 is -3.19414 over 126 frames.
TE0391-TE0392_1-B.054 అంటే 
LOG (gmm-latgen-faster[5.5.1009~1-e4940]:DecodeUtteranceLatticeFaster():decoder-wrappers.cc:375) Log-like per frame for utterance TE0391-TE0392_1-B.054 is -3.79337 over 51 frames.
TE0391-TE0392_1-B.064 నవ్వక చెప్పు 
LOG (gmm-latgen-faster[5.5.1009~1-e4940]:DecodeUtteranceLatticeFaster():decoder-wrappers.cc:375) Log-like per frame for utterance TE0391-TE0392_1-B.064 is -3.96403 over 99 frames.
TE0391-TE0392_1-B.066 ఏదో చెప్పు 
LOG (gmm-latgen-faster[5.5.1009~1-e4940]:DecodeUtteranceLatticeFaster():decoder-wrappers.cc:375) Log-like per frame for utterance TE0391-TE0392_1-B.066 is -3.92856 over 77 frames.
TE0391-TE0392_1-B.096 ఏమన్నారో 
LOG (gmm-latgen-faster[5.5.1009~1-e4940]:DecodeUtteranceLatticeFaster():decoder-wrappers.cc:375) Log-like per frame for utterance TE0391-TE0392_1-B.096 is -3.50942 over 88 frames.
TE0391-TE0392_1-B.126 ఇంకా చెప్పు 
LOG (gmm-latgen-faster[5.5.1009~1-e4940]:DecodeUtteranceLatticeFaster():decoder-wrappers.cc:375) Log-like per frame for utterance TE0391-TE0392_1-B.126 is -3.7055 over 88 frames.
TE0391-TE0392_1-B.137 ఇంట్లో ఇవ్వరు 
LOG (gmm-latgen-faster[5.5.1009~1-e4940]:DecodeUtteranceLatticeFaster():decoder-wrappers.cc:375) Log-like per frame for utterance TE0391-TE0392_1-B.137 is -3.51665 over 99 frames.
TE0391-TE0392_1-B.171 మీరు 
LOG (gmm-latgen-faster[5.5.1009~1-e4940]:DecodeUtteranceLatticeFaster():decoder-wrappers.cc:375) Log-like per frame for utterance TE0391-TE0392_1-B.171 is -3.65748 over 67 frames.
TE0391-TE0392_1-B.179 మీది 
LOG (gmm-latgen-faster[5.5.1009~1-e4940]:DecodeUtteranceLatticeFaster():decoder-wrappers.cc:375) Log-like per frame for utterance TE0391-TE0392_1-B.179 is -3.4641 over 69 frames.
TE0391-TE0392_1-B.181 ఎందుకు 
LOG (gmm-latgen-faster[5.5.1009~1-e4940]:DecodeUtteranceLatticeFaster():decoder-wrappers.cc:375) Log-like per frame for utterance TE0391-TE0392_1-B.181 is -3.69332 over 76 frames.
TE0391-TE0392_1-B.182 ఎందుకు రారు 
LOG (gmm-latgen-faster[5.5.1009~1-e4940]:DecodeUtteranceLatticeFaster():decoder-wrappers.cc:375) Log-like per frame for utterance TE0391-TE0392_1-B.182 is -3.41525 over 99 frames.
TE0391-TE0392_1-B.197 ఇంకా 
LOG (gmm-latgen-faster[5.5.1009~1-e4940]:DecodeUtteranceLatticeFaster():decoder-wrappers.cc:375) Log-like per frame for utterance TE0391-TE0392_1-B.197 is -3.2774 over 53 frames.
LOG (apply-cmvn[5.5.1009~1-e4940]:main():apply-cmvn.cc:162) Applied cepstral mean normalization to 416 utterances, errors on 0
TE0391-TE0392_1-B.199 నీకు తెలిసిందే చెప్పు 
LOG (gmm-latgen-faster[5.5.1009~1-e4940]:DecodeUtteranceLatticeFaster():decoder-wrappers.cc:375) Log-like per frame for utterance TE0391-TE0392_1-B.199 is -4.11679 over 124 frames.
TE0391-TE0392_1-B.213 తర్వాత చెప్పు 
LOG (gmm-latgen-faster[5.5.1009~1-e4940]:DecodeUtteranceLatticeFaster():decoder-wrappers.cc:375) Log-like per frame for utterance TE0391-TE0392_1-B.213 is -3.73193 over 116 frames.
TE0391-TE0392_1-B.252 చెప్పు 
LOG (gmm-latgen-faster[5.5.1009~1-e4940]:DecodeUtteranceLatticeFaster():decoder-wrappers.cc:375) Log-like per frame for utterance TE0391-TE0392_1-B.252 is -3.27184 over 66 frames.
TE0391-TE0392_1-B.258 ఇంకా 
LOG (gmm-latgen-faster[5.5.1009~1-e4940]:DecodeUtteranceLatticeFaster():decoder-wrappers.cc:375) Log-like per frame for utterance TE0391-TE0392_1-B.258 is -3.47704 over 81 frames.
TE0391-TE0392_1-B.292 ఎందుకు 
LOG (gmm-latgen-faster[5.5.1009~1-e4940]:DecodeUtteranceLatticeFaster():decoder-wrappers.cc:375) Log-like per frame for utterance TE0391-TE0392_1-B.292 is -3.37127 over 78 frames.
TE0391-TE0392_1-B.296 ఎందుకు 
LOG (gmm-latgen-faster[5.5.1009~1-e4940]:DecodeUtteranceLatticeFaster():decoder-wrappers.cc:375) Log-like per frame for utterance TE0391-TE0392_1-B.296 is -3.4147 over 61 frames.
TE0391-TE0392_1-B.302 ఇంకా 
LOG (gmm-latgen-faster[5.5.1009~1-e4940]:DecodeUtteranceLatticeFaster():decoder-wrappers.cc:375) Log-like per frame for utterance TE0391-TE0392_1-B.302 is -3.37234 over 62 frames.
TE0391-TE0392_2-A.006 ఏంటి విశేషాలు ఇప్పుడు 
LOG (gmm-latgen-faster[5.5.1009~1-e4940]:DecodeUtteranceLatticeFaster():decoder-wrappers.cc:375) Log-like per frame for utterance TE0391-TE0392_2-A.006 is -3.62959 over 132 frames.
TE0391-TE0392_2-A.014 నువ్వేం చేస్తున్నావ్ 
LOG (gmm-latgen-faster[5.5.1009~1-e4940]:DecodeUtteranceLatticeFaster():decoder-wrappers.cc:375) Log-like per frame for utterance TE0391-TE0392_2-A.014 is -3.98109 over 97 frames.
TE0391-TE0392_2-A.024 ఏం చేస్తాం ఇంకా 
LOG (gmm-latgen-faster[5.5.1009~1-e4940]:DecodeUtteranceLatticeFaster():decoder-wrappers.cc:375) Log-like per frame for utterance TE0391-TE0392_2-A.024 is -3.72199 over 169 frames.
TE0391-TE0392_2-A.028 నువ్వు చెప్పు నువ్వేం చేస్తున్నావ్ 
LOG (gmm-latgen-faster[5.5.1009~1-e4940]:DecodeUtteranceLatticeFaster():decoder-wrappers.cc:375) Log-like per frame for utterance TE0391-TE0392_2-A.028 is -3.89659 over 131 frames.
TE0391-TE0392_2-A.046 ఎందుకు 
LOG (gmm-latgen-faster[5.5.1009~1-e4940]:DecodeUtteranceLatticeFaster():decoder-wrappers.cc:375) Log-like per frame for utterance TE0391-TE0392_2-A.046 is -4.37467 over 68 frames.
TE0391-TE0392_2-A.050 ఎందుకు 
LOG (gmm-latgen-faster[5.5.1009~1-e4940]:DecodeUtteranceLatticeFaster():decoder-wrappers.cc:375) Log-like per frame for utterance TE0391-TE0392_2-A.050 is -4.20526 over 69 frames.
TE0391-TE0392_2-A.052 అబ్బో 
LOG (gmm-latgen-faster[5.5.1009~1-e4940]:DecodeUtteranceLatticeFaster():decoder-wrappers.cc:375) Log-like per frame for utterance TE0391-TE0392_2-A.052 is -3.50693 over 86 frames.
TE0391-TE0392_2-A.068 చూడ్లేదు ఇంకా 
LOG (gmm-latgen-faster[5.5.1009~1-e4940]:DecodeUtteranceLatticeFaster():decoder-wrappers.cc:375) Log-like per frame for utterance TE0391-TE0392_2-A.068 is -4.08415 over 99 frames.
LOG (transform-feats[5.5.1009~1-e4940]:main():transform-feats.cc:158) Overall average [pseudo-]logdet is -98.9864 over 61311 frames.
LOG (transform-feats[5.5.1009~1-e4940]:main():transform-feats.cc:161) Applied transform to 416 utterances; 0 had errors.
TE0391-TE0392_2-A.090 ఏదైనా పరువాలేదు 
LOG (gmm-latgen-faster[5.5.1009~1-e4940]:DecodeUtteranceLatticeFaster():decoder-wrappers.cc:375) Log-like per frame for utterance TE0391-TE0392_2-A.090 is -3.62309 over 146 frames.
TE0391-TE0392_2-A.094 నమ్మకం 
LOG (gmm-latgen-faster[5.5.1009~1-e4940]:DecodeUtteranceLatticeFaster():decoder-wrappers.cc:375) Log-like per frame for utterance TE0391-TE0392_2-A.094 is -4.0538 over 75 frames.
TE0391-TE0392_2-A.096 ఏం చెప్తం 
LOG (gmm-latgen-faster[5.5.1009~1-e4940]:DecodeUtteranceLatticeFaster():decoder-wrappers.cc:375) Log-like per frame for utterance TE0391-TE0392_2-A.096 is -3.72052 over 114 frames.
TE0391-TE0392_2-A.114 నువ్వు చూసావా 
LOG (gmm-latgen-faster[5.5.1009~1-e4940]:DecodeUtteranceLatticeFaster():decoder-wrappers.cc:375) Log-like per frame for utterance TE0391-TE0392_2-A.114 is -3.80175 over 113 frames.
LOG (transform-feats[5.5.1009~1-e4940]:main():transform-feats.cc:158) Overall average logdet is 0.301256 over 61311 frames.
LOG (transform-feats[5.5.1009~1-e4940]:main():transform-feats.cc:161) Applied transform to 416 utterances; 0 had errors.
TE0391-TE0392_2-A.116 ఒకవేళ వెళ్తే ఏం చేస్తావ్ అక్కడా 
LOG (gmm-latgen-faster[5.5.1009~1-e4940]:DecodeUtteranceLatticeFaster():decoder-wrappers.cc:375) Log-like per frame for utterance TE0391-TE0392_2-A.116 is -3.98268 over 200 frames.
TE0391-TE0392_2-A.134 ఇంట్లో ఉంటారు 
LOG (gmm-latgen-faster[5.5.1009~1-e4940]:DecodeUtteranceLatticeFaster():decoder-wrappers.cc:375) Log-like per frame for utterance TE0391-TE0392_2-A.134 is -3.9841 over 101 frames.
TE0391-TE0392_2-A.136 అవును 
LOG (gmm-latgen-faster[5.5.1009~1-e4940]:DecodeUtteranceLatticeFaster():decoder-wrappers.cc:375) Log-like per frame for utterance TE0391-TE0392_2-A.136 is -3.23 over 72 frames.
TE0391-TE0392_2-A.142 కాలిగా ఇంట్లో ఉన్నా 
LOG (gmm-latgen-faster[5.5.1009~1-e4940]:DecodeUtteranceLatticeFaster():decoder-wrappers.cc:375) Log-like per frame for utterance TE0391-TE0392_2-A.142 is -3.45152 over 148 frames.
LOG (gmm-latgen-faster[5.5.1009~1-e4940]:main():gmm-latgen-faster.cc:176) Time taken 142.759s: real-time factor assuming 100 frames/sec is 0.232844
LOG (gmm-latgen-faster[5.5.1009~1-e4940]:main():gmm-latgen-faster.cc:179) Done 416 utterances, failed for 0
LOG (gmm-latgen-faster[5.5.1009~1-e4940]:main():gmm-latgen-faster.cc:181) Overall log-likelihood per frame is -3.86097 over 61311 frames.
# Accounting: time=142 threads=1
# Ended (code 0) at Tue Jun 14 09:31:02 UTC 2022, elapsed time 142 seconds
