# lattice-depth-per-frame "ark:gunzip -c telugu_exp/tri3_cleaned_work/lats/lat.97.gz|" "ark,t:|gzip -c > telugu_exp/tri3_cleaned_work/lats/depth_tmp.97.gz" ark:- | lattice-best-path --acoustic-scale=0.1 ark:- ark:/dev/null "ark,t:|gzip -c >telugu_exp/tri3_cleaned_work/lats/ali_tmp.97.gz" 
# Started at Tue Jun 14 09:45:22 UTC 2022
#
lattice-best-path --acoustic-scale=0.1 ark:- ark:/dev/null 'ark,t:|gzip -c >telugu_exp/tri3_cleaned_work/lats/ali_tmp.97.gz' 
lattice-depth-per-frame 'ark:gunzip -c telugu_exp/tri3_cleaned_work/lats/lat.97.gz|' 'ark,t:|gzip -c > telugu_exp/tri3_cleaned_work/lats/depth_tmp.97.gz' ark:- 
LOG (lattice-best-path[5.5.1009~1-e4940]:main():lattice-best-path.cc:99) For utterance tef_06566_00009746634, best cost 15.18 + 1247.27 = 1262.45 over 288 frames.
LOG (lattice-best-path[5.5.1009~1-e4940]:main():lattice-best-path.cc:99) For utterance tef_06566_00085410755, best cost 17.1385 + 1641.22 = 1658.36 over 356 frames.
LOG (lattice-best-path[5.5.1009~1-e4940]:main():lattice-best-path.cc:99) For utterance tef_06566_00135743838, best cost 19.0751 + 1693.69 = 1712.77 over 365 frames.
LOG (lattice-best-path[5.5.1009~1-e4940]:main():lattice-best-path.cc:99) For utterance tef_06566_00162016295, best cost 18.4032 + 1462.9 = 1481.3 over 331 frames.
LOG (lattice-best-path[5.5.1009~1-e4940]:main():lattice-best-path.cc:99) For utterance tef_06566_00168775773, best cost 19.9223 + 1464.34 = 1484.26 over 322 frames.
LOG (lattice-best-path[5.5.1009~1-e4940]:main():lattice-best-path.cc:99) For utterance tef_06566_00209669558, best cost 26.3646 + 2396.62 = 2422.99 over 527 frames.
LOG (lattice-best-path[5.5.1009~1-e4940]:main():lattice-best-path.cc:99) For utterance tef_06566_00263346536, best cost 17.6081 + 1361.59 = 1379.2 over 305 frames.
LOG (lattice-best-path[5.5.1009~1-e4940]:main():lattice-best-path.cc:99) For utterance tef_06566_00308875287, best cost 36.2921 + 1827.71 = 1864.01 over 365 frames.
LOG (lattice-best-path[5.5.1009~1-e4940]:main():lattice-best-path.cc:99) For utterance tef_06566_00336974713, best cost 20.0637 + 1835.92 = 1855.98 over 391 frames.
LOG (lattice-best-path[5.5.1009~1-e4940]:main():lattice-best-path.cc:99) For utterance tef_06566_00486797727, best cost 28.02 + 2503.09 = 2531.11 over 527 frames.
LOG (lattice-best-path[5.5.1009~1-e4940]:main():lattice-best-path.cc:99) For utterance tef_06566_00549404096, best cost 10.5798 + 1055.23 = 1065.81 over 228 frames.
LOG (lattice-best-path[5.5.1009~1-e4940]:main():lattice-best-path.cc:99) For utterance tef_06566_00552455941, best cost 21.2798 + 1719.22 = 1740.5 over 373 frames.
LOG (lattice-best-path[5.5.1009~1-e4940]:main():lattice-best-path.cc:99) For utterance tef_06566_00555417377, best cost 28.33 + 2253.57 = 2281.9 over 501 frames.
LOG (lattice-best-path[5.5.1009~1-e4940]:main():lattice-best-path.cc:99) For utterance tef_06566_00570701779, best cost 15.2614 + 1100.31 = 1115.57 over 237 frames.
LOG (lattice-best-path[5.5.1009~1-e4940]:main():lattice-best-path.cc:99) For utterance tef_06566_00581053531, best cost 13.8107 + 1290.02 = 1303.83 over 280 frames.
LOG (lattice-best-path[5.5.1009~1-e4940]:main():lattice-best-path.cc:99) For utterance tef_06566_00634530518, best cost 18.2434 + 1620.25 = 1638.49 over 348 frames.
LOG (lattice-best-path[5.5.1009~1-e4940]:main():lattice-best-path.cc:99) For utterance tef_06566_00744812899, best cost 28.0267 + 1880.11 = 1908.13 over 408 frames.
LOG (lattice-best-path[5.5.1009~1-e4940]:main():lattice-best-path.cc:99) For utterance tef_06566_00757226324, best cost 20.0435 + 1496.51 = 1516.56 over 314 frames.
LOG (lattice-best-path[5.5.1009~1-e4940]:main():lattice-best-path.cc:99) For utterance tef_06566_00759656718, best cost 21.1441 + 1498.51 = 1519.66 over 339 frames.
LOG (lattice-best-path[5.5.1009~1-e4940]:main():lattice-best-path.cc:99) For utterance tef_06566_00831154041, best cost 13.3115 + 979.668 = 992.98 over 228 frames.
LOG (lattice-best-path[5.5.1009~1-e4940]:main():lattice-best-path.cc:99) For utterance tef_06566_00840128145, best cost 20.2615 + 1757.34 = 1777.6 over 373 frames.
LOG (lattice-best-path[5.5.1009~1-e4940]:main():lattice-best-path.cc:99) For utterance tef_06566_00885005806, best cost 16.3505 + 1544.68 = 1561.03 over 339 frames.
LOG (lattice-best-path[5.5.1009~1-e4940]:main():lattice-best-path.cc:99) For utterance tef_06566_00937825583, best cost 15.167 + 1339.77 = 1354.93 over 297 frames.
LOG (lattice-best-path[5.5.1009~1-e4940]:main():lattice-best-path.cc:99) For utterance tef_06566_01011928172, best cost 25.1779 + 1906.06 = 1931.24 over 442 frames.
LOG (lattice-best-path[5.5.1009~1-e4940]:main():lattice-best-path.cc:99) For utterance tef_06566_01078230240, best cost 21.656 + 1496.52 = 1518.17 over 339 frames.
LOG (lattice-best-path[5.5.1009~1-e4940]:main():lattice-best-path.cc:99) For utterance tef_06566_01101987997, best cost 13.2929 + 970.266 = 983.559 over 228 frames.
LOG (lattice-best-path[5.5.1009~1-e4940]:main():lattice-best-path.cc:99) For utterance tef_06566_01144172824, best cost 13.1908 + 1109.52 = 1122.71 over 228 frames.
LOG (lattice-best-path[5.5.1009~1-e4940]:main():lattice-best-path.cc:99) For utterance tef_06566_01168640252, best cost 14.3164 + 1255.57 = 1269.89 over 297 frames.
LOG (lattice-best-path[5.5.1009~1-e4940]:main():lattice-best-path.cc:99) For utterance tef_06566_01230001177, best cost 16.9779 + 1141.61 = 1158.59 over 254 frames.
LOG (lattice-best-path[5.5.1009~1-e4940]:main():lattice-best-path.cc:99) For utterance tef_06566_01287522822, best cost 20.9151 + 1506.9 = 1527.82 over 331 frames.
LOG (lattice-best-path[5.5.1009~1-e4940]:main():lattice-best-path.cc:99) For utterance tef_06566_01305874016, best cost 11.8359 + 1239.74 = 1251.57 over 263 frames.
LOG (lattice-best-path[5.5.1009~1-e4940]:main():lattice-best-path.cc:99) For utterance tef_06566_01308120538, best cost 19.1698 + 1618.82 = 1637.99 over 356 frames.
LOG (lattice-best-path[5.5.1009~1-e4940]:main():lattice-best-path.cc:99) For utterance tef_06566_01441652305, best cost 16.884 + 1570.39 = 1587.28 over 348 frames.
LOG (lattice-best-path[5.5.1009~1-e4940]:main():lattice-best-path.cc:99) For utterance tef_06566_01453211051, best cost 17.7544 + 1439.45 = 1457.21 over 331 frames.
LOG (lattice-best-path[5.5.1009~1-e4940]:main():lattice-best-path.cc:99) For utterance tef_06566_01535627311, best cost 23.6963 + 1496.56 = 1520.26 over 331 frames.
LOG (lattice-best-path[5.5.1009~1-e4940]:main():lattice-best-path.cc:99) For utterance tef_06566_01613566361, best cost 14.3261 + 1378.5 = 1392.83 over 305 frames.
LOG (lattice-best-path[5.5.1009~1-e4940]:main():lattice-best-path.cc:99) For utterance tef_06566_01647547213, best cost 18.6946 + 1514.11 = 1532.81 over 314 frames.
LOG (lattice-best-path[5.5.1009~1-e4940]:main():lattice-best-path.cc:99) For utterance tef_06566_01708404919, best cost 31.5877 + 2353.44 = 2385.03 over 501 frames.
LOG (lattice-best-path[5.5.1009~1-e4940]:main():lattice-best-path.cc:99) For utterance tef_06566_01720255724, best cost 20.1594 + 1698.58 = 1718.74 over 373 frames.
LOG (lattice-best-path[5.5.1009~1-e4940]:main():lattice-best-path.cc:99) For utterance tef_06566_01735183809, best cost 17.0184 + 1450.86 = 1467.88 over 339 frames.
LOG (lattice-best-path[5.5.1009~1-e4940]:main():lattice-best-path.cc:99) For utterance tef_06566_01757572775, best cost 14.2181 + 1216.21 = 1230.43 over 254 frames.
LOG (lattice-best-path[5.5.1009~1-e4940]:main():lattice-best-path.cc:99) For utterance tef_06566_01774398216, best cost 16.376 + 1426.06 = 1442.44 over 322 frames.
LOG (lattice-best-path[5.5.1009~1-e4940]:main():lattice-best-path.cc:99) For utterance tef_06566_01807247280, best cost 19.6169 + 1937.52 = 1957.14 over 425 frames.
LOG (lattice-best-path[5.5.1009~1-e4940]:main():lattice-best-path.cc:99) For utterance tef_06566_01813361696, best cost 18.294 + 1531.79 = 1550.08 over 339 frames.
LOG (lattice-best-path[5.5.1009~1-e4940]:main():lattice-best-path.cc:99) For utterance tef_06566_01955906358, best cost 15.9592 + 1381.39 = 1397.35 over 305 frames.
LOG (lattice-best-path[5.5.1009~1-e4940]:main():lattice-best-path.cc:99) For utterance tef_06566_01973894481, best cost 22.6559 + 1532.67 = 1555.32 over 339 frames.
LOG (lattice-best-path[5.5.1009~1-e4940]:main():lattice-best-path.cc:99) For utterance tef_06566_01989917442, best cost 22.4644 + 1782.02 = 1804.48 over 399 frames.
LOG (lattice-best-path[5.5.1009~1-e4940]:main():lattice-best-path.cc:99) For utterance tef_06566_02002793832, best cost 20.531 + 1685.48 = 1706.02 over 365 frames.
LOG (lattice-best-path[5.5.1009~1-e4940]:main():lattice-best-path.cc:99) For utterance tef_06566_02096358241, best cost 20.1279 + 1708.55 = 1728.68 over 356 frames.
LOG (lattice-best-path[5.5.1009~1-e4940]:main():lattice-best-path.cc:99) For utterance tef_06566_02129498270, best cost 17.3565 + 1420.8 = 1438.16 over 305 frames.
LOG (lattice-best-path[5.5.1009~1-e4940]:main():lattice-best-path.cc:99) For utterance tef_06625_00006301189, best cost 38.5993 + 1031.11 = 1069.71 over 245 frames.
LOG (lattice-best-path[5.5.1009~1-e4940]:main():lattice-best-path.cc:99) For utterance tef_06625_00011575821, best cost 17.1732 + 1366.15 = 1383.32 over 322 frames.
LOG (lattice-best-path[5.5.1009~1-e4940]:main():lattice-best-path.cc:99) For utterance tef_06625_00013009882, best cost 21.7262 + 1410.33 = 1432.05 over 314 frames.
LOG (lattice-best-path[5.5.1009~1-e4940]:main():lattice-best-path.cc:99) For utterance tef_06625_00029388982, best cost 16.0012 + 1098.99 = 1114.99 over 263 frames.
LOG (lattice-best-path[5.5.1009~1-e4940]:main():lattice-best-path.cc:99) For utterance tef_06625_00057233105, best cost 15.5757 + 1210.29 = 1225.86 over 280 frames.
LOG (lattice-best-path[5.5.1009~1-e4940]:main():lattice-best-path.cc:99) For utterance tef_06625_00075797538, best cost 24.574 + 1850.93 = 1875.5 over 433 frames.
LOG (lattice-best-path[5.5.1009~1-e4940]:main():lattice-best-path.cc:99) For utterance tef_06625_00078690293, best cost 17.5419 + 1179.59 = 1197.13 over 297 frames.
LOG (lattice-best-path[5.5.1009~1-e4940]:main():lattice-best-path.cc:99) For utterance tef_06625_00111627961, best cost 11.6644 + 1018.67 = 1030.33 over 254 frames.
LOG (lattice-best-path[5.5.1009~1-e4940]:main():lattice-best-path.cc:99) For utterance tef_06625_00116281932, best cost 24.472 + 1999.74 = 2024.21 over 476 frames.
LOG (lattice-best-path[5.5.1009~1-e4940]:main():lattice-best-path.cc:99) For utterance tef_06625_00124612501, best cost 15.7866 + 1328.69 = 1344.47 over 305 frames.
LOG (lattice-best-path[5.5.1009~1-e4940]:main():lattice-best-path.cc:99) For utterance tef_06625_00145434875, best cost 20.7556 + 1442.44 = 1463.19 over 331 frames.
LOG (lattice-best-path[5.5.1009~1-e4940]:main():lattice-best-path.cc:99) For utterance tef_06625_00156247696, best cost 17.063 + 1340.94 = 1358.01 over 305 frames.
LOG (lattice-best-path[5.5.1009~1-e4940]:main():lattice-best-path.cc:99) For utterance tef_06625_00297840031, best cost 15.7492 + 1341.42 = 1357.17 over 297 frames.
LOG (lattice-best-path[5.5.1009~1-e4940]:main():lattice-best-path.cc:99) For utterance tef_06625_00308555934, best cost 34.8495 + 1359.55 = 1394.39 over 314 frames.
LOG (lattice-best-path[5.5.1009~1-e4940]:main():lattice-best-path.cc:99) For utterance tef_06625_00319951624, best cost 15.8645 + 1147.69 = 1163.56 over 271 frames.
LOG (lattice-best-path[5.5.1009~1-e4940]:main():lattice-best-path.cc:99) For utterance tef_06625_00331433992, best cost 11.9704 + 893.609 = 905.579 over 220 frames.
LOG (lattice-best-path[5.5.1009~1-e4940]:main():lattice-best-path.cc:99) For utterance tef_06625_00332893079, best cost 16.2971 + 1005.66 = 1021.95 over 237 frames.
LOG (lattice-best-path[5.5.1009~1-e4940]:main():lattice-best-path.cc:99) For utterance tef_06625_00354943703, best cost 13.4147 + 1256.53 = 1269.95 over 297 frames.
LOG (lattice-best-path[5.5.1009~1-e4940]:main():lattice-best-path.cc:99) For utterance tef_06625_00364964643, best cost 14.003 + 943.793 = 957.796 over 228 frames.
LOG (lattice-best-path[5.5.1009~1-e4940]:main():lattice-best-path.cc:99) For utterance tef_06625_00377909716, best cost 19.3961 + 1291.4 = 1310.8 over 288 frames.
LOG (lattice-best-path[5.5.1009~1-e4940]:main():lattice-best-path.cc:99) For utterance tef_06625_00387259920, best cost 18.4106 + 1452.81 = 1471.22 over 331 frames.
LOG (lattice-best-path[5.5.1009~1-e4940]:main():lattice-best-path.cc:99) For utterance tef_06625_00409040854, best cost 15.5534 + 1252.29 = 1267.84 over 288 frames.
LOG (lattice-best-path[5.5.1009~1-e4940]:main():lattice-best-path.cc:99) For utterance tef_06625_00414325538, best cost 29.6378 + 1836.83 = 1866.47 over 408 frames.
LOG (lattice-best-path[5.5.1009~1-e4940]:main():lattice-best-path.cc:99) For utterance tef_06625_00442028390, best cost 19.6993 + 1442.18 = 1461.88 over 322 frames.
LOG (lattice-best-path[5.5.1009~1-e4940]:main():lattice-best-path.cc:99) For utterance tef_06625_00483077736, best cost 26.0051 + 1708.42 = 1734.43 over 399 frames.
LOG (lattice-best-path[5.5.1009~1-e4940]:main():lattice-best-path.cc:99) For utterance tef_06625_00513187730, best cost 18.3234 + 1305.76 = 1324.08 over 288 frames.
LOG (lattice-best-path[5.5.1009~1-e4940]:main():lattice-best-path.cc:99) For utterance tef_06625_00548627153, best cost 20.2665 + 1434.22 = 1454.49 over 331 frames.
LOG (lattice-best-path[5.5.1009~1-e4940]:main():lattice-best-path.cc:99) For utterance tef_06625_00554083427, best cost 14.0554 + 1025.14 = 1039.2 over 237 frames.
LOG (lattice-best-path[5.5.1009~1-e4940]:main():lattice-best-path.cc:99) For utterance tef_06625_00589216671, best cost 17.8627 + 1212.87 = 1230.73 over 280 frames.
LOG (lattice-best-path[5.5.1009~1-e4940]:main():lattice-best-path.cc:99) For utterance tef_06625_00605551893, best cost 14.5644 + 913.901 = 928.465 over 228 frames.
LOG (lattice-best-path[5.5.1009~1-e4940]:main():lattice-best-path.cc:99) For utterance tef_06625_00653826759, best cost 18.987 + 1585.72 = 1604.7 over 356 frames.
LOG (lattice-best-path[5.5.1009~1-e4940]:main():lattice-best-path.cc:99) For utterance tef_06625_00660124855, best cost 16.6028 + 1225.34 = 1241.95 over 280 frames.
LOG (lattice-best-path[5.5.1009~1-e4940]:main():lattice-best-path.cc:99) For utterance tef_06625_00685527901, best cost 14.2884 + 1270.75 = 1285.03 over 356 frames.
LOG (lattice-best-path[5.5.1009~1-e4940]:main():lattice-best-path.cc:99) For utterance tef_06625_00696042042, best cost 27.3715 + 1813.93 = 1841.3 over 425 frames.
LOG (lattice-best-path[5.5.1009~1-e4940]:main():lattice-best-path.cc:99) For utterance tef_06625_00704237647, best cost 20.3359 + 1391.69 = 1412.03 over 339 frames.
LOG (lattice-best-path[5.5.1009~1-e4940]:main():lattice-best-path.cc:99) For utterance tef_06625_00711159361, best cost 21.4567 + 1321.85 = 1343.31 over 305 frames.
LOG (lattice-best-path[5.5.1009~1-e4940]:main():lattice-best-path.cc:99) For utterance tef_06625_00715607309, best cost 12.8249 + 987.449 = 1000.27 over 237 frames.
LOG (lattice-best-path[5.5.1009~1-e4940]:main():lattice-best-path.cc:99) For utterance tef_06625_00741315491, best cost 16.3287 + 1155.64 = 1171.97 over 254 frames.
LOG (lattice-best-path[5.5.1009~1-e4940]:main():lattice-best-path.cc:99) For utterance tef_06625_00761600880, best cost 15.2751 + 1229.79 = 1245.07 over 297 frames.
LOG (lattice-best-path[5.5.1009~1-e4940]:main():lattice-best-path.cc:99) For utterance tef_06625_00773442017, best cost 13.9766 + 1098.24 = 1112.22 over 254 frames.
LOG (lattice-best-path[5.5.1009~1-e4940]:main():lattice-best-path.cc:99) For utterance tef_06625_00803237861, best cost 18.4707 + 1142.55 = 1161.03 over 263 frames.
LOG (lattice-best-path[5.5.1009~1-e4940]:main():lattice-best-path.cc:99) For utterance tef_06625_00807960935, best cost 14.2337 + 1079.88 = 1094.11 over 271 frames.
LOG (lattice-best-path[5.5.1009~1-e4940]:main():lattice-best-path.cc:99) For utterance tef_06625_00837868350, best cost 30.684 + 2291.85 = 2322.53 over 519 frames.
LOG (lattice-best-path[5.5.1009~1-e4940]:main():lattice-best-path.cc:99) For utterance tef_06625_00843296159, best cost 15.505 + 1182.69 = 1198.19 over 305 frames.
LOG (lattice-best-path[5.5.1009~1-e4940]:main():lattice-best-path.cc:99) For utterance tef_06625_00872521346, best cost 18.6083 + 1357.82 = 1376.43 over 297 frames.
LOG (lattice-best-path[5.5.1009~1-e4940]:main():lattice-best-path.cc:99) For utterance tef_06625_00964019270, best cost 15.1225 + 1121.53 = 1136.65 over 271 frames.
LOG (lattice-best-path[5.5.1009~1-e4940]:main():lattice-best-path.cc:99) For utterance tef_06625_00964023776, best cost 14.1021 + 1035.58 = 1049.68 over 254 frames.
LOG (lattice-best-path[5.5.1009~1-e4940]:main():lattice-best-path.cc:99) For utterance tef_06625_00992425248, best cost 14.7158 + 973.502 = 988.218 over 220 frames.
LOG (lattice-best-path[5.5.1009~1-e4940]:main():lattice-best-path.cc:99) For utterance tef_06625_00996222637, best cost 33.7721 + 2278.8 = 2312.57 over 536 frames.
LOG (lattice-best-path[5.5.1009~1-e4940]:main():lattice-best-path.cc:99) For utterance tef_06625_01007057245, best cost 32.0589 + 1951.78 = 1983.84 over 433 frames.
LOG (lattice-best-path[5.5.1009~1-e4940]:main():lattice-best-path.cc:99) For utterance tef_06625_01008858240, best cost 15.8083 + 1379.32 = 1395.12 over 305 frames.
LOG (lattice-best-path[5.5.1009~1-e4940]:main():lattice-best-path.cc:99) For utterance tef_06625_01072071210, best cost 11.9 + 1023.16 = 1035.06 over 254 frames.
LOG (lattice-best-path[5.5.1009~1-e4940]:main():lattice-best-path.cc:99) For utterance tef_06625_01075061464, best cost 17.064 + 1160.71 = 1177.77 over 271 frames.
LOG (lattice-best-path[5.5.1009~1-e4940]:main():lattice-best-path.cc:99) For utterance tef_06625_01079540681, best cost 27.0482 + 1421.79 = 1448.84 over 339 frames.
LOG (lattice-best-path[5.5.1009~1-e4940]:main():lattice-best-path.cc:99) For utterance tef_06625_01107342430, best cost 18.2449 + 1261.48 = 1279.72 over 288 frames.
LOG (lattice-best-path[5.5.1009~1-e4940]:main():lattice-best-path.cc:99) For utterance tef_06625_01125597501, best cost 18.7617 + 1147 = 1165.76 over 271 frames.
LOG (lattice-best-path[5.5.1009~1-e4940]:main():lattice-best-path.cc:99) For utterance tef_06625_01126751967, best cost 15.0199 + 1225.45 = 1240.47 over 288 frames.
LOG (lattice-best-path[5.5.1009~1-e4940]:main():lattice-best-path.cc:99) For utterance tef_06625_01127969014, best cost 28.3346 + 1928.81 = 1957.15 over 433 frames.
LOG (lattice-best-path[5.5.1009~1-e4940]:main():lattice-best-path.cc:99) For utterance tef_06625_01136519442, best cost 25.4396 + 1350.66 = 1376.1 over 339 frames.
LOG (lattice-best-path[5.5.1009~1-e4940]:main():lattice-best-path.cc:99) For utterance tef_06625_01249575186, best cost 12.8714 + 768.461 = 781.332 over 177 frames.
LOG (lattice-best-path[5.5.1009~1-e4940]:main():lattice-best-path.cc:99) For utterance tef_06625_01257684034, best cost 11.2635 + 766.876 = 778.139 over 186 frames.
LOG (lattice-best-path[5.5.1009~1-e4940]:main():lattice-best-path.cc:99) For utterance tef_06625_01282824167, best cost 12.5966 + 1150.3 = 1162.89 over 263 frames.
LOG (lattice-best-path[5.5.1009~1-e4940]:main():lattice-best-path.cc:99) For utterance tef_06625_01297887962, best cost 23.5187 + 1745.89 = 1769.41 over 433 frames.
LOG (lattice-best-path[5.5.1009~1-e4940]:main():lattice-best-path.cc:99) For utterance tef_06625_01301525965, best cost 16.7918 + 1353.67 = 1370.46 over 305 frames.
LOG (lattice-best-path[5.5.1009~1-e4940]:main():lattice-best-path.cc:99) For utterance tef_06625_01321238093, best cost 20.2887 + 1347.24 = 1367.53 over 305 frames.
LOG (lattice-best-path[5.5.1009~1-e4940]:main():lattice-best-path.cc:99) For utterance tef_06625_01373793819, best cost 16.8694 + 1181.7 = 1198.57 over 280 frames.
LOG (lattice-best-path[5.5.1009~1-e4940]:main():lattice-best-path.cc:99) For utterance tef_06625_01427938116, best cost 16.6447 + 1407.11 = 1423.75 over 314 frames.
LOG (lattice-best-path[5.5.1009~1-e4940]:main():lattice-best-path.cc:99) For utterance tef_06625_01455226202, best cost 17.1501 + 1201.76 = 1218.91 over 280 frames.
LOG (lattice-best-path[5.5.1009~1-e4940]:main():lattice-best-path.cc:99) For utterance tef_06625_01465815508, best cost 34.6262 + 2411.41 = 2446.04 over 544 frames.
LOG (lattice-best-path[5.5.1009~1-e4940]:main():lattice-best-path.cc:99) For utterance tef_06625_01473700062, best cost 17.0173 + 1254.46 = 1271.48 over 288 frames.
LOG (lattice-best-path[5.5.1009~1-e4940]:main():lattice-best-path.cc:99) For utterance tef_06625_01487098156, best cost 13.3037 + 761.308 = 774.611 over 194 frames.
LOG (lattice-best-path[5.5.1009~1-e4940]:main():lattice-best-path.cc:99) For utterance tef_06625_01502396342, best cost 20.8484 + 1485.32 = 1506.17 over 331 frames.
LOG (lattice-best-path[5.5.1009~1-e4940]:main():lattice-best-path.cc:99) For utterance tef_06625_01515078022, best cost 17.7909 + 1182.95 = 1200.75 over 271 frames.
LOG (lattice-best-path[5.5.1009~1-e4940]:main():lattice-best-path.cc:99) For utterance tef_06625_01517602898, best cost 20.0159 + 1331.87 = 1351.88 over 314 frames.
LOG (lattice-best-path[5.5.1009~1-e4940]:main():lattice-best-path.cc:99) For utterance tef_06625_01530351328, best cost 15.7503 + 1209.32 = 1225.07 over 322 frames.
LOG (lattice-best-path[5.5.1009~1-e4940]:main():lattice-best-path.cc:99) For utterance tef_06625_01534117715, best cost 13.628 + 1056.55 = 1070.18 over 254 frames.
LOG (lattice-best-path[5.5.1009~1-e4940]:main():lattice-best-path.cc:99) For utterance tef_06625_01572119549, best cost 17.9213 + 1060.06 = 1077.98 over 245 frames.
LOG (lattice-best-path[5.5.1009~1-e4940]:main():lattice-best-path.cc:99) For utterance tef_06625_01575473849, best cost 18.2125 + 1344.07 = 1362.28 over 331 frames.
LOG (lattice-best-path[5.5.1009~1-e4940]:main():lattice-best-path.cc:99) For utterance tef_06625_01680890046, best cost 14.3425 + 1199.64 = 1213.98 over 288 frames.
LOG (lattice-best-path[5.5.1009~1-e4940]:main():lattice-best-path.cc:99) For utterance tef_06625_01796803660, best cost 18.9993 + 1346.45 = 1365.45 over 297 frames.
LOG (lattice-best-path[5.5.1009~1-e4940]:main():lattice-best-path.cc:99) For utterance tef_06625_01804964861, best cost 16.7457 + 1234.9 = 1251.65 over 305 frames.
LOG (lattice-best-path[5.5.1009~1-e4940]:main():lattice-best-path.cc:99) For utterance tef_06625_01857404474, best cost 12.8613 + 907.616 = 920.478 over 211 frames.
LOG (lattice-best-path[5.5.1009~1-e4940]:main():lattice-best-path.cc:99) For utterance tef_06625_01878922004, best cost 13.7405 + 1082.92 = 1096.66 over 263 frames.
LOG (lattice-best-path[5.5.1009~1-e4940]:main():lattice-best-path.cc:99) For utterance tef_06625_01883757982, best cost 29.6216 + 2218.12 = 2247.74 over 501 frames.
LOG (lattice-best-path[5.5.1009~1-e4940]:main():lattice-best-path.cc:99) For utterance tef_06625_01904070202, best cost 14.5886 + 1101.59 = 1116.18 over 263 frames.
LOG (lattice-best-path[5.5.1009~1-e4940]:main():lattice-best-path.cc:99) For utterance tef_06625_01914263288, best cost 18.6784 + 1410.06 = 1428.74 over 322 frames.
LOG (lattice-best-path[5.5.1009~1-e4940]:main():lattice-best-path.cc:99) For utterance tef_06625_01916583686, best cost 19.5667 + 1343.83 = 1363.39 over 297 frames.
LOG (lattice-best-path[5.5.1009~1-e4940]:main():lattice-best-path.cc:99) For utterance tef_06625_01943329801, best cost 16.1086 + 1311.36 = 1327.47 over 314 frames.
LOG (lattice-best-path[5.5.1009~1-e4940]:main():lattice-best-path.cc:99) For utterance tef_06625_01944064312, best cost 19.9886 + 1198.96 = 1218.95 over 288 frames.
LOG (lattice-best-path[5.5.1009~1-e4940]:main():lattice-best-path.cc:99) For utterance tef_06625_01947930213, best cost 14.4534 + 992.767 = 1007.22 over 228 frames.
LOG (lattice-best-path[5.5.1009~1-e4940]:main():lattice-best-path.cc:99) For utterance tef_06625_01970708002, best cost 14.5273 + 1039.02 = 1053.55 over 254 frames.
LOG (lattice-best-path[5.5.1009~1-e4940]:main():lattice-best-path.cc:99) For utterance tef_06625_01982428774, best cost 18.2546 + 1259.64 = 1277.9 over 322 frames.
LOG (lattice-best-path[5.5.1009~1-e4940]:main():lattice-best-path.cc:99) For utterance tef_06625_01990158052, best cost 11.7155 + 884.08 = 895.796 over 211 frames.
LOG (lattice-best-path[5.5.1009~1-e4940]:main():lattice-best-path.cc:99) For utterance tef_06625_01992754483, best cost 16.0347 + 1056.95 = 1072.98 over 245 frames.
LOG (lattice-best-path[5.5.1009~1-e4940]:main():lattice-best-path.cc:99) For utterance tef_06625_01998819848, best cost 16.9263 + 1278.24 = 1295.17 over 288 frames.
LOG (lattice-best-path[5.5.1009~1-e4940]:main():lattice-best-path.cc:99) For utterance tef_06625_02022822442, best cost 10.4503 + 721.266 = 731.716 over 194 frames.
LOG (lattice-best-path[5.5.1009~1-e4940]:main():lattice-best-path.cc:99) For utterance tef_06625_02081463069, best cost 17.9995 + 1583.63 = 1601.63 over 399 frames.
LOG (lattice-best-path[5.5.1009~1-e4940]:main():lattice-best-path.cc:99) For utterance tef_06625_02089235929, best cost 18.1036 + 1238.55 = 1256.65 over 271 frames.
LOG (lattice-best-path[5.5.1009~1-e4940]:main():lattice-best-path.cc:99) For utterance tef_06625_02104584713, best cost 21.0799 + 1601.05 = 1622.13 over 373 frames.
LOG (lattice-best-path[5.5.1009~1-e4940]:main():lattice-best-path.cc:99) For utterance tef_06625_02128155186, best cost 17.6372 + 1122.57 = 1140.21 over 288 frames.
LOG (lattice-best-path[5.5.1009~1-e4940]:main():lattice-best-path.cc:99) For utterance tef_06869_00014795513, best cost 21.5468 + 2305.57 = 2327.12 over 561 frames.
LOG (lattice-best-path[5.5.1009~1-e4940]:main():lattice-best-path.cc:99) For utterance tef_06869_00058369517, best cost 18.5276 + 2040.81 = 2059.34 over 544 frames.
LOG (lattice-best-path[5.5.1009~1-e4940]:main():lattice-best-path.cc:99) For utterance tef_06869_00118139874, best cost 27.2005 + 2326.54 = 2353.74 over 544 frames.
LOG (lattice-best-path[5.5.1009~1-e4940]:main():lattice-best-path.cc:99) For utterance tef_06869_00187797557, best cost 22.0617 + 2210.55 = 2232.61 over 570 frames.
LOG (lattice-best-path[5.5.1009~1-e4940]:main():lattice-best-path.cc:99) For utterance tef_06869_00204725132, best cost 20.1637 + 2054.63 = 2074.79 over 519 frames.
LOG (lattice-best-path[5.5.1009~1-e4940]:main():lattice-best-path.cc:99) For utterance tef_06869_00273899332, best cost 19.7613 + 1769.82 = 1789.58 over 425 frames.
LOG (lattice-best-path[5.5.1009~1-e4940]:main():lattice-best-path.cc:99) For utterance tef_06869_00288901309, best cost 18.7094 + 1569.28 = 1587.99 over 373 frames.
LOG (lattice-best-path[5.5.1009~1-e4940]:main():lattice-best-path.cc:99) For utterance tef_06869_00370339274, best cost 18.4994 + 1570.28 = 1588.78 over 399 frames.
LOG (lattice-best-path[5.5.1009~1-e4940]:main():lattice-best-path.cc:99) For utterance tef_06869_00385047920, best cost 20.953 + 1770.15 = 1791.1 over 408 frames.
LOG (lattice-best-path[5.5.1009~1-e4940]:main():lattice-best-path.cc:99) For utterance tef_06869_00410872327, best cost 35.3978 + 3346 = 3381.39 over 757 frames.
LOG (lattice-best-path[5.5.1009~1-e4940]:main():lattice-best-path.cc:99) For utterance tef_06869_00479443906, best cost 24.7329 + 2129.68 = 2154.42 over 510 frames.
LOG (lattice-best-path[5.5.1009~1-e4940]:main():lattice-best-path.cc:99) For utterance tef_06869_00493238542, best cost 16.2563 + 1715.02 = 1731.28 over 433 frames.
LOG (lattice-best-path[5.5.1009~1-e4940]:main():lattice-best-path.cc:99) For utterance tef_06869_00500560907, best cost 16.3374 + 1682.32 = 1698.65 over 433 frames.
LOG (lattice-best-path[5.5.1009~1-e4940]:main():lattice-best-path.cc:99) For utterance tef_06869_00523601927, best cost 25.5301 + 1977.3 = 2002.83 over 493 frames.
LOG (lattice-best-path[5.5.1009~1-e4940]:main():lattice-best-path.cc:99) For utterance tef_06869_00527169324, best cost 20.0658 + 1848.65 = 1868.72 over 450 frames.
LOG (lattice-best-path[5.5.1009~1-e4940]:main():lattice-best-path.cc:99) For utterance tef_06869_00611042950, best cost 25.3665 + 2474.93 = 2500.29 over 647 frames.
LOG (lattice-best-path[5.5.1009~1-e4940]:main():lattice-best-path.cc:99) For utterance tef_06869_00626236676, best cost 11.7572 + 1359.75 = 1371.51 over 348 frames.
LOG (lattice-best-path[5.5.1009~1-e4940]:main():lattice-best-path.cc:99) For utterance tef_06869_00635151625, best cost 21.8245 + 2421.38 = 2443.21 over 553 frames.
LOG (lattice-best-path[5.5.1009~1-e4940]:main():lattice-best-path.cc:99) For utterance tef_06869_00645489094, best cost 14.208 + 1304.2 = 1318.41 over 305 frames.
LOG (lattice-best-path[5.5.1009~1-e4940]:main():lattice-best-path.cc:99) For utterance tef_06869_00718414853, best cost 16.7107 + 1648.84 = 1665.55 over 399 frames.
LOG (lattice-best-path[5.5.1009~1-e4940]:main():lattice-best-path.cc:99) For utterance tef_06869_00733403117, best cost 20.5966 + 2008.07 = 2028.66 over 493 frames.
LOG (lattice-best-path[5.5.1009~1-e4940]:main():lattice-best-path.cc:99) For utterance tef_06869_00811616635, best cost 17.283 + 2004.39 = 2021.67 over 484 frames.
LOG (lattice-best-path[5.5.1009~1-e4940]:main():lattice-best-path.cc:99) For utterance tef_06869_00856193369, best cost 21.0654 + 1673.88 = 1694.95 over 382 frames.
LOG (lattice-best-path[5.5.1009~1-e4940]:main():lattice-best-path.cc:99) For utterance tef_06869_00911725058, best cost 13.9937 + 1203.44 = 1217.43 over 305 frames.
LOG (lattice-best-path[5.5.1009~1-e4940]:main():lattice-best-path.cc:99) For utterance tef_06869_00920847137, best cost 22.5842 + 1811.06 = 1833.64 over 433 frames.
LOG (lattice-best-path[5.5.1009~1-e4940]:main():lattice-best-path.cc:99) For utterance tef_06869_00952356122, best cost 30.509 + 2446.74 = 2477.25 over 561 frames.
LOG (lattice-best-path[5.5.1009~1-e4940]:main():lattice-best-path.cc:99) For utterance tef_06869_01038149556, best cost 20.8894 + 1813.39 = 1834.28 over 433 frames.
LOG (lattice-best-path[5.5.1009~1-e4940]:main():lattice-best-path.cc:99) For utterance tef_06869_01045211142, best cost 21.0669 + 2079.78 = 2100.85 over 493 frames.
LOG (lattice-best-path[5.5.1009~1-e4940]:main():lattice-best-path.cc:99) For utterance tef_06869_01101573353, best cost 25.3626 + 2257.38 = 2282.74 over 527 frames.
LOG (lattice-best-path[5.5.1009~1-e4940]:main():lattice-best-path.cc:99) For utterance tef_06869_01113780980, best cost 16.4422 + 1594.39 = 1610.84 over 408 frames.
LOG (lattice-best-path[5.5.1009~1-e4940]:main():lattice-best-path.cc:99) For utterance tef_06869_01148307343, best cost 22.7476 + 2352.71 = 2375.46 over 570 frames.
LOG (lattice-best-path[5.5.1009~1-e4940]:main():lattice-best-path.cc:99) For utterance tef_06869_01154741981, best cost 17.3854 + 1731.92 = 1749.3 over 425 frames.
LOG (lattice-best-path[5.5.1009~1-e4940]:main():lattice-best-path.cc:99) For utterance tef_06869_01171134240, best cost 18.76 + 1909.62 = 1928.38 over 493 frames.
LOG (lattice-best-path[5.5.1009~1-e4940]:main():lattice-best-path.cc:99) For utterance tef_06869_01197275341, best cost 15.1414 + 1535.16 = 1550.3 over 391 frames.
LOG (lattice-best-path[5.5.1009~1-e4940]:main():lattice-best-path.cc:99) For utterance tef_06869_01235195397, best cost 23.3723 + 2007.43 = 2030.81 over 484 frames.
LOG (lattice-best-path[5.5.1009~1-e4940]:main():lattice-best-path.cc:99) For utterance tef_06869_01250973068, best cost 17.8114 + 1623.12 = 1640.93 over 425 frames.
LOG (lattice-best-path[5.5.1009~1-e4940]:main():lattice-best-path.cc:99) For utterance tef_06869_01286208180, best cost 15.1061 + 1379.74 = 1394.84 over 373 frames.
LOG (lattice-best-path[5.5.1009~1-e4940]:main():lattice-best-path.cc:99) For utterance tef_06869_01335122060, best cost 32.8402 + 2870.7 = 2903.54 over 664 frames.
LOG (lattice-best-path[5.5.1009~1-e4940]:main():lattice-best-path.cc:99) For utterance tef_06869_01381320991, best cost 20.6884 + 2143.27 = 2163.96 over 527 frames.
LOG (lattice-best-path[5.5.1009~1-e4940]:main():lattice-best-path.cc:99) For utterance tef_06869_01412318030, best cost 15.542 + 1602.49 = 1618.03 over 365 frames.
LOG (lattice-best-path[5.5.1009~1-e4940]:main():lattice-best-path.cc:99) For utterance tef_06869_01476733709, best cost 27.9696 + 2342.31 = 2370.28 over 578 frames.
LOG (lattice-best-path[5.5.1009~1-e4940]:main():lattice-best-path.cc:99) For utterance tef_06869_01501627579, best cost 24.5326 + 2200.2 = 2224.73 over 561 frames.
LOG (lattice-best-path[5.5.1009~1-e4940]:main():lattice-best-path.cc:99) For utterance tef_06869_01510435322, best cost 15.413 + 1200.51 = 1215.92 over 297 frames.
LOG (lattice-best-path[5.5.1009~1-e4940]:main():lattice-best-path.cc:99) For utterance tef_06869_01518673362, best cost 13.4785 + 1459.51 = 1472.99 over 373 frames.
LOG (lattice-best-path[5.5.1009~1-e4940]:main():lattice-best-path.cc:99) For utterance tef_06869_01549272948, best cost 25.9195 + 1793.86 = 1819.78 over 442 frames.
LOG (lattice-best-path[5.5.1009~1-e4940]:main():lattice-best-path.cc:99) For utterance tef_06869_01594755830, best cost 17.31 + 1690.98 = 1708.29 over 408 frames.
LOG (lattice-best-path[5.5.1009~1-e4940]:main():lattice-best-path.cc:99) For utterance tef_06869_01594858209, best cost 17.9505 + 1497.97 = 1515.92 over 365 frames.
LOG (lattice-best-path[5.5.1009~1-e4940]:main():lattice-best-path.cc:99) For utterance tef_06869_01609853819, best cost 18.0799 + 1747.58 = 1765.66 over 459 frames.
LOG (lattice-best-path[5.5.1009~1-e4940]:main():lattice-best-path.cc:99) For utterance tef_06869_01619903651, best cost 13.7857 + 1435.72 = 1449.51 over 339 frames.
LOG (lattice-best-path[5.5.1009~1-e4940]:main():lattice-best-path.cc:99) For utterance tef_06869_01667447903, best cost 28.9219 + 2969.34 = 2998.26 over 740 frames.
LOG (lattice-best-path[5.5.1009~1-e4940]:main():lattice-best-path.cc:99) For utterance tef_06869_01690014394, best cost 20.3245 + 2037.61 = 2057.93 over 501 frames.
LOG (lattice-best-path[5.5.1009~1-e4940]:main():lattice-best-path.cc:99) For utterance tef_06869_01714151250, best cost 27.5651 + 1671.32 = 1698.88 over 391 frames.
LOG (lattice-best-path[5.5.1009~1-e4940]:main():lattice-best-path.cc:99) For utterance tef_06869_01715700043, best cost 20.6965 + 2286.9 = 2307.6 over 536 frames.
LOG (lattice-best-path[5.5.1009~1-e4940]:main():lattice-best-path.cc:99) For utterance tef_06869_01721942226, best cost 12.2295 + 1521.88 = 1534.11 over 391 frames.
LOG (lattice-best-path[5.5.1009~1-e4940]:main():lattice-best-path.cc:99) For utterance tef_06869_01739524891, best cost 18.2087 + 2259.11 = 2277.32 over 604 frames.
LOG (lattice-best-path[5.5.1009~1-e4940]:main():lattice-best-path.cc:99) For utterance tef_06869_01754314703, best cost 20.9798 + 1888.32 = 1909.3 over 450 frames.
LOG (lattice-best-path[5.5.1009~1-e4940]:main():lattice-best-path.cc:99) For utterance tef_06869_01818927768, best cost 13.6757 + 1198.17 = 1211.85 over 297 frames.
LOG (lattice-best-path[5.5.1009~1-e4940]:main():lattice-best-path.cc:99) For utterance tef_06869_01871701342, best cost 15.4562 + 1737.05 = 1752.5 over 442 frames.
LOG (lattice-best-path[5.5.1009~1-e4940]:main():lattice-best-path.cc:99) For utterance tef_06869_01929764532, best cost 16.4793 + 1632.06 = 1648.54 over 399 frames.
LOG (lattice-best-path[5.5.1009~1-e4940]:main():lattice-best-path.cc:99) For utterance tef_06869_01929836390, best cost 21.8916 + 2009.69 = 2031.58 over 484 frames.
LOG (lattice-best-path[5.5.1009~1-e4940]:main():lattice-best-path.cc:99) For utterance tef_06869_01963214587, best cost 33.7207 + 2164.27 = 2197.99 over 544 frames.
LOG (lattice-best-path[5.5.1009~1-e4940]:main():lattice-best-path.cc:99) For utterance tef_06869_01974806249, best cost 18.3248 + 1744.57 = 1762.89 over 425 frames.
LOG (lattice-best-path[5.5.1009~1-e4940]:main():lattice-best-path.cc:99) For utterance tef_06869_02010036825, best cost 17.5753 + 1711.66 = 1729.23 over 450 frames.
LOG (lattice-best-path[5.5.1009~1-e4940]:main():lattice-best-path.cc:99) For utterance tef_06869_02020524417, best cost 21.6151 + 2202.68 = 2224.3 over 570 frames.
LOG (lattice-best-path[5.5.1009~1-e4940]:main():lattice-best-path.cc:99) For utterance tef_06869_02026027387, best cost 19.7973 + 2141.26 = 2161.06 over 510 frames.
LOG (lattice-best-path[5.5.1009~1-e4940]:main():lattice-best-path.cc:99) For utterance tef_06869_02102484925, best cost 17.9822 + 1733.93 = 1751.91 over 433 frames.
LOG (lattice-best-path[5.5.1009~1-e4940]:main():lattice-best-path.cc:99) For utterance tef_06928_00023470279, best cost 45.2873 + 2981.09 = 3026.38 over 911 frames.
LOG (lattice-best-path[5.5.1009~1-e4940]:main():lattice-best-path.cc:99) For utterance tef_06928_00105463005, best cost 22.4222 + 2622.23 = 2644.65 over 698 frames.
LOG (lattice-best-path[5.5.1009~1-e4940]:main():lattice-best-path.cc:99) For utterance tef_06928_00120847464, best cost 35.1731 + 3880.28 = 3915.45 over 826 frames.
LOG (lattice-best-path[5.5.1009~1-e4940]:main():lattice-best-path.cc:99) For utterance tef_06928_00166068823, best cost 27.4654 + 2530.78 = 2558.24 over 629 frames.
LOG (lattice-best-path[5.5.1009~1-e4940]:main():lattice-best-path.cc:99) For utterance tef_06928_00318171821, best cost 42.4676 + 2547.33 = 2589.8 over 664 frames.
LOG (lattice-best-path[5.5.1009~1-e4940]:main():lattice-best-path.cc:99) For utterance tef_06928_00336732755, best cost 24.5916 + 2355.8 = 2380.39 over 604 frames.
LOG (lattice-best-path[5.5.1009~1-e4940]:main():lattice-best-path.cc:99) For utterance tef_06928_00424334799, best cost 33.5031 + 3699.91 = 3733.41 over 843 frames.
LOG (lattice-best-path[5.5.1009~1-e4940]:main():lattice-best-path.cc:99) For utterance tef_06928_00462399989, best cost 18.9628 + 1948.84 = 1967.8 over 519 frames.
LOG (lattice-best-path[5.5.1009~1-e4940]:main():lattice-best-path.cc:99) For utterance tef_06928_00572801563, best cost 43.4931 + 2701.14 = 2744.64 over 672 frames.
LOG (lattice-best-path[5.5.1009~1-e4940]:main():lattice-best-path.cc:99) For utterance tef_06928_00629715781, best cost 40.5765 + 4385.83 = 4426.4 over 988 frames.
LOG (lattice-best-path[5.5.1009~1-e4940]:main():lattice-best-path.cc:99) For utterance tef_06928_00630236356, best cost 19.6667 + 1852.37 = 1872.04 over 519 frames.
LOG (lattice-best-path[5.5.1009~1-e4940]:main():lattice-best-path.cc:99) For utterance tef_06928_00654747619, best cost 40.3508 + 3311.04 = 3351.4 over 800 frames.
LOG (lattice-best-path[5.5.1009~1-e4940]:main():lattice-best-path.cc:99) For utterance tef_06928_00669155221, best cost 20.8851 + 2016.89 = 2037.78 over 527 frames.
LOG (lattice-best-path[5.5.1009~1-e4940]:main():lattice-best-path.cc:99) For utterance tef_06928_00806602234, best cost 32.7313 + 2847.63 = 2880.36 over 689 frames.
LOG (lattice-best-path[5.5.1009~1-e4940]:main():lattice-best-path.cc:99) For utterance tef_06928_00850201673, best cost 30.4812 + 2388.9 = 2419.38 over 604 frames.
LOG (lattice-best-path[5.5.1009~1-e4940]:main():lattice-best-path.cc:99) For utterance tef_06928_00850209668, best cost 19.2344 + 2154.78 = 2174.01 over 510 frames.
LOG (lattice-best-path[5.5.1009~1-e4940]:main():lattice-best-path.cc:99) For utterance tef_06928_00863473227, best cost 37.9039 + 3346.92 = 3384.83 over 843 frames.
LOG (lattice-best-path[5.5.1009~1-e4940]:main():lattice-best-path.cc:99) For utterance tef_06928_00919596134, best cost 27.5355 + 2754.07 = 2781.61 over 647 frames.
LOG (lattice-best-path[5.5.1009~1-e4940]:main():lattice-best-path.cc:99) For utterance tef_06928_00951414349, best cost 41.6794 + 3985.17 = 4026.85 over 979 frames.
LOG (lattice-best-path[5.5.1009~1-e4940]:main():lattice-best-path.cc:99) For utterance tef_06928_00963145302, best cost 26.0492 + 2699.84 = 2725.89 over 749 frames.
LOG (lattice-best-path[5.5.1009~1-e4940]:main():lattice-best-path.cc:99) For utterance tef_06928_00974174228, best cost 44.2956 + 3568.44 = 3612.74 over 894 frames.
LOG (lattice-best-path[5.5.1009~1-e4940]:main():lattice-best-path.cc:99) For utterance tef_06928_01056424038, best cost 31.9162 + 3407.11 = 3439.02 over 800 frames.
LOG (lattice-best-path[5.5.1009~1-e4940]:main():lattice-best-path.cc:99) For utterance tef_06928_01119883712, best cost 54.8288 + 2661.98 = 2716.81 over 587 frames.
LOG (lattice-best-path[5.5.1009~1-e4940]:main():lattice-best-path.cc:99) For utterance tef_06928_01124035319, best cost 42.7953 + 3148.04 = 3190.84 over 877 frames.
LOG (lattice-best-path[5.5.1009~1-e4940]:main():lattice-best-path.cc:99) For utterance tef_06928_01219375780, best cost 43.0315 + 4547.26 = 4590.29 over 1167 frames.
LOG (lattice-best-path[5.5.1009~1-e4940]:main():lattice-best-path.cc:99) For utterance tef_06928_01260339081, best cost 20.7049 + 2494.23 = 2514.94 over 647 frames.
LOG (lattice-best-path[5.5.1009~1-e4940]:main():lattice-best-path.cc:99) For utterance tef_06928_01262139182, best cost 18.2874 + 2021.33 = 2039.62 over 536 frames.
LOG (lattice-best-path[5.5.1009~1-e4940]:main():lattice-best-path.cc:99) For utterance tef_06928_01307542254, best cost 27.7543 + 2633.81 = 2661.56 over 672 frames.
LOG (lattice-best-path[5.5.1009~1-e4940]:main():lattice-best-path.cc:99) For utterance tef_06928_01365651916, best cost 22.2085 + 2557.82 = 2580.03 over 604 frames.
LOG (lattice-best-path[5.5.1009~1-e4940]:main():lattice-best-path.cc:99) For utterance tef_06928_01386591418, best cost 26.2365 + 2312.2 = 2338.44 over 570 frames.
LOG (lattice-best-path[5.5.1009~1-e4940]:main():lattice-best-path.cc:99) For utterance tef_06928_01416574425, best cost 28.9763 + 2103.23 = 2132.2 over 536 frames.
LOG (lattice-best-path[5.5.1009~1-e4940]:main():lattice-best-path.cc:99) For utterance tef_06928_01433077424, best cost 23.9761 + 2681.5 = 2705.47 over 629 frames.
LOG (lattice-best-path[5.5.1009~1-e4940]:main():lattice-best-path.cc:99) For utterance tef_06928_01452562160, best cost 15.7766 + 1857.45 = 1873.23 over 476 frames.
LOG (lattice-best-path[5.5.1009~1-e4940]:main():lattice-best-path.cc:99) For utterance tef_06928_01523266591, best cost 22.1388 + 2632.63 = 2654.77 over 612 frames.
LOG (lattice-best-path[5.5.1009~1-e4940]:main():lattice-best-path.cc:99) For utterance tef_06928_01533329586, best cost 20.0885 + 2528.46 = 2548.55 over 629 frames.
LOG (lattice-best-path[5.5.1009~1-e4940]:main():lattice-best-path.cc:99) For utterance tef_06928_01581663233, best cost 24.6117 + 2696.46 = 2721.07 over 655 frames.
LOG (lattice-best-path[5.5.1009~1-e4940]:main():lattice-best-path.cc:99) For utterance tef_06928_01697892703, best cost 34.1425 + 2058.7 = 2092.84 over 510 frames.
LOG (lattice-best-path[5.5.1009~1-e4940]:main():lattice-best-path.cc:99) For utterance tef_06928_01772578434, best cost 23.5377 + 2494.36 = 2517.9 over 638 frames.
LOG (lattice-best-path[5.5.1009~1-e4940]:main():lattice-best-path.cc:99) For utterance tef_06928_01836764500, best cost 55.9946 + 3202.89 = 3258.89 over 740 frames.
LOG (lattice-best-path[5.5.1009~1-e4940]:main():lattice-best-path.cc:99) For utterance tef_06928_01869143961, best cost 26.7887 + 2794.55 = 2821.34 over 647 frames.
LOG (lattice-best-path[5.5.1009~1-e4940]:main():lattice-best-path.cc:99) For utterance tef_06928_01909188481, best cost 23.5915 + 2308.37 = 2331.96 over 544 frames.
LOG (lattice-best-path[5.5.1009~1-e4940]:main():lattice-best-path.cc:99) For utterance tef_06928_01942798533, best cost 23.3816 + 2416.58 = 2439.96 over 595 frames.
LOG (lattice-best-path[5.5.1009~1-e4940]:main():lattice-best-path.cc:99) For utterance tef_06928_01986888140, best cost 34.8007 + 3615.39 = 3650.19 over 945 frames.
LOG (lattice-best-path[5.5.1009~1-e4940]:main():lattice-best-path.cc:99) For utterance tef_06928_02089647980, best cost 25.5605 + 3444.56 = 3470.12 over 911 frames.
LOG (lattice-best-path[5.5.1009~1-e4940]:main():lattice-best-path.cc:99) For utterance tef_07789_00033982554, best cost 17.6926 + 1408.73 = 1426.42 over 314 frames.
LOG (lattice-best-path[5.5.1009~1-e4940]:main():lattice-best-path.cc:99) For utterance tef_07789_00064623479, best cost 15.2065 + 1399.91 = 1415.12 over 305 frames.
LOG (lattice-best-path[5.5.1009~1-e4940]:main():lattice-best-path.cc:99) For utterance tef_07789_00069807690, best cost 16.1189 + 1631.11 = 1647.22 over 348 frames.
LOG (lattice-best-path[5.5.1009~1-e4940]:main():lattice-best-path.cc:99) For utterance tef_07789_00082298336, best cost 11.7939 + 813.756 = 825.55 over 186 frames.
LOG (lattice-best-path[5.5.1009~1-e4940]:main():lattice-best-path.cc:99) For utterance tef_07789_00136511703, best cost 16.7149 + 1628.67 = 1645.39 over 373 frames.
LOG (lattice-best-path[5.5.1009~1-e4940]:main():lattice-best-path.cc:99) For utterance tef_07789_00168289041, best cost 11.2201 + 1101.1 = 1112.32 over 237 frames.
LOG (lattice-best-path[5.5.1009~1-e4940]:main():lattice-best-path.cc:99) For utterance tef_07789_00277280588, best cost 19.1764 + 1874.13 = 1893.3 over 408 frames.
LOG (lattice-best-path[5.5.1009~1-e4940]:main():lattice-best-path.cc:99) For utterance tef_07789_00283439085, best cost 15.0637 + 1402.7 = 1417.76 over 314 frames.
LOG (lattice-best-path[5.5.1009~1-e4940]:main():lattice-best-path.cc:99) For utterance tef_07789_00358033708, best cost 17.1808 + 1317.32 = 1334.5 over 305 frames.
LOG (lattice-best-path[5.5.1009~1-e4940]:main():lattice-best-path.cc:99) For utterance tef_07789_00388188041, best cost 22.1474 + 1839.22 = 1861.36 over 416 frames.
LOG (lattice-best-path[5.5.1009~1-e4940]:main():lattice-best-path.cc:99) For utterance tef_07789_00392309290, best cost 15.9508 + 1614.83 = 1630.78 over 339 frames.
LOG (lattice-best-path[5.5.1009~1-e4940]:main():lattice-best-path.cc:99) For utterance tef_07789_00404324434, best cost 14.0394 + 1108.58 = 1122.62 over 245 frames.
LOG (lattice-best-path[5.5.1009~1-e4940]:main():lattice-best-path.cc:99) For utterance tef_07789_00418375755, best cost 20.6316 + 1641.69 = 1662.32 over 391 frames.
LOG (lattice-best-path[5.5.1009~1-e4940]:main():lattice-best-path.cc:99) For utterance tef_07789_00445660591, best cost 15.877 + 1133.16 = 1149.04 over 288 frames.
LOG (lattice-best-path[5.5.1009~1-e4940]:main():lattice-best-path.cc:99) For utterance tef_07789_00455462931, best cost 11.3624 + 807.723 = 819.085 over 186 frames.
LOG (lattice-best-path[5.5.1009~1-e4940]:main():lattice-best-path.cc:99) For utterance tef_07789_00474824259, best cost 13.6783 + 1238.68 = 1252.36 over 297 frames.
LOG (lattice-best-path[5.5.1009~1-e4940]:main():lattice-best-path.cc:99) For utterance tef_07789_00502995418, best cost 17.8481 + 1514.74 = 1532.59 over 339 frames.
LOG (lattice-best-path[5.5.1009~1-e4940]:main():lattice-best-path.cc:99) For utterance tef_07789_00553346010, best cost 16.4055 + 1537.62 = 1554.02 over 348 frames.
LOG (lattice-best-path[5.5.1009~1-e4940]:main():lattice-best-path.cc:99) For utterance tef_07789_00567856923, best cost 14.4577 + 1160.54 = 1175 over 271 frames.
LOG (lattice-best-path[5.5.1009~1-e4940]:main():lattice-best-path.cc:99) For utterance tef_07789_00606824654, best cost 16.3999 + 1528.64 = 1545.04 over 356 frames.
LOG (lattice-best-path[5.5.1009~1-e4940]:main():lattice-best-path.cc:99) For utterance tef_07789_00619287256, best cost 24.6363 + 924.981 = 949.617 over 186 frames.
LOG (lattice-best-path[5.5.1009~1-e4940]:main():lattice-best-path.cc:99) For utterance tef_07789_00636091952, best cost 15.6663 + 1123.09 = 1138.75 over 263 frames.
LOG (lattice-best-path[5.5.1009~1-e4940]:main():lattice-best-path.cc:99) For utterance tef_07789_00640085658, best cost 15.5995 + 1638.83 = 1654.43 over 348 frames.
LOG (lattice-best-path[5.5.1009~1-e4940]:main():lattice-best-path.cc:99) For utterance tef_07789_00644186738, best cost 14.5454 + 1223.06 = 1237.6 over 271 frames.
LOG (lattice-best-path[5.5.1009~1-e4940]:main():lattice-best-path.cc:99) For utterance tef_07789_00657482268, best cost 20.123 + 1667.94 = 1688.07 over 373 frames.
LOG (lattice-best-path[5.5.1009~1-e4940]:main():lattice-best-path.cc:99) For utterance tef_07789_00668614175, best cost 19.3617 + 1722.86 = 1742.23 over 408 frames.
LOG (lattice-best-path[5.5.1009~1-e4940]:main():lattice-best-path.cc:99) For utterance tef_07789_00711128695, best cost 14.0647 + 1319.01 = 1333.07 over 314 frames.
LOG (lattice-best-path[5.5.1009~1-e4940]:main():lattice-best-path.cc:99) For utterance tef_07789_00718187449, best cost 15.2333 + 1234.68 = 1249.91 over 280 frames.
LOG (lattice-best-path[5.5.1009~1-e4940]:main():lattice-best-path.cc:99) For utterance tef_07789_00719292850, best cost 14.7703 + 1307.69 = 1322.46 over 280 frames.
LOG (lattice-best-path[5.5.1009~1-e4940]:main():lattice-best-path.cc:99) For utterance tef_07789_00805097591, best cost 18.7573 + 1704 = 1722.76 over 339 frames.
LOG (lattice-best-path[5.5.1009~1-e4940]:main():lattice-best-path.cc:99) For utterance tef_07789_00814898156, best cost 15.3293 + 1408.11 = 1423.43 over 322 frames.
LOG (lattice-best-path[5.5.1009~1-e4940]:main():lattice-best-path.cc:99) For utterance tef_07789_00853321911, best cost 18.7084 + 1371.85 = 1390.56 over 314 frames.
LOG (lattice-best-path[5.5.1009~1-e4940]:main():lattice-best-path.cc:99) For utterance tef_07789_00881166356, best cost 16.374 + 1174.04 = 1190.42 over 263 frames.
LOG (lattice-best-path[5.5.1009~1-e4940]:main():lattice-best-path.cc:99) For utterance tef_07789_00961987557, best cost 15.0862 + 1238.55 = 1253.63 over 280 frames.
LOG (lattice-best-path[5.5.1009~1-e4940]:main():lattice-best-path.cc:99) For utterance tef_07789_00967639590, best cost 20.6618 + 1457.33 = 1477.99 over 331 frames.
LOG (lattice-best-path[5.5.1009~1-e4940]:main():lattice-best-path.cc:99) For utterance tef_07789_01007560360, best cost 19.1768 + 1424.87 = 1444.05 over 331 frames.
LOG (lattice-best-path[5.5.1009~1-e4940]:main():lattice-best-path.cc:99) For utterance tef_07789_01049306908, best cost 16.5648 + 1289.07 = 1305.63 over 297 frames.
LOG (lattice-best-path[5.5.1009~1-e4940]:main():lattice-best-path.cc:99) For utterance tef_07789_01059143714, best cost 16.9807 + 1268.43 = 1285.41 over 297 frames.
LOG (lattice-best-path[5.5.1009~1-e4940]:main():lattice-best-path.cc:99) For utterance tef_07789_01154167741, best cost 14.3057 + 1109.95 = 1124.25 over 254 frames.
LOG (lattice-best-path[5.5.1009~1-e4940]:main():lattice-best-path.cc:99) For utterance tef_07789_01184163633, best cost 21.3336 + 1845.84 = 1867.18 over 433 frames.
LOG (lattice-best-path[5.5.1009~1-e4940]:main():lattice-best-path.cc:99) For utterance tef_07789_01193466807, best cost 16.7111 + 1331.99 = 1348.7 over 297 frames.
LOG (lattice-best-path[5.5.1009~1-e4940]:main():lattice-best-path.cc:99) For utterance tef_07789_01227495566, best cost 16.848 + 1385.63 = 1402.48 over 305 frames.
LOG (lattice-best-path[5.5.1009~1-e4940]:main():lattice-best-path.cc:99) For utterance tef_07789_01234474441, best cost 15.1785 + 1418.72 = 1433.9 over 314 frames.
LOG (lattice-best-path[5.5.1009~1-e4940]:main():lattice-best-path.cc:99) For utterance tef_07789_01264383917, best cost 16.7919 + 1277.11 = 1293.9 over 263 frames.
LOG (lattice-best-path[5.5.1009~1-e4940]:main():lattice-best-path.cc:99) For utterance tef_07789_01267428861, best cost 20.3537 + 1593.92 = 1614.27 over 348 frames.
LOG (lattice-best-path[5.5.1009~1-e4940]:main():lattice-best-path.cc:99) For utterance tef_07789_01280192958, best cost 13.4816 + 1184.22 = 1197.71 over 280 frames.
LOG (lattice-best-path[5.5.1009~1-e4940]:main():lattice-best-path.cc:99) For utterance tef_07789_01282262127, best cost 15.8866 + 1081.21 = 1097.09 over 237 frames.
LOG (lattice-best-path[5.5.1009~1-e4940]:main():lattice-best-path.cc:99) For utterance tef_07789_01290257944, best cost 12.176 + 985.562 = 997.738 over 228 frames.
LOG (lattice-best-path[5.5.1009~1-e4940]:main():lattice-best-path.cc:99) For utterance tef_07789_01322836997, best cost 13.971 + 1060.88 = 1074.85 over 271 frames.
LOG (lattice-best-path[5.5.1009~1-e4940]:main():lattice-best-path.cc:99) For utterance tef_07789_01326929832, best cost 19.3545 + 1575.65 = 1595 over 348 frames.
LOG (lattice-best-path[5.5.1009~1-e4940]:main():lattice-best-path.cc:99) For utterance tef_07789_01338702906, best cost 46.801 + 1646.86 = 1693.67 over 339 frames.
LOG (lattice-best-path[5.5.1009~1-e4940]:main():lattice-best-path.cc:99) For utterance tef_07789_01358680301, best cost 21.3152 + 1693.94 = 1715.26 over 382 frames.
LOG (lattice-best-path[5.5.1009~1-e4940]:main():lattice-best-path.cc:99) For utterance tef_07789_01358750579, best cost 14.0031 + 1485.29 = 1499.29 over 348 frames.
LOG (lattice-best-path[5.5.1009~1-e4940]:main():lattice-best-path.cc:99) For utterance tef_07789_01359386540, best cost 17.4401 + 1429.59 = 1447.03 over 339 frames.
LOG (lattice-best-path[5.5.1009~1-e4940]:main():lattice-best-path.cc:99) For utterance tef_07789_01417561965, best cost 20.6671 + 1714.26 = 1734.92 over 365 frames.
LOG (lattice-best-path[5.5.1009~1-e4940]:main():lattice-best-path.cc:99) For utterance tef_07789_01417968090, best cost 15.8208 + 1558.55 = 1574.38 over 331 frames.
LOG (lattice-best-path[5.5.1009~1-e4940]:main():lattice-best-path.cc:99) For utterance tef_07789_01476609886, best cost 15.406 + 1311.1 = 1326.5 over 305 frames.
LOG (lattice-best-path[5.5.1009~1-e4940]:main():lattice-best-path.cc:99) For utterance tef_07789_01491554491, best cost 15.8727 + 1703.99 = 1719.86 over 399 frames.
LOG (lattice-best-path[5.5.1009~1-e4940]:main():lattice-best-path.cc:99) For utterance tef_07789_01506126399, best cost 13.5311 + 1140.51 = 1154.04 over 263 frames.
LOG (lattice-best-path[5.5.1009~1-e4940]:main():lattice-best-path.cc:99) For utterance tef_07789_01519927946, best cost 16.3693 + 1310.05 = 1326.41 over 288 frames.
LOG (lattice-best-path[5.5.1009~1-e4940]:main():lattice-best-path.cc:99) For utterance tef_07789_01537818784, best cost 25.4448 + 1793.69 = 1819.13 over 391 frames.
LOG (lattice-best-path[5.5.1009~1-e4940]:main():lattice-best-path.cc:99) For utterance tef_07789_01555354756, best cost 20.8804 + 1698.17 = 1719.05 over 391 frames.
LOG (lattice-best-path[5.5.1009~1-e4940]:main():lattice-best-path.cc:99) For utterance tef_07789_01566064373, best cost 14.5842 + 1049.48 = 1064.07 over 245 frames.
LOG (lattice-best-path[5.5.1009~1-e4940]:main():lattice-best-path.cc:99) For utterance tef_07789_01620570269, best cost 15.907 + 1486.55 = 1502.46 over 322 frames.
LOG (lattice-best-path[5.5.1009~1-e4940]:main():lattice-best-path.cc:99) For utterance tef_07789_01633565968, best cost 19.7709 + 1585.44 = 1605.21 over 348 frames.
LOG (lattice-best-path[5.5.1009~1-e4940]:main():lattice-best-path.cc:99) For utterance tef_07789_01634905454, best cost 18.9991 + 1527.89 = 1546.88 over 339 frames.
LOG (lattice-best-path[5.5.1009~1-e4940]:main():lattice-best-path.cc:99) For utterance tef_07789_01635642073, best cost 15.9709 + 1446.15 = 1462.12 over 331 frames.
LOG (lattice-best-path[5.5.1009~1-e4940]:main():lattice-best-path.cc:99) For utterance tef_07789_01652421960, best cost 18.2316 + 1537.64 = 1555.87 over 365 frames.
LOG (lattice-best-path[5.5.1009~1-e4940]:main():lattice-best-path.cc:99) For utterance tef_07789_01662072818, best cost 17.7511 + 1548.42 = 1566.17 over 356 frames.
LOG (lattice-best-path[5.5.1009~1-e4940]:main():lattice-best-path.cc:99) For utterance tef_07789_01683930687, best cost 16.8783 + 1267.83 = 1284.71 over 297 frames.
LOG (lattice-best-path[5.5.1009~1-e4940]:main():lattice-best-path.cc:99) For utterance tef_07789_01724683607, best cost 22.1184 + 1690.49 = 1712.61 over 373 frames.
LOG (lattice-best-path[5.5.1009~1-e4940]:main():lattice-best-path.cc:99) For utterance tef_07789_01806791466, best cost 13.3823 + 1059.86 = 1073.24 over 237 frames.
LOG (lattice-best-path[5.5.1009~1-e4940]:main():lattice-best-path.cc:99) For utterance tef_07789_01818128534, best cost 13.9774 + 1451.43 = 1465.41 over 339 frames.
LOG (lattice-best-path[5.5.1009~1-e4940]:main():lattice-best-path.cc:99) For utterance tef_07789_01820739013, best cost 20.5889 + 1630.82 = 1651.41 over 382 frames.
LOG (lattice-best-path[5.5.1009~1-e4940]:main():lattice-best-path.cc:99) For utterance tef_07789_01846721713, best cost 14.4917 + 1214.92 = 1229.41 over 297 frames.
LOG (lattice-best-path[5.5.1009~1-e4940]:main():lattice-best-path.cc:99) For utterance tef_07789_01900312964, best cost 19.9281 + 1904.27 = 1924.2 over 399 frames.
LOG (lattice-best-path[5.5.1009~1-e4940]:main():lattice-best-path.cc:99) For utterance tef_07789_01921758409, best cost 21.1583 + 1708.32 = 1729.48 over 399 frames.
LOG (lattice-best-path[5.5.1009~1-e4940]:main():lattice-best-path.cc:99) For utterance tef_07789_01925055559, best cost 15.7719 + 1155.09 = 1170.86 over 288 frames.
LOG (lattice-best-path[5.5.1009~1-e4940]:main():lattice-best-path.cc:99) For utterance tef_07789_01926228088, best cost 20.3571 + 1469.86 = 1490.21 over 348 frames.
LOG (lattice-best-path[5.5.1009~1-e4940]:main():lattice-best-path.cc:99) For utterance tef_07789_01927517765, best cost 16.1837 + 1422.27 = 1438.45 over 305 frames.
LOG (lattice-best-path[5.5.1009~1-e4940]:main():lattice-best-path.cc:99) For utterance tef_07789_01960472563, best cost 14.9197 + 1326.38 = 1341.3 over 305 frames.
LOG (lattice-best-path[5.5.1009~1-e4940]:main():lattice-best-path.cc:99) For utterance tef_07789_01971835495, best cost 21.9044 + 1509.52 = 1531.42 over 331 frames.
LOG (lattice-best-path[5.5.1009~1-e4940]:main():lattice-best-path.cc:99) For utterance tef_07789_02022268838, best cost 19.7705 + 1604.77 = 1624.54 over 348 frames.
LOG (lattice-best-path[5.5.1009~1-e4940]:main():lattice-best-path.cc:99) For utterance tef_07789_02022530656, best cost 18.6362 + 1501.84 = 1520.47 over 348 frames.
LOG (lattice-best-path[5.5.1009~1-e4940]:main():lattice-best-path.cc:99) For utterance tef_07789_02029339845, best cost 16.2286 + 1189.37 = 1205.6 over 280 frames.
LOG (lattice-best-path[5.5.1009~1-e4940]:main():lattice-best-path.cc:99) For utterance tef_07789_02055207772, best cost 20.3474 + 1700.52 = 1720.87 over 391 frames.
LOG (lattice-best-path[5.5.1009~1-e4940]:main():lattice-best-path.cc:99) For utterance tef_07789_02061639019, best cost 16.2213 + 1397.82 = 1414.04 over 305 frames.
LOG (lattice-best-path[5.5.1009~1-e4940]:main():lattice-best-path.cc:99) For utterance tef_07789_02066897182, best cost 15.5788 + 1475.17 = 1490.75 over 356 frames.
LOG (lattice-best-path[5.5.1009~1-e4940]:main():lattice-best-path.cc:99) For utterance tef_07789_02101914010, best cost 13.3889 + 1109.12 = 1122.51 over 237 frames.
LOG (lattice-best-path[5.5.1009~1-e4940]:main():lattice-best-path.cc:99) For utterance tef_07789_02113327826, best cost 16.9069 + 1514.75 = 1531.66 over 305 frames.
LOG (lattice-best-path[5.5.1009~1-e4940]:main():lattice-best-path.cc:99) For utterance tef_07789_02119688704, best cost 16.4174 + 1612.99 = 1629.41 over 391 frames.
LOG (lattice-best-path[5.5.1009~1-e4940]:main():lattice-best-path.cc:99) For utterance tef_08318_00006038060, best cost 17.8476 + 1159.32 = 1177.17 over 254 frames.
LOG (lattice-best-path[5.5.1009~1-e4940]:main():lattice-best-path.cc:99) For utterance tef_08318_00028332865, best cost 23.6504 + 1654.87 = 1678.52 over 331 frames.
LOG (lattice-best-path[5.5.1009~1-e4940]:main():lattice-best-path.cc:99) For utterance tef_08318_00090593594, best cost 13.3926 + 1054.2 = 1067.6 over 245 frames.
LOG (lattice-best-path[5.5.1009~1-e4940]:main():lattice-best-path.cc:99) For utterance tef_08318_00095425917, best cost 19.5495 + 1446.5 = 1466.05 over 305 frames.
LOG (lattice-best-path[5.5.1009~1-e4940]:main():lattice-best-path.cc:99) For utterance tef_08318_00102615853, best cost 17.504 + 1769.94 = 1787.44 over 408 frames.
LOG (lattice-best-path[5.5.1009~1-e4940]:main():lattice-best-path.cc:99) For utterance tef_08318_00116307904, best cost 18.7544 + 1486.18 = 1504.94 over 356 frames.
LOG (lattice-best-path[5.5.1009~1-e4940]:main():lattice-best-path.cc:99) For utterance tef_08318_00140212345, best cost 15.014 + 1385.27 = 1400.28 over 322 frames.
LOG (lattice-best-path[5.5.1009~1-e4940]:main():lattice-best-path.cc:99) For utterance tef_08318_00154879393, best cost 14.4989 + 1197.21 = 1211.71 over 280 frames.
LOG (lattice-best-path[5.5.1009~1-e4940]:main():lattice-best-path.cc:99) For utterance tef_08318_00193441635, best cost 19.9592 + 1328.85 = 1348.81 over 297 frames.
LOG (lattice-best-path[5.5.1009~1-e4940]:main():lattice-best-path.cc:99) For utterance tef_08318_00200825280, best cost 20.8132 + 1613.18 = 1633.99 over 356 frames.
LOG (lattice-best-path[5.5.1009~1-e4940]:main():lattice-best-path.cc:99) For utterance tef_08318_00205204634, best cost 15.2753 + 1528.41 = 1543.69 over 314 frames.
LOG (lattice-best-path[5.5.1009~1-e4940]:main():lattice-best-path.cc:99) For utterance tef_08318_00209092980, best cost 19.3227 + 1727.74 = 1747.07 over 365 frames.
LOG (lattice-best-path[5.5.1009~1-e4940]:main():lattice-best-path.cc:99) For utterance tef_08318_00252235478, best cost 11.2437 + 1067.19 = 1078.43 over 245 frames.
LOG (lattice-best-path[5.5.1009~1-e4940]:main():lattice-best-path.cc:99) For utterance tef_08318_00318170522, best cost 17.3902 + 1422.15 = 1439.54 over 322 frames.
LOG (lattice-best-path[5.5.1009~1-e4940]:main():lattice-best-path.cc:99) For utterance tef_08318_00381031060, best cost 14.2291 + 1492.11 = 1506.34 over 322 frames.
LOG (lattice-best-path[5.5.1009~1-e4940]:main():lattice-best-path.cc:99) For utterance tef_08318_00414720602, best cost 15.5397 + 1590.33 = 1605.87 over 331 frames.
LOG (lattice-best-path[5.5.1009~1-e4940]:main():lattice-best-path.cc:99) For utterance tef_08318_00422821375, best cost 9.65962 + 758.675 = 768.334 over 169 frames.
LOG (lattice-best-path[5.5.1009~1-e4940]:main():lattice-best-path.cc:99) For utterance tef_08318_00427275464, best cost 26.2891 + 2121.93 = 2148.22 over 433 frames.
LOG (lattice-best-path[5.5.1009~1-e4940]:main():lattice-best-path.cc:99) For utterance tef_08318_00429062039, best cost 16.4212 + 1344.08 = 1360.5 over 288 frames.
LOG (lattice-best-path[5.5.1009~1-e4940]:main():lattice-best-path.cc:99) For utterance tef_08318_00455505286, best cost 23.5589 + 2218.52 = 2242.08 over 459 frames.
LOG (lattice-best-path[5.5.1009~1-e4940]:main():lattice-best-path.cc:99) For utterance tef_08318_00477073826, best cost 16.8663 + 1546.05 = 1562.91 over 331 frames.
LOG (lattice-best-path[5.5.1009~1-e4940]:main():lattice-best-path.cc:99) For utterance tef_08318_00499400022, best cost 28.7924 + 2381.12 = 2409.91 over 527 frames.
LOG (lattice-best-path[5.5.1009~1-e4940]:main():lattice-best-path.cc:99) For utterance tef_08318_00512636955, best cost 14.8705 + 987.58 = 1002.45 over 203 frames.
LOG (lattice-best-path[5.5.1009~1-e4940]:main():lattice-best-path.cc:99) For utterance tef_08318_00516010314, best cost 15.8784 + 1224.73 = 1240.61 over 271 frames.
LOG (lattice-best-path[5.5.1009~1-e4940]:main():lattice-best-path.cc:99) For utterance tef_08318_00555671763, best cost 15.4168 + 997.182 = 1012.6 over 220 frames.
LOG (lattice-best-path[5.5.1009~1-e4940]:main():lattice-best-path.cc:99) For utterance tef_08318_00586560177, best cost 17.1527 + 1165.36 = 1182.51 over 245 frames.
LOG (lattice-best-path[5.5.1009~1-e4940]:main():lattice-best-path.cc:99) For utterance tef_08318_00598483792, best cost 17.6511 + 1018.11 = 1035.77 over 228 frames.
LOG (lattice-best-path[5.5.1009~1-e4940]:main():lattice-best-path.cc:99) For utterance tef_08318_00598659947, best cost 18.8334 + 1804.27 = 1823.1 over 356 frames.
LOG (lattice-best-path[5.5.1009~1-e4940]:main():lattice-best-path.cc:99) For utterance tef_08318_00647357312, best cost 22.4152 + 1814.28 = 1836.69 over 399 frames.
LOG (lattice-best-path[5.5.1009~1-e4940]:main():lattice-best-path.cc:99) For utterance tef_08318_00718472585, best cost 14.9447 + 1637.22 = 1652.17 over 331 frames.
LOG (lattice-best-path[5.5.1009~1-e4940]:main():lattice-best-path.cc:99) For utterance tef_08318_00728019228, best cost 18.2289 + 1534.07 = 1552.3 over 322 frames.
LOG (lattice-best-path[5.5.1009~1-e4940]:main():lattice-best-path.cc:99) For utterance tef_08318_00744244916, best cost 18.2384 + 1232.86 = 1251.1 over 280 frames.
LOG (lattice-best-path[5.5.1009~1-e4940]:main():lattice-best-path.cc:99) For utterance tef_08318_00776133745, best cost 20.8349 + 2220.25 = 2241.08 over 501 frames.
LOG (lattice-best-path[5.5.1009~1-e4940]:main():lattice-best-path.cc:99) For utterance tef_08318_00781407348, best cost 18.2431 + 1589.01 = 1607.25 over 373 frames.
LOG (lattice-best-path[5.5.1009~1-e4940]:main():lattice-best-path.cc:99) For utterance tef_08318_00791075904, best cost 14.6846 + 1258.08 = 1272.77 over 280 frames.
LOG (lattice-best-path[5.5.1009~1-e4940]:main():lattice-best-path.cc:99) For utterance tef_08318_00816780586, best cost 18.8345 + 1418.83 = 1437.66 over 339 frames.
LOG (lattice-best-path[5.5.1009~1-e4940]:main():lattice-best-path.cc:99) For utterance tef_08318_00817086636, best cost 14.232 + 893.968 = 908.2 over 211 frames.
LOG (lattice-best-path[5.5.1009~1-e4940]:main():lattice-best-path.cc:99) For utterance tef_08318_00849326880, best cost 23.6029 + 1576.59 = 1600.2 over 365 frames.
LOG (lattice-best-path[5.5.1009~1-e4940]:main():lattice-best-path.cc:99) For utterance tef_08318_00918659879, best cost 13.9653 + 1071.86 = 1085.82 over 228 frames.
LOG (lattice-best-path[5.5.1009~1-e4940]:main():lattice-best-path.cc:99) For utterance tef_08318_00964545997, best cost 13.3986 + 1277.17 = 1290.57 over 271 frames.
LOG (lattice-best-path[5.5.1009~1-e4940]:main():lattice-best-path.cc:99) For utterance tef_08318_00969125625, best cost 12.511 + 1096.29 = 1108.8 over 254 frames.
LOG (lattice-best-path[5.5.1009~1-e4940]:main():lattice-best-path.cc:99) For utterance tef_08318_00970046036, best cost 14.7184 + 1413.24 = 1427.96 over 314 frames.
LOG (lattice-best-path[5.5.1009~1-e4940]:main():lattice-best-path.cc:99) For utterance tef_08318_00990911332, best cost 13.7394 + 1300.45 = 1314.19 over 280 frames.
LOG (lattice-best-path[5.5.1009~1-e4940]:main():lattice-best-path.cc:99) For utterance tef_08318_00996354352, best cost 18.2294 + 1225.8 = 1244.03 over 297 frames.
LOG (lattice-best-path[5.5.1009~1-e4940]:main():lattice-best-path.cc:99) For utterance tef_08318_01018785429, best cost 20.472 + 1705.01 = 1725.48 over 356 frames.
LOG (lattice-best-path[5.5.1009~1-e4940]:main():lattice-best-path.cc:99) For utterance tef_08318_01060149005, best cost 17.4909 + 1549.14 = 1566.63 over 365 frames.
LOG (lattice-best-path[5.5.1009~1-e4940]:main():lattice-best-path.cc:99) For utterance tef_08318_01084205003, best cost 13.8537 + 1473.3 = 1487.15 over 331 frames.
LOG (lattice-best-path[5.5.1009~1-e4940]:main():lattice-best-path.cc:99) For utterance tef_08318_01089379602, best cost 19.8671 + 1730 = 1749.86 over 408 frames.
LOG (lattice-best-path[5.5.1009~1-e4940]:main():lattice-best-path.cc:99) For utterance tef_08318_01117248084, best cost 21.4444 + 2137.97 = 2159.41 over 536 frames.
LOG (lattice-best-path[5.5.1009~1-e4940]:main():lattice-best-path.cc:99) For utterance tef_08318_01135079575, best cost 18.6152 + 2159.12 = 2177.73 over 476 frames.
LOG (lattice-best-path[5.5.1009~1-e4940]:main():lattice-best-path.cc:99) For utterance tef_08318_01155628576, best cost 28.4049 + 1807.69 = 1836.09 over 416 frames.
LOG (lattice-best-path[5.5.1009~1-e4940]:main():lattice-best-path.cc:99) For utterance tef_08318_01160896232, best cost 19.9877 + 1857.29 = 1877.28 over 408 frames.
LOG (lattice-best-path[5.5.1009~1-e4940]:main():lattice-best-path.cc:99) For utterance tef_08318_01180671236, best cost 13.2551 + 1284.65 = 1297.9 over 271 frames.
LOG (lattice-best-path[5.5.1009~1-e4940]:main():lattice-best-path.cc:99) For utterance tef_08318_01208512041, best cost 15.0162 + 1321.71 = 1336.72 over 280 frames.
LOG (lattice-best-path[5.5.1009~1-e4940]:main():lattice-best-path.cc:99) For utterance tef_08318_01216689470, best cost 9.72195 + 926.845 = 936.567 over 211 frames.
LOG (lattice-best-path[5.5.1009~1-e4940]:main():lattice-best-path.cc:99) For utterance tef_08318_01278565877, best cost 13.6468 + 1013.25 = 1026.9 over 237 frames.
LOG (lattice-best-path[5.5.1009~1-e4940]:main():lattice-best-path.cc:99) For utterance tef_08318_01278956954, best cost 17.7769 + 1322.85 = 1340.63 over 297 frames.
LOG (lattice-best-path[5.5.1009~1-e4940]:main():lattice-best-path.cc:99) For utterance tef_08318_01297383309, best cost 19.5842 + 1862.93 = 1882.52 over 356 frames.
LOG (lattice-best-path[5.5.1009~1-e4940]:main():lattice-best-path.cc:99) For utterance tef_08318_01297615367, best cost 24.7998 + 1611.51 = 1636.31 over 391 frames.
LOG (lattice-best-path[5.5.1009~1-e4940]:main():lattice-best-path.cc:99) For utterance tef_08318_01301584815, best cost 18.1486 + 1496.45 = 1514.59 over 314 frames.
LOG (lattice-best-path[5.5.1009~1-e4940]:main():lattice-best-path.cc:99) For utterance tef_08318_01303376973, best cost 14.7593 + 1282.81 = 1297.57 over 288 frames.
LOG (lattice-best-path[5.5.1009~1-e4940]:main():lattice-best-path.cc:99) For utterance tef_08318_01304951228, best cost 17.022 + 1503.32 = 1520.34 over 339 frames.
LOG (lattice-best-path[5.5.1009~1-e4940]:main():lattice-best-path.cc:99) For utterance tef_08318_01323567492, best cost 18.2721 + 1446.07 = 1464.34 over 288 frames.
LOG (lattice-best-path[5.5.1009~1-e4940]:main():lattice-best-path.cc:99) For utterance tef_08318_01333265498, best cost 15.1303 + 1487.68 = 1502.81 over 305 frames.
LOG (lattice-best-path[5.5.1009~1-e4940]:main():lattice-best-path.cc:99) For utterance tef_08318_01344105896, best cost 13.1685 + 1197.63 = 1210.8 over 271 frames.
LOG (lattice-best-path[5.5.1009~1-e4940]:main():lattice-best-path.cc:99) For utterance tef_08318_01360624014, best cost 13.5967 + 1222.99 = 1236.58 over 271 frames.
LOG (lattice-best-path[5.5.1009~1-e4940]:main():lattice-best-path.cc:99) For utterance tef_08318_01365423494, best cost 20.1029 + 2381.39 = 2401.49 over 536 frames.
LOG (lattice-best-path[5.5.1009~1-e4940]:main():lattice-best-path.cc:99) For utterance tef_08318_01365936473, best cost 17.2693 + 1465.22 = 1482.49 over 322 frames.
LOG (lattice-best-path[5.5.1009~1-e4940]:main():lattice-best-path.cc:99) For utterance tef_08318_01371145393, best cost 14.6525 + 1308.28 = 1322.94 over 280 frames.
LOG (lattice-best-path[5.5.1009~1-e4940]:main():lattice-best-path.cc:99) For utterance tef_08318_01392387696, best cost 20.9275 + 1723.22 = 1744.15 over 356 frames.
LOG (lattice-best-path[5.5.1009~1-e4940]:main():lattice-best-path.cc:99) For utterance tef_08318_01416996800, best cost 12.4942 + 788.194 = 800.689 over 169 frames.
LOG (lattice-best-path[5.5.1009~1-e4940]:main():lattice-best-path.cc:99) For utterance tef_08318_01441661470, best cost 19.1919 + 2067.06 = 2086.25 over 416 frames.
LOG (lattice-best-path[5.5.1009~1-e4940]:main():lattice-best-path.cc:99) For utterance tef_08318_01458539728, best cost 19.3909 + 1884.78 = 1904.17 over 425 frames.
LOG (lattice-best-path[5.5.1009~1-e4940]:main():lattice-best-path.cc:99) For utterance tef_08318_01491671480, best cost 15.8257 + 1239.28 = 1255.11 over 288 frames.
LOG (lattice-best-path[5.5.1009~1-e4940]:main():lattice-best-path.cc:99) For utterance tef_08318_01516808314, best cost 12.1352 + 1003.06 = 1015.19 over 237 frames.
LOG (lattice-best-path[5.5.1009~1-e4940]:main():lattice-best-path.cc:99) For utterance tef_08318_01517438909, best cost 19.025 + 1583.38 = 1602.4 over 356 frames.
LOG (lattice-best-path[5.5.1009~1-e4940]:main():lattice-best-path.cc:99) For utterance tef_08318_01529610862, best cost 12.8386 + 1263.14 = 1275.98 over 280 frames.
LOG (lattice-best-path[5.5.1009~1-e4940]:main():lattice-best-path.cc:99) For utterance tef_08318_01547313423, best cost 18.7896 + 1399.18 = 1417.97 over 297 frames.
LOG (lattice-best-path[5.5.1009~1-e4940]:main():lattice-best-path.cc:99) For utterance tef_08318_01566929952, best cost 14.4036 + 1183.78 = 1198.19 over 245 frames.
LOG (lattice-best-path[5.5.1009~1-e4940]:main():lattice-best-path.cc:99) For utterance tef_08318_01567202677, best cost 19.8941 + 1667.01 = 1686.91 over 348 frames.
LOG (lattice-best-path[5.5.1009~1-e4940]:main():lattice-best-path.cc:99) For utterance tef_08318_01574257948, best cost 13.8336 + 1459.24 = 1473.07 over 314 frames.
LOG (lattice-best-path[5.5.1009~1-e4940]:main():lattice-best-path.cc:99) For utterance tef_08318_01575716683, best cost 11.7093 + 1142.82 = 1154.53 over 254 frames.
LOG (lattice-best-path[5.5.1009~1-e4940]:main():lattice-best-path.cc:99) For utterance tef_08318_01584182907, best cost 10.7441 + 1003.44 = 1014.18 over 211 frames.
LOG (lattice-best-path[5.5.1009~1-e4940]:main():lattice-best-path.cc:99) For utterance tef_08318_01594227710, best cost 13.3672 + 1005.74 = 1019.11 over 228 frames.
LOG (lattice-best-path[5.5.1009~1-e4940]:main():lattice-best-path.cc:99) For utterance tef_08318_01606876415, best cost 22.5709 + 1581.95 = 1604.52 over 365 frames.
LOG (lattice-best-path[5.5.1009~1-e4940]:main():lattice-best-path.cc:99) For utterance tef_08318_01610850872, best cost 15.2731 + 1598.69 = 1613.96 over 339 frames.
LOG (lattice-best-path[5.5.1009~1-e4940]:main():lattice-best-path.cc:99) For utterance tef_08318_01618505618, best cost 18.6465 + 1616.86 = 1635.51 over 339 frames.
LOG (lattice-best-path[5.5.1009~1-e4940]:main():lattice-best-path.cc:99) For utterance tef_08318_01643830725, best cost 15.3868 + 1294.84 = 1310.23 over 288 frames.
LOG (lattice-best-path[5.5.1009~1-e4940]:main():lattice-best-path.cc:99) For utterance tef_08318_01645326102, best cost 15.7296 + 1092.7 = 1108.43 over 237 frames.
LOG (lattice-best-path[5.5.1009~1-e4940]:main():lattice-best-path.cc:99) For utterance tef_08318_01647000233, best cost 18.0048 + 1670.36 = 1688.36 over 365 frames.
LOG (lattice-best-path[5.5.1009~1-e4940]:main():lattice-best-path.cc:99) For utterance tef_08318_01655969709, best cost 20.3126 + 1638.86 = 1659.17 over 348 frames.
LOG (lattice-best-path[5.5.1009~1-e4940]:main():lattice-best-path.cc:99) For utterance tef_08318_01660015022, best cost 17.9861 + 1576.77 = 1594.76 over 339 frames.
LOG (lattice-best-path[5.5.1009~1-e4940]:main():lattice-best-path.cc:99) For utterance tef_08318_01661299268, best cost 21.5646 + 1880.18 = 1901.75 over 425 frames.
LOG (lattice-best-path[5.5.1009~1-e4940]:main():lattice-best-path.cc:99) For utterance tef_08318_01667339085, best cost 15.6682 + 1536.61 = 1552.28 over 348 frames.
LOG (lattice-best-path[5.5.1009~1-e4940]:main():lattice-best-path.cc:99) For utterance tef_08318_01732103213, best cost 14.5886 + 1193.1 = 1207.69 over 271 frames.
LOG (lattice-best-path[5.5.1009~1-e4940]:main():lattice-best-path.cc:99) For utterance tef_08318_01735720805, best cost 16.6794 + 1665.23 = 1681.91 over 356 frames.
LOG (lattice-best-path[5.5.1009~1-e4940]:main():lattice-best-path.cc:99) For utterance tef_08318_01743997091, best cost 19.3509 + 1637.8 = 1657.16 over 356 frames.
LOG (lattice-best-path[5.5.1009~1-e4940]:main():lattice-best-path.cc:99) For utterance tef_08318_01750460084, best cost 25.8902 + 1790.45 = 1816.34 over 408 frames.
LOG (lattice-best-path[5.5.1009~1-e4940]:main():lattice-best-path.cc:99) For utterance tef_08318_01781749081, best cost 15.3976 + 1039.4 = 1054.8 over 228 frames.
LOG (lattice-best-path[5.5.1009~1-e4940]:main():lattice-best-path.cc:99) For utterance tef_08318_01784170952, best cost 16.5706 + 1546.01 = 1562.58 over 314 frames.
LOG (lattice-best-path[5.5.1009~1-e4940]:main():lattice-best-path.cc:99) For utterance tef_08318_01785858460, best cost 20.3806 + 1860.85 = 1881.23 over 416 frames.
LOG (lattice-best-path[5.5.1009~1-e4940]:main():lattice-best-path.cc:99) For utterance tef_08318_01820163387, best cost 17.9454 + 1472.92 = 1490.87 over 322 frames.
LOG (lattice-best-path[5.5.1009~1-e4940]:main():lattice-best-path.cc:99) For utterance tef_08318_01835997815, best cost 18.07 + 1602.46 = 1620.53 over 339 frames.
LOG (lattice-best-path[5.5.1009~1-e4940]:main():lattice-best-path.cc:99) For utterance tef_08318_01839195035, best cost 11.3707 + 750.497 = 761.868 over 169 frames.
LOG (lattice-best-path[5.5.1009~1-e4940]:main():lattice-best-path.cc:99) For utterance tef_08318_01844998747, best cost 9.6728 + 991.558 = 1001.23 over 211 frames.
LOG (lattice-best-path[5.5.1009~1-e4940]:main():lattice-best-path.cc:99) For utterance tef_08318_01850723120, best cost 17.699 + 1417.87 = 1435.57 over 322 frames.
LOG (lattice-best-path[5.5.1009~1-e4940]:main():lattice-best-path.cc:99) For utterance tef_08318_01861441158, best cost 12.6738 + 1235.55 = 1248.23 over 280 frames.
LOG (lattice-best-path[5.5.1009~1-e4940]:main():lattice-best-path.cc:99) For utterance tef_08318_01866073790, best cost 12.1952 + 1197.89 = 1210.08 over 271 frames.
LOG (lattice-best-path[5.5.1009~1-e4940]:main():lattice-best-path.cc:99) For utterance tef_08318_01874342980, best cost 18.3747 + 1641.52 = 1659.9 over 356 frames.
LOG (lattice-best-path[5.5.1009~1-e4940]:main():lattice-best-path.cc:99) For utterance tef_08318_01890838714, best cost 10.2223 + 1075.33 = 1085.56 over 245 frames.
LOG (lattice-best-path[5.5.1009~1-e4940]:main():lattice-best-path.cc:99) For utterance tef_08318_01906655170, best cost 14.3711 + 1227.49 = 1241.86 over 280 frames.
LOG (lattice-best-path[5.5.1009~1-e4940]:main():lattice-best-path.cc:99) For utterance tef_08318_01966334394, best cost 16.0876 + 1675.89 = 1691.98 over 373 frames.
LOG (lattice-best-path[5.5.1009~1-e4940]:main():lattice-best-path.cc:99) For utterance tef_08318_01979007763, best cost 14.9329 + 1348.96 = 1363.89 over 288 frames.
LOG (lattice-best-path[5.5.1009~1-e4940]:main():lattice-best-path.cc:99) For utterance tef_08318_01995555535, best cost 14.0718 + 1219.9 = 1233.97 over 254 frames.
LOG (lattice-best-path[5.5.1009~1-e4940]:main():lattice-best-path.cc:99) For utterance tef_08318_01996455164, best cost 52.9402 + 2647.59 = 2700.53 over 527 frames.
LOG (lattice-best-path[5.5.1009~1-e4940]:main():lattice-best-path.cc:99) For utterance tef_08318_02015385584, best cost 17.4456 + 1728.9 = 1746.34 over 373 frames.
LOG (lattice-best-path[5.5.1009~1-e4940]:main():lattice-best-path.cc:99) For utterance tef_08318_02017619510, best cost 16.0585 + 1177.44 = 1193.5 over 263 frames.
LOG (lattice-best-path[5.5.1009~1-e4940]:main():lattice-best-path.cc:99) For utterance tef_08318_02066214943, best cost 17.3296 + 1496.61 = 1513.94 over 348 frames.
LOG (lattice-best-path[5.5.1009~1-e4940]:main():lattice-best-path.cc:99) For utterance tef_08318_02070606357, best cost 20.9243 + 1922.68 = 1943.6 over 408 frames.
LOG (lattice-best-path[5.5.1009~1-e4940]:main():lattice-best-path.cc:99) For utterance tef_08318_02099022911, best cost 16.5524 + 1095.4 = 1111.95 over 254 frames.
LOG (lattice-best-path[5.5.1009~1-e4940]:main():lattice-best-path.cc:99) For utterance tef_08318_02100391775, best cost 23.3012 + 2374.8 = 2398.1 over 561 frames.
LOG (lattice-best-path[5.5.1009~1-e4940]:main():lattice-best-path.cc:99) For utterance tef_08318_02135231134, best cost 12.2575 + 1256.63 = 1268.89 over 263 frames.
LOG (lattice-best-path[5.5.1009~1-e4940]:main():lattice-best-path.cc:99) For utterance tef_08318_02143989848, best cost 15.1292 + 1046.76 = 1061.89 over 220 frames.
LOG (lattice-best-path[5.5.1009~1-e4940]:main():lattice-best-path.cc:99) For utterance tef_08664_00094552061, best cost 28.927 + 2913.19 = 2942.11 over 706 frames.
LOG (lattice-best-path[5.5.1009~1-e4940]:main():lattice-best-path.cc:99) For utterance tef_08664_00147124854, best cost 16.3554 + 1560.5 = 1576.85 over 450 frames.
LOG (lattice-best-path[5.5.1009~1-e4940]:main():lattice-best-path.cc:99) For utterance tef_08664_00150796821, best cost 21.9388 + 1870.63 = 1892.57 over 493 frames.
LOG (lattice-best-path[5.5.1009~1-e4940]:main():lattice-best-path.cc:99) For utterance tef_08664_00163034459, best cost 33.2848 + 3270.65 = 3303.93 over 792 frames.
LOG (lattice-best-path[5.5.1009~1-e4940]:main():lattice-best-path.cc:99) For utterance tef_08664_00174069152, best cost 25.0665 + 2391.21 = 2416.28 over 595 frames.
LOG (lattice-best-path[5.5.1009~1-e4940]:main():lattice-best-path.cc:99) For utterance tef_08664_00176236956, best cost 17.7417 + 1511.8 = 1529.55 over 450 frames.
LOG (lattice-best-path[5.5.1009~1-e4940]:main():lattice-best-path.cc:99) For utterance tef_08664_00246076542, best cost 24.0664 + 2034.52 = 2058.59 over 519 frames.
LOG (lattice-best-path[5.5.1009~1-e4940]:main():lattice-best-path.cc:99) For utterance tef_08664_00300689353, best cost 29.2236 + 2813.92 = 2843.15 over 732 frames.
LOG (lattice-best-path[5.5.1009~1-e4940]:main():lattice-best-path.cc:99) For utterance tef_08664_00311254016, best cost 24.2062 + 2613.72 = 2637.92 over 698 frames.
LOG (lattice-best-path[5.5.1009~1-e4940]:main():lattice-best-path.cc:99) For utterance tef_08664_00354445536, best cost 26.5292 + 2632.56 = 2659.09 over 732 frames.
LOG (lattice-best-path[5.5.1009~1-e4940]:main():lattice-best-path.cc:99) For utterance tef_08664_00362637264, best cost 19.3533 + 1943 = 1962.36 over 561 frames.
LOG (lattice-best-path[5.5.1009~1-e4940]:main():lattice-best-path.cc:99) For utterance tef_08664_00383414646, best cost 27.5675 + 2124.47 = 2152.03 over 587 frames.
LOG (lattice-best-path[5.5.1009~1-e4940]:main():lattice-best-path.cc:99) For utterance tef_08664_00390957165, best cost 18.6459 + 1645.76 = 1664.41 over 476 frames.
LOG (lattice-best-path[5.5.1009~1-e4940]:main():lattice-best-path.cc:99) For utterance tef_08664_00408997791, best cost 17.2645 + 1760.77 = 1778.03 over 476 frames.
LOG (lattice-best-path[5.5.1009~1-e4940]:main():lattice-best-path.cc:99) For utterance tef_08664_00429988585, best cost 15.8344 + 1682.04 = 1697.87 over 450 frames.
LOG (lattice-best-path[5.5.1009~1-e4940]:main():lattice-best-path.cc:99) For utterance tef_08664_00479649260, best cost 20.5444 + 2008.33 = 2028.87 over 519 frames.
LOG (lattice-best-path[5.5.1009~1-e4940]:main():lattice-best-path.cc:99) For utterance tef_08664_00498453949, best cost 28.6958 + 2510.22 = 2538.92 over 681 frames.
LOG (lattice-best-path[5.5.1009~1-e4940]:main():lattice-best-path.cc:99) For utterance tef_08664_00567379925, best cost 34.591 + 3028.39 = 3062.98 over 783 frames.
LOG (lattice-best-path[5.5.1009~1-e4940]:main():lattice-best-path.cc:99) For utterance tef_08664_00573075008, best cost 17.6822 + 1950.81 = 1968.49 over 553 frames.
LOG (lattice-best-path[5.5.1009~1-e4940]:main():lattice-best-path.cc:99) For utterance tef_08664_00623388974, best cost 30.956 + 2333.44 = 2364.39 over 664 frames.
LOG (lattice-best-path[5.5.1009~1-e4940]:main():lattice-best-path.cc:99) For utterance tef_08664_00696474640, best cost 18.8847 + 1585.57 = 1604.46 over 476 frames.
LOG (lattice-best-path[5.5.1009~1-e4940]:main():lattice-best-path.cc:99) For utterance tef_08664_00719514338, best cost 19.7034 + 1775.1 = 1794.8 over 519 frames.
LOG (lattice-best-path[5.5.1009~1-e4940]:main():lattice-best-path.cc:99) For utterance tef_08664_00744007281, best cost 20.1061 + 2101.5 = 2121.61 over 570 frames.
LOG (lattice-best-path[5.5.1009~1-e4940]:main():lattice-best-path.cc:99) For utterance tef_08664_00814773001, best cost 21.1829 + 1650.51 = 1671.69 over 484 frames.
LOG (lattice-best-path[5.5.1009~1-e4940]:main():lattice-best-path.cc:99) For utterance tef_08664_00831343057, best cost 34.9414 + 3097.8 = 3132.75 over 809 frames.
LOG (lattice-best-path[5.5.1009~1-e4940]:main():lattice-best-path.cc:99) For utterance tef_08664_00860133764, best cost 27.6269 + 2522.47 = 2550.09 over 698 frames.
LOG (lattice-best-path[5.5.1009~1-e4940]:main():lattice-best-path.cc:99) For utterance tef_08664_00887585353, best cost 20.769 + 1815.97 = 1836.73 over 459 frames.
LOG (lattice-best-path[5.5.1009~1-e4940]:main():lattice-best-path.cc:99) For utterance tef_08664_00966326297, best cost 19.8305 + 2030.59 = 2050.42 over 484 frames.
LOG (lattice-best-path[5.5.1009~1-e4940]:main():lattice-best-path.cc:99) For utterance tef_08664_00969627529, best cost 19.0629 + 1557.73 = 1576.79 over 408 frames.
LOG (lattice-best-path[5.5.1009~1-e4940]:main():lattice-best-path.cc:99) For utterance tef_08664_00986357671, best cost 19.2771 + 2102.46 = 2121.74 over 587 frames.
LOG (lattice-best-path[5.5.1009~1-e4940]:main():lattice-best-path.cc:99) For utterance tef_08664_00987654305, best cost 13.1924 + 1734.89 = 1748.08 over 570 frames.
LOG (lattice-best-path[5.5.1009~1-e4940]:main():lattice-best-path.cc:99) For utterance tef_08664_01094100799, best cost 32.524 + 2934.22 = 2966.74 over 749 frames.
LOG (lattice-best-path[5.5.1009~1-e4940]:main():lattice-best-path.cc:99) For utterance tef_08664_01114348859, best cost 28.3043 + 2633.46 = 2661.77 over 698 frames.
LOG (lattice-best-path[5.5.1009~1-e4940]:main():lattice-best-path.cc:99) For utterance tef_08664_01115090608, best cost 19.821 + 1721.63 = 1741.45 over 459 frames.
LOG (lattice-best-path[5.5.1009~1-e4940]:main():lattice-best-path.cc:99) For utterance tef_08664_01136678632, best cost 28.594 + 2665.64 = 2694.24 over 672 frames.
LOG (lattice-best-path[5.5.1009~1-e4940]:main():lattice-best-path.cc:99) For utterance tef_08664_01144553162, best cost 15.0071 + 1450.49 = 1465.5 over 450 frames.
LOG (lattice-best-path[5.5.1009~1-e4940]:main():lattice-best-path.cc:99) For utterance tef_08664_01160836870, best cost 19.3512 + 1978.8 = 1998.15 over 519 frames.
LOG (lattice-best-path[5.5.1009~1-e4940]:main():lattice-best-path.cc:99) For utterance tef_08664_01172965097, best cost 18.9467 + 1925.49 = 1944.43 over 544 frames.
LOG (lattice-best-path[5.5.1009~1-e4940]:main():lattice-best-path.cc:99) For utterance tef_08664_01207396972, best cost 17.2583 + 1500.35 = 1517.6 over 425 frames.
LOG (lattice-best-path[5.5.1009~1-e4940]:main():lattice-best-path.cc:99) For utterance tef_08664_01223948813, best cost 33.8715 + 1679.7 = 1713.57 over 501 frames.
LOG (lattice-best-path[5.5.1009~1-e4940]:main():lattice-best-path.cc:99) For utterance tef_08664_01235956430, best cost 19.7503 + 1684.24 = 1703.99 over 450 frames.
LOG (lattice-best-path[5.5.1009~1-e4940]:main():lattice-best-path.cc:99) For utterance tef_08664_01272825717, best cost 41.2116 + 1383.64 = 1424.85 over 382 frames.
LOG (lattice-best-path[5.5.1009~1-e4940]:main():lattice-best-path.cc:99) For utterance tef_08664_01282259478, best cost 19.2661 + 1878.71 = 1897.98 over 536 frames.
LOG (lattice-best-path[5.5.1009~1-e4940]:main():lattice-best-path.cc:99) For utterance tef_08664_01413320712, best cost 19.8492 + 2001.04 = 2020.89 over 544 frames.
LOG (lattice-best-path[5.5.1009~1-e4940]:main():lattice-best-path.cc:99) For utterance tef_08664_01447507540, best cost 23.0192 + 2031.63 = 2054.65 over 544 frames.
LOG (lattice-best-path[5.5.1009~1-e4940]:main():lattice-best-path.cc:99) For utterance tef_08664_01524452724, best cost 39.2779 + 2000.51 = 2039.79 over 519 frames.
LOG (lattice-best-path[5.5.1009~1-e4940]:main():lattice-best-path.cc:99) For utterance tef_08664_01594412687, best cost 25.7859 + 2556.38 = 2582.17 over 612 frames.
LOG (lattice-best-path[5.5.1009~1-e4940]:main():lattice-best-path.cc:99) For utterance tef_08664_01599099513, best cost 15.0422 + 1485.32 = 1500.36 over 399 frames.
LOG (lattice-best-path[5.5.1009~1-e4940]:main():lattice-best-path.cc:99) For utterance tef_08664_01622679913, best cost 19.9091 + 1507.75 = 1527.66 over 408 frames.
LOG (lattice-best-path[5.5.1009~1-e4940]:main():lattice-best-path.cc:99) For utterance tef_08664_01643023576, best cost 30.8434 + 3122.89 = 3153.73 over 851 frames.
LOG (lattice-best-path[5.5.1009~1-e4940]:main():lattice-best-path.cc:99) For utterance tef_08664_01651227751, best cost 26.9401 + 2377.33 = 2404.27 over 638 frames.
LOG (lattice-best-path[5.5.1009~1-e4940]:main():lattice-best-path.cc:99) For utterance tef_08664_01679090723, best cost 18.7413 + 1938.19 = 1956.93 over 578 frames.
LOG (lattice-best-path[5.5.1009~1-e4940]:main():lattice-best-path.cc:99) For utterance tef_08664_01680916906, best cost 18.9433 + 1661.69 = 1680.63 over 450 frames.
LOG (lattice-best-path[5.5.1009~1-e4940]:main():lattice-best-path.cc:99) For utterance tef_08664_01703356466, best cost 16.2313 + 1744.6 = 1760.83 over 442 frames.
LOG (lattice-best-path[5.5.1009~1-e4940]:main():lattice-best-path.cc:99) For utterance tef_08664_01709647170, best cost 19.0774 + 1945.56 = 1964.63 over 570 frames.
LOG (lattice-depth-per-frame[5.5.1009~1-e4940]:main():lattice-depth-per-frame.cc:82) Done 545 lattices.
LOG (lattice-best-path[5.5.1009~1-e4940]:main():lattice-best-path.cc:99) For utterance tef_08664_01741803466, best cost 19.4016 + 2091.5 = 2110.91 over 570 frames.
LOG (lattice-best-path[5.5.1009~1-e4940]:main():lattice-best-path.cc:99) For utterance tef_08664_01799276576, best cost 36.1109 + 3581.94 = 3618.05 over 851 frames.
LOG (lattice-best-path[5.5.1009~1-e4940]:main():lattice-best-path.cc:99) For utterance tef_08664_01835778540, best cost 17.7014 + 1647.95 = 1665.65 over 433 frames.
LOG (lattice-best-path[5.5.1009~1-e4940]:main():lattice-best-path.cc:99) For utterance tef_08664_01870730861, best cost 11.4863 + 1364.83 = 1376.32 over 425 frames.
LOG (lattice-best-path[5.5.1009~1-e4940]:main():lattice-best-path.cc:99) For utterance tef_08664_01879729014, best cost 20.6116 + 2012.53 = 2033.14 over 553 frames.
LOG (lattice-best-path[5.5.1009~1-e4940]:main():lattice-best-path.cc:99) For utterance tef_08664_01902997961, best cost 23.6785 + 2622.72 = 2646.4 over 698 frames.
LOG (lattice-best-path[5.5.1009~1-e4940]:main():lattice-best-path.cc:99) For utterance tef_08664_01914398055, best cost 19.3485 + 2109.74 = 2129.09 over 655 frames.
LOG (lattice-best-path[5.5.1009~1-e4940]:main():lattice-best-path.cc:99) For utterance tef_08664_01938828366, best cost 22.3492 + 2605.09 = 2627.44 over 715 frames.
LOG (lattice-best-path[5.5.1009~1-e4940]:main():lattice-best-path.cc:99) For utterance tef_08664_01980542075, best cost 19.1303 + 1734.83 = 1753.96 over 484 frames.
LOG (lattice-best-path[5.5.1009~1-e4940]:main():lattice-best-path.cc:99) For utterance tef_08664_01995689451, best cost 19.7875 + 1697.03 = 1716.81 over 459 frames.
LOG (lattice-best-path[5.5.1009~1-e4940]:main():lattice-best-path.cc:99) For utterance tef_08664_02003318713, best cost 20.5707 + 1693.35 = 1713.93 over 484 frames.
LOG (lattice-best-path[5.5.1009~1-e4940]:main():lattice-best-path.cc:99) For utterance tef_08664_02006501317, best cost 19.4007 + 1831.91 = 1851.31 over 493 frames.
LOG (lattice-best-path[5.5.1009~1-e4940]:main():lattice-best-path.cc:99) For utterance tef_08664_02016400259, best cost 39.2593 + 3614.53 = 3653.79 over 937 frames.
LOG (lattice-best-path[5.5.1009~1-e4940]:main():lattice-best-path.cc:99) For utterance tef_08664_02113752958, best cost 32.0733 + 3092.82 = 3124.89 over 834 frames.
LOG (lattice-best-path[5.5.1009~1-e4940]:main():lattice-best-path.cc:99) For utterance tef_08664_02114291156, best cost 20.0944 + 1856.36 = 1876.46 over 587 frames.
LOG (lattice-best-path[5.5.1009~1-e4940]:main():lattice-best-path.cc:99) For utterance tef_08664_02126646007, best cost 26.8561 + 2469.2 = 2496.06 over 612 frames.
LOG (lattice-best-path[5.5.1009~1-e4940]:main():lattice-best-path.cc:124) Overall cost per frame is 4.24445 = 0.0497467 [graph] + 4.19471 [acoustic] over 218211 frames.
LOG (lattice-best-path[5.5.1009~1-e4940]:main():lattice-best-path.cc:128) Done 545 lattices, failed for 0
# Accounting: time=0 threads=1
# Ended (code 0) at Tue Jun 14 09:45:22 UTC 2022, elapsed time 0 seconds
