# lattice-depth-per-frame "ark:gunzip -c telugu_exp/tri3_cleaned_work/lats/lat.55.gz|" "ark,t:|gzip -c > telugu_exp/tri3_cleaned_work/lats/depth_tmp.55.gz" ark:- | lattice-best-path --acoustic-scale=0.1 ark:- ark:/dev/null "ark,t:|gzip -c >telugu_exp/tri3_cleaned_work/lats/ali_tmp.55.gz" 
# Started at Tue Jun 14 09:45:21 UTC 2022
#
lattice-best-path --acoustic-scale=0.1 ark:- ark:/dev/null 'ark,t:|gzip -c >telugu_exp/tri3_cleaned_work/lats/ali_tmp.55.gz' 
lattice-depth-per-frame 'ark:gunzip -c telugu_exp/tri3_cleaned_work/lats/lat.55.gz|' 'ark,t:|gzip -c > telugu_exp/tri3_cleaned_work/lats/depth_tmp.55.gz' ark:- 
LOG (lattice-best-path[5.5.1009~1-e4940]:main():lattice-best-path.cc:99) For utterance TE0529-TE0531_2-B.021, best cost 11.7583 + 921.867 = 933.625 over 174 frames.
LOG (lattice-best-path[5.5.1009~1-e4940]:main():lattice-best-path.cc:99) For utterance TE0529-TE0531_2-B.135, best cost 21.0168 + 1303.59 = 1324.61 over 256 frames.
LOG (lattice-best-path[5.5.1009~1-e4940]:main():lattice-best-path.cc:99) For utterance TE0530-TE0532_1-A.008, best cost 13.8215 + 824.663 = 838.485 over 168 frames.
LOG (lattice-best-path[5.5.1009~1-e4940]:main():lattice-best-path.cc:99) For utterance TE0530-TE0532_1-A.103, best cost 8.6935 + 491.317 = 500.011 over 107 frames.
LOG (lattice-best-path[5.5.1009~1-e4940]:main():lattice-best-path.cc:99) For utterance TE0530-TE0532_1-A.105, best cost 8.82418 + 326.825 = 335.649 over 69 frames.
LOG (lattice-best-path[5.5.1009~1-e4940]:main():lattice-best-path.cc:99) For utterance TE0530-TE0532_1-A.131, best cost 19.2098 + 878.668 = 897.878 over 193 frames.
LOG (lattice-best-path[5.5.1009~1-e4940]:main():lattice-best-path.cc:99) For utterance TE0530-TE0532_1-A.143, best cost 19.1817 + 830.839 = 850.021 over 176 frames.
LOG (lattice-best-path[5.5.1009~1-e4940]:main():lattice-best-path.cc:99) For utterance TE0530-TE0532_1-A.192, best cost 16.5927 + 660.804 = 677.397 over 157 frames.
LOG (lattice-best-path[5.5.1009~1-e4940]:main():lattice-best-path.cc:99) For utterance TE0530-TE0532_1-A.200, best cost 11.5311 + 453.676 = 465.207 over 96 frames.
LOG (lattice-best-path[5.5.1009~1-e4940]:main():lattice-best-path.cc:99) For utterance TE0530-TE0532_1-A.231, best cost 9.89223 + 362.268 = 372.16 over 77 frames.
LOG (lattice-best-path[5.5.1009~1-e4940]:main():lattice-best-path.cc:99) For utterance TE0530-TE0532_1-A.241, best cost 8.51996 + 506.779 = 515.299 over 111 frames.
LOG (lattice-best-path[5.5.1009~1-e4940]:main():lattice-best-path.cc:99) For utterance TE0530-TE0532_1-A.243, best cost 8.18727 + 393.845 = 402.032 over 91 frames.
LOG (lattice-best-path[5.5.1009~1-e4940]:main():lattice-best-path.cc:99) For utterance TE0530-TE0532_1-A.263, best cost 5.24554 + 426.006 = 431.251 over 97 frames.
LOG (lattice-best-path[5.5.1009~1-e4940]:main():lattice-best-path.cc:99) For utterance TE0530-TE0532_1-A.294, best cost 8.16292 + 338.237 = 346.399 over 78 frames.
LOG (lattice-best-path[5.5.1009~1-e4940]:main():lattice-best-path.cc:99) For utterance TE0530-TE0532_1-A.307, best cost 13.5665 + 724.686 = 738.252 over 161 frames.
LOG (lattice-best-path[5.5.1009~1-e4940]:main():lattice-best-path.cc:99) For utterance TE0530-TE0532_1-A.360, best cost 9.08864 + 541.686 = 550.774 over 113 frames.
LOG (lattice-best-path[5.5.1009~1-e4940]:main():lattice-best-path.cc:99) For utterance TE0530-TE0532_1-A.361, best cost 17.4194 + 1074.25 = 1091.67 over 227 frames.
LOG (lattice-best-path[5.5.1009~1-e4940]:main():lattice-best-path.cc:99) For utterance TE0530-TE0532_1-A.379, best cost 14.4837 + 529.831 = 544.315 over 134 frames.
LOG (lattice-best-path[5.5.1009~1-e4940]:main():lattice-best-path.cc:99) For utterance TE0530-TE0532_1-A.406, best cost 13.9988 + 647.511 = 661.51 over 161 frames.
LOG (lattice-best-path[5.5.1009~1-e4940]:main():lattice-best-path.cc:99) For utterance TE0530-TE0532_1-B.017, best cost 9.56589 + 492.982 = 502.548 over 112 frames.
LOG (lattice-best-path[5.5.1009~1-e4940]:main():lattice-best-path.cc:99) For utterance TE0530-TE0532_1-B.033, best cost 44.1517 + 1546.38 = 1590.53 over 372 frames.
LOG (lattice-best-path[5.5.1009~1-e4940]:main():lattice-best-path.cc:99) For utterance TE0530-TE0532_1-B.047, best cost 9.93728 + 522.898 = 532.836 over 117 frames.
LOG (lattice-best-path[5.5.1009~1-e4940]:main():lattice-best-path.cc:99) For utterance TE0530-TE0532_1-B.062, best cost 4.34723 + 241.079 = 245.426 over 69 frames.
LOG (lattice-best-path[5.5.1009~1-e4940]:main():lattice-best-path.cc:99) For utterance TE0530-TE0532_1-B.072, best cost 4.38495 + 294.656 = 299.041 over 75 frames.
LOG (lattice-best-path[5.5.1009~1-e4940]:main():lattice-best-path.cc:99) For utterance TE0530-TE0532_1-B.114, best cost 23.3306 + 776.775 = 800.106 over 171 frames.
LOG (lattice-best-path[5.5.1009~1-e4940]:main():lattice-best-path.cc:99) For utterance TE0530-TE0532_1-B.118, best cost 22.9747 + 857.652 = 880.627 over 199 frames.
LOG (lattice-best-path[5.5.1009~1-e4940]:main():lattice-best-path.cc:99) For utterance TE0530-TE0532_1-B.135, best cost 4.81379 + 243.324 = 248.138 over 57 frames.
LOG (lattice-best-path[5.5.1009~1-e4940]:main():lattice-best-path.cc:99) For utterance TE0530-TE0532_1-B.145, best cost 4.58061 + 210.169 = 214.749 over 64 frames.
LOG (lattice-best-path[5.5.1009~1-e4940]:main():lattice-best-path.cc:99) For utterance TE0530-TE0532_1-B.148, best cost 16.8179 + 888.371 = 905.189 over 205 frames.
LOG (lattice-best-path[5.5.1009~1-e4940]:main():lattice-best-path.cc:99) For utterance TE0530-TE0532_1-B.163, best cost 19.7204 + 1096.03 = 1115.75 over 254 frames.
LOG (lattice-best-path[5.5.1009~1-e4940]:main():lattice-best-path.cc:99) For utterance TE0530-TE0532_1-B.194, best cost 16.0188 + 1035.89 = 1051.91 over 231 frames.
LOG (lattice-best-path[5.5.1009~1-e4940]:main():lattice-best-path.cc:99) For utterance TE0530-TE0532_1-B.206, best cost 9.87025 + 561.447 = 571.317 over 139 frames.
LOG (lattice-best-path[5.5.1009~1-e4940]:main():lattice-best-path.cc:99) For utterance TE0530-TE0532_1-B.210, best cost 13.1236 + 708.577 = 721.701 over 153 frames.
LOG (lattice-best-path[5.5.1009~1-e4940]:main():lattice-best-path.cc:99) For utterance TE0530-TE0532_1-B.212, best cost 8.6003 + 345.256 = 353.857 over 73 frames.
LOG (lattice-best-path[5.5.1009~1-e4940]:main():lattice-best-path.cc:99) For utterance TE0530-TE0532_1-B.222, best cost 11.5964 + 558.02 = 569.616 over 123 frames.
LOG (lattice-best-path[5.5.1009~1-e4940]:main():lattice-best-path.cc:99) For utterance TE0530-TE0532_1-B.230, best cost 10.9559 + 361.976 = 372.932 over 78 frames.
LOG (lattice-best-path[5.5.1009~1-e4940]:main():lattice-best-path.cc:99) For utterance TE0530-TE0532_1-B.236, best cost 5.07003 + 342.371 = 347.441 over 79 frames.
LOG (lattice-best-path[5.5.1009~1-e4940]:main():lattice-best-path.cc:99) For utterance TE0530-TE0532_1-B.239, best cost 9.69587 + 412.618 = 422.314 over 93 frames.
LOG (lattice-best-path[5.5.1009~1-e4940]:main():lattice-best-path.cc:99) For utterance TE0530-TE0532_2-A.053, best cost 7.40405 + 313.33 = 320.734 over 99 frames.
LOG (lattice-best-path[5.5.1009~1-e4940]:main():lattice-best-path.cc:99) For utterance TE0530-TE0532_2-A.353, best cost 11.6205 + 547.185 = 558.806 over 141 frames.
LOG (lattice-best-path[5.5.1009~1-e4940]:main():lattice-best-path.cc:99) For utterance TE0530-TE0532_2-B.154, best cost 7.75982 + 358.727 = 366.487 over 78 frames.
LOG (lattice-best-path[5.5.1009~1-e4940]:main():lattice-best-path.cc:99) For utterance TE0530-TE0532_2-B.175, best cost 10.1985 + 569.883 = 580.081 over 120 frames.
LOG (lattice-best-path[5.5.1009~1-e4940]:main():lattice-best-path.cc:99) For utterance TE0530-TE0532_2-B.205, best cost 12.3907 + 966.033 = 978.423 over 208 frames.
LOG (lattice-best-path[5.5.1009~1-e4940]:main():lattice-best-path.cc:99) For utterance TE0530-TE0532_2-B.249, best cost 10.7922 + 544.628 = 555.42 over 116 frames.
LOG (lattice-best-path[5.5.1009~1-e4940]:main():lattice-best-path.cc:99) For utterance TE0531-TE0532_1-A.016, best cost 9.52141 + 604.055 = 613.576 over 132 frames.
LOG (lattice-best-path[5.5.1009~1-e4940]:main():lattice-best-path.cc:99) For utterance TE0531-TE0532_1-A.100, best cost 5.21985 + 413.921 = 419.141 over 88 frames.
LOG (lattice-best-path[5.5.1009~1-e4940]:main():lattice-best-path.cc:99) For utterance TE0531-TE0532_1-A.323, best cost 8.9199 + 200.546 = 209.466 over 52 frames.
LOG (lattice-best-path[5.5.1009~1-e4940]:main():lattice-best-path.cc:99) For utterance TE0531-TE0532_1-B.088, best cost 10.6257 + 557.983 = 568.609 over 134 frames.
LOG (lattice-best-path[5.5.1009~1-e4940]:main():lattice-best-path.cc:99) For utterance TE0531-TE0532_1-B.092, best cost 9.98433 + 482.627 = 492.611 over 109 frames.
LOG (lattice-best-path[5.5.1009~1-e4940]:main():lattice-best-path.cc:99) For utterance TE0531-TE0532_1-B.117, best cost 4.30622 + 229.602 = 233.908 over 61 frames.
LOG (lattice-best-path[5.5.1009~1-e4940]:main():lattice-best-path.cc:99) For utterance TE0531-TE0532_1-B.121, best cost 12.0054 + 583.396 = 595.401 over 139 frames.
LOG (lattice-best-path[5.5.1009~1-e4940]:main():lattice-best-path.cc:99) For utterance TE0531-TE0532_2-B.024, best cost 11.8883 + 826.592 = 838.48 over 177 frames.
LOG (lattice-best-path[5.5.1009~1-e4940]:main():lattice-best-path.cc:99) For utterance TE0531-TE0532_2-B.189, best cost 12.2307 + 501.858 = 514.088 over 121 frames.
LOG (lattice-best-path[5.5.1009~1-e4940]:main():lattice-best-path.cc:99) For utterance TE0531-TE0532_2-B.228, best cost 7.89662 + 414.706 = 422.603 over 92 frames.
LOG (lattice-best-path[5.5.1009~1-e4940]:main():lattice-best-path.cc:99) For utterance TE0531-TE0532_2-B.270, best cost 10.7426 + 588.564 = 599.307 over 133 frames.
LOG (lattice-best-path[5.5.1009~1-e4940]:main():lattice-best-path.cc:99) For utterance TE0531-TE0532_2-B.322, best cost 19.6638 + 1331.14 = 1350.81 over 287 frames.
LOG (lattice-best-path[5.5.1009~1-e4940]:main():lattice-best-path.cc:99) For utterance TE0531-TE0532_2-B.326, best cost 10.6845 + 579.156 = 589.841 over 142 frames.
LOG (lattice-best-path[5.5.1009~1-e4940]:main():lattice-best-path.cc:99) For utterance TE0533-TE0534_1-A.055, best cost 18.2606 + 1027.86 = 1046.12 over 192 frames.
LOG (lattice-best-path[5.5.1009~1-e4940]:main():lattice-best-path.cc:99) For utterance TE0533-TE0534_1-A.142, best cost 7.3525 + 332.96 = 340.313 over 67 frames.
LOG (lattice-best-path[5.5.1009~1-e4940]:main():lattice-best-path.cc:99) For utterance TE0533-TE0534_1-A.147, best cost 13.3028 + 750.379 = 763.681 over 134 frames.
LOG (lattice-best-path[5.5.1009~1-e4940]:main():lattice-best-path.cc:99) For utterance TE0533-TE0534_2-A.083, best cost 2.86582 + 437.66 = 440.525 over 103 frames.
LOG (lattice-best-path[5.5.1009~1-e4940]:main():lattice-best-path.cc:99) For utterance TE0533-TE0534_2-A.091, best cost 3.16706 + 352.224 = 355.391 over 71 frames.
LOG (lattice-best-path[5.5.1009~1-e4940]:main():lattice-best-path.cc:99) For utterance TE0533-TE0534_2-B.010, best cost 9.13266 + 552.646 = 561.779 over 143 frames.
LOG (lattice-best-path[5.5.1009~1-e4940]:main():lattice-best-path.cc:99) For utterance TE0533-TE0534_2-B.012, best cost 18.3649 + 671.479 = 689.843 over 186 frames.
LOG (lattice-best-path[5.5.1009~1-e4940]:main():lattice-best-path.cc:99) For utterance TE0533-TE0534_2-B.015, best cost 17.7267 + 912.62 = 930.347 over 197 frames.
LOG (lattice-best-path[5.5.1009~1-e4940]:main():lattice-best-path.cc:99) For utterance TE0533-TE0534_2-B.048, best cost 26.079 + 1624.27 = 1650.35 over 372 frames.
LOG (lattice-best-path[5.5.1009~1-e4940]:main():lattice-best-path.cc:99) For utterance TE0533-TE0534_2-B.057, best cost 20.4752 + 1085.59 = 1106.06 over 297 frames.
LOG (lattice-best-path[5.5.1009~1-e4940]:main():lattice-best-path.cc:99) For utterance TE0533-TE0534_2-B.059, best cost 31.6311 + 1760.05 = 1791.68 over 398 frames.
LOG (lattice-best-path[5.5.1009~1-e4940]:main():lattice-best-path.cc:99) For utterance TE0533-TE0534_2-B.133, best cost 20.0544 + 1227.14 = 1247.2 over 267 frames.
LOG (lattice-best-path[5.5.1009~1-e4940]:main():lattice-best-path.cc:99) For utterance TE0533-TE0534_2-B.136, best cost 15.7733 + 948.216 = 963.989 over 232 frames.
LOG (lattice-best-path[5.5.1009~1-e4940]:main():lattice-best-path.cc:99) For utterance TE0533-TE0534_2-B.155, best cost 24.8462 + 1621.8 = 1646.64 over 346 frames.
LOG (lattice-best-path[5.5.1009~1-e4940]:main():lattice-best-path.cc:99) For utterance TE0533-TE0534_2-B.174, best cost 9.86768 + 644.446 = 654.313 over 166 frames.
LOG (lattice-best-path[5.5.1009~1-e4940]:main():lattice-best-path.cc:99) For utterance TE0533-TE0534_2-B.181, best cost 11.2656 + 554.949 = 566.214 over 128 frames.
LOG (lattice-best-path[5.5.1009~1-e4940]:main():lattice-best-path.cc:99) For utterance TE0533-TE0534_2-B.272, best cost 11.2219 + 553.799 = 565.021 over 128 frames.
LOG (lattice-best-path[5.5.1009~1-e4940]:main():lattice-best-path.cc:99) For utterance TE0533-TE0534_2-B.308, best cost 40.0773 + 2501.23 = 2541.31 over 538 frames.
LOG (lattice-best-path[5.5.1009~1-e4940]:main():lattice-best-path.cc:99) For utterance TE0533-TE0535_1-A.006, best cost 14.1377 + 716.798 = 730.936 over 159 frames.
LOG (lattice-best-path[5.5.1009~1-e4940]:main():lattice-best-path.cc:99) For utterance TE0533-TE0535_1-A.039, best cost 13.3133 + 884.323 = 897.636 over 191 frames.
LOG (lattice-best-path[5.5.1009~1-e4940]:main():lattice-best-path.cc:99) For utterance TE0533-TE0535_1-B.022, best cost 3.16017 + 391.876 = 395.036 over 98 frames.
LOG (lattice-best-path[5.5.1009~1-e4940]:main():lattice-best-path.cc:99) For utterance TE0533-TE0535_1-B.026, best cost 2.13755 + 280.565 = 282.703 over 81 frames.
LOG (lattice-best-path[5.5.1009~1-e4940]:main():lattice-best-path.cc:99) For utterance TE0533-TE0535_1-B.036, best cost 2.17923 + 347.838 = 350.017 over 82 frames.
LOG (lattice-best-path[5.5.1009~1-e4940]:main():lattice-best-path.cc:99) For utterance TE0533-TE0535_1-B.047, best cost 14.9914 + 794.29 = 809.281 over 179 frames.
LOG (lattice-best-path[5.5.1009~1-e4940]:main():lattice-best-path.cc:99) For utterance TE0533-TE0535_1-B.051, best cost 1.92687 + 387.608 = 389.535 over 104 frames.
LOG (lattice-best-path[5.5.1009~1-e4940]:main():lattice-best-path.cc:99) For utterance TE0533-TE0535_1-B.069, best cost 1.90847 + 274.506 = 276.415 over 69 frames.
LOG (lattice-best-path[5.5.1009~1-e4940]:main():lattice-best-path.cc:99) For utterance TE0533-TE0535_1-B.082, best cost 24.554 + 1013.68 = 1038.23 over 213 frames.
LOG (lattice-best-path[5.5.1009~1-e4940]:main():lattice-best-path.cc:99) For utterance TE0533-TE0535_1-B.089, best cost 2.35949 + 484.813 = 487.173 over 113 frames.
LOG (lattice-best-path[5.5.1009~1-e4940]:main():lattice-best-path.cc:99) For utterance TE0533-TE0535_1-B.102, best cost 3.11035 + 329.744 = 332.854 over 91 frames.
LOG (lattice-best-path[5.5.1009~1-e4940]:main():lattice-best-path.cc:99) For utterance TE0533-TE0535_1-B.106, best cost 1.9789 + 350.013 = 351.992 over 91 frames.
LOG (lattice-best-path[5.5.1009~1-e4940]:main():lattice-best-path.cc:99) For utterance TE0533-TE0535_1-B.115, best cost 2.2586 + 344.644 = 346.902 over 91 frames.
LOG (lattice-best-path[5.5.1009~1-e4940]:main():lattice-best-path.cc:99) For utterance TE0533-TE0535_1-B.121, best cost 2.21393 + 340.7 = 342.914 over 78 frames.
LOG (lattice-best-path[5.5.1009~1-e4940]:main():lattice-best-path.cc:99) For utterance TE0533-TE0535_1-B.123, best cost 1.96586 + 350.727 = 352.693 over 82 frames.
LOG (lattice-best-path[5.5.1009~1-e4940]:main():lattice-best-path.cc:99) For utterance TE0533-TE0535_1-B.167, best cost 1.96238 + 320.267 = 322.229 over 82 frames.
LOG (lattice-best-path[5.5.1009~1-e4940]:main():lattice-best-path.cc:99) For utterance TE0533-TE0535_1-B.184, best cost 13.2734 + 782.246 = 795.519 over 196 frames.
LOG (lattice-best-path[5.5.1009~1-e4940]:main():lattice-best-path.cc:99) For utterance TE0533-TE0535_1-B.189, best cost 1.79628 + 230.754 = 232.55 over 54 frames.
LOG (lattice-best-path[5.5.1009~1-e4940]:main():lattice-best-path.cc:99) For utterance TE0533-TE0535_1-B.198, best cost 2.19981 + 277.538 = 279.738 over 76 frames.
LOG (lattice-best-path[5.5.1009~1-e4940]:main():lattice-best-path.cc:99) For utterance TE0533-TE0535_1-B.207, best cost 1.53511 + 152.052 = 153.587 over 48 frames.
LOG (lattice-best-path[5.5.1009~1-e4940]:main():lattice-best-path.cc:99) For utterance TE0533-TE0535_1-B.217, best cost 6.91633 + 578.269 = 585.185 over 133 frames.
LOG (lattice-best-path[5.5.1009~1-e4940]:main():lattice-best-path.cc:99) For utterance TE0533-TE0535_1-B.227, best cost 15.5693 + 744.635 = 760.204 over 168 frames.
LOG (lattice-best-path[5.5.1009~1-e4940]:main():lattice-best-path.cc:99) For utterance TE0533-TE0535_1-B.231, best cost 2.13345 + 288.425 = 290.558 over 81 frames.
LOG (lattice-best-path[5.5.1009~1-e4940]:main():lattice-best-path.cc:99) For utterance TE0533-TE0535_1-B.245, best cost 10.9825 + 531.185 = 542.167 over 121 frames.
LOG (lattice-best-path[5.5.1009~1-e4940]:main():lattice-best-path.cc:99) For utterance TE0533-TE0535_1-B.247, best cost 13.0733 + 652.617 = 665.691 over 143 frames.
LOG (lattice-best-path[5.5.1009~1-e4940]:main():lattice-best-path.cc:99) For utterance TE0533-TE0535_1-B.258, best cost 22.7498 + 1076.71 = 1099.46 over 248 frames.
LOG (lattice-best-path[5.5.1009~1-e4940]:main():lattice-best-path.cc:99) For utterance TE0533-TE0535_2-A.009, best cost 9.90122 + 534.41 = 544.311 over 113 frames.
LOG (lattice-best-path[5.5.1009~1-e4940]:main():lattice-best-path.cc:99) For utterance TE0533-TE0535_2-A.013, best cost 26.7591 + 1682.3 = 1709.06 over 371 frames.
LOG (lattice-best-path[5.5.1009~1-e4940]:main():lattice-best-path.cc:99) For utterance TE0533-TE0535_2-A.083, best cost 19.0705 + 1078.9 = 1097.97 over 229 frames.
LOG (lattice-best-path[5.5.1009~1-e4940]:main():lattice-best-path.cc:99) For utterance TE0533-TE0535_2-A.115, best cost 7.1184 + 371.196 = 378.314 over 88 frames.
LOG (lattice-best-path[5.5.1009~1-e4940]:main():lattice-best-path.cc:99) For utterance TE0533-TE0535_2-A.147, best cost 3.85749 + 283.47 = 287.328 over 76 frames.
LOG (lattice-best-path[5.5.1009~1-e4940]:main():lattice-best-path.cc:99) For utterance TE0533-TE0535_2-A.199, best cost 12.212 + 509.262 = 521.474 over 109 frames.
LOG (lattice-best-path[5.5.1009~1-e4940]:main():lattice-best-path.cc:99) For utterance TE0533-TE0535_2-B.016, best cost 19.6087 + 965.207 = 984.816 over 219 frames.
LOG (lattice-best-path[5.5.1009~1-e4940]:main():lattice-best-path.cc:99) For utterance TE0533-TE0535_2-B.022, best cost 9.23152 + 278.859 = 288.091 over 74 frames.
LOG (lattice-best-path[5.5.1009~1-e4940]:main():lattice-best-path.cc:99) For utterance TE0533-TE0535_2-B.042, best cost 4.19336 + 428.371 = 432.564 over 81 frames.
LOG (lattice-best-path[5.5.1009~1-e4940]:main():lattice-best-path.cc:99) For utterance TE0533-TE0535_2-B.052, best cost 10.3517 + 442.202 = 452.554 over 92 frames.
LOG (lattice-best-path[5.5.1009~1-e4940]:main():lattice-best-path.cc:99) For utterance TE0533-TE0535_2-B.068, best cost 13.4965 + 668.136 = 681.633 over 186 frames.
LOG (lattice-best-path[5.5.1009~1-e4940]:main():lattice-best-path.cc:99) For utterance TE0533-TE0535_2-B.092, best cost 4.31614 + 522.323 = 526.639 over 118 frames.
LOG (lattice-best-path[5.5.1009~1-e4940]:main():lattice-best-path.cc:99) For utterance TE0533-TE0535_2-B.096, best cost 3.84924 + 416.101 = 419.95 over 111 frames.
LOG (lattice-best-path[5.5.1009~1-e4940]:main():lattice-best-path.cc:99) For utterance TE0533-TE0535_2-B.117, best cost 10.9892 + 498.344 = 509.333 over 111 frames.
LOG (lattice-best-path[5.5.1009~1-e4940]:main():lattice-best-path.cc:99) For utterance TE0533-TE0535_2-B.119, best cost 4.18725 + 493.9 = 498.087 over 90 frames.
LOG (lattice-best-path[5.5.1009~1-e4940]:main():lattice-best-path.cc:99) For utterance TE0533-TE0535_2-B.125, best cost 9.13277 + 519.468 = 528.601 over 113 frames.
LOG (lattice-best-path[5.5.1009~1-e4940]:main():lattice-best-path.cc:99) For utterance TE0533-TE0535_2-B.165, best cost 5.78178 + 256.179 = 261.961 over 58 frames.
LOG (lattice-best-path[5.5.1009~1-e4940]:main():lattice-best-path.cc:99) For utterance TE0533-TE0535_2-B.167, best cost 6.58682 + 398.47 = 405.057 over 78 frames.
LOG (lattice-best-path[5.5.1009~1-e4940]:main():lattice-best-path.cc:99) For utterance TE0533-TE0535_2-B.177, best cost 8.3821 + 387.861 = 396.243 over 82 frames.
LOG (lattice-best-path[5.5.1009~1-e4940]:main():lattice-best-path.cc:99) For utterance TE0533-TE0535_2-B.272, best cost 6.05669 + 401.977 = 408.033 over 89 frames.
LOG (lattice-best-path[5.5.1009~1-e4940]:main():lattice-best-path.cc:99) For utterance TE0533-TE0535_2-B.310, best cost 7.55265 + 342.934 = 350.486 over 89 frames.
LOG (lattice-best-path[5.5.1009~1-e4940]:main():lattice-best-path.cc:99) For utterance TE0533-TE0535_2-B.335, best cost 22.5594 + 1149.64 = 1172.2 over 263 frames.
LOG (lattice-best-path[5.5.1009~1-e4940]:main():lattice-best-path.cc:99) For utterance TE0533-TE0535_2-B.354, best cost 3.52152 + 436.123 = 439.644 over 128 frames.
LOG (lattice-best-path[5.5.1009~1-e4940]:main():lattice-best-path.cc:99) For utterance TE0533-TE0535_2-B.386, best cost 3.10007 + 320.997 = 324.097 over 89 frames.
LOG (lattice-best-path[5.5.1009~1-e4940]:main():lattice-best-path.cc:99) For utterance TE0534-TE0536_1-A.004, best cost 7.9758 + 242.541 = 250.516 over 52 frames.
LOG (lattice-best-path[5.5.1009~1-e4940]:main():lattice-best-path.cc:99) For utterance TE0534-TE0536_1-A.054, best cost 7.03908 + 243.571 = 250.61 over 59 frames.
LOG (lattice-best-path[5.5.1009~1-e4940]:main():lattice-best-path.cc:99) For utterance TE0534-TE0536_1-B.025, best cost 25.2206 + 879.569 = 904.789 over 182 frames.
LOG (lattice-best-path[5.5.1009~1-e4940]:main():lattice-best-path.cc:99) For utterance TE0534-TE0536_1-B.028, best cost 10.5964 + 465.786 = 476.383 over 92 frames.
LOG (lattice-best-path[5.5.1009~1-e4940]:main():lattice-best-path.cc:99) For utterance TE0534-TE0536_1-B.066, best cost 10.5078 + 483.074 = 493.582 over 95 frames.
LOG (lattice-best-path[5.5.1009~1-e4940]:main():lattice-best-path.cc:99) For utterance TE0534-TE0536_1-B.068, best cost 6.74878 + 288.837 = 295.586 over 57 frames.
LOG (lattice-best-path[5.5.1009~1-e4940]:main():lattice-best-path.cc:99) For utterance TE0534-TE0536_1-B.070, best cost 14.9777 + 1018.86 = 1033.84 over 213 frames.
LOG (lattice-best-path[5.5.1009~1-e4940]:main():lattice-best-path.cc:99) For utterance TE0534-TE0536_1-B.081, best cost 5.31616 + 326.306 = 331.622 over 73 frames.
LOG (lattice-best-path[5.5.1009~1-e4940]:main():lattice-best-path.cc:99) For utterance TE0534-TE0536_1-B.083, best cost 8.24099 + 369.67 = 377.911 over 92 frames.
LOG (lattice-best-path[5.5.1009~1-e4940]:main():lattice-best-path.cc:99) For utterance TE0534-TE0536_1-B.086, best cost 12.0188 + 556.797 = 568.815 over 124 frames.
LOG (lattice-best-path[5.5.1009~1-e4940]:main():lattice-best-path.cc:99) For utterance TE0534-TE0536_1-B.090, best cost 16.1109 + 1092.21 = 1108.32 over 229 frames.
LOG (lattice-best-path[5.5.1009~1-e4940]:main():lattice-best-path.cc:99) For utterance TE0534-TE0536_1-B.095, best cost 7.62187 + 455.609 = 463.231 over 108 frames.
LOG (lattice-best-path[5.5.1009~1-e4940]:main():lattice-best-path.cc:99) For utterance TE0534-TE0536_1-B.101, best cost 6.47125 + 386.843 = 393.314 over 88 frames.
LOG (lattice-best-path[5.5.1009~1-e4940]:main():lattice-best-path.cc:99) For utterance TE0534-TE0536_1-B.131, best cost 9.16167 + 594.751 = 603.913 over 122 frames.
LOG (lattice-best-path[5.5.1009~1-e4940]:main():lattice-best-path.cc:99) For utterance TE0534-TE0536_1-B.146, best cost 5.07419 + 408.123 = 413.198 over 88 frames.
LOG (lattice-best-path[5.5.1009~1-e4940]:main():lattice-best-path.cc:99) For utterance TE0534-TE0536_1-B.167, best cost 10.8431 + 612.239 = 623.082 over 126 frames.
LOG (lattice-best-path[5.5.1009~1-e4940]:main():lattice-best-path.cc:99) For utterance TE0534-TE0536_1-B.189, best cost 6.70823 + 454.752 = 461.46 over 107 frames.
LOG (lattice-best-path[5.5.1009~1-e4940]:main():lattice-best-path.cc:99) For utterance TE0534-TE0536_1-B.221, best cost 35.312 + 1767.64 = 1802.95 over 382 frames.
LOG (lattice-best-path[5.5.1009~1-e4940]:main():lattice-best-path.cc:99) For utterance TE0534-TE0536_1-B.241, best cost 9.93419 + 617.901 = 627.836 over 134 frames.
LOG (lattice-best-path[5.5.1009~1-e4940]:main():lattice-best-path.cc:99) For utterance TE0534-TE0536_1-B.259, best cost 5.02931 + 367.498 = 372.527 over 78 frames.
LOG (lattice-best-path[5.5.1009~1-e4940]:main():lattice-best-path.cc:99) For utterance TE0534-TE0536_1-B.277, best cost 21.6176 + 1342.06 = 1363.68 over 284 frames.
LOG (lattice-best-path[5.5.1009~1-e4940]:main():lattice-best-path.cc:99) For utterance TE0534-TE0536_1-B.309, best cost 4.93497 + 363.577 = 368.512 over 79 frames.
LOG (lattice-best-path[5.5.1009~1-e4940]:main():lattice-best-path.cc:99) For utterance TE0534-TE0536_1-B.319, best cost 5.14505 + 359.973 = 365.118 over 94 frames.
LOG (lattice-best-path[5.5.1009~1-e4940]:main():lattice-best-path.cc:99) For utterance TE0534-TE0536_2-A.060, best cost 33.1659 + 2141.85 = 2175.02 over 466 frames.
LOG (lattice-best-path[5.5.1009~1-e4940]:main():lattice-best-path.cc:99) For utterance TE0534-TE0536_2-A.062, best cost 9.03426 + 387.224 = 396.259 over 100 frames.
LOG (lattice-best-path[5.5.1009~1-e4940]:main():lattice-best-path.cc:99) For utterance TE0534-TE0536_2-A.095, best cost 18.5009 + 1022.1 = 1040.6 over 221 frames.
LOG (lattice-best-path[5.5.1009~1-e4940]:main():lattice-best-path.cc:99) For utterance TE0534-TE0536_2-A.123, best cost 8.52535 + 633.62 = 642.145 over 126 frames.
LOG (lattice-best-path[5.5.1009~1-e4940]:main():lattice-best-path.cc:99) For utterance TE0534-TE0536_2-A.126, best cost 8.27198 + 327.696 = 335.968 over 76 frames.
LOG (lattice-best-path[5.5.1009~1-e4940]:main():lattice-best-path.cc:99) For utterance TE0534-TE0536_2-A.135, best cost 20.6392 + 1025.02 = 1045.66 over 246 frames.
LOG (lattice-best-path[5.5.1009~1-e4940]:main():lattice-best-path.cc:99) For utterance TE0534-TE0536_2-A.137, best cost 16.1395 + 1212.82 = 1228.95 over 270 frames.
LOG (lattice-best-path[5.5.1009~1-e4940]:main():lattice-best-path.cc:99) For utterance TE0534-TE0536_2-A.138, best cost 26.391 + 1638.48 = 1664.87 over 366 frames.
LOG (lattice-best-path[5.5.1009~1-e4940]:main():lattice-best-path.cc:99) For utterance TE0534-TE0536_2-A.140, best cost 9.42071 + 584.57 = 593.991 over 128 frames.
LOG (lattice-best-path[5.5.1009~1-e4940]:main():lattice-best-path.cc:99) For utterance TE0534-TE0536_2-A.151, best cost 22.7414 + 1073.16 = 1095.9 over 235 frames.
LOG (lattice-best-path[5.5.1009~1-e4940]:main():lattice-best-path.cc:99) For utterance TE0534-TE0536_2-A.153, best cost 11.4744 + 697.289 = 708.764 over 152 frames.
LOG (lattice-best-path[5.5.1009~1-e4940]:main():lattice-best-path.cc:99) For utterance TE0534-TE0536_2-A.159, best cost 21.9641 + 1128.64 = 1150.6 over 267 frames.
LOG (lattice-best-path[5.5.1009~1-e4940]:main():lattice-best-path.cc:99) For utterance TE0534-TE0536_2-A.162, best cost 16.2886 + 938.839 = 955.128 over 221 frames.
LOG (lattice-best-path[5.5.1009~1-e4940]:main():lattice-best-path.cc:99) For utterance TE0534-TE0536_2-A.171, best cost 7.2927 + 410.581 = 417.874 over 98 frames.
LOG (lattice-best-path[5.5.1009~1-e4940]:main():lattice-best-path.cc:99) For utterance TE0534-TE0536_2-A.183, best cost 27.9144 + 1764.2 = 1792.12 over 362 frames.
LOG (lattice-best-path[5.5.1009~1-e4940]:main():lattice-best-path.cc:99) For utterance TE0534-TE0536_2-A.187, best cost 10.1198 + 782.028 = 792.148 over 184 frames.
LOG (lattice-best-path[5.5.1009~1-e4940]:main():lattice-best-path.cc:99) For utterance TE0534-TE0536_2-A.196, best cost 11.2729 + 738.98 = 750.253 over 154 frames.
LOG (lattice-best-path[5.5.1009~1-e4940]:main():lattice-best-path.cc:99) For utterance TE0534-TE0536_2-A.256, best cost 11.4333 + 638.179 = 649.612 over 141 frames.
LOG (lattice-best-path[5.5.1009~1-e4940]:main():lattice-best-path.cc:99) For utterance TE0534-TE0536_2-B.070, best cost 18.4458 + 1268.27 = 1286.72 over 277 frames.
LOG (lattice-best-path[5.5.1009~1-e4940]:main():lattice-best-path.cc:99) For utterance TE0534-TE0536_2-B.084, best cost 10.9354 + 1096.37 = 1107.3 over 202 frames.
LOG (lattice-best-path[5.5.1009~1-e4940]:main():lattice-best-path.cc:99) For utterance TE0534-TE0536_2-B.088, best cost 18.1887 + 1383.16 = 1401.35 over 274 frames.
LOG (lattice-best-path[5.5.1009~1-e4940]:main():lattice-best-path.cc:99) For utterance TE0534-TE0536_2-B.132, best cost 9.18903 + 525.081 = 534.27 over 113 frames.
LOG (lattice-best-path[5.5.1009~1-e4940]:main():lattice-best-path.cc:99) For utterance TE0534-TE0536_2-B.146, best cost 9.7457 + 504.772 = 514.517 over 117 frames.
LOG (lattice-best-path[5.5.1009~1-e4940]:main():lattice-best-path.cc:99) For utterance TE0534-TE0536_2-B.214, best cost 6.78083 + 308.828 = 315.609 over 63 frames.
LOG (lattice-best-path[5.5.1009~1-e4940]:main():lattice-best-path.cc:99) For utterance TE0534-TE0536_2-B.220, best cost 14.8361 + 877.245 = 892.081 over 184 frames.
LOG (lattice-best-path[5.5.1009~1-e4940]:main():lattice-best-path.cc:99) For utterance TE0535-TE0536_1-B.008, best cost 8.3879 + 448.515 = 456.903 over 93 frames.
LOG (lattice-best-path[5.5.1009~1-e4940]:main():lattice-best-path.cc:99) For utterance TE0535-TE0536_1-B.102, best cost 3.00153 + 290.85 = 293.852 over 78 frames.
LOG (lattice-best-path[5.5.1009~1-e4940]:main():lattice-best-path.cc:99) For utterance TE0535-TE0536_1-B.118, best cost 3.00898 + 221.46 = 224.469 over 56 frames.
LOG (lattice-best-path[5.5.1009~1-e4940]:main():lattice-best-path.cc:99) For utterance TE0535-TE0536_2-A.010, best cost 4.25488 + 428.287 = 432.542 over 104 frames.
LOG (lattice-best-path[5.5.1009~1-e4940]:main():lattice-best-path.cc:99) For utterance TE0535-TE0536_2-A.028, best cost 2.99565 + 185.53 = 188.526 over 51 frames.
LOG (lattice-best-path[5.5.1009~1-e4940]:main():lattice-best-path.cc:99) For utterance TE0535-TE0536_2-A.030, best cost 1.88739 + 222.986 = 224.873 over 62 frames.
LOG (lattice-best-path[5.5.1009~1-e4940]:main():lattice-best-path.cc:99) For utterance TE0535-TE0536_2-A.032, best cost 6.73776 + 304.904 = 311.642 over 87 frames.
LOG (lattice-best-path[5.5.1009~1-e4940]:main():lattice-best-path.cc:99) For utterance TE0535-TE0536_2-A.039, best cost 8.97454 + 583.159 = 592.134 over 146 frames.
LOG (lattice-best-path[5.5.1009~1-e4940]:main():lattice-best-path.cc:99) For utterance TE0535-TE0536_2-A.043, best cost 1.97436 + 230.006 = 231.981 over 57 frames.
LOG (lattice-best-path[5.5.1009~1-e4940]:main():lattice-best-path.cc:99) For utterance TE0535-TE0536_2-A.062, best cost 2.71856 + 241.455 = 244.174 over 54 frames.
LOG (lattice-best-path[5.5.1009~1-e4940]:main():lattice-best-path.cc:99) For utterance TE0535-TE0536_2-A.079, best cost 3.2143 + 206.376 = 209.591 over 58 frames.
LOG (lattice-best-path[5.5.1009~1-e4940]:main():lattice-best-path.cc:99) For utterance TE0535-TE0536_2-A.083, best cost 24.1864 + 1502.25 = 1526.44 over 318 frames.
LOG (lattice-best-path[5.5.1009~1-e4940]:main():lattice-best-path.cc:99) For utterance TE0535-TE0536_2-A.086, best cost 1.90185 + 227.515 = 229.416 over 59 frames.
LOG (lattice-best-path[5.5.1009~1-e4940]:main():lattice-best-path.cc:99) For utterance TE0535-TE0536_2-A.090, best cost 13.4425 + 593.518 = 606.96 over 136 frames.
LOG (lattice-best-path[5.5.1009~1-e4940]:main():lattice-best-path.cc:99) For utterance TE0535-TE0536_2-A.094, best cost 1.99014 + 205.489 = 207.479 over 61 frames.
LOG (lattice-best-path[5.5.1009~1-e4940]:main():lattice-best-path.cc:99) For utterance TE0535-TE0536_2-A.107, best cost 2.16028 + 308.644 = 310.805 over 67 frames.
LOG (lattice-best-path[5.5.1009~1-e4940]:main():lattice-best-path.cc:99) For utterance TE0535-TE0536_2-A.198, best cost 37.4769 + 2996.87 = 3034.35 over 611 frames.
LOG (lattice-best-path[5.5.1009~1-e4940]:main():lattice-best-path.cc:99) For utterance TE0535-TE0536_2-A.204, best cost 9.34175 + 712.634 = 721.976 over 178 frames.
LOG (lattice-best-path[5.5.1009~1-e4940]:main():lattice-best-path.cc:99) For utterance TE0535-TE0536_2-A.206, best cost 3.21477 + 465.283 = 468.498 over 110 frames.
LOG (lattice-best-path[5.5.1009~1-e4940]:main():lattice-best-path.cc:99) For utterance TE0535-TE0536_2-A.208, best cost 6.22586 + 342.481 = 348.707 over 86 frames.
LOG (lattice-best-path[5.5.1009~1-e4940]:main():lattice-best-path.cc:99) For utterance TE0535-TE0536_2-A.218, best cost 16.7064 + 689.845 = 706.552 over 152 frames.
LOG (lattice-best-path[5.5.1009~1-e4940]:main():lattice-best-path.cc:99) For utterance TE0535-TE0536_2-A.220, best cost 2.31887 + 319.279 = 321.598 over 90 frames.
LOG (lattice-best-path[5.5.1009~1-e4940]:main():lattice-best-path.cc:99) For utterance TE0535-TE0536_2-A.223, best cost 2.01835 + 305.981 = 307.999 over 73 frames.
LOG (lattice-best-path[5.5.1009~1-e4940]:main():lattice-best-path.cc:99) For utterance TE0535-TE0536_2-A.229, best cost 1.9851 + 243.261 = 245.246 over 68 frames.
LOG (lattice-best-path[5.5.1009~1-e4940]:main():lattice-best-path.cc:99) For utterance TE0535-TE0536_2-A.248, best cost 10.1187 + 518.002 = 528.121 over 128 frames.
LOG (lattice-best-path[5.5.1009~1-e4940]:main():lattice-best-path.cc:99) For utterance TE0535-TE0536_2-A.259, best cost 9.32855 + 477.191 = 486.52 over 120 frames.
LOG (lattice-best-path[5.5.1009~1-e4940]:main():lattice-best-path.cc:99) For utterance TE0535-TE0536_2-A.313, best cost 10.5087 + 666.156 = 676.665 over 149 frames.
LOG (lattice-best-path[5.5.1009~1-e4940]:main():lattice-best-path.cc:99) For utterance TE0535-TE0536_2-A.314, best cost 8.14711 + 470.053 = 478.2 over 114 frames.
LOG (lattice-best-path[5.5.1009~1-e4940]:main():lattice-best-path.cc:99) For utterance TE0535-TE0536_2-A.320, best cost 2.92304 + 420.109 = 423.032 over 130 frames.
LOG (lattice-best-path[5.5.1009~1-e4940]:main():lattice-best-path.cc:99) For utterance TE0535-TE0536_2-B.004, best cost 9.26611 + 409.937 = 419.203 over 97 frames.
LOG (lattice-best-path[5.5.1009~1-e4940]:main():lattice-best-path.cc:99) For utterance TE0535-TE0536_2-B.006, best cost 10.4268 + 657.191 = 667.618 over 146 frames.
LOG (lattice-best-path[5.5.1009~1-e4940]:main():lattice-best-path.cc:99) For utterance TE0535-TE0536_2-B.010, best cost 3.0989 + 383.242 = 386.341 over 98 frames.
LOG (lattice-best-path[5.5.1009~1-e4940]:main():lattice-best-path.cc:99) For utterance TE0535-TE0536_2-B.040, best cost 3.49036 + 438.348 = 441.839 over 109 frames.
LOG (lattice-best-path[5.5.1009~1-e4940]:main():lattice-best-path.cc:99) For utterance TE0535-TE0536_2-B.051, best cost 28.0731 + 2027.89 = 2055.96 over 422 frames.
LOG (lattice-best-path[5.5.1009~1-e4940]:main():lattice-best-path.cc:99) For utterance TE0535-TE0536_2-B.066, best cost 2.41788 + 383.862 = 386.28 over 81 frames.
LOG (lattice-best-path[5.5.1009~1-e4940]:main():lattice-best-path.cc:99) For utterance TE0535-TE0536_2-B.081, best cost 5.18884 + 276.162 = 281.35 over 72 frames.
LOG (lattice-best-path[5.5.1009~1-e4940]:main():lattice-best-path.cc:99) For utterance TE0535-TE0536_2-B.085, best cost 7.04163 + 404.153 = 411.195 over 84 frames.
LOG (lattice-best-path[5.5.1009~1-e4940]:main():lattice-best-path.cc:99) For utterance TE0535-TE0536_2-B.089, best cost 3.36551 + 379.58 = 382.946 over 86 frames.
LOG (lattice-best-path[5.5.1009~1-e4940]:main():lattice-best-path.cc:99) For utterance TE0535-TE0536_2-B.092, best cost 19.6761 + 561.626 = 581.302 over 139 frames.
LOG (lattice-best-path[5.5.1009~1-e4940]:main():lattice-best-path.cc:99) For utterance TE0535-TE0536_2-B.094, best cost 9.96326 + 655.161 = 665.124 over 138 frames.
LOG (lattice-best-path[5.5.1009~1-e4940]:main():lattice-best-path.cc:99) For utterance TE0535-TE0536_2-B.102, best cost 11.4796 + 831.175 = 842.654 over 154 frames.
LOG (lattice-best-path[5.5.1009~1-e4940]:main():lattice-best-path.cc:99) For utterance TE0535-TE0536_2-B.107, best cost 9.9209 + 536.423 = 546.344 over 101 frames.
LOG (lattice-best-path[5.5.1009~1-e4940]:main():lattice-best-path.cc:99) For utterance TE0535-TE0536_2-B.111, best cost 20.4747 + 1389.24 = 1409.71 over 289 frames.
LOG (lattice-best-path[5.5.1009~1-e4940]:main():lattice-best-path.cc:99) For utterance TE0535-TE0536_2-B.112, best cost 22.4802 + 462.392 = 484.872 over 96 frames.
LOG (lattice-best-path[5.5.1009~1-e4940]:main():lattice-best-path.cc:99) For utterance TE0535-TE0536_2-B.114, best cost 11.1945 + 780.658 = 791.853 over 182 frames.
LOG (lattice-best-path[5.5.1009~1-e4940]:main():lattice-best-path.cc:99) For utterance TE0535-TE0536_2-B.122, best cost 5.50186 + 509.733 = 515.235 over 124 frames.
LOG (lattice-best-path[5.5.1009~1-e4940]:main():lattice-best-path.cc:99) For utterance TE0535-TE0536_2-B.137, best cost 12.9387 + 739.674 = 752.613 over 152 frames.
LOG (lattice-best-path[5.5.1009~1-e4940]:main():lattice-best-path.cc:99) For utterance TE0535-TE0536_2-B.139, best cost 3.16623 + 269.604 = 272.77 over 72 frames.
LOG (lattice-best-path[5.5.1009~1-e4940]:main():lattice-best-path.cc:99) For utterance TE0535-TE0536_2-B.165, best cost 10.4574 + 430.359 = 440.816 over 86 frames.
LOG (lattice-best-path[5.5.1009~1-e4940]:main():lattice-best-path.cc:99) For utterance TE0535-TE0536_2-B.181, best cost 5.59383 + 346.985 = 352.579 over 93 frames.
LOG (lattice-best-path[5.5.1009~1-e4940]:main():lattice-best-path.cc:99) For utterance TE0535-TE0536_2-B.183, best cost 3.96564 + 353.606 = 357.572 over 81 frames.
LOG (lattice-best-path[5.5.1009~1-e4940]:main():lattice-best-path.cc:99) For utterance TE0535-TE0536_2-B.214, best cost 5.83368 + 389.032 = 394.866 over 113 frames.
LOG (lattice-best-path[5.5.1009~1-e4940]:main():lattice-best-path.cc:99) For utterance TE0535-TE0536_2-B.257, best cost 9.17879 + 397.984 = 407.162 over 73 frames.
LOG (lattice-best-path[5.5.1009~1-e4940]:main():lattice-best-path.cc:99) For utterance TE0535-TE0536_2-B.270, best cost 2.99672 + 246.157 = 249.154 over 63 frames.
LOG (lattice-best-path[5.5.1009~1-e4940]:main():lattice-best-path.cc:99) For utterance TE0535-TE0536_2-B.278, best cost 6.06214 + 625.044 = 631.106 over 156 frames.
LOG (lattice-best-path[5.5.1009~1-e4940]:main():lattice-best-path.cc:99) For utterance TE0535-TE0536_2-B.280, best cost 3.71269 + 416.475 = 420.187 over 87 frames.
LOG (lattice-best-path[5.5.1009~1-e4940]:main():lattice-best-path.cc:99) For utterance TE0535-TE0536_2-B.282, best cost 10.4612 + 549.857 = 560.318 over 114 frames.
LOG (lattice-best-path[5.5.1009~1-e4940]:main():lattice-best-path.cc:99) For utterance TE0535-TE0536_2-B.301, best cost 27.1934 + 2362.42 = 2389.62 over 451 frames.
LOG (lattice-best-path[5.5.1009~1-e4940]:main():lattice-best-path.cc:99) For utterance TE0535-TE0536_2-B.319, best cost 3.69223 + 415.265 = 418.957 over 97 frames.
LOG (lattice-best-path[5.5.1009~1-e4940]:main():lattice-best-path.cc:99) For utterance TE0535-TE0536_2-B.350, best cost 8.30045 + 391.98 = 400.28 over 73 frames.
LOG (lattice-best-path[5.5.1009~1-e4940]:main():lattice-best-path.cc:99) For utterance TE0537-TE0538_1-A.024, best cost 12.7528 + 728.928 = 741.681 over 162 frames.
LOG (lattice-best-path[5.5.1009~1-e4940]:main():lattice-best-path.cc:99) For utterance TE0537-TE0538_1-A.092, best cost 9.11674 + 376.725 = 385.842 over 81 frames.
LOG (lattice-best-path[5.5.1009~1-e4940]:main():lattice-best-path.cc:99) For utterance TE0537-TE0538_1-A.177, best cost 7.32125 + 290.903 = 298.224 over 66 frames.
LOG (lattice-best-path[5.5.1009~1-e4940]:main():lattice-best-path.cc:99) For utterance TE0537-TE0538_1-A.220, best cost 8.77215 + 407.656 = 416.428 over 101 frames.
LOG (lattice-best-path[5.5.1009~1-e4940]:main():lattice-best-path.cc:99) For utterance TE0537-TE0538_1-A.261, best cost 8.05037 + 343.089 = 351.14 over 83 frames.
LOG (lattice-best-path[5.5.1009~1-e4940]:main():lattice-best-path.cc:99) For utterance TE0537-TE0538_1-A.304, best cost 6.59845 + 365.475 = 372.074 over 86 frames.
LOG (lattice-best-path[5.5.1009~1-e4940]:main():lattice-best-path.cc:99) For utterance TE0537-TE0538_1-A.367, best cost 10.0239 + 412.602 = 422.626 over 98 frames.
LOG (lattice-best-path[5.5.1009~1-e4940]:main():lattice-best-path.cc:99) For utterance TE0537-TE0538_1-A.384, best cost 9.83237 + 501.916 = 511.749 over 123 frames.
LOG (lattice-best-path[5.5.1009~1-e4940]:main():lattice-best-path.cc:99) For utterance TE0537-TE0538_1-B.034, best cost 4.16682 + 316.813 = 320.98 over 92 frames.
LOG (lattice-best-path[5.5.1009~1-e4940]:main():lattice-best-path.cc:99) For utterance TE0537-TE0538_1-B.038, best cost 5.92042 + 273.918 = 279.838 over 66 frames.
LOG (lattice-best-path[5.5.1009~1-e4940]:main():lattice-best-path.cc:99) For utterance TE0537-TE0538_1-B.100, best cost 8.73664 + 349.175 = 357.911 over 83 frames.
LOG (lattice-best-path[5.5.1009~1-e4940]:main():lattice-best-path.cc:99) For utterance TE0537-TE0538_1-B.147, best cost 11.2923 + 668.959 = 680.251 over 149 frames.
LOG (lattice-best-path[5.5.1009~1-e4940]:main():lattice-best-path.cc:99) For utterance TE0537-TE0538_1-B.174, best cost 14.0615 + 814.538 = 828.6 over 179 frames.
LOG (lattice-best-path[5.5.1009~1-e4940]:main():lattice-best-path.cc:99) For utterance TE0537-TE0538_1-B.233, best cost 5.21236 + 346.42 = 351.633 over 87 frames.
LOG (lattice-best-path[5.5.1009~1-e4940]:main():lattice-best-path.cc:99) For utterance TE0537-TE0538_1-B.235, best cost 7.72457 + 307.751 = 315.475 over 92 frames.
LOG (lattice-best-path[5.5.1009~1-e4940]:main():lattice-best-path.cc:99) For utterance TE0537-TE0538_1-B.267, best cost 13.8845 + 480.585 = 494.469 over 99 frames.
LOG (lattice-best-path[5.5.1009~1-e4940]:main():lattice-best-path.cc:99) For utterance TE0537-TE0538_1-B.269, best cost 8.26727 + 334.901 = 343.168 over 79 frames.
LOG (lattice-best-path[5.5.1009~1-e4940]:main():lattice-best-path.cc:99) For utterance TE0537-TE0538_1-B.279, best cost 9.76009 + 282.114 = 291.874 over 68 frames.
LOG (lattice-best-path[5.5.1009~1-e4940]:main():lattice-best-path.cc:99) For utterance TE0537-TE0538_1-B.285, best cost 5.22159 + 299.024 = 304.245 over 71 frames.
LOG (lattice-best-path[5.5.1009~1-e4940]:main():lattice-best-path.cc:99) For utterance TE0537-TE0538_1-B.293, best cost 7.4555 + 294.158 = 301.614 over 76 frames.
LOG (lattice-best-path[5.5.1009~1-e4940]:main():lattice-best-path.cc:99) For utterance TE0537-TE0538_1-B.315, best cost 9.61973 + 387.426 = 397.045 over 97 frames.
LOG (lattice-best-path[5.5.1009~1-e4940]:main():lattice-best-path.cc:99) For utterance TE0537-TE0538_2-A.234, best cost 14.6757 + 780.893 = 795.568 over 167 frames.
LOG (lattice-best-path[5.5.1009~1-e4940]:main():lattice-best-path.cc:99) For utterance TE0537-TE0538_2-B.033, best cost 10.5517 + 463.228 = 473.78 over 123 frames.
LOG (lattice-best-path[5.5.1009~1-e4940]:main():lattice-best-path.cc:99) For utterance TE0537-TE0538_2-B.136, best cost 23.5107 + 1527 = 1550.51 over 322 frames.
LOG (lattice-best-path[5.5.1009~1-e4940]:main():lattice-best-path.cc:99) For utterance TE0537-TE0538_2-B.167, best cost 4.73284 + 247.815 = 252.548 over 56 frames.
LOG (lattice-best-path[5.5.1009~1-e4940]:main():lattice-best-path.cc:99) For utterance TE0537-TE0538_2-B.184, best cost 8.25486 + 318.587 = 326.841 over 68 frames.
LOG (lattice-best-path[5.5.1009~1-e4940]:main():lattice-best-path.cc:99) For utterance TE0537-TE0538_2-B.222, best cost 10.6423 + 512.292 = 522.935 over 123 frames.
LOG (lattice-best-path[5.5.1009~1-e4940]:main():lattice-best-path.cc:99) For utterance TE0537-TE0539_1-A.031, best cost 8.68853 + 486.344 = 495.032 over 112 frames.
LOG (lattice-best-path[5.5.1009~1-e4940]:main():lattice-best-path.cc:99) For utterance TE0537-TE0539_1-A.066, best cost 4.79313 + 288.452 = 293.245 over 59 frames.
LOG (lattice-best-path[5.5.1009~1-e4940]:main():lattice-best-path.cc:99) For utterance TE0537-TE0539_1-A.092, best cost 18.6498 + 1067.49 = 1086.14 over 233 frames.
LOG (lattice-best-path[5.5.1009~1-e4940]:main():lattice-best-path.cc:99) For utterance TE0537-TE0539_1-A.097, best cost 11.7596 + 755.788 = 767.548 over 166 frames.
LOG (lattice-best-path[5.5.1009~1-e4940]:main():lattice-best-path.cc:99) For utterance TE0537-TE0539_1-A.109, best cost 8.80374 + 523.579 = 532.383 over 111 frames.
LOG (lattice-best-path[5.5.1009~1-e4940]:main():lattice-best-path.cc:99) For utterance TE0537-TE0539_1-A.167, best cost 8.93818 + 392.607 = 401.545 over 87 frames.
LOG (lattice-best-path[5.5.1009~1-e4940]:main():lattice-best-path.cc:99) For utterance TE0537-TE0539_1-A.183, best cost 8.27425 + 642.612 = 650.887 over 132 frames.
LOG (lattice-best-path[5.5.1009~1-e4940]:main():lattice-best-path.cc:99) For utterance TE0537-TE0539_1-A.248, best cost 9.08679 + 395.948 = 405.035 over 89 frames.
LOG (lattice-best-path[5.5.1009~1-e4940]:main():lattice-best-path.cc:99) For utterance TE0537-TE0539_1-A.266, best cost 8.04441 + 397.187 = 405.232 over 86 frames.
LOG (lattice-best-path[5.5.1009~1-e4940]:main():lattice-best-path.cc:99) For utterance TE0537-TE0539_1-A.303, best cost 10.0492 + 266.409 = 276.458 over 60 frames.
LOG (lattice-best-path[5.5.1009~1-e4940]:main():lattice-best-path.cc:99) For utterance TE0537-TE0539_1-A.338, best cost 9.296 + 477.345 = 486.641 over 98 frames.
LOG (lattice-best-path[5.5.1009~1-e4940]:main():lattice-best-path.cc:99) For utterance TE0537-TE0539_1-A.426, best cost 13.878 + 404.8 = 418.678 over 89 frames.
LOG (lattice-best-path[5.5.1009~1-e4940]:main():lattice-best-path.cc:99) For utterance TE0537-TE0539_1-A.476, best cost 13.1064 + 630.966 = 644.073 over 143 frames.
LOG (lattice-best-path[5.5.1009~1-e4940]:main():lattice-best-path.cc:99) For utterance TE0537-TE0539_1-B.014, best cost 5.50057 + 514.024 = 519.525 over 132 frames.
LOG (lattice-best-path[5.5.1009~1-e4940]:main():lattice-best-path.cc:99) For utterance TE0537-TE0539_1-B.025, best cost 10.9677 + 765.045 = 776.012 over 182 frames.
LOG (lattice-best-path[5.5.1009~1-e4940]:main():lattice-best-path.cc:99) For utterance TE0537-TE0539_1-B.031, best cost 13.689 + 836.802 = 850.491 over 186 frames.
LOG (lattice-best-path[5.5.1009~1-e4940]:main():lattice-best-path.cc:99) For utterance TE0537-TE0539_1-B.037, best cost 12.2712 + 312.154 = 324.426 over 72 frames.
LOG (lattice-best-path[5.5.1009~1-e4940]:main():lattice-best-path.cc:99) For utterance TE0537-TE0539_1-B.045, best cost 9.18618 + 471.752 = 480.938 over 108 frames.
LOG (lattice-best-path[5.5.1009~1-e4940]:main():lattice-best-path.cc:99) For utterance TE0537-TE0539_1-B.054, best cost 30.4171 + 2134.88 = 2165.3 over 457 frames.
LOG (lattice-best-path[5.5.1009~1-e4940]:main():lattice-best-path.cc:99) For utterance TE0537-TE0539_1-B.060, best cost 21.1278 + 980.765 = 1001.89 over 203 frames.
LOG (lattice-best-path[5.5.1009~1-e4940]:main():lattice-best-path.cc:99) For utterance TE0537-TE0539_1-B.090, best cost 11.9214 + 706.313 = 718.234 over 173 frames.
LOG (lattice-best-path[5.5.1009~1-e4940]:main():lattice-best-path.cc:99) For utterance TE0537-TE0539_1-B.135, best cost 13.5308 + 509.011 = 522.541 over 119 frames.
LOG (lattice-best-path[5.5.1009~1-e4940]:main():lattice-best-path.cc:99) For utterance TE0537-TE0539_1-B.138, best cost 5.79768 + 260.597 = 266.395 over 62 frames.
LOG (lattice-best-path[5.5.1009~1-e4940]:main():lattice-best-path.cc:99) For utterance TE0537-TE0539_1-B.179, best cost 9.41434 + 393.765 = 403.179 over 87 frames.
LOG (lattice-best-path[5.5.1009~1-e4940]:main():lattice-best-path.cc:99) For utterance TE0537-TE0539_1-B.196, best cost 5.98056 + 345.068 = 351.048 over 79 frames.
LOG (lattice-best-path[5.5.1009~1-e4940]:main():lattice-best-path.cc:99) For utterance TE0537-TE0539_1-B.217, best cost 5.63989 + 311.52 = 317.16 over 71 frames.
LOG (lattice-best-path[5.5.1009~1-e4940]:main():lattice-best-path.cc:99) For utterance TE0537-TE0539_1-B.230, best cost 12.72 + 790.693 = 803.414 over 164 frames.
LOG (lattice-best-path[5.5.1009~1-e4940]:main():lattice-best-path.cc:99) For utterance TE0537-TE0539_2-A.066, best cost 9.61739 + 500.055 = 509.672 over 102 frames.
LOG (lattice-best-path[5.5.1009~1-e4940]:main():lattice-best-path.cc:99) For utterance TE0537-TE0539_2-A.093, best cost 17.9194 + 925.235 = 943.154 over 202 frames.
LOG (lattice-best-path[5.5.1009~1-e4940]:main():lattice-best-path.cc:99) For utterance TE0537-TE0539_2-A.135, best cost 11.2499 + 629.893 = 641.143 over 133 frames.
LOG (lattice-best-path[5.5.1009~1-e4940]:main():lattice-best-path.cc:99) For utterance TE0537-TE0539_2-A.148, best cost 11.7818 + 813.603 = 825.385 over 178 frames.
LOG (lattice-best-path[5.5.1009~1-e4940]:main():lattice-best-path.cc:99) For utterance TE0537-TE0539_2-A.151, best cost 8.91947 + 360.735 = 369.654 over 81 frames.
LOG (lattice-best-path[5.5.1009~1-e4940]:main():lattice-best-path.cc:99) For utterance TE0537-TE0539_2-A.155, best cost 16.8133 + 852.405 = 869.218 over 179 frames.
LOG (lattice-best-path[5.5.1009~1-e4940]:main():lattice-best-path.cc:99) For utterance TE0537-TE0539_2-A.231, best cost 13.073 + 743.872 = 756.945 over 176 frames.
LOG (lattice-best-path[5.5.1009~1-e4940]:main():lattice-best-path.cc:99) For utterance TE0537-TE0539_2-A.265, best cost 13.4239 + 797.403 = 810.827 over 171 frames.
LOG (lattice-best-path[5.5.1009~1-e4940]:main():lattice-best-path.cc:99) For utterance TE0537-TE0539_2-A.284, best cost 18.53 + 1133.15 = 1151.68 over 248 frames.
LOG (lattice-best-path[5.5.1009~1-e4940]:main():lattice-best-path.cc:99) For utterance TE0537-TE0539_2-A.296, best cost 13.8892 + 659.464 = 673.353 over 147 frames.
LOG (lattice-best-path[5.5.1009~1-e4940]:main():lattice-best-path.cc:99) For utterance TE0537-TE0539_2-A.306, best cost 8.19055 + 437.081 = 445.272 over 96 frames.
LOG (lattice-best-path[5.5.1009~1-e4940]:main():lattice-best-path.cc:99) For utterance TE0537-TE0539_2-A.308, best cost 7.41506 + 394.663 = 402.078 over 88 frames.
LOG (lattice-best-path[5.5.1009~1-e4940]:main():lattice-best-path.cc:99) For utterance TE0537-TE0539_2-A.318, best cost 12.4983 + 620.145 = 632.644 over 148 frames.
LOG (lattice-best-path[5.5.1009~1-e4940]:main():lattice-best-path.cc:99) For utterance TE0537-TE0539_2-A.345, best cost 11.4552 + 696.799 = 708.254 over 148 frames.
LOG (lattice-best-path[5.5.1009~1-e4940]:main():lattice-best-path.cc:99) For utterance TE0537-TE0539_2-B.003, best cost 9.17204 + 511.543 = 520.715 over 109 frames.
LOG (lattice-best-path[5.5.1009~1-e4940]:main():lattice-best-path.cc:99) For utterance TE0537-TE0539_2-B.005, best cost 9.64666 + 544.417 = 554.063 over 134 frames.
LOG (lattice-best-path[5.5.1009~1-e4940]:main():lattice-best-path.cc:99) For utterance TE0537-TE0539_2-B.007, best cost 15.6613 + 1090.48 = 1106.14 over 258 frames.
LOG (lattice-best-path[5.5.1009~1-e4940]:main():lattice-best-path.cc:99) For utterance TE0537-TE0539_2-B.009, best cost 3.14397 + 289.658 = 292.802 over 57 frames.
LOG (lattice-best-path[5.5.1009~1-e4940]:main():lattice-best-path.cc:99) For utterance TE0537-TE0539_2-B.041, best cost 2.93672 + 410.835 = 413.772 over 91 frames.
LOG (lattice-best-path[5.5.1009~1-e4940]:main():lattice-best-path.cc:99) For utterance TE0537-TE0539_2-B.051, best cost 18.4099 + 1230.01 = 1248.42 over 232 frames.
LOG (lattice-best-path[5.5.1009~1-e4940]:main():lattice-best-path.cc:99) For utterance TE0537-TE0539_2-B.229, best cost 8.46727 + 424.072 = 432.539 over 102 frames.
LOG (lattice-best-path[5.5.1009~1-e4940]:main():lattice-best-path.cc:99) For utterance TE0537-TE0539_2-B.253, best cost 18.0811 + 1078.73 = 1096.81 over 226 frames.
LOG (lattice-best-path[5.5.1009~1-e4940]:main():lattice-best-path.cc:99) For utterance TE0537-TE0539_2-B.276, best cost 20.322 + 1083.79 = 1104.11 over 241 frames.
LOG (lattice-best-path[5.5.1009~1-e4940]:main():lattice-best-path.cc:99) For utterance TE0537-TE0539_2-B.284, best cost 15.1439 + 1136.41 = 1151.56 over 231 frames.
LOG (lattice-best-path[5.5.1009~1-e4940]:main():lattice-best-path.cc:99) For utterance TE0537-TE0539_2-B.290, best cost 5.66025 + 322.207 = 327.867 over 66 frames.
LOG (lattice-best-path[5.5.1009~1-e4940]:main():lattice-best-path.cc:99) For utterance TE0537-TE0539_2-B.298, best cost 10.8191 + 678.869 = 689.688 over 124 frames.
LOG (lattice-best-path[5.5.1009~1-e4940]:main():lattice-best-path.cc:99) For utterance TE0538-TE0540_1-A.051, best cost 39.1369 + 2133.37 = 2172.51 over 458 frames.
LOG (lattice-best-path[5.5.1009~1-e4940]:main():lattice-best-path.cc:99) For utterance TE0538-TE0540_1-A.161, best cost 12.7863 + 573.465 = 586.251 over 143 frames.
LOG (lattice-best-path[5.5.1009~1-e4940]:main():lattice-best-path.cc:99) For utterance TE0538-TE0540_1-A.194, best cost 7.82356 + 354.967 = 362.79 over 77 frames.
LOG (lattice-best-path[5.5.1009~1-e4940]:main():lattice-best-path.cc:99) For utterance TE0538-TE0540_1-A.214, best cost 8.48344 + 380.777 = 389.261 over 84 frames.
LOG (lattice-best-path[5.5.1009~1-e4940]:main():lattice-best-path.cc:99) For utterance TE0538-TE0540_1-A.224, best cost 2.75354 + 284.764 = 287.517 over 92 frames.
LOG (lattice-best-path[5.5.1009~1-e4940]:main():lattice-best-path.cc:99) For utterance TE0538-TE0540_1-A.228, best cost 2.44821 + 226.231 = 228.679 over 77 frames.
LOG (lattice-best-path[5.5.1009~1-e4940]:main():lattice-best-path.cc:99) For utterance TE0538-TE0540_1-A.241, best cost 8.15511 + 375.802 = 383.957 over 89 frames.
LOG (lattice-best-path[5.5.1009~1-e4940]:main():lattice-best-path.cc:99) For utterance TE0538-TE0540_1-B.032, best cost 14.438 + 880.611 = 895.049 over 198 frames.
LOG (lattice-best-path[5.5.1009~1-e4940]:main():lattice-best-path.cc:99) For utterance TE0538-TE0540_1-B.070, best cost 8.11359 + 386.469 = 394.582 over 86 frames.
LOG (lattice-best-path[5.5.1009~1-e4940]:main():lattice-best-path.cc:99) For utterance TE0538-TE0540_1-B.107, best cost 9.38375 + 466.193 = 475.577 over 106 frames.
LOG (lattice-best-path[5.5.1009~1-e4940]:main():lattice-best-path.cc:99) For utterance TE0538-TE0540_1-B.108, best cost 7.39741 + 381.063 = 388.461 over 91 frames.
LOG (lattice-best-path[5.5.1009~1-e4940]:main():lattice-best-path.cc:99) For utterance TE0538-TE0540_1-B.122, best cost 8.72025 + 320.858 = 329.578 over 68 frames.
LOG (lattice-best-path[5.5.1009~1-e4940]:main():lattice-best-path.cc:99) For utterance TE0538-TE0540_1-B.138, best cost 22.113 + 905.573 = 927.686 over 241 frames.
LOG (lattice-best-path[5.5.1009~1-e4940]:main():lattice-best-path.cc:99) For utterance TE0538-TE0540_1-B.148, best cost 7.21408 + 215.845 = 223.059 over 59 frames.
LOG (lattice-best-path[5.5.1009~1-e4940]:main():lattice-best-path.cc:99) For utterance TE0538-TE0540_1-B.237, best cost 10.1455 + 584.065 = 594.211 over 157 frames.
LOG (lattice-best-path[5.5.1009~1-e4940]:main():lattice-best-path.cc:99) For utterance TE0538-TE0540_1-B.239, best cost 5.38432 + 299.02 = 304.405 over 64 frames.
LOG (lattice-best-path[5.5.1009~1-e4940]:main():lattice-best-path.cc:99) For utterance TE0538-TE0540_1-B.269, best cost 8.26547 + 377.603 = 385.869 over 87 frames.
LOG (lattice-best-path[5.5.1009~1-e4940]:main():lattice-best-path.cc:99) For utterance TE0538-TE0540_1-B.343, best cost 10.5371 + 577.823 = 588.36 over 123 frames.
LOG (lattice-best-path[5.5.1009~1-e4940]:main():lattice-best-path.cc:99) For utterance TE0538-TE0540_1-B.371, best cost 9.15243 + 406.678 = 415.83 over 93 frames.
LOG (lattice-best-path[5.5.1009~1-e4940]:main():lattice-best-path.cc:99) For utterance TE0538-TE0540_2-A.004, best cost 9.05532 + 463.908 = 472.964 over 117 frames.
LOG (lattice-best-path[5.5.1009~1-e4940]:main():lattice-best-path.cc:99) For utterance TE0538-TE0540_2-A.016, best cost 24.3172 + 1277.95 = 1302.27 over 269 frames.
LOG (lattice-best-path[5.5.1009~1-e4940]:main():lattice-best-path.cc:99) For utterance TE0538-TE0540_2-A.047, best cost 13.1586 + 464.137 = 477.296 over 111 frames.
LOG (lattice-best-path[5.5.1009~1-e4940]:main():lattice-best-path.cc:99) For utterance TE0538-TE0540_2-A.075, best cost 32.796 + 1760.95 = 1793.75 over 369 frames.
LOG (lattice-best-path[5.5.1009~1-e4940]:main():lattice-best-path.cc:99) For utterance TE0538-TE0540_2-A.334, best cost 22.7697 + 1326.97 = 1349.74 over 302 frames.
LOG (lattice-best-path[5.5.1009~1-e4940]:main():lattice-best-path.cc:99) For utterance TE0538-TE0540_2-A.336, best cost 25.2276 + 1584.03 = 1609.26 over 326 frames.
LOG (lattice-best-path[5.5.1009~1-e4940]:main():lattice-best-path.cc:99) For utterance TE0538-TE0540_2-B.023, best cost 8.82271 + 347.066 = 355.889 over 77 frames.
LOG (lattice-best-path[5.5.1009~1-e4940]:main():lattice-best-path.cc:99) For utterance TE0538-TE0540_2-B.029, best cost 5.04299 + 270.342 = 275.385 over 57 frames.
LOG (lattice-best-path[5.5.1009~1-e4940]:main():lattice-best-path.cc:99) For utterance TE0538-TE0540_2-B.063, best cost 9.38785 + 509.151 = 518.539 over 129 frames.
LOG (lattice-best-path[5.5.1009~1-e4940]:main():lattice-best-path.cc:99) For utterance TE0538-TE0540_2-B.073, best cost 3.21942 + 339.423 = 342.642 over 81 frames.
LOG (lattice-best-path[5.5.1009~1-e4940]:main():lattice-best-path.cc:99) For utterance TE0538-TE0540_2-B.077, best cost 8.64338 + 342.225 = 350.868 over 87 frames.
LOG (lattice-best-path[5.5.1009~1-e4940]:main():lattice-best-path.cc:99) For utterance TE0538-TE0540_2-B.088, best cost 10.8231 + 381.33 = 392.153 over 101 frames.
LOG (lattice-best-path[5.5.1009~1-e4940]:main():lattice-best-path.cc:99) For utterance TE0538-TE0540_2-B.127, best cost 5.6922 + 472.751 = 478.443 over 116 frames.
LOG (lattice-best-path[5.5.1009~1-e4940]:main():lattice-best-path.cc:99) For utterance TE0538-TE0540_2-B.165, best cost 2.72888 + 266.322 = 269.051 over 62 frames.
LOG (lattice-best-path[5.5.1009~1-e4940]:main():lattice-best-path.cc:99) For utterance TE0538-TE0540_2-B.171, best cost 2.99545 + 286.264 = 289.26 over 69 frames.
LOG (lattice-best-path[5.5.1009~1-e4940]:main():lattice-best-path.cc:99) For utterance TE0538-TE0540_2-B.177, best cost 14.1321 + 985.872 = 1000 over 198 frames.
LOG (lattice-best-path[5.5.1009~1-e4940]:main():lattice-best-path.cc:99) For utterance TE0538-TE0540_2-B.189, best cost 2.83222 + 304.104 = 306.937 over 74 frames.
LOG (lattice-best-path[5.5.1009~1-e4940]:main():lattice-best-path.cc:99) For utterance TE0539-TE0540_1-A.012, best cost 6.92782 + 279.48 = 286.407 over 67 frames.
LOG (lattice-best-path[5.5.1009~1-e4940]:main():lattice-best-path.cc:99) For utterance TE0539-TE0540_1-A.157, best cost 7.3775 + 334.809 = 342.187 over 80 frames.
LOG (lattice-best-path[5.5.1009~1-e4940]:main():lattice-best-path.cc:99) For utterance TE0539-TE0540_1-A.202, best cost 3.31108 + 551.064 = 554.375 over 151 frames.
LOG (lattice-best-path[5.5.1009~1-e4940]:main():lattice-best-path.cc:99) For utterance TE0539-TE0540_1-A.227, best cost 4.39671 + 445.77 = 450.167 over 107 frames.
LOG (lattice-best-path[5.5.1009~1-e4940]:main():lattice-best-path.cc:99) For utterance TE0539-TE0540_1-A.236, best cost 3.58282 + 402.202 = 405.784 over 128 frames.
LOG (lattice-best-path[5.5.1009~1-e4940]:main():lattice-best-path.cc:99) For utterance TE0539-TE0540_1-A.288, best cost 11.7627 + 690.738 = 702.501 over 171 frames.
LOG (lattice-best-path[5.5.1009~1-e4940]:main():lattice-best-path.cc:99) For utterance TE0539-TE0540_1-B.086, best cost 13.9892 + 979.036 = 993.026 over 203 frames.
LOG (lattice-best-path[5.5.1009~1-e4940]:main():lattice-best-path.cc:99) For utterance TE0539-TE0540_1-B.098, best cost 16.2236 + 1188.14 = 1204.36 over 247 frames.
LOG (lattice-best-path[5.5.1009~1-e4940]:main():lattice-best-path.cc:99) For utterance TE0539-TE0540_1-B.106, best cost 17.6279 + 873.353 = 890.981 over 177 frames.
LOG (lattice-best-path[5.5.1009~1-e4940]:main():lattice-best-path.cc:99) For utterance TE0539-TE0540_1-B.108, best cost 2.69031 + 333.529 = 336.219 over 83 frames.
LOG (lattice-best-path[5.5.1009~1-e4940]:main():lattice-best-path.cc:99) For utterance TE0539-TE0540_1-B.139, best cost 7.73974 + 408.342 = 416.082 over 88 frames.
LOG (lattice-best-path[5.5.1009~1-e4940]:main():lattice-best-path.cc:99) For utterance TE0539-TE0540_1-B.141, best cost 12.1771 + 730.278 = 742.455 over 151 frames.
LOG (lattice-best-path[5.5.1009~1-e4940]:main():lattice-best-path.cc:99) For utterance TE0539-TE0540_1-B.156, best cost 3.00168 + 311.245 = 314.246 over 78 frames.
LOG (lattice-best-path[5.5.1009~1-e4940]:main():lattice-best-path.cc:99) For utterance TE0539-TE0540_1-B.166, best cost 2.95839 + 270.568 = 273.526 over 74 frames.
LOG (lattice-best-path[5.5.1009~1-e4940]:main():lattice-best-path.cc:99) For utterance TE0539-TE0540_1-B.169, best cost 10.0484 + 367.665 = 377.714 over 92 frames.
LOG (lattice-best-path[5.5.1009~1-e4940]:main():lattice-best-path.cc:99) For utterance TE0539-TE0540_1-B.195, best cost 9.30563 + 324.022 = 333.328 over 74 frames.
LOG (lattice-best-path[5.5.1009~1-e4940]:main():lattice-best-path.cc:99) For utterance TE0539-TE0540_1-B.201, best cost 14.5765 + 835.47 = 850.047 over 171 frames.
LOG (lattice-best-path[5.5.1009~1-e4940]:main():lattice-best-path.cc:99) For utterance TE0539-TE0540_1-B.238, best cost 13.2094 + 640.846 = 654.055 over 145 frames.
LOG (lattice-best-path[5.5.1009~1-e4940]:main():lattice-best-path.cc:99) For utterance TE0539-TE0540_1-B.240, best cost 5.67489 + 267.975 = 273.65 over 59 frames.
LOG (lattice-best-path[5.5.1009~1-e4940]:main():lattice-best-path.cc:99) For utterance TE0539-TE0540_1-B.253, best cost 9.5141 + 692.954 = 702.468 over 143 frames.
LOG (lattice-best-path[5.5.1009~1-e4940]:main():lattice-best-path.cc:99) For utterance TE0539-TE0540_1-B.272, best cost 21.304 + 451.177 = 472.481 over 107 frames.
LOG (lattice-best-path[5.5.1009~1-e4940]:main():lattice-best-path.cc:99) For utterance TE0539-TE0540_1-B.276, best cost 2.40238 + 335.987 = 338.39 over 94 frames.
LOG (lattice-best-path[5.5.1009~1-e4940]:main():lattice-best-path.cc:99) For utterance TE0539-TE0540_1-B.305, best cost 8.54672 + 400.936 = 409.483 over 89 frames.
LOG (lattice-best-path[5.5.1009~1-e4940]:main():lattice-best-path.cc:99) For utterance TE0539-TE0540_1-B.311, best cost 2.84519 + 235.804 = 238.65 over 64 frames.
LOG (lattice-best-path[5.5.1009~1-e4940]:main():lattice-best-path.cc:99) For utterance TE0539-TE0540_1-B.325, best cost 8.32885 + 430.394 = 438.723 over 87 frames.
LOG (lattice-best-path[5.5.1009~1-e4940]:main():lattice-best-path.cc:99) For utterance TE0539-TE0540_1-B.367, best cost 5.29946 + 186.728 = 192.027 over 42 frames.
LOG (lattice-best-path[5.5.1009~1-e4940]:main():lattice-best-path.cc:99) For utterance TE0539-TE0540_1-B.388, best cost 9.46835 + 606.494 = 615.962 over 131 frames.
LOG (lattice-best-path[5.5.1009~1-e4940]:main():lattice-best-path.cc:99) For utterance TE0539-TE0540_1-B.411, best cost 8.48934 + 320.925 = 329.415 over 74 frames.
LOG (lattice-best-path[5.5.1009~1-e4940]:main():lattice-best-path.cc:99) For utterance TE0539-TE0540_2-A.022, best cost 5.89603 + 247.77 = 253.666 over 58 frames.
LOG (lattice-best-path[5.5.1009~1-e4940]:main():lattice-best-path.cc:99) For utterance TE0539-TE0540_2-A.159, best cost 14.5614 + 643.953 = 658.514 over 153 frames.
LOG (lattice-depth-per-frame[5.5.1009~1-e4940]:main():lattice-depth-per-frame.cc:82) Done 434 lattices.
LOG (lattice-best-path[5.5.1009~1-e4940]:main():lattice-best-path.cc:99) For utterance TE0539-TE0540_2-B.009, best cost 12.4401 + 624.127 = 636.567 over 146 frames.
LOG (lattice-best-path[5.5.1009~1-e4940]:main():lattice-best-path.cc:99) For utterance TE0539-TE0540_2-B.011, best cost 2.73522 + 257.109 = 259.845 over 93 frames.
LOG (lattice-best-path[5.5.1009~1-e4940]:main():lattice-best-path.cc:99) For utterance TE0539-TE0540_2-B.025, best cost 10.6915 + 544.754 = 555.445 over 123 frames.
LOG (lattice-best-path[5.5.1009~1-e4940]:main():lattice-best-path.cc:99) For utterance TE0539-TE0540_2-B.036, best cost 14.5415 + 623.779 = 638.321 over 128 frames.
LOG (lattice-best-path[5.5.1009~1-e4940]:main():lattice-best-path.cc:99) For utterance TE0539-TE0540_2-B.073, best cost 18.0359 + 1124.13 = 1142.17 over 256 frames.
LOG (lattice-best-path[5.5.1009~1-e4940]:main():lattice-best-path.cc:99) For utterance TE0539-TE0540_2-B.082, best cost 7.4053 + 364.303 = 371.708 over 82 frames.
LOG (lattice-best-path[5.5.1009~1-e4940]:main():lattice-best-path.cc:99) For utterance TE0539-TE0540_2-B.125, best cost 22.6241 + 1777.21 = 1799.84 over 374 frames.
LOG (lattice-best-path[5.5.1009~1-e4940]:main():lattice-best-path.cc:99) For utterance TE0539-TE0540_2-B.146, best cost 2.88347 + 297.504 = 300.387 over 82 frames.
LOG (lattice-best-path[5.5.1009~1-e4940]:main():lattice-best-path.cc:99) For utterance TE0539-TE0540_2-B.231, best cost 3.25836 + 297.389 = 300.647 over 78 frames.
LOG (lattice-best-path[5.5.1009~1-e4940]:main():lattice-best-path.cc:99) For utterance TE0539-TE0540_2-B.268, best cost 24.7599 + 1629.88 = 1654.64 over 388 frames.
LOG (lattice-best-path[5.5.1009~1-e4940]:main():lattice-best-path.cc:99) For utterance TE0539-TE0540_2-B.291, best cost 8.92341 + 530.577 = 539.5 over 117 frames.
LOG (lattice-best-path[5.5.1009~1-e4940]:main():lattice-best-path.cc:99) For utterance TE0539-TE0540_2-B.295, best cost 3.43627 + 252.932 = 256.368 over 62 frames.
LOG (lattice-best-path[5.5.1009~1-e4940]:main():lattice-best-path.cc:99) For utterance TE0539-TE0540_2-B.303, best cost 40.0985 + 2027.18 = 2067.28 over 456 frames.
LOG (lattice-best-path[5.5.1009~1-e4940]:main():lattice-best-path.cc:99) For utterance TE0539-TE0540_2-B.321, best cost 21.3983 + 1145.65 = 1167.05 over 262 frames.
LOG (lattice-best-path[5.5.1009~1-e4940]:main():lattice-best-path.cc:99) For utterance TE0539-TE0540_2-B.329, best cost 9.66144 + 767.835 = 777.497 over 162 frames.
LOG (lattice-best-path[5.5.1009~1-e4940]:main():lattice-best-path.cc:99) For utterance TE0539-TE0540_2-B.337, best cost 36.7499 + 1789.3 = 1826.05 over 399 frames.
LOG (lattice-best-path[5.5.1009~1-e4940]:main():lattice-best-path.cc:99) For utterance TE0539-TE0540_2-B.339, best cost 24.4609 + 1565.72 = 1590.18 over 349 frames.
LOG (lattice-best-path[5.5.1009~1-e4940]:main():lattice-best-path.cc:99) For utterance TE0539-TE0540_2-B.356, best cost 3.67021 + 278.884 = 282.555 over 67 frames.
LOG (lattice-best-path[5.5.1009~1-e4940]:main():lattice-best-path.cc:99) For utterance TE0539-TE0540_2-B.371, best cost 14.4153 + 843.036 = 857.451 over 189 frames.
LOG (lattice-best-path[5.5.1009~1-e4940]:main():lattice-best-path.cc:99) For utterance TE0539-TE0540_2-B.381, best cost 6.87277 + 251.844 = 258.717 over 61 frames.
LOG (lattice-best-path[5.5.1009~1-e4940]:main():lattice-best-path.cc:99) For utterance TE0539-TE0540_2-B.421, best cost 10.4443 + 564.515 = 574.959 over 137 frames.
LOG (lattice-best-path[5.5.1009~1-e4940]:main():lattice-best-path.cc:99) For utterance TE0539-TE0540_2-B.449, best cost 3.53493 + 354.083 = 357.618 over 91 frames.
LOG (lattice-best-path[5.5.1009~1-e4940]:main():lattice-best-path.cc:99) For utterance TE0539-TE0540_2-B.464, best cost 4.0586 + 299.214 = 303.273 over 91 frames.
LOG (lattice-best-path[5.5.1009~1-e4940]:main():lattice-best-path.cc:99) For utterance TE0539-TE0540_2-B.466, best cost 12.1885 + 335.833 = 348.022 over 96 frames.
LOG (lattice-best-path[5.5.1009~1-e4940]:main():lattice-best-path.cc:99) For utterance TE0539-TE0540_2-B.479, best cost 4.7041 + 376.292 = 380.996 over 89 frames.
LOG (lattice-best-path[5.5.1009~1-e4940]:main():lattice-best-path.cc:99) For utterance TE0539-TE0540_2-B.486, best cost 18.4576 + 986.745 = 1005.2 over 207 frames.
LOG (lattice-best-path[5.5.1009~1-e4940]:main():lattice-best-path.cc:99) For utterance TE0539-TE0540_2-B.513, best cost 7.01584 + 518.955 = 525.97 over 114 frames.
LOG (lattice-best-path[5.5.1009~1-e4940]:main():lattice-best-path.cc:99) For utterance TE0539-TE0540_2-B.518, best cost 8.52323 + 410.42 = 418.944 over 91 frames.
LOG (lattice-best-path[5.5.1009~1-e4940]:main():lattice-best-path.cc:99) For utterance TE0541-TE0542_1-A.107, best cost 9.98708 + 483.859 = 493.847 over 123 frames.
LOG (lattice-best-path[5.5.1009~1-e4940]:main():lattice-best-path.cc:99) For utterance TE0541-TE0542_1-A.108, best cost 13.9237 + 537.437 = 551.36 over 131 frames.
LOG (lattice-best-path[5.5.1009~1-e4940]:main():lattice-best-path.cc:99) For utterance TE0541-TE0542_1-A.190, best cost 8.8776 + 573.684 = 582.562 over 131 frames.
LOG (lattice-best-path[5.5.1009~1-e4940]:main():lattice-best-path.cc:99) For utterance TE0541-TE0542_1-A.211, best cost 8.32566 + 346.434 = 354.76 over 92 frames.
LOG (lattice-best-path[5.5.1009~1-e4940]:main():lattice-best-path.cc:99) For utterance TE0541-TE0542_1-A.308, best cost 14.3031 + 533.517 = 547.82 over 121 frames.
LOG (lattice-best-path[5.5.1009~1-e4940]:main():lattice-best-path.cc:99) For utterance TE0541-TE0542_1-A.312, best cost 8.29842 + 264.057 = 272.356 over 61 frames.
LOG (lattice-best-path[5.5.1009~1-e4940]:main():lattice-best-path.cc:99) For utterance TE0541-TE0542_1-A.357, best cost 19.2371 + 1038.2 = 1057.44 over 228 frames.
LOG (lattice-best-path[5.5.1009~1-e4940]:main():lattice-best-path.cc:99) For utterance TE0541-TE0542_1-A.373, best cost 12.5975 + 639.748 = 652.346 over 150 frames.
LOG (lattice-best-path[5.5.1009~1-e4940]:main():lattice-best-path.cc:99) For utterance TE0541-TE0542_1-A.396, best cost 24.8068 + 1008.63 = 1033.44 over 237 frames.
LOG (lattice-best-path[5.5.1009~1-e4940]:main():lattice-best-path.cc:99) For utterance TE0541-TE0542_1-A.412, best cost 12.8173 + 464.891 = 477.708 over 104 frames.
LOG (lattice-best-path[5.5.1009~1-e4940]:main():lattice-best-path.cc:99) For utterance TE0541-TE0542_1-A.430, best cost 7.17923 + 206.243 = 213.422 over 44 frames.
LOG (lattice-best-path[5.5.1009~1-e4940]:main():lattice-best-path.cc:99) For utterance TE0541-TE0542_1-A.444, best cost 10.4129 + 416.351 = 426.764 over 103 frames.
LOG (lattice-best-path[5.5.1009~1-e4940]:main():lattice-best-path.cc:99) For utterance TE0541-TE0542_1-B.126, best cost 9.06211 + 297.526 = 306.589 over 78 frames.
LOG (lattice-best-path[5.5.1009~1-e4940]:main():lattice-best-path.cc:99) For utterance TE0541-TE0542_2-A.082, best cost 2.99872 + 343.392 = 346.391 over 91 frames.
LOG (lattice-best-path[5.5.1009~1-e4940]:main():lattice-best-path.cc:99) For utterance TE0541-TE0542_2-A.084, best cost 9.79725 + 663.963 = 673.761 over 152 frames.
LOG (lattice-best-path[5.5.1009~1-e4940]:main():lattice-best-path.cc:99) For utterance TE0541-TE0542_2-A.103, best cost 3.91175 + 322.835 = 326.747 over 83 frames.
LOG (lattice-best-path[5.5.1009~1-e4940]:main():lattice-best-path.cc:99) For utterance TE0541-TE0542_2-A.121, best cost 3.41127 + 489.403 = 492.815 over 119 frames.
LOG (lattice-best-path[5.5.1009~1-e4940]:main():lattice-best-path.cc:99) For utterance TE0541-TE0542_2-A.129, best cost 4.1763 + 288.229 = 292.405 over 78 frames.
LOG (lattice-best-path[5.5.1009~1-e4940]:main():lattice-best-path.cc:99) For utterance TE0541-TE0542_2-A.131, best cost 4.47521 + 421.126 = 425.602 over 103 frames.
LOG (lattice-best-path[5.5.1009~1-e4940]:main():lattice-best-path.cc:99) For utterance TE0541-TE0542_2-A.140, best cost 8.88554 + 342.865 = 351.751 over 78 frames.
LOG (lattice-best-path[5.5.1009~1-e4940]:main():lattice-best-path.cc:99) For utterance TE0541-TE0542_2-A.156, best cost 9.05561 + 271.222 = 280.278 over 86 frames.
LOG (lattice-best-path[5.5.1009~1-e4940]:main():lattice-best-path.cc:99) For utterance TE0541-TE0542_2-A.160, best cost 4.7785 + 341.879 = 346.658 over 84 frames.
LOG (lattice-best-path[5.5.1009~1-e4940]:main():lattice-best-path.cc:99) For utterance TE0541-TE0542_2-A.164, best cost 3.79709 + 230.329 = 234.126 over 68 frames.
LOG (lattice-best-path[5.5.1009~1-e4940]:main():lattice-best-path.cc:99) For utterance TE0541-TE0542_2-A.175, best cost 13.6966 + 566.429 = 580.126 over 135 frames.
LOG (lattice-best-path[5.5.1009~1-e4940]:main():lattice-best-path.cc:99) For utterance TE0541-TE0542_2-A.181, best cost 7.44323 + 299.438 = 306.881 over 84 frames.
LOG (lattice-best-path[5.5.1009~1-e4940]:main():lattice-best-path.cc:99) For utterance TE0541-TE0542_2-A.188, best cost 7.57792 + 197.378 = 204.956 over 58 frames.
LOG (lattice-best-path[5.5.1009~1-e4940]:main():lattice-best-path.cc:99) For utterance TE0541-TE0542_2-A.194, best cost 9.71496 + 370.467 = 380.182 over 82 frames.
LOG (lattice-best-path[5.5.1009~1-e4940]:main():lattice-best-path.cc:124) Overall cost per frame is 4.4993 = 0.0782612 [graph] + 4.42104 [acoustic] over 59904 frames.
LOG (lattice-best-path[5.5.1009~1-e4940]:main():lattice-best-path.cc:128) Done 434 lattices, failed for 0
# Accounting: time=0 threads=1
# Ended (code 0) at Tue Jun 14 09:45:21 UTC 2022, elapsed time 0 seconds
