# lattice-depth-per-frame "ark:gunzip -c telugu_exp/tri3_cleaned_work/lats/lat.56.gz|" "ark,t:|gzip -c > telugu_exp/tri3_cleaned_work/lats/depth_tmp.56.gz" ark:- | lattice-best-path --acoustic-scale=0.1 ark:- ark:/dev/null "ark,t:|gzip -c >telugu_exp/tri3_cleaned_work/lats/ali_tmp.56.gz" 
# Started at Tue Jun 14 09:45:21 UTC 2022
#
lattice-best-path --acoustic-scale=0.1 ark:- ark:/dev/null 'ark,t:|gzip -c >telugu_exp/tri3_cleaned_work/lats/ali_tmp.56.gz' 
lattice-depth-per-frame 'ark:gunzip -c telugu_exp/tri3_cleaned_work/lats/lat.56.gz|' 'ark,t:|gzip -c > telugu_exp/tri3_cleaned_work/lats/depth_tmp.56.gz' ark:- 
LOG (lattice-best-path[5.5.1009~1-e4940]:main():lattice-best-path.cc:99) For utterance TE0541-TE0542_2-A.198, best cost 11.7976 + 443.21 = 455.007 over 104 frames.
LOG (lattice-best-path[5.5.1009~1-e4940]:main():lattice-best-path.cc:99) For utterance TE0541-TE0542_2-A.244, best cost 8.69852 + 422.764 = 431.463 over 109 frames.
LOG (lattice-best-path[5.5.1009~1-e4940]:main():lattice-best-path.cc:99) For utterance TE0541-TE0542_2-B.004, best cost 20.3557 + 1087.92 = 1108.28 over 236 frames.
LOG (lattice-best-path[5.5.1009~1-e4940]:main():lattice-best-path.cc:99) For utterance TE0541-TE0542_2-B.010, best cost 10.0473 + 530.553 = 540.601 over 118 frames.
LOG (lattice-best-path[5.5.1009~1-e4940]:main():lattice-best-path.cc:99) For utterance TE0541-TE0542_2-B.038, best cost 7.33024 + 608.267 = 615.597 over 144 frames.
LOG (lattice-best-path[5.5.1009~1-e4940]:main():lattice-best-path.cc:99) For utterance TE0541-TE0542_2-B.086, best cost 15.6126 + 762.45 = 778.062 over 168 frames.
LOG (lattice-best-path[5.5.1009~1-e4940]:main():lattice-best-path.cc:99) For utterance TE0541-TE0542_2-B.098, best cost 12.0601 + 476.466 = 488.526 over 98 frames.
LOG (lattice-best-path[5.5.1009~1-e4940]:main():lattice-best-path.cc:99) For utterance TE0541-TE0542_2-B.153, best cost 12.7737 + 679.325 = 692.098 over 157 frames.
LOG (lattice-best-path[5.5.1009~1-e4940]:main():lattice-best-path.cc:99) For utterance TE0541-TE0542_2-B.213, best cost 20.1139 + 854.159 = 874.273 over 195 frames.
LOG (lattice-best-path[5.5.1009~1-e4940]:main():lattice-best-path.cc:99) For utterance TE0541-TE0542_2-B.226, best cost 12.3093 + 585.915 = 598.224 over 133 frames.
LOG (lattice-best-path[5.5.1009~1-e4940]:main():lattice-best-path.cc:99) For utterance TE0541-TE0542_2-B.246, best cost 15.0278 + 572.681 = 587.708 over 131 frames.
LOG (lattice-best-path[5.5.1009~1-e4940]:main():lattice-best-path.cc:99) For utterance TE0541-TE0542_2-B.249, best cost 12.5147 + 610.78 = 623.295 over 142 frames.
LOG (lattice-best-path[5.5.1009~1-e4940]:main():lattice-best-path.cc:99) For utterance TE0541-TE0542_2-B.257, best cost 22.4905 + 1347.25 = 1369.74 over 286 frames.
LOG (lattice-best-path[5.5.1009~1-e4940]:main():lattice-best-path.cc:99) For utterance TE0541-TE0542_2-B.315, best cost 21.9267 + 908.179 = 930.106 over 204 frames.
LOG (lattice-best-path[5.5.1009~1-e4940]:main():lattice-best-path.cc:99) For utterance TE0541-TE0542_2-B.322, best cost 21.2437 + 1032.1 = 1053.34 over 224 frames.
LOG (lattice-best-path[5.5.1009~1-e4940]:main():lattice-best-path.cc:99) For utterance TE0541-TE0542_2-B.345, best cost 20.7849 + 835.183 = 855.968 over 181 frames.
LOG (lattice-best-path[5.5.1009~1-e4940]:main():lattice-best-path.cc:99) For utterance TE0541-TE0542_2-B.352, best cost 7.20175 + 531.244 = 538.445 over 122 frames.
LOG (lattice-best-path[5.5.1009~1-e4940]:main():lattice-best-path.cc:99) For utterance TE0541-TE0542_2-B.379, best cost 10.4496 + 316.609 = 327.059 over 74 frames.
LOG (lattice-best-path[5.5.1009~1-e4940]:main():lattice-best-path.cc:99) For utterance TE0541-TE0543_1-A.061, best cost 9.52836 + 426.419 = 435.948 over 103 frames.
LOG (lattice-best-path[5.5.1009~1-e4940]:main():lattice-best-path.cc:99) For utterance TE0541-TE0543_1-A.088, best cost 12.5497 + 685.725 = 698.275 over 169 frames.
LOG (lattice-best-path[5.5.1009~1-e4940]:main():lattice-best-path.cc:99) For utterance TE0541-TE0543_1-A.108, best cost 11.5355 + 464.704 = 476.239 over 103 frames.
LOG (lattice-best-path[5.5.1009~1-e4940]:main():lattice-best-path.cc:99) For utterance TE0541-TE0543_1-A.113, best cost 7.54501 + 370.401 = 377.946 over 87 frames.
LOG (lattice-best-path[5.5.1009~1-e4940]:main():lattice-best-path.cc:99) For utterance TE0541-TE0543_1-A.143, best cost 8.25116 + 347.538 = 355.789 over 77 frames.
LOG (lattice-best-path[5.5.1009~1-e4940]:main():lattice-best-path.cc:99) For utterance TE0541-TE0543_1-B.028, best cost 29.6743 + 672.993 = 702.667 over 160 frames.
LOG (lattice-best-path[5.5.1009~1-e4940]:main():lattice-best-path.cc:99) For utterance TE0541-TE0543_1-B.092, best cost 11.8528 + 567.738 = 579.591 over 106 frames.
LOG (lattice-best-path[5.5.1009~1-e4940]:main():lattice-best-path.cc:99) For utterance TE0541-TE0543_1-B.139, best cost 7.40054 + 330.132 = 337.532 over 78 frames.
LOG (lattice-best-path[5.5.1009~1-e4940]:main():lattice-best-path.cc:99) For utterance TE0541-TE0543_1-B.153, best cost 15.8021 + 853.661 = 869.463 over 177 frames.
LOG (lattice-best-path[5.5.1009~1-e4940]:main():lattice-best-path.cc:99) For utterance TE0541-TE0543_1-B.200, best cost 20.4421 + 941.302 = 961.745 over 196 frames.
LOG (lattice-best-path[5.5.1009~1-e4940]:main():lattice-best-path.cc:99) For utterance TE0541-TE0543_2-A.099, best cost 16.6646 + 1058.9 = 1075.56 over 232 frames.
LOG (lattice-best-path[5.5.1009~1-e4940]:main():lattice-best-path.cc:99) For utterance TE0541-TE0543_2-A.123, best cost 23.029 + 925.536 = 948.565 over 222 frames.
LOG (lattice-best-path[5.5.1009~1-e4940]:main():lattice-best-path.cc:99) For utterance TE0541-TE0543_2-A.130, best cost 8.22567 + 501.69 = 509.916 over 114 frames.
LOG (lattice-best-path[5.5.1009~1-e4940]:main():lattice-best-path.cc:99) For utterance TE0541-TE0543_2-A.145, best cost 8.1707 + 321.752 = 329.922 over 78 frames.
LOG (lattice-best-path[5.5.1009~1-e4940]:main():lattice-best-path.cc:99) For utterance TE0541-TE0543_2-A.146, best cost 12.305 + 602.165 = 614.47 over 137 frames.
LOG (lattice-best-path[5.5.1009~1-e4940]:main():lattice-best-path.cc:99) For utterance TE0541-TE0543_2-A.167, best cost 12.8565 + 648.366 = 661.222 over 158 frames.
LOG (lattice-best-path[5.5.1009~1-e4940]:main():lattice-best-path.cc:99) For utterance TE0541-TE0543_2-A.230, best cost 9.32479 + 350.802 = 360.126 over 78 frames.
LOG (lattice-best-path[5.5.1009~1-e4940]:main():lattice-best-path.cc:99) For utterance TE0541-TE0543_2-A.232, best cost 3.85233 + 262.768 = 266.62 over 76 frames.
LOG (lattice-best-path[5.5.1009~1-e4940]:main():lattice-best-path.cc:99) For utterance TE0541-TE0543_2-A.236, best cost 11.5067 + 494.572 = 506.079 over 114 frames.
LOG (lattice-best-path[5.5.1009~1-e4940]:main():lattice-best-path.cc:99) For utterance TE0541-TE0543_2-A.262, best cost 10.2153 + 309.918 = 320.133 over 71 frames.
LOG (lattice-best-path[5.5.1009~1-e4940]:main():lattice-best-path.cc:99) For utterance TE0541-TE0543_2-A.293, best cost 11.6534 + 579.431 = 591.085 over 127 frames.
LOG (lattice-best-path[5.5.1009~1-e4940]:main():lattice-best-path.cc:99) For utterance TE0541-TE0543_2-A.342, best cost 8.27631 + 454.608 = 462.884 over 99 frames.
LOG (lattice-best-path[5.5.1009~1-e4940]:main():lattice-best-path.cc:99) For utterance TE0541-TE0543_2-A.359, best cost 14.7278 + 705.574 = 720.301 over 156 frames.
LOG (lattice-best-path[5.5.1009~1-e4940]:main():lattice-best-path.cc:99) For utterance TE0541-TE0543_2-A.381, best cost 16.9846 + 955.614 = 972.599 over 221 frames.
LOG (lattice-best-path[5.5.1009~1-e4940]:main():lattice-best-path.cc:99) For utterance TE0541-TE0543_2-B.023, best cost 7.4169 + 357.295 = 364.712 over 78 frames.
LOG (lattice-best-path[5.5.1009~1-e4940]:main():lattice-best-path.cc:99) For utterance TE0541-TE0543_2-B.031, best cost 13.3164 + 903.343 = 916.66 over 196 frames.
LOG (lattice-best-path[5.5.1009~1-e4940]:main():lattice-best-path.cc:99) For utterance TE0541-TE0543_2-B.071, best cost 9.40767 + 454.636 = 464.044 over 108 frames.
LOG (lattice-best-path[5.5.1009~1-e4940]:main():lattice-best-path.cc:99) For utterance TE0541-TE0543_2-B.142, best cost 8.23061 + 369.043 = 377.274 over 77 frames.
LOG (lattice-best-path[5.5.1009~1-e4940]:main():lattice-best-path.cc:99) For utterance TE0541-TE0543_2-B.149, best cost 10.1228 + 519.786 = 529.909 over 126 frames.
LOG (lattice-best-path[5.5.1009~1-e4940]:main():lattice-best-path.cc:99) For utterance TE0541-TE0543_2-B.216, best cost 17.2437 + 1050.19 = 1067.43 over 233 frames.
LOG (lattice-best-path[5.5.1009~1-e4940]:main():lattice-best-path.cc:99) For utterance TE0542-TE0544_1-A.004, best cost 10.2074 + 513.224 = 523.432 over 118 frames.
LOG (lattice-best-path[5.5.1009~1-e4940]:main():lattice-best-path.cc:99) For utterance TE0542-TE0544_1-A.037, best cost 21.1866 + 940.016 = 961.203 over 199 frames.
LOG (lattice-best-path[5.5.1009~1-e4940]:main():lattice-best-path.cc:99) For utterance TE0542-TE0544_1-A.039, best cost 3.07745 + 392.358 = 395.435 over 96 frames.
LOG (lattice-best-path[5.5.1009~1-e4940]:main():lattice-best-path.cc:99) For utterance TE0542-TE0544_1-A.072, best cost 3.41362 + 260.446 = 263.86 over 74 frames.
LOG (lattice-best-path[5.5.1009~1-e4940]:main():lattice-best-path.cc:99) For utterance TE0542-TE0544_1-A.082, best cost 23.0965 + 940.468 = 963.564 over 226 frames.
LOG (lattice-best-path[5.5.1009~1-e4940]:main():lattice-best-path.cc:99) For utterance TE0542-TE0544_1-A.148, best cost 11.6428 + 553.025 = 564.667 over 113 frames.
LOG (lattice-best-path[5.5.1009~1-e4940]:main():lattice-best-path.cc:99) For utterance TE0542-TE0544_1-A.161, best cost 3.44773 + 352.501 = 355.949 over 89 frames.
LOG (lattice-best-path[5.5.1009~1-e4940]:main():lattice-best-path.cc:99) For utterance TE0542-TE0544_1-B.005, best cost 7.78051 + 255.616 = 263.397 over 62 frames.
LOG (lattice-best-path[5.5.1009~1-e4940]:main():lattice-best-path.cc:99) For utterance TE0542-TE0544_1-B.159, best cost 2.92474 + 347.659 = 350.584 over 91 frames.
LOG (lattice-best-path[5.5.1009~1-e4940]:main():lattice-best-path.cc:99) For utterance TE0542-TE0544_1-B.161, best cost 3.14866 + 406.273 = 409.422 over 128 frames.
LOG (lattice-best-path[5.5.1009~1-e4940]:main():lattice-best-path.cc:99) For utterance TE0542-TE0544_1-B.180, best cost 13.6121 + 705.803 = 719.415 over 167 frames.
LOG (lattice-best-path[5.5.1009~1-e4940]:main():lattice-best-path.cc:99) For utterance TE0542-TE0544_1-B.190, best cost 7.05002 + 337.01 = 344.06 over 79 frames.
LOG (lattice-best-path[5.5.1009~1-e4940]:main():lattice-best-path.cc:99) For utterance TE0542-TE0544_1-B.213, best cost 4.24978 + 355.909 = 360.159 over 93 frames.
LOG (lattice-best-path[5.5.1009~1-e4940]:main():lattice-best-path.cc:99) For utterance TE0542-TE0544_1-B.215, best cost 3.97538 + 301.536 = 305.511 over 84 frames.
LOG (lattice-best-path[5.5.1009~1-e4940]:main():lattice-best-path.cc:99) For utterance TE0542-TE0544_1-B.221, best cost 3.95553 + 450.981 = 454.936 over 109 frames.
LOG (lattice-best-path[5.5.1009~1-e4940]:main():lattice-best-path.cc:99) For utterance TE0542-TE0544_1-B.231, best cost 2.79486 + 325.048 = 327.843 over 93 frames.
LOG (lattice-best-path[5.5.1009~1-e4940]:main():lattice-best-path.cc:99) For utterance TE0542-TE0544_1-B.238, best cost 3.97966 + 420.995 = 424.975 over 108 frames.
LOG (lattice-best-path[5.5.1009~1-e4940]:main():lattice-best-path.cc:99) For utterance TE0542-TE0544_1-B.251, best cost 3.0555 + 388.732 = 391.788 over 112 frames.
LOG (lattice-best-path[5.5.1009~1-e4940]:main():lattice-best-path.cc:99) For utterance TE0542-TE0544_1-B.274, best cost 3.4465 + 411.967 = 415.414 over 112 frames.
LOG (lattice-best-path[5.5.1009~1-e4940]:main():lattice-best-path.cc:99) For utterance TE0542-TE0544_1-B.275, best cost 7.64352 + 374.305 = 381.949 over 91 frames.
LOG (lattice-best-path[5.5.1009~1-e4940]:main():lattice-best-path.cc:99) For utterance TE0542-TE0544_1-B.290, best cost 13.773 + 696.935 = 710.708 over 188 frames.
LOG (lattice-best-path[5.5.1009~1-e4940]:main():lattice-best-path.cc:99) For utterance TE0542-TE0544_2-A.063, best cost 9.86897 + 361.583 = 371.452 over 87 frames.
LOG (lattice-best-path[5.5.1009~1-e4940]:main():lattice-best-path.cc:99) For utterance TE0542-TE0544_2-A.221, best cost 20.5983 + 1244.03 = 1264.63 over 308 frames.
LOG (lattice-best-path[5.5.1009~1-e4940]:main():lattice-best-path.cc:99) For utterance TE0542-TE0544_2-A.242, best cost 8.28019 + 312.911 = 321.191 over 77 frames.
LOG (lattice-best-path[5.5.1009~1-e4940]:main():lattice-best-path.cc:99) For utterance TE0542-TE0544_2-A.261, best cost 10.5555 + 381.367 = 391.922 over 98 frames.
LOG (lattice-best-path[5.5.1009~1-e4940]:main():lattice-best-path.cc:99) For utterance TE0542-TE0544_2-A.298, best cost 21.8377 + 1304.87 = 1326.71 over 288 frames.
LOG (lattice-best-path[5.5.1009~1-e4940]:main():lattice-best-path.cc:99) For utterance TE0542-TE0544_2-B.004, best cost 3.5215 + 397.293 = 400.815 over 93 frames.
LOG (lattice-best-path[5.5.1009~1-e4940]:main():lattice-best-path.cc:99) For utterance TE0542-TE0544_2-B.015, best cost 6.62628 + 567.586 = 574.212 over 148 frames.
LOG (lattice-best-path[5.5.1009~1-e4940]:main():lattice-best-path.cc:99) For utterance TE0542-TE0544_2-B.027, best cost 7.381 + 293.4 = 300.781 over 93 frames.
LOG (lattice-best-path[5.5.1009~1-e4940]:main():lattice-best-path.cc:99) For utterance TE0542-TE0544_2-B.040, best cost 7.36787 + 398.775 = 406.143 over 105 frames.
LOG (lattice-best-path[5.5.1009~1-e4940]:main():lattice-best-path.cc:99) For utterance TE0542-TE0544_2-B.044, best cost 3.4817 + 258.241 = 261.723 over 81 frames.
LOG (lattice-best-path[5.5.1009~1-e4940]:main():lattice-best-path.cc:99) For utterance TE0542-TE0544_2-B.068, best cost 2.26155 + 208.35 = 210.612 over 58 frames.
LOG (lattice-best-path[5.5.1009~1-e4940]:main():lattice-best-path.cc:99) For utterance TE0542-TE0544_2-B.070, best cost 9.48994 + 354.302 = 363.792 over 79 frames.
LOG (lattice-best-path[5.5.1009~1-e4940]:main():lattice-best-path.cc:99) For utterance TE0542-TE0544_2-B.074, best cost 2.15581 + 300.832 = 302.988 over 79 frames.
LOG (lattice-best-path[5.5.1009~1-e4940]:main():lattice-best-path.cc:99) For utterance TE0542-TE0544_2-B.086, best cost 3.61436 + 251.906 = 255.52 over 71 frames.
LOG (lattice-best-path[5.5.1009~1-e4940]:main():lattice-best-path.cc:99) For utterance TE0542-TE0544_2-B.101, best cost 3.27834 + 283.959 = 287.238 over 68 frames.
LOG (lattice-best-path[5.5.1009~1-e4940]:main():lattice-best-path.cc:99) For utterance TE0542-TE0544_2-B.109, best cost 3.35396 + 274.975 = 278.329 over 74 frames.
LOG (lattice-best-path[5.5.1009~1-e4940]:main():lattice-best-path.cc:99) For utterance TE0542-TE0544_2-B.148, best cost 9.96668 + 393.222 = 403.189 over 86 frames.
LOG (lattice-best-path[5.5.1009~1-e4940]:main():lattice-best-path.cc:99) For utterance TE0542-TE0544_2-B.187, best cost 3.32284 + 276.378 = 279.701 over 77 frames.
LOG (lattice-best-path[5.5.1009~1-e4940]:main():lattice-best-path.cc:99) For utterance TE0542-TE0544_2-B.225, best cost 3.72246 + 363.16 = 366.883 over 98 frames.
LOG (lattice-best-path[5.5.1009~1-e4940]:main():lattice-best-path.cc:99) For utterance TE0542-TE0544_2-B.258, best cost 10.3942 + 433.068 = 443.462 over 105 frames.
LOG (lattice-best-path[5.5.1009~1-e4940]:main():lattice-best-path.cc:99) For utterance TE0542-TE0544_2-B.260, best cost 3.90396 + 464.577 = 468.48 over 115 frames.
LOG (lattice-best-path[5.5.1009~1-e4940]:main():lattice-best-path.cc:99) For utterance TE0542-TE0544_2-B.277, best cost 3.54653 + 270.622 = 274.168 over 78 frames.
LOG (lattice-best-path[5.5.1009~1-e4940]:main():lattice-best-path.cc:99) For utterance TE0543-TE0544_1-A.018, best cost 12.0407 + 801.472 = 813.513 over 199 frames.
LOG (lattice-best-path[5.5.1009~1-e4940]:main():lattice-best-path.cc:99) For utterance TE0543-TE0544_1-A.066, best cost 13.829 + 823.876 = 837.705 over 180 frames.
LOG (lattice-best-path[5.5.1009~1-e4940]:main():lattice-best-path.cc:99) For utterance TE0543-TE0544_1-A.096, best cost 11.5812 + 562.498 = 574.08 over 119 frames.
LOG (lattice-best-path[5.5.1009~1-e4940]:main():lattice-best-path.cc:99) For utterance TE0543-TE0544_1-A.231, best cost 8.91397 + 586.955 = 595.869 over 131 frames.
LOG (lattice-best-path[5.5.1009~1-e4940]:main():lattice-best-path.cc:99) For utterance TE0543-TE0544_1-B.029, best cost 9.26576 + 534.799 = 544.064 over 118 frames.
LOG (lattice-best-path[5.5.1009~1-e4940]:main():lattice-best-path.cc:99) For utterance TE0543-TE0544_1-B.058, best cost 3.59343 + 359.493 = 363.086 over 92 frames.
LOG (lattice-best-path[5.5.1009~1-e4940]:main():lattice-best-path.cc:99) For utterance TE0543-TE0544_1-B.060, best cost 10.4895 + 522.471 = 532.961 over 133 frames.
LOG (lattice-best-path[5.5.1009~1-e4940]:main():lattice-best-path.cc:99) For utterance TE0543-TE0544_1-B.066, best cost 17.9321 + 713.203 = 731.135 over 177 frames.
LOG (lattice-best-path[5.5.1009~1-e4940]:main():lattice-best-path.cc:99) For utterance TE0543-TE0544_1-B.152, best cost 7.75596 + 482.833 = 490.589 over 134 frames.
LOG (lattice-best-path[5.5.1009~1-e4940]:main():lattice-best-path.cc:99) For utterance TE0543-TE0544_1-B.159, best cost 7.27736 + 486.473 = 493.75 over 112 frames.
LOG (lattice-best-path[5.5.1009~1-e4940]:main():lattice-best-path.cc:99) For utterance TE0543-TE0544_1-B.169, best cost 3.26647 + 236.355 = 239.622 over 68 frames.
LOG (lattice-best-path[5.5.1009~1-e4940]:main():lattice-best-path.cc:99) For utterance TE0543-TE0544_1-B.173, best cost 7.99571 + 293.111 = 301.107 over 65 frames.
LOG (lattice-best-path[5.5.1009~1-e4940]:main():lattice-best-path.cc:99) For utterance TE0543-TE0544_1-B.179, best cost 8.19723 + 558.476 = 566.673 over 128 frames.
LOG (lattice-best-path[5.5.1009~1-e4940]:main():lattice-best-path.cc:99) For utterance TE0543-TE0544_1-B.205, best cost 10.2326 + 506.191 = 516.424 over 126 frames.
LOG (lattice-best-path[5.5.1009~1-e4940]:main():lattice-best-path.cc:99) For utterance TE0543-TE0544_2-B.015, best cost 2.96288 + 300.707 = 303.669 over 77 frames.
LOG (lattice-best-path[5.5.1009~1-e4940]:main():lattice-best-path.cc:99) For utterance TE0543-TE0544_2-B.051, best cost 23.5008 + 1489.11 = 1512.61 over 313 frames.
LOG (lattice-best-path[5.5.1009~1-e4940]:main():lattice-best-path.cc:99) For utterance TE0543-TE0544_2-B.064, best cost 20.8197 + 1297.64 = 1318.46 over 284 frames.
LOG (lattice-best-path[5.5.1009~1-e4940]:main():lattice-best-path.cc:99) For utterance TE0543-TE0544_2-B.071, best cost 8.20285 + 463.851 = 472.054 over 103 frames.
LOG (lattice-best-path[5.5.1009~1-e4940]:main():lattice-best-path.cc:99) For utterance TE0543-TE0544_2-B.075, best cost 3.0432 + 333.48 = 336.523 over 89 frames.
LOG (lattice-best-path[5.5.1009~1-e4940]:main():lattice-best-path.cc:99) For utterance TE0543-TE0544_2-B.081, best cost 9.60213 + 555.813 = 565.416 over 114 frames.
LOG (lattice-best-path[5.5.1009~1-e4940]:main():lattice-best-path.cc:99) For utterance TE0543-TE0544_2-B.092, best cost 4.10657 + 316.173 = 320.279 over 88 frames.
LOG (lattice-best-path[5.5.1009~1-e4940]:main():lattice-best-path.cc:99) For utterance TE0543-TE0544_2-B.096, best cost 4.36185 + 346.394 = 350.756 over 89 frames.
LOG (lattice-best-path[5.5.1009~1-e4940]:main():lattice-best-path.cc:99) For utterance TE0543-TE0544_2-B.104, best cost 4.0449 + 341.375 = 345.42 over 87 frames.
LOG (lattice-best-path[5.5.1009~1-e4940]:main():lattice-best-path.cc:99) For utterance TE0543-TE0544_2-B.111, best cost 11.7541 + 769.21 = 780.964 over 176 frames.
LOG (lattice-best-path[5.5.1009~1-e4940]:main():lattice-best-path.cc:99) For utterance TE0543-TE0544_2-B.139, best cost 12.7384 + 720.423 = 733.161 over 174 frames.
LOG (lattice-best-path[5.5.1009~1-e4940]:main():lattice-best-path.cc:99) For utterance TE0543-TE0544_2-B.161, best cost 10.6878 + 561.301 = 571.989 over 122 frames.
LOG (lattice-best-path[5.5.1009~1-e4940]:main():lattice-best-path.cc:99) For utterance TE0543-TE0544_2-B.178, best cost 3.98792 + 240.784 = 244.772 over 66 frames.
LOG (lattice-best-path[5.5.1009~1-e4940]:main():lattice-best-path.cc:99) For utterance TE0543-TE0544_2-B.203, best cost 7.36834 + 327.698 = 335.066 over 71 frames.
LOG (lattice-best-path[5.5.1009~1-e4940]:main():lattice-best-path.cc:99) For utterance TE0543-TE0544_2-B.225, best cost 8.43861 + 252.278 = 260.716 over 56 frames.
LOG (lattice-best-path[5.5.1009~1-e4940]:main():lattice-best-path.cc:99) For utterance TE0543-TE0544_2-B.231, best cost 27.1214 + 1554.86 = 1581.98 over 338 frames.
LOG (lattice-best-path[5.5.1009~1-e4940]:main():lattice-best-path.cc:99) For utterance TE0543-TE0544_2-B.276, best cost 13.7874 + 426.79 = 440.577 over 96 frames.
LOG (lattice-best-path[5.5.1009~1-e4940]:main():lattice-best-path.cc:99) For utterance TE0543-TE0544_2-B.277, best cost 12.3932 + 675.736 = 688.129 over 161 frames.
LOG (lattice-best-path[5.5.1009~1-e4940]:main():lattice-best-path.cc:99) For utterance TE0543-TE0544_2-B.300, best cost 10.1086 + 648.696 = 658.805 over 136 frames.
LOG (lattice-best-path[5.5.1009~1-e4940]:main():lattice-best-path.cc:99) For utterance TE0543-TE0544_2-B.318, best cost 16.3077 + 803.719 = 820.027 over 198 frames.
LOG (lattice-best-path[5.5.1009~1-e4940]:main():lattice-best-path.cc:99) For utterance TE0543-TE0544_2-B.346, best cost 14.5006 + 915.004 = 929.505 over 202 frames.
LOG (lattice-best-path[5.5.1009~1-e4940]:main():lattice-best-path.cc:99) For utterance TE0545-TE0546_1-A.070, best cost 14.7633 + 1076.97 = 1091.74 over 290 frames.
LOG (lattice-best-path[5.5.1009~1-e4940]:main():lattice-best-path.cc:99) For utterance TE0545-TE0546_1-A.076, best cost 7.06193 + 348.391 = 355.453 over 97 frames.
LOG (lattice-best-path[5.5.1009~1-e4940]:main():lattice-best-path.cc:99) For utterance TE0545-TE0546_1-A.080, best cost 25.0366 + 1152.26 = 1177.29 over 303 frames.
LOG (lattice-best-path[5.5.1009~1-e4940]:main():lattice-best-path.cc:99) For utterance TE0545-TE0546_1-A.100, best cost 11.2438 + 599.303 = 610.547 over 139 frames.
LOG (lattice-best-path[5.5.1009~1-e4940]:main():lattice-best-path.cc:99) For utterance TE0545-TE0546_1-A.150, best cost 14.698 + 994.257 = 1008.95 over 270 frames.
LOG (lattice-best-path[5.5.1009~1-e4940]:main():lattice-best-path.cc:99) For utterance TE0545-TE0546_1-A.171, best cost 9.08942 + 423.739 = 432.828 over 91 frames.
LOG (lattice-best-path[5.5.1009~1-e4940]:main():lattice-best-path.cc:99) For utterance TE0545-TE0546_1-A.286, best cost 4.47121 + 345.724 = 350.196 over 99 frames.
LOG (lattice-best-path[5.5.1009~1-e4940]:main():lattice-best-path.cc:99) For utterance TE0545-TE0546_1-A.324, best cost 3.23096 + 331.947 = 335.178 over 88 frames.
LOG (lattice-best-path[5.5.1009~1-e4940]:main():lattice-best-path.cc:99) For utterance TE0545-TE0546_1-A.328, best cost 7.03101 + 263.564 = 270.595 over 64 frames.
LOG (lattice-best-path[5.5.1009~1-e4940]:main():lattice-best-path.cc:99) For utterance TE0545-TE0546_1-B.021, best cost 9.69593 + 521.785 = 531.48 over 125 frames.
LOG (lattice-best-path[5.5.1009~1-e4940]:main():lattice-best-path.cc:99) For utterance TE0545-TE0546_1-B.028, best cost 12.2265 + 705.837 = 718.063 over 172 frames.
LOG (lattice-best-path[5.5.1009~1-e4940]:main():lattice-best-path.cc:99) For utterance TE0545-TE0546_1-B.059, best cost 13.3379 + 732.198 = 745.536 over 170 frames.
LOG (lattice-best-path[5.5.1009~1-e4940]:main():lattice-best-path.cc:99) For utterance TE0545-TE0546_1-B.060, best cost 9.34399 + 394.752 = 404.096 over 99 frames.
LOG (lattice-best-path[5.5.1009~1-e4940]:main():lattice-best-path.cc:99) For utterance TE0545-TE0546_1-B.077, best cost 8.43996 + 348.294 = 356.734 over 83 frames.
LOG (lattice-best-path[5.5.1009~1-e4940]:main():lattice-best-path.cc:99) For utterance TE0545-TE0546_1-B.158, best cost 9.41152 + 356.072 = 365.483 over 111 frames.
LOG (lattice-best-path[5.5.1009~1-e4940]:main():lattice-best-path.cc:99) For utterance TE0545-TE0546_1-B.204, best cost 7.80622 + 229.284 = 237.09 over 54 frames.
LOG (lattice-best-path[5.5.1009~1-e4940]:main():lattice-best-path.cc:99) For utterance TE0545-TE0546_1-B.218, best cost 4.38185 + 230.608 = 234.989 over 62 frames.
LOG (lattice-best-path[5.5.1009~1-e4940]:main():lattice-best-path.cc:99) For utterance TE0545-TE0546_1-B.334, best cost 11.7496 + 669.921 = 681.671 over 152 frames.
LOG (lattice-best-path[5.5.1009~1-e4940]:main():lattice-best-path.cc:99) For utterance TE0545-TE0546_1-B.345, best cost 9.48514 + 410.546 = 420.031 over 104 frames.
LOG (lattice-best-path[5.5.1009~1-e4940]:main():lattice-best-path.cc:99) For utterance TE0545-TE0546_1-B.372, best cost 10.0983 + 517.117 = 527.216 over 119 frames.
LOG (lattice-best-path[5.5.1009~1-e4940]:main():lattice-best-path.cc:99) For utterance TE0545-TE0546_1-B.384, best cost 14.3125 + 608.622 = 622.935 over 174 frames.
LOG (lattice-best-path[5.5.1009~1-e4940]:main():lattice-best-path.cc:99) For utterance TE0545-TE0546_1-B.416, best cost 7.33049 + 277.187 = 284.518 over 87 frames.
LOG (lattice-best-path[5.5.1009~1-e4940]:main():lattice-best-path.cc:99) For utterance TE0545-TE0546_2-A.005, best cost 9.06921 + 404.579 = 413.648 over 112 frames.
LOG (lattice-best-path[5.5.1009~1-e4940]:main():lattice-best-path.cc:99) For utterance TE0545-TE0546_2-A.032, best cost 12.153 + 613.482 = 625.635 over 134 frames.
LOG (lattice-best-path[5.5.1009~1-e4940]:main():lattice-best-path.cc:99) For utterance TE0545-TE0546_2-A.039, best cost 10.6781 + 567.994 = 578.672 over 161 frames.
LOG (lattice-best-path[5.5.1009~1-e4940]:main():lattice-best-path.cc:99) For utterance TE0545-TE0546_2-A.112, best cost 10.7868 + 515.285 = 526.072 over 107 frames.
LOG (lattice-best-path[5.5.1009~1-e4940]:main():lattice-best-path.cc:99) For utterance TE0545-TE0546_2-A.115, best cost 36.1505 + 2270.67 = 2306.82 over 452 frames.
LOG (lattice-best-path[5.5.1009~1-e4940]:main():lattice-best-path.cc:99) For utterance TE0545-TE0546_2-A.168, best cost 17.8358 + 1170.37 = 1188.21 over 258 frames.
LOG (lattice-best-path[5.5.1009~1-e4940]:main():lattice-best-path.cc:99) For utterance TE0545-TE0546_2-A.204, best cost 22.3337 + 1427.6 = 1449.93 over 306 frames.
LOG (lattice-best-path[5.5.1009~1-e4940]:main():lattice-best-path.cc:99) For utterance TE0545-TE0546_2-A.256, best cost 21.3594 + 1373.1 = 1394.46 over 286 frames.
LOG (lattice-best-path[5.5.1009~1-e4940]:main():lattice-best-path.cc:99) For utterance TE0545-TE0546_2-A.258, best cost 15.8305 + 978.232 = 994.062 over 264 frames.
LOG (lattice-best-path[5.5.1009~1-e4940]:main():lattice-best-path.cc:99) For utterance TE0545-TE0546_2-A.309, best cost 7.04017 + 336.742 = 343.782 over 86 frames.
LOG (lattice-best-path[5.5.1009~1-e4940]:main():lattice-best-path.cc:99) For utterance TE0545-TE0546_2-A.374, best cost 13.8318 + 967.462 = 981.294 over 209 frames.
LOG (lattice-best-path[5.5.1009~1-e4940]:main():lattice-best-path.cc:99) For utterance TE0545-TE0547_1-A.041, best cost 10.8044 + 693.318 = 704.122 over 152 frames.
LOG (lattice-best-path[5.5.1009~1-e4940]:main():lattice-best-path.cc:99) For utterance TE0545-TE0547_1-A.098, best cost 3.60213 + 256.54 = 260.142 over 71 frames.
LOG (lattice-best-path[5.5.1009~1-e4940]:main():lattice-best-path.cc:99) For utterance TE0545-TE0547_1-A.102, best cost 10.7049 + 406.4 = 417.105 over 87 frames.
LOG (lattice-best-path[5.5.1009~1-e4940]:main():lattice-best-path.cc:99) For utterance TE0545-TE0547_1-A.128, best cost 23.8223 + 1288.77 = 1312.6 over 313 frames.
LOG (lattice-best-path[5.5.1009~1-e4940]:main():lattice-best-path.cc:99) For utterance TE0545-TE0547_1-B.098, best cost 23.7224 + 1213.66 = 1237.38 over 276 frames.
LOG (lattice-best-path[5.5.1009~1-e4940]:main():lattice-best-path.cc:99) For utterance TE0545-TE0547_1-B.116, best cost 29.6096 + 1390.77 = 1420.38 over 311 frames.
LOG (lattice-best-path[5.5.1009~1-e4940]:main():lattice-best-path.cc:99) For utterance TE0545-TE0547_1-B.203, best cost 24.1852 + 1363.42 = 1387.61 over 319 frames.
LOG (lattice-best-path[5.5.1009~1-e4940]:main():lattice-best-path.cc:99) For utterance TE0545-TE0547_1-B.219, best cost 32.5586 + 1740.06 = 1772.62 over 394 frames.
LOG (lattice-best-path[5.5.1009~1-e4940]:main():lattice-best-path.cc:99) For utterance TE0545-TE0547_1-B.356, best cost 8.76044 + 371.672 = 380.433 over 112 frames.
LOG (lattice-best-path[5.5.1009~1-e4940]:main():lattice-best-path.cc:99) For utterance TE0545-TE0547_1-B.369, best cost 31.2141 + 2230.39 = 2261.61 over 546 frames.
LOG (lattice-best-path[5.5.1009~1-e4940]:main():lattice-best-path.cc:99) For utterance TE0545-TE0547_1-B.392, best cost 8.58972 + 208.857 = 217.447 over 47 frames.
LOG (lattice-best-path[5.5.1009~1-e4940]:main():lattice-best-path.cc:99) For utterance TE0545-TE0547_1-B.393, best cost 12.1827 + 734.574 = 746.756 over 171 frames.
LOG (lattice-best-path[5.5.1009~1-e4940]:main():lattice-best-path.cc:99) For utterance TE0545-TE0547_2-A.008, best cost 10.6775 + 712.564 = 723.242 over 186 frames.
LOG (lattice-best-path[5.5.1009~1-e4940]:main():lattice-best-path.cc:99) For utterance TE0545-TE0547_2-A.026, best cost 11.8542 + 795.294 = 807.148 over 189 frames.
LOG (lattice-best-path[5.5.1009~1-e4940]:main():lattice-best-path.cc:99) For utterance TE0545-TE0547_2-A.037, best cost 10.3235 + 846.32 = 856.643 over 178 frames.
LOG (lattice-best-path[5.5.1009~1-e4940]:main():lattice-best-path.cc:99) For utterance TE0545-TE0547_2-A.042, best cost 9.65298 + 559.164 = 568.817 over 118 frames.
LOG (lattice-best-path[5.5.1009~1-e4940]:main():lattice-best-path.cc:99) For utterance TE0545-TE0547_2-A.044, best cost 10.7978 + 735.727 = 746.525 over 162 frames.
LOG (lattice-best-path[5.5.1009~1-e4940]:main():lattice-best-path.cc:99) For utterance TE0545-TE0547_2-A.053, best cost 13.9521 + 1242.4 = 1256.36 over 271 frames.
LOG (lattice-best-path[5.5.1009~1-e4940]:main():lattice-best-path.cc:99) For utterance TE0545-TE0547_2-A.059, best cost 9.92853 + 744.435 = 754.363 over 151 frames.
LOG (lattice-best-path[5.5.1009~1-e4940]:main():lattice-best-path.cc:99) For utterance TE0545-TE0547_2-A.060, best cost 25.1394 + 1788.48 = 1813.62 over 388 frames.
LOG (lattice-best-path[5.5.1009~1-e4940]:main():lattice-best-path.cc:99) For utterance TE0545-TE0547_2-A.075, best cost 12.6986 + 720.892 = 733.591 over 168 frames.
LOG (lattice-best-path[5.5.1009~1-e4940]:main():lattice-best-path.cc:99) For utterance TE0545-TE0547_2-A.084, best cost 13.7579 + 993.408 = 1007.17 over 207 frames.
LOG (lattice-best-path[5.5.1009~1-e4940]:main():lattice-best-path.cc:99) For utterance TE0545-TE0547_2-A.101, best cost 19.7423 + 991.546 = 1011.29 over 215 frames.
LOG (lattice-best-path[5.5.1009~1-e4940]:main():lattice-best-path.cc:99) For utterance TE0545-TE0547_2-A.115, best cost 7.43945 + 481.151 = 488.591 over 106 frames.
LOG (lattice-best-path[5.5.1009~1-e4940]:main():lattice-best-path.cc:99) For utterance TE0545-TE0547_2-A.117, best cost 20.4708 + 1349.34 = 1369.81 over 299 frames.
LOG (lattice-best-path[5.5.1009~1-e4940]:main():lattice-best-path.cc:99) For utterance TE0545-TE0547_2-A.119, best cost 18.1797 + 1516.42 = 1534.6 over 334 frames.
LOG (lattice-best-path[5.5.1009~1-e4940]:main():lattice-best-path.cc:99) For utterance TE0545-TE0547_2-A.122, best cost 19.6013 + 1348.17 = 1367.77 over 257 frames.
LOG (lattice-best-path[5.5.1009~1-e4940]:main():lattice-best-path.cc:99) For utterance TE0545-TE0547_2-A.124, best cost 16.4637 + 1179.31 = 1195.78 over 261 frames.
LOG (lattice-best-path[5.5.1009~1-e4940]:main():lattice-best-path.cc:99) For utterance TE0545-TE0547_2-A.126, best cost 26.4995 + 2071.28 = 2097.77 over 431 frames.
LOG (lattice-best-path[5.5.1009~1-e4940]:main():lattice-best-path.cc:99) For utterance TE0545-TE0547_2-A.131, best cost 27.9525 + 2401.35 = 2429.31 over 541 frames.
LOG (lattice-best-path[5.5.1009~1-e4940]:main():lattice-best-path.cc:99) For utterance TE0545-TE0547_2-A.133, best cost 21.5635 + 1284.58 = 1306.14 over 279 frames.
LOG (lattice-best-path[5.5.1009~1-e4940]:main():lattice-best-path.cc:99) For utterance TE0545-TE0547_2-A.135, best cost 10.0155 + 467.522 = 477.538 over 99 frames.
LOG (lattice-best-path[5.5.1009~1-e4940]:main():lattice-best-path.cc:99) For utterance TE0545-TE0547_2-A.137, best cost 32.0718 + 1551.08 = 1583.15 over 329 frames.
LOG (lattice-best-path[5.5.1009~1-e4940]:main():lattice-best-path.cc:99) For utterance TE0545-TE0547_2-A.147, best cost 5.95937 + 297.247 = 303.206 over 58 frames.
LOG (lattice-best-path[5.5.1009~1-e4940]:main():lattice-best-path.cc:99) For utterance TE0545-TE0547_2-A.150, best cost 39.0445 + 2420.73 = 2459.77 over 511 frames.
LOG (lattice-best-path[5.5.1009~1-e4940]:main():lattice-best-path.cc:99) For utterance TE0545-TE0547_2-A.157, best cost 25.3585 + 1696.13 = 1721.49 over 372 frames.
LOG (lattice-best-path[5.5.1009~1-e4940]:main():lattice-best-path.cc:99) For utterance TE0545-TE0547_2-A.162, best cost 17.1873 + 1049.32 = 1066.51 over 213 frames.
LOG (lattice-best-path[5.5.1009~1-e4940]:main():lattice-best-path.cc:99) For utterance TE0545-TE0547_2-A.165, best cost 21.9722 + 1339.23 = 1361.2 over 291 frames.
LOG (lattice-best-path[5.5.1009~1-e4940]:main():lattice-best-path.cc:99) For utterance TE0545-TE0547_2-A.167, best cost 7.20033 + 440.45 = 447.651 over 104 frames.
LOG (lattice-best-path[5.5.1009~1-e4940]:main():lattice-best-path.cc:99) For utterance TE0545-TE0547_2-A.176, best cost 15.7313 + 1022.35 = 1038.08 over 229 frames.
LOG (lattice-best-path[5.5.1009~1-e4940]:main():lattice-best-path.cc:99) For utterance TE0545-TE0547_2-A.177, best cost 8.20776 + 500.163 = 508.371 over 113 frames.
LOG (lattice-best-path[5.5.1009~1-e4940]:main():lattice-best-path.cc:99) For utterance TE0545-TE0547_2-A.184, best cost 16.8726 + 1187.71 = 1204.59 over 237 frames.
LOG (lattice-best-path[5.5.1009~1-e4940]:main():lattice-best-path.cc:99) For utterance TE0545-TE0547_2-A.187, best cost 22.5234 + 1359.62 = 1382.15 over 282 frames.
LOG (lattice-best-path[5.5.1009~1-e4940]:main():lattice-best-path.cc:99) For utterance TE0545-TE0547_2-A.191, best cost 27.1941 + 1956.71 = 1983.9 over 431 frames.
LOG (lattice-best-path[5.5.1009~1-e4940]:main():lattice-best-path.cc:99) For utterance TE0545-TE0547_2-A.192, best cost 28.925 + 1652.1 = 1681.02 over 349 frames.
LOG (lattice-best-path[5.5.1009~1-e4940]:main():lattice-best-path.cc:99) For utterance TE0545-TE0547_2-A.194, best cost 12.4408 + 1050.2 = 1062.64 over 243 frames.
LOG (lattice-best-path[5.5.1009~1-e4940]:main():lattice-best-path.cc:99) For utterance TE0545-TE0547_2-A.197, best cost 30.118 + 1823.04 = 1853.16 over 386 frames.
LOG (lattice-best-path[5.5.1009~1-e4940]:main():lattice-best-path.cc:99) For utterance TE0545-TE0547_2-A.201, best cost 17.1544 + 999.149 = 1016.3 over 209 frames.
LOG (lattice-best-path[5.5.1009~1-e4940]:main():lattice-best-path.cc:99) For utterance TE0545-TE0547_2-A.203, best cost 7.93639 + 380.371 = 388.307 over 85 frames.
LOG (lattice-best-path[5.5.1009~1-e4940]:main():lattice-best-path.cc:99) For utterance TE0545-TE0547_2-A.207, best cost 9.05955 + 474.394 = 483.454 over 112 frames.
LOG (lattice-best-path[5.5.1009~1-e4940]:main():lattice-best-path.cc:99) For utterance TE0545-TE0547_2-A.210, best cost 8.30055 + 483.147 = 491.447 over 108 frames.
LOG (lattice-best-path[5.5.1009~1-e4940]:main():lattice-best-path.cc:99) For utterance TE0545-TE0547_2-A.212, best cost 10.9647 + 563.243 = 574.208 over 124 frames.
LOG (lattice-best-path[5.5.1009~1-e4940]:main():lattice-best-path.cc:99) For utterance TE0545-TE0547_2-A.219, best cost 39.2244 + 2917.87 = 2957.09 over 596 frames.
LOG (lattice-best-path[5.5.1009~1-e4940]:main():lattice-best-path.cc:99) For utterance TE0545-TE0547_2-A.223, best cost 18.5729 + 1316.69 = 1335.26 over 274 frames.
LOG (lattice-best-path[5.5.1009~1-e4940]:main():lattice-best-path.cc:99) For utterance TE0545-TE0547_2-A.228, best cost 16.4097 + 1053.7 = 1070.11 over 223 frames.
LOG (lattice-best-path[5.5.1009~1-e4940]:main():lattice-best-path.cc:99) For utterance TE0545-TE0547_2-A.229, best cost 17.5896 + 1348.21 = 1365.8 over 289 frames.
LOG (lattice-best-path[5.5.1009~1-e4940]:main():lattice-best-path.cc:99) For utterance TE0545-TE0547_2-A.232, best cost 12.2048 + 662.649 = 674.854 over 128 frames.
LOG (lattice-best-path[5.5.1009~1-e4940]:main():lattice-best-path.cc:99) For utterance TE0545-TE0547_2-A.235, best cost 23.3973 + 1432.54 = 1455.94 over 285 frames.
LOG (lattice-best-path[5.5.1009~1-e4940]:main():lattice-best-path.cc:99) For utterance TE0545-TE0547_2-A.241, best cost 12.3228 + 726.232 = 738.555 over 152 frames.
LOG (lattice-best-path[5.5.1009~1-e4940]:main():lattice-best-path.cc:99) For utterance TE0545-TE0547_2-A.245, best cost 11.6682 + 572.424 = 584.092 over 124 frames.
LOG (lattice-best-path[5.5.1009~1-e4940]:main():lattice-best-path.cc:99) For utterance TE0545-TE0547_2-A.258, best cost 12.7067 + 862.196 = 874.902 over 182 frames.
LOG (lattice-best-path[5.5.1009~1-e4940]:main():lattice-best-path.cc:99) For utterance TE0545-TE0547_2-A.286, best cost 29.6755 + 2280.17 = 2309.85 over 515 frames.
LOG (lattice-best-path[5.5.1009~1-e4940]:main():lattice-best-path.cc:99) For utterance TE0545-TE0547_2-A.290, best cost 15.3214 + 878.212 = 893.534 over 192 frames.
LOG (lattice-best-path[5.5.1009~1-e4940]:main():lattice-best-path.cc:99) For utterance TE0545-TE0547_2-A.291, best cost 17.6949 + 1394.69 = 1412.38 over 310 frames.
LOG (lattice-best-path[5.5.1009~1-e4940]:main():lattice-best-path.cc:99) For utterance TE0545-TE0547_2-A.323, best cost 24.3367 + 1526.16 = 1550.5 over 333 frames.
LOG (lattice-best-path[5.5.1009~1-e4940]:main():lattice-best-path.cc:99) For utterance TE0545-TE0547_2-A.355, best cost 32.9796 + 2029.23 = 2062.21 over 405 frames.
LOG (lattice-best-path[5.5.1009~1-e4940]:main():lattice-best-path.cc:99) For utterance TE0545-TE0547_2-A.359, best cost 11.9734 + 822.027 = 834 over 180 frames.
LOG (lattice-best-path[5.5.1009~1-e4940]:main():lattice-best-path.cc:99) For utterance TE0545-TE0547_2-A.378, best cost 17.6687 + 995.483 = 1013.15 over 204 frames.
LOG (lattice-best-path[5.5.1009~1-e4940]:main():lattice-best-path.cc:99) For utterance TE0545-TE0547_2-A.381, best cost 38.3961 + 3153.51 = 3191.91 over 626 frames.
LOG (lattice-best-path[5.5.1009~1-e4940]:main():lattice-best-path.cc:99) For utterance TE0545-TE0547_2-A.386, best cost 11.3592 + 497.353 = 508.712 over 101 frames.
LOG (lattice-best-path[5.5.1009~1-e4940]:main():lattice-best-path.cc:99) For utterance TE0545-TE0547_2-A.390, best cost 47.0979 + 3514.81 = 3561.91 over 721 frames.
LOG (lattice-best-path[5.5.1009~1-e4940]:main():lattice-best-path.cc:99) For utterance TE0545-TE0547_2-A.399, best cost 23.8769 + 1809.28 = 1833.15 over 367 frames.
LOG (lattice-best-path[5.5.1009~1-e4940]:main():lattice-best-path.cc:99) For utterance TE0545-TE0547_2-B.026, best cost 3.42656 + 327.382 = 330.809 over 88 frames.
LOG (lattice-best-path[5.5.1009~1-e4940]:main():lattice-best-path.cc:99) For utterance TE0545-TE0547_2-B.030, best cost 2.30587 + 305.614 = 307.92 over 88 frames.
LOG (lattice-best-path[5.5.1009~1-e4940]:main():lattice-best-path.cc:99) For utterance TE0545-TE0547_2-B.032, best cost 2.50078 + 385.744 = 388.245 over 101 frames.
LOG (lattice-best-path[5.5.1009~1-e4940]:main():lattice-best-path.cc:99) For utterance TE0545-TE0547_2-B.040, best cost 4.30396 + 437.563 = 441.867 over 121 frames.
LOG (lattice-best-path[5.5.1009~1-e4940]:main():lattice-best-path.cc:99) For utterance TE0545-TE0547_2-B.050, best cost 10.9979 + 592.252 = 603.25 over 136 frames.
LOG (lattice-best-path[5.5.1009~1-e4940]:main():lattice-best-path.cc:99) For utterance TE0545-TE0547_2-B.052, best cost 2.99506 + 469.773 = 472.768 over 128 frames.
LOG (lattice-best-path[5.5.1009~1-e4940]:main():lattice-best-path.cc:99) For utterance TE0545-TE0547_2-B.054, best cost 2.8063 + 512.441 = 515.248 over 143 frames.
LOG (lattice-best-path[5.5.1009~1-e4940]:main():lattice-best-path.cc:99) For utterance TE0545-TE0547_2-B.056, best cost 3.46805 + 482.785 = 486.253 over 138 frames.
LOG (lattice-best-path[5.5.1009~1-e4940]:main():lattice-best-path.cc:99) For utterance TE0545-TE0547_2-B.060, best cost 1.72205 + 334.782 = 336.504 over 81 frames.
LOG (lattice-best-path[5.5.1009~1-e4940]:main():lattice-best-path.cc:99) For utterance TE0545-TE0547_2-B.062, best cost 2.88127 + 264.3 = 267.181 over 75 frames.
LOG (lattice-best-path[5.5.1009~1-e4940]:main():lattice-best-path.cc:99) For utterance TE0545-TE0547_2-B.067, best cost 2.62606 + 206.27 = 208.896 over 57 frames.
LOG (lattice-best-path[5.5.1009~1-e4940]:main():lattice-best-path.cc:99) For utterance TE0545-TE0547_2-B.069, best cost 13.7055 + 817.933 = 831.638 over 191 frames.
LOG (lattice-best-path[5.5.1009~1-e4940]:main():lattice-best-path.cc:99) For utterance TE0545-TE0547_2-B.087, best cost 2.56091 + 229.382 = 231.943 over 61 frames.
LOG (lattice-best-path[5.5.1009~1-e4940]:main():lattice-best-path.cc:99) For utterance TE0545-TE0547_2-B.091, best cost 2.72293 + 236.941 = 239.663 over 55 frames.
LOG (lattice-best-path[5.5.1009~1-e4940]:main():lattice-best-path.cc:99) For utterance TE0545-TE0547_2-B.093, best cost 9.69383 + 716.981 = 726.675 over 168 frames.
LOG (lattice-best-path[5.5.1009~1-e4940]:main():lattice-best-path.cc:99) For utterance TE0545-TE0547_2-B.099, best cost 2.65487 + 271.153 = 273.808 over 66 frames.
LOG (lattice-best-path[5.5.1009~1-e4940]:main():lattice-best-path.cc:99) For utterance TE0545-TE0547_2-B.140, best cost 2.60352 + 246.71 = 249.313 over 63 frames.
LOG (lattice-best-path[5.5.1009~1-e4940]:main():lattice-best-path.cc:99) For utterance TE0545-TE0547_2-B.144, best cost 2.60416 + 214.48 = 217.085 over 58 frames.
LOG (lattice-best-path[5.5.1009~1-e4940]:main():lattice-best-path.cc:99) For utterance TE0545-TE0547_2-B.154, best cost 2.78859 + 238.204 = 240.993 over 66 frames.
LOG (lattice-best-path[5.5.1009~1-e4940]:main():lattice-best-path.cc:99) For utterance TE0545-TE0547_2-B.158, best cost 2.51007 + 150.773 = 153.283 over 49 frames.
LOG (lattice-best-path[5.5.1009~1-e4940]:main():lattice-best-path.cc:99) For utterance TE0545-TE0547_2-B.168, best cost 2.56763 + 227.099 = 229.667 over 59 frames.
LOG (lattice-best-path[5.5.1009~1-e4940]:main():lattice-best-path.cc:99) For utterance TE0545-TE0547_2-B.200, best cost 2.95569 + 363.515 = 366.47 over 92 frames.
LOG (lattice-best-path[5.5.1009~1-e4940]:main():lattice-best-path.cc:99) For utterance TE0545-TE0547_2-B.203, best cost 9.79466 + 671.784 = 681.578 over 151 frames.
LOG (lattice-best-path[5.5.1009~1-e4940]:main():lattice-best-path.cc:99) For utterance TE0545-TE0547_2-B.215, best cost 2.87256 + 318.495 = 321.367 over 82 frames.
LOG (lattice-best-path[5.5.1009~1-e4940]:main():lattice-best-path.cc:99) For utterance TE0545-TE0547_2-B.250, best cost 2.91006 + 335.719 = 338.63 over 86 frames.
LOG (lattice-best-path[5.5.1009~1-e4940]:main():lattice-best-path.cc:99) For utterance TE0545-TE0547_2-B.264, best cost 2.88288 + 290.012 = 292.895 over 81 frames.
LOG (lattice-best-path[5.5.1009~1-e4940]:main():lattice-best-path.cc:99) For utterance TE0545-TE0547_2-B.276, best cost 2.73305 + 291.879 = 294.612 over 79 frames.
LOG (lattice-best-path[5.5.1009~1-e4940]:main():lattice-best-path.cc:99) For utterance TE0545-TE0547_2-B.284, best cost 3.44253 + 524.971 = 528.414 over 124 frames.
LOG (lattice-best-path[5.5.1009~1-e4940]:main():lattice-best-path.cc:99) For utterance TE0545-TE0547_2-B.308, best cost 22.5135 + 1481.61 = 1504.13 over 334 frames.
LOG (lattice-best-path[5.5.1009~1-e4940]:main():lattice-best-path.cc:99) For utterance TE0546-TE0548_1-A.138, best cost 11.4832 + 513.723 = 525.206 over 124 frames.
LOG (lattice-best-path[5.5.1009~1-e4940]:main():lattice-best-path.cc:99) For utterance TE0546-TE0548_1-B.009, best cost 33.3402 + 1927.43 = 1960.77 over 441 frames.
LOG (lattice-best-path[5.5.1009~1-e4940]:main():lattice-best-path.cc:99) For utterance TE0546-TE0548_1-B.030, best cost 10.1923 + 577.644 = 587.836 over 131 frames.
LOG (lattice-best-path[5.5.1009~1-e4940]:main():lattice-best-path.cc:99) For utterance TE0546-TE0548_1-B.034, best cost 9.74343 + 475.544 = 485.288 over 108 frames.
LOG (lattice-best-path[5.5.1009~1-e4940]:main():lattice-best-path.cc:99) For utterance TE0546-TE0548_1-B.044, best cost 12.3577 + 681.65 = 694.007 over 161 frames.
LOG (lattice-best-path[5.5.1009~1-e4940]:main():lattice-best-path.cc:99) For utterance TE0546-TE0548_1-B.086, best cost 18.1437 + 1388.57 = 1406.71 over 296 frames.
LOG (lattice-best-path[5.5.1009~1-e4940]:main():lattice-best-path.cc:99) For utterance TE0546-TE0548_1-B.104, best cost 9.18513 + 769.503 = 778.688 over 158 frames.
LOG (lattice-best-path[5.5.1009~1-e4940]:main():lattice-best-path.cc:99) For utterance TE0546-TE0548_1-B.109, best cost 50.604 + 2333.35 = 2383.95 over 514 frames.
LOG (lattice-best-path[5.5.1009~1-e4940]:main():lattice-best-path.cc:99) For utterance TE0546-TE0548_1-B.113, best cost 11.7019 + 726.774 = 738.476 over 162 frames.
LOG (lattice-best-path[5.5.1009~1-e4940]:main():lattice-best-path.cc:99) For utterance TE0546-TE0548_1-B.127, best cost 11.655 + 695.701 = 707.356 over 148 frames.
LOG (lattice-best-path[5.5.1009~1-e4940]:main():lattice-best-path.cc:99) For utterance TE0546-TE0548_1-B.136, best cost 17.8953 + 1361.24 = 1379.13 over 281 frames.
LOG (lattice-best-path[5.5.1009~1-e4940]:main():lattice-best-path.cc:99) For utterance TE0546-TE0548_1-B.137, best cost 26.016 + 1977.83 = 2003.84 over 408 frames.
LOG (lattice-best-path[5.5.1009~1-e4940]:main():lattice-best-path.cc:99) For utterance TE0546-TE0548_1-B.139, best cost 15.9089 + 1352.92 = 1368.83 over 280 frames.
LOG (lattice-best-path[5.5.1009~1-e4940]:main():lattice-best-path.cc:99) For utterance TE0546-TE0548_1-B.163, best cost 17.7847 + 878.387 = 896.171 over 184 frames.
LOG (lattice-best-path[5.5.1009~1-e4940]:main():lattice-best-path.cc:99) For utterance TE0546-TE0548_1-B.176, best cost 35.6013 + 1499.86 = 1535.46 over 314 frames.
LOG (lattice-best-path[5.5.1009~1-e4940]:main():lattice-best-path.cc:99) For utterance TE0546-TE0548_1-B.214, best cost 11.2646 + 547.951 = 559.216 over 121 frames.
LOG (lattice-best-path[5.5.1009~1-e4940]:main():lattice-best-path.cc:99) For utterance TE0546-TE0548_1-B.230, best cost 8.37608 + 465.86 = 474.236 over 98 frames.
LOG (lattice-best-path[5.5.1009~1-e4940]:main():lattice-best-path.cc:99) For utterance TE0546-TE0548_1-B.243, best cost 11.9011 + 680.595 = 692.497 over 171 frames.
LOG (lattice-best-path[5.5.1009~1-e4940]:main():lattice-best-path.cc:99) For utterance TE0546-TE0548_1-B.245, best cost 17.3329 + 1031.55 = 1048.89 over 206 frames.
LOG (lattice-best-path[5.5.1009~1-e4940]:main():lattice-best-path.cc:99) For utterance TE0546-TE0548_1-B.249, best cost 8.62117 + 373.472 = 382.094 over 80 frames.
LOG (lattice-best-path[5.5.1009~1-e4940]:main():lattice-best-path.cc:99) For utterance TE0546-TE0548_1-B.251, best cost 18.681 + 616.746 = 635.427 over 129 frames.
LOG (lattice-best-path[5.5.1009~1-e4940]:main():lattice-best-path.cc:99) For utterance TE0546-TE0548_1-B.255, best cost 7.85832 + 343.994 = 351.853 over 76 frames.
LOG (lattice-best-path[5.5.1009~1-e4940]:main():lattice-best-path.cc:99) For utterance TE0546-TE0548_1-B.289, best cost 9.19482 + 266.063 = 275.258 over 58 frames.
LOG (lattice-best-path[5.5.1009~1-e4940]:main():lattice-best-path.cc:99) For utterance TE0546-TE0548_1-B.303, best cost 8.30175 + 435.076 = 443.378 over 117 frames.
LOG (lattice-best-path[5.5.1009~1-e4940]:main():lattice-best-path.cc:99) For utterance TE0546-TE0548_1-B.305, best cost 20.3455 + 1273.25 = 1293.59 over 257 frames.
LOG (lattice-best-path[5.5.1009~1-e4940]:main():lattice-best-path.cc:99) For utterance TE0546-TE0548_1-B.318, best cost 23.7084 + 1657.22 = 1680.93 over 358 frames.
LOG (lattice-best-path[5.5.1009~1-e4940]:main():lattice-best-path.cc:99) For utterance TE0546-TE0548_1-B.336, best cost 14.0938 + 834.28 = 848.374 over 191 frames.
LOG (lattice-best-path[5.5.1009~1-e4940]:main():lattice-best-path.cc:99) For utterance TE0546-TE0548_1-B.347, best cost 8.82018 + 426.049 = 434.869 over 86 frames.
LOG (lattice-best-path[5.5.1009~1-e4940]:main():lattice-best-path.cc:99) For utterance TE0546-TE0548_1-B.363, best cost 12.4253 + 526.306 = 538.731 over 129 frames.
LOG (lattice-best-path[5.5.1009~1-e4940]:main():lattice-best-path.cc:99) For utterance TE0546-TE0548_1-B.382, best cost 23.767 + 1548.21 = 1571.98 over 337 frames.
LOG (lattice-best-path[5.5.1009~1-e4940]:main():lattice-best-path.cc:99) For utterance TE0546-TE0548_1-B.385, best cost 8.7165 + 367.717 = 376.434 over 74 frames.
LOG (lattice-best-path[5.5.1009~1-e4940]:main():lattice-best-path.cc:99) For utterance TE0546-TE0548_2-A.029, best cost 7.78866 + 275.261 = 283.049 over 63 frames.
LOG (lattice-best-path[5.5.1009~1-e4940]:main():lattice-best-path.cc:99) For utterance TE0546-TE0548_2-A.186, best cost 6.90427 + 329.482 = 336.386 over 82 frames.
LOG (lattice-best-path[5.5.1009~1-e4940]:main():lattice-best-path.cc:99) For utterance TE0546-TE0548_2-A.241, best cost 10.72 + 689.092 = 699.812 over 172 frames.
LOG (lattice-best-path[5.5.1009~1-e4940]:main():lattice-best-path.cc:99) For utterance TE0546-TE0548_2-A.295, best cost 8.3642 + 410.001 = 418.366 over 94 frames.
LOG (lattice-best-path[5.5.1009~1-e4940]:main():lattice-best-path.cc:99) For utterance TE0546-TE0548_2-A.301, best cost 10.6475 + 556.276 = 566.923 over 129 frames.
LOG (lattice-best-path[5.5.1009~1-e4940]:main():lattice-best-path.cc:99) For utterance TE0546-TE0548_2-A.325, best cost 13.4643 + 805.587 = 819.051 over 165 frames.
LOG (lattice-best-path[5.5.1009~1-e4940]:main():lattice-best-path.cc:99) For utterance TE0546-TE0548_2-A.364, best cost 11.0185 + 831.04 = 842.058 over 189 frames.
LOG (lattice-best-path[5.5.1009~1-e4940]:main():lattice-best-path.cc:99) For utterance TE0546-TE0548_2-A.440, best cost 21.1949 + 851.016 = 872.211 over 202 frames.
LOG (lattice-best-path[5.5.1009~1-e4940]:main():lattice-best-path.cc:99) For utterance TE0546-TE0548_2-B.014, best cost 10.3354 + 527.119 = 537.454 over 107 frames.
LOG (lattice-best-path[5.5.1009~1-e4940]:main():lattice-best-path.cc:99) For utterance TE0546-TE0548_2-B.032, best cost 14.6959 + 701.746 = 716.442 over 151 frames.
LOG (lattice-best-path[5.5.1009~1-e4940]:main():lattice-best-path.cc:99) For utterance TE0546-TE0548_2-B.053, best cost 15.2035 + 824.529 = 839.733 over 193 frames.
LOG (lattice-best-path[5.5.1009~1-e4940]:main():lattice-best-path.cc:99) For utterance TE0546-TE0548_2-B.061, best cost 11.4472 + 636.401 = 647.848 over 147 frames.
LOG (lattice-best-path[5.5.1009~1-e4940]:main():lattice-best-path.cc:99) For utterance TE0546-TE0548_2-B.067, best cost 10.9472 + 743.522 = 754.469 over 166 frames.
LOG (lattice-best-path[5.5.1009~1-e4940]:main():lattice-best-path.cc:99) For utterance TE0546-TE0548_2-B.095, best cost 29.0155 + 1230.14 = 1259.15 over 257 frames.
LOG (lattice-best-path[5.5.1009~1-e4940]:main():lattice-best-path.cc:99) For utterance TE0546-TE0548_2-B.134, best cost 18.6025 + 1199.49 = 1218.09 over 263 frames.
LOG (lattice-best-path[5.5.1009~1-e4940]:main():lattice-best-path.cc:99) For utterance TE0546-TE0548_2-B.136, best cost 17.6724 + 1091.94 = 1109.62 over 216 frames.
LOG (lattice-best-path[5.5.1009~1-e4940]:main():lattice-best-path.cc:99) For utterance TE0546-TE0548_2-B.148, best cost 18.4645 + 1181.72 = 1200.19 over 254 frames.
LOG (lattice-best-path[5.5.1009~1-e4940]:main():lattice-best-path.cc:99) For utterance TE0546-TE0548_2-B.170, best cost 14.4171 + 798.931 = 813.348 over 168 frames.
LOG (lattice-best-path[5.5.1009~1-e4940]:main():lattice-best-path.cc:99) For utterance TE0546-TE0548_2-B.179, best cost 6.05956 + 425.321 = 431.38 over 93 frames.
LOG (lattice-best-path[5.5.1009~1-e4940]:main():lattice-best-path.cc:99) For utterance TE0546-TE0548_2-B.191, best cost 12.4936 + 724.858 = 737.352 over 156 frames.
LOG (lattice-best-path[5.5.1009~1-e4940]:main():lattice-best-path.cc:99) For utterance TE0546-TE0548_2-B.193, best cost 14.0909 + 815.594 = 829.685 over 176 frames.
LOG (lattice-best-path[5.5.1009~1-e4940]:main():lattice-best-path.cc:99) For utterance TE0546-TE0548_2-B.203, best cost 16.0221 + 950.938 = 966.96 over 207 frames.
LOG (lattice-best-path[5.5.1009~1-e4940]:main():lattice-best-path.cc:99) For utterance TE0546-TE0548_2-B.205, best cost 28.1371 + 1515.19 = 1543.33 over 301 frames.
LOG (lattice-best-path[5.5.1009~1-e4940]:main():lattice-best-path.cc:99) For utterance TE0546-TE0548_2-B.209, best cost 5.763 + 286.988 = 292.751 over 69 frames.
LOG (lattice-best-path[5.5.1009~1-e4940]:main():lattice-best-path.cc:99) For utterance TE0546-TE0548_2-B.215, best cost 15.4536 + 658.493 = 673.946 over 142 frames.
LOG (lattice-best-path[5.5.1009~1-e4940]:main():lattice-best-path.cc:99) For utterance TE0547-TE0548_1-B.010, best cost 14.3105 + 863.874 = 878.184 over 172 frames.
LOG (lattice-best-path[5.5.1009~1-e4940]:main():lattice-best-path.cc:99) For utterance TE0547-TE0548_1-B.012, best cost 22.479 + 659.271 = 681.75 over 146 frames.
LOG (lattice-best-path[5.5.1009~1-e4940]:main():lattice-best-path.cc:99) For utterance TE0547-TE0548_1-B.023, best cost 27.1266 + 1810.08 = 1837.21 over 366 frames.
LOG (lattice-best-path[5.5.1009~1-e4940]:main():lattice-best-path.cc:99) For utterance TE0547-TE0548_1-B.024, best cost 31.3944 + 1884.12 = 1915.51 over 409 frames.
LOG (lattice-best-path[5.5.1009~1-e4940]:main():lattice-best-path.cc:99) For utterance TE0547-TE0548_1-B.033, best cost 15.9432 + 1258.15 = 1274.1 over 279 frames.
LOG (lattice-best-path[5.5.1009~1-e4940]:main():lattice-best-path.cc:99) For utterance TE0547-TE0548_1-B.038, best cost 23.1956 + 1502.81 = 1526.01 over 299 frames.
LOG (lattice-best-path[5.5.1009~1-e4940]:main():lattice-best-path.cc:99) For utterance TE0547-TE0548_1-B.048, best cost 17.2248 + 1210.25 = 1227.47 over 242 frames.
LOG (lattice-best-path[5.5.1009~1-e4940]:main():lattice-best-path.cc:99) For utterance TE0547-TE0548_1-B.051, best cost 21.5871 + 1520.06 = 1541.64 over 343 frames.
LOG (lattice-best-path[5.5.1009~1-e4940]:main():lattice-best-path.cc:99) For utterance TE0547-TE0548_1-B.054, best cost 22.5134 + 1394.51 = 1417.02 over 296 frames.
LOG (lattice-best-path[5.5.1009~1-e4940]:main():lattice-best-path.cc:99) For utterance TE0547-TE0548_1-B.064, best cost 43.2188 + 3273.03 = 3316.25 over 656 frames.
LOG (lattice-best-path[5.5.1009~1-e4940]:main():lattice-best-path.cc:99) For utterance TE0547-TE0548_1-B.071, best cost 30.1395 + 2103.12 = 2133.26 over 413 frames.
LOG (lattice-best-path[5.5.1009~1-e4940]:main():lattice-best-path.cc:99) For utterance TE0547-TE0548_1-B.072, best cost 45.2758 + 2984.76 = 3030.03 over 594 frames.
LOG (lattice-best-path[5.5.1009~1-e4940]:main():lattice-best-path.cc:99) For utterance TE0547-TE0548_1-B.075, best cost 30.5111 + 2239.35 = 2269.86 over 458 frames.
LOG (lattice-best-path[5.5.1009~1-e4940]:main():lattice-best-path.cc:99) For utterance TE0547-TE0548_1-B.080, best cost 50.5217 + 3833.16 = 3883.68 over 766 frames.
LOG (lattice-best-path[5.5.1009~1-e4940]:main():lattice-best-path.cc:99) For utterance TE0547-TE0548_1-B.084, best cost 22.9846 + 1953.88 = 1976.87 over 436 frames.
LOG (lattice-best-path[5.5.1009~1-e4940]:main():lattice-best-path.cc:99) For utterance TE0547-TE0548_1-B.085, best cost 43.6137 + 3381.15 = 3424.76 over 692 frames.
LOG (lattice-best-path[5.5.1009~1-e4940]:main():lattice-best-path.cc:99) For utterance TE0547-TE0548_1-B.125, best cost 9.6768 + 634.381 = 644.058 over 127 frames.
LOG (lattice-best-path[5.5.1009~1-e4940]:main():lattice-best-path.cc:99) For utterance TE0547-TE0548_1-B.128, best cost 36.7777 + 2345.68 = 2382.46 over 467 frames.
LOG (lattice-best-path[5.5.1009~1-e4940]:main():lattice-best-path.cc:99) For utterance TE0547-TE0548_1-B.130, best cost 25.8728 + 1779.04 = 1804.92 over 379 frames.
LOG (lattice-best-path[5.5.1009~1-e4940]:main():lattice-best-path.cc:99) For utterance TE0547-TE0548_1-B.158, best cost 23.5763 + 1649.68 = 1673.26 over 388 frames.
LOG (lattice-best-path[5.5.1009~1-e4940]:main():lattice-best-path.cc:99) For utterance TE0547-TE0548_1-B.159, best cost 8.51093 + 541.443 = 549.954 over 122 frames.
LOG (lattice-best-path[5.5.1009~1-e4940]:main():lattice-best-path.cc:99) For utterance TE0547-TE0548_1-B.171, best cost 24.2335 + 1472.94 = 1497.18 over 301 frames.
LOG (lattice-best-path[5.5.1009~1-e4940]:main():lattice-best-path.cc:99) For utterance TE0547-TE0548_1-B.190, best cost 17.5266 + 1158.91 = 1176.44 over 236 frames.
LOG (lattice-best-path[5.5.1009~1-e4940]:main():lattice-best-path.cc:99) For utterance TE0547-TE0548_1-B.201, best cost 12.786 + 711.97 = 724.756 over 142 frames.
LOG (lattice-best-path[5.5.1009~1-e4940]:main():lattice-best-path.cc:99) For utterance TE0547-TE0548_1-B.229, best cost 17.2886 + 995.832 = 1013.12 over 211 frames.
LOG (lattice-best-path[5.5.1009~1-e4940]:main():lattice-best-path.cc:99) For utterance TE0547-TE0548_1-B.244, best cost 31.4456 + 2117.93 = 2149.37 over 421 frames.
LOG (lattice-best-path[5.5.1009~1-e4940]:main():lattice-best-path.cc:99) For utterance TE0547-TE0548_1-B.291, best cost 11.739 + 817.107 = 828.846 over 173 frames.
LOG (lattice-best-path[5.5.1009~1-e4940]:main():lattice-best-path.cc:99) For utterance TE0547-TE0548_1-B.299, best cost 9.5993 + 498.43 = 508.03 over 123 frames.
LOG (lattice-best-path[5.5.1009~1-e4940]:main():lattice-best-path.cc:99) For utterance TE0547-TE0548_1-B.309, best cost 12.784 + 742.221 = 755.005 over 150 frames.
LOG (lattice-best-path[5.5.1009~1-e4940]:main():lattice-best-path.cc:99) For utterance TE0547-TE0548_1-B.311, best cost 14.6109 + 631.147 = 645.758 over 126 frames.
LOG (lattice-best-path[5.5.1009~1-e4940]:main():lattice-best-path.cc:99) For utterance TE0547-TE0548_1-B.328, best cost 17.2833 + 972.299 = 989.582 over 201 frames.
LOG (lattice-best-path[5.5.1009~1-e4940]:main():lattice-best-path.cc:99) For utterance TE0547-TE0548_2-A.012, best cost 7.54502 + 459.508 = 467.053 over 106 frames.
LOG (lattice-best-path[5.5.1009~1-e4940]:main():lattice-best-path.cc:99) For utterance TE0547-TE0548_2-A.037, best cost 7.31073 + 350.441 = 357.751 over 78 frames.
LOG (lattice-best-path[5.5.1009~1-e4940]:main():lattice-best-path.cc:99) For utterance TE0547-TE0548_2-A.063, best cost 20.7726 + 1703.25 = 1724.02 over 367 frames.
LOG (lattice-best-path[5.5.1009~1-e4940]:main():lattice-best-path.cc:99) For utterance TE0547-TE0548_2-A.075, best cost 8.31084 + 442.521 = 450.832 over 121 frames.
LOG (lattice-best-path[5.5.1009~1-e4940]:main():lattice-best-path.cc:99) For utterance TE0547-TE0548_2-A.076, best cost 18.5971 + 1408.98 = 1427.58 over 286 frames.
LOG (lattice-best-path[5.5.1009~1-e4940]:main():lattice-best-path.cc:99) For utterance TE0547-TE0548_2-A.081, best cost 37.7035 + 2885.76 = 2923.47 over 588 frames.
LOG (lattice-best-path[5.5.1009~1-e4940]:main():lattice-best-path.cc:99) For utterance TE0547-TE0548_2-A.083, best cost 9.10839 + 521.639 = 530.747 over 112 frames.
LOG (lattice-best-path[5.5.1009~1-e4940]:main():lattice-best-path.cc:99) For utterance TE0547-TE0548_2-A.092, best cost 26.9218 + 1966.92 = 1993.85 over 441 frames.
LOG (lattice-best-path[5.5.1009~1-e4940]:main():lattice-best-path.cc:99) For utterance TE0547-TE0548_2-A.093, best cost 18.449 + 1103.45 = 1121.9 over 252 frames.
LOG (lattice-best-path[5.5.1009~1-e4940]:main():lattice-best-path.cc:99) For utterance TE0547-TE0548_2-A.104, best cost 9.55395 + 585.938 = 595.492 over 128 frames.
LOG (lattice-best-path[5.5.1009~1-e4940]:main():lattice-best-path.cc:99) For utterance TE0547-TE0548_2-A.106, best cost 23.3585 + 1400.21 = 1423.57 over 304 frames.
LOG (lattice-best-path[5.5.1009~1-e4940]:main():lattice-best-path.cc:99) For utterance TE0547-TE0548_2-A.112, best cost 55.624 + 4135.38 = 4191 over 856 frames.
LOG (lattice-best-path[5.5.1009~1-e4940]:main():lattice-best-path.cc:99) For utterance TE0547-TE0548_2-A.135, best cost 18.9932 + 1362.85 = 1381.84 over 286 frames.
LOG (lattice-best-path[5.5.1009~1-e4940]:main():lattice-best-path.cc:99) For utterance TE0547-TE0548_2-A.137, best cost 35.7168 + 1413.61 = 1449.32 over 327 frames.
LOG (lattice-best-path[5.5.1009~1-e4940]:main():lattice-best-path.cc:99) For utterance TE0547-TE0548_2-A.141, best cost 10.3547 + 647.495 = 657.849 over 156 frames.
LOG (lattice-best-path[5.5.1009~1-e4940]:main():lattice-best-path.cc:99) For utterance TE0547-TE0548_2-A.148, best cost 13.7746 + 821.22 = 834.995 over 182 frames.
LOG (lattice-best-path[5.5.1009~1-e4940]:main():lattice-best-path.cc:99) For utterance TE0547-TE0548_2-A.156, best cost 15.5923 + 1105.28 = 1120.88 over 234 frames.
LOG (lattice-best-path[5.5.1009~1-e4940]:main():lattice-best-path.cc:99) For utterance TE0547-TE0548_2-A.169, best cost 20.6078 + 1272.94 = 1293.55 over 287 frames.
LOG (lattice-best-path[5.5.1009~1-e4940]:main():lattice-best-path.cc:99) For utterance TE0547-TE0548_2-A.172, best cost 19.6189 + 652.231 = 671.849 over 149 frames.
LOG (lattice-best-path[5.5.1009~1-e4940]:main():lattice-best-path.cc:99) For utterance TE0547-TE0548_2-A.174, best cost 11.0786 + 679.201 = 690.279 over 161 frames.
LOG (lattice-best-path[5.5.1009~1-e4940]:main():lattice-best-path.cc:99) For utterance TE0547-TE0548_2-A.178, best cost 42.5844 + 2882.9 = 2925.48 over 604 frames.
LOG (lattice-best-path[5.5.1009~1-e4940]:main():lattice-best-path.cc:99) For utterance TE0547-TE0548_2-A.179, best cost 38.463 + 2936.5 = 2974.97 over 601 frames.
LOG (lattice-best-path[5.5.1009~1-e4940]:main():lattice-best-path.cc:99) For utterance TE0547-TE0548_2-A.182, best cost 18.031 + 1252.35 = 1270.38 over 279 frames.
LOG (lattice-best-path[5.5.1009~1-e4940]:main():lattice-best-path.cc:99) For utterance TE0547-TE0548_2-A.184, best cost 37.8078 + 1841.45 = 1879.26 over 428 frames.
LOG (lattice-best-path[5.5.1009~1-e4940]:main():lattice-best-path.cc:99) For utterance TE0547-TE0548_2-A.185, best cost 11.8882 + 633.74 = 645.628 over 138 frames.
LOG (lattice-best-path[5.5.1009~1-e4940]:main():lattice-best-path.cc:99) For utterance TE0547-TE0548_2-A.187, best cost 41.9602 + 2839.47 = 2881.43 over 598 frames.
LOG (lattice-best-path[5.5.1009~1-e4940]:main():lattice-best-path.cc:99) For utterance TE0547-TE0548_2-A.192, best cost 17.0946 + 462.37 = 479.465 over 98 frames.
LOG (lattice-best-path[5.5.1009~1-e4940]:main():lattice-best-path.cc:99) For utterance TE0547-TE0548_2-A.203, best cost 38.8178 + 2531.98 = 2570.79 over 557 frames.
LOG (lattice-best-path[5.5.1009~1-e4940]:main():lattice-best-path.cc:99) For utterance TE0547-TE0548_2-A.209, best cost 14.284 + 927.337 = 941.621 over 217 frames.
LOG (lattice-best-path[5.5.1009~1-e4940]:main():lattice-best-path.cc:99) For utterance TE0547-TE0548_2-A.212, best cost 28.2014 + 2043.31 = 2071.52 over 447 frames.
LOG (lattice-best-path[5.5.1009~1-e4940]:main():lattice-best-path.cc:99) For utterance TE0547-TE0548_2-A.220, best cost 8.41457 + 340.846 = 349.26 over 72 frames.
LOG (lattice-best-path[5.5.1009~1-e4940]:main():lattice-best-path.cc:99) For utterance TE0547-TE0548_2-A.222, best cost 35.3356 + 3142.73 = 3178.07 over 633 frames.
LOG (lattice-best-path[5.5.1009~1-e4940]:main():lattice-best-path.cc:99) For utterance TE0547-TE0548_2-A.228, best cost 31.1308 + 1975.38 = 2006.51 over 428 frames.
LOG (lattice-best-path[5.5.1009~1-e4940]:main():lattice-best-path.cc:99) For utterance TE0547-TE0548_2-B.017, best cost 9.67137 + 453.878 = 463.549 over 117 frames.
LOG (lattice-best-path[5.5.1009~1-e4940]:main():lattice-best-path.cc:99) For utterance TE0547-TE0548_2-B.022, best cost 4.46552 + 447.254 = 451.72 over 102 frames.
LOG (lattice-best-path[5.5.1009~1-e4940]:main():lattice-best-path.cc:99) For utterance TE0547-TE0548_2-B.045, best cost 6.30925 + 393.212 = 399.521 over 97 frames.
LOG (lattice-best-path[5.5.1009~1-e4940]:main():lattice-best-path.cc:99) For utterance TE0547-TE0548_2-B.065, best cost 35.6935 + 2306.36 = 2342.06 over 484 frames.
LOG (lattice-best-path[5.5.1009~1-e4940]:main():lattice-best-path.cc:99) For utterance TE0547-TE0548_2-B.074, best cost 41.9402 + 2877.7 = 2919.64 over 584 frames.
LOG (lattice-best-path[5.5.1009~1-e4940]:main():lattice-best-path.cc:99) For utterance TE0547-TE0548_2-B.080, best cost 31.3819 + 1278.83 = 1310.21 over 277 frames.
LOG (lattice-best-path[5.5.1009~1-e4940]:main():lattice-best-path.cc:99) For utterance TE0547-TE0548_2-B.088, best cost 28.9895 + 1789.43 = 1818.42 over 412 frames.
LOG (lattice-best-path[5.5.1009~1-e4940]:main():lattice-best-path.cc:99) For utterance TE0547-TE0548_2-B.098, best cost 26.2347 + 2046.24 = 2072.48 over 447 frames.
LOG (lattice-best-path[5.5.1009~1-e4940]:main():lattice-best-path.cc:99) For utterance TE0547-TE0548_2-B.103, best cost 9.20988 + 667.914 = 677.124 over 147 frames.
LOG (lattice-best-path[5.5.1009~1-e4940]:main():lattice-best-path.cc:99) For utterance TE0547-TE0548_2-B.112, best cost 22.5454 + 1077.98 = 1100.52 over 230 frames.
LOG (lattice-best-path[5.5.1009~1-e4940]:main():lattice-best-path.cc:99) For utterance TE0547-TE0548_2-B.121, best cost 4.52933 + 327.623 = 332.153 over 79 frames.
LOG (lattice-best-path[5.5.1009~1-e4940]:main():lattice-best-path.cc:99) For utterance TE0547-TE0548_2-B.122, best cost 40.3448 + 2853.05 = 2893.39 over 562 frames.
LOG (lattice-best-path[5.5.1009~1-e4940]:main():lattice-best-path.cc:99) For utterance TE0547-TE0548_2-B.125, best cost 6.8457 + 470.312 = 477.158 over 111 frames.
LOG (lattice-best-path[5.5.1009~1-e4940]:main():lattice-best-path.cc:99) For utterance TE0547-TE0548_2-B.142, best cost 10.533 + 660.549 = 671.082 over 131 frames.
LOG (lattice-best-path[5.5.1009~1-e4940]:main():lattice-best-path.cc:99) For utterance TE0547-TE0548_2-B.153, best cost 28.4218 + 1785.85 = 1814.27 over 359 frames.
LOG (lattice-best-path[5.5.1009~1-e4940]:main():lattice-best-path.cc:99) For utterance TE0547-TE0548_2-B.159, best cost 17.5476 + 1091.18 = 1108.73 over 223 frames.
LOG (lattice-best-path[5.5.1009~1-e4940]:main():lattice-best-path.cc:99) For utterance TE0547-TE0548_2-B.167, best cost 35.9025 + 2568.85 = 2604.76 over 522 frames.
LOG (lattice-best-path[5.5.1009~1-e4940]:main():lattice-best-path.cc:99) For utterance TE0547-TE0548_2-B.174, best cost 18.0034 + 1204.44 = 1222.44 over 230 frames.
LOG (lattice-best-path[5.5.1009~1-e4940]:main():lattice-best-path.cc:99) For utterance TE0547-TE0548_2-B.179, best cost 13.5435 + 1065.47 = 1079.01 over 243 frames.
LOG (lattice-best-path[5.5.1009~1-e4940]:main():lattice-best-path.cc:99) For utterance TE0547-TE0548_2-B.189, best cost 8.60863 + 497.197 = 505.806 over 118 frames.
LOG (lattice-best-path[5.5.1009~1-e4940]:main():lattice-best-path.cc:99) For utterance TE0547-TE0548_2-B.197, best cost 6.66731 + 334.567 = 341.235 over 79 frames.
LOG (lattice-best-path[5.5.1009~1-e4940]:main():lattice-best-path.cc:99) For utterance TE0547-TE0548_2-B.203, best cost 9.37771 + 439.105 = 448.483 over 98 frames.
LOG (lattice-best-path[5.5.1009~1-e4940]:main():lattice-best-path.cc:99) For utterance TE0547-TE0548_2-B.205, best cost 23.1037 + 1712.74 = 1735.84 over 373 frames.
LOG (lattice-best-path[5.5.1009~1-e4940]:main():lattice-best-path.cc:99) For utterance TE0549-TE0550_1-A.006, best cost 11.7726 + 567.019 = 578.792 over 119 frames.
LOG (lattice-best-path[5.5.1009~1-e4940]:main():lattice-best-path.cc:99) For utterance TE0549-TE0550_1-A.008, best cost 16.4656 + 741.828 = 758.293 over 162 frames.
LOG (lattice-best-path[5.5.1009~1-e4940]:main():lattice-best-path.cc:99) For utterance TE0549-TE0550_1-A.010, best cost 28.0832 + 1880.31 = 1908.4 over 368 frames.
LOG (lattice-best-path[5.5.1009~1-e4940]:main():lattice-best-path.cc:99) For utterance TE0549-TE0550_1-A.012, best cost 18.4735 + 1169.59 = 1188.06 over 244 frames.
LOG (lattice-best-path[5.5.1009~1-e4940]:main():lattice-best-path.cc:99) For utterance TE0549-TE0550_1-A.029, best cost 10.7164 + 539.013 = 549.729 over 121 frames.
LOG (lattice-best-path[5.5.1009~1-e4940]:main():lattice-best-path.cc:99) For utterance TE0549-TE0550_1-A.038, best cost 20.9265 + 1171.83 = 1192.76 over 241 frames.
LOG (lattice-best-path[5.5.1009~1-e4940]:main():lattice-best-path.cc:99) For utterance TE0549-TE0550_1-A.047, best cost 7.92147 + 418.944 = 426.865 over 89 frames.
LOG (lattice-best-path[5.5.1009~1-e4940]:main():lattice-best-path.cc:99) For utterance TE0549-TE0550_1-A.058, best cost 12.2797 + 301.192 = 313.471 over 63 frames.
LOG (lattice-best-path[5.5.1009~1-e4940]:main():lattice-best-path.cc:99) For utterance TE0549-TE0550_1-A.085, best cost 6.8312 + 376.662 = 383.493 over 89 frames.
LOG (lattice-best-path[5.5.1009~1-e4940]:main():lattice-best-path.cc:99) For utterance TE0549-TE0550_1-A.087, best cost 16.3282 + 736.926 = 753.254 over 172 frames.
LOG (lattice-best-path[5.5.1009~1-e4940]:main():lattice-best-path.cc:99) For utterance TE0549-TE0550_1-A.096, best cost 7.71764 + 574.724 = 582.441 over 128 frames.
LOG (lattice-best-path[5.5.1009~1-e4940]:main():lattice-best-path.cc:99) For utterance TE0549-TE0550_1-A.098, best cost 3.93932 + 238.768 = 242.707 over 57 frames.
LOG (lattice-best-path[5.5.1009~1-e4940]:main():lattice-best-path.cc:99) For utterance TE0549-TE0550_1-A.123, best cost 25.4804 + 994.511 = 1019.99 over 218 frames.
LOG (lattice-best-path[5.5.1009~1-e4940]:main():lattice-best-path.cc:99) For utterance TE0549-TE0550_1-A.124, best cost 23.0081 + 897.439 = 920.447 over 181 frames.
LOG (lattice-best-path[5.5.1009~1-e4940]:main():lattice-best-path.cc:99) For utterance TE0549-TE0550_1-A.127, best cost 26.4517 + 1560.24 = 1586.69 over 327 frames.
LOG (lattice-best-path[5.5.1009~1-e4940]:main():lattice-best-path.cc:99) For utterance TE0549-TE0550_1-A.128, best cost 11.624 + 639.27 = 650.894 over 132 frames.
LOG (lattice-best-path[5.5.1009~1-e4940]:main():lattice-best-path.cc:99) For utterance TE0549-TE0550_1-A.129, best cost 8.09001 + 235.938 = 244.028 over 52 frames.
LOG (lattice-best-path[5.5.1009~1-e4940]:main():lattice-best-path.cc:99) For utterance TE0549-TE0550_1-A.131, best cost 7.80251 + 615.534 = 623.337 over 136 frames.
LOG (lattice-best-path[5.5.1009~1-e4940]:main():lattice-best-path.cc:99) For utterance TE0549-TE0550_1-A.192, best cost 7.35505 + 301.275 = 308.63 over 73 frames.
LOG (lattice-best-path[5.5.1009~1-e4940]:main():lattice-best-path.cc:99) For utterance TE0549-TE0550_1-A.201, best cost 26.4322 + 1779.83 = 1806.27 over 403 frames.
LOG (lattice-best-path[5.5.1009~1-e4940]:main():lattice-best-path.cc:99) For utterance TE0549-TE0550_1-A.215, best cost 30.4749 + 1231.75 = 1262.22 over 285 frames.
LOG (lattice-best-path[5.5.1009~1-e4940]:main():lattice-best-path.cc:99) For utterance TE0549-TE0550_1-A.223, best cost 11.4899 + 648.326 = 659.816 over 146 frames.
LOG (lattice-best-path[5.5.1009~1-e4940]:main():lattice-best-path.cc:99) For utterance TE0549-TE0550_1-A.226, best cost 28.5059 + 1631.85 = 1660.36 over 361 frames.
LOG (lattice-best-path[5.5.1009~1-e4940]:main():lattice-best-path.cc:99) For utterance TE0549-TE0550_1-A.231, best cost 8.29281 + 424.296 = 432.589 over 99 frames.
LOG (lattice-depth-per-frame[5.5.1009~1-e4940]:main():lattice-depth-per-frame.cc:82) Done 435 lattices.
LOG (lattice-best-path[5.5.1009~1-e4940]:main():lattice-best-path.cc:99) For utterance TE0549-TE0550_1-A.237, best cost 10.4653 + 315.652 = 326.117 over 68 frames.
LOG (lattice-best-path[5.5.1009~1-e4940]:main():lattice-best-path.cc:99) For utterance TE0549-TE0550_1-A.268, best cost 3.93542 + 311.075 = 315.01 over 73 frames.
LOG (lattice-best-path[5.5.1009~1-e4940]:main():lattice-best-path.cc:99) For utterance TE0549-TE0550_1-A.272, best cost 3.87876 + 281.956 = 285.835 over 64 frames.
LOG (lattice-best-path[5.5.1009~1-e4940]:main():lattice-best-path.cc:99) For utterance TE0549-TE0550_1-A.300, best cost 4.18664 + 324.625 = 328.811 over 76 frames.
LOG (lattice-best-path[5.5.1009~1-e4940]:main():lattice-best-path.cc:99) For utterance TE0549-TE0550_1-A.308, best cost 6.41153 + 417.75 = 424.162 over 109 frames.
LOG (lattice-best-path[5.5.1009~1-e4940]:main():lattice-best-path.cc:99) For utterance TE0549-TE0550_1-A.320, best cost 52.9926 + 3606.91 = 3659.91 over 736 frames.
LOG (lattice-best-path[5.5.1009~1-e4940]:main():lattice-best-path.cc:99) For utterance TE0549-TE0550_1-B.006, best cost 2.55508 + 373.865 = 376.42 over 106 frames.
LOG (lattice-best-path[5.5.1009~1-e4940]:main():lattice-best-path.cc:99) For utterance TE0549-TE0550_1-B.012, best cost 12.3792 + 711.793 = 724.172 over 159 frames.
LOG (lattice-best-path[5.5.1009~1-e4940]:main():lattice-best-path.cc:124) Overall cost per frame is 4.60492 = 0.0747659 [graph] + 4.53016 [acoustic] over 86081 frames.
LOG (lattice-best-path[5.5.1009~1-e4940]:main():lattice-best-path.cc:128) Done 435 lattices, failed for 0
# Accounting: time=0 threads=1
# Ended (code 0) at Tue Jun 14 09:45:21 UTC 2022, elapsed time 0 seconds
