# gmm-acc-stats-ali telugu_exp/tri3/1.mdl "ark,s,cs:apply-cmvn  --utt2spk=ark:telugu_data/train/split8/2/utt2spk scp:telugu_data/train/split8/2/cmvn.scp scp:telugu_data/train/split8/2/feats.scp ark:- | splice-feats  ark:- ark:- | transform-feats telugu_exp/tri2_ali/final.mat ark:- ark:- | transform-feats --utt2spk=ark:telugu_data/train/split8/2/utt2spk ark,s,cs:telugu_exp/tri3/trans.2 ark:- ark:- |" "ark,s,cs:gunzip -c telugu_exp/tri3/ali.2.gz|" telugu_exp/tri3/1.2.acc 
# Started at Tue Jun 14 07:59:14 UTC 2022
#
gmm-acc-stats-ali telugu_exp/tri3/1.mdl 'ark,s,cs:apply-cmvn  --utt2spk=ark:telugu_data/train/split8/2/utt2spk scp:telugu_data/train/split8/2/cmvn.scp scp:telugu_data/train/split8/2/feats.scp ark:- | splice-feats  ark:- ark:- | transform-feats telugu_exp/tri2_ali/final.mat ark:- ark:- | transform-feats --utt2spk=ark:telugu_data/train/split8/2/utt2spk ark,s,cs:telugu_exp/tri3/trans.2 ark:- ark:- |' 'ark,s,cs:gunzip -c telugu_exp/tri3/ali.2.gz|' telugu_exp/tri3/1.2.acc 
splice-feats ark:- ark:- 
transform-feats --utt2spk=ark:telugu_data/train/split8/2/utt2spk ark,s,cs:telugu_exp/tri3/trans.2 ark:- ark:- 
apply-cmvn --utt2spk=ark:telugu_data/train/split8/2/utt2spk scp:telugu_data/train/split8/2/cmvn.scp scp:telugu_data/train/split8/2/feats.scp ark:- 
transform-feats telugu_exp/tri2_ali/final.mat ark:- ark:- 
LOG (gmm-acc-stats-ali[5.5.1009~1-e4940]:main():gmm-acc-stats-ali.cc:105) Processed 50 utterances; for utterance 000570437 avg. like is -47.4911 over 645 frames.
LOG (gmm-acc-stats-ali[5.5.1009~1-e4940]:main():gmm-acc-stats-ali.cc:105) Processed 100 utterances; for utterance 000580145 avg. like is -53.9075 over 342 frames.
LOG (gmm-acc-stats-ali[5.5.1009~1-e4940]:main():gmm-acc-stats-ali.cc:105) Processed 150 utterances; for utterance 000580293 avg. like is -52.1423 over 371 frames.
WARNING (gmm-acc-stats-ali[5.5.1009~1-e4940]:main():gmm-acc-stats-ali.cc:79) No alignment for utterance 000580411
WARNING (gmm-acc-stats-ali[5.5.1009~1-e4940]:main():gmm-acc-stats-ali.cc:79) No alignment for utterance 000580426
LOG (gmm-acc-stats-ali[5.5.1009~1-e4940]:main():gmm-acc-stats-ali.cc:105) Processed 200 utterances; for utterance 000580442 avg. like is -52.4716 over 576 frames.
LOG (gmm-acc-stats-ali[5.5.1009~1-e4940]:main():gmm-acc-stats-ali.cc:105) Processed 250 utterances; for utterance 000590057 avg. like is -53.4604 over 578 frames.
WARNING (gmm-acc-stats-ali[5.5.1009~1-e4940]:main():gmm-acc-stats-ali.cc:79) No alignment for utterance 000590062
WARNING (gmm-acc-stats-ali[5.5.1009~1-e4940]:main():gmm-acc-stats-ali.cc:79) No alignment for utterance 000590119
LOG (gmm-acc-stats-ali[5.5.1009~1-e4940]:main():gmm-acc-stats-ali.cc:105) Processed 300 utterances; for utterance 000590284 avg. like is -54.0438 over 467 frames.
LOG (gmm-acc-stats-ali[5.5.1009~1-e4940]:main():gmm-acc-stats-ali.cc:105) Processed 350 utterances; for utterance 000590433 avg. like is -50.6578 over 404 frames.
LOG (gmm-acc-stats-ali[5.5.1009~1-e4940]:main():gmm-acc-stats-ali.cc:105) Processed 400 utterances; for utterance 000600018 avg. like is -50.4553 over 536 frames.
LOG (gmm-acc-stats-ali[5.5.1009~1-e4940]:main():gmm-acc-stats-ali.cc:105) Processed 450 utterances; for utterance 000600233 avg. like is -53.5279 over 405 frames.
LOG (gmm-acc-stats-ali[5.5.1009~1-e4940]:main():gmm-acc-stats-ali.cc:105) Processed 500 utterances; for utterance 000600429 avg. like is -53.7032 over 607 frames.
WARNING (gmm-acc-stats-ali[5.5.1009~1-e4940]:main():gmm-acc-stats-ali.cc:79) No alignment for utterance 000600477
LOG (gmm-acc-stats-ali[5.5.1009~1-e4940]:main():gmm-acc-stats-ali.cc:105) Processed 550 utterances; for utterance 000610024 avg. like is -50.9416 over 476 frames.
WARNING (gmm-acc-stats-ali[5.5.1009~1-e4940]:main():gmm-acc-stats-ali.cc:79) No alignment for utterance 000610144
LOG (gmm-acc-stats-ali[5.5.1009~1-e4940]:main():gmm-acc-stats-ali.cc:105) Processed 600 utterances; for utterance 000610157 avg. like is -55.4932 over 721 frames.
LOG (gmm-acc-stats-ali[5.5.1009~1-e4940]:main():gmm-acc-stats-ali.cc:105) Processed 650 utterances; for utterance 000610270 avg. like is -55.1031 over 356 frames.
LOG (gmm-acc-stats-ali[5.5.1009~1-e4940]:main():gmm-acc-stats-ali.cc:105) Processed 700 utterances; for utterance 000610445 avg. like is -57.3553 over 599 frames.
LOG (gmm-acc-stats-ali[5.5.1009~1-e4940]:main():gmm-acc-stats-ali.cc:105) Processed 750 utterances; for utterance 000630087 avg. like is -51.2059 over 498 frames.
LOG (gmm-acc-stats-ali[5.5.1009~1-e4940]:main():gmm-acc-stats-ali.cc:105) Processed 800 utterances; for utterance 000630295 avg. like is -54.4426 over 464 frames.
LOG (gmm-acc-stats-ali[5.5.1009~1-e4940]:main():gmm-acc-stats-ali.cc:105) Processed 850 utterances; for utterance 000630417 avg. like is -51.8843 over 374 frames.
WARNING (gmm-acc-stats-ali[5.5.1009~1-e4940]:main():gmm-acc-stats-ali.cc:79) No alignment for utterance 000640076
LOG (gmm-acc-stats-ali[5.5.1009~1-e4940]:main():gmm-acc-stats-ali.cc:105) Processed 900 utterances; for utterance 000640137 avg. like is -56.4945 over 569 frames.
LOG (gmm-acc-stats-ali[5.5.1009~1-e4940]:main():gmm-acc-stats-ali.cc:105) Processed 950 utterances; for utterance 000640323 avg. like is -61.1504 over 446 frames.
WARNING (gmm-acc-stats-ali[5.5.1009~1-e4940]:main():gmm-acc-stats-ali.cc:79) No alignment for utterance 000640342
LOG (gmm-acc-stats-ali[5.5.1009~1-e4940]:main():gmm-acc-stats-ali.cc:105) Processed 1000 utterances; for utterance 000650088 avg. like is -48.8892 over 581 frames.
LOG (gmm-acc-stats-ali[5.5.1009~1-e4940]:main():gmm-acc-stats-ali.cc:105) Processed 1050 utterances; for utterance 000650325 avg. like is -51.7875 over 199 frames.
LOG (gmm-acc-stats-ali[5.5.1009~1-e4940]:main():gmm-acc-stats-ali.cc:105) Processed 1100 utterances; for utterance 000660066 avg. like is -61.7836 over 888 frames.
LOG (gmm-acc-stats-ali[5.5.1009~1-e4940]:main():gmm-acc-stats-ali.cc:105) Processed 1150 utterances; for utterance 000660421 avg. like is -50.4329 over 302 frames.
LOG (gmm-acc-stats-ali[5.5.1009~1-e4940]:main():gmm-acc-stats-ali.cc:105) Processed 1200 utterances; for utterance 000670108 avg. like is -46.4088 over 372 frames.
LOG (gmm-acc-stats-ali[5.5.1009~1-e4940]:main():gmm-acc-stats-ali.cc:105) Processed 1250 utterances; for utterance 000670190 avg. like is -48.3327 over 415 frames.
LOG (gmm-acc-stats-ali[5.5.1009~1-e4940]:main():gmm-acc-stats-ali.cc:105) Processed 1300 utterances; for utterance 000670266 avg. like is -49.6207 over 534 frames.
LOG (gmm-acc-stats-ali[5.5.1009~1-e4940]:main():gmm-acc-stats-ali.cc:105) Processed 1350 utterances; for utterance 000670371 avg. like is -48.7501 over 467 frames.
WARNING (gmm-acc-stats-ali[5.5.1009~1-e4940]:main():gmm-acc-stats-ali.cc:79) No alignment for utterance 000680012
LOG (gmm-acc-stats-ali[5.5.1009~1-e4940]:main():gmm-acc-stats-ali.cc:105) Processed 1400 utterances; for utterance 000680022 avg. like is -52.6748 over 601 frames.
LOG (gmm-acc-stats-ali[5.5.1009~1-e4940]:main():gmm-acc-stats-ali.cc:105) Processed 1450 utterances; for utterance 000680155 avg. like is -58.494 over 841 frames.
LOG (gmm-acc-stats-ali[5.5.1009~1-e4940]:main():gmm-acc-stats-ali.cc:105) Processed 1500 utterances; for utterance 000680429 avg. like is -54.0088 over 470 frames.
LOG (gmm-acc-stats-ali[5.5.1009~1-e4940]:main():gmm-acc-stats-ali.cc:105) Processed 1550 utterances; for utterance 000690123 avg. like is -57.2106 over 844 frames.
WARNING (gmm-acc-stats-ali[5.5.1009~1-e4940]:main():gmm-acc-stats-ali.cc:79) No alignment for utterance 000690158
LOG (gmm-acc-stats-ali[5.5.1009~1-e4940]:main():gmm-acc-stats-ali.cc:105) Processed 1600 utterances; for utterance 000690289 avg. like is -51.5449 over 533 frames.
LOG (gmm-acc-stats-ali[5.5.1009~1-e4940]:main():gmm-acc-stats-ali.cc:105) Processed 1650 utterances; for utterance 000690453 avg. like is -51.7907 over 471 frames.
LOG (gmm-acc-stats-ali[5.5.1009~1-e4940]:main():gmm-acc-stats-ali.cc:105) Processed 1700 utterances; for utterance 000700227 avg. like is -54.3591 over 469 frames.
LOG (gmm-acc-stats-ali[5.5.1009~1-e4940]:main():gmm-acc-stats-ali.cc:105) Processed 1750 utterances; for utterance 000700398 avg. like is -52.0817 over 338 frames.
LOG (gmm-acc-stats-ali[5.5.1009~1-e4940]:main():gmm-acc-stats-ali.cc:105) Processed 1800 utterances; for utterance 000710180 avg. like is -49.9201 over 694 frames.
LOG (gmm-acc-stats-ali[5.5.1009~1-e4940]:main():gmm-acc-stats-ali.cc:105) Processed 1850 utterances; for utterance 000730168 avg. like is -46.3271 over 411 frames.
LOG (gmm-acc-stats-ali[5.5.1009~1-e4940]:main():gmm-acc-stats-ali.cc:105) Processed 1900 utterances; for utterance 000730299 avg. like is -48.7549 over 458 frames.
LOG (gmm-acc-stats-ali[5.5.1009~1-e4940]:main():gmm-acc-stats-ali.cc:105) Processed 1950 utterances; for utterance 000740112 avg. like is -51.3863 over 447 frames.
WARNING (gmm-acc-stats-ali[5.5.1009~1-e4940]:main():gmm-acc-stats-ali.cc:79) No alignment for utterance 000740223
LOG (gmm-acc-stats-ali[5.5.1009~1-e4940]:main():gmm-acc-stats-ali.cc:105) Processed 2000 utterances; for utterance 000740416 avg. like is -56.6446 over 607 frames.
LOG (gmm-acc-stats-ali[5.5.1009~1-e4940]:main():gmm-acc-stats-ali.cc:105) Processed 2050 utterances; for utterance 000750431 avg. like is -62.5014 over 885 frames.
WARNING (gmm-acc-stats-ali[5.5.1009~1-e4940]:main():gmm-acc-stats-ali.cc:79) No alignment for utterance 000750487
LOG (gmm-acc-stats-ali[5.5.1009~1-e4940]:main():gmm-acc-stats-ali.cc:105) Processed 2100 utterances; for utterance 000770224 avg. like is -54.5273 over 791 frames.
LOG (gmm-acc-stats-ali[5.5.1009~1-e4940]:main():gmm-acc-stats-ali.cc:105) Processed 2150 utterances; for utterance 000840003 avg. like is -53.0866 over 451 frames.
LOG (gmm-acc-stats-ali[5.5.1009~1-e4940]:main():gmm-acc-stats-ali.cc:105) Processed 2200 utterances; for utterance 000840228 avg. like is -53.562 over 737 frames.
LOG (gmm-acc-stats-ali[5.5.1009~1-e4940]:main():gmm-acc-stats-ali.cc:105) Processed 2250 utterances; for utterance 000850051 avg. like is -50.3117 over 453 frames.
LOG (gmm-acc-stats-ali[5.5.1009~1-e4940]:main():gmm-acc-stats-ali.cc:105) Processed 2300 utterances; for utterance 000850281 avg. like is -56.1314 over 779 frames.
LOG (gmm-acc-stats-ali[5.5.1009~1-e4940]:main():gmm-acc-stats-ali.cc:105) Processed 2350 utterances; for utterance 000860137 avg. like is -49.7209 over 639 frames.
LOG (gmm-acc-stats-ali[5.5.1009~1-e4940]:main():gmm-acc-stats-ali.cc:105) Processed 2400 utterances; for utterance 000860321 avg. like is -49.5296 over 412 frames.
WARNING (gmm-acc-stats-ali[5.5.1009~1-e4940]:main():gmm-acc-stats-ali.cc:79) No alignment for utterance 000860489
LOG (gmm-acc-stats-ali[5.5.1009~1-e4940]:main():gmm-acc-stats-ali.cc:105) Processed 2450 utterances; for utterance 000880002 avg. like is -53.1766 over 378 frames.
LOG (gmm-acc-stats-ali[5.5.1009~1-e4940]:main():gmm-acc-stats-ali.cc:105) Processed 2500 utterances; for utterance 000880147 avg. like is -52.9123 over 283 frames.
LOG (gmm-acc-stats-ali[5.5.1009~1-e4940]:main():gmm-acc-stats-ali.cc:105) Processed 2550 utterances; for utterance 000880282 avg. like is -53.1937 over 266 frames.
LOG (gmm-acc-stats-ali[5.5.1009~1-e4940]:main():gmm-acc-stats-ali.cc:105) Processed 2600 utterances; for utterance 000880448 avg. like is -52.4743 over 397 frames.
LOG (gmm-acc-stats-ali[5.5.1009~1-e4940]:main():gmm-acc-stats-ali.cc:105) Processed 2650 utterances; for utterance 000910308 avg. like is -48.765 over 586 frames.
LOG (gmm-acc-stats-ali[5.5.1009~1-e4940]:main():gmm-acc-stats-ali.cc:105) Processed 2700 utterances; for utterance 000920061 avg. like is -49.145 over 352 frames.
LOG (gmm-acc-stats-ali[5.5.1009~1-e4940]:main():gmm-acc-stats-ali.cc:105) Processed 2750 utterances; for utterance 000920468 avg. like is -51.4458 over 410 frames.
LOG (gmm-acc-stats-ali[5.5.1009~1-e4940]:main():gmm-acc-stats-ali.cc:105) Processed 2800 utterances; for utterance 000940157 avg. like is -51.0009 over 322 frames.
LOG (gmm-acc-stats-ali[5.5.1009~1-e4940]:main():gmm-acc-stats-ali.cc:105) Processed 2850 utterances; for utterance 000940275 avg. like is -50.6771 over 261 frames.
LOG (gmm-acc-stats-ali[5.5.1009~1-e4940]:main():gmm-acc-stats-ali.cc:105) Processed 2900 utterances; for utterance 000940386 avg. like is -51.5816 over 475 frames.
LOG (gmm-acc-stats-ali[5.5.1009~1-e4940]:main():gmm-acc-stats-ali.cc:105) Processed 2950 utterances; for utterance 000950133 avg. like is -53.283 over 852 frames.
LOG (gmm-acc-stats-ali[5.5.1009~1-e4940]:main():gmm-acc-stats-ali.cc:105) Processed 3000 utterances; for utterance 000950442 avg. like is -47.5974 over 618 frames.
LOG (gmm-acc-stats-ali[5.5.1009~1-e4940]:main():gmm-acc-stats-ali.cc:105) Processed 3050 utterances; for utterance 000960302 avg. like is -56.2407 over 641 frames.
LOG (gmm-acc-stats-ali[5.5.1009~1-e4940]:main():gmm-acc-stats-ali.cc:105) Processed 3100 utterances; for utterance 000990333 avg. like is -52.2146 over 578 frames.
WARNING (gmm-acc-stats-ali[5.5.1009~1-e4940]:main():gmm-acc-stats-ali.cc:79) No alignment for utterance 001000098
LOG (gmm-acc-stats-ali[5.5.1009~1-e4940]:main():gmm-acc-stats-ali.cc:105) Processed 3150 utterances; for utterance 001000099 avg. like is -53.5048 over 388 frames.
LOG (gmm-acc-stats-ali[5.5.1009~1-e4940]:main():gmm-acc-stats-ali.cc:105) Processed 3200 utterances; for utterance 001000376 avg. like is -51.536 over 444 frames.
WARNING (gmm-acc-stats-ali[5.5.1009~1-e4940]:main():gmm-acc-stats-ali.cc:79) No alignment for utterance 001000455
LOG (gmm-acc-stats-ali[5.5.1009~1-e4940]:main():gmm-acc-stats-ali.cc:105) Processed 3250 utterances; for utterance 001010195 avg. like is -53.8813 over 516 frames.
LOG (gmm-acc-stats-ali[5.5.1009~1-e4940]:main():gmm-acc-stats-ali.cc:105) Processed 3300 utterances; for utterance 001010435 avg. like is -57.4427 over 741 frames.
LOG (gmm-acc-stats-ali[5.5.1009~1-e4940]:main():gmm-acc-stats-ali.cc:105) Processed 3350 utterances; for utterance 001020162 avg. like is -52.3565 over 632 frames.
LOG (gmm-acc-stats-ali[5.5.1009~1-e4940]:main():gmm-acc-stats-ali.cc:105) Processed 3400 utterances; for utterance 001020407 avg. like is -54.4482 over 530 frames.
LOG (gmm-acc-stats-ali[5.5.1009~1-e4940]:main():gmm-acc-stats-ali.cc:105) Processed 3450 utterances; for utterance 001050154 avg. like is -57.1936 over 927 frames.
LOG (gmm-acc-stats-ali[5.5.1009~1-e4940]:main():gmm-acc-stats-ali.cc:105) Processed 3500 utterances; for utterance 001050355 avg. like is -55.9086 over 533 frames.
LOG (gmm-acc-stats-ali[5.5.1009~1-e4940]:main():gmm-acc-stats-ali.cc:105) Processed 3550 utterances; for utterance 001060077 avg. like is -47.0582 over 606 frames.
WARNING (gmm-acc-stats-ali[5.5.1009~1-e4940]:main():gmm-acc-stats-ali.cc:79) No alignment for utterance 001060117
LOG (gmm-acc-stats-ali[5.5.1009~1-e4940]:main():gmm-acc-stats-ali.cc:105) Processed 3600 utterances; for utterance 001060270 avg. like is -46.2626 over 811 frames.
LOG (gmm-acc-stats-ali[5.5.1009~1-e4940]:main():gmm-acc-stats-ali.cc:105) Processed 3650 utterances; for utterance 001060479 avg. like is -48.1679 over 702 frames.
LOG (gmm-acc-stats-ali[5.5.1009~1-e4940]:main():gmm-acc-stats-ali.cc:105) Processed 3700 utterances; for utterance 001070235 avg. like is -53.1416 over 559 frames.
LOG (gmm-acc-stats-ali[5.5.1009~1-e4940]:main():gmm-acc-stats-ali.cc:105) Processed 3750 utterances; for utterance 001310046 avg. like is -49.2097 over 499 frames.
LOG (gmm-acc-stats-ali[5.5.1009~1-e4940]:main():gmm-acc-stats-ali.cc:105) Processed 3800 utterances; for utterance 001310213 avg. like is -48.3455 over 479 frames.
LOG (gmm-acc-stats-ali[5.5.1009~1-e4940]:main():gmm-acc-stats-ali.cc:105) Processed 3850 utterances; for utterance 001310299 avg. like is -50.2251 over 487 frames.
LOG (gmm-acc-stats-ali[5.5.1009~1-e4940]:main():gmm-acc-stats-ali.cc:105) Processed 3900 utterances; for utterance 001310465 avg. like is -51.3002 over 734 frames.
LOG (gmm-acc-stats-ali[5.5.1009~1-e4940]:main():gmm-acc-stats-ali.cc:105) Processed 3950 utterances; for utterance 001350092 avg. like is -47.7239 over 594 frames.
LOG (gmm-acc-stats-ali[5.5.1009~1-e4940]:main():gmm-acc-stats-ali.cc:105) Processed 4000 utterances; for utterance 001350356 avg. like is -48.6533 over 611 frames.
LOG (gmm-acc-stats-ali[5.5.1009~1-e4940]:main():gmm-acc-stats-ali.cc:105) Processed 4050 utterances; for utterance 001360078 avg. like is -49.9472 over 338 frames.
LOG (gmm-acc-stats-ali[5.5.1009~1-e4940]:main():gmm-acc-stats-ali.cc:105) Processed 4100 utterances; for utterance 001360277 avg. like is -49.7167 over 402 frames.
LOG (gmm-acc-stats-ali[5.5.1009~1-e4940]:main():gmm-acc-stats-ali.cc:105) Processed 4150 utterances; for utterance 001360468 avg. like is -53.3871 over 602 frames.
LOG (gmm-acc-stats-ali[5.5.1009~1-e4940]:main():gmm-acc-stats-ali.cc:105) Processed 4200 utterances; for utterance 001370144 avg. like is -51.1598 over 646 frames.
LOG (gmm-acc-stats-ali[5.5.1009~1-e4940]:main():gmm-acc-stats-ali.cc:105) Processed 4250 utterances; for utterance 001370337 avg. like is -49.407 over 481 frames.
LOG (gmm-acc-stats-ali[5.5.1009~1-e4940]:main():gmm-acc-stats-ali.cc:105) Processed 4300 utterances; for utterance 001400136 avg. like is -52.7093 over 802 frames.
LOG (gmm-acc-stats-ali[5.5.1009~1-e4940]:main():gmm-acc-stats-ali.cc:105) Processed 4350 utterances; for utterance 001400324 avg. like is -52.4339 over 966 frames.
LOG (gmm-acc-stats-ali[5.5.1009~1-e4940]:main():gmm-acc-stats-ali.cc:105) Processed 4400 utterances; for utterance 001400399 avg. like is -51.768 over 824 frames.
WARNING (gmm-acc-stats-ali[5.5.1009~1-e4940]:main():gmm-acc-stats-ali.cc:79) No alignment for utterance 001820086
LOG (gmm-acc-stats-ali[5.5.1009~1-e4940]:main():gmm-acc-stats-ali.cc:105) Processed 4450 utterances; for utterance 001820103 avg. like is -51.8302 over 514 frames.
LOG (gmm-acc-stats-ali[5.5.1009~1-e4940]:main():gmm-acc-stats-ali.cc:105) Processed 4500 utterances; for utterance 001820373 avg. like is -53.4976 over 429 frames.
LOG (gmm-acc-stats-ali[5.5.1009~1-e4940]:main():gmm-acc-stats-ali.cc:105) Processed 4550 utterances; for utterance 001830137 avg. like is -59.6355 over 1484 frames.
LOG (gmm-acc-stats-ali[5.5.1009~1-e4940]:main():gmm-acc-stats-ali.cc:105) Processed 4600 utterances; for utterance 001830478 avg. like is -55.6693 over 596 frames.
LOG (gmm-acc-stats-ali[5.5.1009~1-e4940]:main():gmm-acc-stats-ali.cc:105) Processed 4650 utterances; for utterance 001840215 avg. like is -52.6124 over 609 frames.
LOG (gmm-acc-stats-ali[5.5.1009~1-e4940]:main():gmm-acc-stats-ali.cc:105) Processed 4700 utterances; for utterance 001850101 avg. like is -66.6745 over 1837 frames.
LOG (gmm-acc-stats-ali[5.5.1009~1-e4940]:main():gmm-acc-stats-ali.cc:105) Processed 4750 utterances; for utterance 001850282 avg. like is -59.6981 over 1598 frames.
LOG (gmm-acc-stats-ali[5.5.1009~1-e4940]:main():gmm-acc-stats-ali.cc:105) Processed 4800 utterances; for utterance 001860056 avg. like is -56.3295 over 630 frames.
LOG (gmm-acc-stats-ali[5.5.1009~1-e4940]:main():gmm-acc-stats-ali.cc:105) Processed 4850 utterances; for utterance 001860238 avg. like is -55.7754 over 528 frames.
LOG (gmm-acc-stats-ali[5.5.1009~1-e4940]:main():gmm-acc-stats-ali.cc:105) Processed 4900 utterances; for utterance 001860495 avg. like is -52.1733 over 391 frames.
LOG (gmm-acc-stats-ali[5.5.1009~1-e4940]:main():gmm-acc-stats-ali.cc:105) Processed 4950 utterances; for utterance 001870265 avg. like is -61.5787 over 830 frames.
LOG (gmm-acc-stats-ali[5.5.1009~1-e4940]:main():gmm-acc-stats-ali.cc:105) Processed 5000 utterances; for utterance 001870475 avg. like is -53.1453 over 503 frames.
LOG (gmm-acc-stats-ali[5.5.1009~1-e4940]:main():gmm-acc-stats-ali.cc:105) Processed 5050 utterances; for utterance 001880213 avg. like is -56.1459 over 402 frames.
LOG (gmm-acc-stats-ali[5.5.1009~1-e4940]:main():gmm-acc-stats-ali.cc:105) Processed 5100 utterances; for utterance 001880409 avg. like is -54.3314 over 533 frames.
WARNING (gmm-acc-stats-ali[5.5.1009~1-e4940]:main():gmm-acc-stats-ali.cc:79) No alignment for utterance 001880461
LOG (gmm-acc-stats-ali[5.5.1009~1-e4940]:main():gmm-acc-stats-ali.cc:105) Processed 5150 utterances; for utterance 001890114 avg. like is -54.4409 over 521 frames.
LOG (gmm-acc-stats-ali[5.5.1009~1-e4940]:main():gmm-acc-stats-ali.cc:105) Processed 5200 utterances; for utterance 001890354 avg. like is -54.5095 over 924 frames.
LOG (gmm-acc-stats-ali[5.5.1009~1-e4940]:main():gmm-acc-stats-ali.cc:105) Processed 5250 utterances; for utterance 001900163 avg. like is -56.0585 over 444 frames.
LOG (gmm-acc-stats-ali[5.5.1009~1-e4940]:main():gmm-acc-stats-ali.cc:105) Processed 5300 utterances; for utterance 001900460 avg. like is -54.6887 over 693 frames.
LOG (gmm-acc-stats-ali[5.5.1009~1-e4940]:main():gmm-acc-stats-ali.cc:105) Processed 5350 utterances; for utterance 001920002 avg. like is -56.6514 over 556 frames.
LOG (gmm-acc-stats-ali[5.5.1009~1-e4940]:main():gmm-acc-stats-ali.cc:105) Processed 5400 utterances; for utterance 001920208 avg. like is -55.7784 over 719 frames.
WARNING (gmm-acc-stats-ali[5.5.1009~1-e4940]:main():gmm-acc-stats-ali.cc:79) No alignment for utterance 001920274
LOG (gmm-acc-stats-ali[5.5.1009~1-e4940]:main():gmm-acc-stats-ali.cc:105) Processed 5450 utterances; for utterance 001920295 avg. like is -59.3963 over 1237 frames.
LOG (apply-cmvn[5.5.1009~1-e4940]:main():apply-cmvn.cc:162) Applied cepstral mean normalization to 5492 utterances, errors on 0
LOG (transform-feats[5.5.1009~1-e4940]:main():transform-feats.cc:158) Overall average [pseudo-]logdet is -98.9864 over 3.22298e+06 frames.
LOG (transform-feats[5.5.1009~1-e4940]:main():transform-feats.cc:161) Applied transform to 5492 utterances; 0 had errors.
LOG (transform-feats[5.5.1009~1-e4940]:main():transform-feats.cc:158) Overall average logdet is 3.04151 over 3.22298e+06 frames.
LOG (transform-feats[5.5.1009~1-e4940]:main():transform-feats.cc:161) Applied transform to 5492 utterances; 0 had errors.
LOG (gmm-acc-stats-ali[5.5.1009~1-e4940]:main():gmm-acc-stats-ali.cc:112) Done 5473 files, 19 with errors.
LOG (gmm-acc-stats-ali[5.5.1009~1-e4940]:main():gmm-acc-stats-ali.cc:115) Overall avg like per frame (Gaussian only) = -53.3979 over 3209657 frames.
LOG (gmm-acc-stats-ali[5.5.1009~1-e4940]:main():gmm-acc-stats-ali.cc:123) Written accs.
# Accounting: time=6 threads=1
# Ended (code 0) at Tue Jun 14 07:59:20 UTC 2022, elapsed time 6 seconds
