# ali-to-post "ark:gunzip -c telugu_exp/chain_cleaned_1d/tri3_cleaned_train_cleaned_sp_lats/pre_ali.97.gz|" ark:- | weight-silence-post 0.0 1:2:3:4:5:6:7:8:9:10 telugu_exp/tri3_cleaned/final.alimdl ark:- ark:- | gmm-post-to-gpost telugu_exp/tri3_cleaned/final.alimdl "ark,s,cs:apply-cmvn  --utt2spk=ark:telugu_data/train_cleaned_sp/split100/97/utt2spk scp:telugu_data/train_cleaned_sp/split100/97/cmvn.scp scp:telugu_data/train_cleaned_sp/split100/97/feats.scp ark:- | splice-feats  ark:- ark:- | transform-feats telugu_exp/tri3_cleaned/final.mat ark:- ark:- |" ark:- ark:- | gmm-est-fmllr-gpost --fmllr-update-type=full --spk2utt=ark:telugu_data/train_cleaned_sp/split100/97/spk2utt telugu_exp/tri3_cleaned/final.mdl "ark,s,cs:apply-cmvn  --utt2spk=ark:telugu_data/train_cleaned_sp/split100/97/utt2spk scp:telugu_data/train_cleaned_sp/split100/97/cmvn.scp scp:telugu_data/train_cleaned_sp/split100/97/feats.scp ark:- | splice-feats  ark:- ark:- | transform-feats telugu_exp/tri3_cleaned/final.mat ark:- ark:- |" ark,s,cs:- ark:telugu_exp/chain_cleaned_1d/tri3_cleaned_train_cleaned_sp_lats/trans.97 
# Started at Tue Jun 14 22:56:01 UTC 2022
#
ali-to-post 'ark:gunzip -c telugu_exp/chain_cleaned_1d/tri3_cleaned_train_cleaned_sp_lats/pre_ali.97.gz|' ark:- 
gmm-est-fmllr-gpost --fmllr-update-type=full --spk2utt=ark:telugu_data/train_cleaned_sp/split100/97/spk2utt telugu_exp/tri3_cleaned/final.mdl 'ark,s,cs:apply-cmvn  --utt2spk=ark:telugu_data/train_cleaned_sp/split100/97/utt2spk scp:telugu_data/train_cleaned_sp/split100/97/cmvn.scp scp:telugu_data/train_cleaned_sp/split100/97/feats.scp ark:- | splice-feats  ark:- ark:- | transform-feats telugu_exp/tri3_cleaned/final.mat ark:- ark:- |' ark,s,cs:- ark:telugu_exp/chain_cleaned_1d/tri3_cleaned_train_cleaned_sp_lats/trans.97 
gmm-post-to-gpost telugu_exp/tri3_cleaned/final.alimdl 'ark,s,cs:apply-cmvn  --utt2spk=ark:telugu_data/train_cleaned_sp/split100/97/utt2spk scp:telugu_data/train_cleaned_sp/split100/97/cmvn.scp scp:telugu_data/train_cleaned_sp/split100/97/feats.scp ark:- | splice-feats  ark:- ark:- | transform-feats telugu_exp/tri3_cleaned/final.mat ark:- ark:- |' ark:- ark:- 
weight-silence-post 0.0 1:2:3:4:5:6:7:8:9:10 telugu_exp/tri3_cleaned/final.alimdl ark:- ark:- 
apply-cmvn --utt2spk=ark:telugu_data/train_cleaned_sp/split100/97/utt2spk scp:telugu_data/train_cleaned_sp/split100/97/cmvn.scp scp:telugu_data/train_cleaned_sp/split100/97/feats.scp ark:- 
splice-feats ark:- ark:- 
transform-feats telugu_exp/tri3_cleaned/final.mat ark:- ark:- 
transform-feats telugu_exp/tri3_cleaned/final.mat ark:- ark:- 
splice-feats ark:- ark:- 
apply-cmvn --utt2spk=ark:telugu_data/train_cleaned_sp/split100/97/utt2spk scp:telugu_data/train_cleaned_sp/split100/97/cmvn.scp scp:telugu_data/train_cleaned_sp/split100/97/feats.scp ark:- 
LOG (ali-to-post[5.5.1009~1-e4940]:main():ali-to-post.cc:73) Converted 1463 alignments.
LOG (weight-silence-post[5.5.1009~1-e4940]:main():weight-silence-post.cc:95) Done 1463 posteriors.
WARNING (gmm-est-fmllr-gpost[5.5.1009~1-e4940]:main():gmm-est-fmllr-gpost.cc:116) Did not find posteriors for utterance sp1.1-tef_05691_01062194211-1
WARNING (gmm-est-fmllr-gpost[5.5.1009~1-e4940]:main():gmm-est-fmllr-gpost.cc:116) Did not find posteriors for utterance sp1.1-tef_05691_01210906423-1
WARNING (gmm-est-fmllr-gpost[5.5.1009~1-e4940]:main():gmm-est-fmllr-gpost.cc:116) Did not find posteriors for utterance sp1.1-tef_05691_01531475398-1
WARNING (gmm-est-fmllr-gpost[5.5.1009~1-e4940]:main():gmm-est-fmllr-gpost.cc:116) Did not find posteriors for utterance sp1.1-tef_05691_01742505538-1
WARNING (gmm-est-fmllr-gpost[5.5.1009~1-e4940]:main():gmm-est-fmllr-gpost.cc:116) Did not find posteriors for utterance sp1.1-tef_05691_02086211222-1
LOG (gmm-est-fmllr-gpost[5.5.1009~1-e4940]:ComputeFmllrMatrixDiagGmmFull():fmllr-diag-gmm.cc:262) fMLLR objf improvement is 13.4926 per frame over 27851 frames.
LOG (gmm-est-fmllr-gpost[5.5.1009~1-e4940]:main():gmm-est-fmllr-gpost.cc:141) For speaker sp1.1-tef_05691, auxf-impr from fMLLR is 13.4926, over 27851 frames.

WARNING (gmm-est-fmllr-gpost[5.5.1009~1-e4940]:main():gmm-est-fmllr-gpost.cc:116) Did not find posteriors for utterance sp1.1-tef_05705_01145709143-1
WARNING (gmm-est-fmllr-gpost[5.5.1009~1-e4940]:main():gmm-est-fmllr-gpost.cc:116) Did not find posteriors for utterance sp1.1-tef_05705_01311186783-2
WARNING (gmm-est-fmllr-gpost[5.5.1009~1-e4940]:main():gmm-est-fmllr-gpost.cc:116) Did not find posteriors for utterance sp1.1-tef_05705_01399415008-1
WARNING (gmm-est-fmllr-gpost[5.5.1009~1-e4940]:main():gmm-est-fmllr-gpost.cc:116) Did not find posteriors for utterance sp1.1-tef_05705_01399415008-2
LOG (gmm-est-fmllr-gpost[5.5.1009~1-e4940]:ComputeFmllrMatrixDiagGmmFull():fmllr-diag-gmm.cc:262) fMLLR objf improvement is 12.3098 per frame over 17788 frames.
LOG (gmm-est-fmllr-gpost[5.5.1009~1-e4940]:main():gmm-est-fmllr-gpost.cc:141) For speaker sp1.1-tef_05705, auxf-impr from fMLLR is 12.3098, over 17788 frames.

WARNING (gmm-est-fmllr-gpost[5.5.1009~1-e4940]:main():gmm-est-fmllr-gpost.cc:116) Did not find posteriors for utterance sp1.1-tef_05994_00380963214-1
WARNING (gmm-est-fmllr-gpost[5.5.1009~1-e4940]:main():gmm-est-fmllr-gpost.cc:116) Did not find posteriors for utterance sp1.1-tef_05994_00705025699-1
WARNING (gmm-est-fmllr-gpost[5.5.1009~1-e4940]:main():gmm-est-fmllr-gpost.cc:116) Did not find posteriors for utterance sp1.1-tef_05994_01837355367-1
LOG (gmm-est-fmllr-gpost[5.5.1009~1-e4940]:ComputeFmllrMatrixDiagGmmFull():fmllr-diag-gmm.cc:262) fMLLR objf improvement is 20.4698 per frame over 27338 frames.
LOG (gmm-est-fmllr-gpost[5.5.1009~1-e4940]:main():gmm-est-fmllr-gpost.cc:141) For speaker sp1.1-tef_05994, auxf-impr from fMLLR is 20.4698, over 27338 frames.

LOG (gmm-est-fmllr-gpost[5.5.1009~1-e4940]:ComputeFmllrMatrixDiagGmmFull():fmllr-diag-gmm.cc:262) fMLLR objf improvement is 18.7248 per frame over 16806 frames.
LOG (gmm-est-fmllr-gpost[5.5.1009~1-e4940]:main():gmm-est-fmllr-gpost.cc:141) For speaker sp1.1-tef_06008, auxf-impr from fMLLR is 18.7248, over 16806 frames.

WARNING (gmm-est-fmllr-gpost[5.5.1009~1-e4940]:main():gmm-est-fmllr-gpost.cc:116) Did not find posteriors for utterance sp1.1-tef_06566_00308875287-1
LOG (gmm-est-fmllr-gpost[5.5.1009~1-e4940]:ComputeFmllrMatrixDiagGmmFull():fmllr-diag-gmm.cc:262) fMLLR objf improvement is 11.0496 per frame over 12100 frames.
LOG (gmm-est-fmllr-gpost[5.5.1009~1-e4940]:main():gmm-est-fmllr-gpost.cc:141) For speaker sp1.1-tef_06566, auxf-impr from fMLLR is 11.0496, over 12100 frames.

WARNING (gmm-est-fmllr-gpost[5.5.1009~1-e4940]:main():gmm-est-fmllr-gpost.cc:116) Did not find posteriors for utterance sp1.1-tef_06625_00006301189-1
WARNING (gmm-est-fmllr-gpost[5.5.1009~1-e4940]:main():gmm-est-fmllr-gpost.cc:116) Did not find posteriors for utterance sp1.1-tef_06625_01249575186-1
WARNING (gmm-est-fmllr-gpost[5.5.1009~1-e4940]:main():gmm-est-fmllr-gpost.cc:116) Did not find posteriors for utterance sp1.1-tef_06625_01572119549-1
LOG (gmm-est-fmllr-gpost[5.5.1009~1-e4940]:ComputeFmllrMatrixDiagGmmFull():fmllr-diag-gmm.cc:262) fMLLR objf improvement is 19.9272 per frame over 18934 frames.
LOG (gmm-est-fmllr-gpost[5.5.1009~1-e4940]:main():gmm-est-fmllr-gpost.cc:141) For speaker sp1.1-tef_06625, auxf-impr from fMLLR is 19.9272, over 18934 frames.

LOG (gmm-est-fmllr-gpost[5.5.1009~1-e4940]:ComputeFmllrMatrixDiagGmmFull():fmllr-diag-gmm.cc:262) fMLLR objf improvement is 14.0693 per frame over 16842 frames.
LOG (gmm-est-fmllr-gpost[5.5.1009~1-e4940]:main():gmm-est-fmllr-gpost.cc:141) For speaker sp1.1-tef_06869, auxf-impr from fMLLR is 14.0693, over 16842 frames.

WARNING (gmm-est-fmllr-gpost[5.5.1009~1-e4940]:main():gmm-est-fmllr-gpost.cc:116) Did not find posteriors for utterance sp1.1-tef_06928_00023470279-1
WARNING (gmm-est-fmllr-gpost[5.5.1009~1-e4940]:main():gmm-est-fmllr-gpost.cc:116) Did not find posteriors for utterance sp1.1-tef_06928_00318171821-1
WARNING (gmm-est-fmllr-gpost[5.5.1009~1-e4940]:main():gmm-est-fmllr-gpost.cc:116) Did not find posteriors for utterance sp1.1-tef_06928_00318171821-2
WARNING (gmm-est-fmllr-gpost[5.5.1009~1-e4940]:main():gmm-est-fmllr-gpost.cc:116) Did not find posteriors for utterance sp1.1-tef_06928_01119883712-1
WARNING (gmm-est-fmllr-gpost[5.5.1009~1-e4940]:main():gmm-est-fmllr-gpost.cc:116) Did not find posteriors for utterance sp1.1-tef_06928_01119883712-2
WARNING (gmm-est-fmllr-gpost[5.5.1009~1-e4940]:main():gmm-est-fmllr-gpost.cc:116) Did not find posteriors for utterance sp1.1-tef_06928_01416574425-1
WARNING (gmm-est-fmllr-gpost[5.5.1009~1-e4940]:main():gmm-est-fmllr-gpost.cc:116) Did not find posteriors for utterance sp1.1-tef_06928_01836764500-1
LOG (gmm-est-fmllr-gpost[5.5.1009~1-e4940]:ComputeFmllrMatrixDiagGmmFull():fmllr-diag-gmm.cc:262) fMLLR objf improvement is 26.6673 per frame over 11245 frames.
LOG (gmm-est-fmllr-gpost[5.5.1009~1-e4940]:main():gmm-est-fmllr-gpost.cc:141) For speaker sp1.1-tef_06928, auxf-impr from fMLLR is 26.6673, over 11245 frames.

WARNING (gmm-est-fmllr-gpost[5.5.1009~1-e4940]:main():gmm-est-fmllr-gpost.cc:116) Did not find posteriors for utterance sp1.1-tef_07789_00064623479-1
WARNING (gmm-est-fmllr-gpost[5.5.1009~1-e4940]:main():gmm-est-fmllr-gpost.cc:116) Did not find posteriors for utterance sp1.1-tef_07789_01338702906-1
WARNING (gmm-est-fmllr-gpost[5.5.1009~1-e4940]:main():gmm-est-fmllr-gpost.cc:116) Did not find posteriors for utterance sp1.1-tef_07789_02113327826-1
LOG (gmm-est-fmllr-gpost[5.5.1009~1-e4940]:ComputeFmllrMatrixDiagGmmFull():fmllr-diag-gmm.cc:262) fMLLR objf improvement is 11.311 per frame over 18781 frames.
LOG (gmm-est-fmllr-gpost[5.5.1009~1-e4940]:main():gmm-est-fmllr-gpost.cc:141) For speaker sp1.1-tef_07789, auxf-impr from fMLLR is 11.311, over 18781 frames.

LOG (gmm-est-fmllr-gpost[5.5.1009~1-e4940]:ComputeFmllrMatrixDiagGmmFull():fmllr-diag-gmm.cc:262) fMLLR objf improvement is 12.2531 per frame over 25271 frames.
LOG (gmm-est-fmllr-gpost[5.5.1009~1-e4940]:main():gmm-est-fmllr-gpost.cc:141) For speaker sp1.1-tef_08318, auxf-impr from fMLLR is 12.2531, over 25271 frames.

WARNING (gmm-est-fmllr-gpost[5.5.1009~1-e4940]:main():gmm-est-fmllr-gpost.cc:116) Did not find posteriors for utterance sp1.1-tef_08664_01223948813-2
WARNING (gmm-est-fmllr-gpost[5.5.1009~1-e4940]:main():gmm-est-fmllr-gpost.cc:116) Did not find posteriors for utterance sp1.1-tef_08664_01524452724-2
LOG (gmm-est-fmllr-gpost[5.5.1009~1-e4940]:ComputeFmllrMatrixDiagGmmFull():fmllr-diag-gmm.cc:262) fMLLR objf improvement is 16.7445 per frame over 17437 frames.
LOG (gmm-est-fmllr-gpost[5.5.1009~1-e4940]:main():gmm-est-fmllr-gpost.cc:141) For speaker sp1.1-tef_08664, auxf-impr from fMLLR is 16.7445, over 17437 frames.

WARNING (gmm-est-fmllr-gpost[5.5.1009~1-e4940]:main():gmm-est-fmllr-gpost.cc:116) Did not find posteriors for utterance sp1.1-tef_08712_00896977636-1
WARNING (gmm-est-fmllr-gpost[5.5.1009~1-e4940]:main():gmm-est-fmllr-gpost.cc:116) Did not find posteriors for utterance sp1.1-tef_08712_01011288919-1
LOG (gmm-est-fmllr-gpost[5.5.1009~1-e4940]:ComputeFmllrMatrixDiagGmmFull():fmllr-diag-gmm.cc:262) fMLLR objf improvement is 23.7714 per frame over 8775 frames.
LOG (gmm-est-fmllr-gpost[5.5.1009~1-e4940]:main():gmm-est-fmllr-gpost.cc:141) For speaker sp1.1-tef_08712, auxf-impr from fMLLR is 23.7715, over 8775 frames.

WARNING (gmm-est-fmllr-gpost[5.5.1009~1-e4940]:main():gmm-est-fmllr-gpost.cc:116) Did not find posteriors for utterance sp1.1-tef_09281_00010671574-1
WARNING (gmm-est-fmllr-gpost[5.5.1009~1-e4940]:main():gmm-est-fmllr-gpost.cc:116) Did not find posteriors for utterance sp1.1-tef_09281_00591151992-1
WARNING (gmm-est-fmllr-gpost[5.5.1009~1-e4940]:main():gmm-est-fmllr-gpost.cc:116) Did not find posteriors for utterance sp1.1-tef_09281_00763339751-1
LOG (gmm-est-fmllr-gpost[5.5.1009~1-e4940]:ComputeFmllrMatrixDiagGmmFull():fmllr-diag-gmm.cc:262) fMLLR objf improvement is 19.0521 per frame over 16951 frames.
LOG (gmm-est-fmllr-gpost[5.5.1009~1-e4940]:main():gmm-est-fmllr-gpost.cc:141) For speaker sp1.1-tef_09281, auxf-impr from fMLLR is 19.0521, over 16951 frames.

WARNING (gmm-est-fmllr-gpost[5.5.1009~1-e4940]:main():gmm-est-fmllr-gpost.cc:116) Did not find posteriors for utterance sp1.1-tef_09935_00935897235-1
WARNING (gmm-est-fmllr-gpost[5.5.1009~1-e4940]:main():gmm-est-fmllr-gpost.cc:116) Did not find posteriors for utterance sp1.1-tef_09935_00935897235-2
WARNING (gmm-est-fmllr-gpost[5.5.1009~1-e4940]:main():gmm-est-fmllr-gpost.cc:116) Did not find posteriors for utterance sp1.1-tef_09935_00993140213-1
LOG (gmm-est-fmllr-gpost[5.5.1009~1-e4940]:ComputeFmllrMatrixDiagGmmFull():fmllr-diag-gmm.cc:262) fMLLR objf improvement is 34.8701 per frame over 10190 frames.
LOG (gmm-est-fmllr-gpost[5.5.1009~1-e4940]:main():gmm-est-fmllr-gpost.cc:141) For speaker sp1.1-tef_09935, auxf-impr from fMLLR is 34.8701, over 10190 frames.

LOG (gmm-est-fmllr-gpost[5.5.1009~1-e4940]:ComputeFmllrMatrixDiagGmmFull():fmllr-diag-gmm.cc:262) fMLLR objf improvement is 22.5137 per frame over 4870 frames.
LOG (gmm-est-fmllr-gpost[5.5.1009~1-e4940]:main():gmm-est-fmllr-gpost.cc:141) For speaker sp1.1-tem_00113, auxf-impr from fMLLR is 22.5137, over 4870 frames.

WARNING (gmm-est-fmllr-gpost[5.5.1009~1-e4940]:main():gmm-est-fmllr-gpost.cc:116) Did not find posteriors for utterance sp1.1-tem_00682_01061375880-1
WARNING (gmm-est-fmllr-gpost[5.5.1009~1-e4940]:main():gmm-est-fmllr-gpost.cc:116) Did not find posteriors for utterance sp1.1-tem_00682_01163944771-1
WARNING (gmm-est-fmllr-gpost[5.5.1009~1-e4940]:main():gmm-est-fmllr-gpost.cc:116) Did not find posteriors for utterance sp1.1-tem_00682_01206526551-1
WARNING (gmm-est-fmllr-gpost[5.5.1009~1-e4940]:main():gmm-est-fmllr-gpost.cc:116) Did not find posteriors for utterance sp1.1-tem_00682_01211106085-1
WARNING (gmm-est-fmllr-gpost[5.5.1009~1-e4940]:main():gmm-est-fmllr-gpost.cc:116) Did not find posteriors for utterance sp1.1-tem_00682_01211106085-2
WARNING (gmm-est-fmllr-gpost[5.5.1009~1-e4940]:main():gmm-est-fmllr-gpost.cc:116) Did not find posteriors for utterance sp1.1-tem_00682_01500932293-1
WARNING (gmm-est-fmllr-gpost[5.5.1009~1-e4940]:main():gmm-est-fmllr-gpost.cc:116) Did not find posteriors for utterance sp1.1-tem_00682_01576883968-1
WARNING (gmm-est-fmllr-gpost[5.5.1009~1-e4940]:main():gmm-est-fmllr-gpost.cc:116) Did not find posteriors for utterance sp1.1-tem_00682_01576883968-2
WARNING (gmm-est-fmllr-gpost[5.5.1009~1-e4940]:main():gmm-est-fmllr-gpost.cc:116) Did not find posteriors for utterance sp1.1-tem_00682_01738844091-1
LOG (gmm-est-fmllr-gpost[5.5.1009~1-e4940]:ComputeFmllrMatrixDiagGmmFull():fmllr-diag-gmm.cc:262) fMLLR objf improvement is 19.8874 per frame over 50968 frames.
LOG (gmm-est-fmllr-gpost[5.5.1009~1-e4940]:main():gmm-est-fmllr-gpost.cc:141) For speaker sp1.1-tem_00682, auxf-impr from fMLLR is 19.8874, over 50968 frames.

LOG (gmm-est-fmllr-gpost[5.5.1009~1-e4940]:ComputeFmllrMatrixDiagGmmFull():fmllr-diag-gmm.cc:262) fMLLR objf improvement is 22.3245 per frame over 16283 frames.
LOG (gmm-est-fmllr-gpost[5.5.1009~1-e4940]:main():gmm-est-fmllr-gpost.cc:141) For speaker sp1.1-tem_00974, auxf-impr from fMLLR is 22.3245, over 16283 frames.

WARNING (gmm-est-fmllr-gpost[5.5.1009~1-e4940]:main():gmm-est-fmllr-gpost.cc:116) Did not find posteriors for utterance sp1.1-tem_02477_00493874209-1
LOG (gmm-est-fmllr-gpost[5.5.1009~1-e4940]:ComputeFmllrMatrixDiagGmmFull():fmllr-diag-gmm.cc:262) fMLLR objf improvement is 19.8137 per frame over 768 frames.
LOG (gmm-est-fmllr-gpost[5.5.1009~1-e4940]:main():gmm-est-fmllr-gpost.cc:141) For speaker sp1.1-tem_02477, auxf-impr from fMLLR is 19.8137, over 768 frames.

WARNING (gmm-est-fmllr-gpost[5.5.1009~1-e4940]:main():gmm-est-fmllr-gpost.cc:116) Did not find posteriors for utterance sp1.1-tem_02769_00703465658-1
WARNING (gmm-est-fmllr-gpost[5.5.1009~1-e4940]:main():gmm-est-fmllr-gpost.cc:116) Did not find posteriors for utterance sp1.1-tem_02769_01278686462-1
LOG (apply-cmvn[5.5.1009~1-e4940]:main():apply-cmvn.cc:162) Applied cepstral mean normalization to 1511 utterances, errors on 0
LOG (apply-cmvn[5.5.1009~1-e4940]:main():apply-cmvn.cc:162) Applied cepstral mean normalization to 1511 utterances, errors on 0
LOG (transform-feats[5.5.1009~1-e4940]:main():transform-feats.cc:158) Overall average [pseudo-]logdet is -98.9864 over 496645 frames.
LOG (transform-feats[5.5.1009~1-e4940]:main():transform-feats.cc:161) Applied transform to 1511 utterances; 0 had errors.
LOG (transform-feats[5.5.1009~1-e4940]:main():transform-feats.cc:158) Overall average [pseudo-]logdet is -98.9864 over 496645 frames.
LOG (transform-feats[5.5.1009~1-e4940]:main():transform-feats.cc:161) Applied transform to 1511 utterances; 0 had errors.
LOG (gmm-post-to-gpost[5.5.1009~1-e4940]:main():gmm-post-to-gpost.cc:124) Done 1463 files, 48 with no posteriors, 0 with other errors.
LOG (gmm-post-to-gpost[5.5.1009~1-e4940]:main():gmm-post-to-gpost.cc:128) Overall avg like per frame (Gaussian only) = -59.8293 over 344217 frames.
LOG (gmm-post-to-gpost[5.5.1009~1-e4940]:main():gmm-post-to-gpost.cc:131) Done converting post to gpost
LOG (gmm-est-fmllr-gpost[5.5.1009~1-e4940]:ComputeFmllrMatrixDiagGmmFull():fmllr-diag-gmm.cc:262) fMLLR objf improvement is 24.615 per frame over 25019 frames.
LOG (gmm-est-fmllr-gpost[5.5.1009~1-e4940]:main():gmm-est-fmllr-gpost.cc:141) For speaker sp1.1-tem_02769, auxf-impr from fMLLR is 24.615, over 25019 frames.

LOG (gmm-est-fmllr-gpost[5.5.1009~1-e4940]:main():gmm-est-fmllr-gpost.cc:186) Done 1463 files, 48 with no gposts, 0 with other errors.
LOG (gmm-est-fmllr-gpost[5.5.1009~1-e4940]:main():gmm-est-fmllr-gpost.cc:188) Overall fMLLR auxf impr per frame is 18.4059 over 344217 frames.
# Accounting: time=17 threads=1
# Ended (code 0) at Tue Jun 14 22:56:18 UTC 2022, elapsed time 17 seconds
