# gmm-latgen-faster --max-active=7000 --beam=15.0 --lattice-beam=6.0 --acoustic-scale=0.083333 --allow-partial=false --word-symbol-table=telugu_exp/tri3_cleaned_work/graphs/words.txt telugu_exp/tri3_cleaned_work/final.mdl scp:telugu_exp/tri3_cleaned_work/lats/split_fsts/HCLG.fsts.45.scp "ark,s,cs:apply-cmvn  --utt2spk=ark:telugu_data/train/split100/45/utt2spk scp:telugu_data/train/split100/45/cmvn.scp scp:telugu_data/train/split100/45/feats.scp ark:- | splice-feats  ark:- ark:- | transform-feats telugu_exp/tri3_cleaned_work/final.mat ark:- ark:- | transform-feats --utt2spk=ark:telugu_data/train/split100/45/utt2spk scp:telugu_exp/tri3_cleaned_work/lats/trans.scp ark:- ark:- |" "ark:|gzip -c > telugu_exp/tri3_cleaned_work/lats/lat.45.gz" 
# Started at Tue Jun 14 09:30:31 UTC 2022
#
gmm-latgen-faster --max-active=7000 --beam=15.0 --lattice-beam=6.0 --acoustic-scale=0.083333 --allow-partial=false --word-symbol-table=telugu_exp/tri3_cleaned_work/graphs/words.txt telugu_exp/tri3_cleaned_work/final.mdl scp:telugu_exp/tri3_cleaned_work/lats/split_fsts/HCLG.fsts.45.scp 'ark,s,cs:apply-cmvn  --utt2spk=ark:telugu_data/train/split100/45/utt2spk scp:telugu_data/train/split100/45/cmvn.scp scp:telugu_data/train/split100/45/feats.scp ark:- | splice-feats  ark:- ark:- | transform-feats telugu_exp/tri3_cleaned_work/final.mat ark:- ark:- | transform-feats --utt2spk=ark:telugu_data/train/split100/45/utt2spk scp:telugu_exp/tri3_cleaned_work/lats/trans.scp ark:- ark:- |' 'ark:|gzip -c > telugu_exp/tri3_cleaned_work/lats/lat.45.gz' 
apply-cmvn --utt2spk=ark:telugu_data/train/split100/45/utt2spk scp:telugu_data/train/split100/45/cmvn.scp scp:telugu_data/train/split100/45/feats.scp ark:- 
splice-feats ark:- ark:- 
transform-feats telugu_exp/tri3_cleaned_work/final.mat ark:- ark:- 
transform-feats --utt2spk=ark:telugu_data/train/split100/45/utt2spk scp:telugu_exp/tri3_cleaned_work/lats/trans.scp ark:- ark:- 
TE0447-TE0448_1-A.039 వాళ్ళకున్నా దాంట్లో వీళ్ళు పాపం అంత కష్టపడుతున్నారుగా అని 
LOG (gmm-latgen-faster[5.5.1009~1-e4940]:DecodeUtteranceLatticeFaster():decoder-wrappers.cc:375) Log-like per frame for utterance TE0447-TE0448_1-A.039 is -3.8489 over 346 frames.
TE0447-TE0448_1-A.045 అది ప్రభుత్వం కూడా గుర్తించి ఒక వ్యవసాయాన్ని ఇంకా అభివృద్ధి పరిస్తే ఇంకా అనేక ప్రాంతాలకు కూడా వ్యవసాయాన్ని ఇంకా 
LOG (gmm-latgen-faster[5.5.1009~1-e4940]:DecodeUtteranceLatticeFaster():decoder-wrappers.cc:375) Log-like per frame for utterance TE0447-TE0448_1-A.045 is -4.30064 over 685 frames.
TE0447-TE0448_1-A.051 వాళ్ళకోసం వాళ్ళేగానీ ఇతరుల కోసం మనం 
LOG (gmm-latgen-faster[5.5.1009~1-e4940]:DecodeUtteranceLatticeFaster():decoder-wrappers.cc:375) Log-like per frame for utterance TE0447-TE0448_1-A.051 is -3.77673 over 243 frames.
TE0447-TE0448_1-A.071 ప్రభుత్వం కూడా ఇలాంటి విషయాలలో కూడా కొంచం ముందు ఆలోచించి 
LOG (gmm-latgen-faster[5.5.1009~1-e4940]:DecodeUtteranceLatticeFaster():decoder-wrappers.cc:375) Log-like per frame for utterance TE0447-TE0448_1-A.071 is -3.95479 over 384 frames.
TE0447-TE0448_1-A.095 ఆ వాళ్ళు చేసే ఆ వ్యవసాయాన్ని బట్టి ప్రతి విషయంలో కూడా వాళ్ళు 
LOG (gmm-latgen-faster[5.5.1009~1-e4940]:DecodeUtteranceLatticeFaster():decoder-wrappers.cc:375) Log-like per frame for utterance TE0447-TE0448_1-A.095 is -3.9499 over 384 frames.
TE0447-TE0448_1-A.099 వాళ్ళ కున్న ప్రతి దాన్ని కూడా వాళ్ళు అభివృద్ధి పరిస్తే 
LOG (gmm-latgen-faster[5.5.1009~1-e4940]:DecodeUtteranceLatticeFaster():decoder-wrappers.cc:375) Log-like per frame for utterance TE0447-TE0448_1-A.099 is -4.05031 over 252 frames.
TE0447-TE0448_1-A.102 వేరే ఇతర దేశాల లోకూడా కన్నా మన దేశం కూడా ఇంక అభివృద్ధి చెందొచ్చు కదా 
LOG (gmm-latgen-faster[5.5.1009~1-e4940]:DecodeUtteranceLatticeFaster():decoder-wrappers.cc:375) Log-like per frame for utterance TE0447-TE0448_1-A.102 is -3.79643 over 441 frames.
TE0447-TE0448_1-A.104 చెప్పాలంటే మనదేశం లోనే ఎక్కువ కరువు కరువు ప్రాంతాలు ఉన్నాయి మన పట్టణ ప్రజలు కూడా సహాయపడి తోడ్పడి 
LOG (gmm-latgen-faster[5.5.1009~1-e4940]:DecodeUtteranceLatticeFaster():decoder-wrappers.cc:375) Log-like per frame for utterance TE0447-TE0448_1-A.104 is -4.05984 over 736 frames.
TE0447-TE0448_1-A.110 ఇంకా అభివృద్ధి చెందుతది ఈ ప్రతి ఒక్క పేదరికం అనేది ఇంక మన 
LOG (gmm-latgen-faster[5.5.1009~1-e4940]:DecodeUtteranceLatticeFaster():decoder-wrappers.cc:375) Log-like per frame for utterance TE0447-TE0448_1-A.110 is -3.73205 over 494 frames.
TE0447-TE0448_1-A.133 మంచిగా చూసుకుంటే 
LOG (gmm-latgen-faster[5.5.1009~1-e4940]:DecodeUtteranceLatticeFaster():decoder-wrappers.cc:375) Log-like per frame for utterance TE0447-TE0448_1-A.133 is -3.85253 over 143 frames.
TE0447-TE0448_1-A.135 ఆ భావం అనేది వాళ్ళకి లేకుండా వాళ్ళు కూడా మంచిగా వాళ్ళు కూడా స్థితిలో కూడా వాళ్ళు మంచిగా జీవించవచ్చు కదా 
LOG (gmm-latgen-faster[5.5.1009~1-e4940]:DecodeUtteranceLatticeFaster():decoder-wrappers.cc:375) Log-like per frame for utterance TE0447-TE0448_1-A.135 is -4.17792 over 623 frames.
TE0447-TE0448_1-A.139 వారిని కూడా వారికి వాళ్ళని పరిచయం చేసి ఏదో ఒక రీతిగా ఏదో విధంగా ప్రభుత్వం ద్వారా గాని 
LOG (gmm-latgen-faster[5.5.1009~1-e4940]:DecodeUtteranceLatticeFaster():decoder-wrappers.cc:375) Log-like per frame for utterance TE0447-TE0448_1-A.139 is -4.27581 over 634 frames.
TE0447-TE0448_1-A.141 ఇలాగే అనేక ప్రాంతాలు మనకు కొన్ని ప్రాంతాల్లో అయితే చాల తక్కువ కొన్ని ప్రజలలో అయితే కొన్ని చోట్ల కి అసలు 
LOG (gmm-latgen-faster[5.5.1009~1-e4940]:DecodeUtteranceLatticeFaster():decoder-wrappers.cc:375) Log-like per frame for utterance TE0447-TE0448_1-A.141 is -4.22259 over 721 frames.
TE0447-TE0448_1-A.155 ప్రతి ప్రతి దానిలో కూడా సహకరించాలి 
LOG (gmm-latgen-faster[5.5.1009~1-e4940]:DecodeUtteranceLatticeFaster():decoder-wrappers.cc:375) Log-like per frame for utterance TE0447-TE0448_1-A.155 is -3.97982 over 301 frames.
TE0447-TE0448_1-A.162 చాల మంది ప్రజలు ఉన్నారు వాళ్ళకి మనము సహకరించాలి ప్రభుత్వం కూడా ఇటువంటివి గుర్తించాలి 
LOG (gmm-latgen-faster[5.5.1009~1-e4940]:DecodeUtteranceLatticeFaster():decoder-wrappers.cc:375) Log-like per frame for utterance TE0447-TE0448_1-A.162 is -4.01883 over 549 frames.
TE0447-TE0448_1-A.169 కొన్ని ఆర్ధిక ఇబ్బందుల వల్ల కొంతమంది చదువు విషయాలలో కూడా కొంతమంది 
LOG (gmm-latgen-faster[5.5.1009~1-e4940]:DecodeUtteranceLatticeFaster():decoder-wrappers.cc:375) Log-like per frame for utterance TE0447-TE0448_1-A.169 is -3.79097 over 427 frames.
TE0447-TE0448_1-A.171 మన ప్రభుత్వం లో ఉన్న మన మనకి తోటి మనకి సాటి అయిన సహాయం 
LOG (gmm-latgen-faster[5.5.1009~1-e4940]:DecodeUtteranceLatticeFaster():decoder-wrappers.cc:375) Log-like per frame for utterance TE0447-TE0448_1-A.171 is -4.09732 over 552 frames.
TE0447-TE0448_1-A.172 మన ప్రభుత్వం ద్వార కూడా సహాయాన్ని అందించాలి 
LOG (gmm-latgen-faster[5.5.1009~1-e4940]:DecodeUtteranceLatticeFaster():decoder-wrappers.cc:375) Log-like per frame for utterance TE0447-TE0448_1-A.172 is -3.99272 over 274 frames.
TE0447-TE0448_1-A.174 సహాయాన్ని అందించాలి అప్పుడు వల్ల అప్పుడు సహాయాన్ని అందిస్తే అప్పుడు ఏ ఎటువంటి ప్రమాదాలు కూడా జరగవు ఇప్పుడు 
LOG (gmm-latgen-faster[5.5.1009~1-e4940]:DecodeUtteranceLatticeFaster():decoder-wrappers.cc:375) Log-like per frame for utterance TE0447-TE0448_1-A.174 is -4.1907 over 620 frames.
TE0447-TE0448_1-A.180 ఇలా తెలుసుకున్న వాళ్ళు కూడా వెళ్ళి ఆ ప్రాంతాలకు వెళ్ళి చెప్తే వాళ్ళు కూడా తెలుసుకుంటారు కదా వాళ్ళు కూడా 
LOG (gmm-latgen-faster[5.5.1009~1-e4940]:DecodeUtteranceLatticeFaster():decoder-wrappers.cc:375) Log-like per frame for utterance TE0447-TE0448_1-A.180 is -4.05796 over 509 frames.
TE0447-TE0448_1-A.182 అట్లా 
LOG (gmm-latgen-faster[5.5.1009~1-e4940]:DecodeUtteranceLatticeFaster():decoder-wrappers.cc:375) Log-like per frame for utterance TE0447-TE0448_1-A.182 is -3.8166 over 73 frames.
TE0447-TE0448_1-A.195 ఇంకా ముందుకెళ్ళాలి ఇంకా ఉన్న పేదలను కూడా వాళ్ళను లేకుండా వాళ్ళు విద్యార్దులను 
LOG (gmm-latgen-faster[5.5.1009~1-e4940]:DecodeUtteranceLatticeFaster():decoder-wrappers.cc:375) Log-like per frame for utterance TE0447-TE0448_1-A.195 is -3.82186 over 594 frames.
TE0447-TE0448_1-A.198 పేదరికం అనేది లేకుండా దేశంలో 
LOG (gmm-latgen-faster[5.5.1009~1-e4940]:DecodeUtteranceLatticeFaster():decoder-wrappers.cc:375) Log-like per frame for utterance TE0447-TE0448_1-A.198 is -3.64853 over 289 frames.
TE0447-TE0448_1-A.199 ఉన్నవారందరూ కూడా గమనించి వాళ్ళు కూడా తెలుసుకొని 
LOG (gmm-latgen-faster[5.5.1009~1-e4940]:DecodeUtteranceLatticeFaster():decoder-wrappers.cc:375) Log-like per frame for utterance TE0447-TE0448_1-A.199 is -4.00195 over 384 frames.
TE0447-TE0448_1-A.200 వాళ్ళు కూడా సహాయం చేస్తే 
LOG (gmm-latgen-faster[5.5.1009~1-e4940]:DecodeUtteranceLatticeFaster():decoder-wrappers.cc:375) Log-like per frame for utterance TE0447-TE0448_1-A.200 is -3.93322 over 198 frames.
TE0447-TE0448_1-A.205 ఇస్తారు 
LOG (gmm-latgen-faster[5.5.1009~1-e4940]:DecodeUtteranceLatticeFaster():decoder-wrappers.cc:375) Log-like per frame for utterance TE0447-TE0448_1-A.205 is -3.56146 over 114 frames.
TE0447-TE0448_1-A.207 ఇట్లా పేదరికం అనేది మనలో ఉండకూడదు 
LOG (gmm-latgen-faster[5.5.1009~1-e4940]:DecodeUtteranceLatticeFaster():decoder-wrappers.cc:375) Log-like per frame for utterance TE0447-TE0448_1-A.207 is -3.76359 over 284 frames.
TE0447-TE0448_1-A.221 ఉంటే ఎదో బయట విషయాలు కూడా తెలుస్తాయి ఎట్లా జీవించాలో ఇంకా ముదుకు 
LOG (gmm-latgen-faster[5.5.1009~1-e4940]:DecodeUtteranceLatticeFaster():decoder-wrappers.cc:375) Log-like per frame for utterance TE0447-TE0448_1-A.221 is -3.89962 over 473 frames.
TE0447-TE0448_1-A.236 అంతా అయిపోయినాకా అప్పుడు తెలుస్తది వాళ్ళ అప్పుడు వాళ్ళు అప్పుడు తెలుస్తది వాళ్ళు 
LOG (gmm-latgen-faster[5.5.1009~1-e4940]:DecodeUtteranceLatticeFaster():decoder-wrappers.cc:375) Log-like per frame for utterance TE0447-TE0448_1-A.236 is -3.8002 over 439 frames.
TE0447-TE0448_1-A.245 మంచి కోరాక చప్తారు అప్పుడు చెప్పినప్పుడు కూడా మనం వినాలి 
LOG (gmm-latgen-faster[5.5.1009~1-e4940]:DecodeUtteranceLatticeFaster():decoder-wrappers.cc:375) Log-like per frame for utterance TE0447-TE0448_1-A.245 is -3.82783 over 361 frames.
TE0447-TE0448_1-B.022 నువ్వే మాట్లాడాలి 
LOG (gmm-latgen-faster[5.5.1009~1-e4940]:DecodeUtteranceLatticeFaster():decoder-wrappers.cc:375) Log-like per frame for utterance TE0447-TE0448_1-B.022 is -3.45847 over 117 frames.
TE0447-TE0448_1-B.032 ఆ నేను చాలా చోటులో చూసాను అల ఉండడం నాకు 
LOG (gmm-latgen-faster[5.5.1009~1-e4940]:DecodeUtteranceLatticeFaster():decoder-wrappers.cc:375) Log-like per frame for utterance TE0447-TE0448_1-B.032 is -3.50136 over 421 frames.
TE0447-TE0448_1-B.033 చాలా బాధగా ఉంటుంది ఏంటి వీళ్ళు ఇలాగా 
LOG (gmm-latgen-faster[5.5.1009~1-e4940]:DecodeUtteranceLatticeFaster():decoder-wrappers.cc:375) Log-like per frame for utterance TE0447-TE0448_1-B.033 is -3.34178 over 342 frames.
TE0447-TE0448_1-B.055 అలాగే చిన్న పిల్లలు కూడా ఆ ఇంకా 
LOG (gmm-latgen-faster[5.5.1009~1-e4940]:DecodeUtteranceLatticeFaster():decoder-wrappers.cc:375) Log-like per frame for utterance TE0447-TE0448_1-B.055 is -3.46166 over 317 frames.
TE0447-TE0448_1-B.078 తాగడం తిరగడం ఎలా చేస్తారు అలాంటివి మాత్రం చేయ్యకుడదు వాల్లేమో అక్కడ ఎంతో కష్టపడి 
LOG (gmm-latgen-faster[5.5.1009~1-e4940]:DecodeUtteranceLatticeFaster():decoder-wrappers.cc:375) Log-like per frame for utterance TE0447-TE0448_1-B.078 is -3.86459 over 521 frames.
TE0447-TE0448_2-A.017 చిన్నప్పుడు ఏ పనికైనా ఎళ్ళేవాళ్ళనమాట అలా చాలా కష్టపడి కష్టపడి చదువుకుని 
LOG (gmm-latgen-faster[5.5.1009~1-e4940]:DecodeUtteranceLatticeFaster():decoder-wrappers.cc:375) Log-like per frame for utterance TE0447-TE0448_2-A.017 is -3.72738 over 531 frames.
TE0447-TE0448_2-A.024 ఇంకా 
LOG (gmm-latgen-faster[5.5.1009~1-e4940]:DecodeUtteranceLatticeFaster():decoder-wrappers.cc:375) Log-like per frame for utterance TE0447-TE0448_2-A.024 is -3.27772 over 98 frames.
TE0447-TE0448_2-A.075 చాలా ఇదిగా 
LOG (gmm-latgen-faster[5.5.1009~1-e4940]:DecodeUtteranceLatticeFaster():decoder-wrappers.cc:375) Log-like per frame for utterance TE0447-TE0448_2-A.075 is -2.7685 over 166 frames.
TE0447-TE0448_2-A.119 అంతేగాను నువ్వు కా అంత ఇష్టం అన్నమాట అంత ప్రేమ చుస్పిస్తారు నామీద 
LOG (gmm-latgen-faster[5.5.1009~1-e4940]:DecodeUtteranceLatticeFaster():decoder-wrappers.cc:375) Log-like per frame for utterance TE0447-TE0448_2-A.119 is -3.72034 over 453 frames.
TE0447-TE0448_2-A.130 అలాంటిది నాకోసం మొత్తం ఒక గంట మాట్డాడి 
LOG (gmm-latgen-faster[5.5.1009~1-e4940]:DecodeUtteranceLatticeFaster():decoder-wrappers.cc:375) Log-like per frame for utterance TE0447-TE0448_2-A.130 is -3.63077 over 470 frames.
TE0447-TE0448_2-A.146 తన్ మనం తల్లిదండ్రులను మోసం చేస్తే మనమే కోలిపోతం గాని ఏమి ఉండదు మనలోని ఏంటి మోసం చేసి బయట తిరుగుదాం అది ఇది అనుకుంటారు కానీ 
LOG (gmm-latgen-faster[5.5.1009~1-e4940]:DecodeUtteranceLatticeFaster():decoder-wrappers.cc:375) Log-like per frame for utterance TE0447-TE0448_2-A.146 is -4.06892 over 911 frames.
TE0447-TE0448_2-A.153 ఆ ఇంక కష్టం అంటే తెలిదు నిజంగా నాకు తెలీదు అంత ఇదిగా పెంచారు అన్నమాట 
LOG (gmm-latgen-faster[5.5.1009~1-e4940]:DecodeUtteranceLatticeFaster():decoder-wrappers.cc:375) Log-like per frame for utterance TE0447-TE0448_2-A.153 is -3.87111 over 567 frames.
TE0447-TE0448_2-A.162 ఏది కావాలన్నా తెచ్చిపెడ్తారు ఏదైనా సరే 
LOG (gmm-latgen-faster[5.5.1009~1-e4940]:DecodeUtteranceLatticeFaster():decoder-wrappers.cc:375) Log-like per frame for utterance TE0447-TE0448_2-A.162 is -3.56588 over 299 frames.
TE0447-TE0448_2-A.167 నేనంటే 
LOG (gmm-latgen-faster[5.5.1009~1-e4940]:DecodeUtteranceLatticeFaster():decoder-wrappers.cc:375) Log-like per frame for utterance TE0447-TE0448_2-A.167 is -3.88023 over 117 frames.
TE0447-TE0448_2-A.195 అక్కర్లేదు నువ్వు చదువుకుంటే చాలు ఇంకేమి వ్ద్ 
LOG (gmm-latgen-faster[5.5.1009~1-e4940]:DecodeUtteranceLatticeFaster():decoder-wrappers.cc:375) Log-like per frame for utterance TE0447-TE0448_2-A.195 is -3.89752 over 255 frames.
TE0447-TE0448_2-A.224 తల్లిదండ్రులుకి ఎంత చెప్పిన తక్కువే తల్లిదండ్రులు గురించి 
LOG (gmm-latgen-faster[5.5.1009~1-e4940]:DecodeUtteranceLatticeFaster():decoder-wrappers.cc:375) Log-like per frame for utterance TE0447-TE0448_2-A.224 is -3.5413 over 406 frames.
TE0447-TE0448_2-A.243 నువెంటి నాకు చెప్పేది అని 
LOG (gmm-latgen-faster[5.5.1009~1-e4940]:DecodeUtteranceLatticeFaster():decoder-wrappers.cc:375) Log-like per frame for utterance TE0447-TE0448_2-A.243 is -3.68366 over 173 frames.
TE0447-TE0448_2-A.254 అని చెప్తే తల్లి మనసు తల్లి మనసు ఎంత చెప్పిన గొప్పది ఎలాంటి తప్పు అయన సరే క్షమించగలదు 
LOG (gmm-latgen-faster[5.5.1009~1-e4940]:DecodeUtteranceLatticeFaster():decoder-wrappers.cc:375) Log-like per frame for utterance TE0447-TE0448_2-A.254 is -3.98747 over 512 frames.
TE0447-TE0448_2-A.259 తల్లిదండ్రులు నేర్పిస్తారు సమాజములో ఎలా బతకాలి ఎలా ఉండాలి ఎవరికి ఎలా గౌరవం ఇవ్వాలి 
LOG (gmm-latgen-faster[5.5.1009~1-e4940]:DecodeUtteranceLatticeFaster():decoder-wrappers.cc:375) Log-like per frame for utterance TE0447-TE0448_2-A.259 is -4.08903 over 552 frames.
TE0447-TE0448_2-B.002 హాయ్ 
LOG (gmm-latgen-faster[5.5.1009~1-e4940]:DecodeUtteranceLatticeFaster():decoder-wrappers.cc:375) Log-like per frame for utterance TE0447-TE0448_2-B.002 is -3.36608 over 53 frames.
TE0447-TE0448_2-B.012 అవును 
LOG (gmm-latgen-faster[5.5.1009~1-e4940]:DecodeUtteranceLatticeFaster():decoder-wrappers.cc:375) Log-like per frame for utterance TE0447-TE0448_2-B.012 is -3.12013 over 95 frames.
TE0447-TE0448_2-B.025 ఏదో వాళ్ళు పాపం ఏదో 
LOG (gmm-latgen-faster[5.5.1009~1-e4940]:DecodeUtteranceLatticeFaster():decoder-wrappers.cc:375) Log-like per frame for utterance TE0447-TE0448_2-B.025 is -3.72256 over 255 frames.
TE0447-TE0448_2-B.030 వాళ్ళేదో జీవిస్తున్నాం వాళ్ళేదో ఉంటది ఇది మంచిదమ్మా ఇది 
LOG (gmm-latgen-faster[5.5.1009~1-e4940]:DecodeUtteranceLatticeFaster():decoder-wrappers.cc:375) Log-like per frame for utterance TE0447-TE0448_2-B.030 is -3.52586 over 358 frames.
TE0447-TE0448_2-B.044 అట్లానే 
LOG (gmm-latgen-faster[5.5.1009~1-e4940]:DecodeUtteranceLatticeFaster():decoder-wrappers.cc:375) Log-like per frame for utterance TE0447-TE0448_2-B.044 is -3.62994 over 134 frames.
TE0449-TE0450_1-A.006 ఎలా ఉన్నావ్ 
LOG (gmm-latgen-faster[5.5.1009~1-e4940]:DecodeUtteranceLatticeFaster():decoder-wrappers.cc:375) Log-like per frame for utterance TE0449-TE0450_1-A.006 is -3.17133 over 113 frames.
TE0449-TE0450_1-A.022 ఆ చేస్తున్నారు 
LOG (gmm-latgen-faster[5.5.1009~1-e4940]:DecodeUtteranceLatticeFaster():decoder-wrappers.cc:375) Log-like per frame for utterance TE0449-TE0450_1-A.022 is -4.09161 over 99 frames.
TE0449-TE0450_1-A.107 ఎం చేస్తాం 
LOG (gmm-latgen-faster[5.5.1009~1-e4940]:DecodeUtteranceLatticeFaster():decoder-wrappers.cc:375) Log-like per frame for utterance TE0449-TE0450_1-A.107 is -3.72015 over 97 frames.
TE0449-TE0450_1-A.125 ఇప్పుడు 
LOG (gmm-latgen-faster[5.5.1009~1-e4940]:DecodeUtteranceLatticeFaster():decoder-wrappers.cc:375) Log-like per frame for utterance TE0449-TE0450_1-A.125 is -3.94335 over 92 frames.
TE0449-TE0450_1-A.140 లేదు 
LOG (gmm-latgen-faster[5.5.1009~1-e4940]:DecodeUtteranceLatticeFaster():decoder-wrappers.cc:375) Log-like per frame for utterance TE0449-TE0450_1-A.140 is -3.59712 over 88 frames.
TE0449-TE0450_1-A.267 అది 
LOG (gmm-latgen-faster[5.5.1009~1-e4940]:DecodeUtteranceLatticeFaster():decoder-wrappers.cc:375) Log-like per frame for utterance TE0449-TE0450_1-A.267 is -3.62071 over 101 frames.
TE0449-TE0450_1-B.011 అవునా 
LOG (gmm-latgen-faster[5.5.1009~1-e4940]:DecodeUtteranceLatticeFaster():decoder-wrappers.cc:375) Log-like per frame for utterance TE0449-TE0450_1-B.011 is -2.89576 over 83 frames.
TE0449-TE0450_1-B.065 ఏం లేదురా చెప్పాలి 
LOG (gmm-latgen-faster[5.5.1009~1-e4940]:DecodeUtteranceLatticeFaster():decoder-wrappers.cc:375) Log-like per frame for utterance TE0449-TE0450_1-B.065 is -3.41838 over 151 frames.
TE0449-TE0450_1-B.164 అవునా 
LOG (gmm-latgen-faster[5.5.1009~1-e4940]:DecodeUtteranceLatticeFaster():decoder-wrappers.cc:375) Log-like per frame for utterance TE0449-TE0450_1-B.164 is -2.94289 over 68 frames.
TE0449-TE0450_1-B.172 అది ఏమవుతుందంటే 
LOG (gmm-latgen-faster[5.5.1009~1-e4940]:DecodeUtteranceLatticeFaster():decoder-wrappers.cc:375) Log-like per frame for utterance TE0449-TE0450_1-B.172 is -3.02083 over 174 frames.
TE0449-TE0450_1-B.206 ఇంకేంటి 
LOG (gmm-latgen-faster[5.5.1009~1-e4940]:DecodeUtteranceLatticeFaster():decoder-wrappers.cc:375) Log-like per frame for utterance TE0449-TE0450_1-B.206 is -3.69421 over 93 frames.
TE0449-TE0450_1-B.249 అవునా 
LOG (gmm-latgen-faster[5.5.1009~1-e4940]:DecodeUtteranceLatticeFaster():decoder-wrappers.cc:375) Log-like per frame for utterance TE0449-TE0450_1-B.249 is -3.00312 over 68 frames.
TE0449-TE0450_1-B.329 డేవిడ్ 
LOG (gmm-latgen-faster[5.5.1009~1-e4940]:DecodeUtteranceLatticeFaster():decoder-wrappers.cc:375) Log-like per frame for utterance TE0449-TE0450_1-B.329 is -3.95984 over 71 frames.
TE0449-TE0450_1-B.331 ఆహా 
LOG (gmm-latgen-faster[5.5.1009~1-e4940]:DecodeUtteranceLatticeFaster():decoder-wrappers.cc:375) Log-like per frame for utterance TE0449-TE0450_1-B.331 is -3.14871 over 63 frames.
TE0449-TE0450_1-B.344 అవునా 
LOG (gmm-latgen-faster[5.5.1009~1-e4940]:DecodeUtteranceLatticeFaster():decoder-wrappers.cc:375) Log-like per frame for utterance TE0449-TE0450_1-B.344 is -3.62057 over 78 frames.
TE0449-TE0450_2-A.019 ఓ 
LOG (gmm-latgen-faster[5.5.1009~1-e4940]:DecodeUtteranceLatticeFaster():decoder-wrappers.cc:375) Log-like per frame for utterance TE0449-TE0450_2-A.019 is -3.2281 over 56 frames.
TE0449-TE0450_2-A.051 చివరికి 
LOG (gmm-latgen-faster[5.5.1009~1-e4940]:DecodeUtteranceLatticeFaster():decoder-wrappers.cc:375) Log-like per frame for utterance TE0449-TE0450_2-A.051 is -3.58357 over 103 frames.
TE0449-TE0450_2-A.071 అందరికి ఇష్టమే 
LOG (gmm-latgen-faster[5.5.1009~1-e4940]:DecodeUtteranceLatticeFaster():decoder-wrappers.cc:375) Log-like per frame for utterance TE0449-TE0450_2-A.071 is -4.14417 over 108 frames.
TE0449-TE0450_2-A.081 నువ్వు చెప్పినవి చాలా భయంకరంగా ఉంటాయి ర బాబు అవ్వి 
LOG (gmm-latgen-faster[5.5.1009~1-e4940]:DecodeUtteranceLatticeFaster():decoder-wrappers.cc:375) Log-like per frame for utterance TE0449-TE0450_2-A.081 is -3.87803 over 248 frames.
TE0449-TE0450_2-A.099 రోతగా ఉన్నాయి 
LOG (gmm-latgen-faster[5.5.1009~1-e4940]:DecodeUtteranceLatticeFaster():decoder-wrappers.cc:375) Log-like per frame for utterance TE0449-TE0450_2-A.099 is -3.69809 over 134 frames.
TE0449-TE0450_2-A.139 ఆ ఎవరికీ చెప్పుకోలేని పరిస్థితి ఆ విషయం 
LOG (gmm-latgen-faster[5.5.1009~1-e4940]:DecodeUtteranceLatticeFaster():decoder-wrappers.cc:375) Log-like per frame for utterance TE0449-TE0450_2-A.139 is -3.88637 over 273 frames.
TE0449-TE0450_2-A.150 ఇంకేంటి 
LOG (gmm-latgen-faster[5.5.1009~1-e4940]:DecodeUtteranceLatticeFaster():decoder-wrappers.cc:375) Log-like per frame for utterance TE0449-TE0450_2-A.150 is -3.89871 over 114 frames.
TE0449-TE0450_2-A.233 సరే 
LOG (gmm-latgen-faster[5.5.1009~1-e4940]:DecodeUtteranceLatticeFaster():decoder-wrappers.cc:375) Log-like per frame for utterance TE0449-TE0450_2-A.233 is -3.64894 over 82 frames.
TE0449-TE0450_2-B.035 ఇంకా రాడు 
LOG (gmm-latgen-faster[5.5.1009~1-e4940]:DecodeUtteranceLatticeFaster():decoder-wrappers.cc:375) Log-like per frame for utterance TE0449-TE0450_2-B.035 is -3.75782 over 101 frames.
TE0449-TE0450_2-B.037 ఇంకా రాడు 
LOG (gmm-latgen-faster[5.5.1009~1-e4940]:DecodeUtteranceLatticeFaster():decoder-wrappers.cc:375) Log-like per frame for utterance TE0449-TE0450_2-B.037 is -3.69369 over 98 frames.
TE0449-TE0450_2-B.070 అలా 
LOG (gmm-latgen-faster[5.5.1009~1-e4940]:DecodeUtteranceLatticeFaster():decoder-wrappers.cc:375) Log-like per frame for utterance TE0449-TE0450_2-B.070 is -3.08975 over 84 frames.
TE0449-TE0450_2-B.071 వాళ్ళ అన్నయ్య కొడుకు 
LOG (gmm-latgen-faster[5.5.1009~1-e4940]:DecodeUtteranceLatticeFaster():decoder-wrappers.cc:375) Log-like per frame for utterance TE0449-TE0450_2-B.071 is -3.74598 over 162 frames.
TE0449-TE0450_2-B.076 వాళ్ళు వెళ్తుండగా ఇంకా 
LOG (gmm-latgen-faster[5.5.1009~1-e4940]:DecodeUtteranceLatticeFaster():decoder-wrappers.cc:375) Log-like per frame for utterance TE0449-TE0450_2-B.076 is -3.85937 over 230 frames.
TE0449-TE0450_2-B.084 ఒక 
LOG (gmm-latgen-faster[5.5.1009~1-e4940]:DecodeUtteranceLatticeFaster():decoder-wrappers.cc:375) Log-like per frame for utterance TE0449-TE0450_2-B.084 is -3.0976 over 86 frames.
TE0449-TE0450_2-B.107 వాళ్ళ తండ్రి 
LOG (gmm-latgen-faster[5.5.1009~1-e4940]:DecodeUtteranceLatticeFaster():decoder-wrappers.cc:375) Log-like per frame for utterance TE0449-TE0450_2-B.107 is -4.12541 over 134 frames.
TE0449-TE0450_2-B.113 వీళ్ళిద్దరు కలిసి 
LOG (gmm-latgen-faster[5.5.1009~1-e4940]:DecodeUtteranceLatticeFaster():decoder-wrappers.cc:375) Log-like per frame for utterance TE0449-TE0450_2-B.113 is -3.98087 over 134 frames.
TE0449-TE0450_2-B.149 వీళ్ళ ముగ్గురు వెళ్తుండగా 
LOG (gmm-latgen-faster[5.5.1009~1-e4940]:DecodeUtteranceLatticeFaster():decoder-wrappers.cc:375) Log-like per frame for utterance TE0449-TE0450_2-B.149 is -4.01533 over 152 frames.
TE0449-TE0450_2-B.154 ఒక ఒక ఒక 
LOG (gmm-latgen-faster[5.5.1009~1-e4940]:DecodeUtteranceLatticeFaster():decoder-wrappers.cc:375) Log-like per frame for utterance TE0449-TE0450_2-B.154 is -3.82749 over 237 frames.
TE0449-TE0450_2-B.156 ఒక 
LOG (gmm-latgen-faster[5.5.1009~1-e4940]:DecodeUtteranceLatticeFaster():decoder-wrappers.cc:375) Log-like per frame for utterance TE0449-TE0450_2-B.156 is -3.12621 over 93 frames.
TE0449-TE0450_2-B.190 అలా అది 
LOG (gmm-latgen-faster[5.5.1009~1-e4940]:DecodeUtteranceLatticeFaster():decoder-wrappers.cc:375) Log-like per frame for utterance TE0449-TE0450_2-B.190 is -4.02497 over 105 frames.
TE0449-TE0450_2-B.226 నువ్వేం చూసావ్ 
LOG (gmm-latgen-faster[5.5.1009~1-e4940]:DecodeUtteranceLatticeFaster():decoder-wrappers.cc:375) Log-like per frame for utterance TE0449-TE0450_2-B.226 is -4.02833 over 94 frames.
TE0449-TE0450_2-B.280 దేనికి 
LOG (gmm-latgen-faster[5.5.1009~1-e4940]:DecodeUtteranceLatticeFaster():decoder-wrappers.cc:375) Log-like per frame for utterance TE0449-TE0450_2-B.280 is -4.17806 over 94 frames.
TE0449-TE0450_2-B.284 ఇంకేంటి మీ ఇంట్లో అందరు బాగున్నారా 
LOG (gmm-latgen-faster[5.5.1009~1-e4940]:DecodeUtteranceLatticeFaster():decoder-wrappers.cc:375) Log-like per frame for utterance TE0449-TE0450_2-B.284 is -3.68723 over 249 frames.
TE0449-TE0450_2-B.314 అందరు ఎలా ఉన్నారు 
LOG (gmm-latgen-faster[5.5.1009~1-e4940]:DecodeUtteranceLatticeFaster():decoder-wrappers.cc:375) Log-like per frame for utterance TE0449-TE0450_2-B.314 is -3.50453 over 103 frames.
TE0449-TE0450_2-B.335 చాలా మంచిగా చూయించారు 
LOG (gmm-latgen-faster[5.5.1009~1-e4940]:DecodeUtteranceLatticeFaster():decoder-wrappers.cc:375) Log-like per frame for utterance TE0449-TE0450_2-B.335 is -3.87909 over 177 frames.
TE0449-TE0450_2-B.354 ఎం చేద్దాం 
LOG (gmm-latgen-faster[5.5.1009~1-e4940]:DecodeUtteranceLatticeFaster():decoder-wrappers.cc:375) Log-like per frame for utterance TE0449-TE0450_2-B.354 is -3.91695 over 126 frames.
TE0449-TE0450_2-B.367 నిన్ను 
LOG (gmm-latgen-faster[5.5.1009~1-e4940]:DecodeUtteranceLatticeFaster():decoder-wrappers.cc:375) Log-like per frame for utterance TE0449-TE0450_2-B.367 is -3.92958 over 102 frames.
TE0449-TE0450_2-B.369 స్నేహం మధ్యలో ఇలాంటియి ఉండకూడదు మనకి 
LOG (gmm-latgen-faster[5.5.1009~1-e4940]:DecodeUtteranceLatticeFaster():decoder-wrappers.cc:375) Log-like per frame for utterance TE0449-TE0450_2-B.369 is -3.6241 over 378 frames.
TE0449-TE0450_2-B.388 అవునా 
LOG (gmm-latgen-faster[5.5.1009~1-e4940]:DecodeUtteranceLatticeFaster():decoder-wrappers.cc:375) Log-like per frame for utterance TE0449-TE0450_2-B.388 is -3.5245 over 83 frames.
TE0449-TE0450_2-B.419 అవును అప్పుడు మీ వోల్లందరితో కలిసి చేసాం కదా 
LOG (gmm-latgen-faster[5.5.1009~1-e4940]:DecodeUtteranceLatticeFaster():decoder-wrappers.cc:375) Log-like per frame for utterance TE0449-TE0450_2-B.419 is -3.59676 over 376 frames.
TE0449-TE0450_2-B.423 అప్పుడు నువ్వు 
LOG (gmm-latgen-faster[5.5.1009~1-e4940]:DecodeUtteranceLatticeFaster():decoder-wrappers.cc:375) Log-like per frame for utterance TE0449-TE0450_2-B.423 is -4.16785 over 121 frames.
TE0449-TE0451_1-A.059 నువ్వు ఎప్పుడు వైజాగ్ ఎళ్ళావా 
LOG (gmm-latgen-faster[5.5.1009~1-e4940]:DecodeUtteranceLatticeFaster():decoder-wrappers.cc:375) Log-like per frame for utterance TE0449-TE0451_1-A.059 is -3.56393 over 177 frames.
TE0449-TE0451_1-A.071 ఇంకా 
LOG (gmm-latgen-faster[5.5.1009~1-e4940]:DecodeUtteranceLatticeFaster():decoder-wrappers.cc:375) Log-like per frame for utterance TE0449-TE0451_1-A.071 is -2.87245 over 94 frames.
TE0449-TE0451_1-A.089 రావచ్చు 
LOG (gmm-latgen-faster[5.5.1009~1-e4940]:DecodeUtteranceLatticeFaster():decoder-wrappers.cc:375) Log-like per frame for utterance TE0449-TE0451_1-A.089 is -3.94473 over 91 frames.
TE0449-TE0451_1-A.191 అవునా 
LOG (gmm-latgen-faster[5.5.1009~1-e4940]:DecodeUtteranceLatticeFaster():decoder-wrappers.cc:375) Log-like per frame for utterance TE0449-TE0451_1-A.191 is -3.78948 over 78 frames.
TE0449-TE0451_1-A.209 చాలా బావుంటది 
LOG (gmm-latgen-faster[5.5.1009~1-e4940]:DecodeUtteranceLatticeFaster():decoder-wrappers.cc:375) Log-like per frame for utterance TE0449-TE0451_1-A.209 is -3.66019 over 114 frames.
TE0449-TE0451_1-A.219 ఇంకా 
LOG (gmm-latgen-faster[5.5.1009~1-e4940]:DecodeUtteranceLatticeFaster():decoder-wrappers.cc:375) Log-like per frame for utterance TE0449-TE0451_1-A.219 is -3.22043 over 73 frames.
TE0449-TE0451_1-A.232 అందుకే 
LOG (gmm-latgen-faster[5.5.1009~1-e4940]:DecodeUtteranceLatticeFaster():decoder-wrappers.cc:375) Log-like per frame for utterance TE0449-TE0451_1-A.232 is -3.67814 over 96 frames.
TE0449-TE0451_1-A.240 ఎలా ఉంది 
LOG (gmm-latgen-faster[5.5.1009~1-e4940]:DecodeUtteranceLatticeFaster():decoder-wrappers.cc:375) Log-like per frame for utterance TE0449-TE0451_1-A.240 is -3.53392 over 112 frames.
TE0449-TE0451_1-A.246 చూడలేదా 
LOG (gmm-latgen-faster[5.5.1009~1-e4940]:DecodeUtteranceLatticeFaster():decoder-wrappers.cc:375) Log-like per frame for utterance TE0449-TE0451_1-A.246 is -3.48759 over 76 frames.
TE0449-TE0451_1-A.268 వాళ్ళు 
LOG (gmm-latgen-faster[5.5.1009~1-e4940]:DecodeUtteranceLatticeFaster():decoder-wrappers.cc:375) Log-like per frame for utterance TE0449-TE0451_1-A.268 is -3.19155 over 104 frames.
TE0449-TE0451_1-A.275 అది 
LOG (gmm-latgen-faster[5.5.1009~1-e4940]:DecodeUtteranceLatticeFaster():decoder-wrappers.cc:375) Log-like per frame for utterance TE0449-TE0451_1-A.275 is -3.01692 over 103 frames.
TE0449-TE0451_1-A.340 ఇంకా ఏంటంటే 
LOG (gmm-latgen-faster[5.5.1009~1-e4940]:DecodeUtteranceLatticeFaster():decoder-wrappers.cc:375) Log-like per frame for utterance TE0449-TE0451_1-A.340 is -3.2104 over 139 frames.
TE0449-TE0451_1-A.436 బండి 
LOG (gmm-latgen-faster[5.5.1009~1-e4940]:DecodeUtteranceLatticeFaster():decoder-wrappers.cc:375) Log-like per frame for utterance TE0449-TE0451_1-A.436 is -3.53945 over 107 frames.
TE0449-TE0451_1-B.004 నీ పేరు 
LOG (gmm-latgen-faster[5.5.1009~1-e4940]:DecodeUtteranceLatticeFaster():decoder-wrappers.cc:375) Log-like per frame for utterance TE0449-TE0451_1-B.004 is -4.30288 over 43 frames.
TE0449-TE0451_1-B.020 ఇంకేంటి 
LOG (gmm-latgen-faster[5.5.1009~1-e4940]:DecodeUtteranceLatticeFaster():decoder-wrappers.cc:375) Log-like per frame for utterance TE0449-TE0451_1-B.020 is -3.5858 over 72 frames.
TE0449-TE0451_1-B.032 చెప్పు 
LOG (gmm-latgen-faster[5.5.1009~1-e4940]:DecodeUtteranceLatticeFaster():decoder-wrappers.cc:375) Log-like per frame for utterance TE0449-TE0451_1-B.032 is -4.37442 over 56 frames.
TE0449-TE0451_1-B.034 అవునా ఎలా ఉంది 
LOG (gmm-latgen-faster[5.5.1009~1-e4940]:DecodeUtteranceLatticeFaster():decoder-wrappers.cc:375) Log-like per frame for utterance TE0449-TE0451_1-B.034 is -4.44605 over 131 frames.
TE0449-TE0451_1-B.038 అవునా 
LOG (gmm-latgen-faster[5.5.1009~1-e4940]:DecodeUtteranceLatticeFaster():decoder-wrappers.cc:375) Log-like per frame for utterance TE0449-TE0451_1-B.038 is -3.23213 over 83 frames.
TE0449-TE0451_1-B.102 అవునా 
LOG (gmm-latgen-faster[5.5.1009~1-e4940]:DecodeUtteranceLatticeFaster():decoder-wrappers.cc:375) Log-like per frame for utterance TE0449-TE0451_1-B.102 is -3.61662 over 102 frames.
TE0449-TE0451_1-B.110 ఇంకేంటి విశేషాలు 
LOG (gmm-latgen-faster[5.5.1009~1-e4940]:DecodeUtteranceLatticeFaster():decoder-wrappers.cc:375) Log-like per frame for utterance TE0449-TE0451_1-B.110 is -3.66332 over 156 frames.
TE0449-TE0451_1-B.112 రాజమండ్రిలో బాగుంటుందంట కదా 
LOG (gmm-latgen-faster[5.5.1009~1-e4940]:DecodeUtteranceLatticeFaster():decoder-wrappers.cc:375) Log-like per frame for utterance TE0449-TE0451_1-B.112 is -4.06488 over 321 frames.
TE0449-TE0451_1-B.116 కొంచెం చెప్పవా 
LOG (gmm-latgen-faster[5.5.1009~1-e4940]:DecodeUtteranceLatticeFaster():decoder-wrappers.cc:375) Log-like per frame for utterance TE0449-TE0451_1-B.116 is -4.04741 over 132 frames.
TE0449-TE0451_1-B.142 ఇంకేంటి విశేషాలు 
LOG (gmm-latgen-faster[5.5.1009~1-e4940]:DecodeUtteranceLatticeFaster():decoder-wrappers.cc:375) Log-like per frame for utterance TE0449-TE0451_1-B.142 is -3.76452 over 141 frames.
TE0449-TE0451_1-B.153 ఇంకేంటి స్కూల్లో 
LOG (gmm-latgen-faster[5.5.1009~1-e4940]:DecodeUtteranceLatticeFaster():decoder-wrappers.cc:375) Log-like per frame for utterance TE0449-TE0451_1-B.153 is -4.30949 over 201 frames.
TE0449-TE0451_1-B.155 అవునా 
LOG (gmm-latgen-faster[5.5.1009~1-e4940]:DecodeUtteranceLatticeFaster():decoder-wrappers.cc:375) Log-like per frame for utterance TE0449-TE0451_1-B.155 is -3.81591 over 96 frames.
TE0449-TE0451_1-B.196 ఇంకేంటి విశేషాలు 
LOG (gmm-latgen-faster[5.5.1009~1-e4940]:DecodeUtteranceLatticeFaster():decoder-wrappers.cc:375) Log-like per frame for utterance TE0449-TE0451_1-B.196 is -3.29849 over 138 frames.
TE0449-TE0451_1-B.205 అవునా 
LOG (gmm-latgen-faster[5.5.1009~1-e4940]:DecodeUtteranceLatticeFaster():decoder-wrappers.cc:375) Log-like per frame for utterance TE0449-TE0451_1-B.205 is -3.12943 over 123 frames.
TE0449-TE0451_1-B.221 అవునా 
LOG (gmm-latgen-faster[5.5.1009~1-e4940]:DecodeUtteranceLatticeFaster():decoder-wrappers.cc:375) Log-like per frame for utterance TE0449-TE0451_1-B.221 is -3.18994 over 93 frames.
TE0449-TE0451_1-B.225 ఇంకేంటి విశేషాలు 
LOG (gmm-latgen-faster[5.5.1009~1-e4940]:DecodeUtteranceLatticeFaster():decoder-wrappers.cc:375) Log-like per frame for utterance TE0449-TE0451_1-B.225 is -3.51021 over 139 frames.
TE0449-TE0451_1-B.241 అవునా 
LOG (gmm-latgen-faster[5.5.1009~1-e4940]:DecodeUtteranceLatticeFaster():decoder-wrappers.cc:375) Log-like per frame for utterance TE0449-TE0451_1-B.241 is -3.64148 over 105 frames.
TE0449-TE0451_1-B.249 అవునా 
LOG (gmm-latgen-faster[5.5.1009~1-e4940]:DecodeUtteranceLatticeFaster():decoder-wrappers.cc:375) Log-like per frame for utterance TE0449-TE0451_1-B.249 is -3.16221 over 106 frames.
TE0449-TE0451_1-B.260 చెప్పు 
LOG (gmm-latgen-faster[5.5.1009~1-e4940]:DecodeUtteranceLatticeFaster():decoder-wrappers.cc:375) Log-like per frame for utterance TE0449-TE0451_1-B.260 is -3.2149 over 107 frames.
TE0449-TE0451_1-B.280 ఒకటేనా ఉంది మరి 
LOG (gmm-latgen-faster[5.5.1009~1-e4940]:DecodeUtteranceLatticeFaster():decoder-wrappers.cc:375) Log-like per frame for utterance TE0449-TE0451_1-B.280 is -4.2092 over 127 frames.
TE0449-TE0451_1-B.296 ఇంకేంటి విశేషాలు 
LOG (gmm-latgen-faster[5.5.1009~1-e4940]:DecodeUtteranceLatticeFaster():decoder-wrappers.cc:375) Log-like per frame for utterance TE0449-TE0451_1-B.296 is -3.31901 over 102 frames.
TE0449-TE0451_1-B.324 అవునా 
LOG (gmm-latgen-faster[5.5.1009~1-e4940]:DecodeUtteranceLatticeFaster():decoder-wrappers.cc:375) Log-like per frame for utterance TE0449-TE0451_1-B.324 is -3.29659 over 91 frames.
TE0449-TE0451_1-B.330 ఇంకేంటి 
LOG (gmm-latgen-faster[5.5.1009~1-e4940]:DecodeUtteranceLatticeFaster():decoder-wrappers.cc:375) Log-like per frame for utterance TE0449-TE0451_1-B.330 is -3.5737 over 88 frames.
TE0449-TE0451_2-A.012 ఇంకేంటి విశేషాలు 
LOG (gmm-latgen-faster[5.5.1009~1-e4940]:DecodeUtteranceLatticeFaster():decoder-wrappers.cc:375) Log-like per frame for utterance TE0449-TE0451_2-A.012 is -3.87902 over 141 frames.
TE0449-TE0451_2-A.072 తప్పకుండా 
LOG (gmm-latgen-faster[5.5.1009~1-e4940]:DecodeUtteranceLatticeFaster():decoder-wrappers.cc:375) Log-like per frame for utterance TE0449-TE0451_2-A.072 is -4.04342 over 124 frames.
TE0449-TE0451_2-A.077 ఎ సీరియల్ అంటే బాగా ఇష్టం నీకు 
LOG (gmm-latgen-faster[5.5.1009~1-e4940]:DecodeUtteranceLatticeFaster():decoder-wrappers.cc:375) Log-like per frame for utterance TE0449-TE0451_2-A.077 is -4.34769 over 173 frames.
TE0449-TE0451_2-A.081 మరీ 
LOG (gmm-latgen-faster[5.5.1009~1-e4940]:DecodeUtteranceLatticeFaster():decoder-wrappers.cc:375) Log-like per frame for utterance TE0449-TE0451_2-A.081 is -3.3902 over 124 frames.
TE0449-TE0451_2-A.106 అవును 
LOG (gmm-latgen-faster[5.5.1009~1-e4940]:DecodeUtteranceLatticeFaster():decoder-wrappers.cc:375) Log-like per frame for utterance TE0449-TE0451_2-A.106 is -3.34272 over 99 frames.
TE0449-TE0451_2-A.146 ఇంకా 
LOG (gmm-latgen-faster[5.5.1009~1-e4940]:DecodeUtteranceLatticeFaster():decoder-wrappers.cc:375) Log-like per frame for utterance TE0449-TE0451_2-A.146 is -3.36935 over 79 frames.
TE0449-TE0451_2-A.182 ఇంకా 
LOG (gmm-latgen-faster[5.5.1009~1-e4940]:DecodeUtteranceLatticeFaster():decoder-wrappers.cc:375) Log-like per frame for utterance TE0449-TE0451_2-A.182 is -3.72024 over 57 frames.
TE0449-TE0451_2-A.205 ఇంకేముంది నువ్వే చెప్పాలి 
LOG (gmm-latgen-faster[5.5.1009~1-e4940]:DecodeUtteranceLatticeFaster():decoder-wrappers.cc:375) Log-like per frame for utterance TE0449-TE0451_2-A.205 is -3.78328 over 162 frames.
TE0449-TE0451_2-A.207 లేదు 
LOG (gmm-latgen-faster[5.5.1009~1-e4940]:DecodeUtteranceLatticeFaster():decoder-wrappers.cc:375) Log-like per frame for utterance TE0449-TE0451_2-A.207 is -3.51252 over 57 frames.
TE0449-TE0451_2-A.259 ఇంకా 
LOG (gmm-latgen-faster[5.5.1009~1-e4940]:DecodeUtteranceLatticeFaster():decoder-wrappers.cc:375) Log-like per frame for utterance TE0449-TE0451_2-A.259 is -3.05905 over 54 frames.
TE0449-TE0451_2-B.004 ఎలా ఉన్నావ్ 
LOG (gmm-latgen-faster[5.5.1009~1-e4940]:DecodeUtteranceLatticeFaster():decoder-wrappers.cc:375) Log-like per frame for utterance TE0449-TE0451_2-B.004 is -3.65375 over 74 frames.
TE0449-TE0451_2-B.023 అది ఇప్పుడూ 
LOG (gmm-latgen-faster[5.5.1009~1-e4940]:DecodeUtteranceLatticeFaster():decoder-wrappers.cc:375) Log-like per frame for utterance TE0449-TE0451_2-B.023 is -3.6368 over 121 frames.
TE0449-TE0451_2-B.061 నాకసలే ఏ విషయం తెలియదు 
LOG (gmm-latgen-faster[5.5.1009~1-e4940]:DecodeUtteranceLatticeFaster():decoder-wrappers.cc:375) Log-like per frame for utterance TE0449-TE0451_2-B.061 is -4.22265 over 211 frames.
TE0449-TE0451_2-B.069 అక్కడ మోరంపూడిలో అనేసి తెలిసింది 
LOG (gmm-latgen-faster[5.5.1009~1-e4940]:DecodeUtteranceLatticeFaster():decoder-wrappers.cc:375) Log-like per frame for utterance TE0449-TE0451_2-B.069 is -4.1477 over 258 frames.
TE0449-TE0451_2-B.076 ఇంకేంటి విశేషాలు 
LOG (gmm-latgen-faster[5.5.1009~1-e4940]:DecodeUtteranceLatticeFaster():decoder-wrappers.cc:375) Log-like per frame for utterance TE0449-TE0451_2-B.076 is -3.66288 over 126 frames.
TE0449-TE0451_2-B.089 అది మాత్రం ఒద్ధూ 
LOG (gmm-latgen-faster[5.5.1009~1-e4940]:DecodeUtteranceLatticeFaster():decoder-wrappers.cc:375) Log-like per frame for utterance TE0449-TE0451_2-B.089 is -3.92136 over 139 frames.
TE0449-TE0451_2-B.105 వాళ్ళు 
LOG (gmm-latgen-faster[5.5.1009~1-e4940]:DecodeUtteranceLatticeFaster():decoder-wrappers.cc:375) Log-like per frame for utterance TE0449-TE0451_2-B.105 is -3.83831 over 97 frames.
TE0449-TE0451_2-B.110 అయితే 
LOG (gmm-latgen-faster[5.5.1009~1-e4940]:DecodeUtteranceLatticeFaster():decoder-wrappers.cc:375) Log-like per frame for utterance TE0449-TE0451_2-B.110 is -4.00506 over 71 frames.
TE0449-TE0451_2-B.127 వాళ్ళు కూడా ఇది చూసి 
LOG (gmm-latgen-faster[5.5.1009~1-e4940]:DecodeUtteranceLatticeFaster():decoder-wrappers.cc:375) Log-like per frame for utterance TE0449-TE0451_2-B.127 is -4.1079 over 233 frames.
TE0449-TE0451_2-B.130 వాళ్ళు కూడా 
LOG (gmm-latgen-faster[5.5.1009~1-e4940]:DecodeUtteranceLatticeFaster():decoder-wrappers.cc:375) Log-like per frame for utterance TE0449-TE0451_2-B.130 is -4.62882 over 108 frames.
TE0449-TE0451_2-B.133 బాగుంటుంది మరైతే చాలా బాగా నచ్చి 
LOG (gmm-latgen-faster[5.5.1009~1-e4940]:DecodeUtteranceLatticeFaster():decoder-wrappers.cc:375) Log-like per frame for utterance TE0449-TE0451_2-B.133 is -4.31753 over 221 frames.
TE0449-TE0451_2-B.134 నచ్చింది నాకైతే 
LOG (gmm-latgen-faster[5.5.1009~1-e4940]:DecodeUtteranceLatticeFaster():decoder-wrappers.cc:375) Log-like per frame for utterance TE0449-TE0451_2-B.134 is -4.15414 over 125 frames.
TE0449-TE0451_2-B.142 చాలా బాగా చేస్తాను 
LOG (gmm-latgen-faster[5.5.1009~1-e4940]:DecodeUtteranceLatticeFaster():decoder-wrappers.cc:375) Log-like per frame for utterance TE0449-TE0451_2-B.142 is -4.20909 over 101 frames.
TE0449-TE0451_2-B.176 అప్పుడ్లో చిన్నారి పెళ్ళికూతురు ఇప్పుడు వస్తుంది కనీ 
LOG (gmm-latgen-faster[5.5.1009~1-e4940]:DecodeUtteranceLatticeFaster():decoder-wrappers.cc:375) Log-like per frame for utterance TE0449-TE0451_2-B.176 is -4.12245 over 356 frames.
TE0449-TE0451_2-B.205 అయితే 
LOG (gmm-latgen-faster[5.5.1009~1-e4940]:DecodeUtteranceLatticeFaster():decoder-wrappers.cc:375) Log-like per frame for utterance TE0449-TE0451_2-B.205 is -4.23527 over 62 frames.
TE0449-TE0451_2-B.229 ఇంకేంటి 
LOG (gmm-latgen-faster[5.5.1009~1-e4940]:DecodeUtteranceLatticeFaster():decoder-wrappers.cc:375) Log-like per frame for utterance TE0449-TE0451_2-B.229 is -4.51024 over 76 frames.
TE0449-TE0451_2-B.233 పిల్లలు అంటేనే చాలా ఇష్టం 
LOG (gmm-latgen-faster[5.5.1009~1-e4940]:DecodeUtteranceLatticeFaster():decoder-wrappers.cc:375) Log-like per frame for utterance TE0449-TE0451_2-B.233 is -4.48776 over 169 frames.
TE0449-TE0451_2-B.260 అంతేనా 
LOG (gmm-latgen-faster[5.5.1009~1-e4940]:DecodeUtteranceLatticeFaster():decoder-wrappers.cc:375) Log-like per frame for utterance TE0449-TE0451_2-B.260 is -3.80473 over 97 frames.
TE0449-TE0451_2-B.280 ఒకవేళ ఎవరినా వేస్తె అంటే మాత్రం చెత్త చేస్తాను మాత్రం వాళ్ళకి తెలిసిన వొళ్ళు అయితే చెప్తాను 
LOG (gmm-latgen-faster[5.5.1009~1-e4940]:DecodeUtteranceLatticeFaster():decoder-wrappers.cc:375) Log-like per frame for utterance TE0449-TE0451_2-B.280 is -4.07928 over 406 frames.
TE0449-TE0451_2-B.303 ఆహా 
LOG (gmm-latgen-faster[5.5.1009~1-e4940]:DecodeUtteranceLatticeFaster():decoder-wrappers.cc:375) Log-like per frame for utterance TE0449-TE0451_2-B.303 is -4.05743 over 92 frames.
TE0449-TE0451_2-B.308 బాగుంటుంది కదా 
LOG (gmm-latgen-faster[5.5.1009~1-e4940]:DecodeUtteranceLatticeFaster():decoder-wrappers.cc:375) Log-like per frame for utterance TE0449-TE0451_2-B.308 is -4.28421 over 127 frames.
TE0449-TE0451_2-B.317 చాలా బాగా చేసాను అయితే ఆరోజు ఆరోజు మా చాలా అన్నారు మా టీచర్స్ కూడా చాలా బాగా మెచ్చుకున్నారు 
LOG (gmm-latgen-faster[5.5.1009~1-e4940]:DecodeUtteranceLatticeFaster():decoder-wrappers.cc:375) Log-like per frame for utterance TE0449-TE0451_2-B.317 is -4.2851 over 624 frames.
TE0449-TE0451_2-B.319 డాన్స్ చాలా బాగా చేస్తాను 
LOG (gmm-latgen-faster[5.5.1009~1-e4940]:DecodeUtteranceLatticeFaster():decoder-wrappers.cc:375) Log-like per frame for utterance TE0449-TE0451_2-B.319 is -3.90751 over 202 frames.
TE0449-TE0451_2-B.327 నాకు స్వీట్ అంటే కలాకండ్ అంటే చాలా ఇష్టం 
LOG (gmm-latgen-faster[5.5.1009~1-e4940]:DecodeUtteranceLatticeFaster():decoder-wrappers.cc:375) Log-like per frame for utterance TE0449-TE0451_2-B.327 is -4.10075 over 266 frames.
TE0449-TE0451_2-B.330 ఆ హాట్ లో మాత్రం ఉన్న 
LOG (gmm-latgen-faster[5.5.1009~1-e4940]:DecodeUtteranceLatticeFaster():decoder-wrappers.cc:375) Log-like per frame for utterance TE0449-TE0451_2-B.330 is -3.72608 over 205 frames.
TE0449-TE0451_2-B.333 చికెన్ కర్రీ 
LOG (gmm-latgen-faster[5.5.1009~1-e4940]:DecodeUtteranceLatticeFaster():decoder-wrappers.cc:375) Log-like per frame for utterance TE0449-TE0451_2-B.333 is -4.04113 over 129 frames.
TE0449-TE0451_2-B.334 ఆలూ కర్రీ 
LOG (gmm-latgen-faster[5.5.1009~1-e4940]:DecodeUtteranceLatticeFaster():decoder-wrappers.cc:375) Log-like per frame for utterance TE0449-TE0451_2-B.334 is -3.92826 over 99 frames.
TE0449-TE0451_2-B.343 బాగుంటుంది 
LOG (gmm-latgen-faster[5.5.1009~1-e4940]:DecodeUtteranceLatticeFaster():decoder-wrappers.cc:375) Log-like per frame for utterance TE0449-TE0451_2-B.343 is -3.63172 over 117 frames.
TE0449-TE0451_2-B.351 చెప్పు ఇంకేంటి విశేషాలు 
LOG (gmm-latgen-faster[5.5.1009~1-e4940]:DecodeUtteranceLatticeFaster():decoder-wrappers.cc:375) Log-like per frame for utterance TE0449-TE0451_2-B.351 is -3.8924 over 152 frames.
TE0449-TE0451_2-B.353 ఆ నేనే చెప్పాలి అంటే 
LOG (gmm-latgen-faster[5.5.1009~1-e4940]:DecodeUtteranceLatticeFaster():decoder-wrappers.cc:375) Log-like per frame for utterance TE0449-TE0451_2-B.353 is -3.4536 over 243 frames.
TE0449-TE0451_2-B.358 అవునా ఖచ్చితంగా ఈ సారి చూద్దువు గాని 
LOG (gmm-latgen-faster[5.5.1009~1-e4940]:DecodeUtteranceLatticeFaster():decoder-wrappers.cc:375) Log-like per frame for utterance TE0449-TE0451_2-B.358 is -4.27433 over 320 frames.
TE0449-TE0451_2-B.382 ఇంకేంటి విశేషాలు 
LOG (gmm-latgen-faster[5.5.1009~1-e4940]:DecodeUtteranceLatticeFaster():decoder-wrappers.cc:375) Log-like per frame for utterance TE0449-TE0451_2-B.382 is -3.73263 over 147 frames.
TE0449-TE0451_2-B.397 అయితే 
LOG (gmm-latgen-faster[5.5.1009~1-e4940]:DecodeUtteranceLatticeFaster():decoder-wrappers.cc:375) Log-like per frame for utterance TE0449-TE0451_2-B.397 is -3.62555 over 101 frames.
TE0449-TE0451_2-B.406 మొత్తానికి మానేసాను 
LOG (gmm-latgen-faster[5.5.1009~1-e4940]:DecodeUtteranceLatticeFaster():decoder-wrappers.cc:375) Log-like per frame for utterance TE0449-TE0451_2-B.406 is -3.97042 over 152 frames.
TE0449-TE0451_2-B.464 సరే అయితే పని చేస్తుంది కదా 
LOG (gmm-latgen-faster[5.5.1009~1-e4940]:DecodeUtteranceLatticeFaster():decoder-wrappers.cc:375) Log-like per frame for utterance TE0449-TE0451_2-B.464 is -4.3036 over 169 frames.
TE0449-TE0451_2-B.470 వీళ్ళు అక్కడికి వెళ్ళడం జరిగింది 
LOG (gmm-latgen-faster[5.5.1009~1-e4940]:DecodeUtteranceLatticeFaster():decoder-wrappers.cc:375) Log-like per frame for utterance TE0449-TE0451_2-B.470 is -4.23238 over 197 frames.
TE0449-TE0451_2-B.471 వెళ్ళిన తర్వాత 
LOG (gmm-latgen-faster[5.5.1009~1-e4940]:DecodeUtteranceLatticeFaster():decoder-wrappers.cc:375) Log-like per frame for utterance TE0449-TE0451_2-B.471 is -3.80315 over 132 frames.
TE0450-TE0452_1-A.012 కొత్త సినిమాలు ఎమన్నా చూసావా 
LOG (gmm-latgen-faster[5.5.1009~1-e4940]:DecodeUtteranceLatticeFaster():decoder-wrappers.cc:375) Log-like per frame for utterance TE0450-TE0452_1-A.012 is -3.76943 over 138 frames.
TE0450-TE0452_1-A.020 ఆ బ్రాహ్మణుడు 
LOG (gmm-latgen-faster[5.5.1009~1-e4940]:DecodeUtteranceLatticeFaster():decoder-wrappers.cc:375) Log-like per frame for utterance TE0450-TE0452_1-A.020 is -3.43755 over 133 frames.
TE0450-TE0452_1-A.037 ఒకరోజు 
LOG (gmm-latgen-faster[5.5.1009~1-e4940]:DecodeUtteranceLatticeFaster():decoder-wrappers.cc:375) Log-like per frame for utterance TE0450-TE0452_1-A.037 is -3.81241 over 107 frames.
TE0450-TE0452_1-A.056 అవునా 
LOG (gmm-latgen-faster[5.5.1009~1-e4940]:DecodeUtteranceLatticeFaster():decoder-wrappers.cc:375) Log-like per frame for utterance TE0450-TE0452_1-A.056 is -2.93212 over 75 frames.
TE0450-TE0452_1-A.064 తమ్ముడా 
LOG (gmm-latgen-faster[5.5.1009~1-e4940]:DecodeUtteranceLatticeFaster():decoder-wrappers.cc:375) Log-like per frame for utterance TE0450-TE0452_1-A.064 is -3.61962 over 91 frames.
TE0450-TE0452_1-A.080 దాని గురించి చూస్తాడు 
LOG (gmm-latgen-faster[5.5.1009~1-e4940]:DecodeUtteranceLatticeFaster():decoder-wrappers.cc:375) Log-like per frame for utterance TE0450-TE0452_1-A.080 is -4.08666 over 99 frames.
TE0450-TE0452_1-A.084 అక్క ప్రస్తుతం కూడా ఇంట్లో కాళీగానే ఉంది 
LOG (gmm-latgen-faster[5.5.1009~1-e4940]:DecodeUtteranceLatticeFaster():decoder-wrappers.cc:375) Log-like per frame for utterance TE0450-TE0452_1-A.084 is -3.84727 over 198 frames.
TE0450-TE0452_1-A.090 అవును మంచిదే 
LOG (gmm-latgen-faster[5.5.1009~1-e4940]:DecodeUtteranceLatticeFaster():decoder-wrappers.cc:375) Log-like per frame for utterance TE0450-TE0452_1-A.090 is -3.48058 over 117 frames.
TE0450-TE0452_1-A.106 ఇంకేంటి అవునా 
LOG (gmm-latgen-faster[5.5.1009~1-e4940]:DecodeUtteranceLatticeFaster():decoder-wrappers.cc:375) Log-like per frame for utterance TE0450-TE0452_1-A.106 is -3.34536 over 213 frames.
TE0450-TE0452_1-A.110 అవునా 
LOG (gmm-latgen-faster[5.5.1009~1-e4940]:DecodeUtteranceLatticeFaster():decoder-wrappers.cc:375) Log-like per frame for utterance TE0450-TE0452_1-A.110 is -2.99232 over 126 frames.
TE0450-TE0452_1-A.128 అంత బాగుంటుంది 
LOG (gmm-latgen-faster[5.5.1009~1-e4940]:DecodeUtteranceLatticeFaster():decoder-wrappers.cc:375) Log-like per frame for utterance TE0450-TE0452_1-A.128 is -3.4534 over 182 frames.
TE0450-TE0452_1-A.151 అవ్వి అవన్నీ పూర్తయితే 
LOG (gmm-latgen-faster[5.5.1009~1-e4940]:DecodeUtteranceLatticeFaster():decoder-wrappers.cc:375) Log-like per frame for utterance TE0450-TE0452_1-A.151 is -3.55101 over 162 frames.
TE0450-TE0452_1-A.164 అంటే మూడు రోజులు నాలుగు రోజులు ఉంటుంది 
LOG (gmm-latgen-faster[5.5.1009~1-e4940]:DecodeUtteranceLatticeFaster():decoder-wrappers.cc:375) Log-like per frame for utterance TE0450-TE0452_1-A.164 is -4.06542 over 178 frames.
TE0450-TE0452_1-A.169 అన్నీ చేసాను 
LOG (gmm-latgen-faster[5.5.1009~1-e4940]:DecodeUtteranceLatticeFaster():decoder-wrappers.cc:375) Log-like per frame for utterance TE0450-TE0452_1-A.169 is -3.6504 over 129 frames.
TE0450-TE0452_1-A.176 అది అందరికి ఇష్టం నాకు కూడా ఇష్టం అదీ 
LOG (gmm-latgen-faster[5.5.1009~1-e4940]:DecodeUtteranceLatticeFaster():decoder-wrappers.cc:375) Log-like per frame for utterance TE0450-TE0452_1-A.176 is -4.08891 over 247 frames.
TE0450-TE0452_1-A.200 నేను వాడు చిన్నపట్నుంచి 
LOG (gmm-latgen-faster[5.5.1009~1-e4940]:DecodeUtteranceLatticeFaster():decoder-wrappers.cc:375) Log-like per frame for utterance TE0450-TE0452_1-A.200 is -3.79976 over 215 frames.
TE0450-TE0452_1-A.220 చాల బాగుంటుంది 
LOG (gmm-latgen-faster[5.5.1009~1-e4940]:DecodeUtteranceLatticeFaster():decoder-wrappers.cc:375) Log-like per frame for utterance TE0450-TE0452_1-A.220 is -3.47745 over 113 frames.
TE0450-TE0452_1-A.231 జుమంజి అని చెప్పేసి 
LOG (gmm-latgen-faster[5.5.1009~1-e4940]:DecodeUtteranceLatticeFaster():decoder-wrappers.cc:375) Log-like per frame for utterance TE0450-TE0452_1-A.231 is -3.76937 over 158 frames.
TE0450-TE0452_1-A.234 ఒక 
LOG (gmm-latgen-faster[5.5.1009~1-e4940]:DecodeUtteranceLatticeFaster():decoder-wrappers.cc:375) Log-like per frame for utterance TE0450-TE0452_1-A.234 is -3.53591 over 93 frames.
TE0450-TE0452_1-A.246 ఇంకా 
LOG (gmm-latgen-faster[5.5.1009~1-e4940]:DecodeUtteranceLatticeFaster():decoder-wrappers.cc:375) Log-like per frame for utterance TE0450-TE0452_1-A.246 is -3.43102 over 161 frames.
TE0450-TE0452_1-A.253 ఇంట్లో వాళ్ళందరూ 
LOG (gmm-latgen-faster[5.5.1009~1-e4940]:DecodeUtteranceLatticeFaster():decoder-wrappers.cc:375) Log-like per frame for utterance TE0450-TE0452_1-A.253 is -3.29432 over 141 frames.
TE0450-TE0452_1-A.256 అని చెప్పేసి చెప్పారు 
LOG (gmm-latgen-faster[5.5.1009~1-e4940]:DecodeUtteranceLatticeFaster():decoder-wrappers.cc:375) Log-like per frame for utterance TE0450-TE0452_1-A.256 is -3.67361 over 147 frames.
TE0450-TE0452_1-A.258 అంటే ఇంకా 
LOG (gmm-latgen-faster[5.5.1009~1-e4940]:DecodeUtteranceLatticeFaster():decoder-wrappers.cc:375) Log-like per frame for utterance TE0450-TE0452_1-A.258 is -2.88027 over 126 frames.
TE0450-TE0452_1-A.274 అంతే ఇంకా 
LOG (gmm-latgen-faster[5.5.1009~1-e4940]:DecodeUtteranceLatticeFaster():decoder-wrappers.cc:375) Log-like per frame for utterance TE0450-TE0452_1-A.274 is -3.7812 over 95 frames.
TE0450-TE0452_1-A.280 నేనింట్లో ఉంటున్నాను 
LOG (gmm-latgen-faster[5.5.1009~1-e4940]:DecodeUtteranceLatticeFaster():decoder-wrappers.cc:375) Log-like per frame for utterance TE0450-TE0452_1-A.280 is -3.12892 over 207 frames.
TE0450-TE0452_1-A.291 కానీ బాగుంటుంది 
LOG (gmm-latgen-faster[5.5.1009~1-e4940]:DecodeUtteranceLatticeFaster():decoder-wrappers.cc:375) Log-like per frame for utterance TE0450-TE0452_1-A.291 is -3.53188 over 153 frames.
TE0450-TE0452_1-A.321 ఇంకేంటి విశేషాలు 
LOG (gmm-latgen-faster[5.5.1009~1-e4940]:DecodeUtteranceLatticeFaster():decoder-wrappers.cc:375) Log-like per frame for utterance TE0450-TE0452_1-A.321 is -3.9065 over 134 frames.
TE0450-TE0452_1-A.325 అంటే నేను 
LOG (gmm-latgen-faster[5.5.1009~1-e4940]:DecodeUtteranceLatticeFaster():decoder-wrappers.cc:375) Log-like per frame for utterance TE0450-TE0452_1-A.325 is -3.34527 over 82 frames.
TE0450-TE0452_1-A.335 ఇంకిప్పుడు అలాగా నేను అది కూడా 
LOG (gmm-latgen-faster[5.5.1009~1-e4940]:DecodeUtteranceLatticeFaster():decoder-wrappers.cc:375) Log-like per frame for utterance TE0450-TE0452_1-A.335 is -3.46015 over 193 frames.
TE0450-TE0452_1-A.343 బండి కొందాము అని ఆలోచిస్తున్నాను 
LOG (gmm-latgen-faster[5.5.1009~1-e4940]:DecodeUtteranceLatticeFaster():decoder-wrappers.cc:375) Log-like per frame for utterance TE0450-TE0452_1-A.343 is -3.56242 over 174 frames.
TE0450-TE0452_1-A.365 చాలా బాగుండేది 
LOG (gmm-latgen-faster[5.5.1009~1-e4940]:DecodeUtteranceLatticeFaster():decoder-wrappers.cc:375) Log-like per frame for utterance TE0450-TE0452_1-A.365 is -3.46049 over 97 frames.
TE0450-TE0452_1-A.456 బాగా ఇంకా 
LOG (gmm-latgen-faster[5.5.1009~1-e4940]:DecodeUtteranceLatticeFaster():decoder-wrappers.cc:375) Log-like per frame for utterance TE0450-TE0452_1-A.456 is -3.44845 over 133 frames.
TE0450-TE0452_1-B.075 నువ్వే చెప్పాలి 
LOG (gmm-latgen-faster[5.5.1009~1-e4940]:DecodeUtteranceLatticeFaster():decoder-wrappers.cc:375) Log-like per frame for utterance TE0450-TE0452_1-B.075 is -3.60055 over 134 frames.
TE0450-TE0452_1-B.130 బాగుంటది 
LOG (gmm-latgen-faster[5.5.1009~1-e4940]:DecodeUtteranceLatticeFaster():decoder-wrappers.cc:375) Log-like per frame for utterance TE0450-TE0452_1-B.130 is -3.89599 over 101 frames.
TE0450-TE0452_1-B.174 బాగా ఎక్కువగా చేసేది ఎవర్తోటి 
LOG (gmm-latgen-faster[5.5.1009~1-e4940]:DecodeUtteranceLatticeFaster():decoder-wrappers.cc:375) Log-like per frame for utterance TE0450-TE0452_1-B.174 is -3.68376 over 196 frames.
TE0450-TE0452_1-B.184 హైదరాబాద్ కదా 
LOG (gmm-latgen-faster[5.5.1009~1-e4940]:DecodeUtteranceLatticeFaster():decoder-wrappers.cc:375) Log-like per frame for utterance TE0450-TE0452_1-B.184 is -3.51637 over 98 frames.
TE0450-TE0452_2-A.036 అవును 
LOG (gmm-latgen-faster[5.5.1009~1-e4940]:DecodeUtteranceLatticeFaster():decoder-wrappers.cc:375) Log-like per frame for utterance TE0450-TE0452_2-A.036 is -3.22869 over 74 frames.
TE0450-TE0452_2-A.038 అవును ఇంకా చాలా తెల్సుకుంటం 
LOG (gmm-latgen-faster[5.5.1009~1-e4940]:DecodeUtteranceLatticeFaster():decoder-wrappers.cc:375) Log-like per frame for utterance TE0450-TE0452_2-A.038 is -3.84647 over 183 frames.
TE0450-TE0452_2-A.053 బిర్యానీ ఎలా చేస్తారు 
LOG (gmm-latgen-faster[5.5.1009~1-e4940]:DecodeUtteranceLatticeFaster():decoder-wrappers.cc:375) Log-like per frame for utterance TE0450-TE0452_2-A.053 is -3.83217 over 176 frames.
TE0450-TE0452_2-A.059 మరి చెప్పు 
LOG (gmm-latgen-faster[5.5.1009~1-e4940]:DecodeUtteranceLatticeFaster():decoder-wrappers.cc:375) Log-like per frame for utterance TE0450-TE0452_2-A.059 is -3.58284 over 108 frames.
TE0450-TE0452_2-A.090 భయం 
LOG (gmm-latgen-faster[5.5.1009~1-e4940]:DecodeUtteranceLatticeFaster():decoder-wrappers.cc:375) Log-like per frame for utterance TE0450-TE0452_2-A.090 is -3.88144 over 90 frames.
TE0450-TE0452_2-A.100 అవునా 
LOG (gmm-latgen-faster[5.5.1009~1-e4940]:DecodeUtteranceLatticeFaster():decoder-wrappers.cc:375) Log-like per frame for utterance TE0450-TE0452_2-A.100 is -3.00014 over 138 frames.
TE0450-TE0452_2-A.142 అవునా 
LOG (gmm-latgen-faster[5.5.1009~1-e4940]:DecodeUtteranceLatticeFaster():decoder-wrappers.cc:375) Log-like per frame for utterance TE0450-TE0452_2-A.142 is -2.83401 over 98 frames.
TE0450-TE0452_2-A.157 ఏ ఎందుకు అలాగ అనుకుంటున్నావ్ 
LOG (gmm-latgen-faster[5.5.1009~1-e4940]:DecodeUtteranceLatticeFaster():decoder-wrappers.cc:375) Log-like per frame for utterance TE0450-TE0452_2-A.157 is -3.51528 over 193 frames.
TE0450-TE0452_2-A.171 నీ చిన్నప్పుడు విషయాలు కొని చెప్పు 
LOG (gmm-latgen-faster[5.5.1009~1-e4940]:DecodeUtteranceLatticeFaster():decoder-wrappers.cc:375) Log-like per frame for utterance TE0450-TE0452_2-A.171 is -3.85422 over 193 frames.
TE0450-TE0452_2-A.187 అక్కడ 
LOG (gmm-latgen-faster[5.5.1009~1-e4940]:DecodeUtteranceLatticeFaster():decoder-wrappers.cc:375) Log-like per frame for utterance TE0450-TE0452_2-A.187 is -3.70958 over 98 frames.
TE0450-TE0452_2-B.006 నేన్ చాలా బాగున్నాను 
LOG (gmm-latgen-faster[5.5.1009~1-e4940]:DecodeUtteranceLatticeFaster():decoder-wrappers.cc:375) Log-like per frame for utterance TE0450-TE0452_2-B.006 is -3.838 over 178 frames.
TE0450-TE0452_2-B.068 చాలా 
LOG (gmm-latgen-faster[5.5.1009~1-e4940]:DecodeUtteranceLatticeFaster():decoder-wrappers.cc:375) Log-like per frame for utterance TE0450-TE0452_2-B.068 is -3.39939 over 72 frames.
TE0450-TE0452_2-B.083 బాగా 
LOG (gmm-latgen-faster[5.5.1009~1-e4940]:DecodeUtteranceLatticeFaster():decoder-wrappers.cc:375) Log-like per frame for utterance TE0450-TE0452_2-B.083 is -3.45346 over 52 frames.
TE0450-TE0452_2-B.085 నాకా 
LOG (gmm-latgen-faster[5.5.1009~1-e4940]:DecodeUtteranceLatticeFaster():decoder-wrappers.cc:375) Log-like per frame for utterance TE0450-TE0452_2-B.085 is -3.8232 over 64 frames.
TE0450-TE0452_2-B.087 సేమియా అంటే చాలా ఇష్టం 
LOG (gmm-latgen-faster[5.5.1009~1-e4940]:DecodeUtteranceLatticeFaster():decoder-wrappers.cc:375) Log-like per frame for utterance TE0450-TE0452_2-B.087 is -3.7356 over 139 frames.
TE0450-TE0452_2-B.109 నాకా 
LOG (gmm-latgen-faster[5.5.1009~1-e4940]:DecodeUtteranceLatticeFaster():decoder-wrappers.cc:375) Log-like per frame for utterance TE0450-TE0452_2-B.109 is -4.28507 over 64 frames.
TE0450-TE0452_2-B.147 అన్నీ 
LOG (gmm-latgen-faster[5.5.1009~1-e4940]:DecodeUtteranceLatticeFaster():decoder-wrappers.cc:375) Log-like per frame for utterance TE0450-TE0452_2-B.147 is -4.00276 over 71 frames.
TE0450-TE0452_2-B.193 తమ్ముడున్నాడు 
LOG (gmm-latgen-faster[5.5.1009~1-e4940]:DecodeUtteranceLatticeFaster():decoder-wrappers.cc:375) Log-like per frame for utterance TE0450-TE0452_2-B.193 is -3.56233 over 127 frames.
TE0450-TE0452_2-B.197 తమ్ముడు అంటే నాకు చాల ఇష్టం 
LOG (gmm-latgen-faster[5.5.1009~1-e4940]:DecodeUtteranceLatticeFaster():decoder-wrappers.cc:375) Log-like per frame for utterance TE0450-TE0452_2-B.197 is -3.85784 over 202 frames.
TE0450-TE0452_2-B.198 నేను థానే ఇంట్లో 
LOG (gmm-latgen-faster[5.5.1009~1-e4940]:DecodeUtteranceLatticeFaster():decoder-wrappers.cc:375) Log-like per frame for utterance TE0450-TE0452_2-B.198 is -3.75476 over 168 frames.
TE0450-TE0452_2-B.199 బాగా అల్లరి చేస్తాం 
LOG (gmm-latgen-faster[5.5.1009~1-e4940]:DecodeUtteranceLatticeFaster():decoder-wrappers.cc:375) Log-like per frame for utterance TE0450-TE0452_2-B.199 is -3.728 over 167 frames.
TE0450-TE0452_2-B.208 మా ఇంట్లో విశేషాలు అంటే 
LOG (gmm-latgen-faster[5.5.1009~1-e4940]:DecodeUtteranceLatticeFaster():decoder-wrappers.cc:375) Log-like per frame for utterance TE0450-TE0452_2-B.208 is -3.69977 over 185 frames.
TE0450-TE0452_2-B.209 ఎం చెప్పాలి 
LOG (gmm-latgen-faster[5.5.1009~1-e4940]:DecodeUtteranceLatticeFaster():decoder-wrappers.cc:375) Log-like per frame for utterance TE0450-TE0452_2-B.209 is -3.95236 over 117 frames.
TE0450-TE0452_2-B.213 తమ్ముడు ఉంటాం 
LOG (gmm-latgen-faster[5.5.1009~1-e4940]:DecodeUtteranceLatticeFaster():decoder-wrappers.cc:375) Log-like per frame for utterance TE0450-TE0452_2-B.213 is -3.61135 over 112 frames.
TE0450-TE0452_2-B.239 ఎక్కువగా నేర్చుకున్నాం 
LOG (gmm-latgen-faster[5.5.1009~1-e4940]:DecodeUtteranceLatticeFaster():decoder-wrappers.cc:375) Log-like per frame for utterance TE0450-TE0452_2-B.239 is -3.85698 over 156 frames.
TE0450-TE0452_2-B.294 ఆ చుట్టాలున్నారు అమీర్ పేట లో ఉన్నారు 
LOG (gmm-latgen-faster[5.5.1009~1-e4940]:DecodeUtteranceLatticeFaster():decoder-wrappers.cc:375) Log-like per frame for utterance TE0450-TE0452_2-B.294 is -3.90179 over 242 frames.
TE0450-TE0452_2-B.315 కాని మనం అనుకొలేని విషయాలు మనకి తెలుస్తుం వల్ల చాలా నష్టపొతనాం మనకుం 
LOG (gmm-latgen-faster[5.5.1009~1-e4940]:DecodeUtteranceLatticeFaster():decoder-wrappers.cc:375) Log-like per frame for utterance TE0450-TE0452_2-B.315 is -3.76345 over 552 frames.
TE0450-TE0452_2-B.322 తెలుసుకోవచ్చు 
LOG (gmm-latgen-faster[5.5.1009~1-e4940]:DecodeUtteranceLatticeFaster():decoder-wrappers.cc:375) Log-like per frame for utterance TE0450-TE0452_2-B.322 is -3.85711 over 136 frames.
TE0450-TE0452_2-B.366 మా హ 
LOG (gmm-latgen-faster[5.5.1009~1-e4940]:DecodeUtteranceLatticeFaster():decoder-wrappers.cc:375) Log-like per frame for utterance TE0450-TE0452_2-B.366 is -3.65865 over 78 frames.
TE0450-TE0452_2-B.375 ఆ రంపచోడవరం దాటి గోకవరం ఉన్నాది కదా అక్కడ 
LOG (gmm-latgen-faster[5.5.1009~1-e4940]:DecodeUtteranceLatticeFaster():decoder-wrappers.cc:375) Log-like per frame for utterance TE0450-TE0452_2-B.375 is -4.01223 over 313 frames.
TE0450-TE0452_2-B.388 ఖాళిగా ఉన్న సమయంలో మ్యూజిక్ వింటాను 
LOG (gmm-latgen-faster[5.5.1009~1-e4940]:DecodeUtteranceLatticeFaster():decoder-wrappers.cc:375) Log-like per frame for utterance TE0450-TE0452_2-B.388 is -3.55713 over 304 frames.
TE0450-TE0452_2-B.389 బుక్ రీడింగ్ చేస్తాను 
LOG (gmm-latgen-faster[5.5.1009~1-e4940]:DecodeUtteranceLatticeFaster():decoder-wrappers.cc:375) Log-like per frame for utterance TE0450-TE0452_2-B.389 is -3.70607 over 174 frames.
TE0450-TE0452_2-B.407 నాక సుడిగాలి సుదీర్ అంటే చాలా ఇష్టం ఆయన చేసిన జోక్స్ అంటే నాకు చాలా ఇష్టం 
LOG (gmm-latgen-faster[5.5.1009~1-e4940]:DecodeUtteranceLatticeFaster():decoder-wrappers.cc:375) Log-like per frame for utterance TE0450-TE0452_2-B.407 is -3.74431 over 549 frames.
TE0451-TE0452_1-A.024 అవునా 
LOG (gmm-latgen-faster[5.5.1009~1-e4940]:DecodeUtteranceLatticeFaster():decoder-wrappers.cc:375) Log-like per frame for utterance TE0451-TE0452_1-A.024 is -3.17706 over 58 frames.
TE0451-TE0452_1-A.028 ఇంకేంటి 
LOG (gmm-latgen-faster[5.5.1009~1-e4940]:DecodeUtteranceLatticeFaster():decoder-wrappers.cc:375) Log-like per frame for utterance TE0451-TE0452_1-A.028 is -4.13088 over 90 frames.
TE0451-TE0452_1-A.030 నేనె చెప్పాలా ఎం చెప్పాలి 
LOG (gmm-latgen-faster[5.5.1009~1-e4940]:DecodeUtteranceLatticeFaster():decoder-wrappers.cc:375) Log-like per frame for utterance TE0451-TE0452_1-A.030 is -3.83257 over 144 frames.
TE0451-TE0452_1-A.071 చెప్పు 
LOG (gmm-latgen-faster[5.5.1009~1-e4940]:DecodeUtteranceLatticeFaster():decoder-wrappers.cc:375) Log-like per frame for utterance TE0451-TE0452_1-A.071 is -3.70112 over 44 frames.
TE0451-TE0452_1-A.073 ఇంకేంటి చప్పాలి నువ్వే 
LOG (gmm-latgen-faster[5.5.1009~1-e4940]:DecodeUtteranceLatticeFaster():decoder-wrappers.cc:375) Log-like per frame for utterance TE0451-TE0452_1-A.073 is -3.99741 over 141 frames.
TE0451-TE0452_1-A.077 సరే అయితే ఇంకేంటి విశేషాలు 
LOG (gmm-latgen-faster[5.5.1009~1-e4940]:DecodeUtteranceLatticeFaster():decoder-wrappers.cc:375) Log-like per frame for utterance TE0451-TE0452_1-A.077 is -3.7972 over 234 frames.
TE0451-TE0452_1-A.079 అవునా 
LOG (gmm-latgen-faster[5.5.1009~1-e4940]:DecodeUtteranceLatticeFaster():decoder-wrappers.cc:375) Log-like per frame for utterance TE0451-TE0452_1-A.079 is -3.01946 over 74 frames.
TE0451-TE0452_1-A.081 మా ఇంటిలో ఒక్కటే 
LOG (gmm-latgen-faster[5.5.1009~1-e4940]:DecodeUtteranceLatticeFaster():decoder-wrappers.cc:375) Log-like per frame for utterance TE0451-TE0452_1-A.081 is -3.71137 over 142 frames.
TE0451-TE0452_1-A.082 ఇద్దరు పిల్లలు 
LOG (gmm-latgen-faster[5.5.1009~1-e4940]:DecodeUtteranceLatticeFaster():decoder-wrappers.cc:375) Log-like per frame for utterance TE0451-TE0452_1-A.082 is -4.04195 over 159 frames.
TE0451-TE0452_1-A.084 ఆ 
LOG (gmm-latgen-faster[5.5.1009~1-e4940]:DecodeUtteranceLatticeFaster():decoder-wrappers.cc:375) Log-like per frame for utterance TE0451-TE0452_1-A.084 is -3.77423 over 84 frames.
TE0451-TE0452_1-A.126 ఇంకేంటి విశేషాలు 
LOG (gmm-latgen-faster[5.5.1009~1-e4940]:DecodeUtteranceLatticeFaster():decoder-wrappers.cc:375) Log-like per frame for utterance TE0451-TE0452_1-A.126 is -3.76045 over 136 frames.
TE0451-TE0452_1-A.128 ఆ నాకు మా ఇంట్లో మా అక్క ఉంటుంది మా అక్కంటే నాకు చాలా ఇష్టం 
LOG (gmm-latgen-faster[5.5.1009~1-e4940]:DecodeUtteranceLatticeFaster():decoder-wrappers.cc:375) Log-like per frame for utterance TE0451-TE0452_1-A.128 is -4.23966 over 395 frames.
TE0451-TE0452_1-A.131 అయితే 
LOG (gmm-latgen-faster[5.5.1009~1-e4940]:DecodeUtteranceLatticeFaster():decoder-wrappers.cc:375) Log-like per frame for utterance TE0451-TE0452_1-A.131 is -4.03478 over 96 frames.
TE0451-TE0452_1-A.194 చాలా బోంటది కదా 
LOG (gmm-latgen-faster[5.5.1009~1-e4940]:DecodeUtteranceLatticeFaster():decoder-wrappers.cc:375) Log-like per frame for utterance TE0451-TE0452_1-A.194 is -3.8055 over 163 frames.
TE0451-TE0452_1-A.209 అవునా 
LOG (gmm-latgen-faster[5.5.1009~1-e4940]:DecodeUtteranceLatticeFaster():decoder-wrappers.cc:375) Log-like per frame for utterance TE0451-TE0452_1-A.209 is -2.65116 over 106 frames.
TE0451-TE0452_1-A.218 ఇంకేంటి 
LOG (gmm-latgen-faster[5.5.1009~1-e4940]:DecodeUtteranceLatticeFaster():decoder-wrappers.cc:375) Log-like per frame for utterance TE0451-TE0452_1-A.218 is -3.80749 over 111 frames.
TE0451-TE0452_1-A.231 ఇంకేంటి 
LOG (gmm-latgen-faster[5.5.1009~1-e4940]:DecodeUtteranceLatticeFaster():decoder-wrappers.cc:375) Log-like per frame for utterance TE0451-TE0452_1-A.231 is -3.62458 over 118 frames.
TE0451-TE0452_1-A.239 వైజాగ్ వేల్లోచ్చ వస్తావా 
LOG (gmm-latgen-faster[5.5.1009~1-e4940]:DecodeUtteranceLatticeFaster():decoder-wrappers.cc:375) Log-like per frame for utterance TE0451-TE0452_1-A.239 is -4.34873 over 174 frames.
TE0451-TE0452_1-A.241 అవునా 
LOG (gmm-latgen-faster[5.5.1009~1-e4940]:DecodeUtteranceLatticeFaster():decoder-wrappers.cc:375) Log-like per frame for utterance TE0451-TE0452_1-A.241 is -3.56314 over 104 frames.
TE0451-TE0452_1-A.247 అక్కడ 
LOG (gmm-latgen-faster[5.5.1009~1-e4940]:DecodeUtteranceLatticeFaster():decoder-wrappers.cc:375) Log-like per frame for utterance TE0451-TE0452_1-A.247 is -3.30919 over 102 frames.
TE0451-TE0452_1-A.250 గుర్తురావట్లేదు గాని 
LOG (gmm-latgen-faster[5.5.1009~1-e4940]:DecodeUtteranceLatticeFaster():decoder-wrappers.cc:375) Log-like per frame for utterance TE0451-TE0452_1-A.250 is -4.59029 over 137 frames.
TE0451-TE0452_1-A.251 అ ఊర్లో కూడా 
LOG (gmm-latgen-faster[5.5.1009~1-e4940]:DecodeUtteranceLatticeFaster():decoder-wrappers.cc:375) Log-like per frame for utterance TE0451-TE0452_1-A.251 is -3.85805 over 134 frames.
TE0451-TE0452_1-A.253 అంతే హ భీమిలి భీమిలి బీచ్ 
LOG (gmm-latgen-faster[5.5.1009~1-e4940]:DecodeUtteranceLatticeFaster():decoder-wrappers.cc:375) Log-like per frame for utterance TE0451-TE0452_1-A.253 is -4.35739 over 208 frames.
TE0451-TE0452_1-A.254 భీమిలి బీచ్ సూపర్ ఉంటది బాగుంటది 
LOG (gmm-latgen-faster[5.5.1009~1-e4940]:DecodeUtteranceLatticeFaster():decoder-wrappers.cc:375) Log-like per frame for utterance TE0451-TE0452_1-A.254 is -3.94369 over 261 frames.
TE0451-TE0452_1-A.256 ఆ వడ పార్క్ బాగుంటుంది 
LOG (gmm-latgen-faster[5.5.1009~1-e4940]:DecodeUtteranceLatticeFaster():decoder-wrappers.cc:375) Log-like per frame for utterance TE0451-TE0452_1-A.256 is -3.78372 over 227 frames.
TE0451-TE0452_1-A.270 జూ పార్క్ అక్కడ అన్ని తిరిగి వచ్చిన తర్వాత 
LOG (gmm-latgen-faster[5.5.1009~1-e4940]:DecodeUtteranceLatticeFaster():decoder-wrappers.cc:375) Log-like per frame for utterance TE0451-TE0452_1-A.270 is -4.28976 over 314 frames.
TE0451-TE0452_1-A.272 కైలాస గిరి లొ బాగా ఎంజాయ్ చేసిన తర్వాత 
LOG (gmm-latgen-faster[5.5.1009~1-e4940]:DecodeUtteranceLatticeFaster():decoder-wrappers.cc:375) Log-like per frame for utterance TE0451-TE0452_1-A.272 is -4.15832 over 274 frames.
TE0451-TE0452_1-A.274 కైలాస గిరి లొ బాగా ఎంజాయ్ చేసిన తర్వాత ఆర్ కే బీచ్ 
LOG (gmm-latgen-faster[5.5.1009~1-e4940]:DecodeUtteranceLatticeFaster():decoder-wrappers.cc:375) Log-like per frame for utterance TE0451-TE0452_1-A.274 is -4.22333 over 344 frames.
TE0451-TE0452_1-A.278 ఇంకేంటి 
LOG (gmm-latgen-faster[5.5.1009~1-e4940]:DecodeUtteranceLatticeFaster():decoder-wrappers.cc:375) Log-like per frame for utterance TE0451-TE0452_1-A.278 is -3.78825 over 101 frames.
TE0451-TE0452_1-A.280 హ హ్యాపీ అంటే ఇంతే కదా 
LOG (gmm-latgen-faster[5.5.1009~1-e4940]:DecodeUtteranceLatticeFaster():decoder-wrappers.cc:375) Log-like per frame for utterance TE0451-TE0452_1-A.280 is -4.07279 over 202 frames.
TE0451-TE0452_1-A.295 అంతే 
LOG (gmm-latgen-faster[5.5.1009~1-e4940]:DecodeUtteranceLatticeFaster():decoder-wrappers.cc:375) Log-like per frame for utterance TE0451-TE0452_1-A.295 is -3.9549 over 88 frames.
TE0451-TE0452_1-A.308 అయితే వాళ్ళు కూడా ఒప్పుకున్నారు 
LOG (gmm-latgen-faster[5.5.1009~1-e4940]:DecodeUtteranceLatticeFaster():decoder-wrappers.cc:375) Log-like per frame for utterance TE0451-TE0452_1-A.308 is -4.21755 over 164 frames.
TE0451-TE0452_1-A.370 అవునా మరి నన్ను ఎందుకు పిలవలేదు 
LOG (gmm-latgen-faster[5.5.1009~1-e4940]:DecodeUtteranceLatticeFaster():decoder-wrappers.cc:375) Log-like per frame for utterance TE0451-TE0452_1-A.370 is -3.97231 over 257 frames.
TE0451-TE0452_1-A.375 అవునా 
LOG (gmm-latgen-faster[5.5.1009~1-e4940]:DecodeUtteranceLatticeFaster():decoder-wrappers.cc:375) Log-like per frame for utterance TE0451-TE0452_1-A.375 is -3.54357 over 146 frames.
TE0451-TE0452_1-A.422 అవునా 
LOG (gmm-latgen-faster[5.5.1009~1-e4940]:DecodeUtteranceLatticeFaster():decoder-wrappers.cc:375) Log-like per frame for utterance TE0451-TE0452_1-A.422 is -2.86761 over 133 frames.
TE0451-TE0452_1-B.018 నూ మీరే చెప్పాలి 
LOG (gmm-latgen-faster[5.5.1009~1-e4940]:DecodeUtteranceLatticeFaster():decoder-wrappers.cc:375) Log-like per frame for utterance TE0451-TE0452_1-B.018 is -3.73407 over 133 frames.
TE0451-TE0452_1-B.053 విషయాలేంటి 
LOG (gmm-latgen-faster[5.5.1009~1-e4940]:DecodeUtteranceLatticeFaster():decoder-wrappers.cc:375) Log-like per frame for utterance TE0451-TE0452_1-B.053 is -3.5415 over 134 frames.
TE0451-TE0452_1-B.065 చేస్తావా 
LOG (gmm-latgen-faster[5.5.1009~1-e4940]:DecodeUtteranceLatticeFaster():decoder-wrappers.cc:375) Log-like per frame for utterance TE0451-TE0452_1-B.065 is -3.47671 over 104 frames.
TE0451-TE0452_1-B.086 చదువుకున్నా ఏం చదువుకున్నావ్ 
LOG (gmm-latgen-faster[5.5.1009~1-e4940]:DecodeUtteranceLatticeFaster():decoder-wrappers.cc:375) Log-like per frame for utterance TE0451-TE0452_1-B.086 is -3.58771 over 168 frames.
TE0451-TE0452_1-B.099 ఆ వచ్చాను 
LOG (gmm-latgen-faster[5.5.1009~1-e4940]:DecodeUtteranceLatticeFaster():decoder-wrappers.cc:375) Log-like per frame for utterance TE0451-TE0452_1-B.099 is -3.49873 over 95 frames.
TE0451-TE0452_1-B.182 ఏదన్న అంటే ఏది అంటే ఇష్టం ఇంట్రెస్ట్ 
LOG (gmm-latgen-faster[5.5.1009~1-e4940]:DecodeUtteranceLatticeFaster():decoder-wrappers.cc:375) Log-like per frame for utterance TE0451-TE0452_1-B.182 is -3.98526 over 202 frames.
TE0451-TE0452_1-B.185 టీచర్ చేస్తావా 
LOG (gmm-latgen-faster[5.5.1009~1-e4940]:DecodeUtteranceLatticeFaster():decoder-wrappers.cc:375) Log-like per frame for utterance TE0451-TE0452_1-B.185 is -3.42339 over 157 frames.
TE0451-TE0452_1-B.188 జాబు వస్తే వెళ్తావా 
LOG (gmm-latgen-faster[5.5.1009~1-e4940]:DecodeUtteranceLatticeFaster():decoder-wrappers.cc:375) Log-like per frame for utterance TE0451-TE0452_1-B.188 is -3.73188 over 147 frames.
TE0451-TE0452_1-B.215 మిరే చెప్పి భోజనం చేసావా 
LOG (gmm-latgen-faster[5.5.1009~1-e4940]:DecodeUtteranceLatticeFaster():decoder-wrappers.cc:375) Log-like per frame for utterance TE0451-TE0452_1-B.215 is -3.88229 over 181 frames.
TE0451-TE0452_2-A.006 బంగాళదుంప 
LOG (gmm-latgen-faster[5.5.1009~1-e4940]:DecodeUtteranceLatticeFaster():decoder-wrappers.cc:375) Log-like per frame for utterance TE0451-TE0452_2-A.006 is -3.91745 over 104 frames.
TE0451-TE0452_2-A.031 అందుకు ఆలోచిస్తున్నాను ఏం చెయ్యాలన్నది 
LOG (gmm-latgen-faster[5.5.1009~1-e4940]:DecodeUtteranceLatticeFaster():decoder-wrappers.cc:375) Log-like per frame for utterance TE0451-TE0452_2-A.031 is -3.6041 over 288 frames.
TE0451-TE0452_2-A.114 మా బ్రదరు 
LOG (gmm-latgen-faster[5.5.1009~1-e4940]:DecodeUtteranceLatticeFaster():decoder-wrappers.cc:375) Log-like per frame for utterance TE0451-TE0452_2-A.114 is -3.71217 over 101 frames.
TE0451-TE0452_2-A.255 బాగా మాట్లాడుతున్నాను 
LOG (gmm-latgen-faster[5.5.1009~1-e4940]:DecodeUtteranceLatticeFaster():decoder-wrappers.cc:375) Log-like per frame for utterance TE0451-TE0452_2-A.255 is -3.61418 over 169 frames.
TE0451-TE0452_2-A.257 అవును 
LOG (gmm-latgen-faster[5.5.1009~1-e4940]:DecodeUtteranceLatticeFaster():decoder-wrappers.cc:375) Log-like per frame for utterance TE0451-TE0452_2-A.257 is -3.11637 over 101 frames.
TE0451-TE0452_2-A.270 చూసి 
LOG (gmm-latgen-faster[5.5.1009~1-e4940]:DecodeUtteranceLatticeFaster():decoder-wrappers.cc:375) Log-like per frame for utterance TE0451-TE0452_2-A.270 is -3.90683 over 87 frames.
TE0451-TE0452_2-A.317 నాకా 
LOG (gmm-latgen-faster[5.5.1009~1-e4940]:DecodeUtteranceLatticeFaster():decoder-wrappers.cc:375) Log-like per frame for utterance TE0451-TE0452_2-A.317 is -3.45736 over 86 frames.
TE0451-TE0452_2-A.320 బాగా మాట్లాడేవోరు 
LOG (gmm-latgen-faster[5.5.1009~1-e4940]:DecodeUtteranceLatticeFaster():decoder-wrappers.cc:375) Log-like per frame for utterance TE0451-TE0452_2-A.320 is -3.60355 over 132 frames.
TE0451-TE0452_2-A.336 చాలా బాగా చే జరిగింది 
LOG (gmm-latgen-faster[5.5.1009~1-e4940]:DecodeUtteranceLatticeFaster():decoder-wrappers.cc:375) Log-like per frame for utterance TE0451-TE0452_2-A.336 is -3.54324 over 184 frames.
TE0451-TE0452_2-A.352 చాటింగ్ అన్నీ వెంక్ వెంకీ ఇంకేంటి 
LOG (gmm-latgen-faster[5.5.1009~1-e4940]:DecodeUtteranceLatticeFaster():decoder-wrappers.cc:375) Log-like per frame for utterance TE0451-TE0452_2-A.352 is -3.7623 over 212 frames.
TE0451-TE0452_2-A.354 మీ ఇంకా ఈ ఏం దుర్గా 
LOG (gmm-latgen-faster[5.5.1009~1-e4940]:DecodeUtteranceLatticeFaster():decoder-wrappers.cc:375) Log-like per frame for utterance TE0451-TE0452_2-A.354 is -3.6593 over 170 frames.
TE0451-TE0452_2-A.360 వల్లి 
LOG (gmm-latgen-faster[5.5.1009~1-e4940]:DecodeUtteranceLatticeFaster():decoder-wrappers.cc:375) Log-like per frame for utterance TE0451-TE0452_2-A.360 is -3.74855 over 67 frames.
TE0451-TE0452_2-B.020 అవునా 
LOG (gmm-latgen-faster[5.5.1009~1-e4940]:DecodeUtteranceLatticeFaster():decoder-wrappers.cc:375) Log-like per frame for utterance TE0451-TE0452_2-B.020 is -3.27425 over 101 frames.
TE0451-TE0452_2-B.049 అవునా 
LOG (gmm-latgen-faster[5.5.1009~1-e4940]:DecodeUtteranceLatticeFaster():decoder-wrappers.cc:375) Log-like per frame for utterance TE0451-TE0452_2-B.049 is -3.27791 over 95 frames.
TE0451-TE0452_2-B.080 చాలా బావుంది 
LOG (gmm-latgen-faster[5.5.1009~1-e4940]:DecodeUtteranceLatticeFaster():decoder-wrappers.cc:375) Log-like per frame for utterance TE0451-TE0452_2-B.080 is -3.74102 over 107 frames.
TE0451-TE0452_2-B.086 ఇంకేంటి విశేషాలు 
LOG (gmm-latgen-faster[5.5.1009~1-e4940]:DecodeUtteranceLatticeFaster():decoder-wrappers.cc:375) Log-like per frame for utterance TE0451-TE0452_2-B.086 is -3.48013 over 118 frames.
TE0451-TE0452_2-B.094 అవునా 
LOG (gmm-latgen-faster[5.5.1009~1-e4940]:DecodeUtteranceLatticeFaster():decoder-wrappers.cc:375) Log-like per frame for utterance TE0451-TE0452_2-B.094 is -2.9492 over 77 frames.
TE0451-TE0452_2-B.111 ఇంకేంటి చెప్పాలి 
LOG (gmm-latgen-faster[5.5.1009~1-e4940]:DecodeUtteranceLatticeFaster():decoder-wrappers.cc:375) Log-like per frame for utterance TE0451-TE0452_2-B.111 is -4.31964 over 123 frames.
TE0451-TE0452_2-B.123 అవునా 
LOG (gmm-latgen-faster[5.5.1009~1-e4940]:DecodeUtteranceLatticeFaster():decoder-wrappers.cc:375) Log-like per frame for utterance TE0451-TE0452_2-B.123 is -3.01706 over 74 frames.
TE0451-TE0452_2-B.131 అవునా 
LOG (gmm-latgen-faster[5.5.1009~1-e4940]:DecodeUtteranceLatticeFaster():decoder-wrappers.cc:375) Log-like per frame for utterance TE0451-TE0452_2-B.131 is -4.21239 over 47 frames.
TE0451-TE0452_2-B.135 అవునా 
LOG (gmm-latgen-faster[5.5.1009~1-e4940]:DecodeUtteranceLatticeFaster():decoder-wrappers.cc:375) Log-like per frame for utterance TE0451-TE0452_2-B.135 is -2.87478 over 81 frames.
TE0451-TE0452_2-B.159 ఇంకేంటి విశేషాలు 
LOG (gmm-latgen-faster[5.5.1009~1-e4940]:DecodeUtteranceLatticeFaster():decoder-wrappers.cc:375) Log-like per frame for utterance TE0451-TE0452_2-B.159 is -3.77941 over 122 frames.
TE0451-TE0452_2-B.165 మీ చెల్లి ఏం చేస్తుంది 
LOG (gmm-latgen-faster[5.5.1009~1-e4940]:DecodeUtteranceLatticeFaster():decoder-wrappers.cc:375) Log-like per frame for utterance TE0451-TE0452_2-B.165 is -4.21835 over 139 frames.
TE0451-TE0452_2-B.177 అవునా 
LOG (gmm-latgen-faster[5.5.1009~1-e4940]:DecodeUtteranceLatticeFaster():decoder-wrappers.cc:375) Log-like per frame for utterance TE0451-TE0452_2-B.177 is -2.70798 over 87 frames.
TE0451-TE0452_2-B.195 అవునా 
LOG (gmm-latgen-faster[5.5.1009~1-e4940]:DecodeUtteranceLatticeFaster():decoder-wrappers.cc:375) Log-like per frame for utterance TE0451-TE0452_2-B.195 is -2.86452 over 96 frames.
TE0451-TE0452_2-B.203 ఏదో ఒకటి చెప్పు 
LOG (gmm-latgen-faster[5.5.1009~1-e4940]:DecodeUtteranceLatticeFaster():decoder-wrappers.cc:375) Log-like per frame for utterance TE0451-TE0452_2-B.203 is -4.47503 over 116 frames.
TE0451-TE0452_2-B.217 ఇంకేంటి 
LOG (gmm-latgen-faster[5.5.1009~1-e4940]:DecodeUtteranceLatticeFaster():decoder-wrappers.cc:375) Log-like per frame for utterance TE0451-TE0452_2-B.217 is -3.43079 over 86 frames.
TE0451-TE0452_2-B.221 ఇంకేంటి విశేషాలు 
LOG (gmm-latgen-faster[5.5.1009~1-e4940]:DecodeUtteranceLatticeFaster():decoder-wrappers.cc:375) Log-like per frame for utterance TE0451-TE0452_2-B.221 is -3.38159 over 124 frames.
TE0451-TE0452_2-B.227 అవునా 
LOG (gmm-latgen-faster[5.5.1009~1-e4940]:DecodeUtteranceLatticeFaster():decoder-wrappers.cc:375) Log-like per frame for utterance TE0451-TE0452_2-B.227 is -2.8765 over 91 frames.
TE0451-TE0452_2-B.231 అవును 
LOG (gmm-latgen-faster[5.5.1009~1-e4940]:DecodeUtteranceLatticeFaster():decoder-wrappers.cc:375) Log-like per frame for utterance TE0451-TE0452_2-B.231 is -3.28467 over 58 frames.
TE0451-TE0452_2-B.233 సరే అయితే 
LOG (gmm-latgen-faster[5.5.1009~1-e4940]:DecodeUtteranceLatticeFaster():decoder-wrappers.cc:375) Log-like per frame for utterance TE0451-TE0452_2-B.233 is -3.51947 over 108 frames.
TE0451-TE0452_2-B.235 చెప్పు 
LOG (gmm-latgen-faster[5.5.1009~1-e4940]:DecodeUtteranceLatticeFaster():decoder-wrappers.cc:375) Log-like per frame for utterance TE0451-TE0452_2-B.235 is -4.02202 over 68 frames.
TE0451-TE0452_2-B.237 ఇంకేంటి విశేషాలు 
LOG (gmm-latgen-faster[5.5.1009~1-e4940]:DecodeUtteranceLatticeFaster():decoder-wrappers.cc:375) Log-like per frame for utterance TE0451-TE0452_2-B.237 is -3.42418 over 146 frames.
TE0451-TE0452_2-B.239 నె చెప్పు 
LOG (gmm-latgen-faster[5.5.1009~1-e4940]:DecodeUtteranceLatticeFaster():decoder-wrappers.cc:375) Log-like per frame for utterance TE0451-TE0452_2-B.239 is -4.3284 over 73 frames.
TE0453-TE0454_1-A.019 ఇంకా నువ్వే చెప్పాలి 
LOG (gmm-latgen-faster[5.5.1009~1-e4940]:DecodeUtteranceLatticeFaster():decoder-wrappers.cc:375) Log-like per frame for utterance TE0453-TE0454_1-A.019 is -3.93036 over 108 frames.
TE0453-TE0454_1-A.039 రిపేర్ 
LOG (gmm-latgen-faster[5.5.1009~1-e4940]:DecodeUtteranceLatticeFaster():decoder-wrappers.cc:375) Log-like per frame for utterance TE0453-TE0454_1-A.039 is -3.94117 over 62 frames.
TE0453-TE0454_1-B.195 అంటే మా ఇంట్లో ఎవరిని 
LOG (gmm-latgen-faster[5.5.1009~1-e4940]:DecodeUtteranceLatticeFaster():decoder-wrappers.cc:375) Log-like per frame for utterance TE0453-TE0454_1-B.195 is -3.7074 over 186 frames.
TE0453-TE0454_2-A.006 చెప్పండి 
LOG (gmm-latgen-faster[5.5.1009~1-e4940]:DecodeUtteranceLatticeFaster():decoder-wrappers.cc:375) Log-like per frame for utterance TE0453-TE0454_2-A.006 is -3.48238 over 78 frames.
TE0453-TE0454_2-A.033 అక్కడ చేస్తున్నాను అక్కడ ప్రస్తుతానికి 
LOG (gmm-latgen-faster[5.5.1009~1-e4940]:DecodeUtteranceLatticeFaster():decoder-wrappers.cc:375) Log-like per frame for utterance TE0453-TE0454_2-A.033 is -3.97405 over 238 frames.
TE0453-TE0454_2-A.048 ఆ తరువాత 
LOG (gmm-latgen-faster[5.5.1009~1-e4940]:DecodeUtteranceLatticeFaster():decoder-wrappers.cc:375) Log-like per frame for utterance TE0453-TE0454_2-A.048 is -3.82884 over 124 frames.
TE0453-TE0454_2-A.097 అక్కడ చేస్తాడు 
LOG (gmm-latgen-faster[5.5.1009~1-e4940]:DecodeUtteranceLatticeFaster():decoder-wrappers.cc:375) Log-like per frame for utterance TE0453-TE0454_2-A.097 is -4.11688 over 133 frames.
TE0453-TE0454_2-A.107 మా చెల్లి చదువుతుంద 
LOG (gmm-latgen-faster[5.5.1009~1-e4940]:DecodeUtteranceLatticeFaster():decoder-wrappers.cc:375) Log-like per frame for utterance TE0453-TE0454_2-A.107 is -3.74749 over 173 frames.
TE0453-TE0454_2-A.151 బండి తర్వాత నేను నేర్చుకున్నాను మా మావయ్య కూడా నాకు నేర్పాడు బండి 
LOG (gmm-latgen-faster[5.5.1009~1-e4940]:DecodeUtteranceLatticeFaster():decoder-wrappers.cc:375) Log-like per frame for utterance TE0453-TE0454_2-A.151 is -4.06494 over 338 frames.
TE0453-TE0454_2-A.153 మా మావయ్య తర్వాత నేర్పిచ్చి నాకు అలవాటు చేసాడు తర్వాత నేను నేర్చుకున్నాను పెద్ద బండి 
LOG (gmm-latgen-faster[5.5.1009~1-e4940]:DecodeUtteranceLatticeFaster():decoder-wrappers.cc:375) Log-like per frame for utterance TE0453-TE0454_2-A.153 is -4.18694 over 446 frames.
TE0453-TE0454_2-A.184 లేదు 
LOG (gmm-latgen-faster[5.5.1009~1-e4940]:DecodeUtteranceLatticeFaster():decoder-wrappers.cc:375) Log-like per frame for utterance TE0453-TE0454_2-A.184 is -3.36177 over 73 frames.
TE0453-TE0454_2-A.192 ఎక్కడ మనం 
LOG (gmm-latgen-faster[5.5.1009~1-e4940]:DecodeUtteranceLatticeFaster():decoder-wrappers.cc:375) Log-like per frame for utterance TE0453-TE0454_2-A.192 is -3.95224 over 91 frames.
TE0453-TE0454_2-A.198 నువ్వే చెప్పాలి 
LOG (gmm-latgen-faster[5.5.1009~1-e4940]:DecodeUtteranceLatticeFaster():decoder-wrappers.cc:375) Log-like per frame for utterance TE0453-TE0454_2-A.198 is -4.00038 over 87 frames.
TE0453-TE0454_2-A.220 ఇంకా 
LOG (gmm-latgen-faster[5.5.1009~1-e4940]:DecodeUtteranceLatticeFaster():decoder-wrappers.cc:375) Log-like per frame for utterance TE0453-TE0454_2-A.220 is -3.0589 over 97 frames.
TE0453-TE0454_2-A.252 లాంటివి తయారు చేస్తారు ఇంటికాడా 
LOG (gmm-latgen-faster[5.5.1009~1-e4940]:DecodeUtteranceLatticeFaster():decoder-wrappers.cc:375) Log-like per frame for utterance TE0453-TE0454_2-A.252 is -3.89666 over 172 frames.
TE0453-TE0454_2-A.277 అది 
LOG (gmm-latgen-faster[5.5.1009~1-e4940]:DecodeUtteranceLatticeFaster():decoder-wrappers.cc:375) Log-like per frame for utterance TE0453-TE0454_2-A.277 is -3.42371 over 78 frames.
TE0453-TE0454_2-A.347 ఆ ఇంటికి వస్తాడు 
LOG (gmm-latgen-faster[5.5.1009~1-e4940]:DecodeUtteranceLatticeFaster():decoder-wrappers.cc:375) Log-like per frame for utterance TE0453-TE0454_2-A.347 is -3.77167 over 123 frames.
TE0453-TE0454_2-A.395 అప్పుడు 
LOG (gmm-latgen-faster[5.5.1009~1-e4940]:DecodeUtteranceLatticeFaster():decoder-wrappers.cc:375) Log-like per frame for utterance TE0453-TE0454_2-A.395 is -3.92034 over 86 frames.
TE0453-TE0454_2-A.404 రెండు చేస్తాను 
LOG (gmm-latgen-faster[5.5.1009~1-e4940]:DecodeUtteranceLatticeFaster():decoder-wrappers.cc:375) Log-like per frame for utterance TE0453-TE0454_2-A.404 is -3.69824 over 108 frames.
TE0453-TE0454_2-A.423 వాళ్లైన చూసుకుంటారు 
LOG (gmm-latgen-faster[5.5.1009~1-e4940]:DecodeUtteranceLatticeFaster():decoder-wrappers.cc:375) Log-like per frame for utterance TE0453-TE0454_2-A.423 is -4.30158 over 139 frames.
TE0453-TE0454_2-A.437 అందులోని మాములు 
LOG (gmm-latgen-faster[5.5.1009~1-e4940]:DecodeUtteranceLatticeFaster():decoder-wrappers.cc:375) Log-like per frame for utterance TE0453-TE0454_2-A.437 is -3.27584 over 234 frames.
TE0453-TE0454_2-A.450 వేరే ఊరు లకి కూడా పంపిస్తారు 
LOG (gmm-latgen-faster[5.5.1009~1-e4940]:DecodeUtteranceLatticeFaster():decoder-wrappers.cc:375) Log-like per frame for utterance TE0453-TE0454_2-A.450 is -3.85291 over 253 frames.
TE0453-TE0454_2-A.488 చాలా బాగా చేస్సాడు బయ్య 
LOG (gmm-latgen-faster[5.5.1009~1-e4940]:DecodeUtteranceLatticeFaster():decoder-wrappers.cc:375) Log-like per frame for utterance TE0453-TE0454_2-A.488 is -3.69615 over 144 frames.
TE0453-TE0454_2-B.006 చెప్పు 
LOG (gmm-latgen-faster[5.5.1009~1-e4940]:DecodeUtteranceLatticeFaster():decoder-wrappers.cc:375) Log-like per frame for utterance TE0453-TE0454_2-B.006 is -3.67663 over 73 frames.
TE0453-TE0454_2-B.077 చుస్తునారు ఇంకా చూడలేదు 
LOG (gmm-latgen-faster[5.5.1009~1-e4940]:DecodeUtteranceLatticeFaster():decoder-wrappers.cc:375) Log-like per frame for utterance TE0453-TE0454_2-B.077 is -4.02388 over 159 frames.
TE0453-TE0454_2-B.113 చేస్తాడు కదా 
LOG (gmm-latgen-faster[5.5.1009~1-e4940]:DecodeUtteranceLatticeFaster():decoder-wrappers.cc:375) Log-like per frame for utterance TE0453-TE0454_2-B.113 is -4.38877 over 98 frames.
TE0453-TE0454_2-B.123 నాకు 
LOG (gmm-latgen-faster[5.5.1009~1-e4940]:DecodeUtteranceLatticeFaster():decoder-wrappers.cc:375) Log-like per frame for utterance TE0453-TE0454_2-B.123 is -4.30613 over 68 frames.
TE0453-TE0454_2-B.126 మా మామయ్య 
LOG (gmm-latgen-faster[5.5.1009~1-e4940]:DecodeUtteranceLatticeFaster():decoder-wrappers.cc:375) Log-like per frame for utterance TE0453-TE0454_2-B.126 is -4.39268 over 116 frames.
TE0453-TE0454_2-B.142 అంతే 
LOG (gmm-latgen-faster[5.5.1009~1-e4940]:DecodeUtteranceLatticeFaster():decoder-wrappers.cc:375) Log-like per frame for utterance TE0453-TE0454_2-B.142 is -3.89974 over 82 frames.
TE0453-TE0454_2-B.148 ఇంకేముంది 
LOG (gmm-latgen-faster[5.5.1009~1-e4940]:DecodeUtteranceLatticeFaster():decoder-wrappers.cc:375) Log-like per frame for utterance TE0453-TE0454_2-B.148 is -3.80638 over 88 frames.
TE0453-TE0454_2-B.164 ఇంకా 
LOG (gmm-latgen-faster[5.5.1009~1-e4940]:DecodeUtteranceLatticeFaster():decoder-wrappers.cc:375) Log-like per frame for utterance TE0453-TE0454_2-B.164 is -3.66221 over 96 frames.
TE0453-TE0454_2-B.185 ఏం చేస్తరు 
LOG (gmm-latgen-faster[5.5.1009~1-e4940]:DecodeUtteranceLatticeFaster():decoder-wrappers.cc:375) Log-like per frame for utterance TE0453-TE0454_2-B.185 is -4.00623 over 106 frames.
TE0453-TE0454_2-B.303 వాళ్ళు లేనప్పుడు 
LOG (gmm-latgen-faster[5.5.1009~1-e4940]:DecodeUtteranceLatticeFaster():decoder-wrappers.cc:375) Log-like per frame for utterance TE0453-TE0454_2-B.303 is -4.1772 over 101 frames.
TE0453-TE0454_2-B.305 ఓహో అంటే వాళ్ళే చూసుకుంటారు ఏం అయిన 
LOG (gmm-latgen-faster[5.5.1009~1-e4940]:DecodeUtteranceLatticeFaster():decoder-wrappers.cc:375) Log-like per frame for utterance TE0453-TE0454_2-B.305 is -4.35439 over 193 frames.
TE0453-TE0455_1-A.052 ఇంకా ఇంగ్ అందులో 
LOG (gmm-latgen-faster[5.5.1009~1-e4940]:DecodeUtteranceLatticeFaster():decoder-wrappers.cc:375) Log-like per frame for utterance TE0453-TE0455_1-A.052 is -4.45866 over 119 frames.
TE0453-TE0455_1-A.062 ఆ వాళ్ళిద్దరూ కూడా 
LOG (gmm-latgen-faster[5.5.1009~1-e4940]:DecodeUtteranceLatticeFaster():decoder-wrappers.cc:375) Log-like per frame for utterance TE0453-TE0455_1-A.062 is -3.56005 over 164 frames.
TE0453-TE0455_1-A.137 అప్పుడు అందరు కలిసి వెళ్తారు బయటికి 
LOG (gmm-latgen-faster[5.5.1009~1-e4940]:DecodeUtteranceLatticeFaster():decoder-wrappers.cc:375) Log-like per frame for utterance TE0453-TE0455_1-A.137 is -4.2578 over 178 frames.
TE0453-TE0455_1-A.233 చెప్పిన తరవాత 
LOG (gmm-latgen-faster[5.5.1009~1-e4940]:DecodeUtteranceLatticeFaster():decoder-wrappers.cc:375) Log-like per frame for utterance TE0453-TE0455_1-A.233 is -4.02298 over 138 frames.
TE0453-TE0455_1-A.265 కలిసి మాట్లాడి 
LOG (gmm-latgen-faster[5.5.1009~1-e4940]:DecodeUtteranceLatticeFaster():decoder-wrappers.cc:375) Log-like per frame for utterance TE0453-TE0455_1-A.265 is -4.16276 over 161 frames.
TE0453-TE0455_1-A.272 ఇంకా 
LOG (gmm-latgen-faster[5.5.1009~1-e4940]:DecodeUtteranceLatticeFaster():decoder-wrappers.cc:375) Log-like per frame for utterance TE0453-TE0455_1-A.272 is -3.52254 over 121 frames.
TE0453-TE0455_1-B.012 ఆ చూడలేదు 
LOG (gmm-latgen-faster[5.5.1009~1-e4940]:DecodeUtteranceLatticeFaster():decoder-wrappers.cc:375) Log-like per frame for utterance TE0453-TE0455_1-B.012 is -3.7219 over 106 frames.
TE0453-TE0455_1-B.016 అవునా 
LOG (gmm-latgen-faster[5.5.1009~1-e4940]:DecodeUtteranceLatticeFaster():decoder-wrappers.cc:375) Log-like per frame for utterance TE0453-TE0455_1-B.016 is -3.01322 over 71 frames.
TE0453-TE0455_1-B.018 అవునా 
LOG (gmm-latgen-faster[5.5.1009~1-e4940]:DecodeUtteranceLatticeFaster():decoder-wrappers.cc:375) Log-like per frame for utterance TE0453-TE0455_1-B.018 is -3.30657 over 72 frames.
TE0453-TE0455_1-B.026 ఇంకా 
LOG (gmm-latgen-faster[5.5.1009~1-e4940]:DecodeUtteranceLatticeFaster():decoder-wrappers.cc:375) Log-like per frame for utterance TE0453-TE0455_1-B.026 is -3.64051 over 72 frames.
TE0453-TE0455_1-B.028 అవునా 
LOG (gmm-latgen-faster[5.5.1009~1-e4940]:DecodeUtteranceLatticeFaster():decoder-wrappers.cc:375) Log-like per frame for utterance TE0453-TE0455_1-B.028 is -2.95199 over 83 frames.
TE0453-TE0455_1-B.032 అవునా 
LOG (gmm-latgen-faster[5.5.1009~1-e4940]:DecodeUtteranceLatticeFaster():decoder-wrappers.cc:375) Log-like per frame for utterance TE0453-TE0455_1-B.032 is -3.10626 over 81 frames.
TE0453-TE0455_1-B.034 అవునా 
LOG (gmm-latgen-faster[5.5.1009~1-e4940]:DecodeUtteranceLatticeFaster():decoder-wrappers.cc:375) Log-like per frame for utterance TE0453-TE0455_1-B.034 is -3.31801 over 88 frames.
TE0453-TE0455_1-B.038 అవునా 
LOG (gmm-latgen-faster[5.5.1009~1-e4940]:DecodeUtteranceLatticeFaster():decoder-wrappers.cc:375) Log-like per frame for utterance TE0453-TE0455_1-B.038 is -3.16849 over 76 frames.
TE0453-TE0455_1-B.044 ఆ చెప్పు 
LOG (gmm-latgen-faster[5.5.1009~1-e4940]:DecodeUtteranceLatticeFaster():decoder-wrappers.cc:375) Log-like per frame for utterance TE0453-TE0455_1-B.044 is -3.70436 over 102 frames.
TE0453-TE0455_1-B.046 అవునా 
LOG (gmm-latgen-faster[5.5.1009~1-e4940]:DecodeUtteranceLatticeFaster():decoder-wrappers.cc:375) Log-like per frame for utterance TE0453-TE0455_1-B.046 is -3.20406 over 94 frames.
TE0453-TE0455_1-B.048 అవునా 
LOG (gmm-latgen-faster[5.5.1009~1-e4940]:DecodeUtteranceLatticeFaster():decoder-wrappers.cc:375) Log-like per frame for utterance TE0453-TE0455_1-B.048 is -3.27537 over 89 frames.
TE0453-TE0455_1-B.050 అవునా 
LOG (gmm-latgen-faster[5.5.1009~1-e4940]:DecodeUtteranceLatticeFaster():decoder-wrappers.cc:375) Log-like per frame for utterance TE0453-TE0455_1-B.050 is -3.24364 over 63 frames.
TE0453-TE0455_1-B.052 అవునా 
LOG (gmm-latgen-faster[5.5.1009~1-e4940]:DecodeUtteranceLatticeFaster():decoder-wrappers.cc:375) Log-like per frame for utterance TE0453-TE0455_1-B.052 is -3.4016 over 71 frames.
TE0453-TE0455_1-B.056 అవునా 
LOG (gmm-latgen-faster[5.5.1009~1-e4940]:DecodeUtteranceLatticeFaster():decoder-wrappers.cc:375) Log-like per frame for utterance TE0453-TE0455_1-B.056 is -3.32227 over 71 frames.
TE0453-TE0455_1-B.058 అవునా 
LOG (gmm-latgen-faster[5.5.1009~1-e4940]:DecodeUtteranceLatticeFaster():decoder-wrappers.cc:375) Log-like per frame for utterance TE0453-TE0455_1-B.058 is -3.22715 over 92 frames.
TE0453-TE0455_1-B.060 అవునా 
LOG (gmm-latgen-faster[5.5.1009~1-e4940]:DecodeUtteranceLatticeFaster():decoder-wrappers.cc:375) Log-like per frame for utterance TE0453-TE0455_1-B.060 is -3.33053 over 73 frames.
TE0453-TE0455_1-B.062 అవునా 
LOG (gmm-latgen-faster[5.5.1009~1-e4940]:DecodeUtteranceLatticeFaster():decoder-wrappers.cc:375) Log-like per frame for utterance TE0453-TE0455_1-B.062 is -3.49943 over 97 frames.
TE0453-TE0455_1-B.066 అవునా 
LOG (gmm-latgen-faster[5.5.1009~1-e4940]:DecodeUtteranceLatticeFaster():decoder-wrappers.cc:375) Log-like per frame for utterance TE0453-TE0455_1-B.066 is -2.89969 over 89 frames.
TE0453-TE0455_1-B.068 ఇంకా 
LOG (gmm-latgen-faster[5.5.1009~1-e4940]:DecodeUtteranceLatticeFaster():decoder-wrappers.cc:375) Log-like per frame for utterance TE0453-TE0455_1-B.068 is -4.00751 over 68 frames.
TE0453-TE0455_1-B.076 అవునా 
LOG (gmm-latgen-faster[5.5.1009~1-e4940]:DecodeUtteranceLatticeFaster():decoder-wrappers.cc:375) Log-like per frame for utterance TE0453-TE0455_1-B.076 is -2.9829 over 77 frames.
TE0453-TE0455_1-B.080 అవునా 
LOG (gmm-latgen-faster[5.5.1009~1-e4940]:DecodeUtteranceLatticeFaster():decoder-wrappers.cc:375) Log-like per frame for utterance TE0453-TE0455_1-B.080 is -3.38398 over 44 frames.
TE0453-TE0455_2-A.005 చెప్పు 
LOG (gmm-latgen-faster[5.5.1009~1-e4940]:DecodeUtteranceLatticeFaster():decoder-wrappers.cc:375) Log-like per frame for utterance TE0453-TE0455_2-A.005 is -3.5558 over 108 frames.
TE0453-TE0455_2-A.039 అదేంటి గోదావరి అక్కడే కదా 
LOG (gmm-latgen-faster[5.5.1009~1-e4940]:DecodeUtteranceLatticeFaster():decoder-wrappers.cc:375) Log-like per frame for utterance TE0453-TE0455_2-A.039 is -3.94951 over 213 frames.
TE0453-TE0455_2-A.045 అంటే 
LOG (gmm-latgen-faster[5.5.1009~1-e4940]:DecodeUtteranceLatticeFaster():decoder-wrappers.cc:375) Log-like per frame for utterance TE0453-TE0455_2-A.045 is -3.94955 over 83 frames.
TE0453-TE0455_2-A.084 అవునా 
LOG (gmm-latgen-faster[5.5.1009~1-e4940]:DecodeUtteranceLatticeFaster():decoder-wrappers.cc:375) Log-like per frame for utterance TE0453-TE0455_2-A.084 is -3.5809 over 53 frames.
TE0453-TE0455_2-A.114 ఇప్పుడు కూడా 
LOG (gmm-latgen-faster[5.5.1009~1-e4940]:DecodeUtteranceLatticeFaster():decoder-wrappers.cc:375) Log-like per frame for utterance TE0453-TE0455_2-A.114 is -4.15738 over 89 frames.
TE0453-TE0455_2-A.142 ఇప్పుడు చేస్తున్నర 
LOG (gmm-latgen-faster[5.5.1009~1-e4940]:DecodeUtteranceLatticeFaster():decoder-wrappers.cc:375) Log-like per frame for utterance TE0453-TE0455_2-A.142 is -3.96151 over 103 frames.
TE0453-TE0455_2-A.158 ఆయన అక్కడే వుంటార అయన ఒక్కల్లె ఉంటారా 
LOG (gmm-latgen-faster[5.5.1009~1-e4940]:DecodeUtteranceLatticeFaster():decoder-wrappers.cc:375) Log-like per frame for utterance TE0453-TE0455_2-A.158 is -3.83636 over 247 frames.
TE0453-TE0455_2-A.162 అవునా 
LOG (gmm-latgen-faster[5.5.1009~1-e4940]:DecodeUtteranceLatticeFaster():decoder-wrappers.cc:375) Log-like per frame for utterance TE0453-TE0455_2-A.162 is -3.34924 over 96 frames.
TE0453-TE0455_2-A.232 ఇంకా 
LOG (gmm-latgen-faster[5.5.1009~1-e4940]:DecodeUtteranceLatticeFaster():decoder-wrappers.cc:375) Log-like per frame for utterance TE0453-TE0455_2-A.232 is -3.36777 over 58 frames.
TE0453-TE0455_2-A.272 అవునా 
LOG (gmm-latgen-faster[5.5.1009~1-e4940]:DecodeUtteranceLatticeFaster():decoder-wrappers.cc:375) Log-like per frame for utterance TE0453-TE0455_2-A.272 is -3.00657 over 64 frames.
TE0453-TE0455_2-B.014 పక్కా పల్లెటూరు 
LOG (gmm-latgen-faster[5.5.1009~1-e4940]:DecodeUtteranceLatticeFaster():decoder-wrappers.cc:375) Log-like per frame for utterance TE0453-TE0455_2-B.014 is -4.28236 over 127 frames.
TE0453-TE0455_2-B.019 ఎవరైనా 
LOG (gmm-latgen-faster[5.5.1009~1-e4940]:DecodeUtteranceLatticeFaster():decoder-wrappers.cc:375) Log-like per frame for utterance TE0453-TE0455_2-B.019 is -3.66423 over 101 frames.
TE0453-TE0455_2-B.028 చాలా 
LOG (gmm-latgen-faster[5.5.1009~1-e4940]:DecodeUtteranceLatticeFaster():decoder-wrappers.cc:375) Log-like per frame for utterance TE0453-TE0455_2-B.028 is -3.51318 over 89 frames.
LOG (apply-cmvn[5.5.1009~1-e4940]:main():apply-cmvn.cc:162) Applied cepstral mean normalization to 424 utterances, errors on 0
TE0453-TE0455_2-B.030 కష్టం 
LOG (gmm-latgen-faster[5.5.1009~1-e4940]:DecodeUtteranceLatticeFaster():decoder-wrappers.cc:375) Log-like per frame for utterance TE0453-TE0455_2-B.030 is -4.06684 over 72 frames.
TE0453-TE0455_2-B.031 కానీ మిగతా అన్ని బాగుంటాయి 
LOG (gmm-latgen-faster[5.5.1009~1-e4940]:DecodeUtteranceLatticeFaster():decoder-wrappers.cc:375) Log-like per frame for utterance TE0453-TE0455_2-B.031 is -4.14902 over 173 frames.
TE0453-TE0455_2-B.035 ఇంకా 
LOG (gmm-latgen-faster[5.5.1009~1-e4940]:DecodeUtteranceLatticeFaster():decoder-wrappers.cc:375) Log-like per frame for utterance TE0453-TE0455_2-B.035 is -3.40254 over 99 frames.
TE0453-TE0455_2-B.038 చాలా బాగుంటది 
LOG (gmm-latgen-faster[5.5.1009~1-e4940]:DecodeUtteranceLatticeFaster():decoder-wrappers.cc:375) Log-like per frame for utterance TE0453-TE0455_2-B.038 is -4.00917 over 122 frames.
TE0453-TE0455_2-B.053 క తీర్దానికి మాత్రం ఖచ్చితంగా య వస్తా ఉంటాడు 
LOG (gmm-latgen-faster[5.5.1009~1-e4940]:DecodeUtteranceLatticeFaster():decoder-wrappers.cc:375) Log-like per frame for utterance TE0453-TE0455_2-B.053 is -4.30069 over 253 frames.
TE0453-TE0455_2-B.055 ఇంకా 
LOG (gmm-latgen-faster[5.5.1009~1-e4940]:DecodeUtteranceLatticeFaster():decoder-wrappers.cc:375) Log-like per frame for utterance TE0453-TE0455_2-B.055 is -3.01522 over 93 frames.
TE0453-TE0455_2-B.059 అక్కడ 
LOG (gmm-latgen-faster[5.5.1009~1-e4940]:DecodeUtteranceLatticeFaster():decoder-wrappers.cc:375) Log-like per frame for utterance TE0453-TE0455_2-B.059 is -3.61714 over 107 frames.
TE0453-TE0455_2-B.068 అది 
LOG (gmm-latgen-faster[5.5.1009~1-e4940]:DecodeUtteranceLatticeFaster():decoder-wrappers.cc:375) Log-like per frame for utterance TE0453-TE0455_2-B.068 is -4.04571 over 91 frames.
TE0453-TE0455_2-B.073 చాలా మంది చూడ్డానికి వస్తారు 
LOG (gmm-latgen-faster[5.5.1009~1-e4940]:DecodeUtteranceLatticeFaster():decoder-wrappers.cc:375) Log-like per frame for utterance TE0453-TE0455_2-B.073 is -3.9442 over 218 frames.
TE0453-TE0455_2-B.074 చాలామంది 
LOG (gmm-latgen-faster[5.5.1009~1-e4940]:DecodeUtteranceLatticeFaster():decoder-wrappers.cc:375) Log-like per frame for utterance TE0453-TE0455_2-B.074 is -3.68226 over 103 frames.
TE0453-TE0455_2-B.081 ఇంకా 
LOG (gmm-latgen-faster[5.5.1009~1-e4940]:DecodeUtteranceLatticeFaster():decoder-wrappers.cc:375) Log-like per frame for utterance TE0453-TE0455_2-B.081 is -3.56724 over 84 frames.
TE0453-TE0455_2-B.087 అది కూడా చాలా 
LOG (gmm-latgen-faster[5.5.1009~1-e4940]:DecodeUtteranceLatticeFaster():decoder-wrappers.cc:375) Log-like per frame for utterance TE0453-TE0455_2-B.087 is -3.72004 over 142 frames.
LOG (transform-feats[5.5.1009~1-e4940]:main():transform-feats.cc:158) Overall average [pseudo-]logdet is -98.9864 over 71257 frames.
LOG (transform-feats[5.5.1009~1-e4940]:main():transform-feats.cc:161) Applied transform to 424 utterances; 0 had errors.
TE0453-TE0455_2-B.099 చాలా కానీ 
LOG (gmm-latgen-faster[5.5.1009~1-e4940]:DecodeUtteranceLatticeFaster():decoder-wrappers.cc:375) Log-like per frame for utterance TE0453-TE0455_2-B.099 is -3.79858 over 163 frames.
TE0453-TE0455_2-B.132 అంటే కాయగూరలు పండిస్తారు 
LOG (gmm-latgen-faster[5.5.1009~1-e4940]:DecodeUtteranceLatticeFaster():decoder-wrappers.cc:375) Log-like per frame for utterance TE0453-TE0455_2-B.132 is -3.84406 over 206 frames.
TE0453-TE0455_2-B.137 ఇంకా 
LOG (gmm-latgen-faster[5.5.1009~1-e4940]:DecodeUtteranceLatticeFaster():decoder-wrappers.cc:375) Log-like per frame for utterance TE0453-TE0455_2-B.137 is -3.82991 over 41 frames.
TE0453-TE0455_2-B.140 అన్ని పండిస్తారు 
LOG (gmm-latgen-faster[5.5.1009~1-e4940]:DecodeUtteranceLatticeFaster():decoder-wrappers.cc:375) Log-like per frame for utterance TE0453-TE0455_2-B.140 is -3.86488 over 91 frames.
LOG (transform-feats[5.5.1009~1-e4940]:main():transform-feats.cc:158) Overall average logdet is 0.837039 over 71257 frames.
LOG (transform-feats[5.5.1009~1-e4940]:main():transform-feats.cc:161) Applied transform to 424 utterances; 0 had errors.
TE0453-TE0455_2-B.160 రాలేదు పాము పగ పడతాది అని అనుకున్నము 
LOG (gmm-latgen-faster[5.5.1009~1-e4940]:DecodeUtteranceLatticeFaster():decoder-wrappers.cc:375) Log-like per frame for utterance TE0453-TE0455_2-B.160 is -4.1518 over 251 frames.
TE0453-TE0455_2-B.167 ఆ ఇంకా 
LOG (gmm-latgen-faster[5.5.1009~1-e4940]:DecodeUtteranceLatticeFaster():decoder-wrappers.cc:375) Log-like per frame for utterance TE0453-TE0455_2-B.167 is -3.66762 over 91 frames.
TE0453-TE0455_2-B.182 అంటే 
LOG (gmm-latgen-faster[5.5.1009~1-e4940]:DecodeUtteranceLatticeFaster():decoder-wrappers.cc:375) Log-like per frame for utterance TE0453-TE0455_2-B.182 is -3.91982 over 76 frames.
TE0453-TE0455_2-B.204 అంతే 
LOG (gmm-latgen-faster[5.5.1009~1-e4940]:DecodeUtteranceLatticeFaster():decoder-wrappers.cc:375) Log-like per frame for utterance TE0453-TE0455_2-B.204 is -3.89797 over 58 frames.
LOG (gmm-latgen-faster[5.5.1009~1-e4940]:main():gmm-latgen-faster.cc:176) Time taken 168.38s: real-time factor assuming 100 frames/sec is 0.236299
LOG (gmm-latgen-faster[5.5.1009~1-e4940]:main():gmm-latgen-faster.cc:179) Done 424 utterances, failed for 0
LOG (gmm-latgen-faster[5.5.1009~1-e4940]:main():gmm-latgen-faster.cc:181) Overall log-likelihood per frame is -3.80548 over 71257 frames.
# Accounting: time=168 threads=1
# Ended (code 0) at Tue Jun 14 09:33:19 UTC 2022, elapsed time 168 seconds
