# lattice-depth-per-frame "ark:gunzip -c telugu_exp/tri3_cleaned_work/lats/lat.75.gz|" "ark,t:|gzip -c > telugu_exp/tri3_cleaned_work/lats/depth_tmp.75.gz" ark:- | lattice-best-path --acoustic-scale=0.1 ark:- ark:/dev/null "ark,t:|gzip -c >telugu_exp/tri3_cleaned_work/lats/ali_tmp.75.gz" 
# Started at Tue Jun 14 09:45:21 UTC 2022
#
lattice-depth-per-frame 'ark:gunzip -c telugu_exp/tri3_cleaned_work/lats/lat.75.gz|' 'ark,t:|gzip -c > telugu_exp/tri3_cleaned_work/lats/depth_tmp.75.gz' ark:- 
lattice-best-path --acoustic-scale=0.1 ark:- ark:/dev/null 'ark,t:|gzip -c >telugu_exp/tri3_cleaned_work/lats/ali_tmp.75.gz' 
LOG (lattice-best-path[5.5.1009~1-e4940]:main():lattice-best-path.cc:99) For utterance TE0733-TE0734_2-A.011, best cost 8.52936 + 459.378 = 467.907 over 116 frames.
LOG (lattice-best-path[5.5.1009~1-e4940]:main():lattice-best-path.cc:99) For utterance TE0733-TE0734_2-A.026, best cost 6.7667 + 353.819 = 360.586 over 78 frames.
LOG (lattice-best-path[5.5.1009~1-e4940]:main():lattice-best-path.cc:99) For utterance TE0733-TE0734_2-A.043, best cost 11.9221 + 741.017 = 752.939 over 157 frames.
LOG (lattice-best-path[5.5.1009~1-e4940]:main():lattice-best-path.cc:99) For utterance TE0733-TE0734_2-A.077, best cost 7.09095 + 251.117 = 258.208 over 83 frames.
LOG (lattice-best-path[5.5.1009~1-e4940]:main():lattice-best-path.cc:99) For utterance TE0733-TE0734_2-A.244, best cost 9.79159 + 451.026 = 460.818 over 109 frames.
LOG (lattice-best-path[5.5.1009~1-e4940]:main():lattice-best-path.cc:99) For utterance TE0733-TE0734_2-B.028, best cost 18.396 + 595.277 = 613.673 over 146 frames.
LOG (lattice-best-path[5.5.1009~1-e4940]:main():lattice-best-path.cc:99) For utterance TE0733-TE0734_2-B.041, best cost 4.72311 + 271.586 = 276.31 over 61 frames.
LOG (lattice-best-path[5.5.1009~1-e4940]:main():lattice-best-path.cc:99) For utterance TE0733-TE0734_2-B.049, best cost 16.0552 + 724.488 = 740.543 over 156 frames.
LOG (lattice-best-path[5.5.1009~1-e4940]:main():lattice-best-path.cc:99) For utterance TE0733-TE0734_2-B.143, best cost 5.10618 + 246.311 = 251.417 over 72 frames.
LOG (lattice-best-path[5.5.1009~1-e4940]:main():lattice-best-path.cc:99) For utterance TE0733-TE0734_2-B.147, best cost 5.19143 + 317.88 = 323.071 over 84 frames.
LOG (lattice-best-path[5.5.1009~1-e4940]:main():lattice-best-path.cc:99) For utterance TE0733-TE0734_2-B.175, best cost 8.80751 + 391.631 = 400.438 over 106 frames.
LOG (lattice-best-path[5.5.1009~1-e4940]:main():lattice-best-path.cc:99) For utterance TE0733-TE0734_2-B.270, best cost 13.7594 + 524.599 = 538.358 over 126 frames.
LOG (lattice-best-path[5.5.1009~1-e4940]:main():lattice-best-path.cc:99) For utterance TE0733-TE0734_2-B.282, best cost 22.6534 + 1543.88 = 1566.54 over 363 frames.
LOG (lattice-best-path[5.5.1009~1-e4940]:main():lattice-best-path.cc:99) For utterance TE0733-TE0734_2-B.286, best cost 11.7719 + 624.443 = 636.215 over 154 frames.
LOG (lattice-best-path[5.5.1009~1-e4940]:main():lattice-best-path.cc:99) For utterance TE0733-TE0734_2-B.333, best cost 8.18126 + 375.26 = 383.441 over 91 frames.
LOG (lattice-best-path[5.5.1009~1-e4940]:main():lattice-best-path.cc:99) For utterance TE0733-TE0734_2-B.340, best cost 10.3229 + 507.567 = 517.89 over 113 frames.
LOG (lattice-best-path[5.5.1009~1-e4940]:main():lattice-best-path.cc:99) For utterance TE0733-TE0734_2-B.346, best cost 25.5042 + 1281.81 = 1307.31 over 288 frames.
LOG (lattice-best-path[5.5.1009~1-e4940]:main():lattice-best-path.cc:99) For utterance TE0733-TE0734_2-B.350, best cost 12.9364 + 482.65 = 495.587 over 113 frames.
LOG (lattice-best-path[5.5.1009~1-e4940]:main():lattice-best-path.cc:99) For utterance TE0733-TE0735_1-A.006, best cost 13.8972 + 518.801 = 532.698 over 122 frames.
LOG (lattice-best-path[5.5.1009~1-e4940]:main():lattice-best-path.cc:99) For utterance TE0733-TE0735_1-A.023, best cost 9.98095 + 430.504 = 440.485 over 98 frames.
LOG (lattice-best-path[5.5.1009~1-e4940]:main():lattice-best-path.cc:99) For utterance TE0733-TE0735_1-A.038, best cost 8.87942 + 250.953 = 259.833 over 48 frames.
LOG (lattice-best-path[5.5.1009~1-e4940]:main():lattice-best-path.cc:99) For utterance TE0733-TE0735_1-A.082, best cost 10.6961 + 421.544 = 432.24 over 84 frames.
LOG (lattice-best-path[5.5.1009~1-e4940]:main():lattice-best-path.cc:99) For utterance TE0733-TE0735_1-B.008, best cost 6.26858 + 372.66 = 378.929 over 87 frames.
LOG (lattice-best-path[5.5.1009~1-e4940]:main():lattice-best-path.cc:99) For utterance TE0733-TE0735_1-B.013, best cost 35.5699 + 2483.93 = 2519.5 over 520 frames.
LOG (lattice-best-path[5.5.1009~1-e4940]:main():lattice-best-path.cc:99) For utterance TE0733-TE0735_1-B.025, best cost 38.2185 + 2572.16 = 2610.38 over 543 frames.
LOG (lattice-best-path[5.5.1009~1-e4940]:main():lattice-best-path.cc:99) For utterance TE0733-TE0735_1-B.027, best cost 21.3881 + 1322.84 = 1344.22 over 286 frames.
LOG (lattice-best-path[5.5.1009~1-e4940]:main():lattice-best-path.cc:99) For utterance TE0733-TE0735_1-B.034, best cost 27.5944 + 1228.97 = 1256.57 over 283 frames.
LOG (lattice-best-path[5.5.1009~1-e4940]:main():lattice-best-path.cc:99) For utterance TE0733-TE0735_1-B.038, best cost 8.7851 + 380.514 = 389.299 over 84 frames.
LOG (lattice-best-path[5.5.1009~1-e4940]:main():lattice-best-path.cc:99) For utterance TE0733-TE0735_1-B.061, best cost 29.602 + 1936.31 = 1965.91 over 398 frames.
LOG (lattice-best-path[5.5.1009~1-e4940]:main():lattice-best-path.cc:99) For utterance TE0733-TE0735_1-B.078, best cost 7.3896 + 472.003 = 479.393 over 106 frames.
LOG (lattice-best-path[5.5.1009~1-e4940]:main():lattice-best-path.cc:99) For utterance TE0733-TE0735_1-B.087, best cost 11.5985 + 899.572 = 911.171 over 218 frames.
LOG (lattice-best-path[5.5.1009~1-e4940]:main():lattice-best-path.cc:99) For utterance TE0733-TE0735_1-B.089, best cost 16.3917 + 969.98 = 986.371 over 204 frames.
LOG (lattice-best-path[5.5.1009~1-e4940]:main():lattice-best-path.cc:99) For utterance TE0733-TE0735_1-B.097, best cost 9.31926 + 744.097 = 753.416 over 141 frames.
LOG (lattice-best-path[5.5.1009~1-e4940]:main():lattice-best-path.cc:99) For utterance TE0733-TE0735_1-B.113, best cost 38.2903 + 2530.28 = 2568.57 over 503 frames.
LOG (lattice-best-path[5.5.1009~1-e4940]:main():lattice-best-path.cc:99) For utterance TE0733-TE0735_1-B.115, best cost 39.874 + 3341.16 = 3381.03 over 663 frames.
LOG (lattice-best-path[5.5.1009~1-e4940]:main():lattice-best-path.cc:99) For utterance TE0733-TE0735_1-B.124, best cost 7.84747 + 309.685 = 317.532 over 74 frames.
LOG (lattice-best-path[5.5.1009~1-e4940]:main():lattice-best-path.cc:99) For utterance TE0733-TE0735_1-B.139, best cost 22.3007 + 1409.91 = 1432.21 over 279 frames.
LOG (lattice-best-path[5.5.1009~1-e4940]:main():lattice-best-path.cc:99) For utterance TE0733-TE0735_1-B.141, best cost 16.6918 + 966.706 = 983.398 over 242 frames.
LOG (lattice-best-path[5.5.1009~1-e4940]:main():lattice-best-path.cc:99) For utterance TE0733-TE0735_1-B.143, best cost 12.6214 + 769.444 = 782.065 over 168 frames.
LOG (lattice-best-path[5.5.1009~1-e4940]:main():lattice-best-path.cc:99) For utterance TE0733-TE0735_1-B.144, best cost 30.0467 + 1944.33 = 1974.37 over 403 frames.
LOG (lattice-best-path[5.5.1009~1-e4940]:main():lattice-best-path.cc:99) For utterance TE0733-TE0735_1-B.149, best cost 29.4542 + 2062.86 = 2092.32 over 425 frames.
LOG (lattice-best-path[5.5.1009~1-e4940]:main():lattice-best-path.cc:99) For utterance TE0733-TE0735_1-B.151, best cost 32.096 + 2182.73 = 2214.83 over 462 frames.
LOG (lattice-best-path[5.5.1009~1-e4940]:main():lattice-best-path.cc:99) For utterance TE0733-TE0735_1-B.161, best cost 41.7482 + 2994.78 = 3036.53 over 597 frames.
LOG (lattice-best-path[5.5.1009~1-e4940]:main():lattice-best-path.cc:99) For utterance TE0733-TE0735_1-B.165, best cost 7.00206 + 378.719 = 385.721 over 92 frames.
LOG (lattice-best-path[5.5.1009~1-e4940]:main():lattice-best-path.cc:99) For utterance TE0733-TE0735_1-B.173, best cost 6.71859 + 440.263 = 446.981 over 103 frames.
LOG (lattice-best-path[5.5.1009~1-e4940]:main():lattice-best-path.cc:99) For utterance TE0733-TE0735_1-B.191, best cost 39.843 + 2425.03 = 2464.87 over 511 frames.
LOG (lattice-best-path[5.5.1009~1-e4940]:main():lattice-best-path.cc:99) For utterance TE0733-TE0735_1-B.199, best cost 39.4341 + 1601.2 = 1640.63 over 312 frames.
LOG (lattice-best-path[5.5.1009~1-e4940]:main():lattice-best-path.cc:99) For utterance TE0733-TE0735_1-B.221, best cost 22.2593 + 1201.79 = 1224.05 over 254 frames.
LOG (lattice-best-path[5.5.1009~1-e4940]:main():lattice-best-path.cc:99) For utterance TE0733-TE0735_1-B.224, best cost 65.2005 + 3295.05 = 3360.25 over 687 frames.
LOG (lattice-best-path[5.5.1009~1-e4940]:main():lattice-best-path.cc:99) For utterance TE0733-TE0735_1-B.229, best cost 12.3079 + 499.678 = 511.986 over 118 frames.
LOG (lattice-best-path[5.5.1009~1-e4940]:main():lattice-best-path.cc:99) For utterance TE0733-TE0735_1-B.233, best cost 17.1222 + 1173.25 = 1190.37 over 258 frames.
LOG (lattice-best-path[5.5.1009~1-e4940]:main():lattice-best-path.cc:99) For utterance TE0733-TE0735_1-B.239, best cost 18.2638 + 1603.02 = 1621.29 over 335 frames.
LOG (lattice-best-path[5.5.1009~1-e4940]:main():lattice-best-path.cc:99) For utterance TE0733-TE0735_1-B.242, best cost 39.0161 + 2639.98 = 2678.99 over 547 frames.
LOG (lattice-best-path[5.5.1009~1-e4940]:main():lattice-best-path.cc:99) For utterance TE0733-TE0735_1-B.244, best cost 18.0267 + 962.373 = 980.399 over 198 frames.
LOG (lattice-best-path[5.5.1009~1-e4940]:main():lattice-best-path.cc:99) For utterance TE0733-TE0735_2-A.013, best cost 27.1303 + 984.12 = 1011.25 over 237 frames.
LOG (lattice-best-path[5.5.1009~1-e4940]:main():lattice-best-path.cc:99) For utterance TE0733-TE0735_2-A.014, best cost 8.2578 + 448.586 = 456.844 over 93 frames.
LOG (lattice-best-path[5.5.1009~1-e4940]:main():lattice-best-path.cc:99) For utterance TE0733-TE0735_2-A.061, best cost 7.60543 + 420.942 = 428.547 over 86 frames.
LOG (lattice-best-path[5.5.1009~1-e4940]:main():lattice-best-path.cc:99) For utterance TE0733-TE0735_2-A.076, best cost 7.66617 + 341.859 = 349.526 over 72 frames.
LOG (lattice-best-path[5.5.1009~1-e4940]:main():lattice-best-path.cc:99) For utterance TE0733-TE0735_2-A.092, best cost 4.64788 + 398.692 = 403.34 over 73 frames.
LOG (lattice-best-path[5.5.1009~1-e4940]:main():lattice-best-path.cc:99) For utterance TE0733-TE0735_2-A.093, best cost 17.6832 + 1024.1 = 1041.78 over 238 frames.
LOG (lattice-best-path[5.5.1009~1-e4940]:main():lattice-best-path.cc:99) For utterance TE0733-TE0735_2-A.106, best cost 8.5373 + 438.582 = 447.119 over 113 frames.
LOG (lattice-best-path[5.5.1009~1-e4940]:main():lattice-best-path.cc:99) For utterance TE0733-TE0735_2-A.108, best cost 13.6741 + 891.105 = 904.779 over 187 frames.
LOG (lattice-best-path[5.5.1009~1-e4940]:main():lattice-best-path.cc:99) For utterance TE0733-TE0735_2-A.124, best cost 12.074 + 714.962 = 727.036 over 143 frames.
LOG (lattice-best-path[5.5.1009~1-e4940]:main():lattice-best-path.cc:99) For utterance TE0733-TE0735_2-A.159, best cost 11.0488 + 658.973 = 670.022 over 138 frames.
LOG (lattice-best-path[5.5.1009~1-e4940]:main():lattice-best-path.cc:99) For utterance TE0733-TE0735_2-A.172, best cost 8.57756 + 304.275 = 312.852 over 66 frames.
LOG (lattice-best-path[5.5.1009~1-e4940]:main():lattice-best-path.cc:99) For utterance TE0733-TE0735_2-A.197, best cost 8.93265 + 407.161 = 416.093 over 86 frames.
LOG (lattice-best-path[5.5.1009~1-e4940]:main():lattice-best-path.cc:99) For utterance TE0733-TE0735_2-A.216, best cost 23.732 + 1362.81 = 1386.54 over 282 frames.
LOG (lattice-best-path[5.5.1009~1-e4940]:main():lattice-best-path.cc:99) For utterance TE0733-TE0735_2-A.230, best cost 3.98169 + 289.51 = 293.492 over 67 frames.
LOG (lattice-best-path[5.5.1009~1-e4940]:main():lattice-best-path.cc:99) For utterance TE0733-TE0735_2-A.255, best cost 11.502 + 677.146 = 688.648 over 141 frames.
LOG (lattice-best-path[5.5.1009~1-e4940]:main():lattice-best-path.cc:99) For utterance TE0733-TE0735_2-A.271, best cost 8.47278 + 547.563 = 556.035 over 128 frames.
LOG (lattice-best-path[5.5.1009~1-e4940]:main():lattice-best-path.cc:99) For utterance TE0733-TE0735_2-A.289, best cost 10.7678 + 540.538 = 551.306 over 113 frames.
LOG (lattice-best-path[5.5.1009~1-e4940]:main():lattice-best-path.cc:99) For utterance TE0733-TE0735_2-A.307, best cost 9.74512 + 356.451 = 366.196 over 77 frames.
LOG (lattice-best-path[5.5.1009~1-e4940]:main():lattice-best-path.cc:99) For utterance TE0733-TE0735_2-A.318, best cost 15.8564 + 728.342 = 744.199 over 158 frames.
LOG (lattice-best-path[5.5.1009~1-e4940]:main():lattice-best-path.cc:99) For utterance TE0733-TE0735_2-A.371, best cost 9.93801 + 542.433 = 552.371 over 122 frames.
LOG (lattice-best-path[5.5.1009~1-e4940]:main():lattice-best-path.cc:99) For utterance TE0733-TE0735_2-A.374, best cost 9.09661 + 360.489 = 369.586 over 78 frames.
LOG (lattice-best-path[5.5.1009~1-e4940]:main():lattice-best-path.cc:99) For utterance TE0733-TE0735_2-B.039, best cost 8.98968 + 425.445 = 434.435 over 90 frames.
LOG (lattice-best-path[5.5.1009~1-e4940]:main():lattice-best-path.cc:99) For utterance TE0733-TE0735_2-B.055, best cost 4.92378 + 155.138 = 160.062 over 37 frames.
LOG (lattice-best-path[5.5.1009~1-e4940]:main():lattice-best-path.cc:99) For utterance TE0733-TE0735_2-B.059, best cost 15.9944 + 708.224 = 724.219 over 171 frames.
LOG (lattice-best-path[5.5.1009~1-e4940]:main():lattice-best-path.cc:99) For utterance TE0733-TE0735_2-B.063, best cost 8.89855 + 494.321 = 503.219 over 116 frames.
LOG (lattice-best-path[5.5.1009~1-e4940]:main():lattice-best-path.cc:99) For utterance TE0733-TE0735_2-B.068, best cost 4.92717 + 195.632 = 200.559 over 43 frames.
LOG (lattice-best-path[5.5.1009~1-e4940]:main():lattice-best-path.cc:99) For utterance TE0733-TE0735_2-B.078, best cost 9.6237 + 512.995 = 522.619 over 129 frames.
LOG (lattice-best-path[5.5.1009~1-e4940]:main():lattice-best-path.cc:99) For utterance TE0733-TE0735_2-B.088, best cost 16.9389 + 1363.38 = 1380.32 over 286 frames.
LOG (lattice-best-path[5.5.1009~1-e4940]:main():lattice-best-path.cc:99) For utterance TE0733-TE0735_2-B.092, best cost 8.04931 + 539.812 = 547.861 over 99 frames.
LOG (lattice-best-path[5.5.1009~1-e4940]:main():lattice-best-path.cc:99) For utterance TE0733-TE0735_2-B.093, best cost 20.7461 + 1344.33 = 1365.07 over 278 frames.
LOG (lattice-best-path[5.5.1009~1-e4940]:main():lattice-best-path.cc:99) For utterance TE0733-TE0735_2-B.117, best cost 18.2913 + 755.006 = 773.297 over 166 frames.
LOG (lattice-best-path[5.5.1009~1-e4940]:main():lattice-best-path.cc:99) For utterance TE0733-TE0735_2-B.123, best cost 11.9602 + 611.963 = 623.924 over 144 frames.
LOG (lattice-best-path[5.5.1009~1-e4940]:main():lattice-best-path.cc:99) For utterance TE0733-TE0735_2-B.145, best cost 4.99522 + 400.701 = 405.696 over 107 frames.
LOG (lattice-best-path[5.5.1009~1-e4940]:main():lattice-best-path.cc:99) For utterance TE0733-TE0735_2-B.147, best cost 29.5925 + 1650.97 = 1680.56 over 360 frames.
LOG (lattice-best-path[5.5.1009~1-e4940]:main():lattice-best-path.cc:99) For utterance TE0733-TE0735_2-B.153, best cost 5.1194 + 522.837 = 527.956 over 108 frames.
LOG (lattice-best-path[5.5.1009~1-e4940]:main():lattice-best-path.cc:99) For utterance TE0733-TE0735_2-B.159, best cost 39.5447 + 2863.41 = 2902.96 over 583 frames.
LOG (lattice-best-path[5.5.1009~1-e4940]:main():lattice-best-path.cc:99) For utterance TE0733-TE0735_2-B.169, best cost 23.3877 + 1540.43 = 1563.82 over 328 frames.
LOG (lattice-best-path[5.5.1009~1-e4940]:main():lattice-best-path.cc:99) For utterance TE0733-TE0735_2-B.172, best cost 5.89259 + 285.614 = 291.506 over 74 frames.
LOG (lattice-best-path[5.5.1009~1-e4940]:main():lattice-best-path.cc:99) For utterance TE0733-TE0735_2-B.193, best cost 6.3479 + 226.582 = 232.93 over 56 frames.
LOG (lattice-best-path[5.5.1009~1-e4940]:main():lattice-best-path.cc:99) For utterance TE0733-TE0735_2-B.199, best cost 6.2901 + 232.056 = 238.346 over 54 frames.
LOG (lattice-best-path[5.5.1009~1-e4940]:main():lattice-best-path.cc:99) For utterance TE0733-TE0735_2-B.201, best cost 9.57543 + 383.53 = 393.105 over 84 frames.
LOG (lattice-best-path[5.5.1009~1-e4940]:main():lattice-best-path.cc:99) For utterance TE0734-TE0736_1-A.004, best cost 12.6791 + 685.895 = 698.574 over 163 frames.
LOG (lattice-best-path[5.5.1009~1-e4940]:main():lattice-best-path.cc:99) For utterance TE0734-TE0736_1-A.014, best cost 27.7767 + 1301.01 = 1328.79 over 308 frames.
LOG (lattice-best-path[5.5.1009~1-e4940]:main():lattice-best-path.cc:99) For utterance TE0734-TE0736_1-A.018, best cost 7.31783 + 425.064 = 432.382 over 101 frames.
LOG (lattice-best-path[5.5.1009~1-e4940]:main():lattice-best-path.cc:99) For utterance TE0734-TE0736_1-A.020, best cost 10.8854 + 534.568 = 545.453 over 114 frames.
LOG (lattice-best-path[5.5.1009~1-e4940]:main():lattice-best-path.cc:99) For utterance TE0734-TE0736_1-A.022, best cost 9.34201 + 454.933 = 464.275 over 103 frames.
LOG (lattice-best-path[5.5.1009~1-e4940]:main():lattice-best-path.cc:99) For utterance TE0734-TE0736_1-A.024, best cost 9.8262 + 496.737 = 506.563 over 116 frames.
LOG (lattice-best-path[5.5.1009~1-e4940]:main():lattice-best-path.cc:99) For utterance TE0734-TE0736_1-A.027, best cost 8.96644 + 435.684 = 444.65 over 97 frames.
LOG (lattice-best-path[5.5.1009~1-e4940]:main():lattice-best-path.cc:99) For utterance TE0734-TE0736_1-A.029, best cost 15.0628 + 961.436 = 976.499 over 227 frames.
LOG (lattice-best-path[5.5.1009~1-e4940]:main():lattice-best-path.cc:99) For utterance TE0734-TE0736_1-A.055, best cost 21.1571 + 1098.36 = 1119.52 over 258 frames.
LOG (lattice-best-path[5.5.1009~1-e4940]:main():lattice-best-path.cc:99) For utterance TE0734-TE0736_1-A.066, best cost 44.1542 + 2278.3 = 2322.45 over 483 frames.
LOG (lattice-best-path[5.5.1009~1-e4940]:main():lattice-best-path.cc:99) For utterance TE0734-TE0736_1-A.069, best cost 9.5228 + 425.586 = 435.109 over 93 frames.
LOG (lattice-best-path[5.5.1009~1-e4940]:main():lattice-best-path.cc:99) For utterance TE0734-TE0736_1-A.094, best cost 9.21106 + 376.971 = 386.182 over 77 frames.
LOG (lattice-best-path[5.5.1009~1-e4940]:main():lattice-best-path.cc:99) For utterance TE0734-TE0736_1-A.104, best cost 8.85554 + 419.374 = 428.229 over 89 frames.
LOG (lattice-best-path[5.5.1009~1-e4940]:main():lattice-best-path.cc:99) For utterance TE0734-TE0736_1-A.197, best cost 14.3214 + 505.936 = 520.257 over 119 frames.
LOG (lattice-best-path[5.5.1009~1-e4940]:main():lattice-best-path.cc:99) For utterance TE0734-TE0736_1-A.213, best cost 23.6729 + 1381.39 = 1405.06 over 318 frames.
LOG (lattice-best-path[5.5.1009~1-e4940]:main():lattice-best-path.cc:99) For utterance TE0734-TE0736_1-A.221, best cost 27.8463 + 1103.9 = 1131.75 over 254 frames.
LOG (lattice-best-path[5.5.1009~1-e4940]:main():lattice-best-path.cc:99) For utterance TE0734-TE0736_1-A.226, best cost 12.3233 + 595.67 = 607.993 over 137 frames.
LOG (lattice-best-path[5.5.1009~1-e4940]:main():lattice-best-path.cc:99) For utterance TE0734-TE0736_1-A.249, best cost 5.85397 + 283.83 = 289.684 over 67 frames.
LOG (lattice-best-path[5.5.1009~1-e4940]:main():lattice-best-path.cc:99) For utterance TE0734-TE0736_1-A.258, best cost 11.5557 + 467.148 = 478.704 over 123 frames.
LOG (lattice-best-path[5.5.1009~1-e4940]:main():lattice-best-path.cc:99) For utterance TE0734-TE0736_1-A.266, best cost 9.33282 + 315.624 = 324.957 over 77 frames.
LOG (lattice-best-path[5.5.1009~1-e4940]:main():lattice-best-path.cc:99) For utterance TE0734-TE0736_1-A.295, best cost 16.628 + 605.467 = 622.095 over 134 frames.
LOG (lattice-best-path[5.5.1009~1-e4940]:main():lattice-best-path.cc:99) For utterance TE0734-TE0736_1-A.308, best cost 22.2732 + 1387.06 = 1409.34 over 316 frames.
LOG (lattice-best-path[5.5.1009~1-e4940]:main():lattice-best-path.cc:99) For utterance TE0734-TE0736_1-A.324, best cost 26.8544 + 1385.33 = 1412.18 over 328 frames.
LOG (lattice-best-path[5.5.1009~1-e4940]:main():lattice-best-path.cc:99) For utterance TE0734-TE0736_1-A.334, best cost 21.7418 + 962.727 = 984.469 over 216 frames.
LOG (lattice-best-path[5.5.1009~1-e4940]:main():lattice-best-path.cc:99) For utterance TE0734-TE0736_1-A.341, best cost 7.76345 + 359.092 = 366.856 over 82 frames.
LOG (lattice-best-path[5.5.1009~1-e4940]:main():lattice-best-path.cc:99) For utterance TE0734-TE0736_1-A.345, best cost 13.1581 + 644.308 = 657.466 over 165 frames.
LOG (lattice-best-path[5.5.1009~1-e4940]:main():lattice-best-path.cc:99) For utterance TE0734-TE0736_1-A.347, best cost 13.8418 + 619.557 = 633.399 over 136 frames.
LOG (lattice-best-path[5.5.1009~1-e4940]:main():lattice-best-path.cc:99) For utterance TE0734-TE0736_1-A.424, best cost 22.785 + 995.771 = 1018.56 over 219 frames.
LOG (lattice-best-path[5.5.1009~1-e4940]:main():lattice-best-path.cc:99) For utterance TE0734-TE0736_1-A.437, best cost 31.9273 + 1677.31 = 1709.23 over 348 frames.
LOG (lattice-best-path[5.5.1009~1-e4940]:main():lattice-best-path.cc:99) For utterance TE0734-TE0736_1-A.504, best cost 16.2898 + 803.597 = 819.887 over 174 frames.
LOG (lattice-best-path[5.5.1009~1-e4940]:main():lattice-best-path.cc:99) For utterance TE0734-TE0736_1-A.519, best cost 20.1489 + 922.57 = 942.719 over 198 frames.
LOG (lattice-best-path[5.5.1009~1-e4940]:main():lattice-best-path.cc:99) For utterance TE0734-TE0736_1-A.522, best cost 7.4357 + 538.208 = 545.644 over 132 frames.
LOG (lattice-best-path[5.5.1009~1-e4940]:main():lattice-best-path.cc:99) For utterance TE0734-TE0736_1-A.533, best cost 9.49076 + 419.186 = 428.677 over 93 frames.
LOG (lattice-best-path[5.5.1009~1-e4940]:main():lattice-best-path.cc:99) For utterance TE0734-TE0736_1-B.054, best cost 7.68158 + 242.756 = 250.437 over 65 frames.
LOG (lattice-best-path[5.5.1009~1-e4940]:main():lattice-best-path.cc:99) For utterance TE0734-TE0736_1-B.092, best cost 8.96409 + 439.83 = 448.795 over 92 frames.
LOG (lattice-best-path[5.5.1009~1-e4940]:main():lattice-best-path.cc:99) For utterance TE0734-TE0736_1-B.190, best cost 11.4348 + 420.716 = 432.151 over 108 frames.
LOG (lattice-best-path[5.5.1009~1-e4940]:main():lattice-best-path.cc:99) For utterance TE0734-TE0736_1-B.232, best cost 11.7544 + 794.545 = 806.3 over 181 frames.
LOG (lattice-best-path[5.5.1009~1-e4940]:main():lattice-best-path.cc:99) For utterance TE0734-TE0736_1-B.292, best cost 8.05121 + 222.032 = 230.083 over 53 frames.
LOG (lattice-best-path[5.5.1009~1-e4940]:main():lattice-best-path.cc:99) For utterance TE0734-TE0736_1-B.294, best cost 16.9788 + 923.998 = 940.977 over 218 frames.
LOG (lattice-best-path[5.5.1009~1-e4940]:main():lattice-best-path.cc:99) For utterance TE0734-TE0736_1-B.303, best cost 18.0298 + 706.383 = 724.413 over 176 frames.
LOG (lattice-best-path[5.5.1009~1-e4940]:main():lattice-best-path.cc:99) For utterance TE0734-TE0736_1-B.309, best cost 22.7639 + 863.573 = 886.336 over 191 frames.
LOG (lattice-best-path[5.5.1009~1-e4940]:main():lattice-best-path.cc:99) For utterance TE0734-TE0736_1-B.313, best cost 32.1647 + 1109.06 = 1141.23 over 246 frames.
LOG (lattice-best-path[5.5.1009~1-e4940]:main():lattice-best-path.cc:99) For utterance TE0734-TE0736_1-B.315, best cost 32.725 + 1702.21 = 1734.93 over 367 frames.
LOG (lattice-best-path[5.5.1009~1-e4940]:main():lattice-best-path.cc:99) For utterance TE0734-TE0736_1-B.325, best cost 2.97003 + 157.059 = 160.029 over 48 frames.
LOG (lattice-best-path[5.5.1009~1-e4940]:main():lattice-best-path.cc:99) For utterance TE0734-TE0736_2-A.006, best cost 8.35611 + 285.636 = 293.992 over 66 frames.
LOG (lattice-best-path[5.5.1009~1-e4940]:main():lattice-best-path.cc:99) For utterance TE0734-TE0736_2-A.014, best cost 4.44167 + 198.219 = 202.661 over 56 frames.
LOG (lattice-best-path[5.5.1009~1-e4940]:main():lattice-best-path.cc:99) For utterance TE0734-TE0736_2-A.040, best cost 4.21667 + 185.12 = 189.337 over 51 frames.
LOG (lattice-best-path[5.5.1009~1-e4940]:main():lattice-best-path.cc:99) For utterance TE0734-TE0736_2-A.069, best cost 16.7309 + 645.363 = 662.094 over 163 frames.
LOG (lattice-best-path[5.5.1009~1-e4940]:main():lattice-best-path.cc:99) For utterance TE0734-TE0736_2-A.084, best cost 15.9612 + 901.599 = 917.56 over 212 frames.
LOG (lattice-best-path[5.5.1009~1-e4940]:main():lattice-best-path.cc:99) For utterance TE0734-TE0736_2-A.181, best cost 21.4997 + 1031.09 = 1052.59 over 251 frames.
LOG (lattice-best-path[5.5.1009~1-e4940]:main():lattice-best-path.cc:99) For utterance TE0734-TE0736_2-A.192, best cost 9.19603 + 369.09 = 378.286 over 83 frames.
LOG (lattice-best-path[5.5.1009~1-e4940]:main():lattice-best-path.cc:99) For utterance TE0734-TE0736_2-B.031, best cost 8.29782 + 449.948 = 458.246 over 103 frames.
LOG (lattice-best-path[5.5.1009~1-e4940]:main():lattice-best-path.cc:99) For utterance TE0734-TE0736_2-B.095, best cost 15.7362 + 1074.53 = 1090.27 over 226 frames.
LOG (lattice-best-path[5.5.1009~1-e4940]:main():lattice-best-path.cc:99) For utterance TE0734-TE0736_2-B.130, best cost 9.96081 + 504.281 = 514.242 over 112 frames.
LOG (lattice-best-path[5.5.1009~1-e4940]:main():lattice-best-path.cc:99) For utterance TE0734-TE0736_2-B.134, best cost 8.60296 + 394.175 = 402.778 over 89 frames.
LOG (lattice-best-path[5.5.1009~1-e4940]:main():lattice-best-path.cc:99) For utterance TE0734-TE0736_2-B.186, best cost 18.0841 + 1153.85 = 1171.94 over 239 frames.
LOG (lattice-best-path[5.5.1009~1-e4940]:main():lattice-best-path.cc:99) For utterance TE0734-TE0736_2-B.195, best cost 18.9995 + 1185.35 = 1204.34 over 242 frames.
LOG (lattice-best-path[5.5.1009~1-e4940]:main():lattice-best-path.cc:99) For utterance TE0734-TE0736_2-B.210, best cost 6.29173 + 312.725 = 319.017 over 84 frames.
LOG (lattice-best-path[5.5.1009~1-e4940]:main():lattice-best-path.cc:99) For utterance TE0734-TE0736_2-B.223, best cost 39.0123 + 1569.22 = 1608.23 over 351 frames.
LOG (lattice-best-path[5.5.1009~1-e4940]:main():lattice-best-path.cc:99) For utterance TE0734-TE0736_2-B.243, best cost 16.9773 + 903.072 = 920.05 over 203 frames.
LOG (lattice-best-path[5.5.1009~1-e4940]:main():lattice-best-path.cc:99) For utterance TE0734-TE0736_2-B.254, best cost 23.8328 + 1241.57 = 1265.4 over 246 frames.
LOG (lattice-best-path[5.5.1009~1-e4940]:main():lattice-best-path.cc:99) For utterance TE0734-TE0736_2-B.257, best cost 28.5701 + 1908.62 = 1937.19 over 435 frames.
LOG (lattice-best-path[5.5.1009~1-e4940]:main():lattice-best-path.cc:99) For utterance TE0734-TE0736_2-B.272, best cost 18.9317 + 1036.52 = 1055.45 over 233 frames.
LOG (lattice-best-path[5.5.1009~1-e4940]:main():lattice-best-path.cc:99) For utterance TE0734-TE0736_2-B.281, best cost 10.4972 + 432.664 = 443.161 over 88 frames.
LOG (lattice-best-path[5.5.1009~1-e4940]:main():lattice-best-path.cc:99) For utterance TE0734-TE0736_2-B.337, best cost 11.6372 + 813.206 = 824.843 over 177 frames.
LOG (lattice-best-path[5.5.1009~1-e4940]:main():lattice-best-path.cc:99) For utterance TE0734-TE0736_2-B.339, best cost 9.91498 + 381.267 = 391.182 over 76 frames.
LOG (lattice-best-path[5.5.1009~1-e4940]:main():lattice-best-path.cc:99) For utterance TE0734-TE0736_2-B.358, best cost 12.6471 + 641.664 = 654.311 over 148 frames.
LOG (lattice-best-path[5.5.1009~1-e4940]:main():lattice-best-path.cc:99) For utterance TE0734-TE0736_2-B.370, best cost 8.40932 + 436.182 = 444.592 over 99 frames.
LOG (lattice-best-path[5.5.1009~1-e4940]:main():lattice-best-path.cc:99) For utterance TE0734-TE0736_2-B.378, best cost 24.259 + 1236.16 = 1260.42 over 274 frames.
LOG (lattice-best-path[5.5.1009~1-e4940]:main():lattice-best-path.cc:99) For utterance TE0734-TE0736_2-B.432, best cost 11.1632 + 545.08 = 556.243 over 133 frames.
LOG (lattice-best-path[5.5.1009~1-e4940]:main():lattice-best-path.cc:99) For utterance TE0735-TE0736_1-A.003, best cost 10.2262 + 566.094 = 576.32 over 140 frames.
LOG (lattice-best-path[5.5.1009~1-e4940]:main():lattice-best-path.cc:99) For utterance TE0735-TE0736_1-A.014, best cost 20.0008 + 1001.25 = 1021.26 over 210 frames.
LOG (lattice-best-path[5.5.1009~1-e4940]:main():lattice-best-path.cc:99) For utterance TE0735-TE0736_1-A.047, best cost 8.01767 + 438.171 = 446.189 over 96 frames.
LOG (lattice-best-path[5.5.1009~1-e4940]:main():lattice-best-path.cc:99) For utterance TE0735-TE0736_1-A.077, best cost 20.0399 + 472.148 = 492.188 over 104 frames.
LOG (lattice-best-path[5.5.1009~1-e4940]:main():lattice-best-path.cc:99) For utterance TE0735-TE0736_1-A.079, best cost 9.02988 + 433.029 = 442.058 over 91 frames.
LOG (lattice-best-path[5.5.1009~1-e4940]:main():lattice-best-path.cc:99) For utterance TE0735-TE0736_1-A.127, best cost 6.82656 + 353.213 = 360.039 over 82 frames.
LOG (lattice-best-path[5.5.1009~1-e4940]:main():lattice-best-path.cc:99) For utterance TE0735-TE0736_1-A.192, best cost 39.065 + 2259.11 = 2298.17 over 458 frames.
LOG (lattice-best-path[5.5.1009~1-e4940]:main():lattice-best-path.cc:99) For utterance TE0735-TE0736_1-A.194, best cost 27.5495 + 1775.26 = 1802.8 over 384 frames.
LOG (lattice-best-path[5.5.1009~1-e4940]:main():lattice-best-path.cc:99) For utterance TE0735-TE0736_1-A.200, best cost 9.29551 + 539.466 = 548.762 over 113 frames.
LOG (lattice-best-path[5.5.1009~1-e4940]:main():lattice-best-path.cc:99) For utterance TE0735-TE0736_1-A.204, best cost 5.31217 + 237.251 = 242.563 over 59 frames.
LOG (lattice-best-path[5.5.1009~1-e4940]:main():lattice-best-path.cc:99) For utterance TE0735-TE0736_1-A.208, best cost 11.2111 + 741.128 = 752.339 over 161 frames.
LOG (lattice-best-path[5.5.1009~1-e4940]:main():lattice-best-path.cc:99) For utterance TE0735-TE0736_1-A.214, best cost 17.781 + 1170.75 = 1188.54 over 256 frames.
LOG (lattice-best-path[5.5.1009~1-e4940]:main():lattice-best-path.cc:99) For utterance TE0735-TE0736_1-A.249, best cost 6.94259 + 310.01 = 316.953 over 74 frames.
LOG (lattice-best-path[5.5.1009~1-e4940]:main():lattice-best-path.cc:99) For utterance TE0735-TE0736_1-A.258, best cost 5.46304 + 303.942 = 309.405 over 68 frames.
LOG (lattice-best-path[5.5.1009~1-e4940]:main():lattice-best-path.cc:99) For utterance TE0735-TE0736_1-A.291, best cost 17.0678 + 1027.51 = 1044.58 over 222 frames.
LOG (lattice-best-path[5.5.1009~1-e4940]:main():lattice-best-path.cc:99) For utterance TE0735-TE0736_1-A.338, best cost 11.3202 + 565.731 = 577.051 over 133 frames.
LOG (lattice-best-path[5.5.1009~1-e4940]:main():lattice-best-path.cc:99) For utterance TE0735-TE0736_1-A.363, best cost 9.29573 + 380.432 = 389.728 over 97 frames.
LOG (lattice-best-path[5.5.1009~1-e4940]:main():lattice-best-path.cc:99) For utterance TE0735-TE0736_1-A.374, best cost 14.5915 + 630.997 = 645.589 over 138 frames.
LOG (lattice-best-path[5.5.1009~1-e4940]:main():lattice-best-path.cc:99) For utterance TE0735-TE0736_1-A.407, best cost 10.2843 + 581.239 = 591.523 over 129 frames.
LOG (lattice-best-path[5.5.1009~1-e4940]:main():lattice-best-path.cc:99) For utterance TE0735-TE0736_1-A.439, best cost 11.3613 + 683.874 = 695.235 over 148 frames.
LOG (lattice-best-path[5.5.1009~1-e4940]:main():lattice-best-path.cc:99) For utterance TE0735-TE0736_1-A.442, best cost 6.78349 + 570.344 = 577.128 over 133 frames.
LOG (lattice-best-path[5.5.1009~1-e4940]:main():lattice-best-path.cc:99) For utterance TE0735-TE0736_1-A.461, best cost 16.336 + 954.355 = 970.691 over 200 frames.
LOG (lattice-best-path[5.5.1009~1-e4940]:main():lattice-best-path.cc:99) For utterance TE0735-TE0736_1-A.463, best cost 9.38818 + 346.453 = 355.842 over 81 frames.
LOG (lattice-best-path[5.5.1009~1-e4940]:main():lattice-best-path.cc:99) For utterance TE0735-TE0736_1-A.485, best cost 11.3127 + 562.408 = 573.72 over 132 frames.
LOG (lattice-best-path[5.5.1009~1-e4940]:main():lattice-best-path.cc:99) For utterance TE0735-TE0736_1-B.002, best cost 17.0504 + 559.463 = 576.513 over 132 frames.
LOG (lattice-best-path[5.5.1009~1-e4940]:main():lattice-best-path.cc:99) For utterance TE0735-TE0736_1-B.031, best cost 13.5859 + 636.458 = 650.044 over 170 frames.
LOG (lattice-best-path[5.5.1009~1-e4940]:main():lattice-best-path.cc:99) For utterance TE0735-TE0736_1-B.038, best cost 8.2517 + 364.129 = 372.381 over 91 frames.
LOG (lattice-best-path[5.5.1009~1-e4940]:main():lattice-best-path.cc:99) For utterance TE0735-TE0736_1-B.050, best cost 7.85975 + 332.007 = 339.867 over 85 frames.
LOG (lattice-best-path[5.5.1009~1-e4940]:main():lattice-best-path.cc:99) For utterance TE0735-TE0736_1-B.052, best cost 14.222 + 661.936 = 676.158 over 149 frames.
LOG (lattice-best-path[5.5.1009~1-e4940]:main():lattice-best-path.cc:99) For utterance TE0735-TE0736_1-B.058, best cost 12.942 + 507.625 = 520.567 over 124 frames.
LOG (lattice-best-path[5.5.1009~1-e4940]:main():lattice-best-path.cc:99) For utterance TE0735-TE0736_1-B.068, best cost 18.1882 + 1103.84 = 1122.03 over 234 frames.
LOG (lattice-best-path[5.5.1009~1-e4940]:main():lattice-best-path.cc:99) For utterance TE0735-TE0736_1-B.088, best cost 12.0916 + 547.721 = 559.813 over 133 frames.
LOG (lattice-best-path[5.5.1009~1-e4940]:main():lattice-best-path.cc:99) For utterance TE0735-TE0736_1-B.108, best cost 5.20164 + 274.184 = 279.385 over 73 frames.
LOG (lattice-best-path[5.5.1009~1-e4940]:main():lattice-best-path.cc:99) For utterance TE0735-TE0736_1-B.112, best cost 12.7021 + 645.879 = 658.581 over 162 frames.
LOG (lattice-best-path[5.5.1009~1-e4940]:main():lattice-best-path.cc:99) For utterance TE0735-TE0736_1-B.147, best cost 9.15756 + 305.396 = 314.554 over 78 frames.
LOG (lattice-best-path[5.5.1009~1-e4940]:main():lattice-best-path.cc:99) For utterance TE0735-TE0736_1-B.171, best cost 13.8723 + 465.911 = 479.783 over 119 frames.
LOG (lattice-best-path[5.5.1009~1-e4940]:main():lattice-best-path.cc:99) For utterance TE0735-TE0736_1-B.194, best cost 4.66535 + 253.57 = 258.236 over 58 frames.
LOG (lattice-best-path[5.5.1009~1-e4940]:main():lattice-best-path.cc:99) For utterance TE0735-TE0736_1-B.206, best cost 9.10712 + 485.749 = 494.856 over 109 frames.
LOG (lattice-best-path[5.5.1009~1-e4940]:main():lattice-best-path.cc:99) For utterance TE0735-TE0736_1-B.222, best cost 5.64183 + 571.847 = 577.489 over 135 frames.
LOG (lattice-best-path[5.5.1009~1-e4940]:main():lattice-best-path.cc:99) For utterance TE0735-TE0736_1-B.265, best cost 8.94771 + 462.435 = 471.383 over 117 frames.
LOG (lattice-best-path[5.5.1009~1-e4940]:main():lattice-best-path.cc:99) For utterance TE0735-TE0736_1-B.386, best cost 8.44599 + 354.518 = 362.964 over 81 frames.
LOG (lattice-best-path[5.5.1009~1-e4940]:main():lattice-best-path.cc:99) For utterance TE0735-TE0736_1-B.405, best cost 7.99835 + 398.35 = 406.348 over 86 frames.
LOG (lattice-best-path[5.5.1009~1-e4940]:main():lattice-best-path.cc:99) For utterance TE0735-TE0736_2-A.012, best cost 22.8816 + 1595.21 = 1618.1 over 353 frames.
LOG (lattice-best-path[5.5.1009~1-e4940]:main():lattice-best-path.cc:99) For utterance TE0735-TE0736_2-A.035, best cost 38.7201 + 2301.13 = 2339.85 over 493 frames.
LOG (lattice-best-path[5.5.1009~1-e4940]:main():lattice-best-path.cc:99) For utterance TE0735-TE0736_2-A.054, best cost 24.9933 + 958.401 = 983.394 over 225 frames.
LOG (lattice-best-path[5.5.1009~1-e4940]:main():lattice-best-path.cc:99) For utterance TE0735-TE0736_2-A.063, best cost 53.9753 + 3722.47 = 3776.44 over 785 frames.
LOG (lattice-best-path[5.5.1009~1-e4940]:main():lattice-best-path.cc:99) For utterance TE0735-TE0736_2-A.067, best cost 8.61476 + 456.407 = 465.022 over 108 frames.
LOG (lattice-best-path[5.5.1009~1-e4940]:main():lattice-best-path.cc:99) For utterance TE0735-TE0736_2-B.034, best cost 28.9556 + 964.163 = 993.118 over 262 frames.
LOG (lattice-best-path[5.5.1009~1-e4940]:main():lattice-best-path.cc:99) For utterance TE0735-TE0736_2-B.078, best cost 18.8143 + 822.516 = 841.33 over 176 frames.
LOG (lattice-best-path[5.5.1009~1-e4940]:main():lattice-best-path.cc:99) For utterance TE0735-TE0736_2-B.080, best cost 14.1813 + 1180.49 = 1194.67 over 234 frames.
LOG (lattice-best-path[5.5.1009~1-e4940]:main():lattice-best-path.cc:99) For utterance TE0735-TE0736_2-B.095, best cost 14.0296 + 816.176 = 830.206 over 173 frames.
LOG (lattice-best-path[5.5.1009~1-e4940]:main():lattice-best-path.cc:99) For utterance TE0735-TE0736_2-B.097, best cost 7.4855 + 355.712 = 363.197 over 82 frames.
LOG (lattice-best-path[5.5.1009~1-e4940]:main():lattice-best-path.cc:99) For utterance TE0735-TE0736_2-B.133, best cost 18.4902 + 1040.47 = 1058.96 over 231 frames.
LOG (lattice-best-path[5.5.1009~1-e4940]:main():lattice-best-path.cc:99) For utterance TE0735-TE0736_2-B.165, best cost 28.9475 + 1803.94 = 1832.88 over 413 frames.
LOG (lattice-best-path[5.5.1009~1-e4940]:main():lattice-best-path.cc:99) For utterance TE0735-TE0736_2-B.167, best cost 27.6041 + 1295.93 = 1323.54 over 287 frames.
LOG (lattice-best-path[5.5.1009~1-e4940]:main():lattice-best-path.cc:99) For utterance TE0735-TE0736_2-B.205, best cost 27.7325 + 1628.47 = 1656.2 over 368 frames.
LOG (lattice-best-path[5.5.1009~1-e4940]:main():lattice-best-path.cc:99) For utterance TE0735-TE0736_2-B.231, best cost 24.9766 + 1529.59 = 1554.57 over 345 frames.
LOG (lattice-best-path[5.5.1009~1-e4940]:main():lattice-best-path.cc:99) For utterance TE0735-TE0736_2-B.253, best cost 9.70802 + 482.648 = 492.356 over 114 frames.
LOG (lattice-best-path[5.5.1009~1-e4940]:main():lattice-best-path.cc:99) For utterance TE0735-TE0736_2-B.292, best cost 14.7469 + 1076.82 = 1091.57 over 273 frames.
LOG (lattice-best-path[5.5.1009~1-e4940]:main():lattice-best-path.cc:99) For utterance TE0735-TE0736_2-B.297, best cost 33.7808 + 1696.8 = 1730.58 over 419 frames.
LOG (lattice-best-path[5.5.1009~1-e4940]:main():lattice-best-path.cc:99) For utterance TE0735-TE0736_2-B.311, best cost 7.05797 + 318.072 = 325.13 over 67 frames.
LOG (lattice-best-path[5.5.1009~1-e4940]:main():lattice-best-path.cc:99) For utterance TE0735-TE0736_2-B.315, best cost 21.9325 + 1093.87 = 1115.8 over 219 frames.
LOG (lattice-best-path[5.5.1009~1-e4940]:main():lattice-best-path.cc:99) For utterance TE0735-TE0736_2-B.361, best cost 10.1972 + 521.07 = 531.267 over 156 frames.
LOG (lattice-best-path[5.5.1009~1-e4940]:main():lattice-best-path.cc:99) For utterance TE0735-TE0736_2-B.413, best cost 12.6556 + 962.31 = 974.966 over 224 frames.
LOG (lattice-best-path[5.5.1009~1-e4940]:main():lattice-best-path.cc:99) For utterance TE0735-TE0736_2-B.418, best cost 28.7137 + 1660.62 = 1689.33 over 351 frames.
LOG (lattice-best-path[5.5.1009~1-e4940]:main():lattice-best-path.cc:99) For utterance TE0737-TE0738_1-A.008, best cost 17.4797 + 900.298 = 917.778 over 191 frames.
LOG (lattice-best-path[5.5.1009~1-e4940]:main():lattice-best-path.cc:99) For utterance TE0737-TE0738_1-A.020, best cost 14.1433 + 759.211 = 773.354 over 186 frames.
LOG (lattice-best-path[5.5.1009~1-e4940]:main():lattice-best-path.cc:99) For utterance TE0737-TE0738_1-A.034, best cost 24.2884 + 1361.3 = 1385.59 over 286 frames.
LOG (lattice-best-path[5.5.1009~1-e4940]:main():lattice-best-path.cc:99) For utterance TE0737-TE0738_1-A.039, best cost 12.2207 + 814.482 = 826.702 over 188 frames.
LOG (lattice-best-path[5.5.1009~1-e4940]:main():lattice-best-path.cc:99) For utterance TE0737-TE0738_1-A.043, best cost 23.4087 + 1688.47 = 1711.88 over 369 frames.
LOG (lattice-best-path[5.5.1009~1-e4940]:main():lattice-best-path.cc:99) For utterance TE0737-TE0738_1-A.048, best cost 14.7893 + 1017.34 = 1032.13 over 213 frames.
LOG (lattice-best-path[5.5.1009~1-e4940]:main():lattice-best-path.cc:99) For utterance TE0737-TE0738_1-A.065, best cost 8.8844 + 444.703 = 453.587 over 101 frames.
LOG (lattice-best-path[5.5.1009~1-e4940]:main():lattice-best-path.cc:99) For utterance TE0737-TE0738_1-A.101, best cost 10.2222 + 390.532 = 400.754 over 88 frames.
LOG (lattice-best-path[5.5.1009~1-e4940]:main():lattice-best-path.cc:99) For utterance TE0737-TE0738_1-A.110, best cost 8.45666 + 441.449 = 449.906 over 97 frames.
LOG (lattice-best-path[5.5.1009~1-e4940]:main():lattice-best-path.cc:99) For utterance TE0737-TE0738_1-A.127, best cost 11.77 + 613.131 = 624.901 over 128 frames.
LOG (lattice-best-path[5.5.1009~1-e4940]:main():lattice-best-path.cc:99) For utterance TE0737-TE0738_1-A.196, best cost 24.529 + 1576.88 = 1601.41 over 319 frames.
LOG (lattice-best-path[5.5.1009~1-e4940]:main():lattice-best-path.cc:99) For utterance TE0737-TE0738_1-A.199, best cost 20.4497 + 1429.92 = 1450.37 over 291 frames.
LOG (lattice-best-path[5.5.1009~1-e4940]:main():lattice-best-path.cc:99) For utterance TE0737-TE0738_1-A.202, best cost 11.6476 + 685.707 = 697.354 over 144 frames.
LOG (lattice-best-path[5.5.1009~1-e4940]:main():lattice-best-path.cc:99) For utterance TE0737-TE0738_1-A.207, best cost 15.9671 + 1028.01 = 1043.98 over 221 frames.
LOG (lattice-best-path[5.5.1009~1-e4940]:main():lattice-best-path.cc:99) For utterance TE0737-TE0738_1-A.243, best cost 17.0372 + 862.233 = 879.271 over 186 frames.
LOG (lattice-best-path[5.5.1009~1-e4940]:main():lattice-best-path.cc:99) For utterance TE0737-TE0738_1-A.263, best cost 10.2596 + 484.572 = 494.832 over 105 frames.
LOG (lattice-best-path[5.5.1009~1-e4940]:main():lattice-best-path.cc:99) For utterance TE0737-TE0738_1-A.275, best cost 8.02211 + 368.528 = 376.55 over 73 frames.
LOG (lattice-best-path[5.5.1009~1-e4940]:main():lattice-best-path.cc:99) For utterance TE0737-TE0738_1-A.289, best cost 7.97404 + 532.804 = 540.778 over 114 frames.
LOG (lattice-best-path[5.5.1009~1-e4940]:main():lattice-best-path.cc:99) For utterance TE0737-TE0738_1-A.292, best cost 12.7608 + 854.087 = 866.848 over 188 frames.
LOG (lattice-best-path[5.5.1009~1-e4940]:main():lattice-best-path.cc:99) For utterance TE0737-TE0738_1-A.295, best cost 16.4066 + 1010.74 = 1027.15 over 204 frames.
LOG (lattice-best-path[5.5.1009~1-e4940]:main():lattice-best-path.cc:99) For utterance TE0737-TE0738_1-A.304, best cost 14.7056 + 939.097 = 953.803 over 198 frames.
LOG (lattice-best-path[5.5.1009~1-e4940]:main():lattice-best-path.cc:99) For utterance TE0737-TE0738_1-A.340, best cost 14.1634 + 780.495 = 794.658 over 182 frames.
LOG (lattice-best-path[5.5.1009~1-e4940]:main():lattice-best-path.cc:99) For utterance TE0737-TE0738_1-A.354, best cost 15.3041 + 1028.08 = 1043.39 over 224 frames.
LOG (lattice-best-path[5.5.1009~1-e4940]:main():lattice-best-path.cc:99) For utterance TE0737-TE0738_1-A.367, best cost 30.2581 + 1378.39 = 1408.65 over 289 frames.
LOG (lattice-best-path[5.5.1009~1-e4940]:main():lattice-best-path.cc:99) For utterance TE0737-TE0738_1-B.072, best cost 32.4343 + 1355.9 = 1388.33 over 307 frames.
LOG (lattice-best-path[5.5.1009~1-e4940]:main():lattice-best-path.cc:99) For utterance TE0737-TE0738_2-A.006, best cost 8.43162 + 444.008 = 452.44 over 103 frames.
LOG (lattice-best-path[5.5.1009~1-e4940]:main():lattice-best-path.cc:99) For utterance TE0737-TE0738_2-A.028, best cost 9.89778 + 407.915 = 417.813 over 91 frames.
LOG (lattice-best-path[5.5.1009~1-e4940]:main():lattice-best-path.cc:99) For utterance TE0737-TE0738_2-A.038, best cost 19.2263 + 1251.15 = 1270.38 over 277 frames.
LOG (lattice-best-path[5.5.1009~1-e4940]:main():lattice-best-path.cc:99) For utterance TE0737-TE0738_2-B.017, best cost 32.8457 + 1916.37 = 1949.22 over 418 frames.
LOG (lattice-best-path[5.5.1009~1-e4940]:main():lattice-best-path.cc:99) For utterance TE0737-TE0738_2-B.025, best cost 41.0439 + 2931.86 = 2972.9 over 612 frames.
LOG (lattice-best-path[5.5.1009~1-e4940]:main():lattice-best-path.cc:99) For utterance TE0737-TE0738_2-B.037, best cost 31.6565 + 1881.96 = 1913.61 over 401 frames.
LOG (lattice-best-path[5.5.1009~1-e4940]:main():lattice-best-path.cc:99) For utterance TE0737-TE0738_2-B.061, best cost 2.94331 + 243.842 = 246.785 over 63 frames.
LOG (lattice-best-path[5.5.1009~1-e4940]:main():lattice-best-path.cc:99) For utterance TE0737-TE0738_2-B.063, best cost 8.543 + 380.74 = 389.283 over 98 frames.
LOG (lattice-best-path[5.5.1009~1-e4940]:main():lattice-best-path.cc:99) For utterance TE0737-TE0738_2-B.070, best cost 25.7622 + 1860.42 = 1886.18 over 409 frames.
LOG (lattice-best-path[5.5.1009~1-e4940]:main():lattice-best-path.cc:99) For utterance TE0737-TE0738_2-B.073, best cost 2.85006 + 216.855 = 219.705 over 54 frames.
LOG (lattice-best-path[5.5.1009~1-e4940]:main():lattice-best-path.cc:99) For utterance TE0737-TE0738_2-B.075, best cost 2.90633 + 224.817 = 227.724 over 52 frames.
LOG (lattice-best-path[5.5.1009~1-e4940]:main():lattice-best-path.cc:99) For utterance TE0737-TE0738_2-B.085, best cost 26.1972 + 1555.47 = 1581.66 over 346 frames.
LOG (lattice-best-path[5.5.1009~1-e4940]:main():lattice-best-path.cc:99) For utterance TE0737-TE0738_2-B.102, best cost 19.5173 + 1227.11 = 1246.62 over 284 frames.
LOG (lattice-best-path[5.5.1009~1-e4940]:main():lattice-best-path.cc:99) For utterance TE0737-TE0738_2-B.123, best cost 8.23769 + 436.449 = 444.687 over 111 frames.
LOG (lattice-best-path[5.5.1009~1-e4940]:main():lattice-best-path.cc:99) For utterance TE0737-TE0738_2-B.126, best cost 7.943 + 343.206 = 351.149 over 73 frames.
LOG (lattice-best-path[5.5.1009~1-e4940]:main():lattice-best-path.cc:99) For utterance TE0737-TE0738_2-B.129, best cost 26.9476 + 1451.51 = 1478.45 over 307 frames.
LOG (lattice-best-path[5.5.1009~1-e4940]:main():lattice-best-path.cc:99) For utterance TE0737-TE0738_2-B.138, best cost 15.4036 + 1028.43 = 1043.83 over 209 frames.
LOG (lattice-best-path[5.5.1009~1-e4940]:main():lattice-best-path.cc:99) For utterance TE0737-TE0738_2-B.139, best cost 39.0165 + 2471.24 = 2510.26 over 563 frames.
LOG (lattice-best-path[5.5.1009~1-e4940]:main():lattice-best-path.cc:99) For utterance TE0737-TE0738_2-B.156, best cost 12.7223 + 772.077 = 784.799 over 182 frames.
LOG (lattice-best-path[5.5.1009~1-e4940]:main():lattice-best-path.cc:99) For utterance TE0737-TE0738_2-B.160, best cost 31.5564 + 2117.12 = 2148.68 over 488 frames.
LOG (lattice-best-path[5.5.1009~1-e4940]:main():lattice-best-path.cc:99) For utterance TE0737-TE0738_2-B.174, best cost 10.6954 + 582.585 = 593.281 over 134 frames.
LOG (lattice-best-path[5.5.1009~1-e4940]:main():lattice-best-path.cc:99) For utterance TE0737-TE0738_2-B.176, best cost 11.6578 + 914.953 = 926.611 over 212 frames.
LOG (lattice-best-path[5.5.1009~1-e4940]:main():lattice-best-path.cc:99) For utterance TE0737-TE0738_2-B.183, best cost 26.6106 + 1646.18 = 1672.79 over 372 frames.
LOG (lattice-best-path[5.5.1009~1-e4940]:main():lattice-best-path.cc:99) For utterance TE0737-TE0738_2-B.188, best cost 16.9025 + 1182.53 = 1199.43 over 269 frames.
LOG (lattice-best-path[5.5.1009~1-e4940]:main():lattice-best-path.cc:99) For utterance TE0737-TE0738_2-B.189, best cost 18.0558 + 1366.06 = 1384.11 over 303 frames.
LOG (lattice-best-path[5.5.1009~1-e4940]:main():lattice-best-path.cc:99) For utterance TE0737-TE0738_2-B.193, best cost 13.7489 + 673.029 = 686.777 over 152 frames.
LOG (lattice-best-path[5.5.1009~1-e4940]:main():lattice-best-path.cc:99) For utterance TE0737-TE0738_2-B.207, best cost 2.88305 + 244.057 = 246.94 over 62 frames.
LOG (lattice-best-path[5.5.1009~1-e4940]:main():lattice-best-path.cc:99) For utterance TE0737-TE0738_2-B.215, best cost 7.6397 + 348.966 = 356.606 over 97 frames.
LOG (lattice-best-path[5.5.1009~1-e4940]:main():lattice-best-path.cc:99) For utterance TE0737-TE0738_2-B.216, best cost 41.0203 + 2520.26 = 2561.28 over 521 frames.
LOG (lattice-best-path[5.5.1009~1-e4940]:main():lattice-best-path.cc:99) For utterance TE0737-TE0738_2-B.218, best cost 6.28922 + 323.746 = 330.035 over 99 frames.
LOG (lattice-best-path[5.5.1009~1-e4940]:main():lattice-best-path.cc:99) For utterance TE0737-TE0738_2-B.221, best cost 2.63881 + 195.391 = 198.03 over 49 frames.
LOG (lattice-best-path[5.5.1009~1-e4940]:main():lattice-best-path.cc:99) For utterance TE0737-TE0738_2-B.233, best cost 10.5365 + 752.897 = 763.433 over 173 frames.
LOG (lattice-best-path[5.5.1009~1-e4940]:main():lattice-best-path.cc:99) For utterance TE0737-TE0738_2-B.236, best cost 19.0606 + 1355.53 = 1374.59 over 279 frames.
LOG (lattice-best-path[5.5.1009~1-e4940]:main():lattice-best-path.cc:99) For utterance TE0737-TE0738_2-B.240, best cost 2.84932 + 259.377 = 262.226 over 54 frames.
LOG (lattice-best-path[5.5.1009~1-e4940]:main():lattice-best-path.cc:99) For utterance TE0737-TE0738_2-B.242, best cost 17.2401 + 1010.39 = 1027.63 over 226 frames.
LOG (lattice-best-path[5.5.1009~1-e4940]:main():lattice-best-path.cc:99) For utterance TE0737-TE0738_2-B.243, best cost 31.3007 + 2170.78 = 2202.09 over 479 frames.
LOG (lattice-best-path[5.5.1009~1-e4940]:main():lattice-best-path.cc:99) For utterance TE0737-TE0738_2-B.248, best cost 29.5775 + 1877.93 = 1907.51 over 402 frames.
LOG (lattice-best-path[5.5.1009~1-e4940]:main():lattice-best-path.cc:99) For utterance TE0737-TE0738_2-B.257, best cost 31.2899 + 2053.76 = 2085.05 over 424 frames.
LOG (lattice-best-path[5.5.1009~1-e4940]:main():lattice-best-path.cc:99) For utterance TE0737-TE0738_2-B.264, best cost 15.3107 + 1058.13 = 1073.44 over 219 frames.
LOG (lattice-best-path[5.5.1009~1-e4940]:main():lattice-best-path.cc:99) For utterance TE0737-TE0738_2-B.293, best cost 12.6113 + 667.854 = 680.465 over 157 frames.
LOG (lattice-best-path[5.5.1009~1-e4940]:main():lattice-best-path.cc:99) For utterance TE0737-TE0738_2-B.298, best cost 24.5654 + 1371.2 = 1395.76 over 309 frames.
LOG (lattice-best-path[5.5.1009~1-e4940]:main():lattice-best-path.cc:99) For utterance TE0737-TE0738_2-B.312, best cost 3.58934 + 269.57 = 273.159 over 66 frames.
LOG (lattice-best-path[5.5.1009~1-e4940]:main():lattice-best-path.cc:99) For utterance TE0737-TE0738_2-B.325, best cost 24.4711 + 1615.21 = 1639.68 over 367 frames.
LOG (lattice-best-path[5.5.1009~1-e4940]:main():lattice-best-path.cc:99) For utterance TE0737-TE0738_2-B.328, best cost 3.3264 + 211.913 = 215.239 over 62 frames.
LOG (lattice-best-path[5.5.1009~1-e4940]:main():lattice-best-path.cc:99) For utterance TE0737-TE0738_2-B.334, best cost 12.6547 + 739.915 = 752.57 over 158 frames.
LOG (lattice-best-path[5.5.1009~1-e4940]:main():lattice-best-path.cc:99) For utterance TE0737-TE0738_2-B.338, best cost 3.46518 + 294.182 = 297.647 over 68 frames.
LOG (lattice-best-path[5.5.1009~1-e4940]:main():lattice-best-path.cc:99) For utterance TE0737-TE0739_1-A.016, best cost 7.49137 + 313.98 = 321.472 over 72 frames.
LOG (lattice-best-path[5.5.1009~1-e4940]:main():lattice-best-path.cc:99) For utterance TE0737-TE0739_1-A.033, best cost 12.9793 + 673.721 = 686.701 over 139 frames.
LOG (lattice-best-path[5.5.1009~1-e4940]:main():lattice-best-path.cc:99) For utterance TE0737-TE0739_1-A.038, best cost 11.9049 + 524.381 = 536.286 over 113 frames.
LOG (lattice-best-path[5.5.1009~1-e4940]:main():lattice-best-path.cc:99) For utterance TE0737-TE0739_1-A.040, best cost 7.76612 + 357.51 = 365.276 over 87 frames.
LOG (lattice-best-path[5.5.1009~1-e4940]:main():lattice-best-path.cc:99) For utterance TE0737-TE0739_1-A.048, best cost 12.9907 + 749.091 = 762.082 over 166 frames.
LOG (lattice-best-path[5.5.1009~1-e4940]:main():lattice-best-path.cc:99) For utterance TE0737-TE0739_1-A.054, best cost 8.76984 + 459.996 = 468.766 over 97 frames.
LOG (lattice-best-path[5.5.1009~1-e4940]:main():lattice-best-path.cc:99) For utterance TE0737-TE0739_1-A.129, best cost 12.6051 + 731.037 = 743.642 over 164 frames.
LOG (lattice-best-path[5.5.1009~1-e4940]:main():lattice-best-path.cc:99) For utterance TE0737-TE0739_1-A.206, best cost 19.1657 + 1182.23 = 1201.39 over 263 frames.
LOG (lattice-best-path[5.5.1009~1-e4940]:main():lattice-best-path.cc:99) For utterance TE0737-TE0739_1-A.244, best cost 29.135 + 1267.55 = 1296.68 over 248 frames.
LOG (lattice-best-path[5.5.1009~1-e4940]:main():lattice-best-path.cc:99) For utterance TE0737-TE0739_1-A.252, best cost 6.23356 + 184.007 = 190.241 over 37 frames.
LOG (lattice-best-path[5.5.1009~1-e4940]:main():lattice-best-path.cc:99) For utterance TE0737-TE0739_1-A.270, best cost 8.56609 + 312.081 = 320.647 over 67 frames.
LOG (lattice-best-path[5.5.1009~1-e4940]:main():lattice-best-path.cc:99) For utterance TE0737-TE0739_1-A.324, best cost 30.5312 + 1946.04 = 1976.57 over 381 frames.
LOG (lattice-best-path[5.5.1009~1-e4940]:main():lattice-best-path.cc:99) For utterance TE0737-TE0739_1-A.328, best cost 6.28277 + 224.166 = 230.449 over 48 frames.
LOG (lattice-best-path[5.5.1009~1-e4940]:main():lattice-best-path.cc:99) For utterance TE0737-TE0739_1-A.344, best cost 15.8438 + 993.086 = 1008.93 over 217 frames.
LOG (lattice-best-path[5.5.1009~1-e4940]:main():lattice-best-path.cc:99) For utterance TE0737-TE0739_1-A.348, best cost 19.6176 + 1259.62 = 1279.24 over 266 frames.
LOG (lattice-best-path[5.5.1009~1-e4940]:main():lattice-best-path.cc:99) For utterance TE0737-TE0739_1-A.352, best cost 11.1036 + 521.074 = 532.178 over 108 frames.
LOG (lattice-best-path[5.5.1009~1-e4940]:main():lattice-best-path.cc:99) For utterance TE0737-TE0739_1-A.359, best cost 7.36254 + 397.867 = 405.23 over 83 frames.
LOG (lattice-best-path[5.5.1009~1-e4940]:main():lattice-best-path.cc:99) For utterance TE0737-TE0739_1-A.376, best cost 7.64805 + 376.277 = 383.925 over 86 frames.
LOG (lattice-best-path[5.5.1009~1-e4940]:main():lattice-best-path.cc:99) For utterance TE0737-TE0739_1-A.396, best cost 14.1326 + 811.111 = 825.243 over 177 frames.
LOG (lattice-best-path[5.5.1009~1-e4940]:main():lattice-best-path.cc:99) For utterance TE0737-TE0739_1-B.019, best cost 8.28206 + 384.282 = 392.564 over 83 frames.
LOG (lattice-best-path[5.5.1009~1-e4940]:main():lattice-best-path.cc:99) For utterance TE0737-TE0739_1-B.025, best cost 5.2622 + 208.061 = 213.323 over 43 frames.
LOG (lattice-best-path[5.5.1009~1-e4940]:main():lattice-best-path.cc:99) For utterance TE0737-TE0739_1-B.033, best cost 14.8833 + 924.059 = 938.943 over 216 frames.
LOG (lattice-best-path[5.5.1009~1-e4940]:main():lattice-best-path.cc:99) For utterance TE0737-TE0739_1-B.041, best cost 7.70439 + 359.813 = 367.518 over 86 frames.
LOG (lattice-best-path[5.5.1009~1-e4940]:main():lattice-best-path.cc:99) For utterance TE0737-TE0739_1-B.048, best cost 17.1664 + 1056.04 = 1073.2 over 241 frames.
LOG (lattice-best-path[5.5.1009~1-e4940]:main():lattice-best-path.cc:99) For utterance TE0737-TE0739_1-B.054, best cost 21.0583 + 1506.42 = 1527.48 over 304 frames.
LOG (lattice-best-path[5.5.1009~1-e4940]:main():lattice-best-path.cc:99) For utterance TE0737-TE0739_1-B.061, best cost 9.35004 + 262.542 = 271.892 over 58 frames.
LOG (lattice-best-path[5.5.1009~1-e4940]:main():lattice-best-path.cc:99) For utterance TE0737-TE0739_1-B.070, best cost 8.74111 + 646.317 = 655.058 over 137 frames.
LOG (lattice-best-path[5.5.1009~1-e4940]:main():lattice-best-path.cc:99) For utterance TE0737-TE0739_1-B.096, best cost 9.77462 + 631.725 = 641.499 over 136 frames.
LOG (lattice-best-path[5.5.1009~1-e4940]:main():lattice-best-path.cc:99) For utterance TE0737-TE0739_1-B.126, best cost 7.65554 + 422.864 = 430.519 over 106 frames.
LOG (lattice-best-path[5.5.1009~1-e4940]:main():lattice-best-path.cc:99) For utterance TE0737-TE0739_1-B.137, best cost 9.42071 + 356.127 = 365.548 over 78 frames.
LOG (lattice-best-path[5.5.1009~1-e4940]:main():lattice-best-path.cc:99) For utterance TE0737-TE0739_2-A.006, best cost 10.0806 + 264.657 = 274.738 over 59 frames.
LOG (lattice-best-path[5.5.1009~1-e4940]:main():lattice-best-path.cc:99) For utterance TE0737-TE0739_2-A.016, best cost 11.6189 + 655.56 = 667.179 over 138 frames.
LOG (lattice-best-path[5.5.1009~1-e4940]:main():lattice-best-path.cc:99) For utterance TE0737-TE0739_2-A.042, best cost 21.3564 + 1473.69 = 1495.04 over 342 frames.
LOG (lattice-best-path[5.5.1009~1-e4940]:main():lattice-best-path.cc:99) For utterance TE0737-TE0739_2-A.065, best cost 12.2597 + 646.94 = 659.2 over 149 frames.
LOG (lattice-best-path[5.5.1009~1-e4940]:main():lattice-best-path.cc:99) For utterance TE0737-TE0739_2-A.075, best cost 33.3123 + 1820.18 = 1853.49 over 392 frames.
LOG (lattice-best-path[5.5.1009~1-e4940]:main():lattice-best-path.cc:99) For utterance TE0737-TE0739_2-A.076, best cost 21.4703 + 1253 = 1274.47 over 279 frames.
LOG (lattice-best-path[5.5.1009~1-e4940]:main():lattice-best-path.cc:99) For utterance TE0737-TE0739_2-A.094, best cost 7.30362 + 282.133 = 289.436 over 64 frames.
LOG (lattice-best-path[5.5.1009~1-e4940]:main():lattice-best-path.cc:99) For utterance TE0737-TE0739_2-A.114, best cost 12.1121 + 694.601 = 706.713 over 150 frames.
LOG (lattice-best-path[5.5.1009~1-e4940]:main():lattice-best-path.cc:99) For utterance TE0737-TE0739_2-A.117, best cost 7.51769 + 444.979 = 452.497 over 101 frames.
LOG (lattice-best-path[5.5.1009~1-e4940]:main():lattice-best-path.cc:99) For utterance TE0737-TE0739_2-A.122, best cost 21.4298 + 1026.56 = 1047.99 over 212 frames.
LOG (lattice-best-path[5.5.1009~1-e4940]:main():lattice-best-path.cc:99) For utterance TE0737-TE0739_2-A.131, best cost 14.7506 + 995.716 = 1010.47 over 223 frames.
LOG (lattice-best-path[5.5.1009~1-e4940]:main():lattice-best-path.cc:99) For utterance TE0737-TE0739_2-A.133, best cost 14.8586 + 1083.24 = 1098.1 over 221 frames.
LOG (lattice-best-path[5.5.1009~1-e4940]:main():lattice-best-path.cc:99) For utterance TE0737-TE0739_2-A.135, best cost 10.6373 + 584.732 = 595.369 over 136 frames.
LOG (lattice-best-path[5.5.1009~1-e4940]:main():lattice-best-path.cc:99) For utterance TE0737-TE0739_2-A.136, best cost 9.50209 + 555.957 = 565.459 over 126 frames.
LOG (lattice-best-path[5.5.1009~1-e4940]:main():lattice-best-path.cc:99) For utterance TE0737-TE0739_2-A.146, best cost 7.25668 + 285.876 = 293.133 over 61 frames.
LOG (lattice-best-path[5.5.1009~1-e4940]:main():lattice-best-path.cc:99) For utterance TE0737-TE0739_2-B.029, best cost 29.2533 + 1905.32 = 1934.57 over 402 frames.
LOG (lattice-best-path[5.5.1009~1-e4940]:main():lattice-best-path.cc:99) For utterance TE0737-TE0739_2-B.056, best cost 7.65956 + 752.822 = 760.482 over 142 frames.
LOG (lattice-best-path[5.5.1009~1-e4940]:main():lattice-best-path.cc:99) For utterance TE0737-TE0739_2-B.064, best cost 41.6884 + 3111.32 = 3153.01 over 641 frames.
LOG (lattice-best-path[5.5.1009~1-e4940]:main():lattice-best-path.cc:99) For utterance TE0737-TE0739_2-B.066, best cost 63.5056 + 4541.45 = 4604.95 over 958 frames.
LOG (lattice-best-path[5.5.1009~1-e4940]:main():lattice-best-path.cc:99) For utterance TE0737-TE0739_2-B.078, best cost 13.7735 + 723.178 = 736.952 over 149 frames.
LOG (lattice-best-path[5.5.1009~1-e4940]:main():lattice-best-path.cc:99) For utterance TE0737-TE0739_2-B.089, best cost 25.563 + 1863.55 = 1889.11 over 392 frames.
LOG (lattice-best-path[5.5.1009~1-e4940]:main():lattice-best-path.cc:99) For utterance TE0737-TE0739_2-B.114, best cost 36.7808 + 2141.89 = 2178.67 over 434 frames.
LOG (lattice-best-path[5.5.1009~1-e4940]:main():lattice-best-path.cc:99) For utterance TE0737-TE0739_2-B.119, best cost 6.26689 + 542.722 = 548.989 over 111 frames.
LOG (lattice-best-path[5.5.1009~1-e4940]:main():lattice-best-path.cc:99) For utterance TE0737-TE0739_2-B.167, best cost 24.8508 + 1499.56 = 1524.41 over 319 frames.
LOG (lattice-best-path[5.5.1009~1-e4940]:main():lattice-best-path.cc:99) For utterance TE0737-TE0739_2-B.173, best cost 40.3186 + 2722.76 = 2763.07 over 534 frames.
LOG (lattice-best-path[5.5.1009~1-e4940]:main():lattice-best-path.cc:99) For utterance TE0737-TE0739_2-B.175, best cost 15.9793 + 1090.91 = 1106.89 over 223 frames.
LOG (lattice-best-path[5.5.1009~1-e4940]:main():lattice-best-path.cc:99) For utterance TE0737-TE0739_2-B.176, best cost 18.2669 + 1376.56 = 1394.82 over 289 frames.
LOG (lattice-best-path[5.5.1009~1-e4940]:main():lattice-best-path.cc:99) For utterance TE0737-TE0739_2-B.177, best cost 33.574 + 2058.72 = 2092.29 over 452 frames.
LOG (lattice-best-path[5.5.1009~1-e4940]:main():lattice-best-path.cc:99) For utterance TE0737-TE0739_2-B.180, best cost 15.9254 + 961.617 = 977.542 over 214 frames.
LOG (lattice-best-path[5.5.1009~1-e4940]:main():lattice-best-path.cc:99) For utterance TE0737-TE0739_2-B.183, best cost 19.0345 + 1046.84 = 1065.88 over 215 frames.
LOG (lattice-best-path[5.5.1009~1-e4940]:main():lattice-best-path.cc:99) For utterance TE0737-TE0739_2-B.187, best cost 12.9084 + 857.442 = 870.351 over 177 frames.
LOG (lattice-best-path[5.5.1009~1-e4940]:main():lattice-best-path.cc:99) For utterance TE0737-TE0739_2-B.190, best cost 11.1131 + 796.219 = 807.332 over 154 frames.
LOG (lattice-best-path[5.5.1009~1-e4940]:main():lattice-best-path.cc:99) For utterance TE0737-TE0739_2-B.191, best cost 18.8503 + 1076.5 = 1095.35 over 216 frames.
LOG (lattice-best-path[5.5.1009~1-e4940]:main():lattice-best-path.cc:99) For utterance TE0737-TE0739_2-B.194, best cost 25.3051 + 1366.97 = 1392.28 over 272 frames.
LOG (lattice-best-path[5.5.1009~1-e4940]:main():lattice-best-path.cc:99) For utterance TE0737-TE0739_2-B.227, best cost 21.2829 + 1116.03 = 1137.32 over 233 frames.
LOG (lattice-best-path[5.5.1009~1-e4940]:main():lattice-best-path.cc:99) For utterance TE0737-TE0739_2-B.235, best cost 31.4473 + 2279.18 = 2310.63 over 436 frames.
LOG (lattice-best-path[5.5.1009~1-e4940]:main():lattice-best-path.cc:99) For utterance TE0737-TE0739_2-B.244, best cost 55.0315 + 3786.55 = 3841.58 over 751 frames.
LOG (lattice-best-path[5.5.1009~1-e4940]:main():lattice-best-path.cc:99) For utterance TE0737-TE0739_2-B.246, best cost 19.1085 + 1193.76 = 1212.87 over 236 frames.
LOG (lattice-best-path[5.5.1009~1-e4940]:main():lattice-best-path.cc:99) For utterance TE0737-TE0739_2-B.266, best cost 35.4743 + 1942.33 = 1977.8 over 402 frames.
LOG (lattice-best-path[5.5.1009~1-e4940]:main():lattice-best-path.cc:99) For utterance TE0738-TE0740_1-A.006, best cost 9.61033 + 470.053 = 479.664 over 108 frames.
LOG (lattice-best-path[5.5.1009~1-e4940]:main():lattice-best-path.cc:99) For utterance TE0738-TE0740_1-A.012, best cost 13.1841 + 820.3 = 833.484 over 202 frames.
LOG (lattice-best-path[5.5.1009~1-e4940]:main():lattice-best-path.cc:99) For utterance TE0738-TE0740_1-A.042, best cost 3.84075 + 453.557 = 457.398 over 108 frames.
LOG (lattice-best-path[5.5.1009~1-e4940]:main():lattice-best-path.cc:99) For utterance TE0738-TE0740_1-A.046, best cost 14.9753 + 660.93 = 675.905 over 158 frames.
LOG (lattice-best-path[5.5.1009~1-e4940]:main():lattice-best-path.cc:99) For utterance TE0738-TE0740_1-A.048, best cost 17.8248 + 931.485 = 949.31 over 206 frames.
LOG (lattice-best-path[5.5.1009~1-e4940]:main():lattice-best-path.cc:99) For utterance TE0738-TE0740_1-A.050, best cost 23.3853 + 1573.83 = 1597.21 over 333 frames.
LOG (lattice-best-path[5.5.1009~1-e4940]:main():lattice-best-path.cc:99) For utterance TE0738-TE0740_1-A.058, best cost 15.6421 + 758.32 = 773.962 over 163 frames.
LOG (lattice-best-path[5.5.1009~1-e4940]:main():lattice-best-path.cc:99) For utterance TE0738-TE0740_1-A.063, best cost 31.5085 + 2114.26 = 2145.77 over 448 frames.
LOG (lattice-best-path[5.5.1009~1-e4940]:main():lattice-best-path.cc:99) For utterance TE0738-TE0740_1-A.080, best cost 39.6849 + 1991.45 = 2031.13 over 438 frames.
LOG (lattice-best-path[5.5.1009~1-e4940]:main():lattice-best-path.cc:99) For utterance TE0738-TE0740_1-A.096, best cost 15.6551 + 949.803 = 965.458 over 199 frames.
LOG (lattice-best-path[5.5.1009~1-e4940]:main():lattice-best-path.cc:99) For utterance TE0738-TE0740_1-A.128, best cost 3.99377 + 209.497 = 213.491 over 53 frames.
LOG (lattice-best-path[5.5.1009~1-e4940]:main():lattice-best-path.cc:99) For utterance TE0738-TE0740_1-A.136, best cost 24.1399 + 1159.27 = 1183.41 over 246 frames.
LOG (lattice-best-path[5.5.1009~1-e4940]:main():lattice-best-path.cc:99) For utterance TE0738-TE0740_1-A.142, best cost 19.0453 + 1500.41 = 1519.45 over 333 frames.
LOG (lattice-best-path[5.5.1009~1-e4940]:main():lattice-best-path.cc:99) For utterance TE0738-TE0740_1-A.144, best cost 22.6621 + 1317.65 = 1340.31 over 306 frames.
LOG (lattice-best-path[5.5.1009~1-e4940]:main():lattice-best-path.cc:99) For utterance TE0738-TE0740_1-A.151, best cost 16.5248 + 803.717 = 820.242 over 178 frames.
LOG (lattice-best-path[5.5.1009~1-e4940]:main():lattice-best-path.cc:99) For utterance TE0738-TE0740_1-A.153, best cost 15.064 + 1083.42 = 1098.48 over 247 frames.
LOG (lattice-best-path[5.5.1009~1-e4940]:main():lattice-best-path.cc:99) For utterance TE0738-TE0740_1-A.154, best cost 56.2243 + 4103.9 = 4160.12 over 841 frames.
LOG (lattice-best-path[5.5.1009~1-e4940]:main():lattice-best-path.cc:99) For utterance TE0738-TE0740_1-A.165, best cost 26.1818 + 1454.69 = 1480.87 over 317 frames.
LOG (lattice-best-path[5.5.1009~1-e4940]:main():lattice-best-path.cc:99) For utterance TE0738-TE0740_1-A.175, best cost 2.63245 + 267.426 = 270.058 over 64 frames.
LOG (lattice-best-path[5.5.1009~1-e4940]:main():lattice-best-path.cc:99) For utterance TE0738-TE0740_1-A.177, best cost 2.48336 + 234.54 = 237.023 over 56 frames.
LOG (lattice-best-path[5.5.1009~1-e4940]:main():lattice-best-path.cc:99) For utterance TE0738-TE0740_1-A.179, best cost 14.5435 + 715.118 = 729.661 over 174 frames.
LOG (lattice-best-path[5.5.1009~1-e4940]:main():lattice-best-path.cc:99) For utterance TE0738-TE0740_1-A.197, best cost 13.7575 + 845.153 = 858.91 over 173 frames.
LOG (lattice-best-path[5.5.1009~1-e4940]:main():lattice-best-path.cc:99) For utterance TE0738-TE0740_1-A.208, best cost 14.7011 + 818.532 = 833.233 over 184 frames.
LOG (lattice-best-path[5.5.1009~1-e4940]:main():lattice-best-path.cc:99) For utterance TE0738-TE0740_1-A.257, best cost 19.6773 + 1060.37 = 1080.05 over 238 frames.
LOG (lattice-best-path[5.5.1009~1-e4940]:main():lattice-best-path.cc:99) For utterance TE0738-TE0740_1-A.300, best cost 3.97364 + 349.389 = 353.362 over 88 frames.
LOG (lattice-best-path[5.5.1009~1-e4940]:main():lattice-best-path.cc:99) For utterance TE0738-TE0740_1-A.316, best cost 2.62165 + 374.706 = 377.328 over 93 frames.
LOG (lattice-best-path[5.5.1009~1-e4940]:main():lattice-best-path.cc:99) For utterance TE0738-TE0740_1-A.330, best cost 3.20747 + 398.434 = 401.642 over 92 frames.
LOG (lattice-best-path[5.5.1009~1-e4940]:main():lattice-best-path.cc:99) For utterance TE0738-TE0740_1-A.334, best cost 2.91622 + 333.012 = 335.928 over 83 frames.
LOG (lattice-best-path[5.5.1009~1-e4940]:main():lattice-best-path.cc:99) For utterance TE0738-TE0740_1-A.347, best cost 14.9298 + 810.832 = 825.762 over 173 frames.
LOG (lattice-best-path[5.5.1009~1-e4940]:main():lattice-best-path.cc:99) For utterance TE0738-TE0740_1-B.025, best cost 16.7754 + 657.589 = 674.364 over 148 frames.
LOG (lattice-best-path[5.5.1009~1-e4940]:main():lattice-best-path.cc:99) For utterance TE0738-TE0740_1-B.059, best cost 22.1418 + 1234.44 = 1256.58 over 293 frames.
LOG (lattice-best-path[5.5.1009~1-e4940]:main():lattice-best-path.cc:99) For utterance TE0738-TE0740_1-B.064, best cost 7.7211 + 275.055 = 282.776 over 62 frames.
LOG (lattice-best-path[5.5.1009~1-e4940]:main():lattice-best-path.cc:99) For utterance TE0738-TE0740_1-B.070, best cost 2.53141 + 254.867 = 257.398 over 68 frames.
LOG (lattice-best-path[5.5.1009~1-e4940]:main():lattice-best-path.cc:99) For utterance TE0738-TE0740_1-B.082, best cost 10.9798 + 692.046 = 703.025 over 149 frames.
LOG (lattice-best-path[5.5.1009~1-e4940]:main():lattice-best-path.cc:99) For utterance TE0738-TE0740_1-B.104, best cost 15.105 + 753.104 = 768.209 over 177 frames.
LOG (lattice-best-path[5.5.1009~1-e4940]:main():lattice-best-path.cc:99) For utterance TE0738-TE0740_1-B.111, best cost 23.7259 + 1561.17 = 1584.9 over 358 frames.
LOG (lattice-best-path[5.5.1009~1-e4940]:main():lattice-best-path.cc:99) For utterance TE0738-TE0740_1-B.130, best cost 3.73548 + 273.386 = 277.121 over 79 frames.
LOG (lattice-best-path[5.5.1009~1-e4940]:main():lattice-best-path.cc:99) For utterance TE0738-TE0740_1-B.184, best cost 8.15172 + 311.932 = 320.084 over 68 frames.
LOG (lattice-best-path[5.5.1009~1-e4940]:main():lattice-best-path.cc:99) For utterance TE0738-TE0740_1-B.221, best cost 11.9464 + 526.683 = 538.629 over 119 frames.
LOG (lattice-best-path[5.5.1009~1-e4940]:main():lattice-best-path.cc:99) For utterance TE0738-TE0740_1-B.258, best cost 7.95341 + 403.603 = 411.556 over 98 frames.
LOG (lattice-best-path[5.5.1009~1-e4940]:main():lattice-best-path.cc:99) For utterance TE0738-TE0740_1-B.261, best cost 13.3604 + 590.365 = 603.725 over 136 frames.
LOG (lattice-best-path[5.5.1009~1-e4940]:main():lattice-best-path.cc:99) For utterance TE0738-TE0740_1-B.265, best cost 10.2921 + 558.86 = 569.152 over 128 frames.
LOG (lattice-best-path[5.5.1009~1-e4940]:main():lattice-best-path.cc:99) For utterance TE0738-TE0740_1-B.272, best cost 20.2758 + 1207.13 = 1227.4 over 271 frames.
LOG (lattice-best-path[5.5.1009~1-e4940]:main():lattice-best-path.cc:99) For utterance TE0738-TE0740_2-A.003, best cost 9.11191 + 539.217 = 548.329 over 131 frames.
LOG (lattice-best-path[5.5.1009~1-e4940]:main():lattice-best-path.cc:99) For utterance TE0738-TE0740_2-A.023, best cost 12.5361 + 480.359 = 492.896 over 107 frames.
LOG (lattice-best-path[5.5.1009~1-e4940]:main():lattice-best-path.cc:99) For utterance TE0738-TE0740_2-A.041, best cost 8.62703 + 209.439 = 218.066 over 56 frames.
LOG (lattice-best-path[5.5.1009~1-e4940]:main():lattice-best-path.cc:99) For utterance TE0738-TE0740_2-A.054, best cost 4.79012 + 289.126 = 293.917 over 73 frames.
LOG (lattice-best-path[5.5.1009~1-e4940]:main():lattice-best-path.cc:99) For utterance TE0738-TE0740_2-A.141, best cost 6.57096 + 412.81 = 419.381 over 93 frames.
LOG (lattice-best-path[5.5.1009~1-e4940]:main():lattice-best-path.cc:99) For utterance TE0738-TE0740_2-A.142, best cost 8.24493 + 397.917 = 406.162 over 83 frames.
LOG (lattice-best-path[5.5.1009~1-e4940]:main():lattice-best-path.cc:99) For utterance TE0738-TE0740_2-A.144, best cost 7.25176 + 336.957 = 344.209 over 79 frames.
LOG (lattice-best-path[5.5.1009~1-e4940]:main():lattice-best-path.cc:99) For utterance TE0738-TE0740_2-A.152, best cost 2.87928 + 298.87 = 301.75 over 71 frames.
LOG (lattice-best-path[5.5.1009~1-e4940]:main():lattice-best-path.cc:99) For utterance TE0738-TE0740_2-A.160, best cost 37.2783 + 1701.88 = 1739.15 over 372 frames.
LOG (lattice-depth-per-frame[5.5.1009~1-e4940]:main():lattice-depth-per-frame.cc:82) Done 454 lattices.
LOG (lattice-best-path[5.5.1009~1-e4940]:main():lattice-best-path.cc:99) For utterance TE0738-TE0740_2-A.200, best cost 3.06357 + 306.678 = 309.742 over 73 frames.
LOG (lattice-best-path[5.5.1009~1-e4940]:main():lattice-best-path.cc:99) For utterance TE0738-TE0740_2-A.212, best cost 18.4199 + 834.833 = 853.253 over 183 frames.
LOG (lattice-best-path[5.5.1009~1-e4940]:main():lattice-best-path.cc:99) For utterance TE0738-TE0740_2-A.215, best cost 15.1847 + 817.838 = 833.023 over 173 frames.
LOG (lattice-best-path[5.5.1009~1-e4940]:main():lattice-best-path.cc:99) For utterance TE0738-TE0740_2-A.241, best cost 3.0902 + 317.736 = 320.826 over 78 frames.
LOG (lattice-best-path[5.5.1009~1-e4940]:main():lattice-best-path.cc:99) For utterance TE0738-TE0740_2-A.251, best cost 4.10406 + 217.078 = 221.182 over 61 frames.
LOG (lattice-best-path[5.5.1009~1-e4940]:main():lattice-best-path.cc:99) For utterance TE0738-TE0740_2-B.003, best cost 8.10061 + 424.868 = 432.969 over 101 frames.
LOG (lattice-best-path[5.5.1009~1-e4940]:main():lattice-best-path.cc:99) For utterance TE0738-TE0740_2-B.021, best cost 34.8139 + 2105.82 = 2140.64 over 453 frames.
LOG (lattice-best-path[5.5.1009~1-e4940]:main():lattice-best-path.cc:99) For utterance TE0738-TE0740_2-B.054, best cost 36.2685 + 2230.49 = 2266.76 over 538 frames.
LOG (lattice-best-path[5.5.1009~1-e4940]:main():lattice-best-path.cc:99) For utterance TE0738-TE0740_2-B.072, best cost 21.0335 + 1201.68 = 1222.71 over 273 frames.
LOG (lattice-best-path[5.5.1009~1-e4940]:main():lattice-best-path.cc:99) For utterance TE0738-TE0740_2-B.074, best cost 20.2905 + 1445.11 = 1465.4 over 308 frames.
LOG (lattice-best-path[5.5.1009~1-e4940]:main():lattice-best-path.cc:99) For utterance TE0738-TE0740_2-B.101, best cost 12.4625 + 820.123 = 832.585 over 187 frames.
LOG (lattice-best-path[5.5.1009~1-e4940]:main():lattice-best-path.cc:99) For utterance TE0738-TE0740_2-B.124, best cost 17.2428 + 1032.52 = 1049.76 over 233 frames.
LOG (lattice-best-path[5.5.1009~1-e4940]:main():lattice-best-path.cc:99) For utterance TE0738-TE0740_2-B.143, best cost 8.36862 + 331.691 = 340.06 over 74 frames.
LOG (lattice-best-path[5.5.1009~1-e4940]:main():lattice-best-path.cc:99) For utterance TE0738-TE0740_2-B.155, best cost 7.21827 + 568.689 = 575.907 over 108 frames.
LOG (lattice-best-path[5.5.1009~1-e4940]:main():lattice-best-path.cc:99) For utterance TE0738-TE0740_2-B.159, best cost 19.7866 + 1256.55 = 1276.34 over 278 frames.
LOG (lattice-best-path[5.5.1009~1-e4940]:main():lattice-best-path.cc:99) For utterance TE0738-TE0740_2-B.166, best cost 12.5114 + 454.829 = 467.341 over 91 frames.
LOG (lattice-best-path[5.5.1009~1-e4940]:main():lattice-best-path.cc:99) For utterance TE0738-TE0740_2-B.167, best cost 17.4857 + 1104.21 = 1121.7 over 226 frames.
LOG (lattice-best-path[5.5.1009~1-e4940]:main():lattice-best-path.cc:99) For utterance TE0738-TE0740_2-B.190, best cost 10.0272 + 544.252 = 554.279 over 123 frames.
LOG (lattice-best-path[5.5.1009~1-e4940]:main():lattice-best-path.cc:99) For utterance TE0738-TE0740_2-B.196, best cost 23.5175 + 1530.35 = 1553.87 over 311 frames.
LOG (lattice-best-path[5.5.1009~1-e4940]:main():lattice-best-path.cc:99) For utterance TE0738-TE0740_2-B.204, best cost 29.1362 + 1653.37 = 1682.51 over 357 frames.
LOG (lattice-best-path[5.5.1009~1-e4940]:main():lattice-best-path.cc:99) For utterance TE0738-TE0740_2-B.212, best cost 10.5177 + 467.494 = 478.012 over 102 frames.
LOG (lattice-best-path[5.5.1009~1-e4940]:main():lattice-best-path.cc:99) For utterance TE0738-TE0740_2-B.217, best cost 22.5125 + 1614.78 = 1637.29 over 338 frames.
LOG (lattice-best-path[5.5.1009~1-e4940]:main():lattice-best-path.cc:99) For utterance TE0738-TE0740_2-B.235, best cost 13.9172 + 824.032 = 837.949 over 171 frames.
LOG (lattice-best-path[5.5.1009~1-e4940]:main():lattice-best-path.cc:99) For utterance TE0738-TE0740_2-B.238, best cost 10.5367 + 516.108 = 526.644 over 106 frames.
LOG (lattice-best-path[5.5.1009~1-e4940]:main():lattice-best-path.cc:99) For utterance TE0738-TE0740_2-B.240, best cost 8.70756 + 355.544 = 364.252 over 93 frames.
LOG (lattice-best-path[5.5.1009~1-e4940]:main():lattice-best-path.cc:99) For utterance TE0738-TE0740_2-B.264, best cost 15.1033 + 911.41 = 926.514 over 198 frames.
LOG (lattice-best-path[5.5.1009~1-e4940]:main():lattice-best-path.cc:99) For utterance TE0738-TE0740_2-B.276, best cost 15.3658 + 977.769 = 993.134 over 213 frames.
LOG (lattice-best-path[5.5.1009~1-e4940]:main():lattice-best-path.cc:99) For utterance TE0738-TE0740_2-B.287, best cost 10.371 + 546.115 = 556.487 over 108 frames.
LOG (lattice-best-path[5.5.1009~1-e4940]:main():lattice-best-path.cc:99) For utterance TE0738-TE0740_2-B.289, best cost 27.8611 + 1692.39 = 1720.25 over 362 frames.
LOG (lattice-best-path[5.5.1009~1-e4940]:main():lattice-best-path.cc:99) For utterance TE0738-TE0740_2-B.292, best cost 34.0249 + 1882.67 = 1916.69 over 444 frames.
LOG (lattice-best-path[5.5.1009~1-e4940]:main():lattice-best-path.cc:99) For utterance TE0738-TE0740_2-B.309, best cost 22.7113 + 1261.63 = 1284.34 over 272 frames.
LOG (lattice-best-path[5.5.1009~1-e4940]:main():lattice-best-path.cc:99) For utterance TE0738-TE0740_2-B.312, best cost 10.9824 + 700.834 = 711.816 over 149 frames.
LOG (lattice-best-path[5.5.1009~1-e4940]:main():lattice-best-path.cc:124) Overall cost per frame is 4.64264 = 0.0800915 [graph] + 4.56255 [acoustic] over 90497 frames.
LOG (lattice-best-path[5.5.1009~1-e4940]:main():lattice-best-path.cc:128) Done 454 lattices, failed for 0
# Accounting: time=1 threads=1
# Ended (code 0) at Tue Jun 14 09:45:22 UTC 2022, elapsed time 1 seconds
