# lattice-depth-per-frame "ark:gunzip -c telugu_exp/tri3_cleaned_work/lats/lat.32.gz|" "ark,t:|gzip -c > telugu_exp/tri3_cleaned_work/lats/depth_tmp.32.gz" ark:- | lattice-best-path --acoustic-scale=0.1 ark:- ark:/dev/null "ark,t:|gzip -c >telugu_exp/tri3_cleaned_work/lats/ali_tmp.32.gz" 
# Started at Tue Jun 14 09:45:21 UTC 2022
#
lattice-best-path --acoustic-scale=0.1 ark:- ark:/dev/null 'ark,t:|gzip -c >telugu_exp/tri3_cleaned_work/lats/ali_tmp.32.gz' 
lattice-depth-per-frame 'ark:gunzip -c telugu_exp/tri3_cleaned_work/lats/lat.32.gz|' 'ark,t:|gzip -c > telugu_exp/tri3_cleaned_work/lats/depth_tmp.32.gz' ark:- 
LOG (lattice-best-path[5.5.1009~1-e4940]:main():lattice-best-path.cc:99) For utterance 002110467, best cost 26.5319 + 2446.94 = 2473.47 over 532 frames.
LOG (lattice-best-path[5.5.1009~1-e4940]:main():lattice-best-path.cc:99) For utterance 002110473, best cost 25.0805 + 2202.89 = 2227.97 over 503 frames.
LOG (lattice-best-path[5.5.1009~1-e4940]:main():lattice-best-path.cc:99) For utterance 002110475, best cost 24.2931 + 2242.08 = 2266.38 over 495 frames.
LOG (lattice-best-path[5.5.1009~1-e4940]:main():lattice-best-path.cc:99) For utterance 002110476, best cost 42.1245 + 3643.96 = 3686.08 over 782 frames.
LOG (lattice-best-path[5.5.1009~1-e4940]:main():lattice-best-path.cc:99) For utterance 002110479, best cost 37.3161 + 3367.92 = 3405.23 over 725 frames.
LOG (lattice-best-path[5.5.1009~1-e4940]:main():lattice-best-path.cc:99) For utterance 002110484, best cost 50.6431 + 3590.64 = 3641.28 over 768 frames.
LOG (lattice-best-path[5.5.1009~1-e4940]:main():lattice-best-path.cc:99) For utterance 002110485, best cost 21.3175 + 2072.33 = 2093.65 over 476 frames.
LOG (lattice-best-path[5.5.1009~1-e4940]:main():lattice-best-path.cc:99) For utterance 002110488, best cost 57.268 + 4817.88 = 4875.15 over 1026 frames.
LOG (lattice-best-path[5.5.1009~1-e4940]:main():lattice-best-path.cc:99) For utterance 002110493, best cost 27.4424 + 2924.57 = 2952.02 over 607 frames.
LOG (lattice-best-path[5.5.1009~1-e4940]:main():lattice-best-path.cc:99) For utterance 002110499, best cost 44.4346 + 4226.08 = 4270.51 over 889 frames.
LOG (lattice-best-path[5.5.1009~1-e4940]:main():lattice-best-path.cc:99) For utterance 002120011, best cost 34.2145 + 3524 = 3558.21 over 713 frames.
LOG (lattice-best-path[5.5.1009~1-e4940]:main():lattice-best-path.cc:99) For utterance 002120043, best cost 31.8611 + 3017.22 = 3049.08 over 638 frames.
LOG (lattice-best-path[5.5.1009~1-e4940]:main():lattice-best-path.cc:99) For utterance 002120046, best cost 25.5613 + 2274.25 = 2299.81 over 488 frames.
LOG (lattice-best-path[5.5.1009~1-e4940]:main():lattice-best-path.cc:99) For utterance 002120055, best cost 37.4115 + 4287.16 = 4324.57 over 898 frames.
LOG (lattice-best-path[5.5.1009~1-e4940]:main():lattice-best-path.cc:99) For utterance 002120060, best cost 34.8567 + 3321.12 = 3355.97 over 681 frames.
LOG (lattice-best-path[5.5.1009~1-e4940]:main():lattice-best-path.cc:99) For utterance 002120063, best cost 34.7905 + 3383.92 = 3418.71 over 687 frames.
LOG (lattice-best-path[5.5.1009~1-e4940]:main():lattice-best-path.cc:99) For utterance 002120066, best cost 27.9043 + 2357.87 = 2385.77 over 547 frames.
LOG (lattice-best-path[5.5.1009~1-e4940]:main():lattice-best-path.cc:99) For utterance 002120102, best cost 26.2687 + 2607.84 = 2634.11 over 552 frames.
LOG (lattice-best-path[5.5.1009~1-e4940]:main():lattice-best-path.cc:99) For utterance 002120104, best cost 36.758 + 3675.86 = 3712.61 over 757 frames.
LOG (lattice-best-path[5.5.1009~1-e4940]:main():lattice-best-path.cc:99) For utterance 002120107, best cost 40.33 + 3470.44 = 3510.77 over 725 frames.
LOG (lattice-best-path[5.5.1009~1-e4940]:main():lattice-best-path.cc:99) For utterance 002120114, best cost 30.1482 + 2643.25 = 2673.4 over 566 frames.
LOG (lattice-best-path[5.5.1009~1-e4940]:main():lattice-best-path.cc:99) For utterance 002120116, best cost 28.9503 + 2893.37 = 2922.32 over 594 frames.
LOG (lattice-best-path[5.5.1009~1-e4940]:main():lattice-best-path.cc:99) For utterance 002120120, best cost 27.3341 + 2580.85 = 2608.18 over 584 frames.
LOG (lattice-best-path[5.5.1009~1-e4940]:main():lattice-best-path.cc:99) For utterance 002120128, best cost 31.1941 + 3416.68 = 3447.88 over 684 frames.
LOG (lattice-best-path[5.5.1009~1-e4940]:main():lattice-best-path.cc:99) For utterance 002120132, best cost 39.7051 + 4270.12 = 4309.83 over 824 frames.
LOG (lattice-best-path[5.5.1009~1-e4940]:main():lattice-best-path.cc:99) For utterance 002120137, best cost 31.1145 + 3127.9 = 3159.01 over 630 frames.
LOG (lattice-best-path[5.5.1009~1-e4940]:main():lattice-best-path.cc:99) For utterance 002120141, best cost 32.6295 + 3655.7 = 3688.33 over 734 frames.
LOG (lattice-best-path[5.5.1009~1-e4940]:main():lattice-best-path.cc:99) For utterance 002120142, best cost 43.9102 + 4437.41 = 4481.32 over 922 frames.
LOG (lattice-best-path[5.5.1009~1-e4940]:main():lattice-best-path.cc:99) For utterance 002120144, best cost 30.4145 + 2904.96 = 2935.38 over 618 frames.
LOG (lattice-best-path[5.5.1009~1-e4940]:main():lattice-best-path.cc:99) For utterance 002120150, best cost 27.239 + 2435.77 = 2463.01 over 529 frames.
LOG (lattice-best-path[5.5.1009~1-e4940]:main():lattice-best-path.cc:99) For utterance 002120169, best cost 31.3541 + 3418.92 = 3450.27 over 679 frames.
LOG (lattice-best-path[5.5.1009~1-e4940]:main():lattice-best-path.cc:99) For utterance 002120177, best cost 31.8942 + 3275.51 = 3307.4 over 656 frames.
LOG (lattice-best-path[5.5.1009~1-e4940]:main():lattice-best-path.cc:99) For utterance 002120178, best cost 59.7096 + 3624.91 = 3684.62 over 774 frames.
LOG (lattice-best-path[5.5.1009~1-e4940]:main():lattice-best-path.cc:99) For utterance 002120189, best cost 27.8208 + 2886.4 = 2914.22 over 657 frames.
LOG (lattice-best-path[5.5.1009~1-e4940]:main():lattice-best-path.cc:99) For utterance 002120195, best cost 28.2946 + 2728.81 = 2757.1 over 588 frames.
LOG (lattice-best-path[5.5.1009~1-e4940]:main():lattice-best-path.cc:99) For utterance 002120200, best cost 25.5453 + 2442.1 = 2467.65 over 525 frames.
LOG (lattice-best-path[5.5.1009~1-e4940]:main():lattice-best-path.cc:99) For utterance 002120203, best cost 26.4689 + 1703.68 = 1730.15 over 377 frames.
LOG (lattice-best-path[5.5.1009~1-e4940]:main():lattice-best-path.cc:99) For utterance 002120204, best cost 29.8925 + 3196.55 = 3226.45 over 659 frames.
LOG (lattice-best-path[5.5.1009~1-e4940]:main():lattice-best-path.cc:99) For utterance 002120207, best cost 23.5938 + 2250.69 = 2274.29 over 501 frames.
LOG (lattice-best-path[5.5.1009~1-e4940]:main():lattice-best-path.cc:99) For utterance 002120208, best cost 32.2745 + 2900.02 = 2932.29 over 618 frames.
LOG (lattice-best-path[5.5.1009~1-e4940]:main():lattice-best-path.cc:99) For utterance 002120213, best cost 34.369 + 3782.16 = 3816.53 over 772 frames.
LOG (lattice-best-path[5.5.1009~1-e4940]:main():lattice-best-path.cc:99) For utterance 002120218, best cost 23.6726 + 2013.27 = 2036.94 over 453 frames.
LOG (lattice-best-path[5.5.1009~1-e4940]:main():lattice-best-path.cc:99) For utterance 002120219, best cost 32.0281 + 1785.05 = 1817.08 over 406 frames.
LOG (lattice-best-path[5.5.1009~1-e4940]:main():lattice-best-path.cc:99) For utterance 002120220, best cost 21.7381 + 1786.16 = 1807.9 over 410 frames.
LOG (lattice-best-path[5.5.1009~1-e4940]:main():lattice-best-path.cc:99) For utterance 002120222, best cost 21.9141 + 1765.08 = 1786.99 over 393 frames.
LOG (lattice-best-path[5.5.1009~1-e4940]:main():lattice-best-path.cc:99) For utterance 002120223, best cost 62.1091 + 5214.88 = 5276.99 over 1017 frames.
LOG (lattice-best-path[5.5.1009~1-e4940]:main():lattice-best-path.cc:99) For utterance 002120232, best cost 51.1548 + 4722.44 = 4773.59 over 1020 frames.
LOG (lattice-best-path[5.5.1009~1-e4940]:main():lattice-best-path.cc:99) For utterance 002120237, best cost 69.0977 + 2968.72 = 3037.81 over 634 frames.
LOG (lattice-best-path[5.5.1009~1-e4940]:main():lattice-best-path.cc:99) For utterance 002120246, best cost 30.2796 + 2698.9 = 2729.18 over 581 frames.
LOG (lattice-best-path[5.5.1009~1-e4940]:main():lattice-best-path.cc:99) For utterance 002120250, best cost 56.7211 + 5441.89 = 5498.61 over 1062 frames.
LOG (lattice-best-path[5.5.1009~1-e4940]:main():lattice-best-path.cc:99) For utterance 002120251, best cost 89.3823 + 8060.88 = 8150.27 over 1437 frames.
LOG (lattice-best-path[5.5.1009~1-e4940]:main():lattice-best-path.cc:99) For utterance 002120252, best cost 34.4723 + 4452.07 = 4486.55 over 791 frames.
LOG (lattice-best-path[5.5.1009~1-e4940]:main():lattice-best-path.cc:99) For utterance 002120254, best cost 29.6026 + 2484.33 = 2513.93 over 558 frames.
LOG (lattice-best-path[5.5.1009~1-e4940]:main():lattice-best-path.cc:99) For utterance 002120257, best cost 47.7944 + 4521.92 = 4569.72 over 932 frames.
LOG (lattice-best-path[5.5.1009~1-e4940]:main():lattice-best-path.cc:99) For utterance 002120258, best cost 23.2782 + 2042.86 = 2066.14 over 457 frames.
LOG (lattice-best-path[5.5.1009~1-e4940]:main():lattice-best-path.cc:99) For utterance 002120259, best cost 41.0161 + 3346.35 = 3387.37 over 679 frames.
LOG (lattice-best-path[5.5.1009~1-e4940]:main():lattice-best-path.cc:99) For utterance 002120262, best cost 33.2197 + 2931.56 = 2964.78 over 653 frames.
LOG (lattice-best-path[5.5.1009~1-e4940]:main():lattice-best-path.cc:99) For utterance 002120265, best cost 36.6776 + 3468.33 = 3505.01 over 713 frames.
LOG (lattice-best-path[5.5.1009~1-e4940]:main():lattice-best-path.cc:99) For utterance 002120266, best cost 32.9666 + 3666.62 = 3699.59 over 713 frames.
LOG (lattice-best-path[5.5.1009~1-e4940]:main():lattice-best-path.cc:99) For utterance 002120268, best cost 42.5208 + 3827.9 = 3870.43 over 819 frames.
LOG (lattice-best-path[5.5.1009~1-e4940]:main():lattice-best-path.cc:99) For utterance 002120270, best cost 44.3024 + 2970.18 = 3014.49 over 625 frames.
LOG (lattice-best-path[5.5.1009~1-e4940]:main():lattice-best-path.cc:99) For utterance 002120277, best cost 27.2316 + 2194.45 = 2221.68 over 481 frames.
LOG (lattice-best-path[5.5.1009~1-e4940]:main():lattice-best-path.cc:99) For utterance 002120283, best cost 39.4289 + 2809.29 = 2848.72 over 634 frames.
LOG (lattice-best-path[5.5.1009~1-e4940]:main():lattice-best-path.cc:99) For utterance 002120285, best cost 29.6684 + 2916.62 = 2946.29 over 623 frames.
LOG (lattice-best-path[5.5.1009~1-e4940]:main():lattice-best-path.cc:99) For utterance 002120287, best cost 26.287 + 2451.51 = 2477.79 over 531 frames.
LOG (lattice-best-path[5.5.1009~1-e4940]:main():lattice-best-path.cc:99) For utterance 002120288, best cost 27.8486 + 2728.56 = 2756.41 over 592 frames.
LOG (lattice-best-path[5.5.1009~1-e4940]:main():lattice-best-path.cc:99) For utterance 002120289, best cost 57.1187 + 2593.42 = 2650.54 over 543 frames.
LOG (lattice-best-path[5.5.1009~1-e4940]:main():lattice-best-path.cc:99) For utterance 002120293, best cost 40.4453 + 4027.65 = 4068.09 over 859 frames.
LOG (lattice-best-path[5.5.1009~1-e4940]:main():lattice-best-path.cc:99) For utterance 002120295, best cost 30.88 + 3107.51 = 3138.39 over 648 frames.
LOG (lattice-best-path[5.5.1009~1-e4940]:main():lattice-best-path.cc:99) For utterance 002120296, best cost 43.1073 + 3598.13 = 3641.23 over 782 frames.
LOG (lattice-best-path[5.5.1009~1-e4940]:main():lattice-best-path.cc:99) For utterance 002120298, best cost 28.0918 + 2608.45 = 2636.54 over 542 frames.
LOG (lattice-best-path[5.5.1009~1-e4940]:main():lattice-best-path.cc:99) For utterance 002120302, best cost 34.1092 + 3608.33 = 3642.44 over 722 frames.
LOG (lattice-best-path[5.5.1009~1-e4940]:main():lattice-best-path.cc:99) For utterance 002120308, best cost 21.8062 + 1765.89 = 1787.7 over 389 frames.
LOG (lattice-best-path[5.5.1009~1-e4940]:main():lattice-best-path.cc:99) For utterance 002120310, best cost 33.7697 + 3750 = 3783.76 over 744 frames.
LOG (lattice-best-path[5.5.1009~1-e4940]:main():lattice-best-path.cc:99) For utterance 002120315, best cost 52.8539 + 5884.18 = 5937.03 over 1189 frames.
LOG (lattice-best-path[5.5.1009~1-e4940]:main():lattice-best-path.cc:99) For utterance 002120319, best cost 31.1074 + 3833.48 = 3864.59 over 730 frames.
LOG (lattice-best-path[5.5.1009~1-e4940]:main():lattice-best-path.cc:99) For utterance 002120324, best cost 44.6307 + 2446.13 = 2490.76 over 532 frames.
LOG (lattice-best-path[5.5.1009~1-e4940]:main():lattice-best-path.cc:99) For utterance 002120325, best cost 68.7712 + 5233.07 = 5301.84 over 992 frames.
LOG (lattice-best-path[5.5.1009~1-e4940]:main():lattice-best-path.cc:99) For utterance 002120328, best cost 32.8721 + 3307.94 = 3340.81 over 660 frames.
LOG (lattice-best-path[5.5.1009~1-e4940]:main():lattice-best-path.cc:99) For utterance 002120329, best cost 27.6479 + 2221.89 = 2249.54 over 506 frames.
LOG (lattice-best-path[5.5.1009~1-e4940]:main():lattice-best-path.cc:99) For utterance 002120334, best cost 31.4202 + 2867.08 = 2898.5 over 645 frames.
LOG (lattice-best-path[5.5.1009~1-e4940]:main():lattice-best-path.cc:99) For utterance 002120345, best cost 26.2268 + 2351.07 = 2377.3 over 507 frames.
LOG (lattice-best-path[5.5.1009~1-e4940]:main():lattice-best-path.cc:99) For utterance 002120348, best cost 42.6481 + 3123.64 = 3166.28 over 660 frames.
LOG (lattice-best-path[5.5.1009~1-e4940]:main():lattice-best-path.cc:99) For utterance 002120349, best cost 19.1168 + 1819.94 = 1839.05 over 395 frames.
LOG (lattice-best-path[5.5.1009~1-e4940]:main():lattice-best-path.cc:99) For utterance 002120350, best cost 45.0051 + 4028.26 = 4073.27 over 821 frames.
LOG (lattice-best-path[5.5.1009~1-e4940]:main():lattice-best-path.cc:99) For utterance 002120352, best cost 24.6971 + 2203.35 = 2228.05 over 490 frames.
LOG (lattice-best-path[5.5.1009~1-e4940]:main():lattice-best-path.cc:99) For utterance 002120355, best cost 43.04 + 4552.83 = 4595.87 over 954 frames.
LOG (lattice-best-path[5.5.1009~1-e4940]:main():lattice-best-path.cc:99) For utterance 002120357, best cost 42.0732 + 3857.52 = 3899.6 over 747 frames.
LOG (lattice-best-path[5.5.1009~1-e4940]:main():lattice-best-path.cc:99) For utterance 002120359, best cost 29.0377 + 3008.98 = 3038.02 over 626 frames.
LOG (lattice-best-path[5.5.1009~1-e4940]:main():lattice-best-path.cc:99) For utterance 002120361, best cost 38.6795 + 3747.75 = 3786.43 over 744 frames.
LOG (lattice-best-path[5.5.1009~1-e4940]:main():lattice-best-path.cc:99) For utterance 002120367, best cost 62.4844 + 2169.15 = 2231.64 over 458 frames.
LOG (lattice-best-path[5.5.1009~1-e4940]:main():lattice-best-path.cc:99) For utterance 002120371, best cost 32.0366 + 3676.73 = 3708.76 over 732 frames.
LOG (lattice-best-path[5.5.1009~1-e4940]:main():lattice-best-path.cc:99) For utterance 002120373, best cost 28.1306 + 2453.54 = 2481.67 over 547 frames.
LOG (lattice-best-path[5.5.1009~1-e4940]:main():lattice-best-path.cc:99) For utterance 002120374, best cost 68.5259 + 3803.85 = 3872.37 over 789 frames.
LOG (lattice-best-path[5.5.1009~1-e4940]:main():lattice-best-path.cc:99) For utterance 002120378, best cost 36.7359 + 3531.77 = 3568.5 over 747 frames.
LOG (lattice-best-path[5.5.1009~1-e4940]:main():lattice-best-path.cc:99) For utterance 002120381, best cost 46.6937 + 6529.13 = 6575.82 over 1218 frames.
LOG (lattice-best-path[5.5.1009~1-e4940]:main():lattice-best-path.cc:99) For utterance 002120382, best cost 24.0967 + 2329.67 = 2353.76 over 483 frames.
LOG (lattice-best-path[5.5.1009~1-e4940]:main():lattice-best-path.cc:99) For utterance 002120384, best cost 52.6164 + 5150.43 = 5203.05 over 1048 frames.
LOG (lattice-best-path[5.5.1009~1-e4940]:main():lattice-best-path.cc:99) For utterance 002120385, best cost 40.5943 + 4538.42 = 4579.01 over 917 frames.
LOG (lattice-best-path[5.5.1009~1-e4940]:main():lattice-best-path.cc:99) For utterance 002120391, best cost 32.1815 + 3169.66 = 3201.84 over 667 frames.
LOG (lattice-best-path[5.5.1009~1-e4940]:main():lattice-best-path.cc:99) For utterance 002120393, best cost 37.69 + 4264.53 = 4302.22 over 863 frames.
LOG (lattice-best-path[5.5.1009~1-e4940]:main():lattice-best-path.cc:99) For utterance 002120394, best cost 61.2435 + 4758.13 = 4819.37 over 897 frames.
LOG (lattice-best-path[5.5.1009~1-e4940]:main():lattice-best-path.cc:99) For utterance 002120402, best cost 24.3745 + 2154.5 = 2178.87 over 472 frames.
LOG (lattice-best-path[5.5.1009~1-e4940]:main():lattice-best-path.cc:99) For utterance 002120403, best cost 26.5767 + 2337.48 = 2364.06 over 506 frames.
LOG (lattice-best-path[5.5.1009~1-e4940]:main():lattice-best-path.cc:99) For utterance 002120408, best cost 45.6523 + 3120.24 = 3165.89 over 637 frames.
LOG (lattice-best-path[5.5.1009~1-e4940]:main():lattice-best-path.cc:99) For utterance 002120411, best cost 43.5828 + 5331.6 = 5375.19 over 1067 frames.
LOG (lattice-best-path[5.5.1009~1-e4940]:main():lattice-best-path.cc:99) For utterance 002120414, best cost 24.5693 + 4266.74 = 4291.31 over 754 frames.
LOG (lattice-best-path[5.5.1009~1-e4940]:main():lattice-best-path.cc:99) For utterance 002120416, best cost 28.2123 + 2438.64 = 2466.85 over 540 frames.
LOG (lattice-best-path[5.5.1009~1-e4940]:main():lattice-best-path.cc:99) For utterance 002120417, best cost 45.0604 + 3610.01 = 3655.07 over 738 frames.
LOG (lattice-best-path[5.5.1009~1-e4940]:main():lattice-best-path.cc:99) For utterance 002120419, best cost 54.7267 + 4844.6 = 4899.32 over 948 frames.
LOG (lattice-best-path[5.5.1009~1-e4940]:main():lattice-best-path.cc:99) For utterance 002120420, best cost 31.409 + 3337.91 = 3369.32 over 641 frames.
LOG (lattice-best-path[5.5.1009~1-e4940]:main():lattice-best-path.cc:99) For utterance 002120421, best cost 31.5153 + 2583.16 = 2614.68 over 570 frames.
LOG (lattice-best-path[5.5.1009~1-e4940]:main():lattice-best-path.cc:99) For utterance 002120423, best cost 50.7896 + 2753.05 = 2803.83 over 598 frames.
LOG (lattice-best-path[5.5.1009~1-e4940]:main():lattice-best-path.cc:99) For utterance 002120425, best cost 36.3613 + 3505.97 = 3542.33 over 697 frames.
LOG (lattice-best-path[5.5.1009~1-e4940]:main():lattice-best-path.cc:99) For utterance 002120427, best cost 47.3711 + 6042.28 = 6089.66 over 1103 frames.
LOG (lattice-best-path[5.5.1009~1-e4940]:main():lattice-best-path.cc:99) For utterance 002120428, best cost 54.1473 + 4838.24 = 4892.38 over 961 frames.
LOG (lattice-best-path[5.5.1009~1-e4940]:main():lattice-best-path.cc:99) For utterance 002120432, best cost 38.9223 + 3522.16 = 3561.08 over 717 frames.
LOG (lattice-best-path[5.5.1009~1-e4940]:main():lattice-best-path.cc:99) For utterance 002120434, best cost 36.285 + 2270.53 = 2306.82 over 508 frames.
LOG (lattice-best-path[5.5.1009~1-e4940]:main():lattice-best-path.cc:99) For utterance 002120435, best cost 41.9173 + 4845.09 = 4887.01 over 965 frames.
LOG (lattice-best-path[5.5.1009~1-e4940]:main():lattice-best-path.cc:99) For utterance 002120436, best cost 37.2781 + 3311.67 = 3348.95 over 667 frames.
LOG (lattice-best-path[5.5.1009~1-e4940]:main():lattice-best-path.cc:99) For utterance 002120437, best cost 36.3938 + 4063.57 = 4099.96 over 774 frames.
LOG (lattice-best-path[5.5.1009~1-e4940]:main():lattice-best-path.cc:99) For utterance 002120438, best cost 27.9809 + 3244.16 = 3272.14 over 667 frames.
LOG (lattice-best-path[5.5.1009~1-e4940]:main():lattice-best-path.cc:99) For utterance 002120439, best cost 35.7713 + 4014.98 = 4050.75 over 715 frames.
LOG (lattice-best-path[5.5.1009~1-e4940]:main():lattice-best-path.cc:99) For utterance 002120440, best cost 36.3826 + 4735.62 = 4772 over 871 frames.
LOG (lattice-best-path[5.5.1009~1-e4940]:main():lattice-best-path.cc:99) For utterance 002120441, best cost 30.0149 + 3755.95 = 3785.97 over 685 frames.
LOG (lattice-best-path[5.5.1009~1-e4940]:main():lattice-best-path.cc:99) For utterance 002120442, best cost 42.7425 + 2859.71 = 2902.45 over 579 frames.
LOG (lattice-best-path[5.5.1009~1-e4940]:main():lattice-best-path.cc:99) For utterance 002120443, best cost 26.6853 + 2190.34 = 2217.02 over 488 frames.
LOG (lattice-best-path[5.5.1009~1-e4940]:main():lattice-best-path.cc:99) For utterance 002120445, best cost 41.0492 + 2533.05 = 2574.1 over 535 frames.
LOG (lattice-best-path[5.5.1009~1-e4940]:main():lattice-best-path.cc:99) For utterance 002120446, best cost 21.1929 + 1740.08 = 1761.27 over 411 frames.
LOG (lattice-best-path[5.5.1009~1-e4940]:main():lattice-best-path.cc:99) For utterance 002120449, best cost 28.4923 + 3297.56 = 3326.05 over 618 frames.
LOG (lattice-best-path[5.5.1009~1-e4940]:main():lattice-best-path.cc:99) For utterance 002120450, best cost 36.16 + 3776.48 = 3812.64 over 749 frames.
LOG (lattice-best-path[5.5.1009~1-e4940]:main():lattice-best-path.cc:99) For utterance 002120455, best cost 32.1751 + 3175.59 = 3207.76 over 624 frames.
LOG (lattice-best-path[5.5.1009~1-e4940]:main():lattice-best-path.cc:99) For utterance 002120456, best cost 32.4573 + 4131.37 = 4163.82 over 765 frames.
LOG (lattice-best-path[5.5.1009~1-e4940]:main():lattice-best-path.cc:99) For utterance 002120457, best cost 38.285 + 3380.11 = 3418.39 over 666 frames.
LOG (lattice-best-path[5.5.1009~1-e4940]:main():lattice-best-path.cc:99) For utterance 002120459, best cost 36.2882 + 3907.57 = 3943.86 over 811 frames.
LOG (lattice-best-path[5.5.1009~1-e4940]:main():lattice-best-path.cc:99) For utterance 002120462, best cost 29.5054 + 3097.9 = 3127.4 over 637 frames.
LOG (lattice-best-path[5.5.1009~1-e4940]:main():lattice-best-path.cc:99) For utterance 002120464, best cost 31.8746 + 3714.93 = 3746.8 over 715 frames.
LOG (lattice-best-path[5.5.1009~1-e4940]:main():lattice-best-path.cc:99) For utterance 002120467, best cost 27.3156 + 2159.06 = 2186.38 over 486 frames.
LOG (lattice-best-path[5.5.1009~1-e4940]:main():lattice-best-path.cc:99) For utterance 002120468, best cost 26.7971 + 2335.31 = 2362.11 over 497 frames.
LOG (lattice-best-path[5.5.1009~1-e4940]:main():lattice-best-path.cc:99) For utterance 002120469, best cost 73.5753 + 6648.74 = 6722.31 over 1212 frames.
LOG (lattice-best-path[5.5.1009~1-e4940]:main():lattice-best-path.cc:99) For utterance 002120470, best cost 32.0306 + 3674.55 = 3706.58 over 664 frames.
LOG (lattice-best-path[5.5.1009~1-e4940]:main():lattice-best-path.cc:99) For utterance 002120471, best cost 61.0192 + 5446.19 = 5507.21 over 960 frames.
LOG (lattice-best-path[5.5.1009~1-e4940]:main():lattice-best-path.cc:99) For utterance 002120473, best cost 26.2573 + 2223.25 = 2249.51 over 471 frames.
LOG (lattice-best-path[5.5.1009~1-e4940]:main():lattice-best-path.cc:99) For utterance 002120476, best cost 67.487 + 6812.04 = 6879.53 over 1401 frames.
LOG (lattice-best-path[5.5.1009~1-e4940]:main():lattice-best-path.cc:99) For utterance 002120477, best cost 38.1553 + 3683.18 = 3721.34 over 724 frames.
LOG (lattice-best-path[5.5.1009~1-e4940]:main():lattice-best-path.cc:99) For utterance 002120481, best cost 42.0688 + 2675.57 = 2717.64 over 577 frames.
LOG (lattice-best-path[5.5.1009~1-e4940]:main():lattice-best-path.cc:99) For utterance 002120483, best cost 46.0242 + 3863.75 = 3909.78 over 798 frames.
LOG (lattice-best-path[5.5.1009~1-e4940]:main():lattice-best-path.cc:99) For utterance 002120487, best cost 33.8458 + 3844.6 = 3878.45 over 746 frames.
LOG (lattice-best-path[5.5.1009~1-e4940]:main():lattice-best-path.cc:99) For utterance 002120488, best cost 31.9267 + 2844.12 = 2876.05 over 592 frames.
LOG (lattice-best-path[5.5.1009~1-e4940]:main():lattice-best-path.cc:99) For utterance 002120490, best cost 32.2001 + 3351.46 = 3383.66 over 668 frames.
LOG (lattice-best-path[5.5.1009~1-e4940]:main():lattice-best-path.cc:99) For utterance 002120492, best cost 27.4979 + 2207.34 = 2234.84 over 481 frames.
LOG (lattice-best-path[5.5.1009~1-e4940]:main():lattice-best-path.cc:99) For utterance 002120495, best cost 63.1614 + 6397.38 = 6460.54 over 1185 frames.
LOG (lattice-best-path[5.5.1009~1-e4940]:main():lattice-best-path.cc:99) For utterance 002120496, best cost 47.4876 + 3549.69 = 3597.18 over 692 frames.
LOG (lattice-best-path[5.5.1009~1-e4940]:main():lattice-best-path.cc:99) For utterance 002120497, best cost 43.9551 + 3362.49 = 3406.45 over 714 frames.
LOG (lattice-best-path[5.5.1009~1-e4940]:main():lattice-best-path.cc:99) For utterance 002130001, best cost 38.0943 + 3402.94 = 3441.03 over 717 frames.
LOG (lattice-best-path[5.5.1009~1-e4940]:main():lattice-best-path.cc:99) For utterance 002130009, best cost 29.699 + 2697.16 = 2726.86 over 564 frames.
LOG (lattice-best-path[5.5.1009~1-e4940]:main():lattice-best-path.cc:99) For utterance 002130010, best cost 62.5903 + 8690.86 = 8753.45 over 1597 frames.
LOG (lattice-best-path[5.5.1009~1-e4940]:main():lattice-best-path.cc:99) For utterance 002130015, best cost 43.8541 + 4548.2 = 4592.05 over 915 frames.
LOG (lattice-best-path[5.5.1009~1-e4940]:main():lattice-best-path.cc:99) For utterance 002130016, best cost 27.7776 + 1944.24 = 1972.01 over 393 frames.
LOG (lattice-best-path[5.5.1009~1-e4940]:main():lattice-best-path.cc:99) For utterance 002130019, best cost 22.9265 + 2182.81 = 2205.74 over 452 frames.
LOG (lattice-best-path[5.5.1009~1-e4940]:main():lattice-best-path.cc:99) For utterance 002130027, best cost 32.7795 + 3512.9 = 3545.68 over 764 frames.
LOG (lattice-best-path[5.5.1009~1-e4940]:main():lattice-best-path.cc:99) For utterance 002130030, best cost 45.6257 + 2660.2 = 2705.82 over 595 frames.
LOG (lattice-best-path[5.5.1009~1-e4940]:main():lattice-best-path.cc:99) For utterance 002130031, best cost 26.8779 + 2613.74 = 2640.62 over 572 frames.
LOG (lattice-best-path[5.5.1009~1-e4940]:main():lattice-best-path.cc:99) For utterance 002130034, best cost 65.2336 + 4700.38 = 4765.61 over 950 frames.
LOG (lattice-best-path[5.5.1009~1-e4940]:main():lattice-best-path.cc:99) For utterance 002130045, best cost 26.9142 + 2772.29 = 2799.21 over 585 frames.
LOG (lattice-best-path[5.5.1009~1-e4940]:main():lattice-best-path.cc:99) For utterance 002130047, best cost 24.4066 + 2286.74 = 2311.14 over 489 frames.
LOG (lattice-best-path[5.5.1009~1-e4940]:main():lattice-best-path.cc:99) For utterance 002130048, best cost 31.9172 + 2542.96 = 2574.87 over 555 frames.
LOG (lattice-best-path[5.5.1009~1-e4940]:main():lattice-best-path.cc:99) For utterance 002130049, best cost 39.5645 + 3670.1 = 3709.66 over 750 frames.
LOG (lattice-best-path[5.5.1009~1-e4940]:main():lattice-best-path.cc:99) For utterance 002130052, best cost 39.6372 + 3343.4 = 3383.04 over 685 frames.
LOG (lattice-best-path[5.5.1009~1-e4940]:main():lattice-best-path.cc:99) For utterance 002130059, best cost 58.5819 + 5526.63 = 5585.22 over 1095 frames.
LOG (lattice-best-path[5.5.1009~1-e4940]:main():lattice-best-path.cc:99) For utterance 002130066, best cost 31.7959 + 3322.4 = 3354.2 over 646 frames.
LOG (lattice-best-path[5.5.1009~1-e4940]:main():lattice-best-path.cc:99) For utterance 002130080, best cost 32.682 + 3089.36 = 3122.04 over 619 frames.
LOG (lattice-best-path[5.5.1009~1-e4940]:main():lattice-best-path.cc:99) For utterance 002130085, best cost 46.8677 + 4146.33 = 4193.2 over 867 frames.
LOG (lattice-best-path[5.5.1009~1-e4940]:main():lattice-best-path.cc:99) For utterance 002130086, best cost 28.1091 + 2699.07 = 2727.18 over 591 frames.
LOG (lattice-best-path[5.5.1009~1-e4940]:main():lattice-best-path.cc:99) For utterance 002130088, best cost 42.6206 + 4990.12 = 5032.74 over 899 frames.
LOG (lattice-best-path[5.5.1009~1-e4940]:main():lattice-best-path.cc:99) For utterance 002130093, best cost 48.1378 + 5447.27 = 5495.4 over 1166 frames.
LOG (lattice-best-path[5.5.1009~1-e4940]:main():lattice-best-path.cc:99) For utterance 002130105, best cost 57.8274 + 4978.36 = 5036.19 over 999 frames.
LOG (lattice-best-path[5.5.1009~1-e4940]:main():lattice-best-path.cc:99) For utterance 002130110, best cost 54.4442 + 3740.06 = 3794.5 over 762 frames.
LOG (lattice-best-path[5.5.1009~1-e4940]:main():lattice-best-path.cc:99) For utterance 002130111, best cost 47.7825 + 4725.26 = 4773.04 over 903 frames.
LOG (lattice-best-path[5.5.1009~1-e4940]:main():lattice-best-path.cc:99) For utterance 002130116, best cost 107.946 + 9968.77 = 10076.7 over 1974 frames.
LOG (lattice-best-path[5.5.1009~1-e4940]:main():lattice-best-path.cc:99) For utterance 002130117, best cost 20.7622 + 2144.36 = 2165.12 over 457 frames.
LOG (lattice-best-path[5.5.1009~1-e4940]:main():lattice-best-path.cc:99) For utterance 002130118, best cost 26.0143 + 2554.28 = 2580.3 over 531 frames.
LOG (lattice-best-path[5.5.1009~1-e4940]:main():lattice-best-path.cc:99) For utterance 002130119, best cost 49.3314 + 5309.53 = 5358.86 over 1078 frames.
LOG (lattice-best-path[5.5.1009~1-e4940]:main():lattice-best-path.cc:99) For utterance 002130120, best cost 38.1152 + 3641.74 = 3679.86 over 766 frames.
LOG (lattice-best-path[5.5.1009~1-e4940]:main():lattice-best-path.cc:99) For utterance 002130121, best cost 28.9681 + 3086.69 = 3115.66 over 658 frames.
LOG (lattice-best-path[5.5.1009~1-e4940]:main():lattice-best-path.cc:99) For utterance 002130123, best cost 30.4127 + 2974.8 = 3005.21 over 620 frames.
LOG (lattice-best-path[5.5.1009~1-e4940]:main():lattice-best-path.cc:99) For utterance 002130142, best cost 28.0085 + 2498.69 = 2526.7 over 526 frames.
LOG (lattice-best-path[5.5.1009~1-e4940]:main():lattice-best-path.cc:99) For utterance 002130148, best cost 42.754 + 4300.9 = 4343.65 over 920 frames.
LOG (lattice-best-path[5.5.1009~1-e4940]:main():lattice-best-path.cc:99) For utterance 002130156, best cost 40.0577 + 4406.75 = 4446.81 over 832 frames.
LOG (lattice-best-path[5.5.1009~1-e4940]:main():lattice-best-path.cc:99) For utterance 002130161, best cost 41.1071 + 5236.19 = 5277.3 over 828 frames.
LOG (lattice-best-path[5.5.1009~1-e4940]:main():lattice-best-path.cc:99) For utterance 002130165, best cost 44.6739 + 4316.34 = 4361.02 over 863 frames.
LOG (lattice-best-path[5.5.1009~1-e4940]:main():lattice-best-path.cc:99) For utterance 002130168, best cost 23.0489 + 1909.38 = 1932.43 over 442 frames.
LOG (lattice-best-path[5.5.1009~1-e4940]:main():lattice-best-path.cc:99) For utterance 002130171, best cost 24.2711 + 2357.7 = 2381.97 over 503 frames.
LOG (lattice-best-path[5.5.1009~1-e4940]:main():lattice-best-path.cc:99) For utterance 002130173, best cost 64.6741 + 6038.78 = 6103.46 over 1227 frames.
LOG (lattice-best-path[5.5.1009~1-e4940]:main():lattice-best-path.cc:99) For utterance 002130174, best cost 57.6931 + 6265.62 = 6323.31 over 1340 frames.
LOG (lattice-best-path[5.5.1009~1-e4940]:main():lattice-best-path.cc:99) For utterance 002130176, best cost 63.9943 + 5321.64 = 5385.64 over 1131 frames.
LOG (lattice-best-path[5.5.1009~1-e4940]:main():lattice-best-path.cc:99) For utterance 002130179, best cost 38.6297 + 3700.84 = 3739.47 over 804 frames.
LOG (lattice-best-path[5.5.1009~1-e4940]:main():lattice-best-path.cc:99) For utterance 002130181, best cost 47.9592 + 4040.2 = 4088.16 over 868 frames.
LOG (lattice-best-path[5.5.1009~1-e4940]:main():lattice-best-path.cc:99) For utterance 002130183, best cost 58.0969 + 4986.22 = 5044.32 over 997 frames.
LOG (lattice-best-path[5.5.1009~1-e4940]:main():lattice-best-path.cc:99) For utterance 002130190, best cost 40.5088 + 4402.02 = 4442.52 over 889 frames.
LOG (lattice-best-path[5.5.1009~1-e4940]:main():lattice-best-path.cc:99) For utterance 002130198, best cost 30.9377 + 3625.92 = 3656.85 over 746 frames.
LOG (lattice-best-path[5.5.1009~1-e4940]:main():lattice-best-path.cc:99) For utterance 002130206, best cost 30.8976 + 3251.28 = 3282.17 over 692 frames.
LOG (lattice-best-path[5.5.1009~1-e4940]:main():lattice-best-path.cc:99) For utterance 002130209, best cost 35.8243 + 4026.88 = 4062.7 over 818 frames.
LOG (lattice-best-path[5.5.1009~1-e4940]:main():lattice-best-path.cc:99) For utterance 002130229, best cost 48.9342 + 4791.26 = 4840.19 over 1017 frames.
LOG (lattice-best-path[5.5.1009~1-e4940]:main():lattice-best-path.cc:99) For utterance 002130230, best cost 36.3662 + 3615.55 = 3651.91 over 774 frames.
LOG (lattice-best-path[5.5.1009~1-e4940]:main():lattice-best-path.cc:99) For utterance 002130243, best cost 40.8948 + 2330.84 = 2371.73 over 518 frames.
LOG (lattice-best-path[5.5.1009~1-e4940]:main():lattice-best-path.cc:99) For utterance 002130245, best cost 37.5288 + 3919.48 = 3957.01 over 843 frames.
LOG (lattice-best-path[5.5.1009~1-e4940]:main():lattice-best-path.cc:99) For utterance 002130254, best cost 55.5971 + 5080.76 = 5136.36 over 893 frames.
LOG (lattice-best-path[5.5.1009~1-e4940]:main():lattice-best-path.cc:99) For utterance 002130257, best cost 26.0951 + 2219.05 = 2245.15 over 505 frames.
LOG (lattice-best-path[5.5.1009~1-e4940]:main():lattice-best-path.cc:99) For utterance 002130262, best cost 36.3559 + 3290.24 = 3326.6 over 693 frames.
LOG (lattice-best-path[5.5.1009~1-e4940]:main():lattice-best-path.cc:99) For utterance 002130265, best cost 33.5202 + 2381.66 = 2415.18 over 525 frames.
LOG (lattice-best-path[5.5.1009~1-e4940]:main():lattice-best-path.cc:99) For utterance 002130266, best cost 51.3006 + 5930.47 = 5981.77 over 1027 frames.
LOG (lattice-best-path[5.5.1009~1-e4940]:main():lattice-best-path.cc:99) For utterance 002130268, best cost 42.3457 + 4228.84 = 4271.18 over 869 frames.
LOG (lattice-best-path[5.5.1009~1-e4940]:main():lattice-best-path.cc:99) For utterance 002130271, best cost 34.0092 + 3537.93 = 3571.94 over 720 frames.
LOG (lattice-best-path[5.5.1009~1-e4940]:main():lattice-best-path.cc:99) For utterance 002130275, best cost 35.8907 + 2608.53 = 2644.42 over 565 frames.
LOG (lattice-best-path[5.5.1009~1-e4940]:main():lattice-best-path.cc:99) For utterance 002130280, best cost 36.7171 + 3966.76 = 4003.47 over 768 frames.
LOG (lattice-best-path[5.5.1009~1-e4940]:main():lattice-best-path.cc:99) For utterance 002130289, best cost 44.6309 + 4187.24 = 4231.87 over 882 frames.
LOG (lattice-best-path[5.5.1009~1-e4940]:main():lattice-best-path.cc:99) For utterance 002130290, best cost 38.1936 + 2651.31 = 2689.5 over 574 frames.
LOG (lattice-best-path[5.5.1009~1-e4940]:main():lattice-best-path.cc:99) For utterance 002130295, best cost 27.2036 + 2835.06 = 2862.26 over 597 frames.
LOG (lattice-best-path[5.5.1009~1-e4940]:main():lattice-best-path.cc:99) For utterance 002130296, best cost 39.4132 + 4131.7 = 4171.12 over 924 frames.
LOG (lattice-best-path[5.5.1009~1-e4940]:main():lattice-best-path.cc:99) For utterance 002130298, best cost 54.021 + 3588.23 = 3642.25 over 712 frames.
LOG (lattice-best-path[5.5.1009~1-e4940]:main():lattice-best-path.cc:99) For utterance 002130302, best cost 25.9517 + 3007.89 = 3033.84 over 617 frames.
LOG (lattice-best-path[5.5.1009~1-e4940]:main():lattice-best-path.cc:99) For utterance 002130305, best cost 26.44 + 2394.24 = 2420.68 over 535 frames.
LOG (lattice-best-path[5.5.1009~1-e4940]:main():lattice-best-path.cc:99) For utterance 002130309, best cost 27.0704 + 2340.05 = 2367.12 over 518 frames.
LOG (lattice-best-path[5.5.1009~1-e4940]:main():lattice-best-path.cc:99) For utterance 002130314, best cost 62.9361 + 2599.66 = 2662.6 over 609 frames.
LOG (lattice-best-path[5.5.1009~1-e4940]:main():lattice-best-path.cc:99) For utterance 002130315, best cost 65.2185 + 5457.38 = 5522.59 over 1110 frames.
LOG (lattice-best-path[5.5.1009~1-e4940]:main():lattice-best-path.cc:99) For utterance 002130324, best cost 52.9878 + 5353.85 = 5406.84 over 1001 frames.
LOG (lattice-best-path[5.5.1009~1-e4940]:main():lattice-best-path.cc:99) For utterance 002130333, best cost 35.4358 + 3884.54 = 3919.97 over 768 frames.
LOG (lattice-best-path[5.5.1009~1-e4940]:main():lattice-best-path.cc:99) For utterance 002130335, best cost 37.8761 + 4238.12 = 4276 over 920 frames.
LOG (lattice-best-path[5.5.1009~1-e4940]:main():lattice-best-path.cc:99) For utterance 002130339, best cost 38.2631 + 3984.3 = 4022.56 over 828 frames.
LOG (lattice-best-path[5.5.1009~1-e4940]:main():lattice-best-path.cc:99) For utterance 002130351, best cost 39.6761 + 2702.68 = 2742.36 over 599 frames.
LOG (lattice-best-path[5.5.1009~1-e4940]:main():lattice-best-path.cc:99) For utterance 002130353, best cost 58.3947 + 5910.3 = 5968.69 over 1024 frames.
LOG (lattice-best-path[5.5.1009~1-e4940]:main():lattice-best-path.cc:99) For utterance 002130362, best cost 32.3538 + 3361.47 = 3393.82 over 652 frames.
LOG (lattice-best-path[5.5.1009~1-e4940]:main():lattice-best-path.cc:99) For utterance 002130366, best cost 45.2441 + 2942.73 = 2987.98 over 600 frames.
LOG (lattice-best-path[5.5.1009~1-e4940]:main():lattice-best-path.cc:99) For utterance 002130372, best cost 25.5126 + 3074.85 = 3100.36 over 613 frames.
LOG (lattice-best-path[5.5.1009~1-e4940]:main():lattice-best-path.cc:99) For utterance 002130378, best cost 46.3842 + 4774.77 = 4821.16 over 1000 frames.
LOG (lattice-best-path[5.5.1009~1-e4940]:main():lattice-best-path.cc:99) For utterance 002130383, best cost 26.4523 + 2424.52 = 2450.97 over 523 frames.
LOG (lattice-best-path[5.5.1009~1-e4940]:main():lattice-best-path.cc:99) For utterance 002130385, best cost 31.6427 + 4205.1 = 4236.74 over 733 frames.
LOG (lattice-best-path[5.5.1009~1-e4940]:main():lattice-best-path.cc:99) For utterance 002130388, best cost 54.4336 + 5343.32 = 5397.75 over 979 frames.
LOG (lattice-best-path[5.5.1009~1-e4940]:main():lattice-best-path.cc:99) For utterance 002130390, best cost 34.6809 + 3218.62 = 3253.3 over 620 frames.
LOG (lattice-best-path[5.5.1009~1-e4940]:main():lattice-best-path.cc:99) For utterance 002130393, best cost 83.9038 + 8042.7 = 8126.6 over 1349 frames.
LOG (lattice-best-path[5.5.1009~1-e4940]:main():lattice-best-path.cc:99) For utterance 002130398, best cost 47.5316 + 4795.35 = 4842.88 over 989 frames.
LOG (lattice-best-path[5.5.1009~1-e4940]:main():lattice-best-path.cc:99) For utterance 002130417, best cost 53.6133 + 5807.91 = 5861.52 over 1049 frames.
LOG (lattice-best-path[5.5.1009~1-e4940]:main():lattice-best-path.cc:99) For utterance 002130472, best cost 48.4181 + 5589.35 = 5637.76 over 1114 frames.
LOG (lattice-best-path[5.5.1009~1-e4940]:main():lattice-best-path.cc:99) For utterance 002140001, best cost 28.6618 + 2499.16 = 2527.82 over 576 frames.
LOG (lattice-best-path[5.5.1009~1-e4940]:main():lattice-best-path.cc:99) For utterance 002140002, best cost 35.2691 + 3229.97 = 3265.24 over 647 frames.
LOG (lattice-best-path[5.5.1009~1-e4940]:main():lattice-best-path.cc:99) For utterance 002140003, best cost 35.9788 + 3707.76 = 3743.74 over 727 frames.
LOG (lattice-best-path[5.5.1009~1-e4940]:main():lattice-best-path.cc:99) For utterance 002140005, best cost 45.8121 + 4362.65 = 4408.46 over 891 frames.
LOG (lattice-best-path[5.5.1009~1-e4940]:main():lattice-best-path.cc:99) For utterance 002140008, best cost 25.1549 + 1973.98 = 1999.13 over 444 frames.
LOG (lattice-best-path[5.5.1009~1-e4940]:main():lattice-best-path.cc:99) For utterance 002140009, best cost 45.8271 + 4293.55 = 4339.38 over 894 frames.
LOG (lattice-best-path[5.5.1009~1-e4940]:main():lattice-best-path.cc:99) For utterance 002140011, best cost 24.2303 + 2367.63 = 2391.86 over 521 frames.
LOG (lattice-best-path[5.5.1009~1-e4940]:main():lattice-best-path.cc:99) For utterance 002140012, best cost 21.6487 + 2065.04 = 2086.69 over 470 frames.
LOG (lattice-best-path[5.5.1009~1-e4940]:main():lattice-best-path.cc:99) For utterance 002140013, best cost 38.4343 + 3436.54 = 3474.98 over 696 frames.
LOG (lattice-best-path[5.5.1009~1-e4940]:main():lattice-best-path.cc:99) For utterance 002140014, best cost 22.3255 + 2313.85 = 2336.17 over 509 frames.
LOG (lattice-best-path[5.5.1009~1-e4940]:main():lattice-best-path.cc:99) For utterance 002140016, best cost 29.6128 + 2360.32 = 2389.93 over 501 frames.
LOG (lattice-best-path[5.5.1009~1-e4940]:main():lattice-best-path.cc:99) For utterance 002140019, best cost 25.5958 + 1998.01 = 2023.61 over 443 frames.
LOG (lattice-best-path[5.5.1009~1-e4940]:main():lattice-best-path.cc:99) For utterance 002140020, best cost 38.5544 + 2056.8 = 2095.35 over 436 frames.
LOG (lattice-best-path[5.5.1009~1-e4940]:main():lattice-best-path.cc:99) For utterance 002140022, best cost 22.4704 + 2004.64 = 2027.11 over 423 frames.
LOG (lattice-best-path[5.5.1009~1-e4940]:main():lattice-best-path.cc:99) For utterance 002140024, best cost 28.5539 + 2853.26 = 2881.82 over 607 frames.
LOG (lattice-best-path[5.5.1009~1-e4940]:main():lattice-best-path.cc:99) For utterance 002140026, best cost 26.2852 + 2472.14 = 2498.42 over 537 frames.
LOG (lattice-best-path[5.5.1009~1-e4940]:main():lattice-best-path.cc:99) For utterance 002140027, best cost 23.1641 + 2334.29 = 2357.45 over 506 frames.
LOG (lattice-best-path[5.5.1009~1-e4940]:main():lattice-best-path.cc:99) For utterance 002140029, best cost 42.2471 + 2772.95 = 2815.2 over 605 frames.
LOG (lattice-best-path[5.5.1009~1-e4940]:main():lattice-best-path.cc:99) For utterance 002140031, best cost 28.906 + 2497.85 = 2526.75 over 551 frames.
LOG (lattice-best-path[5.5.1009~1-e4940]:main():lattice-best-path.cc:99) For utterance 002140033, best cost 40.0135 + 3677.88 = 3717.89 over 755 frames.
LOG (lattice-best-path[5.5.1009~1-e4940]:main():lattice-best-path.cc:99) For utterance 002140039, best cost 24.5171 + 1962.62 = 1987.13 over 450 frames.
LOG (lattice-best-path[5.5.1009~1-e4940]:main():lattice-best-path.cc:99) For utterance 002140041, best cost 28.0812 + 2138.7 = 2166.79 over 480 frames.
LOG (lattice-best-path[5.5.1009~1-e4940]:main():lattice-best-path.cc:99) For utterance 002140042, best cost 34.8068 + 3084.94 = 3119.75 over 622 frames.
LOG (lattice-best-path[5.5.1009~1-e4940]:main():lattice-best-path.cc:99) For utterance 002140044, best cost 31.5925 + 3248.05 = 3279.65 over 658 frames.
LOG (lattice-best-path[5.5.1009~1-e4940]:main():lattice-best-path.cc:99) For utterance 002140046, best cost 31.2646 + 2657.54 = 2688.81 over 551 frames.
LOG (lattice-best-path[5.5.1009~1-e4940]:main():lattice-best-path.cc:99) For utterance 002140047, best cost 47.1661 + 3940.74 = 3987.9 over 789 frames.
LOG (lattice-best-path[5.5.1009~1-e4940]:main():lattice-best-path.cc:99) For utterance 002140049, best cost 41.2843 + 3561.01 = 3602.3 over 750 frames.
LOG (lattice-best-path[5.5.1009~1-e4940]:main():lattice-best-path.cc:99) For utterance 002140051, best cost 40.6321 + 3883.71 = 3924.34 over 747 frames.
LOG (lattice-best-path[5.5.1009~1-e4940]:main():lattice-best-path.cc:99) For utterance 002140056, best cost 24.003 + 1702.88 = 1726.89 over 383 frames.
LOG (lattice-best-path[5.5.1009~1-e4940]:main():lattice-best-path.cc:99) For utterance 002140058, best cost 32.7247 + 3269.3 = 3302.03 over 664 frames.
LOG (lattice-best-path[5.5.1009~1-e4940]:main():lattice-best-path.cc:99) For utterance 002140059, best cost 39.1534 + 4546.06 = 4585.21 over 909 frames.
LOG (lattice-best-path[5.5.1009~1-e4940]:main():lattice-best-path.cc:99) For utterance 002140060, best cost 19.8383 + 1733.22 = 1753.06 over 385 frames.
LOG (lattice-best-path[5.5.1009~1-e4940]:main():lattice-best-path.cc:99) For utterance 002140061, best cost 27.7066 + 2002.78 = 2030.49 over 460 frames.
LOG (lattice-best-path[5.5.1009~1-e4940]:main():lattice-best-path.cc:99) For utterance 002140066, best cost 26.4777 + 2325.15 = 2351.62 over 508 frames.
LOG (lattice-best-path[5.5.1009~1-e4940]:main():lattice-best-path.cc:99) For utterance 002140067, best cost 36.8331 + 3394.31 = 3431.14 over 712 frames.
LOG (lattice-best-path[5.5.1009~1-e4940]:main():lattice-best-path.cc:99) For utterance 002140069, best cost 22.8286 + 1782.39 = 1805.22 over 388 frames.
LOG (lattice-best-path[5.5.1009~1-e4940]:main():lattice-best-path.cc:99) For utterance 002140071, best cost 32.1511 + 3307.99 = 3340.14 over 641 frames.
LOG (lattice-best-path[5.5.1009~1-e4940]:main():lattice-best-path.cc:99) For utterance 002140075, best cost 29.3194 + 2503.33 = 2532.65 over 569 frames.
LOG (lattice-best-path[5.5.1009~1-e4940]:main():lattice-best-path.cc:99) For utterance 002140076, best cost 34.5513 + 3770.43 = 3804.98 over 757 frames.
LOG (lattice-best-path[5.5.1009~1-e4940]:main():lattice-best-path.cc:99) For utterance 002140078, best cost 50.0318 + 2713.57 = 2763.6 over 600 frames.
LOG (lattice-best-path[5.5.1009~1-e4940]:main():lattice-best-path.cc:99) For utterance 002140083, best cost 32.998 + 3183.71 = 3216.71 over 643 frames.
LOG (lattice-best-path[5.5.1009~1-e4940]:main():lattice-best-path.cc:99) For utterance 002140084, best cost 20.1969 + 1990.05 = 2010.25 over 434 frames.
LOG (lattice-best-path[5.5.1009~1-e4940]:main():lattice-best-path.cc:99) For utterance 002140086, best cost 35.3853 + 3453.27 = 3488.65 over 718 frames.
LOG (lattice-best-path[5.5.1009~1-e4940]:main():lattice-best-path.cc:99) For utterance 002140087, best cost 23.4206 + 2481.1 = 2504.52 over 538 frames.
LOG (lattice-best-path[5.5.1009~1-e4940]:main():lattice-best-path.cc:99) For utterance 002140090, best cost 26.0772 + 2255.87 = 2281.94 over 478 frames.
LOG (lattice-best-path[5.5.1009~1-e4940]:main():lattice-best-path.cc:99) For utterance 002140092, best cost 42.0895 + 3805.25 = 3847.34 over 809 frames.
LOG (lattice-best-path[5.5.1009~1-e4940]:main():lattice-best-path.cc:99) For utterance 002140093, best cost 34.2886 + 3110.65 = 3144.94 over 638 frames.
LOG (lattice-best-path[5.5.1009~1-e4940]:main():lattice-best-path.cc:99) For utterance 002140098, best cost 34.6452 + 3346.16 = 3380.81 over 672 frames.
LOG (lattice-best-path[5.5.1009~1-e4940]:main():lattice-best-path.cc:99) For utterance 002140103, best cost 37.1213 + 3226.05 = 3263.17 over 673 frames.
LOG (lattice-best-path[5.5.1009~1-e4940]:main():lattice-best-path.cc:99) For utterance 002140106, best cost 41.7653 + 3776.31 = 3818.08 over 767 frames.
LOG (lattice-best-path[5.5.1009~1-e4940]:main():lattice-best-path.cc:99) For utterance 002140109, best cost 27.1895 + 2460.09 = 2487.28 over 530 frames.
LOG (lattice-best-path[5.5.1009~1-e4940]:main():lattice-best-path.cc:99) For utterance 002140110, best cost 25.8446 + 2344.76 = 2370.61 over 530 frames.
LOG (lattice-best-path[5.5.1009~1-e4940]:main():lattice-best-path.cc:99) For utterance 002140112, best cost 48.6105 + 2359.25 = 2407.87 over 531 frames.
LOG (lattice-best-path[5.5.1009~1-e4940]:main():lattice-best-path.cc:99) For utterance 002140115, best cost 41.4535 + 3675.8 = 3717.25 over 756 frames.
LOG (lattice-best-path[5.5.1009~1-e4940]:main():lattice-best-path.cc:99) For utterance 002140122, best cost 56.233 + 4922.76 = 4978.99 over 1045 frames.
LOG (lattice-best-path[5.5.1009~1-e4940]:main():lattice-best-path.cc:99) For utterance 002140123, best cost 60.4372 + 4909.67 = 4970.11 over 984 frames.
LOG (lattice-best-path[5.5.1009~1-e4940]:main():lattice-best-path.cc:99) For utterance 002140139, best cost 30.1212 + 2917.13 = 2947.25 over 617 frames.
LOG (lattice-best-path[5.5.1009~1-e4940]:main():lattice-best-path.cc:99) For utterance 002140140, best cost 28.6016 + 2537.95 = 2566.55 over 570 frames.
LOG (lattice-best-path[5.5.1009~1-e4940]:main():lattice-best-path.cc:99) For utterance 002140141, best cost 28.4245 + 2392.55 = 2420.98 over 550 frames.
LOG (lattice-best-path[5.5.1009~1-e4940]:main():lattice-best-path.cc:99) For utterance 002140145, best cost 32.081 + 2792.76 = 2824.84 over 620 frames.
LOG (lattice-best-path[5.5.1009~1-e4940]:main():lattice-best-path.cc:99) For utterance 002140148, best cost 31.9069 + 2721.96 = 2753.87 over 607 frames.
LOG (lattice-best-path[5.5.1009~1-e4940]:main():lattice-best-path.cc:99) For utterance 002140150, best cost 22.7953 + 1959.66 = 1982.46 over 443 frames.
LOG (lattice-best-path[5.5.1009~1-e4940]:main():lattice-best-path.cc:99) For utterance 002140152, best cost 37.6115 + 3485.88 = 3523.49 over 698 frames.
LOG (lattice-best-path[5.5.1009~1-e4940]:main():lattice-best-path.cc:99) For utterance 002140156, best cost 43.4528 + 4310.63 = 4354.08 over 889 frames.
LOG (lattice-best-path[5.5.1009~1-e4940]:main():lattice-best-path.cc:99) For utterance 002140164, best cost 36.1602 + 3600.61 = 3636.77 over 737 frames.
LOG (lattice-best-path[5.5.1009~1-e4940]:main():lattice-best-path.cc:99) For utterance 002140171, best cost 91.9821 + 7088.44 = 7180.42 over 1463 frames.
LOG (lattice-best-path[5.5.1009~1-e4940]:main():lattice-best-path.cc:99) For utterance 002140172, best cost 40.0658 + 3506.5 = 3546.57 over 736 frames.
LOG (lattice-best-path[5.5.1009~1-e4940]:main():lattice-best-path.cc:99) For utterance 002140173, best cost 36.037 + 3961.58 = 3997.62 over 789 frames.
LOG (lattice-best-path[5.5.1009~1-e4940]:main():lattice-best-path.cc:99) For utterance 002140186, best cost 65.6072 + 4891.07 = 4956.68 over 959 frames.
LOG (lattice-best-path[5.5.1009~1-e4940]:main():lattice-best-path.cc:99) For utterance 002140188, best cost 24.4548 + 2250.94 = 2275.39 over 483 frames.
LOG (lattice-best-path[5.5.1009~1-e4940]:main():lattice-best-path.cc:99) For utterance 002140192, best cost 32.5585 + 3113.53 = 3146.09 over 672 frames.
LOG (lattice-best-path[5.5.1009~1-e4940]:main():lattice-best-path.cc:99) For utterance 002140195, best cost 24.2139 + 1784.45 = 1808.67 over 405 frames.
LOG (lattice-best-path[5.5.1009~1-e4940]:main():lattice-best-path.cc:99) For utterance 002140198, best cost 30.6145 + 2491.56 = 2522.17 over 549 frames.
LOG (lattice-best-path[5.5.1009~1-e4940]:main():lattice-best-path.cc:99) For utterance 002140199, best cost 22.3178 + 1827.88 = 1850.2 over 414 frames.
LOG (lattice-best-path[5.5.1009~1-e4940]:main():lattice-best-path.cc:99) For utterance 002140201, best cost 42.4395 + 4218.82 = 4261.26 over 859 frames.
LOG (lattice-best-path[5.5.1009~1-e4940]:main():lattice-best-path.cc:99) For utterance 002140203, best cost 32.1416 + 3345.55 = 3377.69 over 677 frames.
LOG (lattice-best-path[5.5.1009~1-e4940]:main():lattice-best-path.cc:99) For utterance 002140204, best cost 21.5587 + 1656.29 = 1677.85 over 378 frames.
LOG (lattice-best-path[5.5.1009~1-e4940]:main():lattice-best-path.cc:99) For utterance 002140208, best cost 30.7257 + 2736.82 = 2767.55 over 607 frames.
LOG (lattice-best-path[5.5.1009~1-e4940]:main():lattice-best-path.cc:99) For utterance 002140211, best cost 29.5103 + 2256.1 = 2285.61 over 509 frames.
LOG (lattice-best-path[5.5.1009~1-e4940]:main():lattice-best-path.cc:99) For utterance 002140213, best cost 34.0506 + 2851.15 = 2885.2 over 625 frames.
LOG (lattice-best-path[5.5.1009~1-e4940]:main():lattice-best-path.cc:99) For utterance 002140218, best cost 19.9066 + 1699.66 = 1719.57 over 379 frames.
LOG (lattice-best-path[5.5.1009~1-e4940]:main():lattice-best-path.cc:99) For utterance 002140219, best cost 33.7626 + 3442.65 = 3476.41 over 605 frames.
LOG (lattice-best-path[5.5.1009~1-e4940]:main():lattice-best-path.cc:99) For utterance 002140220, best cost 30.3968 + 2329.99 = 2360.39 over 513 frames.
LOG (lattice-best-path[5.5.1009~1-e4940]:main():lattice-best-path.cc:99) For utterance 002140221, best cost 31.2926 + 2799 = 2830.29 over 626 frames.
LOG (lattice-best-path[5.5.1009~1-e4940]:main():lattice-best-path.cc:99) For utterance 002140222, best cost 26.8062 + 2291.63 = 2318.43 over 546 frames.
LOG (lattice-best-path[5.5.1009~1-e4940]:main():lattice-best-path.cc:99) For utterance 002140223, best cost 41.366 + 4094.23 = 4135.59 over 847 frames.
LOG (lattice-best-path[5.5.1009~1-e4940]:main():lattice-best-path.cc:99) For utterance 002140224, best cost 59.1947 + 4418.72 = 4477.92 over 883 frames.
LOG (lattice-best-path[5.5.1009~1-e4940]:main():lattice-best-path.cc:99) For utterance 002140225, best cost 32.3169 + 3213.57 = 3245.89 over 679 frames.
LOG (lattice-best-path[5.5.1009~1-e4940]:main():lattice-best-path.cc:99) For utterance 002140227, best cost 38.8848 + 2456.26 = 2495.14 over 548 frames.
LOG (lattice-best-path[5.5.1009~1-e4940]:main():lattice-best-path.cc:99) For utterance 002140235, best cost 37.1433 + 2761.05 = 2798.2 over 605 frames.
LOG (lattice-best-path[5.5.1009~1-e4940]:main():lattice-best-path.cc:99) For utterance 002140241, best cost 83.8825 + 5759.41 = 5843.29 over 1220 frames.
LOG (lattice-best-path[5.5.1009~1-e4940]:main():lattice-best-path.cc:99) For utterance 002140242, best cost 31.6444 + 2534.48 = 2566.12 over 568 frames.
LOG (lattice-best-path[5.5.1009~1-e4940]:main():lattice-best-path.cc:99) For utterance 002140248, best cost 25.6169 + 2484.19 = 2509.8 over 554 frames.
LOG (lattice-best-path[5.5.1009~1-e4940]:main():lattice-best-path.cc:99) For utterance 002140249, best cost 27.2479 + 2663.4 = 2690.65 over 599 frames.
LOG (lattice-best-path[5.5.1009~1-e4940]:main():lattice-best-path.cc:99) For utterance 002140255, best cost 51.78 + 4875.8 = 4927.58 over 1020 frames.
LOG (lattice-best-path[5.5.1009~1-e4940]:main():lattice-best-path.cc:99) For utterance 002140256, best cost 34.3327 + 2806.74 = 2841.08 over 610 frames.
LOG (lattice-best-path[5.5.1009~1-e4940]:main():lattice-best-path.cc:99) For utterance 002140259, best cost 28.9472 + 2406.76 = 2435.71 over 529 frames.
LOG (lattice-best-path[5.5.1009~1-e4940]:main():lattice-best-path.cc:99) For utterance 002140268, best cost 30.7212 + 2671.62 = 2702.34 over 595 frames.
LOG (lattice-best-path[5.5.1009~1-e4940]:main():lattice-best-path.cc:99) For utterance 002140270, best cost 36.2715 + 2093.89 = 2130.16 over 448 frames.
LOG (lattice-best-path[5.5.1009~1-e4940]:main():lattice-best-path.cc:99) For utterance 002140275, best cost 38.4505 + 3993.69 = 4032.14 over 810 frames.
LOG (lattice-best-path[5.5.1009~1-e4940]:main():lattice-best-path.cc:99) For utterance 002140277, best cost 35.603 + 4549.47 = 4585.07 over 925 frames.
LOG (lattice-best-path[5.5.1009~1-e4940]:main():lattice-best-path.cc:99) For utterance 002140280, best cost 42.0768 + 4075.02 = 4117.1 over 759 frames.
LOG (lattice-best-path[5.5.1009~1-e4940]:main():lattice-best-path.cc:99) For utterance 002140282, best cost 34.9289 + 3350.55 = 3385.48 over 662 frames.
LOG (lattice-best-path[5.5.1009~1-e4940]:main():lattice-best-path.cc:99) For utterance 002140283, best cost 46.954 + 4405.17 = 4452.12 over 870 frames.
LOG (lattice-best-path[5.5.1009~1-e4940]:main():lattice-best-path.cc:99) For utterance 002140284, best cost 46.3326 + 4451.76 = 4498.1 over 938 frames.
LOG (lattice-best-path[5.5.1009~1-e4940]:main():lattice-best-path.cc:99) For utterance 002140285, best cost 46.6257 + 3320.75 = 3367.37 over 659 frames.
LOG (lattice-best-path[5.5.1009~1-e4940]:main():lattice-best-path.cc:99) For utterance 002140286, best cost 48.7834 + 4496.13 = 4544.92 over 913 frames.
LOG (lattice-best-path[5.5.1009~1-e4940]:main():lattice-best-path.cc:99) For utterance 002140287, best cost 25.9529 + 2197.6 = 2223.55 over 491 frames.
LOG (lattice-best-path[5.5.1009~1-e4940]:main():lattice-best-path.cc:99) For utterance 002140288, best cost 28.3316 + 2810.74 = 2839.07 over 581 frames.
LOG (lattice-best-path[5.5.1009~1-e4940]:main():lattice-best-path.cc:99) For utterance 002140290, best cost 41.4331 + 4110.83 = 4152.26 over 825 frames.
LOG (lattice-best-path[5.5.1009~1-e4940]:main():lattice-best-path.cc:99) For utterance 002140291, best cost 39.0934 + 3913.93 = 3953.02 over 749 frames.
LOG (lattice-best-path[5.5.1009~1-e4940]:main():lattice-best-path.cc:99) For utterance 002140292, best cost 22.464 + 1774.02 = 1796.49 over 393 frames.
LOG (lattice-best-path[5.5.1009~1-e4940]:main():lattice-best-path.cc:99) For utterance 002140294, best cost 39.1817 + 3277.32 = 3316.51 over 644 frames.
LOG (lattice-best-path[5.5.1009~1-e4940]:main():lattice-best-path.cc:99) For utterance 002140298, best cost 37.9019 + 3465.23 = 3503.13 over 738 frames.
LOG (lattice-best-path[5.5.1009~1-e4940]:main():lattice-best-path.cc:99) For utterance 002140299, best cost 24.9958 + 2381.14 = 2406.14 over 535 frames.
LOG (lattice-best-path[5.5.1009~1-e4940]:main():lattice-best-path.cc:99) For utterance 002140300, best cost 22.4096 + 2263.47 = 2285.88 over 484 frames.
LOG (lattice-best-path[5.5.1009~1-e4940]:main():lattice-best-path.cc:99) For utterance 002140307, best cost 21.0706 + 1561.06 = 1582.13 over 347 frames.
LOG (lattice-best-path[5.5.1009~1-e4940]:main():lattice-best-path.cc:99) For utterance 002140309, best cost 30.9151 + 2698.04 = 2728.96 over 598 frames.
LOG (lattice-best-path[5.5.1009~1-e4940]:main():lattice-best-path.cc:99) For utterance 002140328, best cost 24.2756 + 2547.25 = 2571.52 over 507 frames.
LOG (lattice-best-path[5.5.1009~1-e4940]:main():lattice-best-path.cc:99) For utterance 002140330, best cost 28.9134 + 2535.63 = 2564.55 over 536 frames.
LOG (lattice-best-path[5.5.1009~1-e4940]:main():lattice-best-path.cc:99) For utterance 002140333, best cost 31.2365 + 2954.08 = 2985.32 over 590 frames.
LOG (lattice-best-path[5.5.1009~1-e4940]:main():lattice-best-path.cc:99) For utterance 002140334, best cost 28.8443 + 2497.8 = 2526.64 over 538 frames.
LOG (lattice-best-path[5.5.1009~1-e4940]:main():lattice-best-path.cc:99) For utterance 002140336, best cost 31.4756 + 2722.61 = 2754.08 over 616 frames.
LOG (lattice-best-path[5.5.1009~1-e4940]:main():lattice-best-path.cc:99) For utterance 002140344, best cost 24.7461 + 2430.11 = 2454.86 over 548 frames.
LOG (lattice-best-path[5.5.1009~1-e4940]:main():lattice-best-path.cc:99) For utterance 002140351, best cost 53.2544 + 5028.75 = 5082 over 1019 frames.
LOG (lattice-best-path[5.5.1009~1-e4940]:main():lattice-best-path.cc:99) For utterance 002140354, best cost 25.5936 + 2311.65 = 2337.24 over 513 frames.
LOG (lattice-best-path[5.5.1009~1-e4940]:main():lattice-best-path.cc:99) For utterance 002140356, best cost 39.733 + 3585.79 = 3625.52 over 722 frames.
LOG (lattice-best-path[5.5.1009~1-e4940]:main():lattice-best-path.cc:99) For utterance 002140371, best cost 20.441 + 1700.79 = 1721.23 over 374 frames.
LOG (lattice-best-path[5.5.1009~1-e4940]:main():lattice-best-path.cc:99) For utterance 002140373, best cost 38.8361 + 4064.76 = 4103.6 over 827 frames.
LOG (lattice-best-path[5.5.1009~1-e4940]:main():lattice-best-path.cc:99) For utterance 002140379, best cost 31.2106 + 3963.32 = 3994.53 over 792 frames.
LOG (lattice-best-path[5.5.1009~1-e4940]:main():lattice-best-path.cc:99) For utterance 002140389, best cost 17.0801 + 1615.29 = 1632.37 over 371 frames.
LOG (lattice-best-path[5.5.1009~1-e4940]:main():lattice-best-path.cc:99) For utterance 002140396, best cost 18.6187 + 2270.07 = 2288.69 over 503 frames.
LOG (lattice-best-path[5.5.1009~1-e4940]:main():lattice-best-path.cc:99) For utterance 002140397, best cost 30.1783 + 2678.78 = 2708.96 over 588 frames.
LOG (lattice-best-path[5.5.1009~1-e4940]:main():lattice-best-path.cc:99) For utterance 002140407, best cost 24.9177 + 2006.48 = 2031.4 over 477 frames.
LOG (lattice-best-path[5.5.1009~1-e4940]:main():lattice-best-path.cc:99) For utterance 002140411, best cost 32.2488 + 3020.32 = 3052.57 over 635 frames.
LOG (lattice-best-path[5.5.1009~1-e4940]:main():lattice-best-path.cc:99) For utterance 002140412, best cost 60.7279 + 4983.08 = 5043.81 over 1028 frames.
LOG (lattice-best-path[5.5.1009~1-e4940]:main():lattice-best-path.cc:99) For utterance 002140414, best cost 42.7924 + 4408.43 = 4451.22 over 872 frames.
LOG (lattice-best-path[5.5.1009~1-e4940]:main():lattice-best-path.cc:99) For utterance 002140425, best cost 24.193 + 2222.58 = 2246.78 over 475 frames.
LOG (lattice-best-path[5.5.1009~1-e4940]:main():lattice-best-path.cc:99) For utterance 002140426, best cost 28.899 + 3022.61 = 3051.51 over 623 frames.
LOG (lattice-best-path[5.5.1009~1-e4940]:main():lattice-best-path.cc:99) For utterance 002140430, best cost 24.9798 + 2405.42 = 2430.4 over 517 frames.
LOG (lattice-best-path[5.5.1009~1-e4940]:main():lattice-best-path.cc:99) For utterance 002140431, best cost 36.145 + 3320 = 3356.15 over 656 frames.
LOG (lattice-best-path[5.5.1009~1-e4940]:main():lattice-best-path.cc:99) For utterance 002140432, best cost 21.5172 + 1966.18 = 1987.69 over 448 frames.
LOG (lattice-best-path[5.5.1009~1-e4940]:main():lattice-best-path.cc:99) For utterance 002140438, best cost 31.7387 + 3158.23 = 3189.97 over 649 frames.
LOG (lattice-best-path[5.5.1009~1-e4940]:main():lattice-best-path.cc:99) For utterance 002140443, best cost 33.99 + 2455.82 = 2489.81 over 525 frames.
LOG (lattice-best-path[5.5.1009~1-e4940]:main():lattice-best-path.cc:99) For utterance 002140449, best cost 21.8773 + 1809.86 = 1831.74 over 405 frames.
LOG (lattice-best-path[5.5.1009~1-e4940]:main():lattice-best-path.cc:99) For utterance 002140454, best cost 26.9923 + 2201.23 = 2228.22 over 499 frames.
LOG (lattice-best-path[5.5.1009~1-e4940]:main():lattice-best-path.cc:99) For utterance 002140458, best cost 22.7722 + 1952.6 = 1975.37 over 414 frames.
LOG (lattice-best-path[5.5.1009~1-e4940]:main():lattice-best-path.cc:99) For utterance 002140462, best cost 49.1395 + 4100.39 = 4149.53 over 803 frames.
LOG (lattice-best-path[5.5.1009~1-e4940]:main():lattice-best-path.cc:99) For utterance 002140469, best cost 28.8543 + 2595.65 = 2624.51 over 551 frames.
LOG (lattice-best-path[5.5.1009~1-e4940]:main():lattice-best-path.cc:99) For utterance 002140479, best cost 23.6582 + 2153.59 = 2177.25 over 469 frames.
LOG (lattice-best-path[5.5.1009~1-e4940]:main():lattice-best-path.cc:99) For utterance 002140491, best cost 31.2839 + 3170.69 = 3201.97 over 602 frames.
LOG (lattice-depth-per-frame[5.5.1009~1-e4940]:main():lattice-depth-per-frame.cc:82) Done 411 lattices.
LOG (lattice-best-path[5.5.1009~1-e4940]:main():lattice-best-path.cc:99) For utterance 002140492, best cost 34.1364 + 2717.08 = 2751.21 over 576 frames.
LOG (lattice-best-path[5.5.1009~1-e4940]:main():lattice-best-path.cc:99) For utterance 002140500, best cost 25.9521 + 2491.91 = 2517.86 over 508 frames.
LOG (lattice-best-path[5.5.1009~1-e4940]:main():lattice-best-path.cc:99) For utterance 002150035, best cost 18.3467 + 1720.8 = 1739.15 over 389 frames.
LOG (lattice-best-path[5.5.1009~1-e4940]:main():lattice-best-path.cc:99) For utterance 002150042, best cost 29.0557 + 2209.67 = 2238.73 over 499 frames.
LOG (lattice-best-path[5.5.1009~1-e4940]:main():lattice-best-path.cc:99) For utterance 002150051, best cost 30.0676 + 2578.54 = 2608.6 over 553 frames.
LOG (lattice-best-path[5.5.1009~1-e4940]:main():lattice-best-path.cc:99) For utterance 002150101, best cost 46.085 + 4219.9 = 4265.98 over 816 frames.
LOG (lattice-best-path[5.5.1009~1-e4940]:main():lattice-best-path.cc:99) For utterance 002150102, best cost 30.9927 + 2530.83 = 2561.83 over 539 frames.
LOG (lattice-best-path[5.5.1009~1-e4940]:main():lattice-best-path.cc:99) For utterance 002150103, best cost 44.3415 + 3913.06 = 3957.4 over 805 frames.
LOG (lattice-best-path[5.5.1009~1-e4940]:main():lattice-best-path.cc:99) For utterance 002150105, best cost 30.6064 + 3350.01 = 3380.62 over 662 frames.
LOG (lattice-best-path[5.5.1009~1-e4940]:main():lattice-best-path.cc:99) For utterance 002150106, best cost 40.8505 + 4692.89 = 4733.74 over 961 frames.
LOG (lattice-best-path[5.5.1009~1-e4940]:main():lattice-best-path.cc:99) For utterance 002150108, best cost 37.8613 + 2734.1 = 2771.96 over 579 frames.
LOG (lattice-best-path[5.5.1009~1-e4940]:main():lattice-best-path.cc:99) For utterance 002150127, best cost 25.6182 + 2227.76 = 2253.38 over 470 frames.
LOG (lattice-best-path[5.5.1009~1-e4940]:main():lattice-best-path.cc:99) For utterance 002150128, best cost 23.6092 + 2439.93 = 2463.54 over 537 frames.
LOG (lattice-best-path[5.5.1009~1-e4940]:main():lattice-best-path.cc:99) For utterance 002150134, best cost 41.0452 + 4380.72 = 4421.76 over 929 frames.
LOG (lattice-best-path[5.5.1009~1-e4940]:main():lattice-best-path.cc:99) For utterance 002150145, best cost 27.9434 + 2650.24 = 2678.19 over 563 frames.
LOG (lattice-best-path[5.5.1009~1-e4940]:main():lattice-best-path.cc:99) For utterance 002150155, best cost 28.296 + 2268.18 = 2296.47 over 494 frames.
LOG (lattice-best-path[5.5.1009~1-e4940]:main():lattice-best-path.cc:124) Overall cost per frame is 4.91122 = 0.0530906 [graph] + 4.85813 [acoustic] over 284281 frames.
LOG (lattice-best-path[5.5.1009~1-e4940]:main():lattice-best-path.cc:128) Done 411 lattices, failed for 0
# Accounting: time=0 threads=1
# Ended (code 0) at Tue Jun 14 09:45:21 UTC 2022, elapsed time 0 seconds
