# lattice-depth-per-frame "ark:gunzip -c telugu_exp/tri3_cleaned_work/lats/lat.17.gz|" "ark,t:|gzip -c > telugu_exp/tri3_cleaned_work/lats/depth_tmp.17.gz" ark:- | lattice-best-path --acoustic-scale=0.1 ark:- ark:/dev/null "ark,t:|gzip -c >telugu_exp/tri3_cleaned_work/lats/ali_tmp.17.gz" 
# Started at Tue Jun 14 09:45:21 UTC 2022
#
lattice-best-path --acoustic-scale=0.1 ark:- ark:/dev/null 'ark,t:|gzip -c >telugu_exp/tri3_cleaned_work/lats/ali_tmp.17.gz' 
lattice-depth-per-frame 'ark:gunzip -c telugu_exp/tri3_cleaned_work/lats/lat.17.gz|' 'ark,t:|gzip -c > telugu_exp/tri3_cleaned_work/lats/depth_tmp.17.gz' ark:- 
LOG (lattice-best-path[5.5.1009~1-e4940]:main():lattice-best-path.cc:99) For utterance 000640380, best cost 22.1927 + 2153.5 = 2175.69 over 423 frames.
LOG (lattice-best-path[5.5.1009~1-e4940]:main():lattice-best-path.cc:99) For utterance 000640382, best cost 30.599 + 2726.94 = 2757.54 over 522 frames.
LOG (lattice-best-path[5.5.1009~1-e4940]:main():lattice-best-path.cc:99) For utterance 000640383, best cost 33.7573 + 3405.29 = 3439.05 over 642 frames.
LOG (lattice-best-path[5.5.1009~1-e4940]:main():lattice-best-path.cc:99) For utterance 000640387, best cost 25.1555 + 2571.97 = 2597.13 over 499 frames.
LOG (lattice-best-path[5.5.1009~1-e4940]:main():lattice-best-path.cc:99) For utterance 000640389, best cost 38.0453 + 3665.94 = 3703.98 over 711 frames.
LOG (lattice-best-path[5.5.1009~1-e4940]:main():lattice-best-path.cc:99) For utterance 000640390, best cost 18.9248 + 1806.73 = 1825.66 over 351 frames.
LOG (lattice-best-path[5.5.1009~1-e4940]:main():lattice-best-path.cc:99) For utterance 000640391, best cost 27.6335 + 2393.31 = 2420.95 over 485 frames.
LOG (lattice-best-path[5.5.1009~1-e4940]:main():lattice-best-path.cc:99) For utterance 000640393, best cost 21.8248 + 2123.57 = 2145.4 over 425 frames.
LOG (lattice-best-path[5.5.1009~1-e4940]:main():lattice-best-path.cc:99) For utterance 000640394, best cost 44.7567 + 3870.41 = 3915.17 over 773 frames.
LOG (lattice-best-path[5.5.1009~1-e4940]:main():lattice-best-path.cc:99) For utterance 000640396, best cost 34.5205 + 2930.26 = 2964.78 over 581 frames.
LOG (lattice-best-path[5.5.1009~1-e4940]:main():lattice-best-path.cc:99) For utterance 000640397, best cost 25.0672 + 2440.47 = 2465.54 over 483 frames.
LOG (lattice-best-path[5.5.1009~1-e4940]:main():lattice-best-path.cc:99) For utterance 000640398, best cost 30.4287 + 2524.15 = 2554.58 over 498 frames.
LOG (lattice-best-path[5.5.1009~1-e4940]:main():lattice-best-path.cc:99) For utterance 000640402, best cost 35.9085 + 3513.23 = 3549.14 over 660 frames.
LOG (lattice-best-path[5.5.1009~1-e4940]:main():lattice-best-path.cc:99) For utterance 000640406, best cost 28.9005 + 2494.26 = 2523.16 over 483 frames.
LOG (lattice-best-path[5.5.1009~1-e4940]:main():lattice-best-path.cc:99) For utterance 000640408, best cost 35.5539 + 2820.64 = 2856.2 over 543 frames.
LOG (lattice-best-path[5.5.1009~1-e4940]:main():lattice-best-path.cc:99) For utterance 000640455, best cost 45.3625 + 4356.06 = 4401.43 over 820 frames.
LOG (lattice-best-path[5.5.1009~1-e4940]:main():lattice-best-path.cc:99) For utterance 000640461, best cost 22.8987 + 2046.75 = 2069.65 over 397 frames.
LOG (lattice-best-path[5.5.1009~1-e4940]:main():lattice-best-path.cc:99) For utterance 000650008, best cost 51.9534 + 4286.23 = 4338.19 over 861 frames.
LOG (lattice-best-path[5.5.1009~1-e4940]:main():lattice-best-path.cc:99) For utterance 000650022, best cost 24.4962 + 2047.29 = 2071.78 over 486 frames.
LOG (lattice-best-path[5.5.1009~1-e4940]:main():lattice-best-path.cc:99) For utterance 000650031, best cost 20.617 + 1981.54 = 2002.15 over 440 frames.
LOG (lattice-best-path[5.5.1009~1-e4940]:main():lattice-best-path.cc:99) For utterance 000650040, best cost 24.6898 + 2416.38 = 2441.07 over 552 frames.
LOG (lattice-best-path[5.5.1009~1-e4940]:main():lattice-best-path.cc:99) For utterance 000650043, best cost 34.1227 + 3731.25 = 3765.37 over 749 frames.
LOG (lattice-best-path[5.5.1009~1-e4940]:main():lattice-best-path.cc:99) For utterance 000650044, best cost 25.6042 + 2147.5 = 2173.11 over 498 frames.
LOG (lattice-best-path[5.5.1009~1-e4940]:main():lattice-best-path.cc:99) For utterance 000650054, best cost 53.5984 + 5624.03 = 5677.63 over 1112 frames.
LOG (lattice-best-path[5.5.1009~1-e4940]:main():lattice-best-path.cc:99) For utterance 000650056, best cost 31.9128 + 3245.52 = 3277.43 over 651 frames.
LOG (lattice-best-path[5.5.1009~1-e4940]:main():lattice-best-path.cc:99) For utterance 000650058, best cost 23.4415 + 2103.91 = 2127.35 over 481 frames.
LOG (lattice-best-path[5.5.1009~1-e4940]:main():lattice-best-path.cc:99) For utterance 000650073, best cost 61.3212 + 4880.48 = 4941.8 over 969 frames.
LOG (lattice-best-path[5.5.1009~1-e4940]:main():lattice-best-path.cc:99) For utterance 000650088, best cost 30.6057 + 2415.49 = 2446.09 over 581 frames.
LOG (lattice-best-path[5.5.1009~1-e4940]:main():lattice-best-path.cc:99) For utterance 000650098, best cost 31.4007 + 2545.26 = 2576.66 over 602 frames.
LOG (lattice-best-path[5.5.1009~1-e4940]:main():lattice-best-path.cc:99) For utterance 000650104, best cost 19.4154 + 1672.19 = 1691.61 over 372 frames.
LOG (lattice-best-path[5.5.1009~1-e4940]:main():lattice-best-path.cc:99) For utterance 000650112, best cost 32.4779 + 1811.89 = 1844.37 over 437 frames.
LOG (lattice-best-path[5.5.1009~1-e4940]:main():lattice-best-path.cc:99) For utterance 000650115, best cost 23.7048 + 1889.87 = 1913.58 over 454 frames.
LOG (lattice-best-path[5.5.1009~1-e4940]:main():lattice-best-path.cc:99) For utterance 000650116, best cost 36.6505 + 3386.42 = 3423.07 over 677 frames.
LOG (lattice-best-path[5.5.1009~1-e4940]:main():lattice-best-path.cc:99) For utterance 000650126, best cost 25.619 + 3708.18 = 3733.8 over 703 frames.
LOG (lattice-best-path[5.5.1009~1-e4940]:main():lattice-best-path.cc:99) For utterance 000650133, best cost 29.4199 + 3302.04 = 3331.46 over 663 frames.
LOG (lattice-best-path[5.5.1009~1-e4940]:main():lattice-best-path.cc:99) For utterance 000650139, best cost 35.8611 + 3804.34 = 3840.2 over 753 frames.
LOG (lattice-best-path[5.5.1009~1-e4940]:main():lattice-best-path.cc:99) For utterance 000650141, best cost 42.5968 + 4816.94 = 4859.54 over 944 frames.
LOG (lattice-best-path[5.5.1009~1-e4940]:main():lattice-best-path.cc:99) For utterance 000650153, best cost 28.025 + 2236.5 = 2264.52 over 534 frames.
LOG (lattice-best-path[5.5.1009~1-e4940]:main():lattice-best-path.cc:99) For utterance 000650173, best cost 30.3227 + 2693.52 = 2723.84 over 614 frames.
LOG (lattice-best-path[5.5.1009~1-e4940]:main():lattice-best-path.cc:99) For utterance 000650174, best cost 36.2732 + 3953.97 = 3990.25 over 766 frames.
LOG (lattice-best-path[5.5.1009~1-e4940]:main():lattice-best-path.cc:99) For utterance 000650182, best cost 41.4462 + 4379.57 = 4421.02 over 874 frames.
LOG (lattice-best-path[5.5.1009~1-e4940]:main():lattice-best-path.cc:99) For utterance 000650183, best cost 34.656 + 3784.94 = 3819.6 over 761 frames.
LOG (lattice-best-path[5.5.1009~1-e4940]:main():lattice-best-path.cc:99) For utterance 000650191, best cost 24.3207 + 2072.26 = 2096.58 over 459 frames.
LOG (lattice-best-path[5.5.1009~1-e4940]:main():lattice-best-path.cc:99) For utterance 000650195, best cost 24.5793 + 1894.47 = 1919.05 over 435 frames.
LOG (lattice-best-path[5.5.1009~1-e4940]:main():lattice-best-path.cc:99) For utterance 000650203, best cost 20.6569 + 1413.25 = 1433.91 over 339 frames.
LOG (lattice-best-path[5.5.1009~1-e4940]:main():lattice-best-path.cc:99) For utterance 000650208, best cost 21.5539 + 1925.14 = 1946.69 over 429 frames.
LOG (lattice-best-path[5.5.1009~1-e4940]:main():lattice-best-path.cc:99) For utterance 000650214, best cost 25.6635 + 2092.43 = 2118.1 over 490 frames.
LOG (lattice-best-path[5.5.1009~1-e4940]:main():lattice-best-path.cc:99) For utterance 000650218, best cost 14.2302 + 1181.15 = 1195.38 over 279 frames.
LOG (lattice-best-path[5.5.1009~1-e4940]:main():lattice-best-path.cc:99) For utterance 000650220, best cost 12.2227 + 1037.58 = 1049.81 over 234 frames.
LOG (lattice-best-path[5.5.1009~1-e4940]:main():lattice-best-path.cc:99) For utterance 000650222, best cost 14.6946 + 1475.7 = 1490.39 over 341 frames.
LOG (lattice-best-path[5.5.1009~1-e4940]:main():lattice-best-path.cc:99) For utterance 000650223, best cost 22.6092 + 1725.33 = 1747.94 over 413 frames.
LOG (lattice-best-path[5.5.1009~1-e4940]:main():lattice-best-path.cc:99) For utterance 000650231, best cost 12.1905 + 1003.84 = 1016.03 over 220 frames.
LOG (lattice-best-path[5.5.1009~1-e4940]:main():lattice-best-path.cc:99) For utterance 000650234, best cost 12.9616 + 1063.87 = 1076.83 over 260 frames.
LOG (lattice-best-path[5.5.1009~1-e4940]:main():lattice-best-path.cc:99) For utterance 000650236, best cost 13.8727 + 1243.57 = 1257.45 over 296 frames.
LOG (lattice-best-path[5.5.1009~1-e4940]:main():lattice-best-path.cc:99) For utterance 000650245, best cost 12.6567 + 883.987 = 896.644 over 217 frames.
LOG (lattice-best-path[5.5.1009~1-e4940]:main():lattice-best-path.cc:99) For utterance 000650247, best cost 18.6924 + 1436.68 = 1455.38 over 328 frames.
LOG (lattice-best-path[5.5.1009~1-e4940]:main():lattice-best-path.cc:99) For utterance 000650254, best cost 16.2933 + 1255.65 = 1271.94 over 292 frames.
LOG (lattice-best-path[5.5.1009~1-e4940]:main():lattice-best-path.cc:99) For utterance 000650256, best cost 9.13968 + 864.847 = 873.987 over 190 frames.
LOG (lattice-best-path[5.5.1009~1-e4940]:main():lattice-best-path.cc:99) For utterance 000650262, best cost 20.9143 + 1643.35 = 1664.26 over 379 frames.
LOG (lattice-best-path[5.5.1009~1-e4940]:main():lattice-best-path.cc:99) For utterance 000650265, best cost 11.8587 + 861.279 = 873.137 over 199 frames.
LOG (lattice-best-path[5.5.1009~1-e4940]:main():lattice-best-path.cc:99) For utterance 000650266, best cost 11.9925 + 1055.99 = 1067.98 over 236 frames.
LOG (lattice-best-path[5.5.1009~1-e4940]:main():lattice-best-path.cc:99) For utterance 000650274, best cost 13.0205 + 863.592 = 876.613 over 190 frames.
LOG (lattice-best-path[5.5.1009~1-e4940]:main():lattice-best-path.cc:99) For utterance 000650275, best cost 11.7742 + 994.401 = 1006.18 over 229 frames.
LOG (lattice-best-path[5.5.1009~1-e4940]:main():lattice-best-path.cc:99) For utterance 000650276, best cost 8.56941 + 670.503 = 679.073 over 148 frames.
LOG (lattice-best-path[5.5.1009~1-e4940]:main():lattice-best-path.cc:99) For utterance 000650280, best cost 19.7207 + 1487.89 = 1507.61 over 320 frames.
LOG (lattice-best-path[5.5.1009~1-e4940]:main():lattice-best-path.cc:99) For utterance 000650281, best cost 12.9754 + 1145.73 = 1158.71 over 260 frames.
LOG (lattice-best-path[5.5.1009~1-e4940]:main():lattice-best-path.cc:99) For utterance 000650282, best cost 10.3522 + 822.502 = 832.855 over 169 frames.
LOG (lattice-best-path[5.5.1009~1-e4940]:main():lattice-best-path.cc:99) For utterance 000650284, best cost 43.9119 + 2333.87 = 2377.78 over 559 frames.
LOG (lattice-best-path[5.5.1009~1-e4940]:main():lattice-best-path.cc:99) For utterance 000650285, best cost 14.0276 + 983.647 = 997.675 over 229 frames.
LOG (lattice-best-path[5.5.1009~1-e4940]:main():lattice-best-path.cc:99) For utterance 000650286, best cost 10.6717 + 942.567 = 953.239 over 215 frames.
LOG (lattice-best-path[5.5.1009~1-e4940]:main():lattice-best-path.cc:99) For utterance 000650290, best cost 10.908 + 894.241 = 905.149 over 217 frames.
LOG (lattice-best-path[5.5.1009~1-e4940]:main():lattice-best-path.cc:99) For utterance 000650294, best cost 18.2536 + 1312.15 = 1330.4 over 302 frames.
LOG (lattice-best-path[5.5.1009~1-e4940]:main():lattice-best-path.cc:99) For utterance 000650295, best cost 16.0357 + 1256.84 = 1272.88 over 279 frames.
LOG (lattice-best-path[5.5.1009~1-e4940]:main():lattice-best-path.cc:99) For utterance 000650298, best cost 8.68097 + 668.363 = 677.044 over 157 frames.
LOG (lattice-best-path[5.5.1009~1-e4940]:main():lattice-best-path.cc:99) For utterance 000650310, best cost 12.9335 + 1015.49 = 1028.42 over 226 frames.
LOG (lattice-best-path[5.5.1009~1-e4940]:main():lattice-best-path.cc:99) For utterance 000650318, best cost 11.6562 + 820.502 = 832.158 over 193 frames.
LOG (lattice-best-path[5.5.1009~1-e4940]:main():lattice-best-path.cc:99) For utterance 000650319, best cost 17.4277 + 1393.39 = 1410.81 over 317 frames.
LOG (lattice-best-path[5.5.1009~1-e4940]:main():lattice-best-path.cc:99) For utterance 000650325, best cost 11.3034 + 932.291 = 943.594 over 199 frames.
LOG (lattice-best-path[5.5.1009~1-e4940]:main():lattice-best-path.cc:99) For utterance 000650327, best cost 36.2153 + 2765.02 = 2801.24 over 629 frames.
LOG (lattice-best-path[5.5.1009~1-e4940]:main():lattice-best-path.cc:99) For utterance 000650329, best cost 32.9375 + 2479.08 = 2512.01 over 533 frames.
LOG (lattice-best-path[5.5.1009~1-e4940]:main():lattice-best-path.cc:99) For utterance 000650333, best cost 22.4029 + 1338.14 = 1360.55 over 314 frames.
LOG (lattice-best-path[5.5.1009~1-e4940]:main():lattice-best-path.cc:99) For utterance 000650334, best cost 19.9475 + 1875.76 = 1895.7 over 431 frames.
LOG (lattice-best-path[5.5.1009~1-e4940]:main():lattice-best-path.cc:99) For utterance 000650348, best cost 21.6847 + 1723.82 = 1745.51 over 378 frames.
LOG (lattice-best-path[5.5.1009~1-e4940]:main():lattice-best-path.cc:99) For utterance 000650350, best cost 29.2393 + 1547.43 = 1576.67 over 348 frames.
LOG (lattice-best-path[5.5.1009~1-e4940]:main():lattice-best-path.cc:99) For utterance 000650351, best cost 15.5333 + 1335.75 = 1351.28 over 291 frames.
LOG (lattice-best-path[5.5.1009~1-e4940]:main():lattice-best-path.cc:99) For utterance 000650352, best cost 12.8708 + 1116.16 = 1129.03 over 240 frames.
LOG (lattice-best-path[5.5.1009~1-e4940]:main():lattice-best-path.cc:99) For utterance 000650354, best cost 10.9939 + 978.844 = 989.838 over 201 frames.
LOG (lattice-best-path[5.5.1009~1-e4940]:main():lattice-best-path.cc:99) For utterance 000650355, best cost 36.6621 + 3362.27 = 3398.94 over 658 frames.
LOG (lattice-best-path[5.5.1009~1-e4940]:main():lattice-best-path.cc:99) For utterance 000650358, best cost 11.1582 + 928.668 = 939.826 over 196 frames.
LOG (lattice-best-path[5.5.1009~1-e4940]:main():lattice-best-path.cc:99) For utterance 000650361, best cost 25.0149 + 1730.85 = 1755.87 over 448 frames.
LOG (lattice-best-path[5.5.1009~1-e4940]:main():lattice-best-path.cc:99) For utterance 000650364, best cost 12.0925 + 886.218 = 898.31 over 208 frames.
LOG (lattice-best-path[5.5.1009~1-e4940]:main():lattice-best-path.cc:99) For utterance 000650368, best cost 10.064 + 813.392 = 823.456 over 179 frames.
LOG (lattice-best-path[5.5.1009~1-e4940]:main():lattice-best-path.cc:99) For utterance 000650376, best cost 10.4177 + 788.073 = 798.491 over 182 frames.
LOG (lattice-best-path[5.5.1009~1-e4940]:main():lattice-best-path.cc:99) For utterance 000650383, best cost 8.64067 + 679.493 = 688.133 over 164 frames.
LOG (lattice-best-path[5.5.1009~1-e4940]:main():lattice-best-path.cc:99) For utterance 000650385, best cost 12.1928 + 845.214 = 857.406 over 179 frames.
LOG (lattice-best-path[5.5.1009~1-e4940]:main():lattice-best-path.cc:99) For utterance 000650387, best cost 11.4017 + 921.534 = 932.935 over 216 frames.
LOG (lattice-best-path[5.5.1009~1-e4940]:main():lattice-best-path.cc:99) For utterance 000650389, best cost 19.6446 + 1799.4 = 1819.04 over 428 frames.
LOG (lattice-best-path[5.5.1009~1-e4940]:main():lattice-best-path.cc:99) For utterance 000650390, best cost 13.3151 + 1043.85 = 1057.17 over 254 frames.
LOG (lattice-best-path[5.5.1009~1-e4940]:main():lattice-best-path.cc:99) For utterance 000650392, best cost 9.8529 + 732.4 = 742.253 over 165 frames.
LOG (lattice-best-path[5.5.1009~1-e4940]:main():lattice-best-path.cc:99) For utterance 000650393, best cost 25.6591 + 2152.01 = 2177.67 over 506 frames.
LOG (lattice-best-path[5.5.1009~1-e4940]:main():lattice-best-path.cc:99) For utterance 000650399, best cost 18.1823 + 1524.86 = 1543.04 over 370 frames.
LOG (lattice-best-path[5.5.1009~1-e4940]:main():lattice-best-path.cc:99) For utterance 000650416, best cost 10.5561 + 1099.69 = 1110.25 over 233 frames.
LOG (lattice-best-path[5.5.1009~1-e4940]:main():lattice-best-path.cc:99) For utterance 000650417, best cost 13.825 + 1150.81 = 1164.64 over 257 frames.
LOG (lattice-best-path[5.5.1009~1-e4940]:main():lattice-best-path.cc:99) For utterance 000650423, best cost 19.5494 + 1515.58 = 1535.13 over 358 frames.
LOG (lattice-best-path[5.5.1009~1-e4940]:main():lattice-best-path.cc:99) For utterance 000650425, best cost 17.6919 + 1553.73 = 1571.42 over 341 frames.
LOG (lattice-best-path[5.5.1009~1-e4940]:main():lattice-best-path.cc:99) For utterance 000650428, best cost 17.349 + 1456.35 = 1473.7 over 343 frames.
LOG (lattice-best-path[5.5.1009~1-e4940]:main():lattice-best-path.cc:99) For utterance 000650434, best cost 17.9913 + 1518.14 = 1536.13 over 325 frames.
LOG (lattice-best-path[5.5.1009~1-e4940]:main():lattice-best-path.cc:99) For utterance 000650438, best cost 16.3229 + 1328.71 = 1345.03 over 313 frames.
LOG (lattice-best-path[5.5.1009~1-e4940]:main():lattice-best-path.cc:99) For utterance 000650440, best cost 32.096 + 2102.35 = 2134.45 over 500 frames.
LOG (lattice-best-path[5.5.1009~1-e4940]:main():lattice-best-path.cc:99) For utterance 000650443, best cost 30.5023 + 3621.31 = 3651.81 over 680 frames.
LOG (lattice-best-path[5.5.1009~1-e4940]:main():lattice-best-path.cc:99) For utterance 000650444, best cost 15.4069 + 1351.98 = 1367.39 over 309 frames.
LOG (lattice-best-path[5.5.1009~1-e4940]:main():lattice-best-path.cc:99) For utterance 000650447, best cost 38.0512 + 2652.72 = 2690.77 over 618 frames.
LOG (lattice-best-path[5.5.1009~1-e4940]:main():lattice-best-path.cc:99) For utterance 000650448, best cost 25.0907 + 1286.35 = 1311.44 over 309 frames.
LOG (lattice-best-path[5.5.1009~1-e4940]:main():lattice-best-path.cc:99) For utterance 000650457, best cost 30.3124 + 2364.29 = 2394.61 over 571 frames.
LOG (lattice-best-path[5.5.1009~1-e4940]:main():lattice-best-path.cc:99) For utterance 000650458, best cost 29.906 + 2646.33 = 2676.24 over 600 frames.
LOG (lattice-best-path[5.5.1009~1-e4940]:main():lattice-best-path.cc:99) For utterance 000650465, best cost 32.5899 + 3954.24 = 3986.83 over 716 frames.
LOG (lattice-best-path[5.5.1009~1-e4940]:main():lattice-best-path.cc:99) For utterance 000650468, best cost 32.3583 + 3418.57 = 3450.93 over 668 frames.
LOG (lattice-best-path[5.5.1009~1-e4940]:main():lattice-best-path.cc:99) For utterance 000650469, best cost 24.429 + 2498.2 = 2522.62 over 550 frames.
LOG (lattice-best-path[5.5.1009~1-e4940]:main():lattice-best-path.cc:99) For utterance 000650474, best cost 11.9083 + 1038.34 = 1050.25 over 224 frames.
LOG (lattice-best-path[5.5.1009~1-e4940]:main():lattice-best-path.cc:99) For utterance 000650479, best cost 15.2956 + 1248.07 = 1263.37 over 269 frames.
LOG (lattice-best-path[5.5.1009~1-e4940]:main():lattice-best-path.cc:99) For utterance 000650489, best cost 12.9157 + 1135.31 = 1148.22 over 264 frames.
LOG (lattice-best-path[5.5.1009~1-e4940]:main():lattice-best-path.cc:99) For utterance 000650494, best cost 15.322 + 1835 = 1850.32 over 421 frames.
LOG (lattice-best-path[5.5.1009~1-e4940]:main():lattice-best-path.cc:99) For utterance 000650495, best cost 19.3534 + 1566.83 = 1586.18 over 381 frames.
LOG (lattice-best-path[5.5.1009~1-e4940]:main():lattice-best-path.cc:99) For utterance 000660034, best cost 38.4135 + 3657.39 = 3695.8 over 719 frames.
LOG (lattice-best-path[5.5.1009~1-e4940]:main():lattice-best-path.cc:99) For utterance 000660051, best cost 24.741 + 2379.21 = 2403.95 over 525 frames.
LOG (lattice-best-path[5.5.1009~1-e4940]:main():lattice-best-path.cc:99) For utterance 000660056, best cost 30.4001 + 2713.28 = 2743.68 over 602 frames.
LOG (lattice-best-path[5.5.1009~1-e4940]:main():lattice-best-path.cc:99) For utterance 000660062, best cost 67.0794 + 3473.93 = 3541.01 over 749 frames.
LOG (lattice-best-path[5.5.1009~1-e4940]:main():lattice-best-path.cc:99) For utterance 000660066, best cost 48.6665 + 5013.59 = 5062.26 over 888 frames.
LOG (lattice-best-path[5.5.1009~1-e4940]:main():lattice-best-path.cc:99) For utterance 000660071, best cost 34.7322 + 3859.08 = 3893.81 over 762 frames.
LOG (lattice-best-path[5.5.1009~1-e4940]:main():lattice-best-path.cc:99) For utterance 000660080, best cost 58.825 + 2885.07 = 2943.89 over 591 frames.
LOG (lattice-best-path[5.5.1009~1-e4940]:main():lattice-best-path.cc:99) For utterance 000660082, best cost 27.5807 + 2865.04 = 2892.62 over 584 frames.
LOG (lattice-best-path[5.5.1009~1-e4940]:main():lattice-best-path.cc:99) For utterance 000660083, best cost 27.2652 + 2494.14 = 2521.4 over 502 frames.
LOG (lattice-best-path[5.5.1009~1-e4940]:main():lattice-best-path.cc:99) For utterance 000660088, best cost 15.3739 + 1411.19 = 1426.56 over 307 frames.
LOG (lattice-best-path[5.5.1009~1-e4940]:main():lattice-best-path.cc:99) For utterance 000660089, best cost 16.2264 + 1428.24 = 1444.47 over 272 frames.
LOG (lattice-best-path[5.5.1009~1-e4940]:main():lattice-best-path.cc:99) For utterance 000660093, best cost 16.8874 + 1732.17 = 1749.06 over 370 frames.
LOG (lattice-best-path[5.5.1009~1-e4940]:main():lattice-best-path.cc:99) For utterance 000660098, best cost 21.5609 + 2128.91 = 2150.47 over 445 frames.
LOG (lattice-best-path[5.5.1009~1-e4940]:main():lattice-best-path.cc:99) For utterance 000660099, best cost 22.0196 + 1999.65 = 2021.67 over 409 frames.
LOG (lattice-best-path[5.5.1009~1-e4940]:main():lattice-best-path.cc:99) For utterance 000660112, best cost 10.6357 + 938.938 = 949.574 over 204 frames.
LOG (lattice-best-path[5.5.1009~1-e4940]:main():lattice-best-path.cc:99) For utterance 000660118, best cost 21.5548 + 1971.05 = 1992.6 over 437 frames.
LOG (lattice-best-path[5.5.1009~1-e4940]:main():lattice-best-path.cc:99) For utterance 000660119, best cost 13.0252 + 1234.67 = 1247.69 over 266 frames.
LOG (lattice-best-path[5.5.1009~1-e4940]:main():lattice-best-path.cc:99) For utterance 000660120, best cost 12.4205 + 1076.23 = 1088.65 over 245 frames.
LOG (lattice-best-path[5.5.1009~1-e4940]:main():lattice-best-path.cc:99) For utterance 000660124, best cost 11.6515 + 1026.69 = 1038.34 over 216 frames.
LOG (lattice-best-path[5.5.1009~1-e4940]:main():lattice-best-path.cc:99) For utterance 000660131, best cost 15.229 + 974.24 = 989.469 over 218 frames.
LOG (lattice-best-path[5.5.1009~1-e4940]:main():lattice-best-path.cc:99) For utterance 000660133, best cost 16.2896 + 1604.27 = 1620.56 over 337 frames.
LOG (lattice-best-path[5.5.1009~1-e4940]:main():lattice-best-path.cc:99) For utterance 000660134, best cost 19.1802 + 1572.48 = 1591.66 over 339 frames.
LOG (lattice-best-path[5.5.1009~1-e4940]:main():lattice-best-path.cc:99) For utterance 000660137, best cost 19.5827 + 1603.48 = 1623.07 over 339 frames.
LOG (lattice-best-path[5.5.1009~1-e4940]:main():lattice-best-path.cc:99) For utterance 000660138, best cost 13.4599 + 1128.62 = 1142.08 over 244 frames.
LOG (lattice-best-path[5.5.1009~1-e4940]:main():lattice-best-path.cc:99) For utterance 000660141, best cost 38.7553 + 2937.76 = 2976.52 over 629 frames.
LOG (lattice-best-path[5.5.1009~1-e4940]:main():lattice-best-path.cc:99) For utterance 000660142, best cost 12.1011 + 1385.89 = 1397.99 over 291 frames.
LOG (lattice-best-path[5.5.1009~1-e4940]:main():lattice-best-path.cc:99) For utterance 000660146, best cost 19.8077 + 1975.74 = 1995.55 over 418 frames.
LOG (lattice-best-path[5.5.1009~1-e4940]:main():lattice-best-path.cc:99) For utterance 000660154, best cost 12.2654 + 1113.53 = 1125.8 over 249 frames.
LOG (lattice-best-path[5.5.1009~1-e4940]:main():lattice-best-path.cc:99) For utterance 000660157, best cost 14.1544 + 1122.9 = 1137.05 over 250 frames.
LOG (lattice-best-path[5.5.1009~1-e4940]:main():lattice-best-path.cc:99) For utterance 000660168, best cost 13.4733 + 1556.47 = 1569.94 over 329 frames.
LOG (lattice-best-path[5.5.1009~1-e4940]:main():lattice-best-path.cc:99) For utterance 000660171, best cost 16.4737 + 1463.63 = 1480.11 over 305 frames.
LOG (lattice-best-path[5.5.1009~1-e4940]:main():lattice-best-path.cc:99) For utterance 000660180, best cost 13.8734 + 1083.82 = 1097.69 over 255 frames.
LOG (lattice-best-path[5.5.1009~1-e4940]:main():lattice-best-path.cc:99) For utterance 000660185, best cost 28.2559 + 2279.11 = 2307.36 over 498 frames.
LOG (lattice-best-path[5.5.1009~1-e4940]:main():lattice-best-path.cc:99) For utterance 000660189, best cost 27.5445 + 2186.03 = 2213.58 over 468 frames.
LOG (lattice-best-path[5.5.1009~1-e4940]:main():lattice-best-path.cc:99) For utterance 000660191, best cost 36.2223 + 2324.05 = 2360.27 over 513 frames.
LOG (lattice-best-path[5.5.1009~1-e4940]:main():lattice-best-path.cc:99) For utterance 000660205, best cost 40.2505 + 4797.16 = 4837.41 over 900 frames.
LOG (lattice-best-path[5.5.1009~1-e4940]:main():lattice-best-path.cc:99) For utterance 000660206, best cost 9.20114 + 958.392 = 967.593 over 215 frames.
LOG (lattice-best-path[5.5.1009~1-e4940]:main():lattice-best-path.cc:99) For utterance 000660209, best cost 36.2967 + 3895.3 = 3931.6 over 746 frames.
LOG (lattice-best-path[5.5.1009~1-e4940]:main():lattice-best-path.cc:99) For utterance 000660213, best cost 8.8954 + 780.534 = 789.429 over 180 frames.
LOG (lattice-best-path[5.5.1009~1-e4940]:main():lattice-best-path.cc:99) For utterance 000660220, best cost 12.0115 + 1002.42 = 1014.43 over 206 frames.
LOG (lattice-best-path[5.5.1009~1-e4940]:main():lattice-best-path.cc:99) For utterance 000660222, best cost 16.4642 + 1612.83 = 1629.29 over 325 frames.
LOG (lattice-best-path[5.5.1009~1-e4940]:main():lattice-best-path.cc:99) For utterance 000660224, best cost 46.1201 + 4033.63 = 4079.75 over 817 frames.
LOG (lattice-best-path[5.5.1009~1-e4940]:main():lattice-best-path.cc:99) For utterance 000660229, best cost 16.4234 + 1932.88 = 1949.3 over 413 frames.
LOG (lattice-best-path[5.5.1009~1-e4940]:main():lattice-best-path.cc:99) For utterance 000660247, best cost 25.6852 + 2444.67 = 2470.36 over 538 frames.
LOG (lattice-best-path[5.5.1009~1-e4940]:main():lattice-best-path.cc:99) For utterance 000660253, best cost 35.1039 + 2368.87 = 2403.97 over 489 frames.
LOG (lattice-best-path[5.5.1009~1-e4940]:main():lattice-best-path.cc:99) For utterance 000660281, best cost 30.7103 + 3202.78 = 3233.49 over 700 frames.
LOG (lattice-best-path[5.5.1009~1-e4940]:main():lattice-best-path.cc:99) For utterance 000660282, best cost 17.3498 + 2018.04 = 2035.39 over 450 frames.
LOG (lattice-best-path[5.5.1009~1-e4940]:main():lattice-best-path.cc:99) For utterance 000660322, best cost 12.2554 + 1607.74 = 1619.99 over 333 frames.
LOG (lattice-best-path[5.5.1009~1-e4940]:main():lattice-best-path.cc:99) For utterance 000660328, best cost 17.0165 + 1736.3 = 1753.31 over 366 frames.
LOG (lattice-best-path[5.5.1009~1-e4940]:main():lattice-best-path.cc:99) For utterance 000660362, best cost 35.2566 + 3202.14 = 3237.4 over 654 frames.
LOG (lattice-best-path[5.5.1009~1-e4940]:main():lattice-best-path.cc:99) For utterance 000660381, best cost 32.5144 + 4055.82 = 4088.33 over 781 frames.
LOG (lattice-best-path[5.5.1009~1-e4940]:main():lattice-best-path.cc:99) For utterance 000660394, best cost 24.3987 + 2103.33 = 2127.73 over 437 frames.
LOG (lattice-best-path[5.5.1009~1-e4940]:main():lattice-best-path.cc:99) For utterance 000660404, best cost 19.5479 + 2084.97 = 2104.52 over 470 frames.
LOG (lattice-best-path[5.5.1009~1-e4940]:main():lattice-best-path.cc:99) For utterance 000660419, best cost 13.8702 + 1185.3 = 1199.17 over 274 frames.
LOG (lattice-best-path[5.5.1009~1-e4940]:main():lattice-best-path.cc:99) For utterance 000660421, best cost 14.5291 + 1371.1 = 1385.63 over 302 frames.
LOG (lattice-best-path[5.5.1009~1-e4940]:main():lattice-best-path.cc:99) For utterance 000660433, best cost 20.2009 + 1581.48 = 1601.68 over 341 frames.
LOG (lattice-best-path[5.5.1009~1-e4940]:main():lattice-best-path.cc:99) For utterance 000660444, best cost 10.5128 + 1260.65 = 1271.16 over 271 frames.
LOG (lattice-best-path[5.5.1009~1-e4940]:main():lattice-best-path.cc:99) For utterance 000660446, best cost 12.4537 + 1276.4 = 1288.86 over 259 frames.
LOG (lattice-best-path[5.5.1009~1-e4940]:main():lattice-best-path.cc:99) For utterance 000660457, best cost 38.6694 + 2514.83 = 2553.5 over 544 frames.
LOG (lattice-best-path[5.5.1009~1-e4940]:main():lattice-best-path.cc:99) For utterance 000660458, best cost 26.1812 + 2245.36 = 2271.54 over 467 frames.
LOG (lattice-best-path[5.5.1009~1-e4940]:main():lattice-best-path.cc:99) For utterance 000660465, best cost 16.2122 + 1398.92 = 1415.13 over 280 frames.
LOG (lattice-best-path[5.5.1009~1-e4940]:main():lattice-best-path.cc:99) For utterance 000660468, best cost 20.0897 + 2333.92 = 2354.01 over 515 frames.
LOG (lattice-best-path[5.5.1009~1-e4940]:main():lattice-best-path.cc:99) For utterance 000660471, best cost 24.0285 + 1960.83 = 1984.86 over 406 frames.
LOG (lattice-best-path[5.5.1009~1-e4940]:main():lattice-best-path.cc:99) For utterance 000660475, best cost 25.7305 + 2522.64 = 2548.37 over 528 frames.
LOG (lattice-best-path[5.5.1009~1-e4940]:main():lattice-best-path.cc:99) For utterance 000660477, best cost 33.5687 + 1751.4 = 1784.97 over 379 frames.
LOG (lattice-best-path[5.5.1009~1-e4940]:main():lattice-best-path.cc:99) For utterance 000660479, best cost 17.5842 + 1597.04 = 1614.63 over 328 frames.
LOG (lattice-best-path[5.5.1009~1-e4940]:main():lattice-best-path.cc:99) For utterance 000660494, best cost 12.0261 + 1091.63 = 1103.65 over 246 frames.
LOG (lattice-best-path[5.5.1009~1-e4940]:main():lattice-best-path.cc:99) For utterance 000660495, best cost 10.2192 + 1041.58 = 1051.8 over 232 frames.
LOG (lattice-best-path[5.5.1009~1-e4940]:main():lattice-best-path.cc:99) For utterance 000670003, best cost 24.1558 + 1752.97 = 1777.12 over 381 frames.
LOG (lattice-best-path[5.5.1009~1-e4940]:main():lattice-best-path.cc:99) For utterance 000670008, best cost 23.4171 + 1713.33 = 1736.75 over 404 frames.
LOG (lattice-best-path[5.5.1009~1-e4940]:main():lattice-best-path.cc:99) For utterance 000670013, best cost 25.1346 + 1854.63 = 1879.76 over 419 frames.
LOG (lattice-best-path[5.5.1009~1-e4940]:main():lattice-best-path.cc:99) For utterance 000670014, best cost 33.3775 + 1789.66 = 1823.04 over 419 frames.
LOG (lattice-best-path[5.5.1009~1-e4940]:main():lattice-best-path.cc:99) For utterance 000670015, best cost 21.1535 + 1736.62 = 1757.77 over 433 frames.
LOG (lattice-best-path[5.5.1009~1-e4940]:main():lattice-best-path.cc:99) For utterance 000670020, best cost 24.1371 + 1746.33 = 1770.47 over 406 frames.
LOG (lattice-best-path[5.5.1009~1-e4940]:main():lattice-best-path.cc:99) For utterance 000670023, best cost 21.0094 + 1634.83 = 1655.84 over 370 frames.
LOG (lattice-best-path[5.5.1009~1-e4940]:main():lattice-best-path.cc:99) For utterance 000670025, best cost 19.4529 + 1435.27 = 1454.73 over 333 frames.
LOG (lattice-best-path[5.5.1009~1-e4940]:main():lattice-best-path.cc:99) For utterance 000670028, best cost 23.6216 + 1554.27 = 1577.89 over 386 frames.
LOG (lattice-best-path[5.5.1009~1-e4940]:main():lattice-best-path.cc:99) For utterance 000670031, best cost 23.114 + 1837.25 = 1860.36 over 410 frames.
LOG (lattice-best-path[5.5.1009~1-e4940]:main():lattice-best-path.cc:99) For utterance 000670033, best cost 22.4304 + 1703.33 = 1725.76 over 383 frames.
LOG (lattice-best-path[5.5.1009~1-e4940]:main():lattice-best-path.cc:99) For utterance 000670036, best cost 26.1899 + 1827.01 = 1853.2 over 420 frames.
LOG (lattice-best-path[5.5.1009~1-e4940]:main():lattice-best-path.cc:99) For utterance 000670039, best cost 25.6352 + 2157.27 = 2182.91 over 469 frames.
LOG (lattice-best-path[5.5.1009~1-e4940]:main():lattice-best-path.cc:99) For utterance 000670041, best cost 20.4908 + 1573.99 = 1594.48 over 365 frames.
LOG (lattice-best-path[5.5.1009~1-e4940]:main():lattice-best-path.cc:99) For utterance 000670045, best cost 26.4224 + 2076.57 = 2102.99 over 503 frames.
LOG (lattice-best-path[5.5.1009~1-e4940]:main():lattice-best-path.cc:99) For utterance 000670046, best cost 18.0603 + 1495.83 = 1513.89 over 331 frames.
LOG (lattice-best-path[5.5.1009~1-e4940]:main():lattice-best-path.cc:99) For utterance 000670056, best cost 37.2176 + 3246.91 = 3284.12 over 640 frames.
LOG (lattice-best-path[5.5.1009~1-e4940]:main():lattice-best-path.cc:99) For utterance 000670060, best cost 24.141 + 2018.85 = 2042.99 over 438 frames.
LOG (lattice-best-path[5.5.1009~1-e4940]:main():lattice-best-path.cc:99) For utterance 000670062, best cost 22.7779 + 2103.9 = 2126.67 over 464 frames.
LOG (lattice-best-path[5.5.1009~1-e4940]:main():lattice-best-path.cc:99) For utterance 000670067, best cost 29.0131 + 2494.12 = 2523.13 over 553 frames.
LOG (lattice-best-path[5.5.1009~1-e4940]:main():lattice-best-path.cc:99) For utterance 000670068, best cost 26.8487 + 1861.69 = 1888.53 over 425 frames.
LOG (lattice-best-path[5.5.1009~1-e4940]:main():lattice-best-path.cc:99) For utterance 000670069, best cost 32.3913 + 4080.69 = 4113.08 over 723 frames.
LOG (lattice-best-path[5.5.1009~1-e4940]:main():lattice-best-path.cc:99) For utterance 000670072, best cost 21.494 + 1688.73 = 1710.22 over 386 frames.
LOG (lattice-best-path[5.5.1009~1-e4940]:main():lattice-best-path.cc:99) For utterance 000670075, best cost 42.0522 + 2287.01 = 2329.06 over 503 frames.
LOG (lattice-best-path[5.5.1009~1-e4940]:main():lattice-best-path.cc:99) For utterance 000670077, best cost 23.7833 + 1902.09 = 1925.87 over 443 frames.
LOG (lattice-best-path[5.5.1009~1-e4940]:main():lattice-best-path.cc:99) For utterance 000670084, best cost 23.6743 + 1756.15 = 1779.82 over 413 frames.
LOG (lattice-best-path[5.5.1009~1-e4940]:main():lattice-best-path.cc:99) For utterance 000670085, best cost 28.6156 + 1256.14 = 1284.76 over 292 frames.
LOG (lattice-best-path[5.5.1009~1-e4940]:main():lattice-best-path.cc:99) For utterance 000670089, best cost 26.9592 + 1982.17 = 2009.13 over 438 frames.
LOG (lattice-best-path[5.5.1009~1-e4940]:main():lattice-best-path.cc:99) For utterance 000670090, best cost 22.3064 + 1782.02 = 1804.33 over 411 frames.
LOG (lattice-best-path[5.5.1009~1-e4940]:main():lattice-best-path.cc:99) For utterance 000670092, best cost 22.1729 + 1748.74 = 1770.92 over 383 frames.
LOG (lattice-best-path[5.5.1009~1-e4940]:main():lattice-best-path.cc:99) For utterance 000670098, best cost 21.5661 + 1863.36 = 1884.93 over 424 frames.
LOG (lattice-best-path[5.5.1009~1-e4940]:main():lattice-best-path.cc:99) For utterance 000670099, best cost 25.9074 + 1911.3 = 1937.21 over 424 frames.
LOG (lattice-best-path[5.5.1009~1-e4940]:main():lattice-best-path.cc:99) For utterance 000670100, best cost 23.0987 + 1889.28 = 1912.38 over 448 frames.
LOG (lattice-best-path[5.5.1009~1-e4940]:main():lattice-best-path.cc:99) For utterance 000670101, best cost 21.779 + 1768.5 = 1790.28 over 395 frames.
LOG (lattice-best-path[5.5.1009~1-e4940]:main():lattice-best-path.cc:99) For utterance 000670102, best cost 20.8245 + 1698.05 = 1718.87 over 386 frames.
LOG (lattice-best-path[5.5.1009~1-e4940]:main():lattice-best-path.cc:99) For utterance 000670105, best cost 18.2073 + 1592.46 = 1610.67 over 377 frames.
LOG (lattice-best-path[5.5.1009~1-e4940]:main():lattice-best-path.cc:99) For utterance 000670108, best cost 19.2433 + 1495.46 = 1514.71 over 372 frames.
LOG (lattice-best-path[5.5.1009~1-e4940]:main():lattice-best-path.cc:99) For utterance 000670109, best cost 22.4702 + 1893.13 = 1915.6 over 457 frames.
LOG (lattice-best-path[5.5.1009~1-e4940]:main():lattice-best-path.cc:99) For utterance 000670110, best cost 17.478 + 1386.26 = 1403.74 over 354 frames.
LOG (lattice-best-path[5.5.1009~1-e4940]:main():lattice-best-path.cc:99) For utterance 000670111, best cost 21.4093 + 1629.06 = 1650.47 over 389 frames.
LOG (lattice-best-path[5.5.1009~1-e4940]:main():lattice-best-path.cc:99) For utterance 000670112, best cost 24.5788 + 1994.34 = 2018.91 over 466 frames.
LOG (lattice-best-path[5.5.1009~1-e4940]:main():lattice-best-path.cc:99) For utterance 000670113, best cost 40.4345 + 2411.23 = 2451.66 over 608 frames.
LOG (lattice-best-path[5.5.1009~1-e4940]:main():lattice-best-path.cc:99) For utterance 000670116, best cost 28.4971 + 1691.85 = 1720.34 over 400 frames.
LOG (lattice-best-path[5.5.1009~1-e4940]:main():lattice-best-path.cc:99) For utterance 000670117, best cost 21.0137 + 1710.78 = 1731.79 over 397 frames.
LOG (lattice-best-path[5.5.1009~1-e4940]:main():lattice-best-path.cc:99) For utterance 000670118, best cost 49.9848 + 2446.42 = 2496.41 over 534 frames.
LOG (lattice-best-path[5.5.1009~1-e4940]:main():lattice-best-path.cc:99) For utterance 000670120, best cost 27.775 + 2457.3 = 2485.08 over 547 frames.
LOG (lattice-best-path[5.5.1009~1-e4940]:main():lattice-best-path.cc:99) For utterance 000670121, best cost 19.1402 + 1799.93 = 1819.07 over 401 frames.
LOG (lattice-best-path[5.5.1009~1-e4940]:main():lattice-best-path.cc:99) For utterance 000670123, best cost 28.946 + 2512.7 = 2541.65 over 595 frames.
LOG (lattice-best-path[5.5.1009~1-e4940]:main():lattice-best-path.cc:99) For utterance 000670124, best cost 55.9773 + 2598.93 = 2654.9 over 565 frames.
LOG (lattice-best-path[5.5.1009~1-e4940]:main():lattice-best-path.cc:99) For utterance 000670125, best cost 23.3802 + 2132.6 = 2155.98 over 504 frames.
LOG (lattice-best-path[5.5.1009~1-e4940]:main():lattice-best-path.cc:99) For utterance 000670126, best cost 30.8115 + 2454.92 = 2485.73 over 548 frames.
LOG (lattice-best-path[5.5.1009~1-e4940]:main():lattice-best-path.cc:99) For utterance 000670127, best cost 23.513 + 1593.19 = 1616.71 over 371 frames.
LOG (lattice-best-path[5.5.1009~1-e4940]:main():lattice-best-path.cc:99) For utterance 000670129, best cost 25.3875 + 1974.28 = 1999.67 over 429 frames.
LOG (lattice-best-path[5.5.1009~1-e4940]:main():lattice-best-path.cc:99) For utterance 000670134, best cost 30.465 + 2411.66 = 2442.13 over 533 frames.
LOG (lattice-best-path[5.5.1009~1-e4940]:main():lattice-best-path.cc:99) For utterance 000670135, best cost 21.9236 + 1927.23 = 1949.15 over 452 frames.
LOG (lattice-best-path[5.5.1009~1-e4940]:main():lattice-best-path.cc:99) For utterance 000670137, best cost 18.9996 + 1352.95 = 1371.95 over 310 frames.
LOG (lattice-best-path[5.5.1009~1-e4940]:main():lattice-best-path.cc:99) For utterance 000670139, best cost 22.8419 + 1880.57 = 1903.41 over 469 frames.
LOG (lattice-best-path[5.5.1009~1-e4940]:main():lattice-best-path.cc:99) For utterance 000670140, best cost 23.915 + 1831.09 = 1855.01 over 414 frames.
LOG (lattice-best-path[5.5.1009~1-e4940]:main():lattice-best-path.cc:99) For utterance 000670141, best cost 49.8701 + 3180.93 = 3230.8 over 706 frames.
LOG (lattice-best-path[5.5.1009~1-e4940]:main():lattice-best-path.cc:99) For utterance 000670142, best cost 26.775 + 2123.87 = 2150.64 over 484 frames.
LOG (lattice-best-path[5.5.1009~1-e4940]:main():lattice-best-path.cc:99) For utterance 000670144, best cost 19.0363 + 1730.1 = 1749.14 over 393 frames.
LOG (lattice-best-path[5.5.1009~1-e4940]:main():lattice-best-path.cc:99) For utterance 000670146, best cost 28.7232 + 2504.31 = 2533.03 over 567 frames.
LOG (lattice-best-path[5.5.1009~1-e4940]:main():lattice-best-path.cc:99) For utterance 000670147, best cost 18.7035 + 1739.42 = 1758.12 over 401 frames.
LOG (lattice-best-path[5.5.1009~1-e4940]:main():lattice-best-path.cc:99) For utterance 000670148, best cost 26.57 + 2781.51 = 2808.08 over 616 frames.
LOG (lattice-best-path[5.5.1009~1-e4940]:main():lattice-best-path.cc:99) For utterance 000670150, best cost 29.5982 + 2624 = 2653.6 over 582 frames.
LOG (lattice-best-path[5.5.1009~1-e4940]:main():lattice-best-path.cc:99) For utterance 000670151, best cost 25.4279 + 2062.6 = 2088.03 over 481 frames.
LOG (lattice-best-path[5.5.1009~1-e4940]:main():lattice-best-path.cc:99) For utterance 000670152, best cost 19.9013 + 1560.12 = 1580.02 over 344 frames.
LOG (lattice-best-path[5.5.1009~1-e4940]:main():lattice-best-path.cc:99) For utterance 000670153, best cost 27.5579 + 2645.41 = 2672.97 over 581 frames.
LOG (lattice-best-path[5.5.1009~1-e4940]:main():lattice-best-path.cc:99) For utterance 000670155, best cost 28.6485 + 2491.18 = 2519.82 over 543 frames.
LOG (lattice-best-path[5.5.1009~1-e4940]:main():lattice-best-path.cc:99) For utterance 000670159, best cost 24.1288 + 1943.18 = 1967.31 over 445 frames.
LOG (lattice-best-path[5.5.1009~1-e4940]:main():lattice-best-path.cc:99) For utterance 000670160, best cost 25.0943 + 2429.84 = 2454.94 over 546 frames.
LOG (lattice-best-path[5.5.1009~1-e4940]:main():lattice-best-path.cc:99) For utterance 000670161, best cost 50.2796 + 2144.4 = 2194.68 over 487 frames.
LOG (lattice-best-path[5.5.1009~1-e4940]:main():lattice-best-path.cc:99) For utterance 000670162, best cost 29.2329 + 2631.03 = 2660.27 over 626 frames.
LOG (lattice-best-path[5.5.1009~1-e4940]:main():lattice-best-path.cc:99) For utterance 000670165, best cost 24.636 + 1931.24 = 1955.87 over 449 frames.
LOG (lattice-best-path[5.5.1009~1-e4940]:main():lattice-best-path.cc:99) For utterance 000670169, best cost 22.7555 + 1949.14 = 1971.9 over 454 frames.
LOG (lattice-best-path[5.5.1009~1-e4940]:main():lattice-best-path.cc:99) For utterance 000670170, best cost 32.0407 + 2294.84 = 2326.88 over 524 frames.
LOG (lattice-best-path[5.5.1009~1-e4940]:main():lattice-best-path.cc:99) For utterance 000670171, best cost 32.4398 + 2413.01 = 2445.45 over 564 frames.
LOG (lattice-best-path[5.5.1009~1-e4940]:main():lattice-best-path.cc:99) For utterance 000670176, best cost 38.1083 + 3313.06 = 3351.17 over 649 frames.
LOG (lattice-best-path[5.5.1009~1-e4940]:main():lattice-best-path.cc:99) For utterance 000670177, best cost 38.335 + 3154.47 = 3192.81 over 623 frames.
LOG (lattice-best-path[5.5.1009~1-e4940]:main():lattice-best-path.cc:99) For utterance 000670178, best cost 21.9628 + 1632.45 = 1654.41 over 385 frames.
LOG (lattice-best-path[5.5.1009~1-e4940]:main():lattice-best-path.cc:99) For utterance 000670179, best cost 29.4618 + 2154.45 = 2183.91 over 515 frames.
LOG (lattice-best-path[5.5.1009~1-e4940]:main():lattice-best-path.cc:99) For utterance 000670180, best cost 31.7341 + 3632.57 = 3664.3 over 648 frames.
LOG (lattice-best-path[5.5.1009~1-e4940]:main():lattice-best-path.cc:99) For utterance 000670183, best cost 30.9683 + 3024.46 = 3055.43 over 615 frames.
LOG (lattice-best-path[5.5.1009~1-e4940]:main():lattice-best-path.cc:99) For utterance 000670185, best cost 21.0799 + 1719.99 = 1741.07 over 379 frames.
LOG (lattice-best-path[5.5.1009~1-e4940]:main():lattice-best-path.cc:99) For utterance 000670187, best cost 22.6006 + 1808.21 = 1830.81 over 437 frames.
LOG (lattice-best-path[5.5.1009~1-e4940]:main():lattice-best-path.cc:99) For utterance 000670188, best cost 39.6765 + 2158.55 = 2198.22 over 474 frames.
LOG (lattice-best-path[5.5.1009~1-e4940]:main():lattice-best-path.cc:99) For utterance 000670190, best cost 23.4109 + 1788.45 = 1811.86 over 415 frames.
LOG (lattice-best-path[5.5.1009~1-e4940]:main():lattice-best-path.cc:99) For utterance 000670191, best cost 20.7722 + 1768.77 = 1789.54 over 407 frames.
LOG (lattice-best-path[5.5.1009~1-e4940]:main():lattice-best-path.cc:99) For utterance 000670194, best cost 34.1639 + 3506.53 = 3540.69 over 687 frames.
LOG (lattice-best-path[5.5.1009~1-e4940]:main():lattice-best-path.cc:99) For utterance 000670195, best cost 26.1728 + 2173.82 = 2200 over 467 frames.
LOG (lattice-best-path[5.5.1009~1-e4940]:main():lattice-best-path.cc:99) For utterance 000670196, best cost 19.7737 + 1729.41 = 1749.18 over 395 frames.
LOG (lattice-best-path[5.5.1009~1-e4940]:main():lattice-best-path.cc:99) For utterance 000670199, best cost 27.07 + 2298.63 = 2325.7 over 553 frames.
LOG (lattice-best-path[5.5.1009~1-e4940]:main():lattice-best-path.cc:99) For utterance 000670200, best cost 27.4623 + 2751.82 = 2779.28 over 591 frames.
LOG (lattice-best-path[5.5.1009~1-e4940]:main():lattice-best-path.cc:99) For utterance 000670203, best cost 21.624 + 1427.91 = 1449.53 over 346 frames.
LOG (lattice-best-path[5.5.1009~1-e4940]:main():lattice-best-path.cc:99) For utterance 000670204, best cost 21.5177 + 2180.33 = 2201.85 over 492 frames.
LOG (lattice-best-path[5.5.1009~1-e4940]:main():lattice-best-path.cc:99) For utterance 000670205, best cost 27.9056 + 2290.84 = 2318.75 over 514 frames.
LOG (lattice-best-path[5.5.1009~1-e4940]:main():lattice-best-path.cc:99) For utterance 000670207, best cost 22.4967 + 1761.18 = 1783.67 over 392 frames.
LOG (lattice-best-path[5.5.1009~1-e4940]:main():lattice-best-path.cc:99) For utterance 000670208, best cost 35.535 + 2654.21 = 2689.75 over 608 frames.
LOG (lattice-best-path[5.5.1009~1-e4940]:main():lattice-best-path.cc:99) For utterance 000670209, best cost 28.9744 + 2206.01 = 2234.98 over 490 frames.
LOG (lattice-best-path[5.5.1009~1-e4940]:main():lattice-best-path.cc:99) For utterance 000670210, best cost 30.3085 + 2546.49 = 2576.8 over 591 frames.
LOG (lattice-best-path[5.5.1009~1-e4940]:main():lattice-best-path.cc:99) For utterance 000670211, best cost 20.4579 + 2127.62 = 2148.08 over 481 frames.
LOG (lattice-best-path[5.5.1009~1-e4940]:main():lattice-best-path.cc:99) For utterance 000670213, best cost 23.3229 + 1950.32 = 1973.65 over 467 frames.
LOG (lattice-best-path[5.5.1009~1-e4940]:main():lattice-best-path.cc:99) For utterance 000670214, best cost 29.2034 + 2409.74 = 2438.94 over 545 frames.
LOG (lattice-best-path[5.5.1009~1-e4940]:main():lattice-best-path.cc:99) For utterance 000670215, best cost 24.9074 + 2248.79 = 2273.69 over 519 frames.
LOG (lattice-best-path[5.5.1009~1-e4940]:main():lattice-best-path.cc:99) For utterance 000670216, best cost 29.6404 + 2321.99 = 2351.63 over 542 frames.
LOG (lattice-best-path[5.5.1009~1-e4940]:main():lattice-best-path.cc:99) For utterance 000670217, best cost 17.6058 + 1538.73 = 1556.34 over 342 frames.
LOG (lattice-best-path[5.5.1009~1-e4940]:main():lattice-best-path.cc:99) For utterance 000670220, best cost 22.3642 + 2333.86 = 2356.22 over 518 frames.
LOG (lattice-best-path[5.5.1009~1-e4940]:main():lattice-best-path.cc:99) For utterance 000670223, best cost 43.0999 + 4213.92 = 4257.02 over 836 frames.
LOG (lattice-best-path[5.5.1009~1-e4940]:main():lattice-best-path.cc:99) For utterance 000670225, best cost 19.9944 + 1872.94 = 1892.93 over 450 frames.
LOG (lattice-best-path[5.5.1009~1-e4940]:main():lattice-best-path.cc:99) For utterance 000670226, best cost 23.6068 + 1849.97 = 1873.58 over 429 frames.
LOG (lattice-best-path[5.5.1009~1-e4940]:main():lattice-best-path.cc:99) For utterance 000670227, best cost 26.8424 + 2215.01 = 2241.86 over 521 frames.
LOG (lattice-best-path[5.5.1009~1-e4940]:main():lattice-best-path.cc:99) For utterance 000670228, best cost 14.7037 + 1471.95 = 1486.66 over 347 frames.
LOG (lattice-best-path[5.5.1009~1-e4940]:main():lattice-best-path.cc:99) For utterance 000670229, best cost 28.2936 + 2130.33 = 2158.63 over 490 frames.
LOG (lattice-best-path[5.5.1009~1-e4940]:main():lattice-best-path.cc:99) For utterance 000670231, best cost 21.1317 + 1809.98 = 1831.11 over 420 frames.
LOG (lattice-best-path[5.5.1009~1-e4940]:main():lattice-best-path.cc:99) For utterance 000670233, best cost 27.8915 + 2182.93 = 2210.82 over 511 frames.
LOG (lattice-best-path[5.5.1009~1-e4940]:main():lattice-best-path.cc:99) For utterance 000670234, best cost 22.8883 + 1423.93 = 1446.82 over 333 frames.
LOG (lattice-best-path[5.5.1009~1-e4940]:main():lattice-best-path.cc:99) For utterance 000670235, best cost 24.8004 + 1915.26 = 1940.06 over 454 frames.
LOG (lattice-best-path[5.5.1009~1-e4940]:main():lattice-best-path.cc:99) For utterance 000670236, best cost 16.2972 + 1390.23 = 1406.53 over 332 frames.
LOG (lattice-best-path[5.5.1009~1-e4940]:main():lattice-best-path.cc:99) For utterance 000670237, best cost 30.1441 + 2153.31 = 2183.46 over 510 frames.
LOG (lattice-best-path[5.5.1009~1-e4940]:main():lattice-best-path.cc:99) For utterance 000670239, best cost 26.2755 + 1871.98 = 1898.25 over 446 frames.
LOG (lattice-best-path[5.5.1009~1-e4940]:main():lattice-best-path.cc:99) For utterance 000670240, best cost 21.0365 + 1591.98 = 1613.01 over 380 frames.
LOG (lattice-best-path[5.5.1009~1-e4940]:main():lattice-best-path.cc:99) For utterance 000670242, best cost 34.4594 + 2770.84 = 2805.3 over 637 frames.
LOG (lattice-best-path[5.5.1009~1-e4940]:main():lattice-best-path.cc:99) For utterance 000670243, best cost 21.7889 + 1948.81 = 1970.6 over 454 frames.
LOG (lattice-best-path[5.5.1009~1-e4940]:main():lattice-best-path.cc:99) For utterance 000670244, best cost 28.3139 + 2204.33 = 2232.64 over 523 frames.
LOG (lattice-best-path[5.5.1009~1-e4940]:main():lattice-best-path.cc:99) For utterance 000670245, best cost 34.1121 + 3658.96 = 3693.07 over 707 frames.
LOG (lattice-best-path[5.5.1009~1-e4940]:main():lattice-best-path.cc:99) For utterance 000670247, best cost 26.0188 + 1879.85 = 1905.87 over 441 frames.
LOG (lattice-best-path[5.5.1009~1-e4940]:main():lattice-best-path.cc:99) For utterance 000670248, best cost 23.5209 + 2267.93 = 2291.45 over 533 frames.
LOG (lattice-best-path[5.5.1009~1-e4940]:main():lattice-best-path.cc:99) For utterance 000670249, best cost 27.6945 + 2095.22 = 2122.92 over 482 frames.
LOG (lattice-best-path[5.5.1009~1-e4940]:main():lattice-best-path.cc:99) For utterance 000670250, best cost 19.9404 + 1336.23 = 1356.17 over 316 frames.
LOG (lattice-best-path[5.5.1009~1-e4940]:main():lattice-best-path.cc:99) For utterance 000670251, best cost 25.1557 + 1716.33 = 1741.48 over 428 frames.
LOG (lattice-best-path[5.5.1009~1-e4940]:main():lattice-best-path.cc:99) For utterance 000670252, best cost 21.6151 + 1621.06 = 1642.68 over 379 frames.
LOG (lattice-best-path[5.5.1009~1-e4940]:main():lattice-best-path.cc:99) For utterance 000670254, best cost 19.9454 + 1537.08 = 1557.02 over 369 frames.
LOG (lattice-best-path[5.5.1009~1-e4940]:main():lattice-best-path.cc:99) For utterance 000670255, best cost 23.0247 + 1507.5 = 1530.53 over 342 frames.
LOG (lattice-best-path[5.5.1009~1-e4940]:main():lattice-best-path.cc:99) For utterance 000670263, best cost 25.3002 + 2025.91 = 2051.21 over 485 frames.
LOG (lattice-best-path[5.5.1009~1-e4940]:main():lattice-best-path.cc:99) For utterance 000670264, best cost 42.7786 + 2419.99 = 2462.77 over 588 frames.
LOG (lattice-best-path[5.5.1009~1-e4940]:main():lattice-best-path.cc:99) For utterance 000670265, best cost 40.1332 + 3915.82 = 3955.95 over 774 frames.
LOG (lattice-best-path[5.5.1009~1-e4940]:main():lattice-best-path.cc:99) For utterance 000670266, best cost 26.7884 + 2310.41 = 2337.2 over 534 frames.
LOG (lattice-best-path[5.5.1009~1-e4940]:main():lattice-best-path.cc:99) For utterance 000670267, best cost 23.5259 + 1815.48 = 1839.01 over 434 frames.
LOG (lattice-best-path[5.5.1009~1-e4940]:main():lattice-best-path.cc:99) For utterance 000670268, best cost 33.4682 + 2750.74 = 2784.21 over 642 frames.
LOG (lattice-best-path[5.5.1009~1-e4940]:main():lattice-best-path.cc:99) For utterance 000670269, best cost 38.0622 + 3584.83 = 3622.9 over 701 frames.
LOG (lattice-best-path[5.5.1009~1-e4940]:main():lattice-best-path.cc:99) For utterance 000670271, best cost 32.4785 + 2582.68 = 2615.16 over 602 frames.
LOG (lattice-best-path[5.5.1009~1-e4940]:main():lattice-best-path.cc:99) For utterance 000670272, best cost 22.7154 + 1933.99 = 1956.71 over 437 frames.
LOG (lattice-best-path[5.5.1009~1-e4940]:main():lattice-best-path.cc:99) For utterance 000670274, best cost 23.6073 + 1794.25 = 1817.86 over 449 frames.
LOG (lattice-best-path[5.5.1009~1-e4940]:main():lattice-best-path.cc:99) For utterance 000670275, best cost 21.1004 + 1820.23 = 1841.33 over 426 frames.
LOG (lattice-best-path[5.5.1009~1-e4940]:main():lattice-best-path.cc:99) For utterance 000670276, best cost 20.834 + 1662.54 = 1683.38 over 386 frames.
LOG (lattice-best-path[5.5.1009~1-e4940]:main():lattice-best-path.cc:99) For utterance 000670277, best cost 19.9442 + 1829.45 = 1849.4 over 431 frames.
LOG (lattice-best-path[5.5.1009~1-e4940]:main():lattice-best-path.cc:99) For utterance 000670278, best cost 19.1105 + 1501.17 = 1520.28 over 345 frames.
LOG (lattice-best-path[5.5.1009~1-e4940]:main():lattice-best-path.cc:99) For utterance 000670280, best cost 18.4936 + 1637.45 = 1655.95 over 391 frames.
LOG (lattice-best-path[5.5.1009~1-e4940]:main():lattice-best-path.cc:99) For utterance 000670281, best cost 24.2139 + 1988.14 = 2012.36 over 479 frames.
LOG (lattice-best-path[5.5.1009~1-e4940]:main():lattice-best-path.cc:99) For utterance 000670288, best cost 24.0171 + 1887.08 = 1911.09 over 441 frames.
LOG (lattice-best-path[5.5.1009~1-e4940]:main():lattice-best-path.cc:99) For utterance 000670289, best cost 17.8091 + 1339.36 = 1357.17 over 334 frames.
LOG (lattice-best-path[5.5.1009~1-e4940]:main():lattice-best-path.cc:99) For utterance 000670292, best cost 21.3783 + 1607.67 = 1629.05 over 387 frames.
LOG (lattice-best-path[5.5.1009~1-e4940]:main():lattice-best-path.cc:99) For utterance 000670293, best cost 39.5245 + 2943.58 = 2983.1 over 685 frames.
LOG (lattice-best-path[5.5.1009~1-e4940]:main():lattice-best-path.cc:99) For utterance 000670294, best cost 25.973 + 1980.37 = 2006.34 over 487 frames.
LOG (lattice-best-path[5.5.1009~1-e4940]:main():lattice-best-path.cc:99) For utterance 000670295, best cost 42.9794 + 2549.93 = 2592.91 over 625 frames.
LOG (lattice-best-path[5.5.1009~1-e4940]:main():lattice-best-path.cc:99) For utterance 000670296, best cost 34.3779 + 2834.77 = 2869.15 over 661 frames.
LOG (lattice-best-path[5.5.1009~1-e4940]:main():lattice-best-path.cc:99) For utterance 000670298, best cost 22.8382 + 1807.07 = 1829.9 over 406 frames.
LOG (lattice-best-path[5.5.1009~1-e4940]:main():lattice-best-path.cc:99) For utterance 000670299, best cost 19.122 + 1452.28 = 1471.4 over 373 frames.
LOG (lattice-best-path[5.5.1009~1-e4940]:main():lattice-best-path.cc:99) For utterance 000670300, best cost 24.3891 + 2044.24 = 2068.63 over 485 frames.
LOG (lattice-best-path[5.5.1009~1-e4940]:main():lattice-best-path.cc:99) For utterance 000670303, best cost 31.4868 + 2492.19 = 2523.67 over 593 frames.
LOG (lattice-best-path[5.5.1009~1-e4940]:main():lattice-best-path.cc:99) For utterance 000670307, best cost 28.6062 + 2089.09 = 2117.69 over 518 frames.
LOG (lattice-best-path[5.5.1009~1-e4940]:main():lattice-best-path.cc:99) For utterance 000670309, best cost 23.4214 + 1864.71 = 1888.13 over 475 frames.
LOG (lattice-best-path[5.5.1009~1-e4940]:main():lattice-best-path.cc:99) For utterance 000670312, best cost 19.6626 + 1599.59 = 1619.26 over 385 frames.
LOG (lattice-best-path[5.5.1009~1-e4940]:main():lattice-best-path.cc:99) For utterance 000670318, best cost 25.4233 + 2047.18 = 2072.6 over 493 frames.
LOG (lattice-best-path[5.5.1009~1-e4940]:main():lattice-best-path.cc:99) For utterance 000670321, best cost 21.3224 + 1668.36 = 1689.68 over 385 frames.
LOG (lattice-best-path[5.5.1009~1-e4940]:main():lattice-best-path.cc:99) For utterance 000670325, best cost 26.8541 + 2401.49 = 2428.35 over 577 frames.
LOG (lattice-best-path[5.5.1009~1-e4940]:main():lattice-best-path.cc:99) For utterance 000670327, best cost 28.1478 + 2107.65 = 2135.8 over 504 frames.
LOG (lattice-best-path[5.5.1009~1-e4940]:main():lattice-best-path.cc:99) For utterance 000670330, best cost 23.4565 + 2008.21 = 2031.66 over 463 frames.
LOG (lattice-best-path[5.5.1009~1-e4940]:main():lattice-best-path.cc:99) For utterance 000670335, best cost 27.4187 + 2046.77 = 2074.19 over 496 frames.
LOG (lattice-best-path[5.5.1009~1-e4940]:main():lattice-best-path.cc:99) For utterance 000670336, best cost 21.1074 + 1648.07 = 1669.18 over 407 frames.
LOG (lattice-best-path[5.5.1009~1-e4940]:main():lattice-best-path.cc:99) For utterance 000670339, best cost 28.2039 + 2296.81 = 2325.02 over 554 frames.
LOG (lattice-best-path[5.5.1009~1-e4940]:main():lattice-best-path.cc:99) For utterance 000670340, best cost 21.583 + 1756.71 = 1778.29 over 405 frames.
LOG (lattice-best-path[5.5.1009~1-e4940]:main():lattice-best-path.cc:99) For utterance 000670341, best cost 21.5149 + 1698.05 = 1719.57 over 417 frames.
LOG (lattice-best-path[5.5.1009~1-e4940]:main():lattice-best-path.cc:99) For utterance 000670345, best cost 24.0039 + 1902.4 = 1926.4 over 461 frames.
LOG (lattice-best-path[5.5.1009~1-e4940]:main():lattice-best-path.cc:99) For utterance 000670349, best cost 24.4595 + 1970.57 = 1995.03 over 480 frames.
LOG (lattice-best-path[5.5.1009~1-e4940]:main():lattice-best-path.cc:99) For utterance 000670355, best cost 30.7366 + 2685.9 = 2716.64 over 655 frames.
LOG (lattice-best-path[5.5.1009~1-e4940]:main():lattice-best-path.cc:99) For utterance 000670356, best cost 20.8315 + 1675.01 = 1695.84 over 383 frames.
LOG (lattice-best-path[5.5.1009~1-e4940]:main():lattice-best-path.cc:99) For utterance 000670357, best cost 24.9319 + 1835.1 = 1860.03 over 440 frames.
LOG (lattice-best-path[5.5.1009~1-e4940]:main():lattice-best-path.cc:99) For utterance 000670358, best cost 22.0555 + 1648.99 = 1671.05 over 384 frames.
LOG (lattice-best-path[5.5.1009~1-e4940]:main():lattice-best-path.cc:99) For utterance 000670359, best cost 22.6906 + 1825.26 = 1847.95 over 459 frames.
LOG (lattice-best-path[5.5.1009~1-e4940]:main():lattice-best-path.cc:99) For utterance 000670361, best cost 26.8539 + 2061.76 = 2088.61 over 462 frames.
LOG (lattice-best-path[5.5.1009~1-e4940]:main():lattice-best-path.cc:99) For utterance 000670366, best cost 16.255 + 1255 = 1271.25 over 292 frames.
LOG (lattice-best-path[5.5.1009~1-e4940]:main():lattice-best-path.cc:99) For utterance 000670367, best cost 21.0849 + 1759.23 = 1780.31 over 407 frames.
LOG (lattice-best-path[5.5.1009~1-e4940]:main():lattice-best-path.cc:99) For utterance 000670368, best cost 23.1309 + 1792.24 = 1815.37 over 421 frames.
LOG (lattice-best-path[5.5.1009~1-e4940]:main():lattice-best-path.cc:99) For utterance 000670369, best cost 27.0793 + 2047.19 = 2074.27 over 469 frames.
LOG (lattice-best-path[5.5.1009~1-e4940]:main():lattice-best-path.cc:99) For utterance 000670370, best cost 19.8617 + 1528.18 = 1548.04 over 376 frames.
LOG (lattice-best-path[5.5.1009~1-e4940]:main():lattice-best-path.cc:99) For utterance 000670371, best cost 23.9916 + 1960.8 = 1984.79 over 467 frames.
LOG (lattice-best-path[5.5.1009~1-e4940]:main():lattice-best-path.cc:99) For utterance 000670375, best cost 26.9597 + 2147.93 = 2174.89 over 507 frames.
LOG (lattice-best-path[5.5.1009~1-e4940]:main():lattice-best-path.cc:99) For utterance 000670379, best cost 21.1976 + 1676.99 = 1698.19 over 399 frames.
LOG (lattice-best-path[5.5.1009~1-e4940]:main():lattice-best-path.cc:99) For utterance 000670380, best cost 21.6396 + 1727.79 = 1749.43 over 401 frames.
LOG (lattice-best-path[5.5.1009~1-e4940]:main():lattice-best-path.cc:99) For utterance 000670381, best cost 23.153 + 1768.27 = 1791.42 over 413 frames.
LOG (lattice-best-path[5.5.1009~1-e4940]:main():lattice-best-path.cc:99) For utterance 000670383, best cost 20.0364 + 1680.3 = 1700.33 over 412 frames.
LOG (lattice-best-path[5.5.1009~1-e4940]:main():lattice-best-path.cc:99) For utterance 000670386, best cost 35.0134 + 2657.32 = 2692.33 over 618 frames.
LOG (lattice-best-path[5.5.1009~1-e4940]:main():lattice-best-path.cc:99) For utterance 000670392, best cost 21.6381 + 1714.38 = 1736.02 over 405 frames.
LOG (lattice-best-path[5.5.1009~1-e4940]:main():lattice-best-path.cc:99) For utterance 000670394, best cost 30.7031 + 2707.77 = 2738.47 over 622 frames.
LOG (lattice-depth-per-frame[5.5.1009~1-e4940]:main():lattice-depth-per-frame.cc:82) Done 404 lattices.
LOG (lattice-best-path[5.5.1009~1-e4940]:main():lattice-best-path.cc:99) For utterance 000670395, best cost 23.165 + 1730.46 = 1753.63 over 387 frames.
LOG (lattice-best-path[5.5.1009~1-e4940]:main():lattice-best-path.cc:99) For utterance 000670396, best cost 21.2345 + 1657.25 = 1678.49 over 368 frames.
LOG (lattice-best-path[5.5.1009~1-e4940]:main():lattice-best-path.cc:99) For utterance 000670397, best cost 20.5504 + 1736.62 = 1757.17 over 401 frames.
LOG (lattice-best-path[5.5.1009~1-e4940]:main():lattice-best-path.cc:99) For utterance 000670400, best cost 24.5094 + 1979.91 = 2004.42 over 419 frames.
LOG (lattice-best-path[5.5.1009~1-e4940]:main():lattice-best-path.cc:99) For utterance 000670401, best cost 23.8519 + 1945.66 = 1969.51 over 432 frames.
LOG (lattice-best-path[5.5.1009~1-e4940]:main():lattice-best-path.cc:99) For utterance 000670402, best cost 25.0716 + 1986.22 = 2011.3 over 440 frames.
LOG (lattice-best-path[5.5.1009~1-e4940]:main():lattice-best-path.cc:99) For utterance 000670412, best cost 24.0811 + 2196.22 = 2220.31 over 488 frames.
LOG (lattice-best-path[5.5.1009~1-e4940]:main():lattice-best-path.cc:99) For utterance 000670420, best cost 25.1624 + 1920.26 = 1945.43 over 476 frames.
LOG (lattice-best-path[5.5.1009~1-e4940]:main():lattice-best-path.cc:99) For utterance 000670425, best cost 26.1041 + 2096.09 = 2122.2 over 510 frames.
LOG (lattice-best-path[5.5.1009~1-e4940]:main():lattice-best-path.cc:99) For utterance 000670426, best cost 25.7482 + 2097.52 = 2123.27 over 485 frames.
LOG (lattice-best-path[5.5.1009~1-e4940]:main():lattice-best-path.cc:99) For utterance 000670432, best cost 32.7609 + 2068.37 = 2101.13 over 512 frames.
LOG (lattice-best-path[5.5.1009~1-e4940]:main():lattice-best-path.cc:99) For utterance 000670435, best cost 22.6295 + 1935.5 = 1958.13 over 457 frames.
LOG (lattice-best-path[5.5.1009~1-e4940]:main():lattice-best-path.cc:99) For utterance 000670436, best cost 24.3773 + 1891.76 = 1916.14 over 458 frames.
LOG (lattice-best-path[5.5.1009~1-e4940]:main():lattice-best-path.cc:99) For utterance 000670438, best cost 27.0306 + 2024.4 = 2051.43 over 472 frames.
LOG (lattice-best-path[5.5.1009~1-e4940]:main():lattice-best-path.cc:99) For utterance 000670441, best cost 16.211 + 1454.14 = 1470.35 over 335 frames.
LOG (lattice-best-path[5.5.1009~1-e4940]:main():lattice-best-path.cc:99) For utterance 000670443, best cost 23.5344 + 1990.52 = 2014.06 over 470 frames.
LOG (lattice-best-path[5.5.1009~1-e4940]:main():lattice-best-path.cc:99) For utterance 000670449, best cost 24.3717 + 1974.07 = 1998.44 over 458 frames.
LOG (lattice-best-path[5.5.1009~1-e4940]:main():lattice-best-path.cc:99) For utterance 000670452, best cost 29.9711 + 2233.12 = 2263.09 over 540 frames.
LOG (lattice-best-path[5.5.1009~1-e4940]:main():lattice-best-path.cc:124) Overall cost per frame is 4.5786 = 0.0544119 [graph] + 4.52419 [acoustic] over 182174 frames.
LOG (lattice-best-path[5.5.1009~1-e4940]:main():lattice-best-path.cc:128) Done 404 lattices, failed for 0
# Accounting: time=0 threads=1
# Ended (code 0) at Tue Jun 14 09:45:21 UTC 2022, elapsed time 0 seconds
