# lattice-depth-per-frame "ark:gunzip -c telugu_exp/tri3_cleaned_work/lats/lat.38.gz|" "ark,t:|gzip -c > telugu_exp/tri3_cleaned_work/lats/depth_tmp.38.gz" ark:- | lattice-best-path --acoustic-scale=0.1 ark:- ark:/dev/null "ark,t:|gzip -c >telugu_exp/tri3_cleaned_work/lats/ali_tmp.38.gz" 
# Started at Tue Jun 14 09:45:21 UTC 2022
#
lattice-best-path --acoustic-scale=0.1 ark:- ark:/dev/null 'ark,t:|gzip -c >telugu_exp/tri3_cleaned_work/lats/ali_tmp.38.gz' 
lattice-depth-per-frame 'ark:gunzip -c telugu_exp/tri3_cleaned_work/lats/lat.38.gz|' 'ark,t:|gzip -c > telugu_exp/tri3_cleaned_work/lats/depth_tmp.38.gz' ark:- 
LOG (lattice-best-path[5.5.1009~1-e4940]:main():lattice-best-path.cc:99) For utterance TE0391-TE0392_2-A.146, best cost 10.2497 + 473.827 = 484.077 over 112 frames.
LOG (lattice-best-path[5.5.1009~1-e4940]:main():lattice-best-path.cc:99) For utterance TE0391-TE0392_2-A.184, best cost 7.33724 + 261.472 = 268.809 over 63 frames.
LOG (lattice-best-path[5.5.1009~1-e4940]:main():lattice-best-path.cc:99) For utterance TE0391-TE0392_2-A.203, best cost 8.04108 + 271.17 = 279.211 over 76 frames.
LOG (lattice-best-path[5.5.1009~1-e4940]:main():lattice-best-path.cc:99) For utterance TE0391-TE0392_2-A.230, best cost 2.19067 + 269.651 = 271.842 over 74 frames.
LOG (lattice-best-path[5.5.1009~1-e4940]:main():lattice-best-path.cc:99) For utterance TE0391-TE0392_2-A.236, best cost 5.97172 + 248.427 = 254.399 over 57 frames.
LOG (lattice-best-path[5.5.1009~1-e4940]:main():lattice-best-path.cc:99) For utterance TE0391-TE0392_2-A.254, best cost 2.6584 + 473.747 = 476.405 over 103 frames.
LOG (lattice-best-path[5.5.1009~1-e4940]:main():lattice-best-path.cc:99) For utterance TE0391-TE0392_2-A.262, best cost 6.07999 + 375.104 = 381.184 over 87 frames.
LOG (lattice-best-path[5.5.1009~1-e4940]:main():lattice-best-path.cc:99) For utterance TE0391-TE0392_2-A.274, best cost 4.55694 + 224.949 = 229.506 over 82 frames.
LOG (lattice-best-path[5.5.1009~1-e4940]:main():lattice-best-path.cc:99) For utterance TE0391-TE0392_2-A.278, best cost 4.52085 + 224.734 = 229.255 over 84 frames.
LOG (lattice-best-path[5.5.1009~1-e4940]:main():lattice-best-path.cc:99) For utterance TE0391-TE0392_2-A.282, best cost 4.7094 + 318.072 = 322.781 over 92 frames.
LOG (lattice-best-path[5.5.1009~1-e4940]:main():lattice-best-path.cc:99) For utterance TE0391-TE0392_2-A.286, best cost 8.57925 + 633.313 = 641.892 over 138 frames.
LOG (lattice-best-path[5.5.1009~1-e4940]:main():lattice-best-path.cc:99) For utterance TE0391-TE0392_2-A.288, best cost 5 + 301.575 = 306.575 over 92 frames.
LOG (lattice-best-path[5.5.1009~1-e4940]:main():lattice-best-path.cc:99) For utterance TE0391-TE0392_2-A.296, best cost 4.98185 + 314.653 = 319.635 over 92 frames.
LOG (lattice-best-path[5.5.1009~1-e4940]:main():lattice-best-path.cc:99) For utterance TE0391-TE0392_2-A.298, best cost 8.37441 + 491.786 = 500.16 over 127 frames.
LOG (lattice-best-path[5.5.1009~1-e4940]:main():lattice-best-path.cc:99) For utterance TE0391-TE0392_2-A.304, best cost 4.72303 + 269.075 = 273.798 over 93 frames.
LOG (lattice-best-path[5.5.1009~1-e4940]:main():lattice-best-path.cc:99) For utterance TE0391-TE0392_2-A.308, best cost 5.03523 + 338.902 = 343.938 over 107 frames.
LOG (lattice-best-path[5.5.1009~1-e4940]:main():lattice-best-path.cc:99) For utterance TE0391-TE0392_2-A.310, best cost 9.6156 + 510.195 = 519.811 over 122 frames.
LOG (lattice-best-path[5.5.1009~1-e4940]:main():lattice-best-path.cc:99) For utterance TE0391-TE0392_2-A.312, best cost 12.2471 + 736.979 = 749.226 over 168 frames.
LOG (lattice-best-path[5.5.1009~1-e4940]:main():lattice-best-path.cc:99) For utterance TE0391-TE0392_2-A.318, best cost 7.80829 + 264.974 = 272.782 over 88 frames.
LOG (lattice-best-path[5.5.1009~1-e4940]:main():lattice-best-path.cc:99) For utterance TE0391-TE0392_2-A.330, best cost 14.5361 + 1078.95 = 1093.49 over 239 frames.
LOG (lattice-best-path[5.5.1009~1-e4940]:main():lattice-best-path.cc:99) For utterance TE0391-TE0392_2-A.338, best cost 2.38387 + 365.603 = 367.987 over 86 frames.
LOG (lattice-best-path[5.5.1009~1-e4940]:main():lattice-best-path.cc:99) For utterance TE0391-TE0392_2-A.340, best cost 2.62034 + 401.274 = 403.894 over 103 frames.
LOG (lattice-best-path[5.5.1009~1-e4940]:main():lattice-best-path.cc:99) For utterance TE0391-TE0392_2-A.342, best cost 8.49702 + 510.861 = 519.358 over 141 frames.
LOG (lattice-best-path[5.5.1009~1-e4940]:main():lattice-best-path.cc:99) For utterance TE0391-TE0392_2-A.346, best cost 9.8551 + 576.303 = 586.158 over 144 frames.
LOG (lattice-best-path[5.5.1009~1-e4940]:main():lattice-best-path.cc:99) For utterance TE0391-TE0392_2-A.348, best cost 17.2266 + 817.845 = 835.072 over 188 frames.
LOG (lattice-best-path[5.5.1009~1-e4940]:main():lattice-best-path.cc:99) For utterance TE0391-TE0392_2-A.356, best cost 19.1436 + 839.452 = 858.596 over 211 frames.
LOG (lattice-best-path[5.5.1009~1-e4940]:main():lattice-best-path.cc:99) For utterance TE0391-TE0392_2-A.368, best cost 20.2433 + 859.719 = 879.963 over 191 frames.
LOG (lattice-best-path[5.5.1009~1-e4940]:main():lattice-best-path.cc:99) For utterance TE0391-TE0392_2-A.374, best cost 8.46614 + 578.407 = 586.873 over 126 frames.
LOG (lattice-best-path[5.5.1009~1-e4940]:main():lattice-best-path.cc:99) For utterance TE0391-TE0392_2-A.376, best cost 3.58721 + 342.623 = 346.21 over 94 frames.
LOG (lattice-best-path[5.5.1009~1-e4940]:main():lattice-best-path.cc:99) For utterance TE0391-TE0392_2-A.383, best cost 9.14664 + 849.507 = 858.654 over 211 frames.
LOG (lattice-best-path[5.5.1009~1-e4940]:main():lattice-best-path.cc:99) For utterance TE0391-TE0392_2-B.005, best cost 8.43182 + 397.427 = 405.859 over 97 frames.
LOG (lattice-best-path[5.5.1009~1-e4940]:main():lattice-best-path.cc:99) For utterance TE0391-TE0392_2-B.059, best cost 5.58397 + 256.35 = 261.934 over 58 frames.
LOG (lattice-best-path[5.5.1009~1-e4940]:main():lattice-best-path.cc:99) For utterance TE0391-TE0392_2-B.061, best cost 7.5729 + 386.449 = 394.022 over 90 frames.
LOG (lattice-best-path[5.5.1009~1-e4940]:main():lattice-best-path.cc:99) For utterance TE0391-TE0392_2-B.063, best cost 11.5053 + 483.146 = 494.651 over 109 frames.
LOG (lattice-best-path[5.5.1009~1-e4940]:main():lattice-best-path.cc:99) For utterance TE0391-TE0392_2-B.082, best cost 7.50153 + 259.435 = 266.937 over 55 frames.
LOG (lattice-best-path[5.5.1009~1-e4940]:main():lattice-best-path.cc:99) For utterance TE0391-TE0392_2-B.084, best cost 16.3274 + 599.312 = 615.639 over 146 frames.
LOG (lattice-best-path[5.5.1009~1-e4940]:main():lattice-best-path.cc:99) For utterance TE0391-TE0392_2-B.100, best cost 13.7234 + 737.71 = 751.433 over 168 frames.
LOG (lattice-best-path[5.5.1009~1-e4940]:main():lattice-best-path.cc:99) For utterance TE0391-TE0392_2-B.106, best cost 12.4051 + 667.348 = 679.753 over 148 frames.
LOG (lattice-best-path[5.5.1009~1-e4940]:main():lattice-best-path.cc:99) For utterance TE0391-TE0392_2-B.114, best cost 7.33102 + 349.226 = 356.557 over 78 frames.
LOG (lattice-best-path[5.5.1009~1-e4940]:main():lattice-best-path.cc:99) For utterance TE0391-TE0392_2-B.128, best cost 24.7492 + 1219.96 = 1244.71 over 277 frames.
LOG (lattice-best-path[5.5.1009~1-e4940]:main():lattice-best-path.cc:99) For utterance TE0391-TE0392_2-B.180, best cost 5.56295 + 295.997 = 301.56 over 76 frames.
LOG (lattice-best-path[5.5.1009~1-e4940]:main():lattice-best-path.cc:99) For utterance TE0391-TE0392_2-B.188, best cost 15.1509 + 774.235 = 789.386 over 173 frames.
LOG (lattice-best-path[5.5.1009~1-e4940]:main():lattice-best-path.cc:99) For utterance TE0391-TE0392_2-B.212, best cost 10.5977 + 615.396 = 625.994 over 123 frames.
LOG (lattice-best-path[5.5.1009~1-e4940]:main():lattice-best-path.cc:99) For utterance TE0391-TE0392_2-B.214, best cost 11.5238 + 717.225 = 728.749 over 161 frames.
LOG (lattice-best-path[5.5.1009~1-e4940]:main():lattice-best-path.cc:99) For utterance TE0391-TE0392_2-B.254, best cost 5.0012 + 204.628 = 209.629 over 46 frames.
LOG (lattice-best-path[5.5.1009~1-e4940]:main():lattice-best-path.cc:99) For utterance TE0391-TE0392_2-B.281, best cost 13.4036 + 892.962 = 906.365 over 185 frames.
LOG (lattice-best-path[5.5.1009~1-e4940]:main():lattice-best-path.cc:99) For utterance TE0391-TE0392_2-B.284, best cost 27.1377 + 2272.2 = 2299.34 over 473 frames.
LOG (lattice-best-path[5.5.1009~1-e4940]:main():lattice-best-path.cc:99) For utterance TE0391-TE0392_2-B.285, best cost 11.3929 + 704.077 = 715.47 over 147 frames.
LOG (lattice-best-path[5.5.1009~1-e4940]:main():lattice-best-path.cc:99) For utterance TE0391-TE0392_2-B.286, best cost 26.6854 + 1956.81 = 1983.5 over 433 frames.
LOG (lattice-best-path[5.5.1009~1-e4940]:main():lattice-best-path.cc:99) For utterance TE0391-TE0392_2-B.293, best cost 8.59747 + 617.329 = 625.927 over 132 frames.
LOG (lattice-best-path[5.5.1009~1-e4940]:main():lattice-best-path.cc:99) For utterance TE0391-TE0392_2-B.295, best cost 24.9991 + 1521.87 = 1546.87 over 353 frames.
LOG (lattice-best-path[5.5.1009~1-e4940]:main():lattice-best-path.cc:99) For utterance TE0391-TE0392_2-B.296, best cost 25.6451 + 1765.09 = 1790.74 over 349 frames.
LOG (lattice-best-path[5.5.1009~1-e4940]:main():lattice-best-path.cc:99) For utterance TE0391-TE0392_2-B.301, best cost 16.8665 + 1382.04 = 1398.9 over 286 frames.
LOG (lattice-best-path[5.5.1009~1-e4940]:main():lattice-best-path.cc:99) For utterance TE0391-TE0392_2-B.304, best cost 22.5378 + 1768.68 = 1791.22 over 363 frames.
LOG (lattice-best-path[5.5.1009~1-e4940]:main():lattice-best-path.cc:99) For utterance TE0391-TE0392_2-B.305, best cost 27.0015 + 2285.9 = 2312.9 over 464 frames.
LOG (lattice-best-path[5.5.1009~1-e4940]:main():lattice-best-path.cc:99) For utterance TE0391-TE0392_2-B.308, best cost 31.364 + 2860.7 = 2892.06 over 574 frames.
LOG (lattice-best-path[5.5.1009~1-e4940]:main():lattice-best-path.cc:99) For utterance TE0391-TE0392_2-B.318, best cost 37.5989 + 1319.4 = 1356.99 over 271 frames.
LOG (lattice-best-path[5.5.1009~1-e4940]:main():lattice-best-path.cc:99) For utterance TE0391-TE0392_2-B.326, best cost 12.3132 + 965.538 = 977.851 over 198 frames.
LOG (lattice-best-path[5.5.1009~1-e4940]:main():lattice-best-path.cc:99) For utterance TE0391-TE0392_2-B.328, best cost 24.4983 + 1931.83 = 1956.33 over 418 frames.
LOG (lattice-best-path[5.5.1009~1-e4940]:main():lattice-best-path.cc:99) For utterance TE0391-TE0392_2-B.331, best cost 9.6275 + 577.262 = 586.889 over 123 frames.
LOG (lattice-best-path[5.5.1009~1-e4940]:main():lattice-best-path.cc:99) For utterance TE0391-TE0392_2-B.337, best cost 33.3293 + 2344.8 = 2378.13 over 476 frames.
LOG (lattice-best-path[5.5.1009~1-e4940]:main():lattice-best-path.cc:99) For utterance TE0391-TE0392_2-B.353, best cost 16.6392 + 1207.17 = 1223.81 over 273 frames.
LOG (lattice-best-path[5.5.1009~1-e4940]:main():lattice-best-path.cc:99) For utterance TE0391-TE0392_2-B.354, best cost 11.7988 + 773.56 = 785.359 over 158 frames.
LOG (lattice-best-path[5.5.1009~1-e4940]:main():lattice-best-path.cc:99) For utterance TE0391-TE0392_2-B.384, best cost 14.4841 + 902.144 = 916.628 over 193 frames.
LOG (lattice-best-path[5.5.1009~1-e4940]:main():lattice-best-path.cc:99) For utterance TE0391-TE0392_2-B.390, best cost 20.672 + 563.086 = 583.758 over 118 frames.
LOG (lattice-best-path[5.5.1009~1-e4940]:main():lattice-best-path.cc:99) For utterance TE0391-TE0392_2-B.438, best cost 5.96978 + 332.075 = 338.045 over 78 frames.
LOG (lattice-best-path[5.5.1009~1-e4940]:main():lattice-best-path.cc:99) For utterance TE0391-TE0392_2-B.443, best cost 8.88037 + 520.676 = 529.557 over 127 frames.
LOG (lattice-best-path[5.5.1009~1-e4940]:main():lattice-best-path.cc:99) For utterance TE0391-TE0392_2-B.446, best cost 20.1494 + 1126.81 = 1146.96 over 267 frames.
LOG (lattice-best-path[5.5.1009~1-e4940]:main():lattice-best-path.cc:99) For utterance TE0391-TE0392_2-B.449, best cost 15.436 + 844.609 = 860.045 over 203 frames.
LOG (lattice-best-path[5.5.1009~1-e4940]:main():lattice-best-path.cc:99) For utterance TE0405-TE0406_1-A.008, best cost 15.2012 + 486.096 = 501.297 over 126 frames.
LOG (lattice-best-path[5.5.1009~1-e4940]:main():lattice-best-path.cc:99) For utterance TE0405-TE0406_1-A.018, best cost 11.3551 + 481.508 = 492.863 over 127 frames.
LOG (lattice-best-path[5.5.1009~1-e4940]:main():lattice-best-path.cc:99) For utterance TE0405-TE0406_1-A.154, best cost 7.61926 + 197.018 = 204.637 over 52 frames.
LOG (lattice-best-path[5.5.1009~1-e4940]:main():lattice-best-path.cc:99) For utterance TE0405-TE0406_1-A.180, best cost 4.05413 + 333.345 = 337.399 over 87 frames.
LOG (lattice-best-path[5.5.1009~1-e4940]:main():lattice-best-path.cc:99) For utterance TE0405-TE0406_1-A.182, best cost 19.6513 + 760.898 = 780.549 over 183 frames.
LOG (lattice-best-path[5.5.1009~1-e4940]:main():lattice-best-path.cc:99) For utterance TE0405-TE0406_1-A.185, best cost 3.75803 + 308.516 = 312.274 over 85 frames.
LOG (lattice-best-path[5.5.1009~1-e4940]:main():lattice-best-path.cc:99) For utterance TE0405-TE0406_1-A.206, best cost 11.6197 + 668.047 = 679.667 over 178 frames.
LOG (lattice-best-path[5.5.1009~1-e4940]:main():lattice-best-path.cc:99) For utterance TE0405-TE0406_1-A.238, best cost 2.53644 + 217.62 = 220.157 over 61 frames.
LOG (lattice-best-path[5.5.1009~1-e4940]:main():lattice-best-path.cc:99) For utterance TE0405-TE0406_1-A.351, best cost 30.9133 + 1824.9 = 1855.81 over 421 frames.
LOG (lattice-best-path[5.5.1009~1-e4940]:main():lattice-best-path.cc:99) For utterance TE0405-TE0406_1-A.354, best cost 3.66854 + 291.146 = 294.814 over 73 frames.
LOG (lattice-best-path[5.5.1009~1-e4940]:main():lattice-best-path.cc:99) For utterance TE0405-TE0406_1-A.385, best cost 11.2644 + 485.883 = 497.148 over 121 frames.
LOG (lattice-best-path[5.5.1009~1-e4940]:main():lattice-best-path.cc:99) For utterance TE0405-TE0406_1-B.016, best cost 8.48068 + 313.355 = 321.836 over 85 frames.
LOG (lattice-best-path[5.5.1009~1-e4940]:main():lattice-best-path.cc:99) For utterance TE0405-TE0406_1-B.028, best cost 8.13142 + 355.798 = 363.929 over 77 frames.
LOG (lattice-best-path[5.5.1009~1-e4940]:main():lattice-best-path.cc:99) For utterance TE0405-TE0406_1-B.046, best cost 9.17562 + 530.565 = 539.741 over 131 frames.
LOG (lattice-best-path[5.5.1009~1-e4940]:main():lattice-best-path.cc:99) For utterance TE0405-TE0406_1-B.062, best cost 5.5659 + 313.922 = 319.488 over 76 frames.
LOG (lattice-best-path[5.5.1009~1-e4940]:main():lattice-best-path.cc:99) For utterance TE0405-TE0406_1-B.068, best cost 10.518 + 503.938 = 514.457 over 100 frames.
LOG (lattice-best-path[5.5.1009~1-e4940]:main():lattice-best-path.cc:99) For utterance TE0405-TE0406_1-B.092, best cost 2.54616 + 227.893 = 230.44 over 63 frames.
LOG (lattice-best-path[5.5.1009~1-e4940]:main():lattice-best-path.cc:99) For utterance TE0405-TE0406_1-B.102, best cost 2.51465 + 229.483 = 231.998 over 58 frames.
LOG (lattice-best-path[5.5.1009~1-e4940]:main():lattice-best-path.cc:99) For utterance TE0405-TE0406_1-B.226, best cost 14.3895 + 738.254 = 752.643 over 167 frames.
LOG (lattice-best-path[5.5.1009~1-e4940]:main():lattice-best-path.cc:99) For utterance TE0405-TE0406_1-B.245, best cost 3.60581 + 215.904 = 219.51 over 57 frames.
LOG (lattice-best-path[5.5.1009~1-e4940]:main():lattice-best-path.cc:99) For utterance TE0405-TE0406_1-B.257, best cost 6.02487 + 241.956 = 247.981 over 69 frames.
LOG (lattice-best-path[5.5.1009~1-e4940]:main():lattice-best-path.cc:99) For utterance TE0405-TE0406_1-B.282, best cost 7.47195 + 271.061 = 278.533 over 53 frames.
LOG (lattice-best-path[5.5.1009~1-e4940]:main():lattice-best-path.cc:99) For utterance TE0405-TE0406_1-B.288, best cost 44.532 + 2831.93 = 2876.46 over 588 frames.
LOG (lattice-best-path[5.5.1009~1-e4940]:main():lattice-best-path.cc:99) For utterance TE0405-TE0406_1-B.294, best cost 5.42132 + 412.043 = 417.464 over 111 frames.
LOG (lattice-best-path[5.5.1009~1-e4940]:main():lattice-best-path.cc:99) For utterance TE0405-TE0406_1-B.302, best cost 4.30796 + 271.526 = 275.834 over 72 frames.
LOG (lattice-best-path[5.5.1009~1-e4940]:main():lattice-best-path.cc:99) For utterance TE0405-TE0406_1-B.319, best cost 6.23146 + 292.771 = 299.002 over 80 frames.
LOG (lattice-best-path[5.5.1009~1-e4940]:main():lattice-best-path.cc:99) For utterance TE0405-TE0406_1-B.329, best cost 4.01586 + 252.441 = 256.457 over 72 frames.
LOG (lattice-best-path[5.5.1009~1-e4940]:main():lattice-best-path.cc:99) For utterance TE0405-TE0406_1-B.351, best cost 1.91091 + 203.852 = 205.763 over 57 frames.
LOG (lattice-best-path[5.5.1009~1-e4940]:main():lattice-best-path.cc:99) For utterance TE0405-TE0406_1-B.353, best cost 1.66839 + 245.065 = 246.733 over 63 frames.
LOG (lattice-best-path[5.5.1009~1-e4940]:main():lattice-best-path.cc:99) For utterance TE0405-TE0406_1-B.355, best cost 3.12445 + 234.169 = 237.293 over 62 frames.
LOG (lattice-best-path[5.5.1009~1-e4940]:main():lattice-best-path.cc:99) For utterance TE0405-TE0406_1-B.363, best cost 2.54624 + 211.928 = 214.474 over 59 frames.
LOG (lattice-best-path[5.5.1009~1-e4940]:main():lattice-best-path.cc:99) For utterance TE0405-TE0406_1-B.381, best cost 2.24704 + 321.204 = 323.451 over 83 frames.
LOG (lattice-best-path[5.5.1009~1-e4940]:main():lattice-best-path.cc:99) For utterance TE0405-TE0406_1-B.388, best cost 3.29676 + 238.088 = 241.385 over 73 frames.
LOG (lattice-best-path[5.5.1009~1-e4940]:main():lattice-best-path.cc:99) For utterance TE0405-TE0406_1-B.392, best cost 2.62551 + 246.916 = 249.542 over 78 frames.
LOG (lattice-best-path[5.5.1009~1-e4940]:main():lattice-best-path.cc:99) For utterance TE0405-TE0406_1-B.396, best cost 3.16054 + 366.339 = 369.5 over 101 frames.
LOG (lattice-best-path[5.5.1009~1-e4940]:main():lattice-best-path.cc:99) For utterance TE0405-TE0406_1-B.398, best cost 12.1208 + 478.966 = 491.087 over 111 frames.
LOG (lattice-best-path[5.5.1009~1-e4940]:main():lattice-best-path.cc:99) For utterance TE0405-TE0406_1-B.421, best cost 5.70772 + 268.892 = 274.6 over 81 frames.
LOG (lattice-best-path[5.5.1009~1-e4940]:main():lattice-best-path.cc:99) For utterance TE0405-TE0406_1-B.425, best cost 5.32763 + 337.077 = 342.405 over 97 frames.
LOG (lattice-best-path[5.5.1009~1-e4940]:main():lattice-best-path.cc:99) For utterance TE0405-TE0406_1-B.431, best cost 1.98027 + 254.926 = 256.906 over 64 frames.
LOG (lattice-best-path[5.5.1009~1-e4940]:main():lattice-best-path.cc:99) For utterance TE0405-TE0406_1-B.435, best cost 4.42512 + 285.022 = 289.447 over 82 frames.
LOG (lattice-best-path[5.5.1009~1-e4940]:main():lattice-best-path.cc:99) For utterance TE0405-TE0406_1-B.448, best cost 5.22884 + 330.456 = 335.685 over 92 frames.
LOG (lattice-best-path[5.5.1009~1-e4940]:main():lattice-best-path.cc:99) For utterance TE0405-TE0406_1-B.452, best cost 2.01366 + 251.342 = 253.355 over 64 frames.
LOG (lattice-best-path[5.5.1009~1-e4940]:main():lattice-best-path.cc:99) For utterance TE0405-TE0406_1-B.476, best cost 1.86136 + 212.784 = 214.645 over 54 frames.
LOG (lattice-best-path[5.5.1009~1-e4940]:main():lattice-best-path.cc:99) For utterance TE0405-TE0406_1-B.490, best cost 8.60671 + 319.282 = 327.889 over 74 frames.
LOG (lattice-best-path[5.5.1009~1-e4940]:main():lattice-best-path.cc:99) For utterance TE0405-TE0406_1-B.498, best cost 2.08046 + 267.932 = 270.013 over 66 frames.
LOG (lattice-best-path[5.5.1009~1-e4940]:main():lattice-best-path.cc:99) For utterance TE0405-TE0406_1-B.499, best cost 8.31315 + 320.949 = 329.262 over 73 frames.
LOG (lattice-best-path[5.5.1009~1-e4940]:main():lattice-best-path.cc:99) For utterance TE0405-TE0406_1-B.509, best cost 2.00559 + 203.202 = 205.208 over 58 frames.
LOG (lattice-best-path[5.5.1009~1-e4940]:main():lattice-best-path.cc:99) For utterance TE0405-TE0406_1-B.521, best cost 2.2048 + 298.841 = 301.046 over 76 frames.
LOG (lattice-best-path[5.5.1009~1-e4940]:main():lattice-best-path.cc:99) For utterance TE0405-TE0406_1-B.527, best cost 3.12138 + 215.97 = 219.091 over 54 frames.
LOG (lattice-best-path[5.5.1009~1-e4940]:main():lattice-best-path.cc:99) For utterance TE0405-TE0406_1-B.533, best cost 2.22853 + 268.583 = 270.812 over 68 frames.
LOG (lattice-best-path[5.5.1009~1-e4940]:main():lattice-best-path.cc:99) For utterance TE0405-TE0406_1-B.537, best cost 1.94921 + 242.334 = 244.283 over 64 frames.
LOG (lattice-best-path[5.5.1009~1-e4940]:main():lattice-best-path.cc:99) For utterance TE0405-TE0406_1-B.539, best cost 2.04333 + 250.589 = 252.632 over 64 frames.
LOG (lattice-best-path[5.5.1009~1-e4940]:main():lattice-best-path.cc:99) For utterance TE0405-TE0406_1-B.545, best cost 3.32839 + 281.823 = 285.151 over 73 frames.
LOG (lattice-best-path[5.5.1009~1-e4940]:main():lattice-best-path.cc:99) For utterance TE0405-TE0406_2-A.059, best cost 8.66868 + 367.475 = 376.143 over 89 frames.
LOG (lattice-best-path[5.5.1009~1-e4940]:main():lattice-best-path.cc:99) For utterance TE0405-TE0406_2-A.075, best cost 18.7593 + 893.347 = 912.107 over 224 frames.
LOG (lattice-best-path[5.5.1009~1-e4940]:main():lattice-best-path.cc:99) For utterance TE0405-TE0406_2-A.289, best cost 7.59005 + 344.358 = 351.948 over 122 frames.
LOG (lattice-best-path[5.5.1009~1-e4940]:main():lattice-best-path.cc:99) For utterance TE0405-TE0406_2-A.304, best cost 11.5357 + 504.223 = 515.759 over 118 frames.
LOG (lattice-best-path[5.5.1009~1-e4940]:main():lattice-best-path.cc:99) For utterance TE0405-TE0406_2-A.310, best cost 7.15888 + 343.159 = 350.318 over 101 frames.
LOG (lattice-best-path[5.5.1009~1-e4940]:main():lattice-best-path.cc:99) For utterance TE0405-TE0406_2-A.326, best cost 14.2038 + 606.707 = 620.911 over 168 frames.
LOG (lattice-best-path[5.5.1009~1-e4940]:main():lattice-best-path.cc:99) For utterance TE0405-TE0406_2-B.016, best cost 9.65715 + 441.109 = 450.766 over 102 frames.
LOG (lattice-best-path[5.5.1009~1-e4940]:main():lattice-best-path.cc:99) For utterance TE0405-TE0406_2-B.043, best cost 2.62906 + 224.947 = 227.576 over 71 frames.
LOG (lattice-best-path[5.5.1009~1-e4940]:main():lattice-best-path.cc:99) For utterance TE0405-TE0406_2-B.052, best cost 21.4779 + 1300.72 = 1322.19 over 291 frames.
LOG (lattice-best-path[5.5.1009~1-e4940]:main():lattice-best-path.cc:99) For utterance TE0405-TE0406_2-B.062, best cost 4.44736 + 330.758 = 335.205 over 95 frames.
LOG (lattice-best-path[5.5.1009~1-e4940]:main():lattice-best-path.cc:99) For utterance TE0405-TE0406_2-B.077, best cost 4.24497 + 327.693 = 331.938 over 91 frames.
LOG (lattice-best-path[5.5.1009~1-e4940]:main():lattice-best-path.cc:99) For utterance TE0405-TE0406_2-B.146, best cost 3.98384 + 275.884 = 279.867 over 71 frames.
LOG (lattice-best-path[5.5.1009~1-e4940]:main():lattice-best-path.cc:99) For utterance TE0405-TE0406_2-B.167, best cost 10.7746 + 462.479 = 473.254 over 106 frames.
LOG (lattice-best-path[5.5.1009~1-e4940]:main():lattice-best-path.cc:99) For utterance TE0405-TE0406_2-B.192, best cost 11.3224 + 575.063 = 586.386 over 123 frames.
LOG (lattice-best-path[5.5.1009~1-e4940]:main():lattice-best-path.cc:99) For utterance TE0405-TE0406_2-B.194, best cost 21.8161 + 433.773 = 455.589 over 100 frames.
LOG (lattice-best-path[5.5.1009~1-e4940]:main():lattice-best-path.cc:99) For utterance TE0405-TE0406_2-B.210, best cost 24.8982 + 1564.92 = 1589.81 over 368 frames.
LOG (lattice-best-path[5.5.1009~1-e4940]:main():lattice-best-path.cc:99) For utterance TE0405-TE0406_2-B.228, best cost 2.35078 + 263.156 = 265.507 over 74 frames.
LOG (lattice-best-path[5.5.1009~1-e4940]:main():lattice-best-path.cc:99) For utterance TE0405-TE0406_2-B.240, best cost 1.3017 + 241.865 = 243.166 over 73 frames.
LOG (lattice-best-path[5.5.1009~1-e4940]:main():lattice-best-path.cc:99) For utterance TE0405-TE0406_2-B.248, best cost 19.9763 + 1422.02 = 1441.99 over 316 frames.
LOG (lattice-best-path[5.5.1009~1-e4940]:main():lattice-best-path.cc:99) For utterance TE0405-TE0406_2-B.256, best cost 30.4177 + 1178.08 = 1208.5 over 272 frames.
LOG (lattice-best-path[5.5.1009~1-e4940]:main():lattice-best-path.cc:99) For utterance TE0405-TE0406_2-B.280, best cost 13.2596 + 544.06 = 557.32 over 130 frames.
LOG (lattice-best-path[5.5.1009~1-e4940]:main():lattice-best-path.cc:99) For utterance TE0405-TE0406_2-B.287, best cost 1.20221 + 200.036 = 201.239 over 66 frames.
LOG (lattice-best-path[5.5.1009~1-e4940]:main():lattice-best-path.cc:99) For utterance TE0405-TE0406_2-B.293, best cost 6.95724 + 261.587 = 268.544 over 63 frames.
LOG (lattice-best-path[5.5.1009~1-e4940]:main():lattice-best-path.cc:99) For utterance TE0405-TE0406_2-B.312, best cost 3.95727 + 221.61 = 225.568 over 71 frames.
LOG (lattice-best-path[5.5.1009~1-e4940]:main():lattice-best-path.cc:99) For utterance TE0405-TE0406_2-B.320, best cost 15.3233 + 819.129 = 834.452 over 223 frames.
LOG (lattice-best-path[5.5.1009~1-e4940]:main():lattice-best-path.cc:99) For utterance TE0405-TE0406_2-B.388, best cost 9.02603 + 424.359 = 433.385 over 99 frames.
LOG (lattice-best-path[5.5.1009~1-e4940]:main():lattice-best-path.cc:99) For utterance TE0405-TE0406_2-B.426, best cost 12.3609 + 581.566 = 593.927 over 144 frames.
LOG (lattice-best-path[5.5.1009~1-e4940]:main():lattice-best-path.cc:99) For utterance TE0405-TE0406_2-B.454, best cost 12.4175 + 709.67 = 722.087 over 179 frames.
LOG (lattice-best-path[5.5.1009~1-e4940]:main():lattice-best-path.cc:99) For utterance TE0405-TE0407_1-A.043, best cost 2.69698 + 162.864 = 165.561 over 49 frames.
LOG (lattice-best-path[5.5.1009~1-e4940]:main():lattice-best-path.cc:99) For utterance TE0405-TE0407_1-A.049, best cost 3.22915 + 402.243 = 405.472 over 111 frames.
LOG (lattice-best-path[5.5.1009~1-e4940]:main():lattice-best-path.cc:99) For utterance TE0405-TE0407_1-A.082, best cost 4.12205 + 348.605 = 352.727 over 87 frames.
LOG (lattice-best-path[5.5.1009~1-e4940]:main():lattice-best-path.cc:99) For utterance TE0405-TE0407_1-A.096, best cost 3.02527 + 335.669 = 338.695 over 89 frames.
LOG (lattice-best-path[5.5.1009~1-e4940]:main():lattice-best-path.cc:99) For utterance TE0405-TE0407_1-A.116, best cost 7.79926 + 430.526 = 438.325 over 102 frames.
LOG (lattice-best-path[5.5.1009~1-e4940]:main():lattice-best-path.cc:99) For utterance TE0405-TE0407_1-A.120, best cost 12.3317 + 789.449 = 801.781 over 166 frames.
LOG (lattice-best-path[5.5.1009~1-e4940]:main():lattice-best-path.cc:99) For utterance TE0405-TE0407_1-A.122, best cost 4.4483 + 384.171 = 388.619 over 97 frames.
LOG (lattice-best-path[5.5.1009~1-e4940]:main():lattice-best-path.cc:99) For utterance TE0405-TE0407_1-A.146, best cost 10.4582 + 503.409 = 513.867 over 131 frames.
LOG (lattice-best-path[5.5.1009~1-e4940]:main():lattice-best-path.cc:99) For utterance TE0405-TE0407_1-A.180, best cost 11.9612 + 926.699 = 938.66 over 224 frames.
LOG (lattice-best-path[5.5.1009~1-e4940]:main():lattice-best-path.cc:99) For utterance TE0405-TE0407_1-A.202, best cost 2.21907 + 289.259 = 291.478 over 78 frames.
LOG (lattice-best-path[5.5.1009~1-e4940]:main():lattice-best-path.cc:99) For utterance TE0405-TE0407_1-A.212, best cost 8.00923 + 189.213 = 197.222 over 46 frames.
LOG (lattice-best-path[5.5.1009~1-e4940]:main():lattice-best-path.cc:99) For utterance TE0405-TE0407_1-A.230, best cost 9.46798 + 326.064 = 335.532 over 69 frames.
LOG (lattice-best-path[5.5.1009~1-e4940]:main():lattice-best-path.cc:99) For utterance TE0405-TE0407_1-A.252, best cost 2.05415 + 238.467 = 240.521 over 62 frames.
LOG (lattice-best-path[5.5.1009~1-e4940]:main():lattice-best-path.cc:99) For utterance TE0405-TE0407_1-A.254, best cost 1.64918 + 225.773 = 227.423 over 67 frames.
LOG (lattice-best-path[5.5.1009~1-e4940]:main():lattice-best-path.cc:99) For utterance TE0405-TE0407_1-A.256, best cost 7.33006 + 264.841 = 272.171 over 66 frames.
LOG (lattice-best-path[5.5.1009~1-e4940]:main():lattice-best-path.cc:99) For utterance TE0405-TE0407_1-A.258, best cost 1.44007 + 207.482 = 208.922 over 57 frames.
LOG (lattice-best-path[5.5.1009~1-e4940]:main():lattice-best-path.cc:99) For utterance TE0405-TE0407_1-A.302, best cost 7.39315 + 256.754 = 264.147 over 59 frames.
LOG (lattice-best-path[5.5.1009~1-e4940]:main():lattice-best-path.cc:99) For utterance TE0405-TE0407_1-B.022, best cost 18.7355 + 1300.16 = 1318.89 over 274 frames.
LOG (lattice-best-path[5.5.1009~1-e4940]:main():lattice-best-path.cc:99) For utterance TE0405-TE0407_1-B.032, best cost 18.2167 + 1358.59 = 1376.81 over 283 frames.
LOG (lattice-best-path[5.5.1009~1-e4940]:main():lattice-best-path.cc:99) For utterance TE0405-TE0407_1-B.035, best cost 8.29274 + 466.095 = 474.387 over 104 frames.
LOG (lattice-best-path[5.5.1009~1-e4940]:main():lattice-best-path.cc:99) For utterance TE0405-TE0407_1-B.037, best cost 15.1634 + 1030.32 = 1045.48 over 222 frames.
LOG (lattice-best-path[5.5.1009~1-e4940]:main():lattice-best-path.cc:99) For utterance TE0405-TE0407_1-B.044, best cost 8.24277 + 442.789 = 451.032 over 92 frames.
LOG (lattice-best-path[5.5.1009~1-e4940]:main():lattice-best-path.cc:99) For utterance TE0405-TE0407_1-B.112, best cost 12.5961 + 782.358 = 794.954 over 169 frames.
LOG (lattice-best-path[5.5.1009~1-e4940]:main():lattice-best-path.cc:99) For utterance TE0405-TE0407_1-B.125, best cost 26.7287 + 2013.37 = 2040.1 over 436 frames.
LOG (lattice-best-path[5.5.1009~1-e4940]:main():lattice-best-path.cc:99) For utterance TE0405-TE0407_1-B.126, best cost 17.5296 + 1028.52 = 1046.05 over 223 frames.
LOG (lattice-best-path[5.5.1009~1-e4940]:main():lattice-best-path.cc:99) For utterance TE0405-TE0407_1-B.146, best cost 14.8729 + 1133.92 = 1148.79 over 244 frames.
LOG (lattice-best-path[5.5.1009~1-e4940]:main():lattice-best-path.cc:99) For utterance TE0405-TE0407_1-B.158, best cost 22.9699 + 1674.1 = 1697.07 over 370 frames.
LOG (lattice-best-path[5.5.1009~1-e4940]:main():lattice-best-path.cc:99) For utterance TE0405-TE0407_1-B.161, best cost 21.4156 + 1528 = 1549.42 over 318 frames.
LOG (lattice-best-path[5.5.1009~1-e4940]:main():lattice-best-path.cc:99) For utterance TE0405-TE0407_1-B.163, best cost 15.0204 + 774.562 = 789.583 over 156 frames.
LOG (lattice-best-path[5.5.1009~1-e4940]:main():lattice-best-path.cc:99) For utterance TE0405-TE0407_1-B.191, best cost 35.4279 + 3040.82 = 3076.25 over 582 frames.
LOG (lattice-best-path[5.5.1009~1-e4940]:main():lattice-best-path.cc:99) For utterance TE0405-TE0407_1-B.193, best cost 17.3953 + 1321.29 = 1338.69 over 282 frames.
LOG (lattice-best-path[5.5.1009~1-e4940]:main():lattice-best-path.cc:99) For utterance TE0405-TE0407_1-B.195, best cost 33.1188 + 1408.9 = 1442.02 over 280 frames.
LOG (lattice-best-path[5.5.1009~1-e4940]:main():lattice-best-path.cc:99) For utterance TE0405-TE0407_1-B.293, best cost 13.4285 + 1089.51 = 1102.94 over 237 frames.
LOG (lattice-best-path[5.5.1009~1-e4940]:main():lattice-best-path.cc:99) For utterance TE0405-TE0407_1-B.341, best cost 23.4569 + 1591.74 = 1615.2 over 333 frames.
LOG (lattice-best-path[5.5.1009~1-e4940]:main():lattice-best-path.cc:99) For utterance TE0405-TE0407_1-B.366, best cost 12.6156 + 780.502 = 793.118 over 146 frames.
LOG (lattice-best-path[5.5.1009~1-e4940]:main():lattice-best-path.cc:99) For utterance TE0405-TE0407_2-A.006, best cost 14.2622 + 629.544 = 643.806 over 149 frames.
LOG (lattice-best-path[5.5.1009~1-e4940]:main():lattice-best-path.cc:99) For utterance TE0405-TE0407_2-A.036, best cost 8.39415 + 213.336 = 221.73 over 56 frames.
LOG (lattice-best-path[5.5.1009~1-e4940]:main():lattice-best-path.cc:99) For utterance TE0405-TE0407_2-A.045, best cost 23.1418 + 1656.84 = 1679.98 over 352 frames.
LOG (lattice-best-path[5.5.1009~1-e4940]:main():lattice-best-path.cc:99) For utterance TE0405-TE0407_2-A.052, best cost 30.214 + 2059.76 = 2089.98 over 450 frames.
LOG (lattice-best-path[5.5.1009~1-e4940]:main():lattice-best-path.cc:99) For utterance TE0405-TE0407_2-A.064, best cost 8.74629 + 465.58 = 474.327 over 96 frames.
LOG (lattice-best-path[5.5.1009~1-e4940]:main():lattice-best-path.cc:99) For utterance TE0405-TE0407_2-A.073, best cost 27.6046 + 1608.04 = 1635.65 over 341 frames.
LOG (lattice-best-path[5.5.1009~1-e4940]:main():lattice-best-path.cc:99) For utterance TE0405-TE0407_2-A.080, best cost 13.0343 + 643.422 = 656.456 over 139 frames.
LOG (lattice-best-path[5.5.1009~1-e4940]:main():lattice-best-path.cc:99) For utterance TE0405-TE0407_2-A.146, best cost 16.193 + 850.41 = 866.603 over 184 frames.
LOG (lattice-best-path[5.5.1009~1-e4940]:main():lattice-best-path.cc:99) For utterance TE0405-TE0407_2-A.187, best cost 31.6235 + 2377.18 = 2408.8 over 517 frames.
LOG (lattice-best-path[5.5.1009~1-e4940]:main():lattice-best-path.cc:99) For utterance TE0405-TE0407_2-A.195, best cost 37.2755 + 2769.58 = 2806.86 over 563 frames.
LOG (lattice-best-path[5.5.1009~1-e4940]:main():lattice-best-path.cc:99) For utterance TE0405-TE0407_2-A.221, best cost 15.3677 + 731.793 = 747.161 over 173 frames.
LOG (lattice-best-path[5.5.1009~1-e4940]:main():lattice-best-path.cc:99) For utterance TE0405-TE0407_2-A.257, best cost 17.4027 + 618.188 = 635.591 over 146 frames.
LOG (lattice-best-path[5.5.1009~1-e4940]:main():lattice-best-path.cc:99) For utterance TE0405-TE0407_2-A.290, best cost 28.0809 + 2092.49 = 2120.57 over 454 frames.
LOG (lattice-best-path[5.5.1009~1-e4940]:main():lattice-best-path.cc:99) For utterance TE0405-TE0407_2-A.301, best cost 12.8554 + 842.111 = 854.967 over 196 frames.
LOG (lattice-best-path[5.5.1009~1-e4940]:main():lattice-best-path.cc:99) For utterance TE0405-TE0407_2-A.326, best cost 7.74411 + 757.848 = 765.592 over 182 frames.
LOG (lattice-best-path[5.5.1009~1-e4940]:main():lattice-best-path.cc:99) For utterance TE0405-TE0407_2-A.328, best cost 3.99414 + 381.348 = 385.342 over 93 frames.
LOG (lattice-best-path[5.5.1009~1-e4940]:main():lattice-best-path.cc:99) For utterance TE0405-TE0407_2-A.334, best cost 11.9827 + 905.401 = 917.384 over 224 frames.
LOG (lattice-best-path[5.5.1009~1-e4940]:main():lattice-best-path.cc:99) For utterance TE0405-TE0407_2-A.341, best cost 15.2607 + 900.894 = 916.155 over 194 frames.
LOG (lattice-best-path[5.5.1009~1-e4940]:main():lattice-best-path.cc:99) For utterance TE0405-TE0407_2-A.374, best cost 14.2993 + 973.445 = 987.745 over 238 frames.
LOG (lattice-best-path[5.5.1009~1-e4940]:main():lattice-best-path.cc:99) For utterance TE0405-TE0407_2-A.389, best cost 6.03403 + 536.149 = 542.183 over 140 frames.
LOG (lattice-best-path[5.5.1009~1-e4940]:main():lattice-best-path.cc:99) For utterance TE0405-TE0407_2-A.393, best cost 14.2803 + 817.994 = 832.275 over 189 frames.
LOG (lattice-best-path[5.5.1009~1-e4940]:main():lattice-best-path.cc:99) For utterance TE0405-TE0407_2-A.408, best cost 31.0838 + 1873.36 = 1904.44 over 426 frames.
LOG (lattice-best-path[5.5.1009~1-e4940]:main():lattice-best-path.cc:99) For utterance TE0405-TE0407_2-A.414, best cost 22.9656 + 1315.32 = 1338.29 over 309 frames.
LOG (lattice-best-path[5.5.1009~1-e4940]:main():lattice-best-path.cc:99) For utterance TE0405-TE0407_2-A.423, best cost 24.011 + 1610.45 = 1634.46 over 373 frames.
LOG (lattice-best-path[5.5.1009~1-e4940]:main():lattice-best-path.cc:99) For utterance TE0405-TE0407_2-A.454, best cost 3.68711 + 250.249 = 253.937 over 64 frames.
LOG (lattice-best-path[5.5.1009~1-e4940]:main():lattice-best-path.cc:99) For utterance TE0405-TE0407_2-A.478, best cost 27.6573 + 1372.23 = 1399.89 over 317 frames.
LOG (lattice-best-path[5.5.1009~1-e4940]:main():lattice-best-path.cc:99) For utterance TE0405-TE0407_2-A.482, best cost 17.1049 + 1067.55 = 1084.65 over 242 frames.
LOG (lattice-best-path[5.5.1009~1-e4940]:main():lattice-best-path.cc:99) For utterance TE0405-TE0407_2-A.492, best cost 14.8169 + 489.272 = 504.089 over 136 frames.
LOG (lattice-best-path[5.5.1009~1-e4940]:main():lattice-best-path.cc:99) For utterance TE0405-TE0407_2-A.508, best cost 17.5235 + 705.641 = 723.164 over 164 frames.
LOG (lattice-best-path[5.5.1009~1-e4940]:main():lattice-best-path.cc:99) For utterance TE0405-TE0407_2-A.557, best cost 8.0456 + 250.457 = 258.503 over 57 frames.
LOG (lattice-best-path[5.5.1009~1-e4940]:main():lattice-best-path.cc:99) For utterance TE0405-TE0407_2-A.606, best cost 25.1932 + 1300.03 = 1325.22 over 302 frames.
LOG (lattice-best-path[5.5.1009~1-e4940]:main():lattice-best-path.cc:99) For utterance TE0405-TE0407_2-A.611, best cost 27.9265 + 1790.23 = 1818.15 over 401 frames.
LOG (lattice-best-path[5.5.1009~1-e4940]:main():lattice-best-path.cc:99) For utterance TE0405-TE0407_2-B.003, best cost 15.5583 + 1362.82 = 1378.38 over 323 frames.
LOG (lattice-best-path[5.5.1009~1-e4940]:main():lattice-best-path.cc:99) For utterance TE0405-TE0407_2-B.112, best cost 17.5733 + 1026.37 = 1043.94 over 202 frames.
LOG (lattice-best-path[5.5.1009~1-e4940]:main():lattice-best-path.cc:99) For utterance TE0405-TE0407_2-B.114, best cost 8.54966 + 455.603 = 464.153 over 98 frames.
LOG (lattice-best-path[5.5.1009~1-e4940]:main():lattice-best-path.cc:99) For utterance TE0405-TE0407_2-B.121, best cost 8.71929 + 463.812 = 472.532 over 106 frames.
LOG (lattice-best-path[5.5.1009~1-e4940]:main():lattice-best-path.cc:99) For utterance TE0405-TE0407_2-B.127, best cost 7.89941 + 414.035 = 421.934 over 93 frames.
LOG (lattice-best-path[5.5.1009~1-e4940]:main():lattice-best-path.cc:99) For utterance TE0405-TE0407_2-B.131, best cost 12.1298 + 879.989 = 892.119 over 229 frames.
LOG (lattice-best-path[5.5.1009~1-e4940]:main():lattice-best-path.cc:99) For utterance TE0405-TE0407_2-B.140, best cost 16.8797 + 557.096 = 573.976 over 128 frames.
LOG (lattice-best-path[5.5.1009~1-e4940]:main():lattice-best-path.cc:99) For utterance TE0405-TE0407_2-B.142, best cost 3.53452 + 397.669 = 401.204 over 103 frames.
LOG (lattice-best-path[5.5.1009~1-e4940]:main():lattice-best-path.cc:99) For utterance TE0405-TE0407_2-B.155, best cost 7.19598 + 471.349 = 478.545 over 118 frames.
LOG (lattice-best-path[5.5.1009~1-e4940]:main():lattice-best-path.cc:99) For utterance TE0405-TE0407_2-B.190, best cost 7.39316 + 319.632 = 327.025 over 71 frames.
LOG (lattice-best-path[5.5.1009~1-e4940]:main():lattice-best-path.cc:99) For utterance TE0405-TE0407_2-B.194, best cost 18.0319 + 1353.02 = 1371.05 over 277 frames.
LOG (lattice-best-path[5.5.1009~1-e4940]:main():lattice-best-path.cc:99) For utterance TE0405-TE0407_2-B.261, best cost 11.7811 + 436.333 = 448.115 over 109 frames.
LOG (lattice-best-path[5.5.1009~1-e4940]:main():lattice-best-path.cc:99) For utterance TE0405-TE0407_2-B.276, best cost 10.6238 + 483.204 = 493.828 over 112 frames.
LOG (lattice-best-path[5.5.1009~1-e4940]:main():lattice-best-path.cc:99) For utterance TE0405-TE0407_2-B.299, best cost 14.095 + 575.859 = 589.954 over 130 frames.
LOG (lattice-best-path[5.5.1009~1-e4940]:main():lattice-best-path.cc:99) For utterance TE0405-TE0407_2-B.307, best cost 4.17692 + 390.243 = 394.42 over 86 frames.
LOG (lattice-best-path[5.5.1009~1-e4940]:main():lattice-best-path.cc:99) For utterance TE0405-TE0407_2-B.323, best cost 13.8143 + 1095.86 = 1109.67 over 216 frames.
LOG (lattice-best-path[5.5.1009~1-e4940]:main():lattice-best-path.cc:99) For utterance TE0405-TE0407_2-B.350, best cost 24.8332 + 1012.37 = 1037.2 over 208 frames.
LOG (lattice-best-path[5.5.1009~1-e4940]:main():lattice-best-path.cc:99) For utterance TE0405-TE0407_2-B.376, best cost 12.2513 + 335.781 = 348.032 over 74 frames.
LOG (lattice-best-path[5.5.1009~1-e4940]:main():lattice-best-path.cc:99) For utterance TE0405-TE0407_2-B.388, best cost 8.54189 + 419.302 = 427.844 over 101 frames.
LOG (lattice-best-path[5.5.1009~1-e4940]:main():lattice-best-path.cc:99) For utterance TE0405-TE0407_2-B.396, best cost 10.3757 + 525.41 = 535.786 over 117 frames.
LOG (lattice-best-path[5.5.1009~1-e4940]:main():lattice-best-path.cc:99) For utterance TE0406-TE0408_1-A.057, best cost 17.0892 + 773.598 = 790.688 over 219 frames.
LOG (lattice-best-path[5.5.1009~1-e4940]:main():lattice-best-path.cc:99) For utterance TE0406-TE0408_1-A.062, best cost 15.1669 + 1181.94 = 1197.11 over 258 frames.
LOG (lattice-best-path[5.5.1009~1-e4940]:main():lattice-best-path.cc:99) For utterance TE0406-TE0408_1-A.064, best cost 14.004 + 823.146 = 837.15 over 176 frames.
LOG (lattice-best-path[5.5.1009~1-e4940]:main():lattice-best-path.cc:99) For utterance TE0406-TE0408_1-A.066, best cost 10.4994 + 682.299 = 692.798 over 156 frames.
LOG (lattice-best-path[5.5.1009~1-e4940]:main():lattice-best-path.cc:99) For utterance TE0406-TE0408_1-A.074, best cost 10.8105 + 430.256 = 441.066 over 94 frames.
LOG (lattice-best-path[5.5.1009~1-e4940]:main():lattice-best-path.cc:99) For utterance TE0406-TE0408_1-A.100, best cost 9.47078 + 506.714 = 516.185 over 116 frames.
LOG (lattice-best-path[5.5.1009~1-e4940]:main():lattice-best-path.cc:99) For utterance TE0406-TE0408_1-A.126, best cost 16.9789 + 1113.28 = 1130.26 over 238 frames.
LOG (lattice-best-path[5.5.1009~1-e4940]:main():lattice-best-path.cc:99) For utterance TE0406-TE0408_1-A.131, best cost 10.1505 + 679.829 = 689.98 over 143 frames.
LOG (lattice-best-path[5.5.1009~1-e4940]:main():lattice-best-path.cc:99) For utterance TE0406-TE0408_1-A.151, best cost 17.4371 + 1134.45 = 1151.89 over 247 frames.
LOG (lattice-best-path[5.5.1009~1-e4940]:main():lattice-best-path.cc:99) For utterance TE0406-TE0408_1-A.160, best cost 8.32254 + 496.906 = 505.228 over 112 frames.
LOG (lattice-best-path[5.5.1009~1-e4940]:main():lattice-best-path.cc:99) For utterance TE0406-TE0408_1-A.162, best cost 8.77562 + 580.183 = 588.958 over 127 frames.
LOG (lattice-best-path[5.5.1009~1-e4940]:main():lattice-best-path.cc:99) For utterance TE0406-TE0408_1-A.164, best cost 16.614 + 1013.49 = 1030.1 over 223 frames.
LOG (lattice-best-path[5.5.1009~1-e4940]:main():lattice-best-path.cc:99) For utterance TE0406-TE0408_1-A.209, best cost 16.8411 + 1088.85 = 1105.69 over 234 frames.
LOG (lattice-best-path[5.5.1009~1-e4940]:main():lattice-best-path.cc:99) For utterance TE0406-TE0408_1-A.211, best cost 28.4417 + 1708.26 = 1736.7 over 374 frames.
LOG (lattice-best-path[5.5.1009~1-e4940]:main():lattice-best-path.cc:99) For utterance TE0406-TE0408_1-A.213, best cost 25.6736 + 1699.89 = 1725.56 over 347 frames.
LOG (lattice-best-path[5.5.1009~1-e4940]:main():lattice-best-path.cc:99) For utterance TE0406-TE0408_1-A.218, best cost 19.5908 + 1154.05 = 1173.64 over 253 frames.
LOG (lattice-best-path[5.5.1009~1-e4940]:main():lattice-best-path.cc:99) For utterance TE0406-TE0408_1-A.227, best cost 12.0346 + 638.881 = 650.916 over 146 frames.
LOG (lattice-best-path[5.5.1009~1-e4940]:main():lattice-best-path.cc:99) For utterance TE0406-TE0408_1-A.249, best cost 25.1942 + 1568.29 = 1593.48 over 326 frames.
LOG (lattice-best-path[5.5.1009~1-e4940]:main():lattice-best-path.cc:99) For utterance TE0406-TE0408_1-A.347, best cost 8.15702 + 321.783 = 329.94 over 76 frames.
LOG (lattice-best-path[5.5.1009~1-e4940]:main():lattice-best-path.cc:99) For utterance TE0406-TE0408_1-A.367, best cost 8.13767 + 235.46 = 243.598 over 61 frames.
LOG (lattice-best-path[5.5.1009~1-e4940]:main():lattice-best-path.cc:99) For utterance TE0406-TE0408_1-A.497, best cost 14.204 + 897.848 = 912.052 over 212 frames.
LOG (lattice-best-path[5.5.1009~1-e4940]:main():lattice-best-path.cc:99) For utterance TE0406-TE0408_1-A.506, best cost 6.60162 + 399.11 = 405.712 over 107 frames.
LOG (lattice-best-path[5.5.1009~1-e4940]:main():lattice-best-path.cc:99) For utterance TE0406-TE0408_1-A.508, best cost 6.28069 + 282.773 = 289.054 over 67 frames.
LOG (lattice-best-path[5.5.1009~1-e4940]:main():lattice-best-path.cc:99) For utterance TE0406-TE0408_1-A.512, best cost 6.56779 + 322.332 = 328.899 over 93 frames.
LOG (lattice-best-path[5.5.1009~1-e4940]:main():lattice-best-path.cc:99) For utterance TE0406-TE0408_1-A.520, best cost 14.0976 + 782.23 = 796.328 over 182 frames.
LOG (lattice-best-path[5.5.1009~1-e4940]:main():lattice-best-path.cc:99) For utterance TE0406-TE0408_1-B.023, best cost 9.30989 + 548.582 = 557.892 over 122 frames.
LOG (lattice-best-path[5.5.1009~1-e4940]:main():lattice-best-path.cc:99) For utterance TE0406-TE0408_1-B.024, best cost 9.89695 + 650.227 = 660.124 over 143 frames.
LOG (lattice-best-path[5.5.1009~1-e4940]:main():lattice-best-path.cc:99) For utterance TE0406-TE0408_1-B.048, best cost 8.83978 + 506.419 = 515.259 over 114 frames.
LOG (lattice-best-path[5.5.1009~1-e4940]:main():lattice-best-path.cc:99) For utterance TE0406-TE0408_1-B.054, best cost 2.08727 + 241.833 = 243.921 over 58 frames.
LOG (lattice-best-path[5.5.1009~1-e4940]:main():lattice-best-path.cc:99) For utterance TE0406-TE0408_1-B.058, best cost 2.66027 + 258.622 = 261.283 over 66 frames.
LOG (lattice-best-path[5.5.1009~1-e4940]:main():lattice-best-path.cc:99) For utterance TE0406-TE0408_1-B.060, best cost 2.14816 + 208.657 = 210.805 over 48 frames.
LOG (lattice-best-path[5.5.1009~1-e4940]:main():lattice-best-path.cc:99) For utterance TE0406-TE0408_1-B.066, best cost 7.59447 + 286.807 = 294.402 over 66 frames.
LOG (lattice-best-path[5.5.1009~1-e4940]:main():lattice-best-path.cc:99) For utterance TE0406-TE0408_1-B.078, best cost 9.46819 + 444.623 = 454.091 over 91 frames.
LOG (lattice-best-path[5.5.1009~1-e4940]:main():lattice-best-path.cc:99) For utterance TE0406-TE0408_1-B.090, best cost 2.63339 + 369 = 371.633 over 83 frames.
LOG (lattice-best-path[5.5.1009~1-e4940]:main():lattice-best-path.cc:99) For utterance TE0406-TE0408_1-B.107, best cost 6.48962 + 329.909 = 336.399 over 77 frames.
LOG (lattice-best-path[5.5.1009~1-e4940]:main():lattice-best-path.cc:99) For utterance TE0406-TE0408_1-B.122, best cost 6.02045 + 261.105 = 267.126 over 61 frames.
LOG (lattice-best-path[5.5.1009~1-e4940]:main():lattice-best-path.cc:99) For utterance TE0406-TE0408_1-B.134, best cost 18.4362 + 932.178 = 950.614 over 214 frames.
LOG (lattice-best-path[5.5.1009~1-e4940]:main():lattice-best-path.cc:99) For utterance TE0406-TE0408_1-B.140, best cost 9.25011 + 386.374 = 395.624 over 87 frames.
LOG (lattice-best-path[5.5.1009~1-e4940]:main():lattice-best-path.cc:99) For utterance TE0406-TE0408_1-B.174, best cost 6.43144 + 319.915 = 326.347 over 67 frames.
LOG (lattice-best-path[5.5.1009~1-e4940]:main():lattice-best-path.cc:99) For utterance TE0406-TE0408_1-B.176, best cost 6.29058 + 302.815 = 309.105 over 69 frames.
LOG (lattice-best-path[5.5.1009~1-e4940]:main():lattice-best-path.cc:99) For utterance TE0406-TE0408_1-B.210, best cost 8.71293 + 200.339 = 209.052 over 43 frames.
LOG (lattice-best-path[5.5.1009~1-e4940]:main():lattice-best-path.cc:99) For utterance TE0406-TE0408_1-B.246, best cost 9.05602 + 302.162 = 311.218 over 64 frames.
LOG (lattice-best-path[5.5.1009~1-e4940]:main():lattice-best-path.cc:99) For utterance TE0406-TE0408_2-A.025, best cost 10.2057 + 436.98 = 447.186 over 93 frames.
LOG (lattice-best-path[5.5.1009~1-e4940]:main():lattice-best-path.cc:99) For utterance TE0406-TE0408_2-A.039, best cost 8.59434 + 457.972 = 466.566 over 108 frames.
LOG (lattice-best-path[5.5.1009~1-e4940]:main():lattice-best-path.cc:99) For utterance TE0406-TE0408_2-A.052, best cost 6.28841 + 305.492 = 311.781 over 64 frames.
LOG (lattice-best-path[5.5.1009~1-e4940]:main():lattice-best-path.cc:99) For utterance TE0406-TE0408_2-A.058, best cost 12.1343 + 494.801 = 506.935 over 129 frames.
LOG (lattice-best-path[5.5.1009~1-e4940]:main():lattice-best-path.cc:99) For utterance TE0406-TE0408_2-A.075, best cost 9.9453 + 528.559 = 538.504 over 131 frames.
LOG (lattice-best-path[5.5.1009~1-e4940]:main():lattice-best-path.cc:99) For utterance TE0406-TE0408_2-A.082, best cost 8.92082 + 420.87 = 429.791 over 103 frames.
LOG (lattice-best-path[5.5.1009~1-e4940]:main():lattice-best-path.cc:99) For utterance TE0406-TE0408_2-A.084, best cost 8.63065 + 420.79 = 429.421 over 106 frames.
LOG (lattice-best-path[5.5.1009~1-e4940]:main():lattice-best-path.cc:99) For utterance TE0406-TE0408_2-A.090, best cost 8.70898 + 394.997 = 403.706 over 94 frames.
LOG (lattice-best-path[5.5.1009~1-e4940]:main():lattice-best-path.cc:99) For utterance TE0406-TE0408_2-A.092, best cost 8.14859 + 284.489 = 292.637 over 73 frames.
LOG (lattice-best-path[5.5.1009~1-e4940]:main():lattice-best-path.cc:99) For utterance TE0406-TE0408_2-A.098, best cost 8.5323 + 406.852 = 415.384 over 97 frames.
LOG (lattice-best-path[5.5.1009~1-e4940]:main():lattice-best-path.cc:99) For utterance TE0406-TE0408_2-A.118, best cost 6.73115 + 383.36 = 390.091 over 107 frames.
LOG (lattice-best-path[5.5.1009~1-e4940]:main():lattice-best-path.cc:99) For utterance TE0406-TE0408_2-A.356, best cost 7.00576 + 379.244 = 386.249 over 96 frames.
LOG (lattice-best-path[5.5.1009~1-e4940]:main():lattice-best-path.cc:99) For utterance TE0406-TE0408_2-A.455, best cost 4.34947 + 192.725 = 197.074 over 64 frames.
LOG (lattice-best-path[5.5.1009~1-e4940]:main():lattice-best-path.cc:99) For utterance TE0406-TE0408_2-A.487, best cost 11.5727 + 493.154 = 504.726 over 127 frames.
LOG (lattice-best-path[5.5.1009~1-e4940]:main():lattice-best-path.cc:99) For utterance TE0406-TE0408_2-A.527, best cost 13.8553 + 789.127 = 802.983 over 198 frames.
LOG (lattice-best-path[5.5.1009~1-e4940]:main():lattice-best-path.cc:99) For utterance TE0406-TE0408_2-B.008, best cost 10.4475 + 565.307 = 575.755 over 126 frames.
LOG (lattice-best-path[5.5.1009~1-e4940]:main():lattice-best-path.cc:99) For utterance TE0406-TE0408_2-B.034, best cost 9.61712 + 529.014 = 538.631 over 119 frames.
LOG (lattice-best-path[5.5.1009~1-e4940]:main():lattice-best-path.cc:99) For utterance TE0406-TE0408_2-B.038, best cost 7.6182 + 248.727 = 256.345 over 57 frames.
LOG (lattice-best-path[5.5.1009~1-e4940]:main():lattice-best-path.cc:99) For utterance TE0406-TE0408_2-B.040, best cost 21.1895 + 1433.66 = 1454.85 over 331 frames.
LOG (lattice-best-path[5.5.1009~1-e4940]:main():lattice-best-path.cc:99) For utterance TE0406-TE0408_2-B.043, best cost 12.7542 + 800.32 = 813.075 over 184 frames.
LOG (lattice-best-path[5.5.1009~1-e4940]:main():lattice-best-path.cc:99) For utterance TE0406-TE0408_2-B.048, best cost 11.1097 + 606.227 = 617.337 over 124 frames.
LOG (lattice-best-path[5.5.1009~1-e4940]:main():lattice-best-path.cc:99) For utterance TE0406-TE0408_2-B.050, best cost 16.0163 + 1076.15 = 1092.16 over 224 frames.
LOG (lattice-best-path[5.5.1009~1-e4940]:main():lattice-best-path.cc:99) For utterance TE0406-TE0408_2-B.057, best cost 8.50155 + 552.346 = 560.848 over 123 frames.
LOG (lattice-best-path[5.5.1009~1-e4940]:main():lattice-best-path.cc:99) For utterance TE0406-TE0408_2-B.062, best cost 31.9239 + 1503.43 = 1535.35 over 327 frames.
LOG (lattice-best-path[5.5.1009~1-e4940]:main():lattice-best-path.cc:99) For utterance TE0406-TE0408_2-B.069, best cost 10.552 + 442.031 = 452.583 over 96 frames.
LOG (lattice-best-path[5.5.1009~1-e4940]:main():lattice-best-path.cc:99) For utterance TE0406-TE0408_2-B.080, best cost 19.9779 + 1339.98 = 1359.95 over 268 frames.
LOG (lattice-best-path[5.5.1009~1-e4940]:main():lattice-best-path.cc:99) For utterance TE0406-TE0408_2-B.128, best cost 13.2673 + 789.491 = 802.758 over 179 frames.
LOG (lattice-best-path[5.5.1009~1-e4940]:main():lattice-best-path.cc:99) For utterance TE0406-TE0408_2-B.133, best cost 12.9115 + 612.526 = 625.437 over 133 frames.
LOG (lattice-best-path[5.5.1009~1-e4940]:main():lattice-best-path.cc:99) For utterance TE0406-TE0408_2-B.229, best cost 8.97374 + 513.336 = 522.31 over 106 frames.
LOG (lattice-best-path[5.5.1009~1-e4940]:main():lattice-best-path.cc:99) For utterance TE0406-TE0408_2-B.344, best cost 17.3013 + 958.118 = 975.42 over 198 frames.
LOG (lattice-best-path[5.5.1009~1-e4940]:main():lattice-best-path.cc:99) For utterance TE0406-TE0408_2-B.403, best cost 15.7889 + 1085.96 = 1101.75 over 229 frames.
LOG (lattice-best-path[5.5.1009~1-e4940]:main():lattice-best-path.cc:99) For utterance TE0406-TE0408_2-B.418, best cost 8.25438 + 323.843 = 332.097 over 76 frames.
LOG (lattice-best-path[5.5.1009~1-e4940]:main():lattice-best-path.cc:99) For utterance TE0406-TE0408_2-B.456, best cost 13.242 + 706.617 = 719.859 over 157 frames.
LOG (lattice-best-path[5.5.1009~1-e4940]:main():lattice-best-path.cc:99) For utterance TE0406-TE0408_2-B.554, best cost 6.1107 + 324.319 = 330.43 over 69 frames.
LOG (lattice-best-path[5.5.1009~1-e4940]:main():lattice-best-path.cc:99) For utterance TE0406-TE0408_2-B.556, best cost 3.66435 + 292.893 = 296.558 over 71 frames.
LOG (lattice-best-path[5.5.1009~1-e4940]:main():lattice-best-path.cc:99) For utterance TE0406-TE0408_2-B.558, best cost 5.73158 + 595.853 = 601.584 over 134 frames.
LOG (lattice-best-path[5.5.1009~1-e4940]:main():lattice-best-path.cc:99) For utterance TE0407-TE0408_1-A.024, best cost 7.73146 + 236.425 = 244.156 over 53 frames.
LOG (lattice-best-path[5.5.1009~1-e4940]:main():lattice-best-path.cc:99) For utterance TE0407-TE0408_1-A.042, best cost 30.5246 + 1478.86 = 1509.38 over 318 frames.
LOG (lattice-best-path[5.5.1009~1-e4940]:main():lattice-best-path.cc:99) For utterance TE0407-TE0408_1-A.057, best cost 17.7422 + 875.857 = 893.599 over 186 frames.
LOG (lattice-best-path[5.5.1009~1-e4940]:main():lattice-best-path.cc:99) For utterance TE0407-TE0408_1-A.061, best cost 20.2404 + 1362.8 = 1383.04 over 292 frames.
LOG (lattice-best-path[5.5.1009~1-e4940]:main():lattice-best-path.cc:99) For utterance TE0407-TE0408_1-A.078, best cost 4.94789 + 279.103 = 284.051 over 61 frames.
LOG (lattice-best-path[5.5.1009~1-e4940]:main():lattice-best-path.cc:99) For utterance TE0407-TE0408_1-A.106, best cost 31.7242 + 1254.78 = 1286.5 over 284 frames.
LOG (lattice-best-path[5.5.1009~1-e4940]:main():lattice-best-path.cc:99) For utterance TE0407-TE0408_1-A.107, best cost 21.1919 + 1283.2 = 1304.39 over 266 frames.
LOG (lattice-best-path[5.5.1009~1-e4940]:main():lattice-best-path.cc:99) For utterance TE0407-TE0408_1-A.161, best cost 12.6832 + 629.093 = 641.776 over 131 frames.
LOG (lattice-best-path[5.5.1009~1-e4940]:main():lattice-best-path.cc:99) For utterance TE0407-TE0408_1-A.168, best cost 4.66743 + 511.605 = 516.272 over 111 frames.
LOG (lattice-best-path[5.5.1009~1-e4940]:main():lattice-best-path.cc:99) For utterance TE0407-TE0408_1-A.312, best cost 4.19857 + 512.46 = 516.658 over 128 frames.
LOG (lattice-best-path[5.5.1009~1-e4940]:main():lattice-best-path.cc:99) For utterance TE0407-TE0408_1-A.318, best cost 19.8753 + 1637.8 = 1657.68 over 341 frames.
LOG (lattice-best-path[5.5.1009~1-e4940]:main():lattice-best-path.cc:99) For utterance TE0407-TE0408_1-A.379, best cost 8.0761 + 354.607 = 362.683 over 83 frames.
LOG (lattice-best-path[5.5.1009~1-e4940]:main():lattice-best-path.cc:99) For utterance TE0407-TE0408_1-A.387, best cost 3.80606 + 358.974 = 362.78 over 86 frames.
LOG (lattice-best-path[5.5.1009~1-e4940]:main():lattice-best-path.cc:99) For utterance TE0407-TE0408_1-A.421, best cost 10.1572 + 698.608 = 708.765 over 148 frames.
LOG (lattice-best-path[5.5.1009~1-e4940]:main():lattice-best-path.cc:99) For utterance TE0407-TE0408_1-B.010, best cost 7.58763 + 432.852 = 440.44 over 96 frames.
LOG (lattice-best-path[5.5.1009~1-e4940]:main():lattice-best-path.cc:99) For utterance TE0407-TE0408_1-B.054, best cost 5.56368 + 225.3 = 230.864 over 52 frames.
LOG (lattice-best-path[5.5.1009~1-e4940]:main():lattice-best-path.cc:99) For utterance TE0407-TE0408_1-B.090, best cost 9.38382 + 373.922 = 383.306 over 88 frames.
LOG (lattice-best-path[5.5.1009~1-e4940]:main():lattice-best-path.cc:99) For utterance TE0407-TE0408_1-B.103, best cost 17.4218 + 427.732 = 445.154 over 99 frames.
LOG (lattice-best-path[5.5.1009~1-e4940]:main():lattice-best-path.cc:99) For utterance TE0407-TE0408_1-B.124, best cost 7.50922 + 347.007 = 354.516 over 79 frames.
LOG (lattice-best-path[5.5.1009~1-e4940]:main():lattice-best-path.cc:99) For utterance TE0407-TE0408_1-B.126, best cost 8.58921 + 559.644 = 568.233 over 126 frames.
LOG (lattice-best-path[5.5.1009~1-e4940]:main():lattice-best-path.cc:99) For utterance TE0407-TE0408_1-B.134, best cost 5.68696 + 251.34 = 257.027 over 62 frames.
LOG (lattice-best-path[5.5.1009~1-e4940]:main():lattice-best-path.cc:99) For utterance TE0407-TE0408_1-B.171, best cost 15.069 + 688.75 = 703.819 over 149 frames.
LOG (lattice-best-path[5.5.1009~1-e4940]:main():lattice-best-path.cc:99) For utterance TE0407-TE0408_1-B.237, best cost 24.887 + 1181.1 = 1205.98 over 267 frames.
LOG (lattice-best-path[5.5.1009~1-e4940]:main():lattice-best-path.cc:99) For utterance TE0407-TE0408_2-A.014, best cost 10.564 + 549.978 = 560.542 over 143 frames.
LOG (lattice-best-path[5.5.1009~1-e4940]:main():lattice-best-path.cc:99) For utterance TE0407-TE0408_2-A.021, best cost 6.6926 + 373.818 = 380.511 over 88 frames.
LOG (lattice-best-path[5.5.1009~1-e4940]:main():lattice-best-path.cc:99) For utterance TE0407-TE0408_2-A.025, best cost 12.6446 + 722.714 = 735.358 over 149 frames.
LOG (lattice-best-path[5.5.1009~1-e4940]:main():lattice-best-path.cc:99) For utterance TE0407-TE0408_2-A.037, best cost 18.1076 + 1372.86 = 1390.96 over 298 frames.
LOG (lattice-best-path[5.5.1009~1-e4940]:main():lattice-best-path.cc:99) For utterance TE0407-TE0408_2-A.053, best cost 17.8051 + 881.661 = 899.466 over 212 frames.
LOG (lattice-best-path[5.5.1009~1-e4940]:main():lattice-best-path.cc:99) For utterance TE0407-TE0408_2-A.071, best cost 10.8446 + 475.778 = 486.623 over 107 frames.
LOG (lattice-best-path[5.5.1009~1-e4940]:main():lattice-best-path.cc:99) For utterance TE0407-TE0408_2-A.089, best cost 4.23645 + 346.146 = 350.383 over 83 frames.
LOG (lattice-best-path[5.5.1009~1-e4940]:main():lattice-best-path.cc:99) For utterance TE0407-TE0408_2-A.140, best cost 9.62818 + 612.185 = 621.813 over 128 frames.
LOG (lattice-best-path[5.5.1009~1-e4940]:main():lattice-best-path.cc:99) For utterance TE0407-TE0408_2-A.189, best cost 17.7699 + 800.787 = 818.556 over 189 frames.
LOG (lattice-best-path[5.5.1009~1-e4940]:main():lattice-best-path.cc:99) For utterance TE0407-TE0408_2-A.328, best cost 10.5749 + 740.002 = 750.577 over 168 frames.
LOG (lattice-best-path[5.5.1009~1-e4940]:main():lattice-best-path.cc:99) For utterance TE0407-TE0408_2-A.385, best cost 7.56187 + 829.206 = 836.768 over 218 frames.
LOG (lattice-best-path[5.5.1009~1-e4940]:main():lattice-best-path.cc:99) For utterance TE0407-TE0408_2-A.388, best cost 12.7201 + 1006.27 = 1018.99 over 221 frames.
LOG (lattice-best-path[5.5.1009~1-e4940]:main():lattice-best-path.cc:99) For utterance TE0407-TE0408_2-A.404, best cost 2.88331 + 381.482 = 384.366 over 106 frames.
LOG (lattice-best-path[5.5.1009~1-e4940]:main():lattice-best-path.cc:99) For utterance TE0407-TE0408_2-B.015, best cost 24.1654 + 1727.63 = 1751.79 over 377 frames.
LOG (lattice-best-path[5.5.1009~1-e4940]:main():lattice-best-path.cc:99) For utterance TE0407-TE0408_2-B.034, best cost 7.27884 + 341.072 = 348.35 over 72 frames.
LOG (lattice-best-path[5.5.1009~1-e4940]:main():lattice-best-path.cc:99) For utterance TE0407-TE0408_2-B.038, best cost 19.9123 + 1391.57 = 1411.49 over 299 frames.
LOG (lattice-best-path[5.5.1009~1-e4940]:main():lattice-best-path.cc:99) For utterance TE0407-TE0408_2-B.043, best cost 8.68343 + 437.639 = 446.322 over 98 frames.
LOG (lattice-best-path[5.5.1009~1-e4940]:main():lattice-best-path.cc:99) For utterance TE0407-TE0408_2-B.076, best cost 6.22199 + 427.235 = 433.457 over 98 frames.
LOG (lattice-best-path[5.5.1009~1-e4940]:main():lattice-best-path.cc:99) For utterance TE0407-TE0408_2-B.092, best cost 8.15925 + 518.908 = 527.068 over 116 frames.
LOG (lattice-best-path[5.5.1009~1-e4940]:main():lattice-best-path.cc:99) For utterance TE0407-TE0408_2-B.096, best cost 7.66866 + 306.482 = 314.15 over 72 frames.
LOG (lattice-best-path[5.5.1009~1-e4940]:main():lattice-best-path.cc:99) For utterance TE0407-TE0408_2-B.160, best cost 9.23196 + 553.431 = 562.663 over 121 frames.
LOG (lattice-best-path[5.5.1009~1-e4940]:main():lattice-best-path.cc:99) For utterance TE0407-TE0408_2-B.234, best cost 10.9997 + 540.035 = 551.034 over 131 frames.
LOG (lattice-best-path[5.5.1009~1-e4940]:main():lattice-best-path.cc:99) For utterance TE0407-TE0408_2-B.250, best cost 10.1634 + 483.564 = 493.728 over 126 frames.
LOG (lattice-best-path[5.5.1009~1-e4940]:main():lattice-best-path.cc:99) For utterance TE0407-TE0408_2-B.381, best cost 6.01496 + 288.084 = 294.099 over 83 frames.
LOG (lattice-best-path[5.5.1009~1-e4940]:main():lattice-best-path.cc:99) For utterance TE0409-TE0410_1-A.049, best cost 51.8168 + 3578.02 = 3629.84 over 760 frames.
LOG (lattice-best-path[5.5.1009~1-e4940]:main():lattice-best-path.cc:99) For utterance TE0409-TE0410_1-A.062, best cost 18.9213 + 583.797 = 602.718 over 133 frames.
LOG (lattice-best-path[5.5.1009~1-e4940]:main():lattice-best-path.cc:99) For utterance TE0409-TE0410_1-A.085, best cost 16.1254 + 994.309 = 1010.43 over 222 frames.
LOG (lattice-best-path[5.5.1009~1-e4940]:main():lattice-best-path.cc:99) For utterance TE0409-TE0410_1-A.092, best cost 11.7548 + 678.034 = 689.789 over 173 frames.
LOG (lattice-best-path[5.5.1009~1-e4940]:main():lattice-best-path.cc:99) For utterance TE0409-TE0410_1-A.098, best cost 2.94451 + 312.217 = 315.161 over 78 frames.
LOG (lattice-best-path[5.5.1009~1-e4940]:main():lattice-best-path.cc:99) For utterance TE0409-TE0410_1-A.123, best cost 19.6969 + 1257.65 = 1277.35 over 258 frames.
LOG (lattice-best-path[5.5.1009~1-e4940]:main():lattice-best-path.cc:99) For utterance TE0409-TE0410_1-A.133, best cost 15.8924 + 912.865 = 928.757 over 182 frames.
LOG (lattice-best-path[5.5.1009~1-e4940]:main():lattice-best-path.cc:99) For utterance TE0409-TE0410_1-A.135, best cost 31.4699 + 1797.31 = 1828.78 over 411 frames.
LOG (lattice-best-path[5.5.1009~1-e4940]:main():lattice-best-path.cc:99) For utterance TE0409-TE0410_1-A.136, best cost 12.5166 + 550.194 = 562.711 over 123 frames.
LOG (lattice-best-path[5.5.1009~1-e4940]:main():lattice-best-path.cc:99) For utterance TE0409-TE0410_1-A.140, best cost 27.836 + 1187.95 = 1215.79 over 259 frames.
LOG (lattice-best-path[5.5.1009~1-e4940]:main():lattice-best-path.cc:99) For utterance TE0409-TE0410_1-A.171, best cost 23.7718 + 1781.49 = 1805.27 over 398 frames.
LOG (lattice-best-path[5.5.1009~1-e4940]:main():lattice-best-path.cc:99) For utterance TE0409-TE0410_1-A.188, best cost 5.84745 + 480.436 = 486.284 over 141 frames.
LOG (lattice-best-path[5.5.1009~1-e4940]:main():lattice-best-path.cc:99) For utterance TE0409-TE0410_1-A.202, best cost 12.8599 + 722.286 = 735.146 over 187 frames.
LOG (lattice-best-path[5.5.1009~1-e4940]:main():lattice-best-path.cc:99) For utterance TE0409-TE0410_1-A.204, best cost 23.23 + 1267.62 = 1290.85 over 272 frames.
LOG (lattice-best-path[5.5.1009~1-e4940]:main():lattice-best-path.cc:99) For utterance TE0409-TE0410_1-A.221, best cost 4.81982 + 265.363 = 270.183 over 66 frames.
LOG (lattice-best-path[5.5.1009~1-e4940]:main():lattice-best-path.cc:99) For utterance TE0409-TE0410_1-A.247, best cost 9.68571 + 470.948 = 480.633 over 102 frames.
LOG (lattice-best-path[5.5.1009~1-e4940]:main():lattice-best-path.cc:99) For utterance TE0409-TE0410_1-A.249, best cost 3.87678 + 300.99 = 304.866 over 76 frames.
LOG (lattice-best-path[5.5.1009~1-e4940]:main():lattice-best-path.cc:99) For utterance TE0409-TE0410_1-A.255, best cost 2.78257 + 240.797 = 243.579 over 59 frames.
LOG (lattice-best-path[5.5.1009~1-e4940]:main():lattice-best-path.cc:99) For utterance TE0409-TE0410_1-A.265, best cost 10.3061 + 566.417 = 576.723 over 116 frames.
LOG (lattice-best-path[5.5.1009~1-e4940]:main():lattice-best-path.cc:99) For utterance TE0409-TE0410_1-A.280, best cost 2.92623 + 310.875 = 313.801 over 81 frames.
LOG (lattice-best-path[5.5.1009~1-e4940]:main():lattice-best-path.cc:99) For utterance TE0409-TE0410_1-A.292, best cost 29.5555 + 1843.27 = 1872.83 over 388 frames.
LOG (lattice-best-path[5.5.1009~1-e4940]:main():lattice-best-path.cc:99) For utterance TE0409-TE0410_1-A.296, best cost 25.3828 + 1854.35 = 1879.74 over 385 frames.
LOG (lattice-best-path[5.5.1009~1-e4940]:main():lattice-best-path.cc:99) For utterance TE0409-TE0410_1-A.312, best cost 11.7454 + 704.708 = 716.453 over 154 frames.
LOG (lattice-best-path[5.5.1009~1-e4940]:main():lattice-best-path.cc:99) For utterance TE0409-TE0410_1-B.032, best cost 7.88662 + 585.559 = 593.446 over 146 frames.
LOG (lattice-best-path[5.5.1009~1-e4940]:main():lattice-best-path.cc:99) For utterance TE0409-TE0410_1-B.042, best cost 8.53485 + 575.901 = 584.435 over 121 frames.
LOG (lattice-best-path[5.5.1009~1-e4940]:main():lattice-best-path.cc:99) For utterance TE0409-TE0410_1-B.079, best cost 7.43306 + 331.826 = 339.259 over 72 frames.
LOG (lattice-best-path[5.5.1009~1-e4940]:main():lattice-best-path.cc:99) For utterance TE0409-TE0410_1-B.090, best cost 10.819 + 556.017 = 566.836 over 123 frames.
LOG (lattice-best-path[5.5.1009~1-e4940]:main():lattice-best-path.cc:99) For utterance TE0409-TE0410_1-B.115, best cost 6.75918 + 398.514 = 405.273 over 103 frames.
LOG (lattice-depth-per-frame[5.5.1009~1-e4940]:main():lattice-depth-per-frame.cc:82) Done 417 lattices.
LOG (lattice-best-path[5.5.1009~1-e4940]:main():lattice-best-path.cc:99) For utterance TE0409-TE0410_1-B.136, best cost 7.18738 + 433.813 = 441.001 over 96 frames.
LOG (lattice-best-path[5.5.1009~1-e4940]:main():lattice-best-path.cc:99) For utterance TE0409-TE0410_1-B.149, best cost 9.04709 + 311.721 = 320.768 over 79 frames.
LOG (lattice-best-path[5.5.1009~1-e4940]:main():lattice-best-path.cc:99) For utterance TE0409-TE0410_1-B.151, best cost 13.9412 + 666.387 = 680.328 over 178 frames.
LOG (lattice-best-path[5.5.1009~1-e4940]:main():lattice-best-path.cc:99) For utterance TE0409-TE0410_1-B.152, best cost 19.4101 + 1148.67 = 1168.08 over 259 frames.
LOG (lattice-best-path[5.5.1009~1-e4940]:main():lattice-best-path.cc:99) For utterance TE0409-TE0410_1-B.180, best cost 12.0533 + 541.926 = 553.979 over 112 frames.
LOG (lattice-best-path[5.5.1009~1-e4940]:main():lattice-best-path.cc:99) For utterance TE0409-TE0410_1-B.216, best cost 7.15691 + 209.549 = 216.705 over 48 frames.
LOG (lattice-best-path[5.5.1009~1-e4940]:main():lattice-best-path.cc:99) For utterance TE0409-TE0410_1-B.231, best cost 9.1965 + 427.26 = 436.457 over 90 frames.
LOG (lattice-best-path[5.5.1009~1-e4940]:main():lattice-best-path.cc:99) For utterance TE0409-TE0410_1-B.241, best cost 16.8098 + 787.23 = 804.04 over 188 frames.
LOG (lattice-best-path[5.5.1009~1-e4940]:main():lattice-best-path.cc:99) For utterance TE0409-TE0410_1-B.246, best cost 8.32193 + 271.327 = 279.649 over 68 frames.
LOG (lattice-best-path[5.5.1009~1-e4940]:main():lattice-best-path.cc:99) For utterance TE0409-TE0410_1-B.265, best cost 8.06196 + 382.913 = 390.975 over 91 frames.
LOG (lattice-best-path[5.5.1009~1-e4940]:main():lattice-best-path.cc:99) For utterance TE0409-TE0410_1-B.270, best cost 16.42 + 1150.09 = 1166.51 over 263 frames.
LOG (lattice-best-path[5.5.1009~1-e4940]:main():lattice-best-path.cc:99) For utterance TE0409-TE0410_1-B.275, best cost 15.3077 + 755.407 = 770.715 over 170 frames.
LOG (lattice-best-path[5.5.1009~1-e4940]:main():lattice-best-path.cc:99) For utterance TE0409-TE0410_1-B.278, best cost 10.5362 + 774.245 = 784.781 over 186 frames.
LOG (lattice-best-path[5.5.1009~1-e4940]:main():lattice-best-path.cc:99) For utterance TE0409-TE0410_1-B.289, best cost 25.7309 + 1513.76 = 1539.49 over 328 frames.
LOG (lattice-best-path[5.5.1009~1-e4940]:main():lattice-best-path.cc:99) For utterance TE0409-TE0410_1-B.299, best cost 13.234 + 709.306 = 722.54 over 153 frames.
LOG (lattice-best-path[5.5.1009~1-e4940]:main():lattice-best-path.cc:99) For utterance TE0409-TE0410_1-B.300, best cost 7.43738 + 523.186 = 530.624 over 127 frames.
LOG (lattice-best-path[5.5.1009~1-e4940]:main():lattice-best-path.cc:99) For utterance TE0409-TE0410_1-B.319, best cost 9.44904 + 505.178 = 514.627 over 112 frames.
LOG (lattice-best-path[5.5.1009~1-e4940]:main():lattice-best-path.cc:99) For utterance TE0409-TE0410_1-B.322, best cost 11.3661 + 544.681 = 556.047 over 136 frames.
LOG (lattice-best-path[5.5.1009~1-e4940]:main():lattice-best-path.cc:99) For utterance TE0409-TE0410_1-B.333, best cost 6.39254 + 386.872 = 393.264 over 88 frames.
LOG (lattice-best-path[5.5.1009~1-e4940]:main():lattice-best-path.cc:99) For utterance TE0409-TE0410_1-B.365, best cost 3.87272 + 258.665 = 262.537 over 73 frames.
LOG (lattice-best-path[5.5.1009~1-e4940]:main():lattice-best-path.cc:99) For utterance TE0409-TE0410_2-A.014, best cost 8.07915 + 410.501 = 418.58 over 97 frames.
LOG (lattice-best-path[5.5.1009~1-e4940]:main():lattice-best-path.cc:99) For utterance TE0409-TE0410_2-A.020, best cost 3.89623 + 254.469 = 258.365 over 64 frames.
LOG (lattice-best-path[5.5.1009~1-e4940]:main():lattice-best-path.cc:99) For utterance TE0409-TE0410_2-A.024, best cost 8.32553 + 234.1 = 242.425 over 53 frames.
LOG (lattice-best-path[5.5.1009~1-e4940]:main():lattice-best-path.cc:99) For utterance TE0409-TE0410_2-A.026, best cost 3.78549 + 260.752 = 264.537 over 69 frames.
LOG (lattice-best-path[5.5.1009~1-e4940]:main():lattice-best-path.cc:99) For utterance TE0409-TE0410_2-A.038, best cost 4.01932 + 335.225 = 339.245 over 76 frames.
LOG (lattice-best-path[5.5.1009~1-e4940]:main():lattice-best-path.cc:99) For utterance TE0409-TE0410_2-A.048, best cost 3.13796 + 311.683 = 314.821 over 84 frames.
LOG (lattice-best-path[5.5.1009~1-e4940]:main():lattice-best-path.cc:99) For utterance TE0409-TE0410_2-A.072, best cost 4.00986 + 332.826 = 336.835 over 97 frames.
LOG (lattice-best-path[5.5.1009~1-e4940]:main():lattice-best-path.cc:124) Overall cost per frame is 4.47009 = 0.0748021 [graph] + 4.39529 [acoustic] over 65515 frames.
LOG (lattice-best-path[5.5.1009~1-e4940]:main():lattice-best-path.cc:128) Done 417 lattices, failed for 0
# Accounting: time=0 threads=1
# Ended (code 0) at Tue Jun 14 09:45:21 UTC 2022, elapsed time 0 seconds
