# lattice-depth-per-frame "ark:gunzip -c telugu_exp/tri3_cleaned_work/lats/lat.23.gz|" "ark,t:|gzip -c > telugu_exp/tri3_cleaned_work/lats/depth_tmp.23.gz" ark:- | lattice-best-path --acoustic-scale=0.1 ark:- ark:/dev/null "ark,t:|gzip -c >telugu_exp/tri3_cleaned_work/lats/ali_tmp.23.gz" 
# Started at Tue Jun 14 09:45:21 UTC 2022
#
lattice-best-path --acoustic-scale=0.1 ark:- ark:/dev/null 'ark,t:|gzip -c >telugu_exp/tri3_cleaned_work/lats/ali_tmp.23.gz' 
lattice-depth-per-frame 'ark:gunzip -c telugu_exp/tri3_cleaned_work/lats/lat.23.gz|' 'ark,t:|gzip -c > telugu_exp/tri3_cleaned_work/lats/depth_tmp.23.gz' ark:- 
LOG (lattice-best-path[5.5.1009~1-e4940]:main():lattice-best-path.cc:99) For utterance 001020370, best cost 79.7011 + 4285.64 = 4365.34 over 860 frames.
LOG (lattice-best-path[5.5.1009~1-e4940]:main():lattice-best-path.cc:99) For utterance 001020376, best cost 34.1156 + 3386.31 = 3420.43 over 662 frames.
LOG (lattice-best-path[5.5.1009~1-e4940]:main():lattice-best-path.cc:99) For utterance 001020383, best cost 18.5399 + 1731.06 = 1749.6 over 371 frames.
LOG (lattice-best-path[5.5.1009~1-e4940]:main():lattice-best-path.cc:99) For utterance 001020385, best cost 34.9172 + 3206.58 = 3241.5 over 676 frames.
LOG (lattice-best-path[5.5.1009~1-e4940]:main():lattice-best-path.cc:99) For utterance 001020389, best cost 36.2857 + 3158.67 = 3194.95 over 606 frames.
LOG (lattice-best-path[5.5.1009~1-e4940]:main():lattice-best-path.cc:99) For utterance 001020390, best cost 43.5442 + 4693.9 = 4737.45 over 894 frames.
LOG (lattice-best-path[5.5.1009~1-e4940]:main():lattice-best-path.cc:99) For utterance 001020395, best cost 46.2249 + 4481.77 = 4528 over 863 frames.
LOG (lattice-best-path[5.5.1009~1-e4940]:main():lattice-best-path.cc:99) For utterance 001020407, best cost 30.4556 + 2578.48 = 2608.93 over 530 frames.
LOG (lattice-best-path[5.5.1009~1-e4940]:main():lattice-best-path.cc:99) For utterance 001020416, best cost 29.8159 + 2577.77 = 2607.59 over 593 frames.
LOG (lattice-best-path[5.5.1009~1-e4940]:main():lattice-best-path.cc:99) For utterance 001020428, best cost 48.5722 + 3653.24 = 3701.81 over 718 frames.
LOG (lattice-best-path[5.5.1009~1-e4940]:main():lattice-best-path.cc:99) For utterance 001020437, best cost 24.6969 + 2218.14 = 2242.83 over 468 frames.
LOG (lattice-best-path[5.5.1009~1-e4940]:main():lattice-best-path.cc:99) For utterance 001020441, best cost 30.386 + 2867.84 = 2898.22 over 620 frames.
LOG (lattice-best-path[5.5.1009~1-e4940]:main():lattice-best-path.cc:99) For utterance 001020446, best cost 47.6861 + 4844.32 = 4892.01 over 937 frames.
LOG (lattice-best-path[5.5.1009~1-e4940]:main():lattice-best-path.cc:99) For utterance 001020466, best cost 21.8841 + 1677.99 = 1699.87 over 363 frames.
LOG (lattice-best-path[5.5.1009~1-e4940]:main():lattice-best-path.cc:99) For utterance 001020468, best cost 23.8796 + 1851.94 = 1875.82 over 407 frames.
LOG (lattice-best-path[5.5.1009~1-e4940]:main():lattice-best-path.cc:99) For utterance 001020470, best cost 25.207 + 2126.44 = 2151.65 over 469 frames.
LOG (lattice-best-path[5.5.1009~1-e4940]:main():lattice-best-path.cc:99) For utterance 001020478, best cost 20.9641 + 1798.73 = 1819.69 over 397 frames.
LOG (lattice-best-path[5.5.1009~1-e4940]:main():lattice-best-path.cc:99) For utterance 001020480, best cost 24.1964 + 2077.72 = 2101.92 over 441 frames.
LOG (lattice-best-path[5.5.1009~1-e4940]:main():lattice-best-path.cc:99) For utterance 001020483, best cost 28.2652 + 2533.88 = 2562.15 over 557 frames.
LOG (lattice-best-path[5.5.1009~1-e4940]:main():lattice-best-path.cc:99) For utterance 001020485, best cost 31.8392 + 2585.34 = 2617.18 over 537 frames.
LOG (lattice-best-path[5.5.1009~1-e4940]:main():lattice-best-path.cc:99) For utterance 001020486, best cost 42.134 + 4239.58 = 4281.71 over 795 frames.
LOG (lattice-best-path[5.5.1009~1-e4940]:main():lattice-best-path.cc:99) For utterance 001020488, best cost 28.0248 + 2203.33 = 2231.35 over 460 frames.
LOG (lattice-best-path[5.5.1009~1-e4940]:main():lattice-best-path.cc:99) For utterance 001020493, best cost 28.7507 + 2092.97 = 2121.72 over 458 frames.
LOG (lattice-best-path[5.5.1009~1-e4940]:main():lattice-best-path.cc:99) For utterance 001020494, best cost 32.6054 + 2066.24 = 2098.84 over 436 frames.
LOG (lattice-best-path[5.5.1009~1-e4940]:main():lattice-best-path.cc:99) For utterance 001020496, best cost 20.773 + 1694.85 = 1715.62 over 346 frames.
LOG (lattice-best-path[5.5.1009~1-e4940]:main():lattice-best-path.cc:99) For utterance 001020499, best cost 74.7182 + 5244.13 = 5318.85 over 905 frames.
LOG (lattice-best-path[5.5.1009~1-e4940]:main():lattice-best-path.cc:99) For utterance 001050004, best cost 29.9766 + 2392.99 = 2422.97 over 498 frames.
LOG (lattice-best-path[5.5.1009~1-e4940]:main():lattice-best-path.cc:99) For utterance 001050009, best cost 23.1921 + 1811.12 = 1834.31 over 381 frames.
LOG (lattice-best-path[5.5.1009~1-e4940]:main():lattice-best-path.cc:99) For utterance 001050010, best cost 32.3735 + 2570.44 = 2602.81 over 537 frames.
LOG (lattice-best-path[5.5.1009~1-e4940]:main():lattice-best-path.cc:99) For utterance 001050022, best cost 33.5115 + 3139.25 = 3172.76 over 623 frames.
LOG (lattice-best-path[5.5.1009~1-e4940]:main():lattice-best-path.cc:99) For utterance 001050023, best cost 43.1749 + 3942.46 = 3985.63 over 773 frames.
LOG (lattice-best-path[5.5.1009~1-e4940]:main():lattice-best-path.cc:99) For utterance 001050032, best cost 27.0307 + 2322.35 = 2349.38 over 464 frames.
LOG (lattice-best-path[5.5.1009~1-e4940]:main():lattice-best-path.cc:99) For utterance 001050033, best cost 22.4388 + 2085.66 = 2108.1 over 440 frames.
LOG (lattice-best-path[5.5.1009~1-e4940]:main():lattice-best-path.cc:99) For utterance 001050041, best cost 51.0833 + 4396.44 = 4447.53 over 899 frames.
LOG (lattice-best-path[5.5.1009~1-e4940]:main():lattice-best-path.cc:99) For utterance 001050060, best cost 48.4901 + 4215.65 = 4264.14 over 829 frames.
LOG (lattice-best-path[5.5.1009~1-e4940]:main():lattice-best-path.cc:99) For utterance 001050064, best cost 40.1807 + 3253.41 = 3293.59 over 661 frames.
LOG (lattice-best-path[5.5.1009~1-e4940]:main():lattice-best-path.cc:99) For utterance 001050068, best cost 44.7188 + 4044.77 = 4089.49 over 782 frames.
LOG (lattice-best-path[5.5.1009~1-e4940]:main():lattice-best-path.cc:99) For utterance 001050074, best cost 50.0122 + 4552.09 = 4602.1 over 913 frames.
LOG (lattice-best-path[5.5.1009~1-e4940]:main():lattice-best-path.cc:99) For utterance 001050076, best cost 38.2879 + 3384.68 = 3422.96 over 670 frames.
LOG (lattice-best-path[5.5.1009~1-e4940]:main():lattice-best-path.cc:99) For utterance 001050081, best cost 40.419 + 3474.18 = 3514.6 over 700 frames.
LOG (lattice-best-path[5.5.1009~1-e4940]:main():lattice-best-path.cc:99) For utterance 001050082, best cost 29.7095 + 2309.97 = 2339.68 over 473 frames.
LOG (lattice-best-path[5.5.1009~1-e4940]:main():lattice-best-path.cc:99) For utterance 001050089, best cost 27.8265 + 2405.74 = 2433.57 over 500 frames.
LOG (lattice-best-path[5.5.1009~1-e4940]:main():lattice-best-path.cc:99) For utterance 001050090, best cost 28.9747 + 2690.23 = 2719.21 over 558 frames.
LOG (lattice-best-path[5.5.1009~1-e4940]:main():lattice-best-path.cc:99) For utterance 001050096, best cost 30.5368 + 3269.02 = 3299.56 over 643 frames.
LOG (lattice-best-path[5.5.1009~1-e4940]:main():lattice-best-path.cc:99) For utterance 001050098, best cost 23.0283 + 2045.45 = 2068.48 over 411 frames.
LOG (lattice-best-path[5.5.1009~1-e4940]:main():lattice-best-path.cc:99) For utterance 001050108, best cost 42.8575 + 4493.81 = 4536.67 over 888 frames.
LOG (lattice-best-path[5.5.1009~1-e4940]:main():lattice-best-path.cc:99) For utterance 001050109, best cost 30.1113 + 2401.88 = 2431.99 over 493 frames.
LOG (lattice-best-path[5.5.1009~1-e4940]:main():lattice-best-path.cc:99) For utterance 001050113, best cost 67.2459 + 4825.38 = 4892.63 over 897 frames.
LOG (lattice-best-path[5.5.1009~1-e4940]:main():lattice-best-path.cc:99) For utterance 001050117, best cost 26.5475 + 2141.57 = 2168.12 over 442 frames.
LOG (lattice-best-path[5.5.1009~1-e4940]:main():lattice-best-path.cc:99) For utterance 001050122, best cost 36.7185 + 3729.08 = 3765.8 over 743 frames.
LOG (lattice-best-path[5.5.1009~1-e4940]:main():lattice-best-path.cc:99) For utterance 001050128, best cost 43.0792 + 2525.91 = 2568.99 over 533 frames.
LOG (lattice-best-path[5.5.1009~1-e4940]:main():lattice-best-path.cc:99) For utterance 001050138, best cost 24.2939 + 2455.74 = 2480.04 over 503 frames.
LOG (lattice-best-path[5.5.1009~1-e4940]:main():lattice-best-path.cc:99) For utterance 001050139, best cost 39.4659 + 3536.08 = 3575.55 over 708 frames.
LOG (lattice-best-path[5.5.1009~1-e4940]:main():lattice-best-path.cc:99) For utterance 001050140, best cost 24.3313 + 2225.43 = 2249.76 over 453 frames.
LOG (lattice-best-path[5.5.1009~1-e4940]:main():lattice-best-path.cc:99) For utterance 001050146, best cost 29.2896 + 2653.29 = 2682.58 over 562 frames.
LOG (lattice-best-path[5.5.1009~1-e4940]:main():lattice-best-path.cc:99) For utterance 001050147, best cost 53.5913 + 5689.08 = 5742.67 over 1132 frames.
LOG (lattice-best-path[5.5.1009~1-e4940]:main():lattice-best-path.cc:99) For utterance 001050148, best cost 26.0739 + 2254.12 = 2280.19 over 449 frames.
LOG (lattice-best-path[5.5.1009~1-e4940]:main():lattice-best-path.cc:99) For utterance 001050154, best cost 41.0514 + 4883.49 = 4924.54 over 927 frames.
LOG (lattice-best-path[5.5.1009~1-e4940]:main():lattice-best-path.cc:99) For utterance 001050157, best cost 35.4228 + 3510.83 = 3546.25 over 707 frames.
LOG (lattice-best-path[5.5.1009~1-e4940]:main():lattice-best-path.cc:99) For utterance 001050166, best cost 29.9745 + 3870.84 = 3900.82 over 730 frames.
LOG (lattice-best-path[5.5.1009~1-e4940]:main():lattice-best-path.cc:99) For utterance 001050167, best cost 47.8351 + 4188.63 = 4236.46 over 852 frames.
LOG (lattice-best-path[5.5.1009~1-e4940]:main():lattice-best-path.cc:99) For utterance 001050168, best cost 36.5662 + 3612.23 = 3648.8 over 730 frames.
LOG (lattice-best-path[5.5.1009~1-e4940]:main():lattice-best-path.cc:99) For utterance 001050170, best cost 43.4812 + 3203.47 = 3246.95 over 653 frames.
LOG (lattice-best-path[5.5.1009~1-e4940]:main():lattice-best-path.cc:99) For utterance 001050173, best cost 33.6349 + 3752.39 = 3786.02 over 732 frames.
LOG (lattice-best-path[5.5.1009~1-e4940]:main():lattice-best-path.cc:99) For utterance 001050174, best cost 24.557 + 2455.98 = 2480.54 over 534 frames.
LOG (lattice-best-path[5.5.1009~1-e4940]:main():lattice-best-path.cc:99) For utterance 001050179, best cost 27.6217 + 2267 = 2294.62 over 459 frames.
LOG (lattice-best-path[5.5.1009~1-e4940]:main():lattice-best-path.cc:99) For utterance 001050181, best cost 49.8437 + 5272.17 = 5322.01 over 1077 frames.
LOG (lattice-best-path[5.5.1009~1-e4940]:main():lattice-best-path.cc:99) For utterance 001050185, best cost 22.7913 + 2166.67 = 2189.46 over 457 frames.
LOG (lattice-best-path[5.5.1009~1-e4940]:main():lattice-best-path.cc:99) For utterance 001050186, best cost 28.3965 + 2962.91 = 2991.31 over 612 frames.
LOG (lattice-best-path[5.5.1009~1-e4940]:main():lattice-best-path.cc:99) For utterance 001050187, best cost 43.0583 + 4089.13 = 4132.18 over 843 frames.
LOG (lattice-best-path[5.5.1009~1-e4940]:main():lattice-best-path.cc:99) For utterance 001050195, best cost 27.3963 + 2383.08 = 2410.48 over 516 frames.
LOG (lattice-best-path[5.5.1009~1-e4940]:main():lattice-best-path.cc:99) For utterance 001050197, best cost 25.7447 + 2204.68 = 2230.42 over 476 frames.
LOG (lattice-best-path[5.5.1009~1-e4940]:main():lattice-best-path.cc:99) For utterance 001050200, best cost 36.7289 + 3847.67 = 3884.4 over 758 frames.
LOG (lattice-best-path[5.5.1009~1-e4940]:main():lattice-best-path.cc:99) For utterance 001050204, best cost 38.9582 + 2327.48 = 2366.44 over 483 frames.
LOG (lattice-best-path[5.5.1009~1-e4940]:main():lattice-best-path.cc:99) For utterance 001050210, best cost 22.0105 + 2032.87 = 2054.88 over 411 frames.
LOG (lattice-best-path[5.5.1009~1-e4940]:main():lattice-best-path.cc:99) For utterance 001050211, best cost 38.8186 + 3951.7 = 3990.52 over 763 frames.
LOG (lattice-best-path[5.5.1009~1-e4940]:main():lattice-best-path.cc:99) For utterance 001050215, best cost 32.6106 + 2729.36 = 2761.97 over 565 frames.
LOG (lattice-best-path[5.5.1009~1-e4940]:main():lattice-best-path.cc:99) For utterance 001050218, best cost 41 + 4058.49 = 4099.49 over 813 frames.
LOG (lattice-best-path[5.5.1009~1-e4940]:main():lattice-best-path.cc:99) For utterance 001050221, best cost 29.7485 + 2604.82 = 2634.57 over 527 frames.
LOG (lattice-best-path[5.5.1009~1-e4940]:main():lattice-best-path.cc:99) For utterance 001050222, best cost 20.7692 + 1925.47 = 1946.24 over 378 frames.
LOG (lattice-best-path[5.5.1009~1-e4940]:main():lattice-best-path.cc:99) For utterance 001050224, best cost 44.4354 + 4911.18 = 4955.61 over 922 frames.
LOG (lattice-best-path[5.5.1009~1-e4940]:main():lattice-best-path.cc:99) For utterance 001050227, best cost 25.919 + 2213.07 = 2238.99 over 467 frames.
LOG (lattice-best-path[5.5.1009~1-e4940]:main():lattice-best-path.cc:99) For utterance 001050233, best cost 40.8566 + 3675.31 = 3716.17 over 751 frames.
LOG (lattice-best-path[5.5.1009~1-e4940]:main():lattice-best-path.cc:99) For utterance 001050234, best cost 45.6698 + 3010.97 = 3056.64 over 621 frames.
LOG (lattice-best-path[5.5.1009~1-e4940]:main():lattice-best-path.cc:99) For utterance 001050244, best cost 44.9243 + 2697.63 = 2742.55 over 532 frames.
LOG (lattice-best-path[5.5.1009~1-e4940]:main():lattice-best-path.cc:99) For utterance 001050249, best cost 29.5057 + 2741.03 = 2770.54 over 547 frames.
LOG (lattice-best-path[5.5.1009~1-e4940]:main():lattice-best-path.cc:99) For utterance 001050259, best cost 20.0721 + 1937.59 = 1957.66 over 406 frames.
LOG (lattice-best-path[5.5.1009~1-e4940]:main():lattice-best-path.cc:99) For utterance 001050260, best cost 36.1413 + 3235.02 = 3271.16 over 663 frames.
LOG (lattice-best-path[5.5.1009~1-e4940]:main():lattice-best-path.cc:99) For utterance 001050270, best cost 40.9619 + 3324 = 3364.97 over 671 frames.
LOG (lattice-best-path[5.5.1009~1-e4940]:main():lattice-best-path.cc:99) For utterance 001050276, best cost 43.91 + 4494.67 = 4538.58 over 920 frames.
LOG (lattice-best-path[5.5.1009~1-e4940]:main():lattice-best-path.cc:99) For utterance 001050277, best cost 31.4387 + 2997.16 = 3028.6 over 627 frames.
LOG (lattice-best-path[5.5.1009~1-e4940]:main():lattice-best-path.cc:99) For utterance 001050280, best cost 31.7462 + 3344.83 = 3376.58 over 671 frames.
LOG (lattice-best-path[5.5.1009~1-e4940]:main():lattice-best-path.cc:99) For utterance 001050284, best cost 29.9528 + 2478.1 = 2508.05 over 529 frames.
LOG (lattice-best-path[5.5.1009~1-e4940]:main():lattice-best-path.cc:99) For utterance 001050293, best cost 36.2095 + 3183.3 = 3219.51 over 615 frames.
LOG (lattice-best-path[5.5.1009~1-e4940]:main():lattice-best-path.cc:99) For utterance 001050294, best cost 31.9943 + 2829.94 = 2861.94 over 569 frames.
LOG (lattice-best-path[5.5.1009~1-e4940]:main():lattice-best-path.cc:99) For utterance 001050298, best cost 30.2676 + 2541.59 = 2571.86 over 513 frames.
LOG (lattice-best-path[5.5.1009~1-e4940]:main():lattice-best-path.cc:99) For utterance 001050300, best cost 48.5992 + 4123.52 = 4172.12 over 807 frames.
LOG (lattice-best-path[5.5.1009~1-e4940]:main():lattice-best-path.cc:99) For utterance 001050304, best cost 29.3742 + 2761.67 = 2791.05 over 575 frames.
LOG (lattice-best-path[5.5.1009~1-e4940]:main():lattice-best-path.cc:99) For utterance 001050310, best cost 36.641 + 3508.52 = 3545.16 over 683 frames.
LOG (lattice-best-path[5.5.1009~1-e4940]:main():lattice-best-path.cc:99) For utterance 001050315, best cost 45.4836 + 4562.89 = 4608.37 over 899 frames.
LOG (lattice-best-path[5.5.1009~1-e4940]:main():lattice-best-path.cc:99) For utterance 001050317, best cost 18.7115 + 1827.43 = 1846.14 over 367 frames.
LOG (lattice-best-path[5.5.1009~1-e4940]:main():lattice-best-path.cc:99) For utterance 001050323, best cost 21.3795 + 2008.32 = 2029.7 over 415 frames.
LOG (lattice-best-path[5.5.1009~1-e4940]:main():lattice-best-path.cc:99) For utterance 001050329, best cost 41.2296 + 4235.17 = 4276.4 over 830 frames.
LOG (lattice-best-path[5.5.1009~1-e4940]:main():lattice-best-path.cc:99) For utterance 001050334, best cost 41.822 + 2925.72 = 2967.54 over 608 frames.
LOG (lattice-best-path[5.5.1009~1-e4940]:main():lattice-best-path.cc:99) For utterance 001050336, best cost 33.2012 + 2787.32 = 2820.52 over 587 frames.
LOG (lattice-best-path[5.5.1009~1-e4940]:main():lattice-best-path.cc:99) For utterance 001050337, best cost 29.1443 + 3959.48 = 3988.62 over 725 frames.
LOG (lattice-best-path[5.5.1009~1-e4940]:main():lattice-best-path.cc:99) For utterance 001050354, best cost 41.6354 + 3676.51 = 3718.14 over 746 frames.
LOG (lattice-best-path[5.5.1009~1-e4940]:main():lattice-best-path.cc:99) For utterance 001050355, best cost 39.0127 + 2639.89 = 2678.91 over 533 frames.
LOG (lattice-best-path[5.5.1009~1-e4940]:main():lattice-best-path.cc:99) For utterance 001050359, best cost 29.6416 + 2830.57 = 2860.21 over 586 frames.
LOG (lattice-best-path[5.5.1009~1-e4940]:main():lattice-best-path.cc:99) For utterance 001050368, best cost 29.6471 + 2603.44 = 2633.08 over 516 frames.
LOG (lattice-best-path[5.5.1009~1-e4940]:main():lattice-best-path.cc:99) For utterance 001050374, best cost 37.2544 + 3665.67 = 3702.92 over 718 frames.
LOG (lattice-best-path[5.5.1009~1-e4940]:main():lattice-best-path.cc:99) For utterance 001050381, best cost 40.8851 + 3777.76 = 3818.65 over 748 frames.
LOG (lattice-best-path[5.5.1009~1-e4940]:main():lattice-best-path.cc:99) For utterance 001050383, best cost 46.0777 + 4460.86 = 4506.93 over 856 frames.
LOG (lattice-best-path[5.5.1009~1-e4940]:main():lattice-best-path.cc:99) For utterance 001050389, best cost 28.5056 + 2792.09 = 2820.59 over 576 frames.
LOG (lattice-best-path[5.5.1009~1-e4940]:main():lattice-best-path.cc:99) For utterance 001050390, best cost 26.0464 + 2463.49 = 2489.54 over 502 frames.
LOG (lattice-best-path[5.5.1009~1-e4940]:main():lattice-best-path.cc:99) For utterance 001050391, best cost 45.1885 + 3255.24 = 3300.43 over 642 frames.
LOG (lattice-best-path[5.5.1009~1-e4940]:main():lattice-best-path.cc:99) For utterance 001050403, best cost 36.9445 + 4184.89 = 4221.83 over 847 frames.
LOG (lattice-best-path[5.5.1009~1-e4940]:main():lattice-best-path.cc:99) For utterance 001050409, best cost 57.044 + 5480.46 = 5537.5 over 1087 frames.
LOG (lattice-best-path[5.5.1009~1-e4940]:main():lattice-best-path.cc:99) For utterance 001050410, best cost 52.0209 + 5497.3 = 5549.32 over 1113 frames.
LOG (lattice-best-path[5.5.1009~1-e4940]:main():lattice-best-path.cc:99) For utterance 001050416, best cost 27.6434 + 2858.75 = 2886.4 over 558 frames.
LOG (lattice-best-path[5.5.1009~1-e4940]:main():lattice-best-path.cc:99) For utterance 001050418, best cost 84.5368 + 7281.19 = 7365.73 over 1465 frames.
LOG (lattice-best-path[5.5.1009~1-e4940]:main():lattice-best-path.cc:99) For utterance 001050420, best cost 42.5162 + 4231.9 = 4274.42 over 813 frames.
LOG (lattice-best-path[5.5.1009~1-e4940]:main():lattice-best-path.cc:99) For utterance 001050421, best cost 37.1184 + 3714.59 = 3751.71 over 719 frames.
LOG (lattice-best-path[5.5.1009~1-e4940]:main():lattice-best-path.cc:99) For utterance 001050430, best cost 26.3709 + 2484.42 = 2510.79 over 503 frames.
LOG (lattice-best-path[5.5.1009~1-e4940]:main():lattice-best-path.cc:99) For utterance 001050432, best cost 38.4115 + 4136.54 = 4174.95 over 830 frames.
LOG (lattice-best-path[5.5.1009~1-e4940]:main():lattice-best-path.cc:99) For utterance 001050435, best cost 31.1606 + 2583.88 = 2615.04 over 513 frames.
LOG (lattice-best-path[5.5.1009~1-e4940]:main():lattice-best-path.cc:99) For utterance 001050437, best cost 72.7819 + 6339.02 = 6411.8 over 1152 frames.
LOG (lattice-best-path[5.5.1009~1-e4940]:main():lattice-best-path.cc:99) For utterance 001050440, best cost 37.6419 + 3551.23 = 3588.87 over 699 frames.
LOG (lattice-best-path[5.5.1009~1-e4940]:main():lattice-best-path.cc:99) For utterance 001050442, best cost 34.1903 + 3143.79 = 3177.99 over 618 frames.
LOG (lattice-best-path[5.5.1009~1-e4940]:main():lattice-best-path.cc:99) For utterance 001050444, best cost 50.6084 + 4502.41 = 4553.02 over 909 frames.
LOG (lattice-best-path[5.5.1009~1-e4940]:main():lattice-best-path.cc:99) For utterance 001050445, best cost 21.3532 + 1789.36 = 1810.71 over 360 frames.
LOG (lattice-best-path[5.5.1009~1-e4940]:main():lattice-best-path.cc:99) For utterance 001050446, best cost 28.3201 + 2544.52 = 2572.84 over 532 frames.
LOG (lattice-best-path[5.5.1009~1-e4940]:main():lattice-best-path.cc:99) For utterance 001050457, best cost 44.0164 + 4327.04 = 4371.06 over 835 frames.
LOG (lattice-best-path[5.5.1009~1-e4940]:main():lattice-best-path.cc:99) For utterance 001050458, best cost 33.1394 + 2994.26 = 3027.4 over 626 frames.
LOG (lattice-best-path[5.5.1009~1-e4940]:main():lattice-best-path.cc:99) For utterance 001050464, best cost 71.7816 + 5650.58 = 5722.36 over 1041 frames.
LOG (lattice-best-path[5.5.1009~1-e4940]:main():lattice-best-path.cc:99) For utterance 001050465, best cost 47.0427 + 5796.67 = 5843.71 over 1036 frames.
LOG (lattice-best-path[5.5.1009~1-e4940]:main():lattice-best-path.cc:99) For utterance 001050468, best cost 31.647 + 2669.45 = 2701.1 over 518 frames.
LOG (lattice-best-path[5.5.1009~1-e4940]:main():lattice-best-path.cc:99) For utterance 001050471, best cost 37.2889 + 3256 = 3293.29 over 647 frames.
LOG (lattice-best-path[5.5.1009~1-e4940]:main():lattice-best-path.cc:99) For utterance 001050472, best cost 41.2531 + 3670.83 = 3712.08 over 743 frames.
LOG (lattice-best-path[5.5.1009~1-e4940]:main():lattice-best-path.cc:99) For utterance 001050478, best cost 37.0735 + 3879.28 = 3916.35 over 723 frames.
LOG (lattice-best-path[5.5.1009~1-e4940]:main():lattice-best-path.cc:99) For utterance 001050480, best cost 50.4079 + 3011.71 = 3062.12 over 593 frames.
LOG (lattice-best-path[5.5.1009~1-e4940]:main():lattice-best-path.cc:99) For utterance 001050486, best cost 31.3059 + 2941.43 = 2972.74 over 595 frames.
LOG (lattice-best-path[5.5.1009~1-e4940]:main():lattice-best-path.cc:99) For utterance 001050492, best cost 29.9328 + 2770.27 = 2800.2 over 563 frames.
LOG (lattice-best-path[5.5.1009~1-e4940]:main():lattice-best-path.cc:99) For utterance 001050498, best cost 39.1128 + 3932.5 = 3971.62 over 739 frames.
LOG (lattice-best-path[5.5.1009~1-e4940]:main():lattice-best-path.cc:99) For utterance 001060024, best cost 31.5831 + 2022.1 = 2053.69 over 470 frames.
LOG (lattice-best-path[5.5.1009~1-e4940]:main():lattice-best-path.cc:99) For utterance 001060026, best cost 28.7594 + 2489.55 = 2518.31 over 578 frames.
LOG (lattice-best-path[5.5.1009~1-e4940]:main():lattice-best-path.cc:99) For utterance 001060028, best cost 36.9106 + 3865.22 = 3902.13 over 737 frames.
LOG (lattice-best-path[5.5.1009~1-e4940]:main():lattice-best-path.cc:99) For utterance 001060033, best cost 30.6275 + 2412.62 = 2443.25 over 577 frames.
LOG (lattice-best-path[5.5.1009~1-e4940]:main():lattice-best-path.cc:99) For utterance 001060038, best cost 26.2473 + 2058.5 = 2084.74 over 494 frames.
LOG (lattice-best-path[5.5.1009~1-e4940]:main():lattice-best-path.cc:99) For utterance 001060044, best cost 39.2374 + 2746.19 = 2785.43 over 659 frames.
LOG (lattice-best-path[5.5.1009~1-e4940]:main():lattice-best-path.cc:99) For utterance 001060046, best cost 34.3198 + 3174.99 = 3209.3 over 748 frames.
LOG (lattice-best-path[5.5.1009~1-e4940]:main():lattice-best-path.cc:99) For utterance 001060052, best cost 22.3875 + 2055.69 = 2078.08 over 484 frames.
LOG (lattice-best-path[5.5.1009~1-e4940]:main():lattice-best-path.cc:99) For utterance 001060054, best cost 22.1117 + 2140.34 = 2162.45 over 512 frames.
LOG (lattice-best-path[5.5.1009~1-e4940]:main():lattice-best-path.cc:99) For utterance 001060062, best cost 62.7292 + 5745.9 = 5808.62 over 1128 frames.
LOG (lattice-best-path[5.5.1009~1-e4940]:main():lattice-best-path.cc:99) For utterance 001060065, best cost 28.2651 + 3234.64 = 3262.91 over 649 frames.
LOG (lattice-best-path[5.5.1009~1-e4940]:main():lattice-best-path.cc:99) For utterance 001060066, best cost 29.0412 + 2877.23 = 2906.27 over 705 frames.
LOG (lattice-best-path[5.5.1009~1-e4940]:main():lattice-best-path.cc:99) For utterance 001060068, best cost 37.9493 + 2248.61 = 2286.56 over 547 frames.
LOG (lattice-best-path[5.5.1009~1-e4940]:main():lattice-best-path.cc:99) For utterance 001060077, best cost 26.8441 + 2517.35 = 2544.2 over 606 frames.
LOG (lattice-best-path[5.5.1009~1-e4940]:main():lattice-best-path.cc:99) For utterance 001060085, best cost 40.9341 + 4395.54 = 4436.48 over 878 frames.
LOG (lattice-best-path[5.5.1009~1-e4940]:main():lattice-best-path.cc:99) For utterance 001060086, best cost 44.3691 + 2010.05 = 2054.42 over 467 frames.
LOG (lattice-best-path[5.5.1009~1-e4940]:main():lattice-best-path.cc:99) For utterance 001060102, best cost 40.8664 + 4322.85 = 4363.72 over 900 frames.
LOG (lattice-best-path[5.5.1009~1-e4940]:main():lattice-best-path.cc:99) For utterance 001060103, best cost 31.0445 + 3406.55 = 3437.6 over 668 frames.
LOG (lattice-best-path[5.5.1009~1-e4940]:main():lattice-best-path.cc:99) For utterance 001060107, best cost 28.2465 + 2400.36 = 2428.61 over 555 frames.
LOG (lattice-best-path[5.5.1009~1-e4940]:main():lattice-best-path.cc:99) For utterance 001060110, best cost 35.5647 + 3489.27 = 3524.84 over 707 frames.
LOG (lattice-best-path[5.5.1009~1-e4940]:main():lattice-best-path.cc:99) For utterance 001060115, best cost 29.656 + 2790.45 = 2820.11 over 677 frames.
LOG (lattice-best-path[5.5.1009~1-e4940]:main():lattice-best-path.cc:99) For utterance 001060117, best cost 55.0943 + 2628.69 = 2683.79 over 574 frames.
LOG (lattice-best-path[5.5.1009~1-e4940]:main():lattice-best-path.cc:99) For utterance 001060118, best cost 53.7584 + 3922.14 = 3975.9 over 764 frames.
LOG (lattice-best-path[5.5.1009~1-e4940]:main():lattice-best-path.cc:99) For utterance 001060122, best cost 27.9457 + 2560.59 = 2588.53 over 631 frames.
LOG (lattice-best-path[5.5.1009~1-e4940]:main():lattice-best-path.cc:99) For utterance 001060127, best cost 54.8115 + 5092.35 = 5147.16 over 991 frames.
LOG (lattice-best-path[5.5.1009~1-e4940]:main():lattice-best-path.cc:99) For utterance 001060129, best cost 21.438 + 2144.69 = 2166.13 over 493 frames.
LOG (lattice-best-path[5.5.1009~1-e4940]:main():lattice-best-path.cc:99) For utterance 001060130, best cost 25.1898 + 1939.04 = 1964.23 over 471 frames.
LOG (lattice-best-path[5.5.1009~1-e4940]:main():lattice-best-path.cc:99) For utterance 001060135, best cost 30.7624 + 2522.41 = 2553.17 over 586 frames.
LOG (lattice-best-path[5.5.1009~1-e4940]:main():lattice-best-path.cc:99) For utterance 001060136, best cost 30.4901 + 2611.52 = 2642.01 over 568 frames.
LOG (lattice-best-path[5.5.1009~1-e4940]:main():lattice-best-path.cc:99) For utterance 001060143, best cost 24.513 + 2028.76 = 2053.27 over 477 frames.
LOG (lattice-best-path[5.5.1009~1-e4940]:main():lattice-best-path.cc:99) For utterance 001060144, best cost 44.4647 + 4119.05 = 4163.51 over 759 frames.
LOG (lattice-best-path[5.5.1009~1-e4940]:main():lattice-best-path.cc:99) For utterance 001060147, best cost 57.5196 + 3443.42 = 3500.94 over 812 frames.
LOG (lattice-best-path[5.5.1009~1-e4940]:main():lattice-best-path.cc:99) For utterance 001060148, best cost 35.5277 + 4029.57 = 4065.1 over 811 frames.
LOG (lattice-best-path[5.5.1009~1-e4940]:main():lattice-best-path.cc:99) For utterance 001060153, best cost 52.9433 + 5258.21 = 5311.15 over 1069 frames.
LOG (lattice-best-path[5.5.1009~1-e4940]:main():lattice-best-path.cc:99) For utterance 001060158, best cost 22.6307 + 1789.7 = 1812.33 over 410 frames.
LOG (lattice-best-path[5.5.1009~1-e4940]:main():lattice-best-path.cc:99) For utterance 001060172, best cost 54.835 + 5531.88 = 5586.71 over 1117 frames.
LOG (lattice-best-path[5.5.1009~1-e4940]:main():lattice-best-path.cc:99) For utterance 001060173, best cost 26.4989 + 2326.28 = 2352.77 over 558 frames.
LOG (lattice-best-path[5.5.1009~1-e4940]:main():lattice-best-path.cc:99) For utterance 001060176, best cost 42.2092 + 3756.68 = 3798.88 over 752 frames.
LOG (lattice-best-path[5.5.1009~1-e4940]:main():lattice-best-path.cc:99) For utterance 001060177, best cost 42.0614 + 4437.85 = 4479.92 over 863 frames.
LOG (lattice-best-path[5.5.1009~1-e4940]:main():lattice-best-path.cc:99) For utterance 001060184, best cost 52.5291 + 5395.44 = 5447.97 over 1067 frames.
LOG (lattice-best-path[5.5.1009~1-e4940]:main():lattice-best-path.cc:99) For utterance 001060187, best cost 53.2392 + 5212.74 = 5265.98 over 969 frames.
LOG (lattice-best-path[5.5.1009~1-e4940]:main():lattice-best-path.cc:99) For utterance 001060188, best cost 35.6726 + 4057.01 = 4092.68 over 774 frames.
LOG (lattice-best-path[5.5.1009~1-e4940]:main():lattice-best-path.cc:99) For utterance 001060193, best cost 27.554 + 2374.95 = 2402.51 over 555 frames.
LOG (lattice-best-path[5.5.1009~1-e4940]:main():lattice-best-path.cc:99) For utterance 001060197, best cost 20.1113 + 1613.45 = 1633.56 over 373 frames.
LOG (lattice-best-path[5.5.1009~1-e4940]:main():lattice-best-path.cc:99) For utterance 001060200, best cost 26.1943 + 2403.11 = 2429.31 over 530 frames.
LOG (lattice-best-path[5.5.1009~1-e4940]:main():lattice-best-path.cc:99) For utterance 001060201, best cost 46.5748 + 4383.75 = 4430.33 over 853 frames.
LOG (lattice-best-path[5.5.1009~1-e4940]:main():lattice-best-path.cc:99) For utterance 001060202, best cost 25.0908 + 1900.28 = 1925.37 over 445 frames.
LOG (lattice-best-path[5.5.1009~1-e4940]:main():lattice-best-path.cc:99) For utterance 001060204, best cost 25.3311 + 1955.18 = 1980.51 over 442 frames.
LOG (lattice-best-path[5.5.1009~1-e4940]:main():lattice-best-path.cc:99) For utterance 001060205, best cost 28.8832 + 3521.25 = 3550.13 over 714 frames.
LOG (lattice-best-path[5.5.1009~1-e4940]:main():lattice-best-path.cc:99) For utterance 001060207, best cost 35.1947 + 2290.83 = 2326.02 over 527 frames.
LOG (lattice-best-path[5.5.1009~1-e4940]:main():lattice-best-path.cc:99) For utterance 001060208, best cost 45.6529 + 3485.59 = 3531.25 over 699 frames.
LOG (lattice-best-path[5.5.1009~1-e4940]:main():lattice-best-path.cc:99) For utterance 001060213, best cost 42.483 + 4217.85 = 4260.33 over 880 frames.
LOG (lattice-best-path[5.5.1009~1-e4940]:main():lattice-best-path.cc:99) For utterance 001060216, best cost 32.7656 + 3627.44 = 3660.2 over 722 frames.
LOG (lattice-best-path[5.5.1009~1-e4940]:main():lattice-best-path.cc:99) For utterance 001060218, best cost 26.0801 + 2224.43 = 2250.51 over 514 frames.
LOG (lattice-best-path[5.5.1009~1-e4940]:main():lattice-best-path.cc:99) For utterance 001060220, best cost 41.3417 + 3918.8 = 3960.14 over 788 frames.
LOG (lattice-best-path[5.5.1009~1-e4940]:main():lattice-best-path.cc:99) For utterance 001060229, best cost 17.2481 + 1532.12 = 1549.36 over 363 frames.
LOG (lattice-best-path[5.5.1009~1-e4940]:main():lattice-best-path.cc:99) For utterance 001060231, best cost 28.0059 + 2363.7 = 2391.71 over 549 frames.
LOG (lattice-best-path[5.5.1009~1-e4940]:main():lattice-best-path.cc:99) For utterance 001060232, best cost 37.892 + 2498.21 = 2536.1 over 579 frames.
LOG (lattice-best-path[5.5.1009~1-e4940]:main():lattice-best-path.cc:99) For utterance 001060234, best cost 45.0411 + 4664.29 = 4709.33 over 875 frames.
LOG (lattice-best-path[5.5.1009~1-e4940]:main():lattice-best-path.cc:99) For utterance 001060244, best cost 38.2148 + 4123.26 = 4161.47 over 830 frames.
LOG (lattice-best-path[5.5.1009~1-e4940]:main():lattice-best-path.cc:99) For utterance 001060245, best cost 30.4497 + 2528.11 = 2558.56 over 588 frames.
LOG (lattice-best-path[5.5.1009~1-e4940]:main():lattice-best-path.cc:99) For utterance 001060256, best cost 34.0743 + 3651.47 = 3685.54 over 728 frames.
LOG (lattice-best-path[5.5.1009~1-e4940]:main():lattice-best-path.cc:99) For utterance 001060260, best cost 44.6146 + 2847.75 = 2892.37 over 675 frames.
LOG (lattice-best-path[5.5.1009~1-e4940]:main():lattice-best-path.cc:99) For utterance 001060269, best cost 39.4101 + 3595.47 = 3634.88 over 741 frames.
LOG (lattice-best-path[5.5.1009~1-e4940]:main():lattice-best-path.cc:99) For utterance 001060270, best cost 36.7316 + 3320.49 = 3357.22 over 811 frames.
LOG (lattice-best-path[5.5.1009~1-e4940]:main():lattice-best-path.cc:99) For utterance 001060274, best cost 27.1712 + 2261.59 = 2288.76 over 530 frames.
LOG (lattice-best-path[5.5.1009~1-e4940]:main():lattice-best-path.cc:99) For utterance 001060277, best cost 39.0011 + 2654.99 = 2693.99 over 660 frames.
LOG (lattice-best-path[5.5.1009~1-e4940]:main():lattice-best-path.cc:99) For utterance 001060281, best cost 43.0896 + 3901.66 = 3944.75 over 791 frames.
LOG (lattice-best-path[5.5.1009~1-e4940]:main():lattice-best-path.cc:99) For utterance 001060284, best cost 19.111 + 1786.29 = 1805.41 over 399 frames.
LOG (lattice-best-path[5.5.1009~1-e4940]:main():lattice-best-path.cc:99) For utterance 001060289, best cost 56.7399 + 5632.43 = 5689.17 over 1128 frames.
LOG (lattice-best-path[5.5.1009~1-e4940]:main():lattice-best-path.cc:99) For utterance 001060291, best cost 37.4609 + 3648.59 = 3686.06 over 712 frames.
LOG (lattice-best-path[5.5.1009~1-e4940]:main():lattice-best-path.cc:99) For utterance 001060292, best cost 34.872 + 2822.3 = 2857.18 over 655 frames.
LOG (lattice-best-path[5.5.1009~1-e4940]:main():lattice-best-path.cc:99) For utterance 001060295, best cost 25.0935 + 2267.97 = 2293.07 over 535 frames.
LOG (lattice-best-path[5.5.1009~1-e4940]:main():lattice-best-path.cc:99) For utterance 001060300, best cost 50.6162 + 5521.02 = 5571.64 over 1105 frames.
LOG (lattice-best-path[5.5.1009~1-e4940]:main():lattice-best-path.cc:99) For utterance 001060302, best cost 36.3283 + 2845.62 = 2881.94 over 720 frames.
LOG (lattice-best-path[5.5.1009~1-e4940]:main():lattice-best-path.cc:99) For utterance 001060308, best cost 37.5155 + 2874.1 = 2911.62 over 682 frames.
LOG (lattice-best-path[5.5.1009~1-e4940]:main():lattice-best-path.cc:99) For utterance 001060311, best cost 31.6548 + 2171.74 = 2203.4 over 526 frames.
LOG (lattice-best-path[5.5.1009~1-e4940]:main():lattice-best-path.cc:99) For utterance 001060317, best cost 50.5021 + 5272.13 = 5322.63 over 1107 frames.
LOG (lattice-best-path[5.5.1009~1-e4940]:main():lattice-best-path.cc:99) For utterance 001060321, best cost 24.6995 + 2108.13 = 2132.83 over 496 frames.
LOG (lattice-best-path[5.5.1009~1-e4940]:main():lattice-best-path.cc:99) For utterance 001060324, best cost 50.3467 + 5234.44 = 5284.79 over 1081 frames.
LOG (lattice-best-path[5.5.1009~1-e4940]:main():lattice-best-path.cc:99) For utterance 001060326, best cost 39.7866 + 3535.38 = 3575.16 over 691 frames.
LOG (lattice-best-path[5.5.1009~1-e4940]:main():lattice-best-path.cc:99) For utterance 001060329, best cost 31.11 + 2639.75 = 2670.86 over 655 frames.
LOG (lattice-best-path[5.5.1009~1-e4940]:main():lattice-best-path.cc:99) For utterance 001060334, best cost 51.2924 + 3402.58 = 3453.88 over 819 frames.
LOG (lattice-best-path[5.5.1009~1-e4940]:main():lattice-best-path.cc:99) For utterance 001060336, best cost 43.3622 + 4014.93 = 4058.29 over 810 frames.
LOG (lattice-best-path[5.5.1009~1-e4940]:main():lattice-best-path.cc:99) For utterance 001060346, best cost 41.0559 + 4496.25 = 4537.31 over 882 frames.
LOG (lattice-best-path[5.5.1009~1-e4940]:main():lattice-best-path.cc:99) For utterance 001060347, best cost 45.5098 + 4260.72 = 4306.23 over 882 frames.
LOG (lattice-best-path[5.5.1009~1-e4940]:main():lattice-best-path.cc:99) For utterance 001060355, best cost 44.9523 + 4808.92 = 4853.87 over 983 frames.
LOG (lattice-best-path[5.5.1009~1-e4940]:main():lattice-best-path.cc:99) For utterance 001060356, best cost 55.0447 + 4390.76 = 4445.81 over 885 frames.
LOG (lattice-best-path[5.5.1009~1-e4940]:main():lattice-best-path.cc:99) For utterance 001060357, best cost 46.8423 + 6026.65 = 6073.49 over 1120 frames.
LOG (lattice-best-path[5.5.1009~1-e4940]:main():lattice-best-path.cc:99) For utterance 001060358, best cost 43.4061 + 4678.85 = 4722.26 over 949 frames.
LOG (lattice-best-path[5.5.1009~1-e4940]:main():lattice-best-path.cc:99) For utterance 001060382, best cost 67.4209 + 5507.2 = 5574.62 over 1083 frames.
LOG (lattice-best-path[5.5.1009~1-e4940]:main():lattice-best-path.cc:99) For utterance 001060383, best cost 41.2655 + 4341.01 = 4382.28 over 843 frames.
LOG (lattice-best-path[5.5.1009~1-e4940]:main():lattice-best-path.cc:99) For utterance 001060386, best cost 44.1714 + 2793.77 = 2837.95 over 692 frames.
LOG (lattice-best-path[5.5.1009~1-e4940]:main():lattice-best-path.cc:99) For utterance 001060392, best cost 27.5883 + 2377.84 = 2405.43 over 560 frames.
LOG (lattice-best-path[5.5.1009~1-e4940]:main():lattice-best-path.cc:99) For utterance 001060393, best cost 40.6468 + 3079.9 = 3120.55 over 738 frames.
LOG (lattice-best-path[5.5.1009~1-e4940]:main():lattice-best-path.cc:99) For utterance 001060395, best cost 44.0558 + 4138.7 = 4182.76 over 845 frames.
LOG (lattice-best-path[5.5.1009~1-e4940]:main():lattice-best-path.cc:99) For utterance 001060399, best cost 23.3491 + 1822.81 = 1846.16 over 412 frames.
LOG (lattice-best-path[5.5.1009~1-e4940]:main():lattice-best-path.cc:99) For utterance 001060401, best cost 48.744 + 2586.47 = 2635.21 over 627 frames.
LOG (lattice-best-path[5.5.1009~1-e4940]:main():lattice-best-path.cc:99) For utterance 001060403, best cost 44.1615 + 3002.22 = 3046.38 over 680 frames.
LOG (lattice-best-path[5.5.1009~1-e4940]:main():lattice-best-path.cc:99) For utterance 001060407, best cost 34.7524 + 4361.97 = 4396.72 over 820 frames.
LOG (lattice-best-path[5.5.1009~1-e4940]:main():lattice-best-path.cc:99) For utterance 001060412, best cost 47.7232 + 3927.41 = 3975.13 over 794 frames.
LOG (lattice-best-path[5.5.1009~1-e4940]:main():lattice-best-path.cc:99) For utterance 001060417, best cost 32.8618 + 2449.4 = 2482.26 over 564 frames.
LOG (lattice-best-path[5.5.1009~1-e4940]:main():lattice-best-path.cc:99) For utterance 001060418, best cost 29.2232 + 2401.87 = 2431.09 over 556 frames.
LOG (lattice-best-path[5.5.1009~1-e4940]:main():lattice-best-path.cc:99) For utterance 001060426, best cost 36.2584 + 3672.9 = 3709.16 over 734 frames.
LOG (lattice-best-path[5.5.1009~1-e4940]:main():lattice-best-path.cc:99) For utterance 001060428, best cost 32.7943 + 3232.22 = 3265.02 over 637 frames.
LOG (lattice-best-path[5.5.1009~1-e4940]:main():lattice-best-path.cc:99) For utterance 001060430, best cost 45.1384 + 4278.94 = 4324.08 over 865 frames.
LOG (lattice-best-path[5.5.1009~1-e4940]:main():lattice-best-path.cc:99) For utterance 001060441, best cost 34.6318 + 2862.81 = 2897.44 over 690 frames.
LOG (lattice-best-path[5.5.1009~1-e4940]:main():lattice-best-path.cc:99) For utterance 001060443, best cost 42.4727 + 4948.98 = 4991.45 over 943 frames.
LOG (lattice-best-path[5.5.1009~1-e4940]:main():lattice-best-path.cc:99) For utterance 001060460, best cost 31.1861 + 3018.06 = 3049.25 over 671 frames.
LOG (lattice-best-path[5.5.1009~1-e4940]:main():lattice-best-path.cc:99) For utterance 001060468, best cost 54.4986 + 5119.39 = 5173.89 over 949 frames.
LOG (lattice-best-path[5.5.1009~1-e4940]:main():lattice-best-path.cc:99) For utterance 001060469, best cost 44.8327 + 4783.65 = 4828.48 over 912 frames.
LOG (lattice-best-path[5.5.1009~1-e4940]:main():lattice-best-path.cc:99) For utterance 001060470, best cost 57.2191 + 5131.82 = 5189.04 over 950 frames.
LOG (lattice-best-path[5.5.1009~1-e4940]:main():lattice-best-path.cc:99) For utterance 001060475, best cost 40.58 + 2962.52 = 3003.1 over 646 frames.
LOG (lattice-best-path[5.5.1009~1-e4940]:main():lattice-best-path.cc:99) For utterance 001060478, best cost 34.1861 + 2999.51 = 3033.7 over 665 frames.
LOG (lattice-best-path[5.5.1009~1-e4940]:main():lattice-best-path.cc:99) For utterance 001060479, best cost 35.0382 + 3107.29 = 3142.33 over 702 frames.
LOG (lattice-best-path[5.5.1009~1-e4940]:main():lattice-best-path.cc:99) For utterance 001060481, best cost 29.7958 + 2672.12 = 2701.92 over 580 frames.
LOG (lattice-best-path[5.5.1009~1-e4940]:main():lattice-best-path.cc:99) For utterance 001060483, best cost 40.5965 + 4646.15 = 4686.75 over 857 frames.
LOG (lattice-best-path[5.5.1009~1-e4940]:main():lattice-best-path.cc:99) For utterance 001060484, best cost 31.1913 + 2765 = 2796.19 over 614 frames.
LOG (lattice-best-path[5.5.1009~1-e4940]:main():lattice-best-path.cc:99) For utterance 001060486, best cost 53.8827 + 5065.2 = 5119.09 over 960 frames.
LOG (lattice-best-path[5.5.1009~1-e4940]:main():lattice-best-path.cc:99) For utterance 001060493, best cost 25.19 + 2481.05 = 2506.24 over 529 frames.
LOG (lattice-best-path[5.5.1009~1-e4940]:main():lattice-best-path.cc:99) For utterance 001060497, best cost 60.8111 + 5893.65 = 5954.46 over 1119 frames.
LOG (lattice-best-path[5.5.1009~1-e4940]:main():lattice-best-path.cc:99) For utterance 001060499, best cost 38.8462 + 3771.67 = 3810.52 over 706 frames.
LOG (lattice-best-path[5.5.1009~1-e4940]:main():lattice-best-path.cc:99) For utterance 001070009, best cost 28.4819 + 2379.04 = 2407.52 over 538 frames.
LOG (lattice-best-path[5.5.1009~1-e4940]:main():lattice-best-path.cc:99) For utterance 001070015, best cost 26.4662 + 1979.84 = 2006.3 over 443 frames.
LOG (lattice-best-path[5.5.1009~1-e4940]:main():lattice-best-path.cc:99) For utterance 001070019, best cost 23.714 + 2034.91 = 2058.62 over 496 frames.
LOG (lattice-best-path[5.5.1009~1-e4940]:main():lattice-best-path.cc:99) For utterance 001070025, best cost 33.7455 + 3737.71 = 3771.46 over 759 frames.
LOG (lattice-best-path[5.5.1009~1-e4940]:main():lattice-best-path.cc:99) For utterance 001070034, best cost 36.4584 + 4707.58 = 4744.04 over 885 frames.
LOG (lattice-best-path[5.5.1009~1-e4940]:main():lattice-best-path.cc:99) For utterance 001070057, best cost 27.7969 + 2404.22 = 2432.02 over 543 frames.
LOG (lattice-best-path[5.5.1009~1-e4940]:main():lattice-best-path.cc:99) For utterance 001070070, best cost 30.1567 + 2411.22 = 2441.38 over 548 frames.
LOG (lattice-best-path[5.5.1009~1-e4940]:main():lattice-best-path.cc:99) For utterance 001070072, best cost 71.3649 + 5040 = 5111.36 over 1040 frames.
LOG (lattice-best-path[5.5.1009~1-e4940]:main():lattice-best-path.cc:99) For utterance 001070073, best cost 22.884 + 1991.43 = 2014.31 over 428 frames.
LOG (lattice-best-path[5.5.1009~1-e4940]:main():lattice-best-path.cc:99) For utterance 001070082, best cost 25.071 + 2162.69 = 2187.76 over 481 frames.
LOG (lattice-best-path[5.5.1009~1-e4940]:main():lattice-best-path.cc:99) For utterance 001070094, best cost 33.1051 + 1836.13 = 1869.23 over 422 frames.
LOG (lattice-best-path[5.5.1009~1-e4940]:main():lattice-best-path.cc:99) For utterance 001070095, best cost 25.4813 + 1951.19 = 1976.67 over 449 frames.
LOG (lattice-best-path[5.5.1009~1-e4940]:main():lattice-best-path.cc:99) For utterance 001070105, best cost 26.916 + 2302.26 = 2329.17 over 521 frames.
LOG (lattice-best-path[5.5.1009~1-e4940]:main():lattice-best-path.cc:99) For utterance 001070108, best cost 40.1996 + 5315.52 = 5355.72 over 983 frames.
LOG (lattice-best-path[5.5.1009~1-e4940]:main():lattice-best-path.cc:99) For utterance 001070116, best cost 30.9983 + 3674.55 = 3705.55 over 871 frames.
LOG (lattice-best-path[5.5.1009~1-e4940]:main():lattice-best-path.cc:99) For utterance 001070120, best cost 57.8516 + 5674.7 = 5732.55 over 1126 frames.
LOG (lattice-best-path[5.5.1009~1-e4940]:main():lattice-best-path.cc:99) For utterance 001070123, best cost 65.5341 + 3106.18 = 3171.71 over 650 frames.
LOG (lattice-best-path[5.5.1009~1-e4940]:main():lattice-best-path.cc:99) For utterance 001070126, best cost 23.7534 + 1670.49 = 1694.24 over 337 frames.
LOG (lattice-best-path[5.5.1009~1-e4940]:main():lattice-best-path.cc:99) For utterance 001070127, best cost 22.5541 + 2038.72 = 2061.27 over 440 frames.
LOG (lattice-best-path[5.5.1009~1-e4940]:main():lattice-best-path.cc:99) For utterance 001070139, best cost 51.1978 + 2305.99 = 2357.18 over 506 frames.
LOG (lattice-best-path[5.5.1009~1-e4940]:main():lattice-best-path.cc:99) For utterance 001070142, best cost 53.9027 + 6704.57 = 6758.47 over 1101 frames.
LOG (lattice-best-path[5.5.1009~1-e4940]:main():lattice-best-path.cc:99) For utterance 001070152, best cost 27.0216 + 2494.64 = 2521.66 over 568 frames.
LOG (lattice-best-path[5.5.1009~1-e4940]:main():lattice-best-path.cc:99) For utterance 001070155, best cost 37.5609 + 4861.16 = 4898.72 over 835 frames.
LOG (lattice-best-path[5.5.1009~1-e4940]:main():lattice-best-path.cc:99) For utterance 001070158, best cost 33.9584 + 3462.78 = 3496.73 over 685 frames.
LOG (lattice-best-path[5.5.1009~1-e4940]:main():lattice-best-path.cc:99) For utterance 001070175, best cost 48.9093 + 4467.73 = 4516.64 over 933 frames.
LOG (lattice-best-path[5.5.1009~1-e4940]:main():lattice-best-path.cc:99) For utterance 001070176, best cost 37.0742 + 3854.71 = 3891.78 over 748 frames.
LOG (lattice-best-path[5.5.1009~1-e4940]:main():lattice-best-path.cc:99) For utterance 001070178, best cost 26.928 + 2306.32 = 2333.25 over 502 frames.
LOG (lattice-best-path[5.5.1009~1-e4940]:main():lattice-best-path.cc:99) For utterance 001070179, best cost 37.8416 + 4393.05 = 4430.89 over 881 frames.
LOG (lattice-best-path[5.5.1009~1-e4940]:main():lattice-best-path.cc:99) For utterance 001070182, best cost 30.672 + 2628.2 = 2658.88 over 587 frames.
LOG (lattice-best-path[5.5.1009~1-e4940]:main():lattice-best-path.cc:99) For utterance 001070184, best cost 27.9758 + 2851.17 = 2879.14 over 576 frames.
LOG (lattice-best-path[5.5.1009~1-e4940]:main():lattice-best-path.cc:99) For utterance 001070189, best cost 45.6412 + 6394.2 = 6439.84 over 1194 frames.
LOG (lattice-best-path[5.5.1009~1-e4940]:main():lattice-best-path.cc:99) For utterance 001070195, best cost 43.3387 + 4748.49 = 4791.83 over 900 frames.
LOG (lattice-best-path[5.5.1009~1-e4940]:main():lattice-best-path.cc:99) For utterance 001070199, best cost 54.0022 + 4834 = 4888 over 843 frames.
LOG (lattice-best-path[5.5.1009~1-e4940]:main():lattice-best-path.cc:99) For utterance 001070203, best cost 28.1138 + 2080.2 = 2108.31 over 497 frames.
LOG (lattice-best-path[5.5.1009~1-e4940]:main():lattice-best-path.cc:99) For utterance 001070207, best cost 20.3709 + 1728.66 = 1749.03 over 385 frames.
LOG (lattice-best-path[5.5.1009~1-e4940]:main():lattice-best-path.cc:99) For utterance 001070214, best cost 30.9198 + 3173.59 = 3204.51 over 596 frames.
LOG (lattice-best-path[5.5.1009~1-e4940]:main():lattice-best-path.cc:99) For utterance 001070215, best cost 26.7043 + 3072.29 = 3098.99 over 598 frames.
LOG (lattice-best-path[5.5.1009~1-e4940]:main():lattice-best-path.cc:99) For utterance 001070216, best cost 28.9807 + 2755.34 = 2784.32 over 598 frames.
LOG (lattice-best-path[5.5.1009~1-e4940]:main():lattice-best-path.cc:99) For utterance 001070217, best cost 29.4368 + 2657.46 = 2686.9 over 567 frames.
LOG (lattice-best-path[5.5.1009~1-e4940]:main():lattice-best-path.cc:99) For utterance 001070223, best cost 30.4881 + 2619.87 = 2650.36 over 543 frames.
LOG (lattice-best-path[5.5.1009~1-e4940]:main():lattice-best-path.cc:99) For utterance 001070227, best cost 54.0242 + 5061.88 = 5115.91 over 1010 frames.
LOG (lattice-best-path[5.5.1009~1-e4940]:main():lattice-best-path.cc:99) For utterance 001070228, best cost 26.0273 + 1989.17 = 2015.2 over 451 frames.
LOG (lattice-best-path[5.5.1009~1-e4940]:main():lattice-best-path.cc:99) For utterance 001070235, best cost 27.747 + 2594.3 = 2622.05 over 559 frames.
LOG (lattice-best-path[5.5.1009~1-e4940]:main():lattice-best-path.cc:99) For utterance 001070237, best cost 27.1026 + 2045.84 = 2072.94 over 472 frames.
LOG (lattice-best-path[5.5.1009~1-e4940]:main():lattice-best-path.cc:99) For utterance 001070240, best cost 35.0274 + 4053.13 = 4088.16 over 732 frames.
LOG (lattice-best-path[5.5.1009~1-e4940]:main():lattice-best-path.cc:99) For utterance 001070242, best cost 20.5788 + 1745.04 = 1765.62 over 382 frames.
LOG (lattice-best-path[5.5.1009~1-e4940]:main():lattice-best-path.cc:99) For utterance 001070243, best cost 27.0406 + 2311.07 = 2338.11 over 519 frames.
LOG (lattice-best-path[5.5.1009~1-e4940]:main():lattice-best-path.cc:99) For utterance 001070246, best cost 21.3977 + 1795.66 = 1817.06 over 418 frames.
LOG (lattice-best-path[5.5.1009~1-e4940]:main():lattice-best-path.cc:99) For utterance 001070248, best cost 30.1419 + 2944.13 = 2974.27 over 662 frames.
LOG (lattice-best-path[5.5.1009~1-e4940]:main():lattice-best-path.cc:99) For utterance 001070249, best cost 31.1435 + 2934.19 = 2965.33 over 610 frames.
LOG (lattice-best-path[5.5.1009~1-e4940]:main():lattice-best-path.cc:99) For utterance 001070261, best cost 31.7821 + 3699.21 = 3731 over 694 frames.
LOG (lattice-best-path[5.5.1009~1-e4940]:main():lattice-best-path.cc:99) For utterance 001070262, best cost 27.0487 + 2653.64 = 2680.68 over 579 frames.
LOG (lattice-best-path[5.5.1009~1-e4940]:main():lattice-best-path.cc:99) For utterance 001070264, best cost 26.1031 + 2329.54 = 2355.64 over 491 frames.
LOG (lattice-best-path[5.5.1009~1-e4940]:main():lattice-best-path.cc:99) For utterance 001070266, best cost 28.447 + 3485.45 = 3513.89 over 670 frames.
LOG (lattice-best-path[5.5.1009~1-e4940]:main():lattice-best-path.cc:99) For utterance 001070271, best cost 21.6274 + 1883.42 = 1905.05 over 395 frames.
LOG (lattice-best-path[5.5.1009~1-e4940]:main():lattice-best-path.cc:99) For utterance 001070272, best cost 34.6726 + 3091.09 = 3125.76 over 602 frames.
LOG (lattice-best-path[5.5.1009~1-e4940]:main():lattice-best-path.cc:99) For utterance 001070274, best cost 26.1766 + 2166.23 = 2192.41 over 460 frames.
LOG (lattice-best-path[5.5.1009~1-e4940]:main():lattice-best-path.cc:99) For utterance 001070279, best cost 29.5451 + 2478.25 = 2507.79 over 545 frames.
LOG (lattice-best-path[5.5.1009~1-e4940]:main():lattice-best-path.cc:99) For utterance 001070284, best cost 36.12 + 3489.65 = 3525.77 over 705 frames.
LOG (lattice-best-path[5.5.1009~1-e4940]:main():lattice-best-path.cc:99) For utterance 001070298, best cost 20.705 + 1754.69 = 1775.4 over 366 frames.
LOG (lattice-best-path[5.5.1009~1-e4940]:main():lattice-best-path.cc:99) For utterance 001070299, best cost 24.7252 + 2317.9 = 2342.62 over 467 frames.
LOG (lattice-best-path[5.5.1009~1-e4940]:main():lattice-best-path.cc:99) For utterance 001070300, best cost 54.4741 + 5009.37 = 5063.85 over 1002 frames.
LOG (lattice-best-path[5.5.1009~1-e4940]:main():lattice-best-path.cc:99) For utterance 001070301, best cost 28.7069 + 2159.55 = 2188.25 over 490 frames.
LOG (lattice-best-path[5.5.1009~1-e4940]:main():lattice-best-path.cc:99) For utterance 001070310, best cost 40.1413 + 3764.37 = 3804.51 over 733 frames.
LOG (lattice-best-path[5.5.1009~1-e4940]:main():lattice-best-path.cc:99) For utterance 001070318, best cost 26.5586 + 2587.67 = 2614.23 over 544 frames.
LOG (lattice-best-path[5.5.1009~1-e4940]:main():lattice-best-path.cc:99) For utterance 001070319, best cost 22.6186 + 1755.99 = 1778.61 over 400 frames.
LOG (lattice-best-path[5.5.1009~1-e4940]:main():lattice-best-path.cc:99) For utterance 001070320, best cost 25.5345 + 2221.81 = 2247.35 over 483 frames.
LOG (lattice-best-path[5.5.1009~1-e4940]:main():lattice-best-path.cc:99) For utterance 001070321, best cost 26.3894 + 2589.53 = 2615.92 over 565 frames.
LOG (lattice-best-path[5.5.1009~1-e4940]:main():lattice-best-path.cc:99) For utterance 001070323, best cost 18.7121 + 1724.61 = 1743.32 over 387 frames.
LOG (lattice-best-path[5.5.1009~1-e4940]:main():lattice-best-path.cc:99) For utterance 001070329, best cost 30.3215 + 2102.25 = 2132.57 over 460 frames.
LOG (lattice-best-path[5.5.1009~1-e4940]:main():lattice-best-path.cc:99) For utterance 001070330, best cost 28.0255 + 3025.54 = 3053.56 over 597 frames.
LOG (lattice-best-path[5.5.1009~1-e4940]:main():lattice-best-path.cc:99) For utterance 001070340, best cost 40.0904 + 3738.65 = 3778.74 over 758 frames.
LOG (lattice-best-path[5.5.1009~1-e4940]:main():lattice-best-path.cc:99) For utterance 001070347, best cost 26.2634 + 2166.6 = 2192.86 over 483 frames.
LOG (lattice-best-path[5.5.1009~1-e4940]:main():lattice-best-path.cc:99) For utterance 001070441, best cost 21.2894 + 1893.96 = 1915.25 over 431 frames.
LOG (lattice-best-path[5.5.1009~1-e4940]:main():lattice-best-path.cc:99) For utterance 001070453, best cost 23.7305 + 2161.66 = 2185.39 over 516 frames.
LOG (lattice-best-path[5.5.1009~1-e4940]:main():lattice-best-path.cc:99) For utterance 001070470, best cost 27.7033 + 2359.55 = 2387.25 over 508 frames.
LOG (lattice-best-path[5.5.1009~1-e4940]:main():lattice-best-path.cc:99) For utterance 001070489, best cost 31.2788 + 2867.89 = 2899.17 over 588 frames.
LOG (lattice-best-path[5.5.1009~1-e4940]:main():lattice-best-path.cc:99) For utterance 001310002, best cost 27.3388 + 2480.99 = 2508.32 over 569 frames.
LOG (lattice-best-path[5.5.1009~1-e4940]:main():lattice-best-path.cc:99) For utterance 001310005, best cost 28.8192 + 2216.24 = 2245.06 over 530 frames.
LOG (lattice-best-path[5.5.1009~1-e4940]:main():lattice-best-path.cc:99) For utterance 001310006, best cost 21.9219 + 2146.02 = 2167.94 over 519 frames.
LOG (lattice-best-path[5.5.1009~1-e4940]:main():lattice-best-path.cc:99) For utterance 001310008, best cost 36.0757 + 3365.55 = 3401.63 over 724 frames.
LOG (lattice-best-path[5.5.1009~1-e4940]:main():lattice-best-path.cc:99) For utterance 001310010, best cost 44.2626 + 4300.61 = 4344.87 over 895 frames.
LOG (lattice-best-path[5.5.1009~1-e4940]:main():lattice-best-path.cc:99) For utterance 001310011, best cost 24.9106 + 2139.19 = 2164.1 over 504 frames.
LOG (lattice-best-path[5.5.1009~1-e4940]:main():lattice-best-path.cc:99) For utterance 001310012, best cost 28.5633 + 2275.86 = 2304.42 over 521 frames.
LOG (lattice-best-path[5.5.1009~1-e4940]:main():lattice-best-path.cc:99) For utterance 001310015, best cost 18.0324 + 1887.49 = 1905.53 over 433 frames.
LOG (lattice-best-path[5.5.1009~1-e4940]:main():lattice-best-path.cc:99) For utterance 001310022, best cost 27.2945 + 2125.06 = 2152.36 over 497 frames.
LOG (lattice-best-path[5.5.1009~1-e4940]:main():lattice-best-path.cc:99) For utterance 001310024, best cost 21.9211 + 2001.11 = 2023.03 over 475 frames.
LOG (lattice-best-path[5.5.1009~1-e4940]:main():lattice-best-path.cc:99) For utterance 001310025, best cost 22.3774 + 1983.52 = 2005.89 over 486 frames.
LOG (lattice-best-path[5.5.1009~1-e4940]:main():lattice-best-path.cc:99) For utterance 001310031, best cost 25.4199 + 2205.07 = 2230.49 over 513 frames.
LOG (lattice-best-path[5.5.1009~1-e4940]:main():lattice-best-path.cc:99) For utterance 001310038, best cost 19.6657 + 1831.11 = 1850.77 over 423 frames.
LOG (lattice-best-path[5.5.1009~1-e4940]:main():lattice-best-path.cc:99) For utterance 001310041, best cost 28.1882 + 2464.98 = 2493.17 over 574 frames.
LOG (lattice-best-path[5.5.1009~1-e4940]:main():lattice-best-path.cc:99) For utterance 001310043, best cost 35.7169 + 3396.66 = 3432.38 over 725 frames.
LOG (lattice-best-path[5.5.1009~1-e4940]:main():lattice-best-path.cc:99) For utterance 001310046, best cost 26.2944 + 2133.59 = 2159.88 over 499 frames.
LOG (lattice-best-path[5.5.1009~1-e4940]:main():lattice-best-path.cc:99) For utterance 001310047, best cost 26.4573 + 1765.69 = 1792.15 over 417 frames.
LOG (lattice-best-path[5.5.1009~1-e4940]:main():lattice-best-path.cc:99) For utterance 001310056, best cost 28.8702 + 2362.16 = 2391.03 over 566 frames.
LOG (lattice-best-path[5.5.1009~1-e4940]:main():lattice-best-path.cc:99) For utterance 001310059, best cost 20.8079 + 1731.19 = 1752 over 419 frames.
LOG (lattice-best-path[5.5.1009~1-e4940]:main():lattice-best-path.cc:99) For utterance 001310060, best cost 25.2651 + 2432.29 = 2457.55 over 543 frames.
LOG (lattice-best-path[5.5.1009~1-e4940]:main():lattice-best-path.cc:99) For utterance 001310072, best cost 26.9326 + 2220.96 = 2247.89 over 514 frames.
LOG (lattice-best-path[5.5.1009~1-e4940]:main():lattice-best-path.cc:99) For utterance 001310074, best cost 23.9027 + 2447.07 = 2470.97 over 539 frames.
LOG (lattice-best-path[5.5.1009~1-e4940]:main():lattice-best-path.cc:99) For utterance 001310080, best cost 30.4868 + 3024.79 = 3055.28 over 628 frames.
LOG (lattice-best-path[5.5.1009~1-e4940]:main():lattice-best-path.cc:99) For utterance 001310100, best cost 29.5633 + 2396.71 = 2426.27 over 560 frames.
LOG (lattice-best-path[5.5.1009~1-e4940]:main():lattice-best-path.cc:99) For utterance 001310102, best cost 38.603 + 3455.31 = 3493.91 over 743 frames.
LOG (lattice-best-path[5.5.1009~1-e4940]:main():lattice-best-path.cc:99) For utterance 001310103, best cost 25.9881 + 2416.13 = 2442.12 over 542 frames.
LOG (lattice-best-path[5.5.1009~1-e4940]:main():lattice-best-path.cc:99) For utterance 001310105, best cost 29.2061 + 2112.13 = 2141.34 over 511 frames.
LOG (lattice-best-path[5.5.1009~1-e4940]:main():lattice-best-path.cc:99) For utterance 001310112, best cost 22.5417 + 1708.19 = 1730.73 over 400 frames.
LOG (lattice-best-path[5.5.1009~1-e4940]:main():lattice-best-path.cc:99) For utterance 001310118, best cost 36.3929 + 3470.75 = 3507.14 over 750 frames.
LOG (lattice-best-path[5.5.1009~1-e4940]:main():lattice-best-path.cc:99) For utterance 001310119, best cost 35.1846 + 3344.64 = 3379.83 over 692 frames.
LOG (lattice-best-path[5.5.1009~1-e4940]:main():lattice-best-path.cc:99) For utterance 001310129, best cost 31.9522 + 2781.9 = 2813.86 over 604 frames.
LOG (lattice-best-path[5.5.1009~1-e4940]:main():lattice-best-path.cc:99) For utterance 001310132, best cost 34.0419 + 3255.83 = 3289.87 over 690 frames.
LOG (lattice-best-path[5.5.1009~1-e4940]:main():lattice-best-path.cc:99) For utterance 001310134, best cost 25.8861 + 2294.06 = 2319.95 over 524 frames.
LOG (lattice-best-path[5.5.1009~1-e4940]:main():lattice-best-path.cc:99) For utterance 001310135, best cost 37.735 + 3539.13 = 3576.87 over 754 frames.
LOG (lattice-best-path[5.5.1009~1-e4940]:main():lattice-best-path.cc:99) For utterance 001310136, best cost 25.5156 + 2171.1 = 2196.61 over 499 frames.
LOG (lattice-best-path[5.5.1009~1-e4940]:main():lattice-best-path.cc:99) For utterance 001310138, best cost 24.1445 + 1806.57 = 1830.71 over 422 frames.
LOG (lattice-best-path[5.5.1009~1-e4940]:main():lattice-best-path.cc:99) For utterance 001310140, best cost 22.3985 + 1937.38 = 1959.77 over 437 frames.
LOG (lattice-best-path[5.5.1009~1-e4940]:main():lattice-best-path.cc:99) For utterance 001310142, best cost 32.7394 + 2907.45 = 2940.19 over 627 frames.
LOG (lattice-best-path[5.5.1009~1-e4940]:main():lattice-best-path.cc:99) For utterance 001310146, best cost 30.8946 + 2538.38 = 2569.27 over 583 frames.
LOG (lattice-best-path[5.5.1009~1-e4940]:main():lattice-best-path.cc:99) For utterance 001310150, best cost 27.1882 + 2720.82 = 2748.01 over 613 frames.
LOG (lattice-best-path[5.5.1009~1-e4940]:main():lattice-best-path.cc:99) For utterance 001310156, best cost 26.7264 + 2398.42 = 2425.14 over 557 frames.
LOG (lattice-best-path[5.5.1009~1-e4940]:main():lattice-best-path.cc:99) For utterance 001310158, best cost 19.4407 + 1664.89 = 1684.33 over 386 frames.
LOG (lattice-best-path[5.5.1009~1-e4940]:main():lattice-best-path.cc:99) For utterance 001310162, best cost 31.3654 + 2432.32 = 2463.68 over 558 frames.
LOG (lattice-best-path[5.5.1009~1-e4940]:main():lattice-best-path.cc:99) For utterance 001310165, best cost 22.7007 + 1971.9 = 1994.6 over 459 frames.
LOG (lattice-best-path[5.5.1009~1-e4940]:main():lattice-best-path.cc:99) For utterance 001310166, best cost 35.3998 + 3410.09 = 3445.49 over 734 frames.
LOG (lattice-depth-per-frame[5.5.1009~1-e4940]:main():lattice-depth-per-frame.cc:82) Done 404 lattices.
LOG (lattice-best-path[5.5.1009~1-e4940]:main():lattice-best-path.cc:99) For utterance 001310167, best cost 26.9333 + 2387.53 = 2414.47 over 542 frames.
LOG (lattice-best-path[5.5.1009~1-e4940]:main():lattice-best-path.cc:99) For utterance 001310170, best cost 29.2453 + 2528.6 = 2557.84 over 576 frames.
LOG (lattice-best-path[5.5.1009~1-e4940]:main():lattice-best-path.cc:99) For utterance 001310173, best cost 27.6783 + 2408.77 = 2436.45 over 558 frames.
LOG (lattice-best-path[5.5.1009~1-e4940]:main():lattice-best-path.cc:99) For utterance 001310178, best cost 22.8884 + 1832.78 = 1855.67 over 431 frames.
LOG (lattice-best-path[5.5.1009~1-e4940]:main():lattice-best-path.cc:99) For utterance 001310182, best cost 26.1123 + 2128.81 = 2154.93 over 486 frames.
LOG (lattice-best-path[5.5.1009~1-e4940]:main():lattice-best-path.cc:99) For utterance 001310183, best cost 26.5043 + 2316.27 = 2342.77 over 539 frames.
LOG (lattice-best-path[5.5.1009~1-e4940]:main():lattice-best-path.cc:99) For utterance 001310190, best cost 37.186 + 3497.91 = 3535.1 over 735 frames.
LOG (lattice-best-path[5.5.1009~1-e4940]:main():lattice-best-path.cc:99) For utterance 001310193, best cost 32.7008 + 2766.83 = 2799.53 over 598 frames.
LOG (lattice-best-path[5.5.1009~1-e4940]:main():lattice-best-path.cc:99) For utterance 001310194, best cost 21.9454 + 2062.1 = 2084.04 over 498 frames.
LOG (lattice-best-path[5.5.1009~1-e4940]:main():lattice-best-path.cc:99) For utterance 001310198, best cost 32.9154 + 3590.3 = 3623.22 over 732 frames.
LOG (lattice-best-path[5.5.1009~1-e4940]:main():lattice-best-path.cc:99) For utterance 001310199, best cost 31.0384 + 2459.32 = 2490.36 over 581 frames.
LOG (lattice-best-path[5.5.1009~1-e4940]:main():lattice-best-path.cc:99) For utterance 001310201, best cost 29.0506 + 2491.23 = 2520.28 over 575 frames.
LOG (lattice-best-path[5.5.1009~1-e4940]:main():lattice-best-path.cc:99) For utterance 001310202, best cost 57.0411 + 4052.5 = 4109.54 over 881 frames.
LOG (lattice-best-path[5.5.1009~1-e4940]:main():lattice-best-path.cc:99) For utterance 001310203, best cost 43.0382 + 3413.2 = 3456.24 over 736 frames.
LOG (lattice-best-path[5.5.1009~1-e4940]:main():lattice-best-path.cc:99) For utterance 001310204, best cost 34.0261 + 2996.76 = 3030.79 over 625 frames.
LOG (lattice-best-path[5.5.1009~1-e4940]:main():lattice-best-path.cc:99) For utterance 001310205, best cost 29.9358 + 2759.05 = 2788.99 over 600 frames.
LOG (lattice-best-path[5.5.1009~1-e4940]:main():lattice-best-path.cc:124) Overall cost per frame is 4.86737 = 0.0534591 [graph] + 4.81391 [acoustic] over 264227 frames.
LOG (lattice-best-path[5.5.1009~1-e4940]:main():lattice-best-path.cc:128) Done 404 lattices, failed for 0
# Accounting: time=0 threads=1
# Ended (code 0) at Tue Jun 14 09:45:21 UTC 2022, elapsed time 0 seconds
